[2024-03-05T21:12:43.254+0000] {processor.py:161} INFO - Started process (PID=65) to work on /opt/airflow/dags/weather_TL.py
[2024-03-05T21:12:43.260+0000] {processor.py:830} INFO - Processing file /opt/airflow/dags/weather_TL.py for tasks to queue
[2024-03-05T21:12:43.619+0000] {logging_mixin.py:188} INFO - [2024-03-05T21:12:43.326+0000] {dagbag.py:538} INFO - Filling up the DagBag from /opt/airflow/dags/weather_TL.py
[2024-03-05T21:13:15.380+0000] {logging_mixin.py:188} INFO - [2024-03-05T21:13:15.380+0000] {timeout.py:68} ERROR - Process timed out, PID: 65
[2024-03-05T21:13:15.441+0000] {logging_mixin.py:188} INFO - [2024-03-05T21:13:15.433+0000] {dagbag.py:348} ERROR - Failed to import: /opt/airflow/dags/weather_TL.py
Traceback (most recent call last):
  File "/home/airflow/.local/lib/python3.8/site-packages/airflow/models/dagbag.py", line 344, in parse
    loader.exec_module(new_module)
  File "<frozen importlib._bootstrap_external>", line 843, in exec_module
  File "<frozen importlib._bootstrap>", line 219, in _call_with_frames_removed
  File "/opt/airflow/dags/weather_TL.py", line 7, in <module>
    import pandas as pd #working with data sets: include functions for analyzing, cleaning, exploring, and manipulating data
  File "/home/airflow/.local/lib/python3.8/site-packages/pandas/__init__.py", line 22, in <module>
    from pandas.compat import is_numpy_dev as _is_numpy_dev  # pyright: ignore # noqa:F401
  File "/home/airflow/.local/lib/python3.8/site-packages/pandas/compat/__init__.py", line 25, in <module>
    from pandas.compat.numpy import (
  File "/home/airflow/.local/lib/python3.8/site-packages/pandas/compat/numpy/__init__.py", line 4, in <module>
    from pandas.util.version import Version
  File "/home/airflow/.local/lib/python3.8/site-packages/pandas/util/__init__.py", line 2, in <module>
    from pandas.util._decorators import (  # noqa:F401
  File "/home/airflow/.local/lib/python3.8/site-packages/pandas/util/_decorators.py", line 14, in <module>
    from pandas._libs.properties import cache_readonly
  File "/home/airflow/.local/lib/python3.8/site-packages/pandas/_libs/__init__.py", line 13, in <module>
    from pandas._libs.interval import Interval
  File "pandas/_libs/interval.pyx", line 1, in init pandas._libs.interval
  File "pandas/_libs/hashtable.pyx", line 1, in init pandas._libs.hashtable
  File "pandas/_libs/missing.pyx", line 1, in init pandas._libs.missing
  File "/home/airflow/.local/lib/python3.8/site-packages/pandas/_libs/tslibs/__init__.py", line 66, in <module>
    from pandas._libs.tslibs.period import (
  File "<frozen importlib._bootstrap>", line 389, in parent
  File "/home/airflow/.local/lib/python3.8/site-packages/airflow/utils/timeout.py", line 69, in handle_timeout
    raise AirflowTaskTimeout(self.error_message)
airflow.exceptions.AirflowTaskTimeout: DagBag import timeout for /opt/airflow/dags/weather_TL.py after 30.0s.
Please take a look at these docs to improve your DAG import time:
* https://airflow.apache.org/docs/apache-airflow/2.8.1/best-practices.html#top-level-python-code
* https://airflow.apache.org/docs/apache-airflow/2.8.1/best-practices.html#reducing-dag-complexity, PID: 65
[2024-03-05T21:13:15.442+0000] {processor.py:842} WARNING - No viable dags retrieved from /opt/airflow/dags/weather_TL.py
[2024-03-05T21:13:24.728+0000] {processor.py:183} INFO - Processing /opt/airflow/dags/weather_TL.py took 43.952 seconds
[2024-03-05T21:14:10.216+0000] {processor.py:161} INFO - Started process (PID=134) to work on /opt/airflow/dags/weather_TL.py
[2024-03-05T21:14:10.241+0000] {processor.py:830} INFO - Processing file /opt/airflow/dags/weather_TL.py for tasks to queue
[2024-03-05T21:14:10.298+0000] {logging_mixin.py:188} INFO - [2024-03-05T21:14:10.297+0000] {dagbag.py:538} INFO - Filling up the DagBag from /opt/airflow/dags/weather_TL.py
[2024-03-05T21:14:40.676+0000] {logging_mixin.py:188} INFO - [2024-03-05T21:14:40.676+0000] {timeout.py:68} ERROR - Process timed out, PID: 134
[2024-03-05T21:14:40.817+0000] {logging_mixin.py:188} INFO - [2024-03-05T21:14:40.747+0000] {dagbag.py:348} ERROR - Failed to import: /opt/airflow/dags/weather_TL.py
Traceback (most recent call last):
  File "/home/airflow/.local/lib/python3.8/site-packages/airflow/models/dagbag.py", line 344, in parse
    loader.exec_module(new_module)
  File "<frozen importlib._bootstrap_external>", line 843, in exec_module
  File "<frozen importlib._bootstrap>", line 219, in _call_with_frames_removed
  File "/opt/airflow/dags/weather_TL.py", line 15, in <module>
    s3 = boto3.client('s3',
  File "/home/airflow/.local/lib/python3.8/site-packages/boto3/__init__.py", line 92, in client
    return _get_default_session().client(*args, **kwargs)
  File "/home/airflow/.local/lib/python3.8/site-packages/boto3/session.py", line 299, in client
    return self._session.create_client(
  File "/home/airflow/.local/lib/python3.8/site-packages/botocore/session.py", line 997, in create_client
    client = client_creator.create_client(
  File "/home/airflow/.local/lib/python3.8/site-packages/botocore/client.py", line 132, in create_client
    service_model = self._load_service_model(service_name, api_version)
  File "/home/airflow/.local/lib/python3.8/site-packages/botocore/client.py", line 235, in _load_service_model
    json_model = self._loader.load_service_model(
  File "/home/airflow/.local/lib/python3.8/site-packages/botocore/loaders.py", line 142, in _wrapper
    data = func(self, *args, **kwargs)
  File "/home/airflow/.local/lib/python3.8/site-packages/botocore/loaders.py", line 406, in load_service_model
    known_services = self.list_available_services(type_name)
  File "/home/airflow/.local/lib/python3.8/site-packages/botocore/loaders.py", line 142, in _wrapper
    data = func(self, *args, **kwargs)
  File "/home/airflow/.local/lib/python3.8/site-packages/botocore/loaders.py", line 311, in list_available_services
    api_versions = os.listdir(full_dirname)
  File "/home/airflow/.local/lib/python3.8/site-packages/airflow/utils/timeout.py", line 69, in handle_timeout
    raise AirflowTaskTimeout(self.error_message)
airflow.exceptions.AirflowTaskTimeout: DagBag import timeout for /opt/airflow/dags/weather_TL.py after 30.0s.
Please take a look at these docs to improve your DAG import time:
* https://airflow.apache.org/docs/apache-airflow/2.8.1/best-practices.html#top-level-python-code
* https://airflow.apache.org/docs/apache-airflow/2.8.1/best-practices.html#reducing-dag-complexity, PID: 134
[2024-03-05T21:14:40.818+0000] {processor.py:842} WARNING - No viable dags retrieved from /opt/airflow/dags/weather_TL.py
[2024-03-05T21:14:41.303+0000] {processor.py:183} INFO - Processing /opt/airflow/dags/weather_TL.py took 31.301 seconds
[2024-03-05T21:15:11.476+0000] {processor.py:161} INFO - Started process (PID=202) to work on /opt/airflow/dags/weather_TL.py
[2024-03-05T21:15:11.477+0000] {processor.py:830} INFO - Processing file /opt/airflow/dags/weather_TL.py for tasks to queue
[2024-03-05T21:15:11.478+0000] {logging_mixin.py:188} INFO - [2024-03-05T21:15:11.478+0000] {dagbag.py:538} INFO - Filling up the DagBag from /opt/airflow/dags/weather_TL.py
[2024-03-05T21:15:31.314+0000] {processor.py:842} WARNING - No viable dags retrieved from /opt/airflow/dags/weather_TL.py
[2024-03-05T21:15:31.349+0000] {processor.py:183} INFO - Processing /opt/airflow/dags/weather_TL.py took 19.877 seconds
[2024-03-05T21:16:02.205+0000] {processor.py:161} INFO - Started process (PID=263) to work on /opt/airflow/dags/weather_TL.py
[2024-03-05T21:16:02.206+0000] {processor.py:830} INFO - Processing file /opt/airflow/dags/weather_TL.py for tasks to queue
[2024-03-05T21:16:02.207+0000] {logging_mixin.py:188} INFO - [2024-03-05T21:16:02.207+0000] {dagbag.py:538} INFO - Filling up the DagBag from /opt/airflow/dags/weather_TL.py
[2024-03-05T21:16:03.017+0000] {processor.py:842} WARNING - No viable dags retrieved from /opt/airflow/dags/weather_TL.py
[2024-03-05T21:16:03.030+0000] {processor.py:183} INFO - Processing /opt/airflow/dags/weather_TL.py took 0.830 seconds
[2024-03-05T21:16:33.418+0000] {processor.py:161} INFO - Started process (PID=327) to work on /opt/airflow/dags/weather_TL.py
[2024-03-05T21:16:33.419+0000] {processor.py:830} INFO - Processing file /opt/airflow/dags/weather_TL.py for tasks to queue
[2024-03-05T21:16:33.420+0000] {logging_mixin.py:188} INFO - [2024-03-05T21:16:33.420+0000] {dagbag.py:538} INFO - Filling up the DagBag from /opt/airflow/dags/weather_TL.py
[2024-03-05T21:16:34.694+0000] {processor.py:842} WARNING - No viable dags retrieved from /opt/airflow/dags/weather_TL.py
[2024-03-05T21:16:34.710+0000] {processor.py:183} INFO - Processing /opt/airflow/dags/weather_TL.py took 1.296 seconds
[2024-03-05T21:17:04.802+0000] {processor.py:161} INFO - Started process (PID=386) to work on /opt/airflow/dags/weather_TL.py
[2024-03-05T21:17:04.803+0000] {processor.py:830} INFO - Processing file /opt/airflow/dags/weather_TL.py for tasks to queue
[2024-03-05T21:17:04.805+0000] {logging_mixin.py:188} INFO - [2024-03-05T21:17:04.804+0000] {dagbag.py:538} INFO - Filling up the DagBag from /opt/airflow/dags/weather_TL.py
[2024-03-05T21:17:05.327+0000] {processor.py:842} WARNING - No viable dags retrieved from /opt/airflow/dags/weather_TL.py
[2024-03-05T21:17:05.339+0000] {processor.py:183} INFO - Processing /opt/airflow/dags/weather_TL.py took 0.541 seconds
[2024-03-05T21:17:35.416+0000] {processor.py:161} INFO - Started process (PID=446) to work on /opt/airflow/dags/weather_TL.py
[2024-03-05T21:17:35.417+0000] {processor.py:830} INFO - Processing file /opt/airflow/dags/weather_TL.py for tasks to queue
[2024-03-05T21:17:35.418+0000] {logging_mixin.py:188} INFO - [2024-03-05T21:17:35.417+0000] {dagbag.py:538} INFO - Filling up the DagBag from /opt/airflow/dags/weather_TL.py
[2024-03-05T21:17:35.978+0000] {processor.py:842} WARNING - No viable dags retrieved from /opt/airflow/dags/weather_TL.py
[2024-03-05T21:17:35.988+0000] {processor.py:183} INFO - Processing /opt/airflow/dags/weather_TL.py took 0.576 seconds
[2024-03-05T21:18:06.454+0000] {processor.py:161} INFO - Started process (PID=506) to work on /opt/airflow/dags/weather_TL.py
[2024-03-05T21:18:06.455+0000] {processor.py:830} INFO - Processing file /opt/airflow/dags/weather_TL.py for tasks to queue
[2024-03-05T21:18:06.456+0000] {logging_mixin.py:188} INFO - [2024-03-05T21:18:06.455+0000] {dagbag.py:538} INFO - Filling up the DagBag from /opt/airflow/dags/weather_TL.py
[2024-03-05T21:18:06.999+0000] {processor.py:842} WARNING - No viable dags retrieved from /opt/airflow/dags/weather_TL.py
[2024-03-05T21:18:07.009+0000] {processor.py:183} INFO - Processing /opt/airflow/dags/weather_TL.py took 0.558 seconds
[2024-03-05T21:18:37.637+0000] {processor.py:161} INFO - Started process (PID=572) to work on /opt/airflow/dags/weather_TL.py
[2024-03-05T21:18:37.639+0000] {processor.py:830} INFO - Processing file /opt/airflow/dags/weather_TL.py for tasks to queue
[2024-03-05T21:18:37.640+0000] {logging_mixin.py:188} INFO - [2024-03-05T21:18:37.639+0000] {dagbag.py:538} INFO - Filling up the DagBag from /opt/airflow/dags/weather_TL.py
[2024-03-05T21:18:38.164+0000] {processor.py:842} WARNING - No viable dags retrieved from /opt/airflow/dags/weather_TL.py
[2024-03-05T21:18:38.175+0000] {processor.py:183} INFO - Processing /opt/airflow/dags/weather_TL.py took 0.544 seconds
[2024-03-05T21:19:08.331+0000] {processor.py:161} INFO - Started process (PID=632) to work on /opt/airflow/dags/weather_TL.py
[2024-03-05T21:19:08.333+0000] {processor.py:830} INFO - Processing file /opt/airflow/dags/weather_TL.py for tasks to queue
[2024-03-05T21:19:08.335+0000] {logging_mixin.py:188} INFO - [2024-03-05T21:19:08.335+0000] {dagbag.py:538} INFO - Filling up the DagBag from /opt/airflow/dags/weather_TL.py
[2024-03-05T21:19:08.941+0000] {processor.py:842} WARNING - No viable dags retrieved from /opt/airflow/dags/weather_TL.py
[2024-03-05T21:19:08.952+0000] {processor.py:183} INFO - Processing /opt/airflow/dags/weather_TL.py took 0.625 seconds
[2024-03-05T21:19:39.029+0000] {processor.py:161} INFO - Started process (PID=692) to work on /opt/airflow/dags/weather_TL.py
[2024-03-05T21:19:39.031+0000] {processor.py:830} INFO - Processing file /opt/airflow/dags/weather_TL.py for tasks to queue
[2024-03-05T21:19:39.032+0000] {logging_mixin.py:188} INFO - [2024-03-05T21:19:39.032+0000] {dagbag.py:538} INFO - Filling up the DagBag from /opt/airflow/dags/weather_TL.py
[2024-03-05T21:19:39.620+0000] {processor.py:842} WARNING - No viable dags retrieved from /opt/airflow/dags/weather_TL.py
[2024-03-05T21:19:39.632+0000] {processor.py:183} INFO - Processing /opt/airflow/dags/weather_TL.py took 0.607 seconds
[2024-03-05T21:20:09.751+0000] {processor.py:161} INFO - Started process (PID=757) to work on /opt/airflow/dags/weather_TL.py
[2024-03-05T21:20:09.752+0000] {processor.py:830} INFO - Processing file /opt/airflow/dags/weather_TL.py for tasks to queue
[2024-03-05T21:20:09.753+0000] {logging_mixin.py:188} INFO - [2024-03-05T21:20:09.752+0000] {dagbag.py:538} INFO - Filling up the DagBag from /opt/airflow/dags/weather_TL.py
[2024-03-05T21:20:10.236+0000] {processor.py:842} WARNING - No viable dags retrieved from /opt/airflow/dags/weather_TL.py
[2024-03-05T21:20:10.248+0000] {processor.py:183} INFO - Processing /opt/airflow/dags/weather_TL.py took 0.500 seconds
[2024-03-05T21:20:41.095+0000] {processor.py:161} INFO - Started process (PID=817) to work on /opt/airflow/dags/weather_TL.py
[2024-03-05T21:20:41.097+0000] {processor.py:830} INFO - Processing file /opt/airflow/dags/weather_TL.py for tasks to queue
[2024-03-05T21:20:41.098+0000] {logging_mixin.py:188} INFO - [2024-03-05T21:20:41.097+0000] {dagbag.py:538} INFO - Filling up the DagBag from /opt/airflow/dags/weather_TL.py
[2024-03-05T21:20:41.745+0000] {processor.py:842} WARNING - No viable dags retrieved from /opt/airflow/dags/weather_TL.py
[2024-03-05T21:20:41.758+0000] {processor.py:183} INFO - Processing /opt/airflow/dags/weather_TL.py took 0.668 seconds
[2024-03-05T21:21:11.813+0000] {processor.py:161} INFO - Started process (PID=879) to work on /opt/airflow/dags/weather_TL.py
[2024-03-05T21:21:11.814+0000] {processor.py:830} INFO - Processing file /opt/airflow/dags/weather_TL.py for tasks to queue
[2024-03-05T21:21:11.815+0000] {logging_mixin.py:188} INFO - [2024-03-05T21:21:11.815+0000] {dagbag.py:538} INFO - Filling up the DagBag from /opt/airflow/dags/weather_TL.py
[2024-03-05T21:21:12.371+0000] {processor.py:842} WARNING - No viable dags retrieved from /opt/airflow/dags/weather_TL.py
[2024-03-05T21:21:12.381+0000] {processor.py:183} INFO - Processing /opt/airflow/dags/weather_TL.py took 0.571 seconds
[2024-03-05T21:21:42.958+0000] {processor.py:161} INFO - Started process (PID=938) to work on /opt/airflow/dags/weather_TL.py
[2024-03-05T21:21:42.960+0000] {processor.py:830} INFO - Processing file /opt/airflow/dags/weather_TL.py for tasks to queue
[2024-03-05T21:21:42.961+0000] {logging_mixin.py:188} INFO - [2024-03-05T21:21:42.960+0000] {dagbag.py:538} INFO - Filling up the DagBag from /opt/airflow/dags/weather_TL.py
[2024-03-05T21:21:43.519+0000] {processor.py:842} WARNING - No viable dags retrieved from /opt/airflow/dags/weather_TL.py
[2024-03-05T21:21:43.530+0000] {processor.py:183} INFO - Processing /opt/airflow/dags/weather_TL.py took 0.576 seconds
[2024-03-05T21:22:13.971+0000] {processor.py:161} INFO - Started process (PID=999) to work on /opt/airflow/dags/weather_TL.py
[2024-03-05T21:22:14.016+0000] {processor.py:830} INFO - Processing file /opt/airflow/dags/weather_TL.py for tasks to queue
[2024-03-05T21:22:14.017+0000] {logging_mixin.py:188} INFO - [2024-03-05T21:22:14.017+0000] {dagbag.py:538} INFO - Filling up the DagBag from /opt/airflow/dags/weather_TL.py
[2024-03-05T21:22:14.593+0000] {processor.py:842} WARNING - No viable dags retrieved from /opt/airflow/dags/weather_TL.py
[2024-03-05T21:22:14.603+0000] {processor.py:183} INFO - Processing /opt/airflow/dags/weather_TL.py took 0.638 seconds
[2024-03-05T21:22:45.492+0000] {processor.py:161} INFO - Started process (PID=1062) to work on /opt/airflow/dags/weather_TL.py
[2024-03-05T21:22:45.493+0000] {processor.py:830} INFO - Processing file /opt/airflow/dags/weather_TL.py for tasks to queue
[2024-03-05T21:22:45.494+0000] {logging_mixin.py:188} INFO - [2024-03-05T21:22:45.494+0000] {dagbag.py:538} INFO - Filling up the DagBag from /opt/airflow/dags/weather_TL.py
[2024-03-05T21:22:46.022+0000] {processor.py:842} WARNING - No viable dags retrieved from /opt/airflow/dags/weather_TL.py
[2024-03-05T21:22:46.033+0000] {processor.py:183} INFO - Processing /opt/airflow/dags/weather_TL.py took 0.545 seconds
[2024-03-05T21:23:16.189+0000] {processor.py:161} INFO - Started process (PID=1127) to work on /opt/airflow/dags/weather_TL.py
[2024-03-05T21:23:16.191+0000] {processor.py:830} INFO - Processing file /opt/airflow/dags/weather_TL.py for tasks to queue
[2024-03-05T21:23:16.192+0000] {logging_mixin.py:188} INFO - [2024-03-05T21:23:16.192+0000] {dagbag.py:538} INFO - Filling up the DagBag from /opt/airflow/dags/weather_TL.py
[2024-03-05T21:23:16.717+0000] {processor.py:842} WARNING - No viable dags retrieved from /opt/airflow/dags/weather_TL.py
[2024-03-05T21:23:16.727+0000] {processor.py:183} INFO - Processing /opt/airflow/dags/weather_TL.py took 0.542 seconds
[2024-03-05T21:23:46.845+0000] {processor.py:161} INFO - Started process (PID=1191) to work on /opt/airflow/dags/weather_TL.py
[2024-03-05T21:23:46.846+0000] {processor.py:830} INFO - Processing file /opt/airflow/dags/weather_TL.py for tasks to queue
[2024-03-05T21:23:46.847+0000] {logging_mixin.py:188} INFO - [2024-03-05T21:23:46.847+0000] {dagbag.py:538} INFO - Filling up the DagBag from /opt/airflow/dags/weather_TL.py
[2024-03-05T21:23:47.321+0000] {processor.py:842} WARNING - No viable dags retrieved from /opt/airflow/dags/weather_TL.py
[2024-03-05T21:23:47.334+0000] {processor.py:183} INFO - Processing /opt/airflow/dags/weather_TL.py took 0.492 seconds
[2024-03-05T21:24:17.962+0000] {processor.py:161} INFO - Started process (PID=1251) to work on /opt/airflow/dags/weather_TL.py
[2024-03-05T21:24:17.963+0000] {processor.py:830} INFO - Processing file /opt/airflow/dags/weather_TL.py for tasks to queue
[2024-03-05T21:24:17.964+0000] {logging_mixin.py:188} INFO - [2024-03-05T21:24:17.963+0000] {dagbag.py:538} INFO - Filling up the DagBag from /opt/airflow/dags/weather_TL.py
[2024-03-05T21:24:18.434+0000] {processor.py:842} WARNING - No viable dags retrieved from /opt/airflow/dags/weather_TL.py
[2024-03-05T21:24:18.448+0000] {processor.py:183} INFO - Processing /opt/airflow/dags/weather_TL.py took 0.490 seconds
[2024-03-05T21:24:49.188+0000] {processor.py:161} INFO - Started process (PID=1311) to work on /opt/airflow/dags/weather_TL.py
[2024-03-05T21:24:49.190+0000] {processor.py:830} INFO - Processing file /opt/airflow/dags/weather_TL.py for tasks to queue
[2024-03-05T21:24:49.191+0000] {logging_mixin.py:188} INFO - [2024-03-05T21:24:49.191+0000] {dagbag.py:538} INFO - Filling up the DagBag from /opt/airflow/dags/weather_TL.py
[2024-03-05T21:24:49.701+0000] {processor.py:842} WARNING - No viable dags retrieved from /opt/airflow/dags/weather_TL.py
[2024-03-05T21:24:49.711+0000] {processor.py:183} INFO - Processing /opt/airflow/dags/weather_TL.py took 0.528 seconds
[2024-03-05T21:25:19.801+0000] {processor.py:161} INFO - Started process (PID=1375) to work on /opt/airflow/dags/weather_TL.py
[2024-03-05T21:25:19.803+0000] {processor.py:830} INFO - Processing file /opt/airflow/dags/weather_TL.py for tasks to queue
[2024-03-05T21:25:19.804+0000] {logging_mixin.py:188} INFO - [2024-03-05T21:25:19.803+0000] {dagbag.py:538} INFO - Filling up the DagBag from /opt/airflow/dags/weather_TL.py
[2024-03-05T21:25:20.352+0000] {processor.py:842} WARNING - No viable dags retrieved from /opt/airflow/dags/weather_TL.py
[2024-03-05T21:25:20.362+0000] {processor.py:183} INFO - Processing /opt/airflow/dags/weather_TL.py took 0.564 seconds
[2024-03-05T21:25:50.771+0000] {processor.py:161} INFO - Started process (PID=1438) to work on /opt/airflow/dags/weather_TL.py
[2024-03-05T21:25:50.772+0000] {processor.py:830} INFO - Processing file /opt/airflow/dags/weather_TL.py for tasks to queue
[2024-03-05T21:25:50.773+0000] {logging_mixin.py:188} INFO - [2024-03-05T21:25:50.772+0000] {dagbag.py:538} INFO - Filling up the DagBag from /opt/airflow/dags/weather_TL.py
[2024-03-05T21:25:51.308+0000] {processor.py:842} WARNING - No viable dags retrieved from /opt/airflow/dags/weather_TL.py
[2024-03-05T21:25:51.318+0000] {processor.py:183} INFO - Processing /opt/airflow/dags/weather_TL.py took 0.553 seconds
[2024-03-05T21:26:22.058+0000] {processor.py:161} INFO - Started process (PID=1500) to work on /opt/airflow/dags/weather_TL.py
[2024-03-05T21:26:22.059+0000] {processor.py:830} INFO - Processing file /opt/airflow/dags/weather_TL.py for tasks to queue
[2024-03-05T21:26:22.060+0000] {logging_mixin.py:188} INFO - [2024-03-05T21:26:22.060+0000] {dagbag.py:538} INFO - Filling up the DagBag from /opt/airflow/dags/weather_TL.py
[2024-03-05T21:26:22.584+0000] {processor.py:842} WARNING - No viable dags retrieved from /opt/airflow/dags/weather_TL.py
[2024-03-05T21:26:22.595+0000] {processor.py:183} INFO - Processing /opt/airflow/dags/weather_TL.py took 0.541 seconds
[2024-03-05T21:26:52.687+0000] {processor.py:161} INFO - Started process (PID=1564) to work on /opt/airflow/dags/weather_TL.py
[2024-03-05T21:26:52.688+0000] {processor.py:830} INFO - Processing file /opt/airflow/dags/weather_TL.py for tasks to queue
[2024-03-05T21:26:52.689+0000] {logging_mixin.py:188} INFO - [2024-03-05T21:26:52.689+0000] {dagbag.py:538} INFO - Filling up the DagBag from /opt/airflow/dags/weather_TL.py
[2024-03-05T21:26:53.195+0000] {processor.py:842} WARNING - No viable dags retrieved from /opt/airflow/dags/weather_TL.py
[2024-03-05T21:26:53.206+0000] {processor.py:183} INFO - Processing /opt/airflow/dags/weather_TL.py took 0.523 seconds
[2024-03-05T21:27:23.337+0000] {processor.py:161} INFO - Started process (PID=1629) to work on /opt/airflow/dags/weather_TL.py
[2024-03-05T21:27:23.338+0000] {processor.py:830} INFO - Processing file /opt/airflow/dags/weather_TL.py for tasks to queue
[2024-03-05T21:27:23.340+0000] {logging_mixin.py:188} INFO - [2024-03-05T21:27:23.340+0000] {dagbag.py:538} INFO - Filling up the DagBag from /opt/airflow/dags/weather_TL.py
[2024-03-05T21:27:23.985+0000] {processor.py:842} WARNING - No viable dags retrieved from /opt/airflow/dags/weather_TL.py
[2024-03-05T21:27:23.995+0000] {processor.py:183} INFO - Processing /opt/airflow/dags/weather_TL.py took 0.662 seconds
[2024-03-05T21:27:54.621+0000] {processor.py:161} INFO - Started process (PID=1692) to work on /opt/airflow/dags/weather_TL.py
[2024-03-05T21:27:54.623+0000] {processor.py:830} INFO - Processing file /opt/airflow/dags/weather_TL.py for tasks to queue
[2024-03-05T21:27:54.624+0000] {logging_mixin.py:188} INFO - [2024-03-05T21:27:54.624+0000] {dagbag.py:538} INFO - Filling up the DagBag from /opt/airflow/dags/weather_TL.py
[2024-03-05T21:27:55.239+0000] {processor.py:842} WARNING - No viable dags retrieved from /opt/airflow/dags/weather_TL.py
[2024-03-05T21:27:55.250+0000] {processor.py:183} INFO - Processing /opt/airflow/dags/weather_TL.py took 0.632 seconds
[2024-03-05T21:28:25.956+0000] {processor.py:161} INFO - Started process (PID=1756) to work on /opt/airflow/dags/weather_TL.py
[2024-03-05T21:28:25.957+0000] {processor.py:830} INFO - Processing file /opt/airflow/dags/weather_TL.py for tasks to queue
[2024-03-05T21:28:25.959+0000] {logging_mixin.py:188} INFO - [2024-03-05T21:28:25.959+0000] {dagbag.py:538} INFO - Filling up the DagBag from /opt/airflow/dags/weather_TL.py
[2024-03-05T21:28:26.440+0000] {processor.py:842} WARNING - No viable dags retrieved from /opt/airflow/dags/weather_TL.py
[2024-03-05T21:28:26.451+0000] {processor.py:183} INFO - Processing /opt/airflow/dags/weather_TL.py took 0.498 seconds
[2024-03-05T21:28:56.617+0000] {processor.py:161} INFO - Started process (PID=1816) to work on /opt/airflow/dags/weather_TL.py
[2024-03-05T21:28:56.618+0000] {processor.py:830} INFO - Processing file /opt/airflow/dags/weather_TL.py for tasks to queue
[2024-03-05T21:28:56.619+0000] {logging_mixin.py:188} INFO - [2024-03-05T21:28:56.619+0000] {dagbag.py:538} INFO - Filling up the DagBag from /opt/airflow/dags/weather_TL.py
[2024-03-05T21:28:57.122+0000] {processor.py:842} WARNING - No viable dags retrieved from /opt/airflow/dags/weather_TL.py
[2024-03-05T21:28:57.133+0000] {processor.py:183} INFO - Processing /opt/airflow/dags/weather_TL.py took 0.519 seconds
[2024-03-05T21:29:27.564+0000] {processor.py:161} INFO - Started process (PID=1876) to work on /opt/airflow/dags/weather_TL.py
[2024-03-05T21:29:27.565+0000] {processor.py:830} INFO - Processing file /opt/airflow/dags/weather_TL.py for tasks to queue
[2024-03-05T21:29:27.567+0000] {logging_mixin.py:188} INFO - [2024-03-05T21:29:27.566+0000] {dagbag.py:538} INFO - Filling up the DagBag from /opt/airflow/dags/weather_TL.py
[2024-03-05T21:29:28.174+0000] {processor.py:842} WARNING - No viable dags retrieved from /opt/airflow/dags/weather_TL.py
[2024-03-05T21:29:28.184+0000] {processor.py:183} INFO - Processing /opt/airflow/dags/weather_TL.py took 0.625 seconds
[2024-03-05T21:29:58.258+0000] {processor.py:161} INFO - Started process (PID=1932) to work on /opt/airflow/dags/weather_TL.py
[2024-03-05T21:29:58.259+0000] {processor.py:830} INFO - Processing file /opt/airflow/dags/weather_TL.py for tasks to queue
[2024-03-05T21:29:58.260+0000] {logging_mixin.py:188} INFO - [2024-03-05T21:29:58.260+0000] {dagbag.py:538} INFO - Filling up the DagBag from /opt/airflow/dags/weather_TL.py
[2024-03-05T21:29:58.819+0000] {processor.py:842} WARNING - No viable dags retrieved from /opt/airflow/dags/weather_TL.py
[2024-03-05T21:29:58.830+0000] {processor.py:183} INFO - Processing /opt/airflow/dags/weather_TL.py took 0.576 seconds
[2024-03-05T21:30:29.388+0000] {processor.py:161} INFO - Started process (PID=1992) to work on /opt/airflow/dags/weather_TL.py
[2024-03-05T21:30:29.389+0000] {processor.py:830} INFO - Processing file /opt/airflow/dags/weather_TL.py for tasks to queue
[2024-03-05T21:30:29.391+0000] {logging_mixin.py:188} INFO - [2024-03-05T21:30:29.390+0000] {dagbag.py:538} INFO - Filling up the DagBag from /opt/airflow/dags/weather_TL.py
[2024-03-05T21:30:29.779+0000] {processor.py:842} WARNING - No viable dags retrieved from /opt/airflow/dags/weather_TL.py
[2024-03-05T21:30:29.795+0000] {processor.py:183} INFO - Processing /opt/airflow/dags/weather_TL.py took 0.411 seconds
[2024-03-05T21:31:00.774+0000] {processor.py:161} INFO - Started process (PID=2056) to work on /opt/airflow/dags/weather_TL.py
[2024-03-05T21:31:00.775+0000] {processor.py:830} INFO - Processing file /opt/airflow/dags/weather_TL.py for tasks to queue
[2024-03-05T21:31:00.776+0000] {logging_mixin.py:188} INFO - [2024-03-05T21:31:00.776+0000] {dagbag.py:538} INFO - Filling up the DagBag from /opt/airflow/dags/weather_TL.py
[2024-03-05T21:31:01.126+0000] {processor.py:842} WARNING - No viable dags retrieved from /opt/airflow/dags/weather_TL.py
[2024-03-05T21:31:01.139+0000] {processor.py:183} INFO - Processing /opt/airflow/dags/weather_TL.py took 0.367 seconds
[2024-03-05T21:31:32.166+0000] {processor.py:161} INFO - Started process (PID=2116) to work on /opt/airflow/dags/weather_TL.py
[2024-03-05T21:31:32.167+0000] {processor.py:830} INFO - Processing file /opt/airflow/dags/weather_TL.py for tasks to queue
[2024-03-05T21:31:32.168+0000] {logging_mixin.py:188} INFO - [2024-03-05T21:31:32.168+0000] {dagbag.py:538} INFO - Filling up the DagBag from /opt/airflow/dags/weather_TL.py
[2024-03-05T21:31:32.535+0000] {processor.py:842} WARNING - No viable dags retrieved from /opt/airflow/dags/weather_TL.py
[2024-03-05T21:31:32.547+0000] {processor.py:183} INFO - Processing /opt/airflow/dags/weather_TL.py took 0.384 seconds
[2024-03-05T21:32:02.589+0000] {processor.py:161} INFO - Started process (PID=2176) to work on /opt/airflow/dags/weather_TL.py
[2024-03-05T21:32:02.590+0000] {processor.py:830} INFO - Processing file /opt/airflow/dags/weather_TL.py for tasks to queue
[2024-03-05T21:32:02.591+0000] {logging_mixin.py:188} INFO - [2024-03-05T21:32:02.591+0000] {dagbag.py:538} INFO - Filling up the DagBag from /opt/airflow/dags/weather_TL.py
[2024-03-05T21:32:02.948+0000] {processor.py:842} WARNING - No viable dags retrieved from /opt/airflow/dags/weather_TL.py
[2024-03-05T21:32:02.961+0000] {processor.py:183} INFO - Processing /opt/airflow/dags/weather_TL.py took 0.375 seconds
[2024-03-05T21:32:33.781+0000] {processor.py:161} INFO - Started process (PID=2236) to work on /opt/airflow/dags/weather_TL.py
[2024-03-05T21:32:33.782+0000] {processor.py:830} INFO - Processing file /opt/airflow/dags/weather_TL.py for tasks to queue
[2024-03-05T21:32:33.784+0000] {logging_mixin.py:188} INFO - [2024-03-05T21:32:33.784+0000] {dagbag.py:538} INFO - Filling up the DagBag from /opt/airflow/dags/weather_TL.py
[2024-03-05T21:32:34.150+0000] {processor.py:842} WARNING - No viable dags retrieved from /opt/airflow/dags/weather_TL.py
[2024-03-05T21:32:34.163+0000] {processor.py:183} INFO - Processing /opt/airflow/dags/weather_TL.py took 0.386 seconds
[2024-03-05T21:33:04.620+0000] {processor.py:161} INFO - Started process (PID=2296) to work on /opt/airflow/dags/weather_TL.py
[2024-03-05T21:33:04.621+0000] {processor.py:830} INFO - Processing file /opt/airflow/dags/weather_TL.py for tasks to queue
[2024-03-05T21:33:04.622+0000] {logging_mixin.py:188} INFO - [2024-03-05T21:33:04.622+0000] {dagbag.py:538} INFO - Filling up the DagBag from /opt/airflow/dags/weather_TL.py
[2024-03-05T21:33:04.999+0000] {processor.py:842} WARNING - No viable dags retrieved from /opt/airflow/dags/weather_TL.py
[2024-03-05T21:33:05.014+0000] {processor.py:183} INFO - Processing /opt/airflow/dags/weather_TL.py took 0.398 seconds
[2024-03-05T21:33:35.323+0000] {processor.py:161} INFO - Started process (PID=2356) to work on /opt/airflow/dags/weather_TL.py
[2024-03-05T21:33:35.324+0000] {processor.py:830} INFO - Processing file /opt/airflow/dags/weather_TL.py for tasks to queue
[2024-03-05T21:33:35.326+0000] {logging_mixin.py:188} INFO - [2024-03-05T21:33:35.325+0000] {dagbag.py:538} INFO - Filling up the DagBag from /opt/airflow/dags/weather_TL.py
[2024-03-05T21:33:35.838+0000] {processor.py:842} WARNING - No viable dags retrieved from /opt/airflow/dags/weather_TL.py
[2024-03-05T21:33:35.851+0000] {processor.py:183} INFO - Processing /opt/airflow/dags/weather_TL.py took 0.532 seconds
[2024-03-05T21:34:05.900+0000] {processor.py:161} INFO - Started process (PID=2417) to work on /opt/airflow/dags/weather_TL.py
[2024-03-05T21:34:05.901+0000] {processor.py:830} INFO - Processing file /opt/airflow/dags/weather_TL.py for tasks to queue
[2024-03-05T21:34:05.902+0000] {logging_mixin.py:188} INFO - [2024-03-05T21:34:05.902+0000] {dagbag.py:538} INFO - Filling up the DagBag from /opt/airflow/dags/weather_TL.py
[2024-03-05T21:34:06.259+0000] {processor.py:842} WARNING - No viable dags retrieved from /opt/airflow/dags/weather_TL.py
[2024-03-05T21:34:06.272+0000] {processor.py:183} INFO - Processing /opt/airflow/dags/weather_TL.py took 0.375 seconds
[2024-03-05T21:34:36.477+0000] {processor.py:161} INFO - Started process (PID=2476) to work on /opt/airflow/dags/weather_TL.py
[2024-03-05T21:34:36.478+0000] {processor.py:830} INFO - Processing file /opt/airflow/dags/weather_TL.py for tasks to queue
[2024-03-05T21:34:36.479+0000] {logging_mixin.py:188} INFO - [2024-03-05T21:34:36.479+0000] {dagbag.py:538} INFO - Filling up the DagBag from /opt/airflow/dags/weather_TL.py
[2024-03-05T21:34:36.849+0000] {processor.py:842} WARNING - No viable dags retrieved from /opt/airflow/dags/weather_TL.py
[2024-03-05T21:34:36.861+0000] {processor.py:183} INFO - Processing /opt/airflow/dags/weather_TL.py took 0.389 seconds
[2024-03-05T21:35:06.932+0000] {processor.py:161} INFO - Started process (PID=2536) to work on /opt/airflow/dags/weather_TL.py
[2024-03-05T21:35:06.934+0000] {processor.py:830} INFO - Processing file /opt/airflow/dags/weather_TL.py for tasks to queue
[2024-03-05T21:35:06.935+0000] {logging_mixin.py:188} INFO - [2024-03-05T21:35:06.935+0000] {dagbag.py:538} INFO - Filling up the DagBag from /opt/airflow/dags/weather_TL.py
[2024-03-05T21:35:07.303+0000] {processor.py:842} WARNING - No viable dags retrieved from /opt/airflow/dags/weather_TL.py
[2024-03-05T21:35:07.316+0000] {processor.py:183} INFO - Processing /opt/airflow/dags/weather_TL.py took 0.388 seconds
[2024-03-05T21:35:37.472+0000] {processor.py:161} INFO - Started process (PID=2596) to work on /opt/airflow/dags/weather_TL.py
[2024-03-05T21:35:37.473+0000] {processor.py:830} INFO - Processing file /opt/airflow/dags/weather_TL.py for tasks to queue
[2024-03-05T21:35:37.475+0000] {logging_mixin.py:188} INFO - [2024-03-05T21:35:37.474+0000] {dagbag.py:538} INFO - Filling up the DagBag from /opt/airflow/dags/weather_TL.py
[2024-03-05T21:35:37.969+0000] {processor.py:842} WARNING - No viable dags retrieved from /opt/airflow/dags/weather_TL.py
[2024-03-05T21:35:37.982+0000] {processor.py:183} INFO - Processing /opt/airflow/dags/weather_TL.py took 0.515 seconds
[2024-03-05T21:36:08.638+0000] {processor.py:161} INFO - Started process (PID=2656) to work on /opt/airflow/dags/weather_TL.py
[2024-03-05T21:36:08.639+0000] {processor.py:830} INFO - Processing file /opt/airflow/dags/weather_TL.py for tasks to queue
[2024-03-05T21:36:08.640+0000] {logging_mixin.py:188} INFO - [2024-03-05T21:36:08.640+0000] {dagbag.py:538} INFO - Filling up the DagBag from /opt/airflow/dags/weather_TL.py
[2024-03-05T21:36:09.016+0000] {processor.py:842} WARNING - No viable dags retrieved from /opt/airflow/dags/weather_TL.py
[2024-03-05T21:36:09.030+0000] {processor.py:183} INFO - Processing /opt/airflow/dags/weather_TL.py took 0.396 seconds
[2024-03-05T21:36:39.140+0000] {processor.py:161} INFO - Started process (PID=2723) to work on /opt/airflow/dags/weather_TL.py
[2024-03-05T21:36:39.141+0000] {processor.py:830} INFO - Processing file /opt/airflow/dags/weather_TL.py for tasks to queue
[2024-03-05T21:36:39.142+0000] {logging_mixin.py:188} INFO - [2024-03-05T21:36:39.142+0000] {dagbag.py:538} INFO - Filling up the DagBag from /opt/airflow/dags/weather_TL.py
[2024-03-05T21:36:39.504+0000] {processor.py:842} WARNING - No viable dags retrieved from /opt/airflow/dags/weather_TL.py
[2024-03-05T21:36:39.517+0000] {processor.py:183} INFO - Processing /opt/airflow/dags/weather_TL.py took 0.380 seconds
[2024-03-05T21:37:10.510+0000] {processor.py:161} INFO - Started process (PID=2783) to work on /opt/airflow/dags/weather_TL.py
[2024-03-05T21:37:10.511+0000] {processor.py:830} INFO - Processing file /opt/airflow/dags/weather_TL.py for tasks to queue
[2024-03-05T21:37:10.512+0000] {logging_mixin.py:188} INFO - [2024-03-05T21:37:10.512+0000] {dagbag.py:538} INFO - Filling up the DagBag from /opt/airflow/dags/weather_TL.py
[2024-03-05T21:37:11.003+0000] {processor.py:842} WARNING - No viable dags retrieved from /opt/airflow/dags/weather_TL.py
[2024-03-05T21:37:11.015+0000] {processor.py:183} INFO - Processing /opt/airflow/dags/weather_TL.py took 0.508 seconds
[2024-03-05T21:37:41.657+0000] {processor.py:161} INFO - Started process (PID=2843) to work on /opt/airflow/dags/weather_TL.py
[2024-03-05T21:37:41.658+0000] {processor.py:830} INFO - Processing file /opt/airflow/dags/weather_TL.py for tasks to queue
[2024-03-05T21:37:41.659+0000] {logging_mixin.py:188} INFO - [2024-03-05T21:37:41.658+0000] {dagbag.py:538} INFO - Filling up the DagBag from /opt/airflow/dags/weather_TL.py
[2024-03-05T21:37:42.142+0000] {processor.py:842} WARNING - No viable dags retrieved from /opt/airflow/dags/weather_TL.py
[2024-03-05T21:37:42.155+0000] {processor.py:183} INFO - Processing /opt/airflow/dags/weather_TL.py took 0.502 seconds
[2024-03-05T21:38:12.983+0000] {processor.py:161} INFO - Started process (PID=2903) to work on /opt/airflow/dags/weather_TL.py
[2024-03-05T21:38:12.984+0000] {processor.py:830} INFO - Processing file /opt/airflow/dags/weather_TL.py for tasks to queue
[2024-03-05T21:38:12.985+0000] {logging_mixin.py:188} INFO - [2024-03-05T21:38:12.985+0000] {dagbag.py:538} INFO - Filling up the DagBag from /opt/airflow/dags/weather_TL.py
[2024-03-05T21:38:13.466+0000] {processor.py:842} WARNING - No viable dags retrieved from /opt/airflow/dags/weather_TL.py
[2024-03-05T21:38:13.478+0000] {processor.py:183} INFO - Processing /opt/airflow/dags/weather_TL.py took 0.498 seconds
[2024-03-05T21:38:43.547+0000] {processor.py:161} INFO - Started process (PID=2963) to work on /opt/airflow/dags/weather_TL.py
[2024-03-05T21:38:43.548+0000] {processor.py:830} INFO - Processing file /opt/airflow/dags/weather_TL.py for tasks to queue
[2024-03-05T21:38:43.549+0000] {logging_mixin.py:188} INFO - [2024-03-05T21:38:43.549+0000] {dagbag.py:538} INFO - Filling up the DagBag from /opt/airflow/dags/weather_TL.py
[2024-03-05T21:38:44.040+0000] {processor.py:842} WARNING - No viable dags retrieved from /opt/airflow/dags/weather_TL.py
[2024-03-05T21:38:44.052+0000] {processor.py:183} INFO - Processing /opt/airflow/dags/weather_TL.py took 0.509 seconds
[2024-03-05T21:39:14.883+0000] {processor.py:161} INFO - Started process (PID=3023) to work on /opt/airflow/dags/weather_TL.py
[2024-03-05T21:39:14.884+0000] {processor.py:830} INFO - Processing file /opt/airflow/dags/weather_TL.py for tasks to queue
[2024-03-05T21:39:14.885+0000] {logging_mixin.py:188} INFO - [2024-03-05T21:39:14.884+0000] {dagbag.py:538} INFO - Filling up the DagBag from /opt/airflow/dags/weather_TL.py
[2024-03-05T21:39:15.370+0000] {processor.py:842} WARNING - No viable dags retrieved from /opt/airflow/dags/weather_TL.py
[2024-03-05T21:39:15.381+0000] {processor.py:183} INFO - Processing /opt/airflow/dags/weather_TL.py took 0.502 seconds
[2024-03-05T21:39:45.695+0000] {processor.py:161} INFO - Started process (PID=3083) to work on /opt/airflow/dags/weather_TL.py
[2024-03-05T21:39:45.696+0000] {processor.py:830} INFO - Processing file /opt/airflow/dags/weather_TL.py for tasks to queue
[2024-03-05T21:39:45.697+0000] {logging_mixin.py:188} INFO - [2024-03-05T21:39:45.697+0000] {dagbag.py:538} INFO - Filling up the DagBag from /opt/airflow/dags/weather_TL.py
[2024-03-05T21:39:46.176+0000] {processor.py:842} WARNING - No viable dags retrieved from /opt/airflow/dags/weather_TL.py
[2024-03-05T21:39:46.187+0000] {processor.py:183} INFO - Processing /opt/airflow/dags/weather_TL.py took 0.496 seconds
[2024-03-05T21:40:16.509+0000] {processor.py:161} INFO - Started process (PID=3143) to work on /opt/airflow/dags/weather_TL.py
[2024-03-05T21:40:16.510+0000] {processor.py:830} INFO - Processing file /opt/airflow/dags/weather_TL.py for tasks to queue
[2024-03-05T21:40:16.511+0000] {logging_mixin.py:188} INFO - [2024-03-05T21:40:16.510+0000] {dagbag.py:538} INFO - Filling up the DagBag from /opt/airflow/dags/weather_TL.py
[2024-03-05T21:40:17.233+0000] {processor.py:842} WARNING - No viable dags retrieved from /opt/airflow/dags/weather_TL.py
[2024-03-05T21:40:17.245+0000] {processor.py:183} INFO - Processing /opt/airflow/dags/weather_TL.py took 0.739 seconds
[2024-03-05T21:40:47.819+0000] {processor.py:161} INFO - Started process (PID=3203) to work on /opt/airflow/dags/weather_TL.py
[2024-03-05T21:40:47.820+0000] {processor.py:830} INFO - Processing file /opt/airflow/dags/weather_TL.py for tasks to queue
[2024-03-05T21:40:47.821+0000] {logging_mixin.py:188} INFO - [2024-03-05T21:40:47.821+0000] {dagbag.py:538} INFO - Filling up the DagBag from /opt/airflow/dags/weather_TL.py
[2024-03-05T21:40:48.367+0000] {processor.py:842} WARNING - No viable dags retrieved from /opt/airflow/dags/weather_TL.py
[2024-03-05T21:40:48.379+0000] {processor.py:183} INFO - Processing /opt/airflow/dags/weather_TL.py took 0.563 seconds
[2024-03-05T21:41:19.180+0000] {processor.py:161} INFO - Started process (PID=3263) to work on /opt/airflow/dags/weather_TL.py
[2024-03-05T21:41:19.182+0000] {processor.py:830} INFO - Processing file /opt/airflow/dags/weather_TL.py for tasks to queue
[2024-03-05T21:41:19.183+0000] {logging_mixin.py:188} INFO - [2024-03-05T21:41:19.182+0000] {dagbag.py:538} INFO - Filling up the DagBag from /opt/airflow/dags/weather_TL.py
[2024-03-05T21:41:19.679+0000] {processor.py:842} WARNING - No viable dags retrieved from /opt/airflow/dags/weather_TL.py
[2024-03-05T21:41:19.691+0000] {processor.py:183} INFO - Processing /opt/airflow/dags/weather_TL.py took 0.514 seconds
[2024-03-05T21:41:49.839+0000] {processor.py:161} INFO - Started process (PID=3323) to work on /opt/airflow/dags/weather_TL.py
[2024-03-05T21:41:49.840+0000] {processor.py:830} INFO - Processing file /opt/airflow/dags/weather_TL.py for tasks to queue
[2024-03-05T21:41:49.841+0000] {logging_mixin.py:188} INFO - [2024-03-05T21:41:49.840+0000] {dagbag.py:538} INFO - Filling up the DagBag from /opt/airflow/dags/weather_TL.py
[2024-03-05T21:41:50.321+0000] {processor.py:842} WARNING - No viable dags retrieved from /opt/airflow/dags/weather_TL.py
[2024-03-05T21:41:50.333+0000] {processor.py:183} INFO - Processing /opt/airflow/dags/weather_TL.py took 0.497 seconds
[2024-03-05T21:42:20.456+0000] {processor.py:161} INFO - Started process (PID=3383) to work on /opt/airflow/dags/weather_TL.py
[2024-03-05T21:42:20.458+0000] {processor.py:830} INFO - Processing file /opt/airflow/dags/weather_TL.py for tasks to queue
[2024-03-05T21:42:20.459+0000] {logging_mixin.py:188} INFO - [2024-03-05T21:42:20.458+0000] {dagbag.py:538} INFO - Filling up the DagBag from /opt/airflow/dags/weather_TL.py
[2024-03-05T21:42:20.944+0000] {processor.py:842} WARNING - No viable dags retrieved from /opt/airflow/dags/weather_TL.py
[2024-03-05T21:42:20.956+0000] {processor.py:183} INFO - Processing /opt/airflow/dags/weather_TL.py took 0.503 seconds
[2024-03-05T21:42:51.083+0000] {processor.py:161} INFO - Started process (PID=3443) to work on /opt/airflow/dags/weather_TL.py
[2024-03-05T21:42:51.085+0000] {processor.py:830} INFO - Processing file /opt/airflow/dags/weather_TL.py for tasks to queue
[2024-03-05T21:42:51.086+0000] {logging_mixin.py:188} INFO - [2024-03-05T21:42:51.085+0000] {dagbag.py:538} INFO - Filling up the DagBag from /opt/airflow/dags/weather_TL.py
[2024-03-05T21:42:51.613+0000] {processor.py:842} WARNING - No viable dags retrieved from /opt/airflow/dags/weather_TL.py
[2024-03-05T21:42:51.624+0000] {processor.py:183} INFO - Processing /opt/airflow/dags/weather_TL.py took 0.544 seconds
[2024-03-05T21:43:22.333+0000] {processor.py:161} INFO - Started process (PID=3503) to work on /opt/airflow/dags/weather_TL.py
[2024-03-05T21:43:22.334+0000] {processor.py:830} INFO - Processing file /opt/airflow/dags/weather_TL.py for tasks to queue
[2024-03-05T21:43:22.336+0000] {logging_mixin.py:188} INFO - [2024-03-05T21:43:22.335+0000] {dagbag.py:538} INFO - Filling up the DagBag from /opt/airflow/dags/weather_TL.py
[2024-03-05T21:43:22.827+0000] {processor.py:842} WARNING - No viable dags retrieved from /opt/airflow/dags/weather_TL.py
[2024-03-05T21:43:22.838+0000] {processor.py:183} INFO - Processing /opt/airflow/dags/weather_TL.py took 0.509 seconds
[2024-03-05T21:43:53.694+0000] {processor.py:161} INFO - Started process (PID=3563) to work on /opt/airflow/dags/weather_TL.py
[2024-03-05T21:43:53.695+0000] {processor.py:830} INFO - Processing file /opt/airflow/dags/weather_TL.py for tasks to queue
[2024-03-05T21:43:53.696+0000] {logging_mixin.py:188} INFO - [2024-03-05T21:43:53.696+0000] {dagbag.py:538} INFO - Filling up the DagBag from /opt/airflow/dags/weather_TL.py
[2024-03-05T21:43:54.179+0000] {processor.py:842} WARNING - No viable dags retrieved from /opt/airflow/dags/weather_TL.py
[2024-03-05T21:43:54.189+0000] {processor.py:183} INFO - Processing /opt/airflow/dags/weather_TL.py took 0.499 seconds
[2024-03-05T21:44:24.400+0000] {processor.py:161} INFO - Started process (PID=3624) to work on /opt/airflow/dags/weather_TL.py
[2024-03-05T21:44:24.401+0000] {processor.py:830} INFO - Processing file /opt/airflow/dags/weather_TL.py for tasks to queue
[2024-03-05T21:44:24.403+0000] {logging_mixin.py:188} INFO - [2024-03-05T21:44:24.402+0000] {dagbag.py:538} INFO - Filling up the DagBag from /opt/airflow/dags/weather_TL.py
[2024-03-05T21:44:24.894+0000] {processor.py:842} WARNING - No viable dags retrieved from /opt/airflow/dags/weather_TL.py
[2024-03-05T21:44:24.905+0000] {processor.py:183} INFO - Processing /opt/airflow/dags/weather_TL.py took 0.508 seconds
[2024-03-05T21:44:55.827+0000] {processor.py:161} INFO - Started process (PID=3684) to work on /opt/airflow/dags/weather_TL.py
[2024-03-05T21:44:55.828+0000] {processor.py:830} INFO - Processing file /opt/airflow/dags/weather_TL.py for tasks to queue
[2024-03-05T21:44:55.829+0000] {logging_mixin.py:188} INFO - [2024-03-05T21:44:55.829+0000] {dagbag.py:538} INFO - Filling up the DagBag from /opt/airflow/dags/weather_TL.py
[2024-03-05T21:44:56.309+0000] {processor.py:842} WARNING - No viable dags retrieved from /opt/airflow/dags/weather_TL.py
[2024-03-05T21:44:56.319+0000] {processor.py:183} INFO - Processing /opt/airflow/dags/weather_TL.py took 0.496 seconds
[2024-03-05T21:45:27.184+0000] {processor.py:161} INFO - Started process (PID=3744) to work on /opt/airflow/dags/weather_TL.py
[2024-03-05T21:45:27.185+0000] {processor.py:830} INFO - Processing file /opt/airflow/dags/weather_TL.py for tasks to queue
[2024-03-05T21:45:27.187+0000] {logging_mixin.py:188} INFO - [2024-03-05T21:45:27.186+0000] {dagbag.py:538} INFO - Filling up the DagBag from /opt/airflow/dags/weather_TL.py
[2024-03-05T21:45:27.677+0000] {processor.py:842} WARNING - No viable dags retrieved from /opt/airflow/dags/weather_TL.py
[2024-03-05T21:45:27.688+0000] {processor.py:183} INFO - Processing /opt/airflow/dags/weather_TL.py took 0.508 seconds
[2024-03-05T21:45:58.670+0000] {processor.py:161} INFO - Started process (PID=3804) to work on /opt/airflow/dags/weather_TL.py
[2024-03-05T21:45:58.671+0000] {processor.py:830} INFO - Processing file /opt/airflow/dags/weather_TL.py for tasks to queue
[2024-03-05T21:45:58.672+0000] {logging_mixin.py:188} INFO - [2024-03-05T21:45:58.672+0000] {dagbag.py:538} INFO - Filling up the DagBag from /opt/airflow/dags/weather_TL.py
[2024-03-05T21:45:59.175+0000] {processor.py:842} WARNING - No viable dags retrieved from /opt/airflow/dags/weather_TL.py
[2024-03-05T21:45:59.185+0000] {processor.py:183} INFO - Processing /opt/airflow/dags/weather_TL.py took 0.519 seconds
[2024-03-05T21:46:30.027+0000] {processor.py:161} INFO - Started process (PID=3864) to work on /opt/airflow/dags/weather_TL.py
[2024-03-05T21:46:30.029+0000] {processor.py:830} INFO - Processing file /opt/airflow/dags/weather_TL.py for tasks to queue
[2024-03-05T21:46:30.030+0000] {logging_mixin.py:188} INFO - [2024-03-05T21:46:30.030+0000] {dagbag.py:538} INFO - Filling up the DagBag from /opt/airflow/dags/weather_TL.py
[2024-03-05T21:46:30.616+0000] {processor.py:842} WARNING - No viable dags retrieved from /opt/airflow/dags/weather_TL.py
[2024-03-05T21:46:30.627+0000] {processor.py:183} INFO - Processing /opt/airflow/dags/weather_TL.py took 0.603 seconds
[2024-03-05T21:47:00.712+0000] {processor.py:161} INFO - Started process (PID=3926) to work on /opt/airflow/dags/weather_TL.py
[2024-03-05T21:47:00.714+0000] {processor.py:830} INFO - Processing file /opt/airflow/dags/weather_TL.py for tasks to queue
[2024-03-05T21:47:00.716+0000] {logging_mixin.py:188} INFO - [2024-03-05T21:47:00.715+0000] {dagbag.py:538} INFO - Filling up the DagBag from /opt/airflow/dags/weather_TL.py
[2024-03-05T21:47:01.234+0000] {processor.py:842} WARNING - No viable dags retrieved from /opt/airflow/dags/weather_TL.py
[2024-03-05T21:47:01.246+0000] {processor.py:183} INFO - Processing /opt/airflow/dags/weather_TL.py took 0.538 seconds
[2024-03-05T21:47:32.048+0000] {processor.py:161} INFO - Started process (PID=3986) to work on /opt/airflow/dags/weather_TL.py
[2024-03-05T21:47:32.049+0000] {processor.py:830} INFO - Processing file /opt/airflow/dags/weather_TL.py for tasks to queue
[2024-03-05T21:47:32.050+0000] {logging_mixin.py:188} INFO - [2024-03-05T21:47:32.050+0000] {dagbag.py:538} INFO - Filling up the DagBag from /opt/airflow/dags/weather_TL.py
[2024-03-05T21:47:32.567+0000] {processor.py:842} WARNING - No viable dags retrieved from /opt/airflow/dags/weather_TL.py
[2024-03-05T21:47:32.577+0000] {processor.py:183} INFO - Processing /opt/airflow/dags/weather_TL.py took 0.533 seconds
[2024-03-05T21:48:02.684+0000] {processor.py:161} INFO - Started process (PID=4049) to work on /opt/airflow/dags/weather_TL.py
[2024-03-05T21:48:02.685+0000] {processor.py:830} INFO - Processing file /opt/airflow/dags/weather_TL.py for tasks to queue
[2024-03-05T21:48:02.686+0000] {logging_mixin.py:188} INFO - [2024-03-05T21:48:02.686+0000] {dagbag.py:538} INFO - Filling up the DagBag from /opt/airflow/dags/weather_TL.py
[2024-03-05T21:48:03.188+0000] {processor.py:842} WARNING - No viable dags retrieved from /opt/airflow/dags/weather_TL.py
[2024-03-05T21:48:03.199+0000] {processor.py:183} INFO - Processing /opt/airflow/dags/weather_TL.py took 0.518 seconds
[2024-03-05T21:48:33.275+0000] {processor.py:161} INFO - Started process (PID=4109) to work on /opt/airflow/dags/weather_TL.py
[2024-03-05T21:48:33.276+0000] {processor.py:830} INFO - Processing file /opt/airflow/dags/weather_TL.py for tasks to queue
[2024-03-05T21:48:33.277+0000] {logging_mixin.py:188} INFO - [2024-03-05T21:48:33.276+0000] {dagbag.py:538} INFO - Filling up the DagBag from /opt/airflow/dags/weather_TL.py
[2024-03-05T21:48:33.765+0000] {processor.py:842} WARNING - No viable dags retrieved from /opt/airflow/dags/weather_TL.py
[2024-03-05T21:48:33.777+0000] {processor.py:183} INFO - Processing /opt/airflow/dags/weather_TL.py took 0.505 seconds
[2024-03-05T21:49:03.878+0000] {processor.py:161} INFO - Started process (PID=4169) to work on /opt/airflow/dags/weather_TL.py
[2024-03-05T21:49:03.879+0000] {processor.py:830} INFO - Processing file /opt/airflow/dags/weather_TL.py for tasks to queue
[2024-03-05T21:49:03.880+0000] {logging_mixin.py:188} INFO - [2024-03-05T21:49:03.880+0000] {dagbag.py:538} INFO - Filling up the DagBag from /opt/airflow/dags/weather_TL.py
[2024-03-05T21:49:04.377+0000] {processor.py:842} WARNING - No viable dags retrieved from /opt/airflow/dags/weather_TL.py
[2024-03-05T21:49:04.388+0000] {processor.py:183} INFO - Processing /opt/airflow/dags/weather_TL.py took 0.513 seconds
[2024-03-05T21:49:34.724+0000] {processor.py:161} INFO - Started process (PID=4230) to work on /opt/airflow/dags/weather_TL.py
[2024-03-05T21:49:34.725+0000] {processor.py:830} INFO - Processing file /opt/airflow/dags/weather_TL.py for tasks to queue
[2024-03-05T21:49:34.726+0000] {logging_mixin.py:188} INFO - [2024-03-05T21:49:34.725+0000] {dagbag.py:538} INFO - Filling up the DagBag from /opt/airflow/dags/weather_TL.py
[2024-03-05T21:49:35.214+0000] {processor.py:842} WARNING - No viable dags retrieved from /opt/airflow/dags/weather_TL.py
[2024-03-05T21:49:35.225+0000] {processor.py:183} INFO - Processing /opt/airflow/dags/weather_TL.py took 0.504 seconds
[2024-03-05T21:50:05.900+0000] {processor.py:161} INFO - Started process (PID=4290) to work on /opt/airflow/dags/weather_TL.py
[2024-03-05T21:50:05.901+0000] {processor.py:830} INFO - Processing file /opt/airflow/dags/weather_TL.py for tasks to queue
[2024-03-05T21:50:05.902+0000] {logging_mixin.py:188} INFO - [2024-03-05T21:50:05.902+0000] {dagbag.py:538} INFO - Filling up the DagBag from /opt/airflow/dags/weather_TL.py
[2024-03-05T21:50:06.499+0000] {processor.py:842} WARNING - No viable dags retrieved from /opt/airflow/dags/weather_TL.py
[2024-03-05T21:50:06.512+0000] {processor.py:183} INFO - Processing /opt/airflow/dags/weather_TL.py took 0.617 seconds
[2024-03-05T21:50:36.655+0000] {processor.py:161} INFO - Started process (PID=4354) to work on /opt/airflow/dags/weather_TL.py
[2024-03-05T21:50:36.656+0000] {processor.py:830} INFO - Processing file /opt/airflow/dags/weather_TL.py for tasks to queue
[2024-03-05T21:50:36.657+0000] {logging_mixin.py:188} INFO - [2024-03-05T21:50:36.657+0000] {dagbag.py:538} INFO - Filling up the DagBag from /opt/airflow/dags/weather_TL.py
[2024-03-05T21:50:37.180+0000] {processor.py:842} WARNING - No viable dags retrieved from /opt/airflow/dags/weather_TL.py
[2024-03-05T21:50:37.191+0000] {processor.py:183} INFO - Processing /opt/airflow/dags/weather_TL.py took 0.539 seconds
[2024-03-05T21:51:07.384+0000] {processor.py:161} INFO - Started process (PID=4415) to work on /opt/airflow/dags/weather_TL.py
[2024-03-05T21:51:07.385+0000] {processor.py:830} INFO - Processing file /opt/airflow/dags/weather_TL.py for tasks to queue
[2024-03-05T21:51:07.386+0000] {logging_mixin.py:188} INFO - [2024-03-05T21:51:07.385+0000] {dagbag.py:538} INFO - Filling up the DagBag from /opt/airflow/dags/weather_TL.py
[2024-03-05T21:51:07.873+0000] {processor.py:842} WARNING - No viable dags retrieved from /opt/airflow/dags/weather_TL.py
[2024-03-05T21:51:07.883+0000] {processor.py:183} INFO - Processing /opt/airflow/dags/weather_TL.py took 0.503 seconds
[2024-03-05T21:51:38.697+0000] {processor.py:161} INFO - Started process (PID=4475) to work on /opt/airflow/dags/weather_TL.py
[2024-03-05T21:51:38.699+0000] {processor.py:830} INFO - Processing file /opt/airflow/dags/weather_TL.py for tasks to queue
[2024-03-05T21:51:38.700+0000] {logging_mixin.py:188} INFO - [2024-03-05T21:51:38.699+0000] {dagbag.py:538} INFO - Filling up the DagBag from /opt/airflow/dags/weather_TL.py
[2024-03-05T21:51:39.198+0000] {processor.py:842} WARNING - No viable dags retrieved from /opt/airflow/dags/weather_TL.py
[2024-03-05T21:51:39.208+0000] {processor.py:183} INFO - Processing /opt/airflow/dags/weather_TL.py took 0.514 seconds
[2024-03-05T21:52:09.996+0000] {processor.py:161} INFO - Started process (PID=4536) to work on /opt/airflow/dags/weather_TL.py
[2024-03-05T21:52:09.997+0000] {processor.py:830} INFO - Processing file /opt/airflow/dags/weather_TL.py for tasks to queue
[2024-03-05T21:52:09.998+0000] {logging_mixin.py:188} INFO - [2024-03-05T21:52:09.997+0000] {dagbag.py:538} INFO - Filling up the DagBag from /opt/airflow/dags/weather_TL.py
[2024-03-05T21:52:10.479+0000] {processor.py:842} WARNING - No viable dags retrieved from /opt/airflow/dags/weather_TL.py
[2024-03-05T21:52:10.489+0000] {processor.py:183} INFO - Processing /opt/airflow/dags/weather_TL.py took 0.497 seconds
[2024-03-05T21:52:41.295+0000] {processor.py:161} INFO - Started process (PID=4602) to work on /opt/airflow/dags/weather_TL.py
[2024-03-05T21:52:41.296+0000] {processor.py:830} INFO - Processing file /opt/airflow/dags/weather_TL.py for tasks to queue
[2024-03-05T21:52:41.297+0000] {logging_mixin.py:188} INFO - [2024-03-05T21:52:41.297+0000] {dagbag.py:538} INFO - Filling up the DagBag from /opt/airflow/dags/weather_TL.py
[2024-03-05T21:52:41.805+0000] {processor.py:842} WARNING - No viable dags retrieved from /opt/airflow/dags/weather_TL.py
[2024-03-05T21:52:41.816+0000] {processor.py:183} INFO - Processing /opt/airflow/dags/weather_TL.py took 0.524 seconds
[2024-03-05T21:53:12.057+0000] {processor.py:161} INFO - Started process (PID=4662) to work on /opt/airflow/dags/weather_TL.py
[2024-03-05T21:53:12.058+0000] {processor.py:830} INFO - Processing file /opt/airflow/dags/weather_TL.py for tasks to queue
[2024-03-05T21:53:12.059+0000] {logging_mixin.py:188} INFO - [2024-03-05T21:53:12.059+0000] {dagbag.py:538} INFO - Filling up the DagBag from /opt/airflow/dags/weather_TL.py
[2024-03-05T21:53:12.599+0000] {processor.py:842} WARNING - No viable dags retrieved from /opt/airflow/dags/weather_TL.py
[2024-03-05T21:53:12.610+0000] {processor.py:183} INFO - Processing /opt/airflow/dags/weather_TL.py took 0.559 seconds
[2024-03-05T21:53:42.815+0000] {processor.py:161} INFO - Started process (PID=4726) to work on /opt/airflow/dags/weather_TL.py
[2024-03-05T21:53:42.816+0000] {processor.py:830} INFO - Processing file /opt/airflow/dags/weather_TL.py for tasks to queue
[2024-03-05T21:53:42.817+0000] {logging_mixin.py:188} INFO - [2024-03-05T21:53:42.817+0000] {dagbag.py:538} INFO - Filling up the DagBag from /opt/airflow/dags/weather_TL.py
[2024-03-05T21:53:43.314+0000] {processor.py:842} WARNING - No viable dags retrieved from /opt/airflow/dags/weather_TL.py
[2024-03-05T21:53:43.324+0000] {processor.py:183} INFO - Processing /opt/airflow/dags/weather_TL.py took 0.513 seconds
[2024-03-05T21:54:13.365+0000] {processor.py:161} INFO - Started process (PID=4787) to work on /opt/airflow/dags/weather_TL.py
[2024-03-05T21:54:13.366+0000] {processor.py:830} INFO - Processing file /opt/airflow/dags/weather_TL.py for tasks to queue
[2024-03-05T21:54:13.367+0000] {logging_mixin.py:188} INFO - [2024-03-05T21:54:13.367+0000] {dagbag.py:538} INFO - Filling up the DagBag from /opt/airflow/dags/weather_TL.py
[2024-03-05T21:54:14.065+0000] {processor.py:842} WARNING - No viable dags retrieved from /opt/airflow/dags/weather_TL.py
[2024-03-05T21:54:14.075+0000] {processor.py:183} INFO - Processing /opt/airflow/dags/weather_TL.py took 0.714 seconds
[2024-03-05T21:54:44.610+0000] {processor.py:161} INFO - Started process (PID=4847) to work on /opt/airflow/dags/weather_TL.py
[2024-03-05T21:54:44.611+0000] {processor.py:830} INFO - Processing file /opt/airflow/dags/weather_TL.py for tasks to queue
[2024-03-05T21:54:44.612+0000] {logging_mixin.py:188} INFO - [2024-03-05T21:54:44.612+0000] {dagbag.py:538} INFO - Filling up the DagBag from /opt/airflow/dags/weather_TL.py
[2024-03-05T21:54:45.128+0000] {processor.py:842} WARNING - No viable dags retrieved from /opt/airflow/dags/weather_TL.py
[2024-03-05T21:54:45.139+0000] {processor.py:183} INFO - Processing /opt/airflow/dags/weather_TL.py took 0.536 seconds
[2024-03-05T21:55:15.188+0000] {processor.py:161} INFO - Started process (PID=4909) to work on /opt/airflow/dags/weather_TL.py
[2024-03-05T21:55:15.189+0000] {processor.py:830} INFO - Processing file /opt/airflow/dags/weather_TL.py for tasks to queue
[2024-03-05T21:55:15.190+0000] {logging_mixin.py:188} INFO - [2024-03-05T21:55:15.190+0000] {dagbag.py:538} INFO - Filling up the DagBag from /opt/airflow/dags/weather_TL.py
[2024-03-05T21:55:15.679+0000] {processor.py:842} WARNING - No viable dags retrieved from /opt/airflow/dags/weather_TL.py
[2024-03-05T21:55:15.689+0000] {processor.py:183} INFO - Processing /opt/airflow/dags/weather_TL.py took 0.504 seconds
[2024-03-05T21:55:46.614+0000] {processor.py:161} INFO - Started process (PID=4970) to work on /opt/airflow/dags/weather_TL.py
[2024-03-05T21:55:46.616+0000] {processor.py:830} INFO - Processing file /opt/airflow/dags/weather_TL.py for tasks to queue
[2024-03-05T21:55:46.618+0000] {logging_mixin.py:188} INFO - [2024-03-05T21:55:46.618+0000] {dagbag.py:538} INFO - Filling up the DagBag from /opt/airflow/dags/weather_TL.py
[2024-03-05T21:55:47.123+0000] {processor.py:842} WARNING - No viable dags retrieved from /opt/airflow/dags/weather_TL.py
[2024-03-05T21:55:47.136+0000] {processor.py:183} INFO - Processing /opt/airflow/dags/weather_TL.py took 0.528 seconds
[2024-03-05T21:56:17.203+0000] {processor.py:161} INFO - Started process (PID=5032) to work on /opt/airflow/dags/weather_TL.py
[2024-03-05T21:56:17.204+0000] {processor.py:830} INFO - Processing file /opt/airflow/dags/weather_TL.py for tasks to queue
[2024-03-05T21:56:17.205+0000] {logging_mixin.py:188} INFO - [2024-03-05T21:56:17.205+0000] {dagbag.py:538} INFO - Filling up the DagBag from /opt/airflow/dags/weather_TL.py
[2024-03-05T21:56:17.718+0000] {processor.py:842} WARNING - No viable dags retrieved from /opt/airflow/dags/weather_TL.py
[2024-03-05T21:56:17.730+0000] {processor.py:183} INFO - Processing /opt/airflow/dags/weather_TL.py took 0.530 seconds
[2024-03-05T21:56:48.688+0000] {processor.py:161} INFO - Started process (PID=5092) to work on /opt/airflow/dags/weather_TL.py
[2024-03-05T21:56:48.689+0000] {processor.py:830} INFO - Processing file /opt/airflow/dags/weather_TL.py for tasks to queue
[2024-03-05T21:56:48.690+0000] {logging_mixin.py:188} INFO - [2024-03-05T21:56:48.690+0000] {dagbag.py:538} INFO - Filling up the DagBag from /opt/airflow/dags/weather_TL.py
[2024-03-05T21:56:49.180+0000] {processor.py:842} WARNING - No viable dags retrieved from /opt/airflow/dags/weather_TL.py
[2024-03-05T21:56:49.194+0000] {processor.py:183} INFO - Processing /opt/airflow/dags/weather_TL.py took 0.509 seconds
[2024-03-05T21:57:20.216+0000] {processor.py:161} INFO - Started process (PID=5152) to work on /opt/airflow/dags/weather_TL.py
[2024-03-05T21:57:20.218+0000] {processor.py:830} INFO - Processing file /opt/airflow/dags/weather_TL.py for tasks to queue
[2024-03-05T21:57:20.220+0000] {logging_mixin.py:188} INFO - [2024-03-05T21:57:20.220+0000] {dagbag.py:538} INFO - Filling up the DagBag from /opt/airflow/dags/weather_TL.py
[2024-03-05T21:57:20.814+0000] {processor.py:842} WARNING - No viable dags retrieved from /opt/airflow/dags/weather_TL.py
[2024-03-05T21:57:20.824+0000] {processor.py:183} INFO - Processing /opt/airflow/dags/weather_TL.py took 0.613 seconds
[2024-03-05T21:57:51.720+0000] {processor.py:161} INFO - Started process (PID=5214) to work on /opt/airflow/dags/weather_TL.py
[2024-03-05T21:57:51.721+0000] {processor.py:830} INFO - Processing file /opt/airflow/dags/weather_TL.py for tasks to queue
[2024-03-05T21:57:51.722+0000] {logging_mixin.py:188} INFO - [2024-03-05T21:57:51.722+0000] {dagbag.py:538} INFO - Filling up the DagBag from /opt/airflow/dags/weather_TL.py
[2024-03-05T21:57:52.257+0000] {processor.py:842} WARNING - No viable dags retrieved from /opt/airflow/dags/weather_TL.py
[2024-03-05T21:57:52.266+0000] {processor.py:183} INFO - Processing /opt/airflow/dags/weather_TL.py took 0.549 seconds
[2024-03-05T21:58:23.202+0000] {processor.py:161} INFO - Started process (PID=5274) to work on /opt/airflow/dags/weather_TL.py
[2024-03-05T21:58:23.203+0000] {processor.py:830} INFO - Processing file /opt/airflow/dags/weather_TL.py for tasks to queue
[2024-03-05T21:58:23.204+0000] {logging_mixin.py:188} INFO - [2024-03-05T21:58:23.204+0000] {dagbag.py:538} INFO - Filling up the DagBag from /opt/airflow/dags/weather_TL.py
[2024-03-05T21:58:23.775+0000] {processor.py:842} WARNING - No viable dags retrieved from /opt/airflow/dags/weather_TL.py
[2024-03-05T21:58:23.786+0000] {processor.py:183} INFO - Processing /opt/airflow/dags/weather_TL.py took 0.588 seconds
[2024-03-05T21:58:54.706+0000] {processor.py:161} INFO - Started process (PID=5334) to work on /opt/airflow/dags/weather_TL.py
[2024-03-05T21:58:54.708+0000] {processor.py:830} INFO - Processing file /opt/airflow/dags/weather_TL.py for tasks to queue
[2024-03-05T21:58:54.709+0000] {logging_mixin.py:188} INFO - [2024-03-05T21:58:54.709+0000] {dagbag.py:538} INFO - Filling up the DagBag from /opt/airflow/dags/weather_TL.py
[2024-03-05T21:58:55.349+0000] {processor.py:842} WARNING - No viable dags retrieved from /opt/airflow/dags/weather_TL.py
[2024-03-05T21:58:55.360+0000] {processor.py:183} INFO - Processing /opt/airflow/dags/weather_TL.py took 0.659 seconds
[2024-03-05T21:59:25.639+0000] {processor.py:161} INFO - Started process (PID=5394) to work on /opt/airflow/dags/weather_TL.py
[2024-03-05T21:59:25.640+0000] {processor.py:830} INFO - Processing file /opt/airflow/dags/weather_TL.py for tasks to queue
[2024-03-05T21:59:25.642+0000] {logging_mixin.py:188} INFO - [2024-03-05T21:59:25.641+0000] {dagbag.py:538} INFO - Filling up the DagBag from /opt/airflow/dags/weather_TL.py
[2024-03-05T21:59:26.270+0000] {processor.py:842} WARNING - No viable dags retrieved from /opt/airflow/dags/weather_TL.py
[2024-03-05T21:59:26.284+0000] {processor.py:183} INFO - Processing /opt/airflow/dags/weather_TL.py took 0.650 seconds
[2024-03-05T22:05:21.242+0000] {processor.py:161} INFO - Started process (PID=41) to work on /opt/airflow/dags/weather_TL.py
[2024-03-05T22:05:21.567+0000] {processor.py:830} INFO - Processing file /opt/airflow/dags/weather_TL.py for tasks to queue
[2024-03-05T22:05:21.570+0000] {logging_mixin.py:188} INFO - [2024-03-05T22:05:21.570+0000] {dagbag.py:538} INFO - Filling up the DagBag from /opt/airflow/dags/weather_TL.py
[2024-03-05T22:05:32.751+0000] {processor.py:842} WARNING - No viable dags retrieved from /opt/airflow/dags/weather_TL.py
[2024-03-05T22:05:32.790+0000] {processor.py:183} INFO - Processing /opt/airflow/dags/weather_TL.py took 11.686 seconds
[2024-03-05T22:06:03.128+0000] {processor.py:161} INFO - Started process (PID=106) to work on /opt/airflow/dags/weather_TL.py
[2024-03-05T22:06:03.129+0000] {processor.py:830} INFO - Processing file /opt/airflow/dags/weather_TL.py for tasks to queue
[2024-03-05T22:06:03.131+0000] {logging_mixin.py:188} INFO - [2024-03-05T22:06:03.130+0000] {dagbag.py:538} INFO - Filling up the DagBag from /opt/airflow/dags/weather_TL.py
[2024-03-05T22:06:03.649+0000] {processor.py:842} WARNING - No viable dags retrieved from /opt/airflow/dags/weather_TL.py
[2024-03-05T22:06:03.660+0000] {processor.py:183} INFO - Processing /opt/airflow/dags/weather_TL.py took 0.535 seconds
[2024-03-05T22:06:34.033+0000] {processor.py:161} INFO - Started process (PID=166) to work on /opt/airflow/dags/weather_TL.py
[2024-03-05T22:06:34.087+0000] {processor.py:830} INFO - Processing file /opt/airflow/dags/weather_TL.py for tasks to queue
[2024-03-05T22:06:34.089+0000] {logging_mixin.py:188} INFO - [2024-03-05T22:06:34.089+0000] {dagbag.py:538} INFO - Filling up the DagBag from /opt/airflow/dags/weather_TL.py
[2024-03-05T22:06:34.740+0000] {processor.py:842} WARNING - No viable dags retrieved from /opt/airflow/dags/weather_TL.py
[2024-03-05T22:06:34.752+0000] {processor.py:183} INFO - Processing /opt/airflow/dags/weather_TL.py took 0.723 seconds
[2024-03-05T22:07:05.722+0000] {processor.py:161} INFO - Started process (PID=229) to work on /opt/airflow/dags/weather_TL.py
[2024-03-05T22:07:05.723+0000] {processor.py:830} INFO - Processing file /opt/airflow/dags/weather_TL.py for tasks to queue
[2024-03-05T22:07:05.725+0000] {logging_mixin.py:188} INFO - [2024-03-05T22:07:05.725+0000] {dagbag.py:538} INFO - Filling up the DagBag from /opt/airflow/dags/weather_TL.py
[2024-03-05T22:07:06.694+0000] {processor.py:842} WARNING - No viable dags retrieved from /opt/airflow/dags/weather_TL.py
[2024-03-05T22:07:06.708+0000] {processor.py:183} INFO - Processing /opt/airflow/dags/weather_TL.py took 0.990 seconds
[2024-03-05T22:07:37.235+0000] {processor.py:161} INFO - Started process (PID=289) to work on /opt/airflow/dags/weather_TL.py
[2024-03-05T22:07:37.236+0000] {processor.py:830} INFO - Processing file /opt/airflow/dags/weather_TL.py for tasks to queue
[2024-03-05T22:07:37.239+0000] {logging_mixin.py:188} INFO - [2024-03-05T22:07:37.239+0000] {dagbag.py:538} INFO - Filling up the DagBag from /opt/airflow/dags/weather_TL.py
[2024-03-05T22:07:38.629+0000] {processor.py:842} WARNING - No viable dags retrieved from /opt/airflow/dags/weather_TL.py
[2024-03-05T22:07:38.641+0000] {processor.py:183} INFO - Processing /opt/airflow/dags/weather_TL.py took 1.412 seconds
[2024-03-05T22:08:09.251+0000] {processor.py:161} INFO - Started process (PID=350) to work on /opt/airflow/dags/weather_TL.py
[2024-03-05T22:08:09.252+0000] {processor.py:830} INFO - Processing file /opt/airflow/dags/weather_TL.py for tasks to queue
[2024-03-05T22:08:09.255+0000] {logging_mixin.py:188} INFO - [2024-03-05T22:08:09.254+0000] {dagbag.py:538} INFO - Filling up the DagBag from /opt/airflow/dags/weather_TL.py
[2024-03-05T22:08:09.819+0000] {processor.py:842} WARNING - No viable dags retrieved from /opt/airflow/dags/weather_TL.py
[2024-03-05T22:08:09.830+0000] {processor.py:183} INFO - Processing /opt/airflow/dags/weather_TL.py took 0.583 seconds
[2024-03-05T22:08:40.140+0000] {processor.py:161} INFO - Started process (PID=413) to work on /opt/airflow/dags/weather_TL.py
[2024-03-05T22:08:40.141+0000] {processor.py:830} INFO - Processing file /opt/airflow/dags/weather_TL.py for tasks to queue
[2024-03-05T22:08:40.144+0000] {logging_mixin.py:188} INFO - [2024-03-05T22:08:40.144+0000] {dagbag.py:538} INFO - Filling up the DagBag from /opt/airflow/dags/weather_TL.py
[2024-03-05T22:08:40.692+0000] {processor.py:842} WARNING - No viable dags retrieved from /opt/airflow/dags/weather_TL.py
[2024-03-05T22:08:40.705+0000] {processor.py:183} INFO - Processing /opt/airflow/dags/weather_TL.py took 0.569 seconds
[2024-03-05T22:09:11.227+0000] {processor.py:161} INFO - Started process (PID=472) to work on /opt/airflow/dags/weather_TL.py
[2024-03-05T22:09:11.228+0000] {processor.py:830} INFO - Processing file /opt/airflow/dags/weather_TL.py for tasks to queue
[2024-03-05T22:09:11.231+0000] {logging_mixin.py:188} INFO - [2024-03-05T22:09:11.230+0000] {dagbag.py:538} INFO - Filling up the DagBag from /opt/airflow/dags/weather_TL.py
[2024-03-05T22:09:12.022+0000] {processor.py:842} WARNING - No viable dags retrieved from /opt/airflow/dags/weather_TL.py
[2024-03-05T22:09:12.038+0000] {processor.py:183} INFO - Processing /opt/airflow/dags/weather_TL.py took 0.815 seconds
[2024-03-05T22:09:42.556+0000] {processor.py:161} INFO - Started process (PID=532) to work on /opt/airflow/dags/weather_TL.py
[2024-03-05T22:09:42.558+0000] {processor.py:830} INFO - Processing file /opt/airflow/dags/weather_TL.py for tasks to queue
[2024-03-05T22:09:42.561+0000] {logging_mixin.py:188} INFO - [2024-03-05T22:09:42.560+0000] {dagbag.py:538} INFO - Filling up the DagBag from /opt/airflow/dags/weather_TL.py
[2024-03-05T22:09:43.199+0000] {processor.py:842} WARNING - No viable dags retrieved from /opt/airflow/dags/weather_TL.py
[2024-03-05T22:09:43.215+0000] {processor.py:183} INFO - Processing /opt/airflow/dags/weather_TL.py took 0.662 seconds
[2024-03-05T22:10:14.044+0000] {processor.py:161} INFO - Started process (PID=592) to work on /opt/airflow/dags/weather_TL.py
[2024-03-05T22:10:14.045+0000] {processor.py:830} INFO - Processing file /opt/airflow/dags/weather_TL.py for tasks to queue
[2024-03-05T22:10:14.049+0000] {logging_mixin.py:188} INFO - [2024-03-05T22:10:14.048+0000] {dagbag.py:538} INFO - Filling up the DagBag from /opt/airflow/dags/weather_TL.py
[2024-03-05T22:10:14.676+0000] {processor.py:842} WARNING - No viable dags retrieved from /opt/airflow/dags/weather_TL.py
[2024-03-05T22:10:14.686+0000] {processor.py:183} INFO - Processing /opt/airflow/dags/weather_TL.py took 0.646 seconds
[2024-03-05T22:10:45.094+0000] {processor.py:161} INFO - Started process (PID=652) to work on /opt/airflow/dags/weather_TL.py
[2024-03-05T22:10:45.096+0000] {processor.py:830} INFO - Processing file /opt/airflow/dags/weather_TL.py for tasks to queue
[2024-03-05T22:10:45.098+0000] {logging_mixin.py:188} INFO - [2024-03-05T22:10:45.097+0000] {dagbag.py:538} INFO - Filling up the DagBag from /opt/airflow/dags/weather_TL.py
[2024-03-05T22:10:45.639+0000] {processor.py:842} WARNING - No viable dags retrieved from /opt/airflow/dags/weather_TL.py
[2024-03-05T22:10:45.650+0000] {processor.py:183} INFO - Processing /opt/airflow/dags/weather_TL.py took 0.559 seconds
[2024-03-05T22:11:15.795+0000] {processor.py:161} INFO - Started process (PID=711) to work on /opt/airflow/dags/weather_TL.py
[2024-03-05T22:11:15.797+0000] {processor.py:830} INFO - Processing file /opt/airflow/dags/weather_TL.py for tasks to queue
[2024-03-05T22:11:15.800+0000] {logging_mixin.py:188} INFO - [2024-03-05T22:11:15.799+0000] {dagbag.py:538} INFO - Filling up the DagBag from /opt/airflow/dags/weather_TL.py
[2024-03-05T22:11:16.418+0000] {processor.py:842} WARNING - No viable dags retrieved from /opt/airflow/dags/weather_TL.py
[2024-03-05T22:11:16.430+0000] {processor.py:183} INFO - Processing /opt/airflow/dags/weather_TL.py took 0.639 seconds
[2024-03-05T22:11:46.972+0000] {processor.py:161} INFO - Started process (PID=772) to work on /opt/airflow/dags/weather_TL.py
[2024-03-05T22:11:46.973+0000] {processor.py:830} INFO - Processing file /opt/airflow/dags/weather_TL.py for tasks to queue
[2024-03-05T22:11:46.976+0000] {logging_mixin.py:188} INFO - [2024-03-05T22:11:46.975+0000] {dagbag.py:538} INFO - Filling up the DagBag from /opt/airflow/dags/weather_TL.py
[2024-03-05T22:11:47.576+0000] {processor.py:842} WARNING - No viable dags retrieved from /opt/airflow/dags/weather_TL.py
[2024-03-05T22:11:47.588+0000] {processor.py:183} INFO - Processing /opt/airflow/dags/weather_TL.py took 0.621 seconds
[2024-03-05T22:12:18.415+0000] {processor.py:161} INFO - Started process (PID=833) to work on /opt/airflow/dags/weather_TL.py
[2024-03-05T22:12:18.416+0000] {processor.py:830} INFO - Processing file /opt/airflow/dags/weather_TL.py for tasks to queue
[2024-03-05T22:12:18.419+0000] {logging_mixin.py:188} INFO - [2024-03-05T22:12:18.418+0000] {dagbag.py:538} INFO - Filling up the DagBag from /opt/airflow/dags/weather_TL.py
[2024-03-05T22:12:18.988+0000] {processor.py:842} WARNING - No viable dags retrieved from /opt/airflow/dags/weather_TL.py
[2024-03-05T22:12:19.000+0000] {processor.py:183} INFO - Processing /opt/airflow/dags/weather_TL.py took 0.589 seconds
[2024-03-05T22:12:49.848+0000] {processor.py:161} INFO - Started process (PID=893) to work on /opt/airflow/dags/weather_TL.py
[2024-03-05T22:12:49.850+0000] {processor.py:830} INFO - Processing file /opt/airflow/dags/weather_TL.py for tasks to queue
[2024-03-05T22:12:49.852+0000] {logging_mixin.py:188} INFO - [2024-03-05T22:12:49.852+0000] {dagbag.py:538} INFO - Filling up the DagBag from /opt/airflow/dags/weather_TL.py
[2024-03-05T22:12:50.414+0000] {processor.py:842} WARNING - No viable dags retrieved from /opt/airflow/dags/weather_TL.py
[2024-03-05T22:12:50.444+0000] {processor.py:183} INFO - Processing /opt/airflow/dags/weather_TL.py took 0.599 seconds
[2024-03-05T22:13:21.369+0000] {processor.py:161} INFO - Started process (PID=953) to work on /opt/airflow/dags/weather_TL.py
[2024-03-05T22:13:21.371+0000] {processor.py:830} INFO - Processing file /opt/airflow/dags/weather_TL.py for tasks to queue
[2024-03-05T22:13:21.374+0000] {logging_mixin.py:188} INFO - [2024-03-05T22:13:21.373+0000] {dagbag.py:538} INFO - Filling up the DagBag from /opt/airflow/dags/weather_TL.py
[2024-03-05T22:13:21.919+0000] {processor.py:842} WARNING - No viable dags retrieved from /opt/airflow/dags/weather_TL.py
[2024-03-05T22:13:21.930+0000] {processor.py:183} INFO - Processing /opt/airflow/dags/weather_TL.py took 0.566 seconds
[2024-03-05T22:13:52.541+0000] {processor.py:161} INFO - Started process (PID=1013) to work on /opt/airflow/dags/weather_TL.py
[2024-03-05T22:13:52.543+0000] {processor.py:830} INFO - Processing file /opt/airflow/dags/weather_TL.py for tasks to queue
[2024-03-05T22:13:52.546+0000] {logging_mixin.py:188} INFO - [2024-03-05T22:13:52.545+0000] {dagbag.py:538} INFO - Filling up the DagBag from /opt/airflow/dags/weather_TL.py
[2024-03-05T22:13:55.056+0000] {processor.py:842} WARNING - No viable dags retrieved from /opt/airflow/dags/weather_TL.py
[2024-03-05T22:13:55.069+0000] {processor.py:183} INFO - Processing /opt/airflow/dags/weather_TL.py took 2.535 seconds
[2024-03-05T22:14:25.338+0000] {processor.py:161} INFO - Started process (PID=1074) to work on /opt/airflow/dags/weather_TL.py
[2024-03-05T22:14:25.339+0000] {processor.py:830} INFO - Processing file /opt/airflow/dags/weather_TL.py for tasks to queue
[2024-03-05T22:14:25.342+0000] {logging_mixin.py:188} INFO - [2024-03-05T22:14:25.342+0000] {dagbag.py:538} INFO - Filling up the DagBag from /opt/airflow/dags/weather_TL.py
[2024-03-05T22:14:25.905+0000] {processor.py:842} WARNING - No viable dags retrieved from /opt/airflow/dags/weather_TL.py
[2024-03-05T22:14:25.924+0000] {processor.py:183} INFO - Processing /opt/airflow/dags/weather_TL.py took 0.589 seconds
[2024-03-05T22:14:55.999+0000] {processor.py:161} INFO - Started process (PID=1136) to work on /opt/airflow/dags/weather_TL.py
[2024-03-05T22:14:56.000+0000] {processor.py:830} INFO - Processing file /opt/airflow/dags/weather_TL.py for tasks to queue
[2024-03-05T22:14:56.002+0000] {logging_mixin.py:188} INFO - [2024-03-05T22:14:56.002+0000] {dagbag.py:538} INFO - Filling up the DagBag from /opt/airflow/dags/weather_TL.py
[2024-03-05T22:14:56.622+0000] {processor.py:842} WARNING - No viable dags retrieved from /opt/airflow/dags/weather_TL.py
[2024-03-05T22:14:56.634+0000] {processor.py:183} INFO - Processing /opt/airflow/dags/weather_TL.py took 0.640 seconds
[2024-03-05T22:15:26.697+0000] {processor.py:161} INFO - Started process (PID=1194) to work on /opt/airflow/dags/weather_TL.py
[2024-03-05T22:15:26.700+0000] {processor.py:830} INFO - Processing file /opt/airflow/dags/weather_TL.py for tasks to queue
[2024-03-05T22:15:26.703+0000] {logging_mixin.py:188} INFO - [2024-03-05T22:15:26.702+0000] {dagbag.py:538} INFO - Filling up the DagBag from /opt/airflow/dags/weather_TL.py
[2024-03-05T22:15:27.329+0000] {processor.py:842} WARNING - No viable dags retrieved from /opt/airflow/dags/weather_TL.py
[2024-03-05T22:15:27.341+0000] {processor.py:183} INFO - Processing /opt/airflow/dags/weather_TL.py took 0.648 seconds
[2024-03-05T22:15:57.659+0000] {processor.py:161} INFO - Started process (PID=1254) to work on /opt/airflow/dags/weather_TL.py
[2024-03-05T22:15:57.661+0000] {processor.py:830} INFO - Processing file /opt/airflow/dags/weather_TL.py for tasks to queue
[2024-03-05T22:15:57.664+0000] {logging_mixin.py:188} INFO - [2024-03-05T22:15:57.663+0000] {dagbag.py:538} INFO - Filling up the DagBag from /opt/airflow/dags/weather_TL.py
[2024-03-05T22:15:58.282+0000] {processor.py:842} WARNING - No viable dags retrieved from /opt/airflow/dags/weather_TL.py
[2024-03-05T22:15:58.295+0000] {processor.py:183} INFO - Processing /opt/airflow/dags/weather_TL.py took 0.640 seconds
[2024-03-05T22:16:28.425+0000] {processor.py:161} INFO - Started process (PID=1314) to work on /opt/airflow/dags/weather_TL.py
[2024-03-05T22:16:28.427+0000] {processor.py:830} INFO - Processing file /opt/airflow/dags/weather_TL.py for tasks to queue
[2024-03-05T22:16:28.429+0000] {logging_mixin.py:188} INFO - [2024-03-05T22:16:28.429+0000] {dagbag.py:538} INFO - Filling up the DagBag from /opt/airflow/dags/weather_TL.py
[2024-03-05T22:16:29.008+0000] {processor.py:842} WARNING - No viable dags retrieved from /opt/airflow/dags/weather_TL.py
[2024-03-05T22:16:29.019+0000] {processor.py:183} INFO - Processing /opt/airflow/dags/weather_TL.py took 0.598 seconds
[2024-03-05T22:16:59.267+0000] {processor.py:161} INFO - Started process (PID=1377) to work on /opt/airflow/dags/weather_TL.py
[2024-03-05T22:16:59.269+0000] {processor.py:830} INFO - Processing file /opt/airflow/dags/weather_TL.py for tasks to queue
[2024-03-05T22:16:59.271+0000] {logging_mixin.py:188} INFO - [2024-03-05T22:16:59.270+0000] {dagbag.py:538} INFO - Filling up the DagBag from /opt/airflow/dags/weather_TL.py
[2024-03-05T22:17:00.318+0000] {processor.py:842} WARNING - No viable dags retrieved from /opt/airflow/dags/weather_TL.py
[2024-03-05T22:17:00.332+0000] {processor.py:183} INFO - Processing /opt/airflow/dags/weather_TL.py took 1.068 seconds
[2024-03-05T22:17:30.400+0000] {processor.py:161} INFO - Started process (PID=1440) to work on /opt/airflow/dags/weather_TL.py
[2024-03-05T22:17:30.402+0000] {processor.py:830} INFO - Processing file /opt/airflow/dags/weather_TL.py for tasks to queue
[2024-03-05T22:17:30.406+0000] {logging_mixin.py:188} INFO - [2024-03-05T22:17:30.405+0000] {dagbag.py:538} INFO - Filling up the DagBag from /opt/airflow/dags/weather_TL.py
[2024-03-05T22:17:31.074+0000] {processor.py:842} WARNING - No viable dags retrieved from /opt/airflow/dags/weather_TL.py
[2024-03-05T22:17:31.085+0000] {processor.py:183} INFO - Processing /opt/airflow/dags/weather_TL.py took 0.691 seconds
[2024-03-05T22:18:01.233+0000] {processor.py:161} INFO - Started process (PID=1504) to work on /opt/airflow/dags/weather_TL.py
[2024-03-05T22:18:01.234+0000] {processor.py:830} INFO - Processing file /opt/airflow/dags/weather_TL.py for tasks to queue
[2024-03-05T22:18:01.236+0000] {logging_mixin.py:188} INFO - [2024-03-05T22:18:01.236+0000] {dagbag.py:538} INFO - Filling up the DagBag from /opt/airflow/dags/weather_TL.py
[2024-03-05T22:18:01.756+0000] {processor.py:842} WARNING - No viable dags retrieved from /opt/airflow/dags/weather_TL.py
[2024-03-05T22:18:01.765+0000] {processor.py:183} INFO - Processing /opt/airflow/dags/weather_TL.py took 0.536 seconds
[2024-03-05T22:18:31.809+0000] {processor.py:161} INFO - Started process (PID=1567) to work on /opt/airflow/dags/weather_TL.py
[2024-03-05T22:18:31.810+0000] {processor.py:830} INFO - Processing file /opt/airflow/dags/weather_TL.py for tasks to queue
[2024-03-05T22:18:31.811+0000] {logging_mixin.py:188} INFO - [2024-03-05T22:18:31.811+0000] {dagbag.py:538} INFO - Filling up the DagBag from /opt/airflow/dags/weather_TL.py
[2024-03-05T22:18:32.282+0000] {processor.py:842} WARNING - No viable dags retrieved from /opt/airflow/dags/weather_TL.py
[2024-03-05T22:18:32.293+0000] {processor.py:183} INFO - Processing /opt/airflow/dags/weather_TL.py took 0.488 seconds
