[2024-03-02T22:44:35.525+0000] {processor.py:161} INFO - Started process (PID=34) to work on /opt/airflow/dags/my_dag.py
[2024-03-02T22:44:35.550+0000] {processor.py:830} INFO - Processing file /opt/airflow/dags/my_dag.py for tasks to queue
[2024-03-02T22:44:35.560+0000] {logging_mixin.py:188} INFO - [2024-03-02T22:44:35.559+0000] {dagbag.py:538} INFO - Filling up the DagBag from /opt/airflow/dags/my_dag.py
[2024-03-02T22:44:36.568+0000] {processor.py:840} INFO - DAG(s) 'my_dag' retrieved from /opt/airflow/dags/my_dag.py
[2024-03-02T22:44:37.728+0000] {logging_mixin.py:188} INFO - [2024-03-02T22:44:37.727+0000] {dag.py:3036} INFO - Sync 1 DAGs
[2024-03-02T22:44:38.428+0000] {logging_mixin.py:188} INFO - [2024-03-02T22:44:38.427+0000] {dag.py:3823} INFO - Setting next_dagrun for my_dag to 2024-03-01 00:00:00+00:00, run_after=2024-03-02 00:00:00+00:00
[2024-03-02T22:44:39.066+0000] {processor.py:183} INFO - Processing /opt/airflow/dags/my_dag.py took 3.648 seconds
[2024-03-02T22:45:41.167+0000] {processor.py:161} INFO - Started process (PID=42) to work on /opt/airflow/dags/my_dag.py
[2024-03-02T22:45:41.246+0000] {processor.py:830} INFO - Processing file /opt/airflow/dags/my_dag.py for tasks to queue
[2024-03-02T22:45:41.913+0000] {logging_mixin.py:188} INFO - [2024-03-02T22:45:41.913+0000] {dagbag.py:538} INFO - Filling up the DagBag from /opt/airflow/dags/my_dag.py
[2024-03-02T22:45:44.681+0000] {processor.py:840} INFO - DAG(s) 'my_dag' retrieved from /opt/airflow/dags/my_dag.py
[2024-03-02T22:45:47.278+0000] {logging_mixin.py:188} INFO - [2024-03-02T22:45:47.277+0000] {dag.py:3036} INFO - Sync 1 DAGs
[2024-03-02T22:45:47.922+0000] {logging_mixin.py:188} INFO - [2024-03-02T22:45:47.922+0000] {dag.py:3823} INFO - Setting next_dagrun for my_dag to 2024-03-02 00:00:00+00:00, run_after=2024-03-03 00:00:00+00:00
[2024-03-02T22:45:48.396+0000] {processor.py:183} INFO - Processing /opt/airflow/dags/my_dag.py took 7.309 seconds
[2024-03-02T22:46:21.316+0000] {processor.py:161} INFO - Started process (PID=105) to work on /opt/airflow/dags/my_dag.py
[2024-03-02T22:46:21.376+0000] {processor.py:830} INFO - Processing file /opt/airflow/dags/my_dag.py for tasks to queue
[2024-03-02T22:46:21.379+0000] {logging_mixin.py:188} INFO - [2024-03-02T22:46:21.379+0000] {dagbag.py:538} INFO - Filling up the DagBag from /opt/airflow/dags/my_dag.py
[2024-03-02T22:46:21.698+0000] {processor.py:840} INFO - DAG(s) 'my_dag' retrieved from /opt/airflow/dags/my_dag.py
[2024-03-02T22:46:21.810+0000] {logging_mixin.py:188} INFO - [2024-03-02T22:46:21.810+0000] {dag.py:3036} INFO - Sync 1 DAGs
[2024-03-02T22:46:21.853+0000] {logging_mixin.py:188} INFO - [2024-03-02T22:46:21.853+0000] {dag.py:3823} INFO - Setting next_dagrun for my_dag to 2024-03-02 00:00:00+00:00, run_after=2024-03-03 00:00:00+00:00
[2024-03-02T22:46:21.900+0000] {processor.py:183} INFO - Processing /opt/airflow/dags/my_dag.py took 0.588 seconds
[2024-03-02T22:46:52.607+0000] {processor.py:161} INFO - Started process (PID=160) to work on /opt/airflow/dags/my_dag.py
[2024-03-02T22:46:52.608+0000] {processor.py:830} INFO - Processing file /opt/airflow/dags/my_dag.py for tasks to queue
[2024-03-02T22:46:52.611+0000] {logging_mixin.py:188} INFO - [2024-03-02T22:46:52.610+0000] {dagbag.py:538} INFO - Filling up the DagBag from /opt/airflow/dags/my_dag.py
[2024-03-02T22:46:52.634+0000] {processor.py:840} INFO - DAG(s) 'my_dag' retrieved from /opt/airflow/dags/my_dag.py
[2024-03-02T22:46:52.653+0000] {logging_mixin.py:188} INFO - [2024-03-02T22:46:52.653+0000] {dag.py:3036} INFO - Sync 1 DAGs
[2024-03-02T22:46:52.678+0000] {logging_mixin.py:188} INFO - [2024-03-02T22:46:52.678+0000] {dag.py:3823} INFO - Setting next_dagrun for my_dag to 2024-03-02 00:00:00+00:00, run_after=2024-03-03 00:00:00+00:00
[2024-03-02T22:46:52.712+0000] {processor.py:183} INFO - Processing /opt/airflow/dags/my_dag.py took 0.109 seconds
[2024-03-02T22:47:23.450+0000] {processor.py:161} INFO - Started process (PID=216) to work on /opt/airflow/dags/my_dag.py
[2024-03-02T22:47:23.451+0000] {processor.py:830} INFO - Processing file /opt/airflow/dags/my_dag.py for tasks to queue
[2024-03-02T22:47:23.454+0000] {logging_mixin.py:188} INFO - [2024-03-02T22:47:23.453+0000] {dagbag.py:538} INFO - Filling up the DagBag from /opt/airflow/dags/my_dag.py
[2024-03-02T22:47:23.483+0000] {processor.py:840} INFO - DAG(s) 'my_dag' retrieved from /opt/airflow/dags/my_dag.py
[2024-03-02T22:47:23.511+0000] {logging_mixin.py:188} INFO - [2024-03-02T22:47:23.510+0000] {dag.py:3036} INFO - Sync 1 DAGs
[2024-03-02T22:47:23.547+0000] {logging_mixin.py:188} INFO - [2024-03-02T22:47:23.544+0000] {dag.py:3823} INFO - Setting next_dagrun for my_dag to 2024-03-02 00:00:00+00:00, run_after=2024-03-03 00:00:00+00:00
[2024-03-02T22:47:23.573+0000] {processor.py:183} INFO - Processing /opt/airflow/dags/my_dag.py took 0.126 seconds
[2024-03-02T22:47:53.992+0000] {processor.py:161} INFO - Started process (PID=272) to work on /opt/airflow/dags/my_dag.py
[2024-03-02T22:47:53.993+0000] {processor.py:830} INFO - Processing file /opt/airflow/dags/my_dag.py for tasks to queue
[2024-03-02T22:47:53.995+0000] {logging_mixin.py:188} INFO - [2024-03-02T22:47:53.995+0000] {dagbag.py:538} INFO - Filling up the DagBag from /opt/airflow/dags/my_dag.py
[2024-03-02T22:47:54.016+0000] {processor.py:840} INFO - DAG(s) 'my_dag' retrieved from /opt/airflow/dags/my_dag.py
[2024-03-02T22:47:54.038+0000] {logging_mixin.py:188} INFO - [2024-03-02T22:47:54.038+0000] {dag.py:3036} INFO - Sync 1 DAGs
[2024-03-02T22:47:54.066+0000] {logging_mixin.py:188} INFO - [2024-03-02T22:47:54.065+0000] {dag.py:3823} INFO - Setting next_dagrun for my_dag to 2024-03-02 00:00:00+00:00, run_after=2024-03-03 00:00:00+00:00
[2024-03-02T22:47:54.091+0000] {processor.py:183} INFO - Processing /opt/airflow/dags/my_dag.py took 0.104 seconds
[2024-03-02T22:48:24.582+0000] {processor.py:161} INFO - Started process (PID=328) to work on /opt/airflow/dags/my_dag.py
[2024-03-02T22:48:24.586+0000] {processor.py:830} INFO - Processing file /opt/airflow/dags/my_dag.py for tasks to queue
[2024-03-02T22:48:24.590+0000] {logging_mixin.py:188} INFO - [2024-03-02T22:48:24.589+0000] {dagbag.py:538} INFO - Filling up the DagBag from /opt/airflow/dags/my_dag.py
[2024-03-02T22:48:24.626+0000] {processor.py:840} INFO - DAG(s) 'my_dag' retrieved from /opt/airflow/dags/my_dag.py
[2024-03-02T22:48:24.659+0000] {logging_mixin.py:188} INFO - [2024-03-02T22:48:24.659+0000] {dag.py:3036} INFO - Sync 1 DAGs
[2024-03-02T22:48:24.691+0000] {logging_mixin.py:188} INFO - [2024-03-02T22:48:24.691+0000] {dag.py:3823} INFO - Setting next_dagrun for my_dag to 2024-03-02 00:00:00+00:00, run_after=2024-03-03 00:00:00+00:00
[2024-03-02T22:48:24.723+0000] {processor.py:183} INFO - Processing /opt/airflow/dags/my_dag.py took 0.147 seconds
[2024-03-02T22:48:54.775+0000] {processor.py:161} INFO - Started process (PID=384) to work on /opt/airflow/dags/my_dag.py
[2024-03-02T22:48:54.777+0000] {processor.py:830} INFO - Processing file /opt/airflow/dags/my_dag.py for tasks to queue
[2024-03-02T22:48:54.779+0000] {logging_mixin.py:188} INFO - [2024-03-02T22:48:54.779+0000] {dagbag.py:538} INFO - Filling up the DagBag from /opt/airflow/dags/my_dag.py
[2024-03-02T22:48:54.801+0000] {processor.py:840} INFO - DAG(s) 'my_dag' retrieved from /opt/airflow/dags/my_dag.py
[2024-03-02T22:48:54.825+0000] {logging_mixin.py:188} INFO - [2024-03-02T22:48:54.825+0000] {dag.py:3036} INFO - Sync 1 DAGs
[2024-03-02T22:48:54.857+0000] {logging_mixin.py:188} INFO - [2024-03-02T22:48:54.856+0000] {dag.py:3823} INFO - Setting next_dagrun for my_dag to 2024-03-02 00:00:00+00:00, run_after=2024-03-03 00:00:00+00:00
[2024-03-02T22:48:54.881+0000] {processor.py:183} INFO - Processing /opt/airflow/dags/my_dag.py took 0.113 seconds
[2024-03-02T22:49:25.241+0000] {processor.py:161} INFO - Started process (PID=440) to work on /opt/airflow/dags/my_dag.py
[2024-03-02T22:49:25.242+0000] {processor.py:830} INFO - Processing file /opt/airflow/dags/my_dag.py for tasks to queue
[2024-03-02T22:49:25.244+0000] {logging_mixin.py:188} INFO - [2024-03-02T22:49:25.244+0000] {dagbag.py:538} INFO - Filling up the DagBag from /opt/airflow/dags/my_dag.py
[2024-03-02T22:49:25.269+0000] {processor.py:840} INFO - DAG(s) 'my_dag' retrieved from /opt/airflow/dags/my_dag.py
[2024-03-02T22:49:25.288+0000] {logging_mixin.py:188} INFO - [2024-03-02T22:49:25.288+0000] {dag.py:3036} INFO - Sync 1 DAGs
[2024-03-02T22:49:25.312+0000] {logging_mixin.py:188} INFO - [2024-03-02T22:49:25.311+0000] {dag.py:3823} INFO - Setting next_dagrun for my_dag to 2024-03-02 00:00:00+00:00, run_after=2024-03-03 00:00:00+00:00
[2024-03-02T22:49:25.333+0000] {processor.py:183} INFO - Processing /opt/airflow/dags/my_dag.py took 0.096 seconds
[2024-03-02T22:49:55.951+0000] {processor.py:161} INFO - Started process (PID=496) to work on /opt/airflow/dags/my_dag.py
[2024-03-02T22:49:55.953+0000] {processor.py:830} INFO - Processing file /opt/airflow/dags/my_dag.py for tasks to queue
[2024-03-02T22:49:55.956+0000] {logging_mixin.py:188} INFO - [2024-03-02T22:49:55.955+0000] {dagbag.py:538} INFO - Filling up the DagBag from /opt/airflow/dags/my_dag.py
[2024-03-02T22:49:55.977+0000] {processor.py:840} INFO - DAG(s) 'my_dag' retrieved from /opt/airflow/dags/my_dag.py
[2024-03-02T22:49:56.000+0000] {logging_mixin.py:188} INFO - [2024-03-02T22:49:56.000+0000] {dag.py:3036} INFO - Sync 1 DAGs
[2024-03-02T22:49:56.026+0000] {logging_mixin.py:188} INFO - [2024-03-02T22:49:56.025+0000] {dag.py:3823} INFO - Setting next_dagrun for my_dag to 2024-03-02 00:00:00+00:00, run_after=2024-03-03 00:00:00+00:00
[2024-03-02T22:49:56.046+0000] {processor.py:183} INFO - Processing /opt/airflow/dags/my_dag.py took 0.101 seconds
[2024-03-02T22:50:26.124+0000] {processor.py:161} INFO - Started process (PID=552) to work on /opt/airflow/dags/my_dag.py
[2024-03-02T22:50:26.126+0000] {processor.py:830} INFO - Processing file /opt/airflow/dags/my_dag.py for tasks to queue
[2024-03-02T22:50:26.128+0000] {logging_mixin.py:188} INFO - [2024-03-02T22:50:26.127+0000] {dagbag.py:538} INFO - Filling up the DagBag from /opt/airflow/dags/my_dag.py
[2024-03-02T22:50:26.148+0000] {processor.py:840} INFO - DAG(s) 'my_dag' retrieved from /opt/airflow/dags/my_dag.py
[2024-03-02T22:50:26.166+0000] {logging_mixin.py:188} INFO - [2024-03-02T22:50:26.166+0000] {dag.py:3036} INFO - Sync 1 DAGs
[2024-03-02T22:50:26.188+0000] {logging_mixin.py:188} INFO - [2024-03-02T22:50:26.188+0000] {dag.py:3823} INFO - Setting next_dagrun for my_dag to 2024-03-02 00:00:00+00:00, run_after=2024-03-03 00:00:00+00:00
[2024-03-02T22:50:26.207+0000] {processor.py:183} INFO - Processing /opt/airflow/dags/my_dag.py took 0.086 seconds
[2024-03-02T22:50:58.410+0000] {processor.py:161} INFO - Started process (PID=605) to work on /opt/airflow/dags/my_dag.py
[2024-03-02T22:50:58.411+0000] {processor.py:830} INFO - Processing file /opt/airflow/dags/my_dag.py for tasks to queue
[2024-03-02T22:50:58.414+0000] {logging_mixin.py:188} INFO - [2024-03-02T22:50:58.413+0000] {dagbag.py:538} INFO - Filling up the DagBag from /opt/airflow/dags/my_dag.py
[2024-03-02T22:50:58.435+0000] {processor.py:840} INFO - DAG(s) 'my_dag' retrieved from /opt/airflow/dags/my_dag.py
[2024-03-02T22:50:58.456+0000] {logging_mixin.py:188} INFO - [2024-03-02T22:50:58.455+0000] {dag.py:3036} INFO - Sync 1 DAGs
[2024-03-02T22:50:58.479+0000] {logging_mixin.py:188} INFO - [2024-03-02T22:50:58.479+0000] {dag.py:3823} INFO - Setting next_dagrun for my_dag to 2024-03-02 00:00:00+00:00, run_after=2024-03-03 00:00:00+00:00
[2024-03-02T22:50:58.498+0000] {processor.py:183} INFO - Processing /opt/airflow/dags/my_dag.py took 0.092 seconds
[2024-03-02T22:51:28.853+0000] {processor.py:161} INFO - Started process (PID=658) to work on /opt/airflow/dags/my_dag.py
[2024-03-02T22:51:28.855+0000] {processor.py:830} INFO - Processing file /opt/airflow/dags/my_dag.py for tasks to queue
[2024-03-02T22:51:28.857+0000] {logging_mixin.py:188} INFO - [2024-03-02T22:51:28.857+0000] {dagbag.py:538} INFO - Filling up the DagBag from /opt/airflow/dags/my_dag.py
[2024-03-02T22:51:28.879+0000] {processor.py:840} INFO - DAG(s) 'my_dag' retrieved from /opt/airflow/dags/my_dag.py
[2024-03-02T22:51:28.901+0000] {logging_mixin.py:188} INFO - [2024-03-02T22:51:28.900+0000] {dag.py:3036} INFO - Sync 1 DAGs
[2024-03-02T22:51:28.926+0000] {logging_mixin.py:188} INFO - [2024-03-02T22:51:28.926+0000] {dag.py:3823} INFO - Setting next_dagrun for my_dag to 2024-03-02 00:00:00+00:00, run_after=2024-03-03 00:00:00+00:00
[2024-03-02T22:51:28.948+0000] {processor.py:183} INFO - Processing /opt/airflow/dags/my_dag.py took 0.099 seconds
[2024-03-02T22:52:12.469+0000] {processor.py:161} INFO - Started process (PID=690) to work on /opt/airflow/dags/my_dag.py
[2024-03-02T22:52:12.470+0000] {processor.py:830} INFO - Processing file /opt/airflow/dags/my_dag.py for tasks to queue
[2024-03-02T22:52:12.486+0000] {logging_mixin.py:188} INFO - [2024-03-02T22:52:12.486+0000] {dagbag.py:538} INFO - Filling up the DagBag from /opt/airflow/dags/my_dag.py
[2024-03-02T22:52:12.989+0000] {processor.py:840} INFO - DAG(s) 'my_dag' retrieved from /opt/airflow/dags/my_dag.py
[2024-03-02T22:52:13.015+0000] {logging_mixin.py:188} INFO - [2024-03-02T22:52:13.015+0000] {dag.py:3036} INFO - Sync 1 DAGs
[2024-03-02T22:52:13.070+0000] {logging_mixin.py:188} INFO - [2024-03-02T22:52:13.070+0000] {dag.py:3823} INFO - Setting next_dagrun for my_dag to 2024-03-02 00:00:00+00:00, run_after=2024-03-03 00:00:00+00:00
[2024-03-02T22:52:13.192+0000] {processor.py:183} INFO - Processing /opt/airflow/dags/my_dag.py took 0.726 seconds
[2024-03-02T22:52:43.497+0000] {processor.py:161} INFO - Started process (PID=746) to work on /opt/airflow/dags/my_dag.py
[2024-03-02T22:52:43.498+0000] {processor.py:830} INFO - Processing file /opt/airflow/dags/my_dag.py for tasks to queue
[2024-03-02T22:52:43.501+0000] {logging_mixin.py:188} INFO - [2024-03-02T22:52:43.500+0000] {dagbag.py:538} INFO - Filling up the DagBag from /opt/airflow/dags/my_dag.py
[2024-03-02T22:52:43.523+0000] {processor.py:840} INFO - DAG(s) 'my_dag' retrieved from /opt/airflow/dags/my_dag.py
[2024-03-02T22:52:43.544+0000] {logging_mixin.py:188} INFO - [2024-03-02T22:52:43.543+0000] {dag.py:3036} INFO - Sync 1 DAGs
[2024-03-02T22:52:43.569+0000] {logging_mixin.py:188} INFO - [2024-03-02T22:52:43.568+0000] {dag.py:3823} INFO - Setting next_dagrun for my_dag to 2024-03-02 00:00:00+00:00, run_after=2024-03-03 00:00:00+00:00
[2024-03-02T22:52:43.588+0000] {processor.py:183} INFO - Processing /opt/airflow/dags/my_dag.py took 0.095 seconds
[2024-03-02T22:53:14.010+0000] {processor.py:161} INFO - Started process (PID=802) to work on /opt/airflow/dags/my_dag.py
[2024-03-02T22:53:14.025+0000] {processor.py:830} INFO - Processing file /opt/airflow/dags/my_dag.py for tasks to queue
[2024-03-02T22:53:14.026+0000] {logging_mixin.py:188} INFO - [2024-03-02T22:53:14.026+0000] {dagbag.py:538} INFO - Filling up the DagBag from /opt/airflow/dags/my_dag.py
[2024-03-02T22:53:14.102+0000] {processor.py:840} INFO - DAG(s) 'my_dag' retrieved from /opt/airflow/dags/my_dag.py
[2024-03-02T22:53:14.121+0000] {logging_mixin.py:188} INFO - [2024-03-02T22:53:14.121+0000] {dag.py:3036} INFO - Sync 1 DAGs
[2024-03-02T22:53:14.153+0000] {logging_mixin.py:188} INFO - [2024-03-02T22:53:14.153+0000] {dag.py:3823} INFO - Setting next_dagrun for my_dag to 2024-03-02 00:00:00+00:00, run_after=2024-03-03 00:00:00+00:00
[2024-03-02T22:53:14.172+0000] {processor.py:183} INFO - Processing /opt/airflow/dags/my_dag.py took 0.166 seconds
[2024-03-02T22:54:05.624+0000] {processor.py:161} INFO - Started process (PID=855) to work on /opt/airflow/dags/my_dag.py
[2024-03-02T22:54:06.240+0000] {processor.py:830} INFO - Processing file /opt/airflow/dags/my_dag.py for tasks to queue
[2024-03-02T22:54:07.619+0000] {logging_mixin.py:188} INFO - [2024-03-02T22:54:07.618+0000] {dagbag.py:538} INFO - Filling up the DagBag from /opt/airflow/dags/my_dag.py
[2024-03-02T22:54:21.955+0000] {processor.py:840} INFO - DAG(s) 'my_dag' retrieved from /opt/airflow/dags/my_dag.py
[2024-03-02T22:54:42.734+0000] {logging_mixin.py:188} INFO - [2024-03-02T22:54:42.734+0000] {dag.py:3036} INFO - Sync 1 DAGs
[2024-03-02T22:57:50.562+0000] {processor.py:161} INFO - Started process (PID=928) to work on /opt/airflow/dags/my_dag.py
[2024-03-02T22:57:50.588+0000] {processor.py:830} INFO - Processing file /opt/airflow/dags/my_dag.py for tasks to queue
[2024-03-02T22:57:50.590+0000] {logging_mixin.py:188} INFO - [2024-03-02T22:57:50.589+0000] {dagbag.py:538} INFO - Filling up the DagBag from /opt/airflow/dags/my_dag.py
[2024-03-02T22:57:50.968+0000] {processor.py:840} INFO - DAG(s) 'my_dag' retrieved from /opt/airflow/dags/my_dag.py
[2024-03-02T22:57:51.301+0000] {logging_mixin.py:188} INFO - [2024-03-02T22:57:51.300+0000] {dag.py:3036} INFO - Sync 1 DAGs
[2024-03-02T22:57:51.331+0000] {logging_mixin.py:188} INFO - [2024-03-02T22:57:51.330+0000] {dag.py:3823} INFO - Setting next_dagrun for my_dag to 2024-03-02 00:00:00+00:00, run_after=2024-03-03 00:00:00+00:00
[2024-03-02T22:57:51.574+0000] {processor.py:183} INFO - Processing /opt/airflow/dags/my_dag.py took 1.019 seconds
