[2024-02-21T19:50:00.915+0000] {processor.py:161} INFO - Started process (PID=77) to work on /home/airflow/.local/lib/python3.8/site-packages/airflow/example_dags/example_sensors.py
[2024-02-21T19:50:00.917+0000] {processor.py:830} INFO - Processing file /home/airflow/.local/lib/python3.8/site-packages/airflow/example_dags/example_sensors.py for tasks to queue
[2024-02-21T19:50:00.920+0000] {logging_mixin.py:188} INFO - [2024-02-21T19:50:00.920+0000] {dagbag.py:538} INFO - Filling up the DagBag from /home/airflow/.local/lib/python3.8/site-packages/airflow/example_dags/example_sensors.py
[2024-02-21T19:50:00.935+0000] {processor.py:840} INFO - DAG(s) 'example_sensors' retrieved from /home/airflow/.local/lib/python3.8/site-packages/airflow/example_dags/example_sensors.py
[2024-02-21T19:50:01.290+0000] {logging_mixin.py:188} INFO - [2024-02-21T19:50:01.289+0000] {dag.py:3036} INFO - Sync 1 DAGs
[2024-02-21T19:50:01.300+0000] {logging_mixin.py:188} INFO - [2024-02-21T19:50:01.300+0000] {dag.py:3823} INFO - Setting next_dagrun for example_sensors to None, run_after=None
[2024-02-21T19:50:01.319+0000] {processor.py:183} INFO - Processing /home/airflow/.local/lib/python3.8/site-packages/airflow/example_dags/example_sensors.py took 0.409 seconds
[2024-02-21T19:50:31.474+0000] {processor.py:161} INFO - Started process (PID=132) to work on /home/airflow/.local/lib/python3.8/site-packages/airflow/example_dags/example_sensors.py
[2024-02-21T19:50:31.475+0000] {processor.py:830} INFO - Processing file /home/airflow/.local/lib/python3.8/site-packages/airflow/example_dags/example_sensors.py for tasks to queue
[2024-02-21T19:50:31.477+0000] {logging_mixin.py:188} INFO - [2024-02-21T19:50:31.477+0000] {dagbag.py:538} INFO - Filling up the DagBag from /home/airflow/.local/lib/python3.8/site-packages/airflow/example_dags/example_sensors.py
[2024-02-21T19:50:31.486+0000] {processor.py:840} INFO - DAG(s) 'example_sensors' retrieved from /home/airflow/.local/lib/python3.8/site-packages/airflow/example_dags/example_sensors.py
[2024-02-21T19:50:31.509+0000] {logging_mixin.py:188} INFO - [2024-02-21T19:50:31.509+0000] {dag.py:3036} INFO - Sync 1 DAGs
[2024-02-21T19:50:31.522+0000] {logging_mixin.py:188} INFO - [2024-02-21T19:50:31.522+0000] {dag.py:3823} INFO - Setting next_dagrun for example_sensors to None, run_after=None
[2024-02-21T19:50:31.543+0000] {processor.py:183} INFO - Processing /home/airflow/.local/lib/python3.8/site-packages/airflow/example_dags/example_sensors.py took 0.071 seconds
[2024-02-21T19:51:01.615+0000] {processor.py:161} INFO - Started process (PID=187) to work on /home/airflow/.local/lib/python3.8/site-packages/airflow/example_dags/example_sensors.py
[2024-02-21T19:51:01.616+0000] {processor.py:830} INFO - Processing file /home/airflow/.local/lib/python3.8/site-packages/airflow/example_dags/example_sensors.py for tasks to queue
[2024-02-21T19:51:01.618+0000] {logging_mixin.py:188} INFO - [2024-02-21T19:51:01.617+0000] {dagbag.py:538} INFO - Filling up the DagBag from /home/airflow/.local/lib/python3.8/site-packages/airflow/example_dags/example_sensors.py
[2024-02-21T19:51:01.626+0000] {processor.py:840} INFO - DAG(s) 'example_sensors' retrieved from /home/airflow/.local/lib/python3.8/site-packages/airflow/example_dags/example_sensors.py
[2024-02-21T19:51:01.649+0000] {logging_mixin.py:188} INFO - [2024-02-21T19:51:01.649+0000] {dag.py:3036} INFO - Sync 1 DAGs
[2024-02-21T19:51:01.661+0000] {logging_mixin.py:188} INFO - [2024-02-21T19:51:01.661+0000] {dag.py:3823} INFO - Setting next_dagrun for example_sensors to None, run_after=None
[2024-02-21T19:51:01.682+0000] {processor.py:183} INFO - Processing /home/airflow/.local/lib/python3.8/site-packages/airflow/example_dags/example_sensors.py took 0.070 seconds
[2024-02-21T19:51:32.094+0000] {processor.py:161} INFO - Started process (PID=242) to work on /home/airflow/.local/lib/python3.8/site-packages/airflow/example_dags/example_sensors.py
[2024-02-21T19:51:32.095+0000] {processor.py:830} INFO - Processing file /home/airflow/.local/lib/python3.8/site-packages/airflow/example_dags/example_sensors.py for tasks to queue
[2024-02-21T19:51:32.096+0000] {logging_mixin.py:188} INFO - [2024-02-21T19:51:32.096+0000] {dagbag.py:538} INFO - Filling up the DagBag from /home/airflow/.local/lib/python3.8/site-packages/airflow/example_dags/example_sensors.py
[2024-02-21T19:51:32.105+0000] {processor.py:840} INFO - DAG(s) 'example_sensors' retrieved from /home/airflow/.local/lib/python3.8/site-packages/airflow/example_dags/example_sensors.py
[2024-02-21T19:51:32.129+0000] {logging_mixin.py:188} INFO - [2024-02-21T19:51:32.128+0000] {dag.py:3036} INFO - Sync 1 DAGs
[2024-02-21T19:51:32.142+0000] {logging_mixin.py:188} INFO - [2024-02-21T19:51:32.142+0000] {dag.py:3823} INFO - Setting next_dagrun for example_sensors to None, run_after=None
[2024-02-21T19:51:32.164+0000] {processor.py:183} INFO - Processing /home/airflow/.local/lib/python3.8/site-packages/airflow/example_dags/example_sensors.py took 0.074 seconds
[2024-02-21T19:52:02.791+0000] {processor.py:161} INFO - Started process (PID=297) to work on /home/airflow/.local/lib/python3.8/site-packages/airflow/example_dags/example_sensors.py
[2024-02-21T19:52:02.792+0000] {processor.py:830} INFO - Processing file /home/airflow/.local/lib/python3.8/site-packages/airflow/example_dags/example_sensors.py for tasks to queue
[2024-02-21T19:52:02.794+0000] {logging_mixin.py:188} INFO - [2024-02-21T19:52:02.794+0000] {dagbag.py:538} INFO - Filling up the DagBag from /home/airflow/.local/lib/python3.8/site-packages/airflow/example_dags/example_sensors.py
[2024-02-21T19:52:02.803+0000] {processor.py:840} INFO - DAG(s) 'example_sensors' retrieved from /home/airflow/.local/lib/python3.8/site-packages/airflow/example_dags/example_sensors.py
[2024-02-21T19:52:02.827+0000] {logging_mixin.py:188} INFO - [2024-02-21T19:52:02.827+0000] {dag.py:3036} INFO - Sync 1 DAGs
[2024-02-21T19:52:02.839+0000] {logging_mixin.py:188} INFO - [2024-02-21T19:52:02.838+0000] {dag.py:3823} INFO - Setting next_dagrun for example_sensors to None, run_after=None
[2024-02-21T19:52:02.856+0000] {processor.py:183} INFO - Processing /home/airflow/.local/lib/python3.8/site-packages/airflow/example_dags/example_sensors.py took 0.068 seconds
[2024-02-21T19:52:33.030+0000] {processor.py:161} INFO - Started process (PID=352) to work on /home/airflow/.local/lib/python3.8/site-packages/airflow/example_dags/example_sensors.py
[2024-02-21T19:52:33.031+0000] {processor.py:830} INFO - Processing file /home/airflow/.local/lib/python3.8/site-packages/airflow/example_dags/example_sensors.py for tasks to queue
[2024-02-21T19:52:33.033+0000] {logging_mixin.py:188} INFO - [2024-02-21T19:52:33.032+0000] {dagbag.py:538} INFO - Filling up the DagBag from /home/airflow/.local/lib/python3.8/site-packages/airflow/example_dags/example_sensors.py
[2024-02-21T19:52:33.043+0000] {processor.py:840} INFO - DAG(s) 'example_sensors' retrieved from /home/airflow/.local/lib/python3.8/site-packages/airflow/example_dags/example_sensors.py
[2024-02-21T19:52:33.070+0000] {logging_mixin.py:188} INFO - [2024-02-21T19:52:33.070+0000] {dag.py:3036} INFO - Sync 1 DAGs
[2024-02-21T19:52:33.085+0000] {logging_mixin.py:188} INFO - [2024-02-21T19:52:33.084+0000] {dag.py:3823} INFO - Setting next_dagrun for example_sensors to None, run_after=None
[2024-02-21T19:52:33.107+0000] {processor.py:183} INFO - Processing /home/airflow/.local/lib/python3.8/site-packages/airflow/example_dags/example_sensors.py took 0.080 seconds
[2024-02-21T19:53:03.937+0000] {processor.py:161} INFO - Started process (PID=407) to work on /home/airflow/.local/lib/python3.8/site-packages/airflow/example_dags/example_sensors.py
[2024-02-21T19:53:03.938+0000] {processor.py:830} INFO - Processing file /home/airflow/.local/lib/python3.8/site-packages/airflow/example_dags/example_sensors.py for tasks to queue
[2024-02-21T19:53:03.941+0000] {logging_mixin.py:188} INFO - [2024-02-21T19:53:03.940+0000] {dagbag.py:538} INFO - Filling up the DagBag from /home/airflow/.local/lib/python3.8/site-packages/airflow/example_dags/example_sensors.py
[2024-02-21T19:53:03.953+0000] {processor.py:840} INFO - DAG(s) 'example_sensors' retrieved from /home/airflow/.local/lib/python3.8/site-packages/airflow/example_dags/example_sensors.py
[2024-02-21T19:53:03.984+0000] {logging_mixin.py:188} INFO - [2024-02-21T19:53:03.984+0000] {dag.py:3036} INFO - Sync 1 DAGs
[2024-02-21T19:53:04.003+0000] {logging_mixin.py:188} INFO - [2024-02-21T19:53:04.002+0000] {dag.py:3823} INFO - Setting next_dagrun for example_sensors to None, run_after=None
[2024-02-21T19:53:04.026+0000] {processor.py:183} INFO - Processing /home/airflow/.local/lib/python3.8/site-packages/airflow/example_dags/example_sensors.py took 0.092 seconds
[2024-02-21T19:53:34.245+0000] {processor.py:161} INFO - Started process (PID=462) to work on /home/airflow/.local/lib/python3.8/site-packages/airflow/example_dags/example_sensors.py
[2024-02-21T19:53:34.246+0000] {processor.py:830} INFO - Processing file /home/airflow/.local/lib/python3.8/site-packages/airflow/example_dags/example_sensors.py for tasks to queue
[2024-02-21T19:53:34.249+0000] {logging_mixin.py:188} INFO - [2024-02-21T19:53:34.249+0000] {dagbag.py:538} INFO - Filling up the DagBag from /home/airflow/.local/lib/python3.8/site-packages/airflow/example_dags/example_sensors.py
[2024-02-21T19:53:34.258+0000] {processor.py:840} INFO - DAG(s) 'example_sensors' retrieved from /home/airflow/.local/lib/python3.8/site-packages/airflow/example_dags/example_sensors.py
[2024-02-21T19:53:34.281+0000] {logging_mixin.py:188} INFO - [2024-02-21T19:53:34.280+0000] {dag.py:3036} INFO - Sync 1 DAGs
[2024-02-21T19:53:34.294+0000] {logging_mixin.py:188} INFO - [2024-02-21T19:53:34.293+0000] {dag.py:3823} INFO - Setting next_dagrun for example_sensors to None, run_after=None
[2024-02-21T19:53:34.313+0000] {processor.py:183} INFO - Processing /home/airflow/.local/lib/python3.8/site-packages/airflow/example_dags/example_sensors.py took 0.071 seconds
[2024-02-21T19:54:04.537+0000] {processor.py:161} INFO - Started process (PID=517) to work on /home/airflow/.local/lib/python3.8/site-packages/airflow/example_dags/example_sensors.py
[2024-02-21T19:54:04.539+0000] {processor.py:830} INFO - Processing file /home/airflow/.local/lib/python3.8/site-packages/airflow/example_dags/example_sensors.py for tasks to queue
[2024-02-21T19:54:04.540+0000] {logging_mixin.py:188} INFO - [2024-02-21T19:54:04.540+0000] {dagbag.py:538} INFO - Filling up the DagBag from /home/airflow/.local/lib/python3.8/site-packages/airflow/example_dags/example_sensors.py
[2024-02-21T19:54:04.550+0000] {processor.py:840} INFO - DAG(s) 'example_sensors' retrieved from /home/airflow/.local/lib/python3.8/site-packages/airflow/example_dags/example_sensors.py
[2024-02-21T19:54:04.582+0000] {logging_mixin.py:188} INFO - [2024-02-21T19:54:04.582+0000] {dag.py:3036} INFO - Sync 1 DAGs
[2024-02-21T19:54:04.596+0000] {logging_mixin.py:188} INFO - [2024-02-21T19:54:04.596+0000] {dag.py:3823} INFO - Setting next_dagrun for example_sensors to None, run_after=None
[2024-02-21T19:54:04.615+0000] {processor.py:183} INFO - Processing /home/airflow/.local/lib/python3.8/site-packages/airflow/example_dags/example_sensors.py took 0.081 seconds
[2024-02-21T19:54:36.358+0000] {processor.py:161} INFO - Started process (PID=572) to work on /home/airflow/.local/lib/python3.8/site-packages/airflow/example_dags/example_sensors.py
[2024-02-21T19:54:36.359+0000] {processor.py:830} INFO - Processing file /home/airflow/.local/lib/python3.8/site-packages/airflow/example_dags/example_sensors.py for tasks to queue
[2024-02-21T19:54:36.361+0000] {logging_mixin.py:188} INFO - [2024-02-21T19:54:36.361+0000] {dagbag.py:538} INFO - Filling up the DagBag from /home/airflow/.local/lib/python3.8/site-packages/airflow/example_dags/example_sensors.py
[2024-02-21T19:54:36.372+0000] {processor.py:840} INFO - DAG(s) 'example_sensors' retrieved from /home/airflow/.local/lib/python3.8/site-packages/airflow/example_dags/example_sensors.py
[2024-02-21T19:54:36.399+0000] {logging_mixin.py:188} INFO - [2024-02-21T19:54:36.399+0000] {dag.py:3036} INFO - Sync 1 DAGs
[2024-02-21T19:54:36.414+0000] {logging_mixin.py:188} INFO - [2024-02-21T19:54:36.414+0000] {dag.py:3823} INFO - Setting next_dagrun for example_sensors to None, run_after=None
[2024-02-21T19:54:36.445+0000] {processor.py:183} INFO - Processing /home/airflow/.local/lib/python3.8/site-packages/airflow/example_dags/example_sensors.py took 0.090 seconds
[2024-02-21T19:55:06.844+0000] {processor.py:161} INFO - Started process (PID=627) to work on /home/airflow/.local/lib/python3.8/site-packages/airflow/example_dags/example_sensors.py
[2024-02-21T19:55:06.845+0000] {processor.py:830} INFO - Processing file /home/airflow/.local/lib/python3.8/site-packages/airflow/example_dags/example_sensors.py for tasks to queue
[2024-02-21T19:55:06.847+0000] {logging_mixin.py:188} INFO - [2024-02-21T19:55:06.847+0000] {dagbag.py:538} INFO - Filling up the DagBag from /home/airflow/.local/lib/python3.8/site-packages/airflow/example_dags/example_sensors.py
[2024-02-21T19:55:06.856+0000] {processor.py:840} INFO - DAG(s) 'example_sensors' retrieved from /home/airflow/.local/lib/python3.8/site-packages/airflow/example_dags/example_sensors.py
[2024-02-21T19:55:06.881+0000] {logging_mixin.py:188} INFO - [2024-02-21T19:55:06.881+0000] {dag.py:3036} INFO - Sync 1 DAGs
[2024-02-21T19:55:06.893+0000] {logging_mixin.py:188} INFO - [2024-02-21T19:55:06.893+0000] {dag.py:3823} INFO - Setting next_dagrun for example_sensors to None, run_after=None
[2024-02-21T19:55:06.912+0000] {processor.py:183} INFO - Processing /home/airflow/.local/lib/python3.8/site-packages/airflow/example_dags/example_sensors.py took 0.072 seconds
[2024-02-21T19:55:37.466+0000] {processor.py:161} INFO - Started process (PID=682) to work on /home/airflow/.local/lib/python3.8/site-packages/airflow/example_dags/example_sensors.py
[2024-02-21T19:55:37.467+0000] {processor.py:830} INFO - Processing file /home/airflow/.local/lib/python3.8/site-packages/airflow/example_dags/example_sensors.py for tasks to queue
[2024-02-21T19:55:37.469+0000] {logging_mixin.py:188} INFO - [2024-02-21T19:55:37.469+0000] {dagbag.py:538} INFO - Filling up the DagBag from /home/airflow/.local/lib/python3.8/site-packages/airflow/example_dags/example_sensors.py
[2024-02-21T19:55:37.481+0000] {processor.py:840} INFO - DAG(s) 'example_sensors' retrieved from /home/airflow/.local/lib/python3.8/site-packages/airflow/example_dags/example_sensors.py
[2024-02-21T19:55:37.514+0000] {logging_mixin.py:188} INFO - [2024-02-21T19:55:37.513+0000] {dag.py:3036} INFO - Sync 1 DAGs
[2024-02-21T19:55:37.527+0000] {logging_mixin.py:188} INFO - [2024-02-21T19:55:37.527+0000] {dag.py:3823} INFO - Setting next_dagrun for example_sensors to None, run_after=None
[2024-02-21T19:55:37.546+0000] {processor.py:183} INFO - Processing /home/airflow/.local/lib/python3.8/site-packages/airflow/example_dags/example_sensors.py took 0.084 seconds
[2024-02-21T19:56:07.785+0000] {processor.py:161} INFO - Started process (PID=743) to work on /home/airflow/.local/lib/python3.8/site-packages/airflow/example_dags/example_sensors.py
[2024-02-21T19:56:07.787+0000] {processor.py:830} INFO - Processing file /home/airflow/.local/lib/python3.8/site-packages/airflow/example_dags/example_sensors.py for tasks to queue
[2024-02-21T19:56:07.789+0000] {logging_mixin.py:188} INFO - [2024-02-21T19:56:07.789+0000] {dagbag.py:538} INFO - Filling up the DagBag from /home/airflow/.local/lib/python3.8/site-packages/airflow/example_dags/example_sensors.py
[2024-02-21T19:56:07.799+0000] {processor.py:840} INFO - DAG(s) 'example_sensors' retrieved from /home/airflow/.local/lib/python3.8/site-packages/airflow/example_dags/example_sensors.py
[2024-02-21T19:56:07.827+0000] {logging_mixin.py:188} INFO - [2024-02-21T19:56:07.826+0000] {dag.py:3036} INFO - Sync 1 DAGs
[2024-02-21T19:56:07.840+0000] {logging_mixin.py:188} INFO - [2024-02-21T19:56:07.840+0000] {dag.py:3823} INFO - Setting next_dagrun for example_sensors to None, run_after=None
[2024-02-21T19:56:07.863+0000] {processor.py:183} INFO - Processing /home/airflow/.local/lib/python3.8/site-packages/airflow/example_dags/example_sensors.py took 0.083 seconds
[2024-02-21T19:56:37.933+0000] {processor.py:161} INFO - Started process (PID=798) to work on /home/airflow/.local/lib/python3.8/site-packages/airflow/example_dags/example_sensors.py
[2024-02-21T19:56:37.934+0000] {processor.py:830} INFO - Processing file /home/airflow/.local/lib/python3.8/site-packages/airflow/example_dags/example_sensors.py for tasks to queue
[2024-02-21T19:56:37.936+0000] {logging_mixin.py:188} INFO - [2024-02-21T19:56:37.936+0000] {dagbag.py:538} INFO - Filling up the DagBag from /home/airflow/.local/lib/python3.8/site-packages/airflow/example_dags/example_sensors.py
[2024-02-21T19:56:37.945+0000] {processor.py:840} INFO - DAG(s) 'example_sensors' retrieved from /home/airflow/.local/lib/python3.8/site-packages/airflow/example_dags/example_sensors.py
[2024-02-21T19:56:37.970+0000] {logging_mixin.py:188} INFO - [2024-02-21T19:56:37.970+0000] {dag.py:3036} INFO - Sync 1 DAGs
[2024-02-21T19:56:37.983+0000] {logging_mixin.py:188} INFO - [2024-02-21T19:56:37.983+0000] {dag.py:3823} INFO - Setting next_dagrun for example_sensors to None, run_after=None
[2024-02-21T19:56:38.000+0000] {processor.py:183} INFO - Processing /home/airflow/.local/lib/python3.8/site-packages/airflow/example_dags/example_sensors.py took 0.070 seconds
[2024-02-21T19:57:08.189+0000] {processor.py:161} INFO - Started process (PID=853) to work on /home/airflow/.local/lib/python3.8/site-packages/airflow/example_dags/example_sensors.py
[2024-02-21T19:57:08.190+0000] {processor.py:830} INFO - Processing file /home/airflow/.local/lib/python3.8/site-packages/airflow/example_dags/example_sensors.py for tasks to queue
[2024-02-21T19:57:08.193+0000] {logging_mixin.py:188} INFO - [2024-02-21T19:57:08.192+0000] {dagbag.py:538} INFO - Filling up the DagBag from /home/airflow/.local/lib/python3.8/site-packages/airflow/example_dags/example_sensors.py
[2024-02-21T19:57:08.204+0000] {processor.py:840} INFO - DAG(s) 'example_sensors' retrieved from /home/airflow/.local/lib/python3.8/site-packages/airflow/example_dags/example_sensors.py
[2024-02-21T19:57:08.231+0000] {logging_mixin.py:188} INFO - [2024-02-21T19:57:08.230+0000] {dag.py:3036} INFO - Sync 1 DAGs
[2024-02-21T19:57:08.244+0000] {logging_mixin.py:188} INFO - [2024-02-21T19:57:08.243+0000] {dag.py:3823} INFO - Setting next_dagrun for example_sensors to None, run_after=None
[2024-02-21T19:57:08.263+0000] {processor.py:183} INFO - Processing /home/airflow/.local/lib/python3.8/site-packages/airflow/example_dags/example_sensors.py took 0.077 seconds
[2024-02-21T19:57:38.433+0000] {processor.py:161} INFO - Started process (PID=908) to work on /home/airflow/.local/lib/python3.8/site-packages/airflow/example_dags/example_sensors.py
[2024-02-21T19:57:38.434+0000] {processor.py:830} INFO - Processing file /home/airflow/.local/lib/python3.8/site-packages/airflow/example_dags/example_sensors.py for tasks to queue
[2024-02-21T19:57:38.437+0000] {logging_mixin.py:188} INFO - [2024-02-21T19:57:38.436+0000] {dagbag.py:538} INFO - Filling up the DagBag from /home/airflow/.local/lib/python3.8/site-packages/airflow/example_dags/example_sensors.py
[2024-02-21T19:57:38.447+0000] {processor.py:840} INFO - DAG(s) 'example_sensors' retrieved from /home/airflow/.local/lib/python3.8/site-packages/airflow/example_dags/example_sensors.py
[2024-02-21T19:57:38.477+0000] {logging_mixin.py:188} INFO - [2024-02-21T19:57:38.477+0000] {dag.py:3036} INFO - Sync 1 DAGs
[2024-02-21T19:57:38.492+0000] {logging_mixin.py:188} INFO - [2024-02-21T19:57:38.492+0000] {dag.py:3823} INFO - Setting next_dagrun for example_sensors to None, run_after=None
[2024-02-21T19:57:38.514+0000] {processor.py:183} INFO - Processing /home/airflow/.local/lib/python3.8/site-packages/airflow/example_dags/example_sensors.py took 0.084 seconds
[2024-02-21T19:58:08.885+0000] {processor.py:161} INFO - Started process (PID=963) to work on /home/airflow/.local/lib/python3.8/site-packages/airflow/example_dags/example_sensors.py
[2024-02-21T19:58:08.886+0000] {processor.py:830} INFO - Processing file /home/airflow/.local/lib/python3.8/site-packages/airflow/example_dags/example_sensors.py for tasks to queue
[2024-02-21T19:58:08.889+0000] {logging_mixin.py:188} INFO - [2024-02-21T19:58:08.888+0000] {dagbag.py:538} INFO - Filling up the DagBag from /home/airflow/.local/lib/python3.8/site-packages/airflow/example_dags/example_sensors.py
[2024-02-21T19:58:08.901+0000] {processor.py:840} INFO - DAG(s) 'example_sensors' retrieved from /home/airflow/.local/lib/python3.8/site-packages/airflow/example_dags/example_sensors.py
[2024-02-21T19:58:08.928+0000] {logging_mixin.py:188} INFO - [2024-02-21T19:58:08.928+0000] {dag.py:3036} INFO - Sync 1 DAGs
[2024-02-21T19:58:08.945+0000] {logging_mixin.py:188} INFO - [2024-02-21T19:58:08.945+0000] {dag.py:3823} INFO - Setting next_dagrun for example_sensors to None, run_after=None
[2024-02-21T19:58:08.968+0000] {processor.py:183} INFO - Processing /home/airflow/.local/lib/python3.8/site-packages/airflow/example_dags/example_sensors.py took 0.086 seconds
[2024-02-21T19:58:39.348+0000] {processor.py:161} INFO - Started process (PID=1018) to work on /home/airflow/.local/lib/python3.8/site-packages/airflow/example_dags/example_sensors.py
[2024-02-21T19:58:39.349+0000] {processor.py:830} INFO - Processing file /home/airflow/.local/lib/python3.8/site-packages/airflow/example_dags/example_sensors.py for tasks to queue
[2024-02-21T19:58:39.350+0000] {logging_mixin.py:188} INFO - [2024-02-21T19:58:39.350+0000] {dagbag.py:538} INFO - Filling up the DagBag from /home/airflow/.local/lib/python3.8/site-packages/airflow/example_dags/example_sensors.py
[2024-02-21T19:58:39.358+0000] {processor.py:840} INFO - DAG(s) 'example_sensors' retrieved from /home/airflow/.local/lib/python3.8/site-packages/airflow/example_dags/example_sensors.py
[2024-02-21T19:58:39.380+0000] {logging_mixin.py:188} INFO - [2024-02-21T19:58:39.380+0000] {dag.py:3036} INFO - Sync 1 DAGs
[2024-02-21T19:58:39.392+0000] {logging_mixin.py:188} INFO - [2024-02-21T19:58:39.392+0000] {dag.py:3823} INFO - Setting next_dagrun for example_sensors to None, run_after=None
[2024-02-21T19:58:39.416+0000] {processor.py:183} INFO - Processing /home/airflow/.local/lib/python3.8/site-packages/airflow/example_dags/example_sensors.py took 0.070 seconds
[2024-02-21T19:59:09.818+0000] {processor.py:161} INFO - Started process (PID=1073) to work on /home/airflow/.local/lib/python3.8/site-packages/airflow/example_dags/example_sensors.py
[2024-02-21T19:59:09.819+0000] {processor.py:830} INFO - Processing file /home/airflow/.local/lib/python3.8/site-packages/airflow/example_dags/example_sensors.py for tasks to queue
[2024-02-21T19:59:09.821+0000] {logging_mixin.py:188} INFO - [2024-02-21T19:59:09.820+0000] {dagbag.py:538} INFO - Filling up the DagBag from /home/airflow/.local/lib/python3.8/site-packages/airflow/example_dags/example_sensors.py
[2024-02-21T19:59:09.830+0000] {processor.py:840} INFO - DAG(s) 'example_sensors' retrieved from /home/airflow/.local/lib/python3.8/site-packages/airflow/example_dags/example_sensors.py
[2024-02-21T19:59:09.858+0000] {logging_mixin.py:188} INFO - [2024-02-21T19:59:09.857+0000] {dag.py:3036} INFO - Sync 1 DAGs
[2024-02-21T19:59:09.875+0000] {logging_mixin.py:188} INFO - [2024-02-21T19:59:09.874+0000] {dag.py:3823} INFO - Setting next_dagrun for example_sensors to None, run_after=None
[2024-02-21T19:59:09.895+0000] {processor.py:183} INFO - Processing /home/airflow/.local/lib/python3.8/site-packages/airflow/example_dags/example_sensors.py took 0.080 seconds
[2024-02-21T19:59:40.220+0000] {processor.py:161} INFO - Started process (PID=1128) to work on /home/airflow/.local/lib/python3.8/site-packages/airflow/example_dags/example_sensors.py
[2024-02-21T19:59:40.221+0000] {processor.py:830} INFO - Processing file /home/airflow/.local/lib/python3.8/site-packages/airflow/example_dags/example_sensors.py for tasks to queue
[2024-02-21T19:59:40.224+0000] {logging_mixin.py:188} INFO - [2024-02-21T19:59:40.223+0000] {dagbag.py:538} INFO - Filling up the DagBag from /home/airflow/.local/lib/python3.8/site-packages/airflow/example_dags/example_sensors.py
[2024-02-21T19:59:40.235+0000] {processor.py:840} INFO - DAG(s) 'example_sensors' retrieved from /home/airflow/.local/lib/python3.8/site-packages/airflow/example_dags/example_sensors.py
[2024-02-21T19:59:40.267+0000] {logging_mixin.py:188} INFO - [2024-02-21T19:59:40.266+0000] {dag.py:3036} INFO - Sync 1 DAGs
[2024-02-21T19:59:40.281+0000] {logging_mixin.py:188} INFO - [2024-02-21T19:59:40.281+0000] {dag.py:3823} INFO - Setting next_dagrun for example_sensors to None, run_after=None
[2024-02-21T19:59:40.309+0000] {processor.py:183} INFO - Processing /home/airflow/.local/lib/python3.8/site-packages/airflow/example_dags/example_sensors.py took 0.093 seconds
[2024-02-21T20:00:10.827+0000] {processor.py:161} INFO - Started process (PID=1183) to work on /home/airflow/.local/lib/python3.8/site-packages/airflow/example_dags/example_sensors.py
[2024-02-21T20:00:10.828+0000] {processor.py:830} INFO - Processing file /home/airflow/.local/lib/python3.8/site-packages/airflow/example_dags/example_sensors.py for tasks to queue
[2024-02-21T20:00:10.832+0000] {logging_mixin.py:188} INFO - [2024-02-21T20:00:10.831+0000] {dagbag.py:538} INFO - Filling up the DagBag from /home/airflow/.local/lib/python3.8/site-packages/airflow/example_dags/example_sensors.py
[2024-02-21T20:00:10.843+0000] {processor.py:840} INFO - DAG(s) 'example_sensors' retrieved from /home/airflow/.local/lib/python3.8/site-packages/airflow/example_dags/example_sensors.py
[2024-02-21T20:00:10.874+0000] {logging_mixin.py:188} INFO - [2024-02-21T20:00:10.874+0000] {dag.py:3036} INFO - Sync 1 DAGs
[2024-02-21T20:00:10.891+0000] {logging_mixin.py:188} INFO - [2024-02-21T20:00:10.891+0000] {dag.py:3823} INFO - Setting next_dagrun for example_sensors to None, run_after=None
[2024-02-21T20:00:10.916+0000] {processor.py:183} INFO - Processing /home/airflow/.local/lib/python3.8/site-packages/airflow/example_dags/example_sensors.py took 0.092 seconds
[2024-02-21T20:00:41.261+0000] {processor.py:161} INFO - Started process (PID=1238) to work on /home/airflow/.local/lib/python3.8/site-packages/airflow/example_dags/example_sensors.py
[2024-02-21T20:00:41.262+0000] {processor.py:830} INFO - Processing file /home/airflow/.local/lib/python3.8/site-packages/airflow/example_dags/example_sensors.py for tasks to queue
[2024-02-21T20:00:41.265+0000] {logging_mixin.py:188} INFO - [2024-02-21T20:00:41.264+0000] {dagbag.py:538} INFO - Filling up the DagBag from /home/airflow/.local/lib/python3.8/site-packages/airflow/example_dags/example_sensors.py
[2024-02-21T20:00:41.276+0000] {processor.py:840} INFO - DAG(s) 'example_sensors' retrieved from /home/airflow/.local/lib/python3.8/site-packages/airflow/example_dags/example_sensors.py
[2024-02-21T20:00:41.302+0000] {logging_mixin.py:188} INFO - [2024-02-21T20:00:41.301+0000] {dag.py:3036} INFO - Sync 1 DAGs
[2024-02-21T20:00:41.315+0000] {logging_mixin.py:188} INFO - [2024-02-21T20:00:41.315+0000] {dag.py:3823} INFO - Setting next_dagrun for example_sensors to None, run_after=None
[2024-02-21T20:00:41.336+0000] {processor.py:183} INFO - Processing /home/airflow/.local/lib/python3.8/site-packages/airflow/example_dags/example_sensors.py took 0.079 seconds
[2024-02-21T20:01:11.661+0000] {processor.py:161} INFO - Started process (PID=1293) to work on /home/airflow/.local/lib/python3.8/site-packages/airflow/example_dags/example_sensors.py
[2024-02-21T20:01:11.662+0000] {processor.py:830} INFO - Processing file /home/airflow/.local/lib/python3.8/site-packages/airflow/example_dags/example_sensors.py for tasks to queue
[2024-02-21T20:01:11.664+0000] {logging_mixin.py:188} INFO - [2024-02-21T20:01:11.664+0000] {dagbag.py:538} INFO - Filling up the DagBag from /home/airflow/.local/lib/python3.8/site-packages/airflow/example_dags/example_sensors.py
[2024-02-21T20:01:11.672+0000] {processor.py:840} INFO - DAG(s) 'example_sensors' retrieved from /home/airflow/.local/lib/python3.8/site-packages/airflow/example_dags/example_sensors.py
[2024-02-21T20:01:11.694+0000] {logging_mixin.py:188} INFO - [2024-02-21T20:01:11.694+0000] {dag.py:3036} INFO - Sync 1 DAGs
[2024-02-21T20:01:11.706+0000] {logging_mixin.py:188} INFO - [2024-02-21T20:01:11.706+0000] {dag.py:3823} INFO - Setting next_dagrun for example_sensors to None, run_after=None
[2024-02-21T20:01:11.723+0000] {processor.py:183} INFO - Processing /home/airflow/.local/lib/python3.8/site-packages/airflow/example_dags/example_sensors.py took 0.065 seconds
[2024-02-21T20:01:42.061+0000] {processor.py:161} INFO - Started process (PID=1348) to work on /home/airflow/.local/lib/python3.8/site-packages/airflow/example_dags/example_sensors.py
[2024-02-21T20:01:42.062+0000] {processor.py:830} INFO - Processing file /home/airflow/.local/lib/python3.8/site-packages/airflow/example_dags/example_sensors.py for tasks to queue
[2024-02-21T20:01:42.063+0000] {logging_mixin.py:188} INFO - [2024-02-21T20:01:42.063+0000] {dagbag.py:538} INFO - Filling up the DagBag from /home/airflow/.local/lib/python3.8/site-packages/airflow/example_dags/example_sensors.py
[2024-02-21T20:01:42.071+0000] {processor.py:840} INFO - DAG(s) 'example_sensors' retrieved from /home/airflow/.local/lib/python3.8/site-packages/airflow/example_dags/example_sensors.py
[2024-02-21T20:01:42.098+0000] {logging_mixin.py:188} INFO - [2024-02-21T20:01:42.097+0000] {dag.py:3036} INFO - Sync 1 DAGs
[2024-02-21T20:01:42.111+0000] {logging_mixin.py:188} INFO - [2024-02-21T20:01:42.111+0000] {dag.py:3823} INFO - Setting next_dagrun for example_sensors to None, run_after=None
[2024-02-21T20:01:42.130+0000] {processor.py:183} INFO - Processing /home/airflow/.local/lib/python3.8/site-packages/airflow/example_dags/example_sensors.py took 0.072 seconds
