[2024-02-21T19:49:40.290+0000] {processor.py:161} INFO - Started process (PID=46) to work on /home/airflow/.local/lib/python3.8/site-packages/airflow/example_dags/example_params_trigger_ui.py
[2024-02-21T19:49:40.292+0000] {processor.py:830} INFO - Processing file /home/airflow/.local/lib/python3.8/site-packages/airflow/example_dags/example_params_trigger_ui.py for tasks to queue
[2024-02-21T19:49:40.294+0000] {logging_mixin.py:188} INFO - [2024-02-21T19:49:40.294+0000] {dagbag.py:538} INFO - Filling up the DagBag from /home/airflow/.local/lib/python3.8/site-packages/airflow/example_dags/example_params_trigger_ui.py
[2024-02-21T19:49:40.325+0000] {processor.py:840} INFO - DAG(s) 'example_params_trigger_ui' retrieved from /home/airflow/.local/lib/python3.8/site-packages/airflow/example_dags/example_params_trigger_ui.py
[2024-02-21T19:49:42.299+0000] {logging_mixin.py:188} INFO - [2024-02-21T19:49:42.298+0000] {dag.py:3036} INFO - Sync 1 DAGs
[2024-02-21T19:49:42.616+0000] {logging_mixin.py:188} INFO - [2024-02-21T19:49:42.616+0000] {dag.py:3823} INFO - Setting next_dagrun for example_params_trigger_ui to None, run_after=None
[2024-02-21T19:49:42.936+0000] {processor.py:183} INFO - Processing /home/airflow/.local/lib/python3.8/site-packages/airflow/example_dags/example_params_trigger_ui.py took 2.650 seconds
[2024-02-21T19:50:13.315+0000] {processor.py:161} INFO - Started process (PID=101) to work on /home/airflow/.local/lib/python3.8/site-packages/airflow/example_dags/example_params_trigger_ui.py
[2024-02-21T19:50:13.316+0000] {processor.py:830} INFO - Processing file /home/airflow/.local/lib/python3.8/site-packages/airflow/example_dags/example_params_trigger_ui.py for tasks to queue
[2024-02-21T19:50:13.317+0000] {logging_mixin.py:188} INFO - [2024-02-21T19:50:13.317+0000] {dagbag.py:538} INFO - Filling up the DagBag from /home/airflow/.local/lib/python3.8/site-packages/airflow/example_dags/example_params_trigger_ui.py
[2024-02-21T19:50:13.404+0000] {processor.py:840} INFO - DAG(s) 'example_params_trigger_ui' retrieved from /home/airflow/.local/lib/python3.8/site-packages/airflow/example_dags/example_params_trigger_ui.py
[2024-02-21T19:50:13.454+0000] {logging_mixin.py:188} INFO - [2024-02-21T19:50:13.454+0000] {dag.py:3036} INFO - Sync 1 DAGs
[2024-02-21T19:50:13.470+0000] {logging_mixin.py:188} INFO - [2024-02-21T19:50:13.469+0000] {dag.py:3823} INFO - Setting next_dagrun for example_params_trigger_ui to None, run_after=None
[2024-02-21T19:50:13.492+0000] {processor.py:183} INFO - Processing /home/airflow/.local/lib/python3.8/site-packages/airflow/example_dags/example_params_trigger_ui.py took 0.180 seconds
[2024-02-21T19:50:44.057+0000] {processor.py:161} INFO - Started process (PID=156) to work on /home/airflow/.local/lib/python3.8/site-packages/airflow/example_dags/example_params_trigger_ui.py
[2024-02-21T19:50:44.058+0000] {processor.py:830} INFO - Processing file /home/airflow/.local/lib/python3.8/site-packages/airflow/example_dags/example_params_trigger_ui.py for tasks to queue
[2024-02-21T19:50:44.060+0000] {logging_mixin.py:188} INFO - [2024-02-21T19:50:44.060+0000] {dagbag.py:538} INFO - Filling up the DagBag from /home/airflow/.local/lib/python3.8/site-packages/airflow/example_dags/example_params_trigger_ui.py
[2024-02-21T19:50:44.073+0000] {processor.py:840} INFO - DAG(s) 'example_params_trigger_ui' retrieved from /home/airflow/.local/lib/python3.8/site-packages/airflow/example_dags/example_params_trigger_ui.py
[2024-02-21T19:50:44.137+0000] {logging_mixin.py:188} INFO - [2024-02-21T19:50:44.136+0000] {dag.py:3036} INFO - Sync 1 DAGs
[2024-02-21T19:50:44.148+0000] {logging_mixin.py:188} INFO - [2024-02-21T19:50:44.148+0000] {dag.py:3823} INFO - Setting next_dagrun for example_params_trigger_ui to None, run_after=None
[2024-02-21T19:50:44.185+0000] {processor.py:183} INFO - Processing /home/airflow/.local/lib/python3.8/site-packages/airflow/example_dags/example_params_trigger_ui.py took 0.131 seconds
[2024-02-21T19:51:14.433+0000] {processor.py:161} INFO - Started process (PID=211) to work on /home/airflow/.local/lib/python3.8/site-packages/airflow/example_dags/example_params_trigger_ui.py
[2024-02-21T19:51:14.434+0000] {processor.py:830} INFO - Processing file /home/airflow/.local/lib/python3.8/site-packages/airflow/example_dags/example_params_trigger_ui.py for tasks to queue
[2024-02-21T19:51:14.436+0000] {logging_mixin.py:188} INFO - [2024-02-21T19:51:14.436+0000] {dagbag.py:538} INFO - Filling up the DagBag from /home/airflow/.local/lib/python3.8/site-packages/airflow/example_dags/example_params_trigger_ui.py
[2024-02-21T19:51:14.449+0000] {processor.py:840} INFO - DAG(s) 'example_params_trigger_ui' retrieved from /home/airflow/.local/lib/python3.8/site-packages/airflow/example_dags/example_params_trigger_ui.py
[2024-02-21T19:51:14.504+0000] {logging_mixin.py:188} INFO - [2024-02-21T19:51:14.503+0000] {dag.py:3036} INFO - Sync 1 DAGs
[2024-02-21T19:51:14.517+0000] {logging_mixin.py:188} INFO - [2024-02-21T19:51:14.516+0000] {dag.py:3823} INFO - Setting next_dagrun for example_params_trigger_ui to None, run_after=None
[2024-02-21T19:51:14.543+0000] {processor.py:183} INFO - Processing /home/airflow/.local/lib/python3.8/site-packages/airflow/example_dags/example_params_trigger_ui.py took 0.113 seconds
[2024-02-21T19:51:45.010+0000] {processor.py:161} INFO - Started process (PID=266) to work on /home/airflow/.local/lib/python3.8/site-packages/airflow/example_dags/example_params_trigger_ui.py
[2024-02-21T19:51:45.011+0000] {processor.py:830} INFO - Processing file /home/airflow/.local/lib/python3.8/site-packages/airflow/example_dags/example_params_trigger_ui.py for tasks to queue
[2024-02-21T19:51:45.014+0000] {logging_mixin.py:188} INFO - [2024-02-21T19:51:45.013+0000] {dagbag.py:538} INFO - Filling up the DagBag from /home/airflow/.local/lib/python3.8/site-packages/airflow/example_dags/example_params_trigger_ui.py
[2024-02-21T19:51:45.027+0000] {processor.py:840} INFO - DAG(s) 'example_params_trigger_ui' retrieved from /home/airflow/.local/lib/python3.8/site-packages/airflow/example_dags/example_params_trigger_ui.py
[2024-02-21T19:51:45.078+0000] {logging_mixin.py:188} INFO - [2024-02-21T19:51:45.078+0000] {dag.py:3036} INFO - Sync 1 DAGs
[2024-02-21T19:51:45.091+0000] {logging_mixin.py:188} INFO - [2024-02-21T19:51:45.091+0000] {dag.py:3823} INFO - Setting next_dagrun for example_params_trigger_ui to None, run_after=None
[2024-02-21T19:51:45.110+0000] {processor.py:183} INFO - Processing /home/airflow/.local/lib/python3.8/site-packages/airflow/example_dags/example_params_trigger_ui.py took 0.104 seconds
[2024-02-21T19:52:15.193+0000] {processor.py:161} INFO - Started process (PID=320) to work on /home/airflow/.local/lib/python3.8/site-packages/airflow/example_dags/example_params_trigger_ui.py
[2024-02-21T19:52:15.194+0000] {processor.py:830} INFO - Processing file /home/airflow/.local/lib/python3.8/site-packages/airflow/example_dags/example_params_trigger_ui.py for tasks to queue
[2024-02-21T19:52:15.195+0000] {logging_mixin.py:188} INFO - [2024-02-21T19:52:15.195+0000] {dagbag.py:538} INFO - Filling up the DagBag from /home/airflow/.local/lib/python3.8/site-packages/airflow/example_dags/example_params_trigger_ui.py
[2024-02-21T19:52:15.207+0000] {processor.py:840} INFO - DAG(s) 'example_params_trigger_ui' retrieved from /home/airflow/.local/lib/python3.8/site-packages/airflow/example_dags/example_params_trigger_ui.py
[2024-02-21T19:52:15.259+0000] {logging_mixin.py:188} INFO - [2024-02-21T19:52:15.259+0000] {dag.py:3036} INFO - Sync 1 DAGs
[2024-02-21T19:52:15.271+0000] {logging_mixin.py:188} INFO - [2024-02-21T19:52:15.271+0000] {dag.py:3823} INFO - Setting next_dagrun for example_params_trigger_ui to None, run_after=None
[2024-02-21T19:52:15.290+0000] {processor.py:183} INFO - Processing /home/airflow/.local/lib/python3.8/site-packages/airflow/example_dags/example_params_trigger_ui.py took 0.099 seconds
[2024-02-21T19:52:45.393+0000] {processor.py:161} INFO - Started process (PID=375) to work on /home/airflow/.local/lib/python3.8/site-packages/airflow/example_dags/example_params_trigger_ui.py
[2024-02-21T19:52:45.396+0000] {processor.py:830} INFO - Processing file /home/airflow/.local/lib/python3.8/site-packages/airflow/example_dags/example_params_trigger_ui.py for tasks to queue
[2024-02-21T19:52:45.398+0000] {logging_mixin.py:188} INFO - [2024-02-21T19:52:45.398+0000] {dagbag.py:538} INFO - Filling up the DagBag from /home/airflow/.local/lib/python3.8/site-packages/airflow/example_dags/example_params_trigger_ui.py
[2024-02-21T19:52:45.416+0000] {processor.py:840} INFO - DAG(s) 'example_params_trigger_ui' retrieved from /home/airflow/.local/lib/python3.8/site-packages/airflow/example_dags/example_params_trigger_ui.py
[2024-02-21T19:52:45.502+0000] {logging_mixin.py:188} INFO - [2024-02-21T19:52:45.501+0000] {dag.py:3036} INFO - Sync 1 DAGs
[2024-02-21T19:52:45.514+0000] {logging_mixin.py:188} INFO - [2024-02-21T19:52:45.514+0000] {dag.py:3823} INFO - Setting next_dagrun for example_params_trigger_ui to None, run_after=None
[2024-02-21T19:52:45.537+0000] {processor.py:183} INFO - Processing /home/airflow/.local/lib/python3.8/site-packages/airflow/example_dags/example_params_trigger_ui.py took 0.148 seconds
[2024-02-21T19:53:15.916+0000] {processor.py:161} INFO - Started process (PID=431) to work on /home/airflow/.local/lib/python3.8/site-packages/airflow/example_dags/example_params_trigger_ui.py
[2024-02-21T19:53:15.965+0000] {processor.py:830} INFO - Processing file /home/airflow/.local/lib/python3.8/site-packages/airflow/example_dags/example_params_trigger_ui.py for tasks to queue
[2024-02-21T19:53:15.968+0000] {logging_mixin.py:188} INFO - [2024-02-21T19:53:15.967+0000] {dagbag.py:538} INFO - Filling up the DagBag from /home/airflow/.local/lib/python3.8/site-packages/airflow/example_dags/example_params_trigger_ui.py
[2024-02-21T19:53:15.986+0000] {processor.py:840} INFO - DAG(s) 'example_params_trigger_ui' retrieved from /home/airflow/.local/lib/python3.8/site-packages/airflow/example_dags/example_params_trigger_ui.py
[2024-02-21T19:53:16.049+0000] {logging_mixin.py:188} INFO - [2024-02-21T19:53:16.048+0000] {dag.py:3036} INFO - Sync 1 DAGs
[2024-02-21T19:53:16.064+0000] {logging_mixin.py:188} INFO - [2024-02-21T19:53:16.063+0000] {dag.py:3823} INFO - Setting next_dagrun for example_params_trigger_ui to None, run_after=None
[2024-02-21T19:53:16.092+0000] {processor.py:183} INFO - Processing /home/airflow/.local/lib/python3.8/site-packages/airflow/example_dags/example_params_trigger_ui.py took 0.180 seconds
[2024-02-21T19:53:46.198+0000] {processor.py:161} INFO - Started process (PID=485) to work on /home/airflow/.local/lib/python3.8/site-packages/airflow/example_dags/example_params_trigger_ui.py
[2024-02-21T19:53:46.199+0000] {processor.py:830} INFO - Processing file /home/airflow/.local/lib/python3.8/site-packages/airflow/example_dags/example_params_trigger_ui.py for tasks to queue
[2024-02-21T19:53:46.201+0000] {logging_mixin.py:188} INFO - [2024-02-21T19:53:46.200+0000] {dagbag.py:538} INFO - Filling up the DagBag from /home/airflow/.local/lib/python3.8/site-packages/airflow/example_dags/example_params_trigger_ui.py
[2024-02-21T19:53:46.212+0000] {processor.py:840} INFO - DAG(s) 'example_params_trigger_ui' retrieved from /home/airflow/.local/lib/python3.8/site-packages/airflow/example_dags/example_params_trigger_ui.py
[2024-02-21T19:53:46.263+0000] {logging_mixin.py:188} INFO - [2024-02-21T19:53:46.263+0000] {dag.py:3036} INFO - Sync 1 DAGs
[2024-02-21T19:53:46.274+0000] {logging_mixin.py:188} INFO - [2024-02-21T19:53:46.274+0000] {dag.py:3823} INFO - Setting next_dagrun for example_params_trigger_ui to None, run_after=None
[2024-02-21T19:53:46.292+0000] {processor.py:183} INFO - Processing /home/airflow/.local/lib/python3.8/site-packages/airflow/example_dags/example_params_trigger_ui.py took 0.097 seconds
[2024-02-21T19:54:16.750+0000] {processor.py:161} INFO - Started process (PID=540) to work on /home/airflow/.local/lib/python3.8/site-packages/airflow/example_dags/example_params_trigger_ui.py
[2024-02-21T19:54:16.751+0000] {processor.py:830} INFO - Processing file /home/airflow/.local/lib/python3.8/site-packages/airflow/example_dags/example_params_trigger_ui.py for tasks to queue
[2024-02-21T19:54:16.754+0000] {logging_mixin.py:188} INFO - [2024-02-21T19:54:16.753+0000] {dagbag.py:538} INFO - Filling up the DagBag from /home/airflow/.local/lib/python3.8/site-packages/airflow/example_dags/example_params_trigger_ui.py
[2024-02-21T19:54:16.768+0000] {processor.py:840} INFO - DAG(s) 'example_params_trigger_ui' retrieved from /home/airflow/.local/lib/python3.8/site-packages/airflow/example_dags/example_params_trigger_ui.py
[2024-02-21T19:54:16.817+0000] {logging_mixin.py:188} INFO - [2024-02-21T19:54:16.817+0000] {dag.py:3036} INFO - Sync 1 DAGs
[2024-02-21T19:54:16.828+0000] {logging_mixin.py:188} INFO - [2024-02-21T19:54:16.828+0000] {dag.py:3823} INFO - Setting next_dagrun for example_params_trigger_ui to None, run_after=None
[2024-02-21T19:54:16.848+0000] {processor.py:183} INFO - Processing /home/airflow/.local/lib/python3.8/site-packages/airflow/example_dags/example_params_trigger_ui.py took 0.101 seconds
[2024-02-21T19:54:47.143+0000] {processor.py:161} INFO - Started process (PID=595) to work on /home/airflow/.local/lib/python3.8/site-packages/airflow/example_dags/example_params_trigger_ui.py
[2024-02-21T19:54:47.144+0000] {processor.py:830} INFO - Processing file /home/airflow/.local/lib/python3.8/site-packages/airflow/example_dags/example_params_trigger_ui.py for tasks to queue
[2024-02-21T19:54:47.146+0000] {logging_mixin.py:188} INFO - [2024-02-21T19:54:47.146+0000] {dagbag.py:538} INFO - Filling up the DagBag from /home/airflow/.local/lib/python3.8/site-packages/airflow/example_dags/example_params_trigger_ui.py
[2024-02-21T19:54:47.157+0000] {processor.py:840} INFO - DAG(s) 'example_params_trigger_ui' retrieved from /home/airflow/.local/lib/python3.8/site-packages/airflow/example_dags/example_params_trigger_ui.py
[2024-02-21T19:54:47.209+0000] {logging_mixin.py:188} INFO - [2024-02-21T19:54:47.208+0000] {dag.py:3036} INFO - Sync 1 DAGs
[2024-02-21T19:54:47.220+0000] {logging_mixin.py:188} INFO - [2024-02-21T19:54:47.219+0000] {dag.py:3823} INFO - Setting next_dagrun for example_params_trigger_ui to None, run_after=None
[2024-02-21T19:54:47.247+0000] {processor.py:183} INFO - Processing /home/airflow/.local/lib/python3.8/site-packages/airflow/example_dags/example_params_trigger_ui.py took 0.107 seconds
[2024-02-21T19:55:17.762+0000] {processor.py:161} INFO - Started process (PID=650) to work on /home/airflow/.local/lib/python3.8/site-packages/airflow/example_dags/example_params_trigger_ui.py
[2024-02-21T19:55:17.764+0000] {processor.py:830} INFO - Processing file /home/airflow/.local/lib/python3.8/site-packages/airflow/example_dags/example_params_trigger_ui.py for tasks to queue
[2024-02-21T19:55:17.766+0000] {logging_mixin.py:188} INFO - [2024-02-21T19:55:17.766+0000] {dagbag.py:538} INFO - Filling up the DagBag from /home/airflow/.local/lib/python3.8/site-packages/airflow/example_dags/example_params_trigger_ui.py
[2024-02-21T19:55:17.780+0000] {processor.py:840} INFO - DAG(s) 'example_params_trigger_ui' retrieved from /home/airflow/.local/lib/python3.8/site-packages/airflow/example_dags/example_params_trigger_ui.py
[2024-02-21T19:55:17.833+0000] {logging_mixin.py:188} INFO - [2024-02-21T19:55:17.833+0000] {dag.py:3036} INFO - Sync 1 DAGs
[2024-02-21T19:55:17.846+0000] {logging_mixin.py:188} INFO - [2024-02-21T19:55:17.846+0000] {dag.py:3823} INFO - Setting next_dagrun for example_params_trigger_ui to None, run_after=None
[2024-02-21T19:55:17.864+0000] {processor.py:183} INFO - Processing /home/airflow/.local/lib/python3.8/site-packages/airflow/example_dags/example_params_trigger_ui.py took 0.105 seconds
[2024-02-21T19:55:47.968+0000] {processor.py:161} INFO - Started process (PID=705) to work on /home/airflow/.local/lib/python3.8/site-packages/airflow/example_dags/example_params_trigger_ui.py
[2024-02-21T19:55:47.969+0000] {processor.py:830} INFO - Processing file /home/airflow/.local/lib/python3.8/site-packages/airflow/example_dags/example_params_trigger_ui.py for tasks to queue
[2024-02-21T19:55:47.971+0000] {logging_mixin.py:188} INFO - [2024-02-21T19:55:47.970+0000] {dagbag.py:538} INFO - Filling up the DagBag from /home/airflow/.local/lib/python3.8/site-packages/airflow/example_dags/example_params_trigger_ui.py
[2024-02-21T19:55:47.984+0000] {processor.py:840} INFO - DAG(s) 'example_params_trigger_ui' retrieved from /home/airflow/.local/lib/python3.8/site-packages/airflow/example_dags/example_params_trigger_ui.py
[2024-02-21T19:55:48.034+0000] {logging_mixin.py:188} INFO - [2024-02-21T19:55:48.034+0000] {dag.py:3036} INFO - Sync 1 DAGs
[2024-02-21T19:55:48.048+0000] {logging_mixin.py:188} INFO - [2024-02-21T19:55:48.048+0000] {dag.py:3823} INFO - Setting next_dagrun for example_params_trigger_ui to None, run_after=None
[2024-02-21T19:55:48.065+0000] {processor.py:183} INFO - Processing /home/airflow/.local/lib/python3.8/site-packages/airflow/example_dags/example_params_trigger_ui.py took 0.100 seconds
[2024-02-21T19:56:18.104+0000] {processor.py:161} INFO - Started process (PID=760) to work on /home/airflow/.local/lib/python3.8/site-packages/airflow/example_dags/example_params_trigger_ui.py
[2024-02-21T19:56:18.105+0000] {processor.py:830} INFO - Processing file /home/airflow/.local/lib/python3.8/site-packages/airflow/example_dags/example_params_trigger_ui.py for tasks to queue
[2024-02-21T19:56:18.107+0000] {logging_mixin.py:188} INFO - [2024-02-21T19:56:18.107+0000] {dagbag.py:538} INFO - Filling up the DagBag from /home/airflow/.local/lib/python3.8/site-packages/airflow/example_dags/example_params_trigger_ui.py
[2024-02-21T19:56:18.123+0000] {processor.py:840} INFO - DAG(s) 'example_params_trigger_ui' retrieved from /home/airflow/.local/lib/python3.8/site-packages/airflow/example_dags/example_params_trigger_ui.py
[2024-02-21T19:56:18.189+0000] {logging_mixin.py:188} INFO - [2024-02-21T19:56:18.188+0000] {dag.py:3036} INFO - Sync 1 DAGs
[2024-02-21T19:56:18.202+0000] {logging_mixin.py:188} INFO - [2024-02-21T19:56:18.202+0000] {dag.py:3823} INFO - Setting next_dagrun for example_params_trigger_ui to None, run_after=None
[2024-02-21T19:56:18.225+0000] {processor.py:183} INFO - Processing /home/airflow/.local/lib/python3.8/site-packages/airflow/example_dags/example_params_trigger_ui.py took 0.125 seconds
[2024-02-21T19:56:48.325+0000] {processor.py:161} INFO - Started process (PID=815) to work on /home/airflow/.local/lib/python3.8/site-packages/airflow/example_dags/example_params_trigger_ui.py
[2024-02-21T19:56:48.326+0000] {processor.py:830} INFO - Processing file /home/airflow/.local/lib/python3.8/site-packages/airflow/example_dags/example_params_trigger_ui.py for tasks to queue
[2024-02-21T19:56:48.327+0000] {logging_mixin.py:188} INFO - [2024-02-21T19:56:48.327+0000] {dagbag.py:538} INFO - Filling up the DagBag from /home/airflow/.local/lib/python3.8/site-packages/airflow/example_dags/example_params_trigger_ui.py
[2024-02-21T19:56:48.340+0000] {processor.py:840} INFO - DAG(s) 'example_params_trigger_ui' retrieved from /home/airflow/.local/lib/python3.8/site-packages/airflow/example_dags/example_params_trigger_ui.py
[2024-02-21T19:56:48.393+0000] {logging_mixin.py:188} INFO - [2024-02-21T19:56:48.392+0000] {dag.py:3036} INFO - Sync 1 DAGs
[2024-02-21T19:56:48.405+0000] {logging_mixin.py:188} INFO - [2024-02-21T19:56:48.405+0000] {dag.py:3823} INFO - Setting next_dagrun for example_params_trigger_ui to None, run_after=None
[2024-02-21T19:56:48.430+0000] {processor.py:183} INFO - Processing /home/airflow/.local/lib/python3.8/site-packages/airflow/example_dags/example_params_trigger_ui.py took 0.108 seconds
[2024-02-21T19:57:18.812+0000] {processor.py:161} INFO - Started process (PID=870) to work on /home/airflow/.local/lib/python3.8/site-packages/airflow/example_dags/example_params_trigger_ui.py
[2024-02-21T19:57:18.812+0000] {processor.py:830} INFO - Processing file /home/airflow/.local/lib/python3.8/site-packages/airflow/example_dags/example_params_trigger_ui.py for tasks to queue
[2024-02-21T19:57:18.814+0000] {logging_mixin.py:188} INFO - [2024-02-21T19:57:18.814+0000] {dagbag.py:538} INFO - Filling up the DagBag from /home/airflow/.local/lib/python3.8/site-packages/airflow/example_dags/example_params_trigger_ui.py
[2024-02-21T19:57:18.828+0000] {processor.py:840} INFO - DAG(s) 'example_params_trigger_ui' retrieved from /home/airflow/.local/lib/python3.8/site-packages/airflow/example_dags/example_params_trigger_ui.py
[2024-02-21T19:57:18.883+0000] {logging_mixin.py:188} INFO - [2024-02-21T19:57:18.882+0000] {dag.py:3036} INFO - Sync 1 DAGs
[2024-02-21T19:57:18.894+0000] {logging_mixin.py:188} INFO - [2024-02-21T19:57:18.894+0000] {dag.py:3823} INFO - Setting next_dagrun for example_params_trigger_ui to None, run_after=None
[2024-02-21T19:57:18.914+0000] {processor.py:183} INFO - Processing /home/airflow/.local/lib/python3.8/site-packages/airflow/example_dags/example_params_trigger_ui.py took 0.106 seconds
[2024-02-21T19:57:49.339+0000] {processor.py:161} INFO - Started process (PID=925) to work on /home/airflow/.local/lib/python3.8/site-packages/airflow/example_dags/example_params_trigger_ui.py
[2024-02-21T19:57:49.341+0000] {processor.py:830} INFO - Processing file /home/airflow/.local/lib/python3.8/site-packages/airflow/example_dags/example_params_trigger_ui.py for tasks to queue
[2024-02-21T19:57:49.343+0000] {logging_mixin.py:188} INFO - [2024-02-21T19:57:49.342+0000] {dagbag.py:538} INFO - Filling up the DagBag from /home/airflow/.local/lib/python3.8/site-packages/airflow/example_dags/example_params_trigger_ui.py
[2024-02-21T19:57:49.356+0000] {processor.py:840} INFO - DAG(s) 'example_params_trigger_ui' retrieved from /home/airflow/.local/lib/python3.8/site-packages/airflow/example_dags/example_params_trigger_ui.py
[2024-02-21T19:57:49.417+0000] {logging_mixin.py:188} INFO - [2024-02-21T19:57:49.417+0000] {dag.py:3036} INFO - Sync 1 DAGs
[2024-02-21T19:57:49.430+0000] {logging_mixin.py:188} INFO - [2024-02-21T19:57:49.430+0000] {dag.py:3823} INFO - Setting next_dagrun for example_params_trigger_ui to None, run_after=None
[2024-02-21T19:57:49.451+0000] {processor.py:183} INFO - Processing /home/airflow/.local/lib/python3.8/site-packages/airflow/example_dags/example_params_trigger_ui.py took 0.115 seconds
[2024-02-21T19:58:19.770+0000] {processor.py:161} INFO - Started process (PID=980) to work on /home/airflow/.local/lib/python3.8/site-packages/airflow/example_dags/example_params_trigger_ui.py
[2024-02-21T19:58:19.771+0000] {processor.py:830} INFO - Processing file /home/airflow/.local/lib/python3.8/site-packages/airflow/example_dags/example_params_trigger_ui.py for tasks to queue
[2024-02-21T19:58:19.773+0000] {logging_mixin.py:188} INFO - [2024-02-21T19:58:19.773+0000] {dagbag.py:538} INFO - Filling up the DagBag from /home/airflow/.local/lib/python3.8/site-packages/airflow/example_dags/example_params_trigger_ui.py
[2024-02-21T19:58:19.787+0000] {processor.py:840} INFO - DAG(s) 'example_params_trigger_ui' retrieved from /home/airflow/.local/lib/python3.8/site-packages/airflow/example_dags/example_params_trigger_ui.py
[2024-02-21T19:58:19.841+0000] {logging_mixin.py:188} INFO - [2024-02-21T19:58:19.840+0000] {dag.py:3036} INFO - Sync 1 DAGs
[2024-02-21T19:58:19.852+0000] {logging_mixin.py:188} INFO - [2024-02-21T19:58:19.852+0000] {dag.py:3823} INFO - Setting next_dagrun for example_params_trigger_ui to None, run_after=None
[2024-02-21T19:58:19.871+0000] {processor.py:183} INFO - Processing /home/airflow/.local/lib/python3.8/site-packages/airflow/example_dags/example_params_trigger_ui.py took 0.106 seconds
[2024-02-21T19:58:50.209+0000] {processor.py:161} INFO - Started process (PID=1035) to work on /home/airflow/.local/lib/python3.8/site-packages/airflow/example_dags/example_params_trigger_ui.py
[2024-02-21T19:58:50.210+0000] {processor.py:830} INFO - Processing file /home/airflow/.local/lib/python3.8/site-packages/airflow/example_dags/example_params_trigger_ui.py for tasks to queue
[2024-02-21T19:58:50.213+0000] {logging_mixin.py:188} INFO - [2024-02-21T19:58:50.212+0000] {dagbag.py:538} INFO - Filling up the DagBag from /home/airflow/.local/lib/python3.8/site-packages/airflow/example_dags/example_params_trigger_ui.py
[2024-02-21T19:58:50.228+0000] {processor.py:840} INFO - DAG(s) 'example_params_trigger_ui' retrieved from /home/airflow/.local/lib/python3.8/site-packages/airflow/example_dags/example_params_trigger_ui.py
[2024-02-21T19:58:50.288+0000] {logging_mixin.py:188} INFO - [2024-02-21T19:58:50.288+0000] {dag.py:3036} INFO - Sync 1 DAGs
[2024-02-21T19:58:50.300+0000] {logging_mixin.py:188} INFO - [2024-02-21T19:58:50.300+0000] {dag.py:3823} INFO - Setting next_dagrun for example_params_trigger_ui to None, run_after=None
[2024-02-21T19:58:50.318+0000] {processor.py:183} INFO - Processing /home/airflow/.local/lib/python3.8/site-packages/airflow/example_dags/example_params_trigger_ui.py took 0.113 seconds
[2024-02-21T19:59:20.650+0000] {processor.py:161} INFO - Started process (PID=1090) to work on /home/airflow/.local/lib/python3.8/site-packages/airflow/example_dags/example_params_trigger_ui.py
[2024-02-21T19:59:20.651+0000] {processor.py:830} INFO - Processing file /home/airflow/.local/lib/python3.8/site-packages/airflow/example_dags/example_params_trigger_ui.py for tasks to queue
[2024-02-21T19:59:20.652+0000] {logging_mixin.py:188} INFO - [2024-02-21T19:59:20.652+0000] {dagbag.py:538} INFO - Filling up the DagBag from /home/airflow/.local/lib/python3.8/site-packages/airflow/example_dags/example_params_trigger_ui.py
[2024-02-21T19:59:20.665+0000] {processor.py:840} INFO - DAG(s) 'example_params_trigger_ui' retrieved from /home/airflow/.local/lib/python3.8/site-packages/airflow/example_dags/example_params_trigger_ui.py
[2024-02-21T19:59:20.729+0000] {logging_mixin.py:188} INFO - [2024-02-21T19:59:20.728+0000] {dag.py:3036} INFO - Sync 1 DAGs
[2024-02-21T19:59:20.742+0000] {logging_mixin.py:188} INFO - [2024-02-21T19:59:20.742+0000] {dag.py:3823} INFO - Setting next_dagrun for example_params_trigger_ui to None, run_after=None
[2024-02-21T19:59:20.768+0000] {processor.py:183} INFO - Processing /home/airflow/.local/lib/python3.8/site-packages/airflow/example_dags/example_params_trigger_ui.py took 0.121 seconds
[2024-02-21T19:59:51.176+0000] {processor.py:161} INFO - Started process (PID=1145) to work on /home/airflow/.local/lib/python3.8/site-packages/airflow/example_dags/example_params_trigger_ui.py
[2024-02-21T19:59:51.177+0000] {processor.py:830} INFO - Processing file /home/airflow/.local/lib/python3.8/site-packages/airflow/example_dags/example_params_trigger_ui.py for tasks to queue
[2024-02-21T19:59:51.178+0000] {logging_mixin.py:188} INFO - [2024-02-21T19:59:51.178+0000] {dagbag.py:538} INFO - Filling up the DagBag from /home/airflow/.local/lib/python3.8/site-packages/airflow/example_dags/example_params_trigger_ui.py
[2024-02-21T19:59:51.191+0000] {processor.py:840} INFO - DAG(s) 'example_params_trigger_ui' retrieved from /home/airflow/.local/lib/python3.8/site-packages/airflow/example_dags/example_params_trigger_ui.py
[2024-02-21T19:59:51.245+0000] {logging_mixin.py:188} INFO - [2024-02-21T19:59:51.245+0000] {dag.py:3036} INFO - Sync 1 DAGs
[2024-02-21T19:59:51.256+0000] {logging_mixin.py:188} INFO - [2024-02-21T19:59:51.256+0000] {dag.py:3823} INFO - Setting next_dagrun for example_params_trigger_ui to None, run_after=None
[2024-02-21T19:59:51.282+0000] {processor.py:183} INFO - Processing /home/airflow/.local/lib/python3.8/site-packages/airflow/example_dags/example_params_trigger_ui.py took 0.109 seconds
[2024-02-21T20:00:21.600+0000] {processor.py:161} INFO - Started process (PID=1200) to work on /home/airflow/.local/lib/python3.8/site-packages/airflow/example_dags/example_params_trigger_ui.py
[2024-02-21T20:00:21.601+0000] {processor.py:830} INFO - Processing file /home/airflow/.local/lib/python3.8/site-packages/airflow/example_dags/example_params_trigger_ui.py for tasks to queue
[2024-02-21T20:00:21.603+0000] {logging_mixin.py:188} INFO - [2024-02-21T20:00:21.602+0000] {dagbag.py:538} INFO - Filling up the DagBag from /home/airflow/.local/lib/python3.8/site-packages/airflow/example_dags/example_params_trigger_ui.py
[2024-02-21T20:00:21.616+0000] {processor.py:840} INFO - DAG(s) 'example_params_trigger_ui' retrieved from /home/airflow/.local/lib/python3.8/site-packages/airflow/example_dags/example_params_trigger_ui.py
[2024-02-21T20:00:21.670+0000] {logging_mixin.py:188} INFO - [2024-02-21T20:00:21.669+0000] {dag.py:3036} INFO - Sync 1 DAGs
[2024-02-21T20:00:21.682+0000] {logging_mixin.py:188} INFO - [2024-02-21T20:00:21.682+0000] {dag.py:3823} INFO - Setting next_dagrun for example_params_trigger_ui to None, run_after=None
[2024-02-21T20:00:21.708+0000] {processor.py:183} INFO - Processing /home/airflow/.local/lib/python3.8/site-packages/airflow/example_dags/example_params_trigger_ui.py took 0.111 seconds
[2024-02-21T20:00:52.064+0000] {processor.py:161} INFO - Started process (PID=1255) to work on /home/airflow/.local/lib/python3.8/site-packages/airflow/example_dags/example_params_trigger_ui.py
[2024-02-21T20:00:52.065+0000] {processor.py:830} INFO - Processing file /home/airflow/.local/lib/python3.8/site-packages/airflow/example_dags/example_params_trigger_ui.py for tasks to queue
[2024-02-21T20:00:52.068+0000] {logging_mixin.py:188} INFO - [2024-02-21T20:00:52.067+0000] {dagbag.py:538} INFO - Filling up the DagBag from /home/airflow/.local/lib/python3.8/site-packages/airflow/example_dags/example_params_trigger_ui.py
[2024-02-21T20:00:52.080+0000] {processor.py:840} INFO - DAG(s) 'example_params_trigger_ui' retrieved from /home/airflow/.local/lib/python3.8/site-packages/airflow/example_dags/example_params_trigger_ui.py
[2024-02-21T20:00:52.130+0000] {logging_mixin.py:188} INFO - [2024-02-21T20:00:52.129+0000] {dag.py:3036} INFO - Sync 1 DAGs
[2024-02-21T20:00:52.140+0000] {logging_mixin.py:188} INFO - [2024-02-21T20:00:52.140+0000] {dag.py:3823} INFO - Setting next_dagrun for example_params_trigger_ui to None, run_after=None
[2024-02-21T20:00:52.161+0000] {processor.py:183} INFO - Processing /home/airflow/.local/lib/python3.8/site-packages/airflow/example_dags/example_params_trigger_ui.py took 0.100 seconds
[2024-02-21T20:01:22.500+0000] {processor.py:161} INFO - Started process (PID=1310) to work on /home/airflow/.local/lib/python3.8/site-packages/airflow/example_dags/example_params_trigger_ui.py
[2024-02-21T20:01:22.501+0000] {processor.py:830} INFO - Processing file /home/airflow/.local/lib/python3.8/site-packages/airflow/example_dags/example_params_trigger_ui.py for tasks to queue
[2024-02-21T20:01:22.503+0000] {logging_mixin.py:188} INFO - [2024-02-21T20:01:22.503+0000] {dagbag.py:538} INFO - Filling up the DagBag from /home/airflow/.local/lib/python3.8/site-packages/airflow/example_dags/example_params_trigger_ui.py
[2024-02-21T20:01:22.517+0000] {processor.py:840} INFO - DAG(s) 'example_params_trigger_ui' retrieved from /home/airflow/.local/lib/python3.8/site-packages/airflow/example_dags/example_params_trigger_ui.py
[2024-02-21T20:01:22.574+0000] {logging_mixin.py:188} INFO - [2024-02-21T20:01:22.574+0000] {dag.py:3036} INFO - Sync 1 DAGs
[2024-02-21T20:01:22.587+0000] {logging_mixin.py:188} INFO - [2024-02-21T20:01:22.587+0000] {dag.py:3823} INFO - Setting next_dagrun for example_params_trigger_ui to None, run_after=None
[2024-02-21T20:01:22.616+0000] {processor.py:183} INFO - Processing /home/airflow/.local/lib/python3.8/site-packages/airflow/example_dags/example_params_trigger_ui.py took 0.119 seconds
[2024-02-21T20:01:52.807+0000] {processor.py:161} INFO - Started process (PID=1365) to work on /home/airflow/.local/lib/python3.8/site-packages/airflow/example_dags/example_params_trigger_ui.py
[2024-02-21T20:01:52.807+0000] {processor.py:830} INFO - Processing file /home/airflow/.local/lib/python3.8/site-packages/airflow/example_dags/example_params_trigger_ui.py for tasks to queue
[2024-02-21T20:01:52.809+0000] {logging_mixin.py:188} INFO - [2024-02-21T20:01:52.809+0000] {dagbag.py:538} INFO - Filling up the DagBag from /home/airflow/.local/lib/python3.8/site-packages/airflow/example_dags/example_params_trigger_ui.py
[2024-02-21T20:01:52.823+0000] {processor.py:840} INFO - DAG(s) 'example_params_trigger_ui' retrieved from /home/airflow/.local/lib/python3.8/site-packages/airflow/example_dags/example_params_trigger_ui.py
[2024-02-21T20:01:52.872+0000] {logging_mixin.py:188} INFO - [2024-02-21T20:01:52.872+0000] {dag.py:3036} INFO - Sync 1 DAGs
[2024-02-21T20:01:52.884+0000] {logging_mixin.py:188} INFO - [2024-02-21T20:01:52.884+0000] {dag.py:3823} INFO - Setting next_dagrun for example_params_trigger_ui to None, run_after=None
[2024-02-21T20:01:52.902+0000] {processor.py:183} INFO - Processing /home/airflow/.local/lib/python3.8/site-packages/airflow/example_dags/example_params_trigger_ui.py took 0.098 seconds
