[2024-02-21T19:50:00.301+0000] {processor.py:161} INFO - Started process (PID=75) to work on /home/airflow/.local/lib/python3.8/site-packages/airflow/example_dags/example_skip_dag.py
[2024-02-21T19:50:00.303+0000] {processor.py:830} INFO - Processing file /home/airflow/.local/lib/python3.8/site-packages/airflow/example_dags/example_skip_dag.py for tasks to queue
[2024-02-21T19:50:00.306+0000] {logging_mixin.py:188} INFO - [2024-02-21T19:50:00.305+0000] {dagbag.py:538} INFO - Filling up the DagBag from /home/airflow/.local/lib/python3.8/site-packages/airflow/example_dags/example_skip_dag.py
[2024-02-21T19:50:00.323+0000] {processor.py:840} INFO - DAG(s) 'example_skip_dag' retrieved from /home/airflow/.local/lib/python3.8/site-packages/airflow/example_dags/example_skip_dag.py
[2024-02-21T19:50:00.524+0000] {logging_mixin.py:188} INFO - [2024-02-21T19:50:00.524+0000] {dag.py:3036} INFO - Sync 1 DAGs
[2024-02-21T19:50:00.553+0000] {logging_mixin.py:188} INFO - [2024-02-21T19:50:00.552+0000] {dag.py:3823} INFO - Setting next_dagrun for example_skip_dag to 2024-02-20 00:00:00+00:00, run_after=2024-02-21 00:00:00+00:00
[2024-02-21T19:50:00.700+0000] {processor.py:183} INFO - Processing /home/airflow/.local/lib/python3.8/site-packages/airflow/example_dags/example_skip_dag.py took 0.403 seconds
[2024-02-21T19:50:31.284+0000] {processor.py:161} INFO - Started process (PID=130) to work on /home/airflow/.local/lib/python3.8/site-packages/airflow/example_dags/example_skip_dag.py
[2024-02-21T19:50:31.285+0000] {processor.py:830} INFO - Processing file /home/airflow/.local/lib/python3.8/site-packages/airflow/example_dags/example_skip_dag.py for tasks to queue
[2024-02-21T19:50:31.287+0000] {logging_mixin.py:188} INFO - [2024-02-21T19:50:31.286+0000] {dagbag.py:538} INFO - Filling up the DagBag from /home/airflow/.local/lib/python3.8/site-packages/airflow/example_dags/example_skip_dag.py
[2024-02-21T19:50:31.294+0000] {processor.py:840} INFO - DAG(s) 'example_skip_dag' retrieved from /home/airflow/.local/lib/python3.8/site-packages/airflow/example_dags/example_skip_dag.py
[2024-02-21T19:50:31.315+0000] {logging_mixin.py:188} INFO - [2024-02-21T19:50:31.315+0000] {dag.py:3036} INFO - Sync 1 DAGs
[2024-02-21T19:50:31.338+0000] {logging_mixin.py:188} INFO - [2024-02-21T19:50:31.338+0000] {dag.py:3823} INFO - Setting next_dagrun for example_skip_dag to 2024-02-20 00:00:00+00:00, run_after=2024-02-21 00:00:00+00:00
[2024-02-21T19:50:31.354+0000] {processor.py:183} INFO - Processing /home/airflow/.local/lib/python3.8/site-packages/airflow/example_dags/example_skip_dag.py took 0.074 seconds
[2024-02-21T19:51:01.518+0000] {processor.py:161} INFO - Started process (PID=185) to work on /home/airflow/.local/lib/python3.8/site-packages/airflow/example_dags/example_skip_dag.py
[2024-02-21T19:51:01.519+0000] {processor.py:830} INFO - Processing file /home/airflow/.local/lib/python3.8/site-packages/airflow/example_dags/example_skip_dag.py for tasks to queue
[2024-02-21T19:51:01.521+0000] {logging_mixin.py:188} INFO - [2024-02-21T19:51:01.520+0000] {dagbag.py:538} INFO - Filling up the DagBag from /home/airflow/.local/lib/python3.8/site-packages/airflow/example_dags/example_skip_dag.py
[2024-02-21T19:51:01.527+0000] {processor.py:840} INFO - DAG(s) 'example_skip_dag' retrieved from /home/airflow/.local/lib/python3.8/site-packages/airflow/example_dags/example_skip_dag.py
[2024-02-21T19:51:01.547+0000] {logging_mixin.py:188} INFO - [2024-02-21T19:51:01.547+0000] {dag.py:3036} INFO - Sync 1 DAGs
[2024-02-21T19:51:01.567+0000] {logging_mixin.py:188} INFO - [2024-02-21T19:51:01.567+0000] {dag.py:3823} INFO - Setting next_dagrun for example_skip_dag to 2024-02-20 00:00:00+00:00, run_after=2024-02-21 00:00:00+00:00
[2024-02-21T19:51:01.585+0000] {processor.py:183} INFO - Processing /home/airflow/.local/lib/python3.8/site-packages/airflow/example_dags/example_skip_dag.py took 0.070 seconds
[2024-02-21T19:51:31.990+0000] {processor.py:161} INFO - Started process (PID=240) to work on /home/airflow/.local/lib/python3.8/site-packages/airflow/example_dags/example_skip_dag.py
[2024-02-21T19:51:31.992+0000] {processor.py:830} INFO - Processing file /home/airflow/.local/lib/python3.8/site-packages/airflow/example_dags/example_skip_dag.py for tasks to queue
[2024-02-21T19:51:31.994+0000] {logging_mixin.py:188} INFO - [2024-02-21T19:51:31.993+0000] {dagbag.py:538} INFO - Filling up the DagBag from /home/airflow/.local/lib/python3.8/site-packages/airflow/example_dags/example_skip_dag.py
[2024-02-21T19:51:32.001+0000] {processor.py:840} INFO - DAG(s) 'example_skip_dag' retrieved from /home/airflow/.local/lib/python3.8/site-packages/airflow/example_dags/example_skip_dag.py
[2024-02-21T19:51:32.024+0000] {logging_mixin.py:188} INFO - [2024-02-21T19:51:32.024+0000] {dag.py:3036} INFO - Sync 1 DAGs
[2024-02-21T19:51:32.047+0000] {logging_mixin.py:188} INFO - [2024-02-21T19:51:32.046+0000] {dag.py:3823} INFO - Setting next_dagrun for example_skip_dag to 2024-02-20 00:00:00+00:00, run_after=2024-02-21 00:00:00+00:00
[2024-02-21T19:51:32.064+0000] {processor.py:183} INFO - Processing /home/airflow/.local/lib/python3.8/site-packages/airflow/example_dags/example_skip_dag.py took 0.077 seconds
[2024-02-21T19:52:02.672+0000] {processor.py:161} INFO - Started process (PID=295) to work on /home/airflow/.local/lib/python3.8/site-packages/airflow/example_dags/example_skip_dag.py
[2024-02-21T19:52:02.673+0000] {processor.py:830} INFO - Processing file /home/airflow/.local/lib/python3.8/site-packages/airflow/example_dags/example_skip_dag.py for tasks to queue
[2024-02-21T19:52:02.675+0000] {logging_mixin.py:188} INFO - [2024-02-21T19:52:02.674+0000] {dagbag.py:538} INFO - Filling up the DagBag from /home/airflow/.local/lib/python3.8/site-packages/airflow/example_dags/example_skip_dag.py
[2024-02-21T19:52:02.688+0000] {processor.py:840} INFO - DAG(s) 'example_skip_dag' retrieved from /home/airflow/.local/lib/python3.8/site-packages/airflow/example_dags/example_skip_dag.py
[2024-02-21T19:52:02.716+0000] {logging_mixin.py:188} INFO - [2024-02-21T19:52:02.716+0000] {dag.py:3036} INFO - Sync 1 DAGs
[2024-02-21T19:52:02.743+0000] {logging_mixin.py:188} INFO - [2024-02-21T19:52:02.742+0000] {dag.py:3823} INFO - Setting next_dagrun for example_skip_dag to 2024-02-20 00:00:00+00:00, run_after=2024-02-21 00:00:00+00:00
[2024-02-21T19:52:02.765+0000] {processor.py:183} INFO - Processing /home/airflow/.local/lib/python3.8/site-packages/airflow/example_dags/example_skip_dag.py took 0.097 seconds
[2024-02-21T19:52:32.926+0000] {processor.py:161} INFO - Started process (PID=350) to work on /home/airflow/.local/lib/python3.8/site-packages/airflow/example_dags/example_skip_dag.py
[2024-02-21T19:52:32.927+0000] {processor.py:830} INFO - Processing file /home/airflow/.local/lib/python3.8/site-packages/airflow/example_dags/example_skip_dag.py for tasks to queue
[2024-02-21T19:52:32.929+0000] {logging_mixin.py:188} INFO - [2024-02-21T19:52:32.928+0000] {dagbag.py:538} INFO - Filling up the DagBag from /home/airflow/.local/lib/python3.8/site-packages/airflow/example_dags/example_skip_dag.py
[2024-02-21T19:52:32.934+0000] {processor.py:840} INFO - DAG(s) 'example_skip_dag' retrieved from /home/airflow/.local/lib/python3.8/site-packages/airflow/example_dags/example_skip_dag.py
[2024-02-21T19:52:32.954+0000] {logging_mixin.py:188} INFO - [2024-02-21T19:52:32.954+0000] {dag.py:3036} INFO - Sync 1 DAGs
[2024-02-21T19:52:32.975+0000] {logging_mixin.py:188} INFO - [2024-02-21T19:52:32.975+0000] {dag.py:3823} INFO - Setting next_dagrun for example_skip_dag to 2024-02-20 00:00:00+00:00, run_after=2024-02-21 00:00:00+00:00
[2024-02-21T19:52:33.000+0000] {processor.py:183} INFO - Processing /home/airflow/.local/lib/python3.8/site-packages/airflow/example_dags/example_skip_dag.py took 0.077 seconds
[2024-02-21T19:53:03.839+0000] {processor.py:161} INFO - Started process (PID=405) to work on /home/airflow/.local/lib/python3.8/site-packages/airflow/example_dags/example_skip_dag.py
[2024-02-21T19:53:03.840+0000] {processor.py:830} INFO - Processing file /home/airflow/.local/lib/python3.8/site-packages/airflow/example_dags/example_skip_dag.py for tasks to queue
[2024-02-21T19:53:03.841+0000] {logging_mixin.py:188} INFO - [2024-02-21T19:53:03.841+0000] {dagbag.py:538} INFO - Filling up the DagBag from /home/airflow/.local/lib/python3.8/site-packages/airflow/example_dags/example_skip_dag.py
[2024-02-21T19:53:03.848+0000] {processor.py:840} INFO - DAG(s) 'example_skip_dag' retrieved from /home/airflow/.local/lib/python3.8/site-packages/airflow/example_dags/example_skip_dag.py
[2024-02-21T19:53:03.867+0000] {logging_mixin.py:188} INFO - [2024-02-21T19:53:03.866+0000] {dag.py:3036} INFO - Sync 1 DAGs
[2024-02-21T19:53:03.887+0000] {logging_mixin.py:188} INFO - [2024-02-21T19:53:03.887+0000] {dag.py:3823} INFO - Setting next_dagrun for example_skip_dag to 2024-02-20 00:00:00+00:00, run_after=2024-02-21 00:00:00+00:00
[2024-02-21T19:53:03.908+0000] {processor.py:183} INFO - Processing /home/airflow/.local/lib/python3.8/site-packages/airflow/example_dags/example_skip_dag.py took 0.072 seconds
[2024-02-21T19:53:34.120+0000] {processor.py:161} INFO - Started process (PID=460) to work on /home/airflow/.local/lib/python3.8/site-packages/airflow/example_dags/example_skip_dag.py
[2024-02-21T19:53:34.121+0000] {processor.py:830} INFO - Processing file /home/airflow/.local/lib/python3.8/site-packages/airflow/example_dags/example_skip_dag.py for tasks to queue
[2024-02-21T19:53:34.124+0000] {logging_mixin.py:188} INFO - [2024-02-21T19:53:34.123+0000] {dagbag.py:538} INFO - Filling up the DagBag from /home/airflow/.local/lib/python3.8/site-packages/airflow/example_dags/example_skip_dag.py
[2024-02-21T19:53:34.131+0000] {processor.py:840} INFO - DAG(s) 'example_skip_dag' retrieved from /home/airflow/.local/lib/python3.8/site-packages/airflow/example_dags/example_skip_dag.py
[2024-02-21T19:53:34.153+0000] {logging_mixin.py:188} INFO - [2024-02-21T19:53:34.153+0000] {dag.py:3036} INFO - Sync 1 DAGs
[2024-02-21T19:53:34.183+0000] {logging_mixin.py:188} INFO - [2024-02-21T19:53:34.183+0000] {dag.py:3823} INFO - Setting next_dagrun for example_skip_dag to 2024-02-20 00:00:00+00:00, run_after=2024-02-21 00:00:00+00:00
[2024-02-21T19:53:34.206+0000] {processor.py:183} INFO - Processing /home/airflow/.local/lib/python3.8/site-packages/airflow/example_dags/example_skip_dag.py took 0.089 seconds
[2024-02-21T19:54:04.398+0000] {processor.py:161} INFO - Started process (PID=515) to work on /home/airflow/.local/lib/python3.8/site-packages/airflow/example_dags/example_skip_dag.py
[2024-02-21T19:54:04.399+0000] {processor.py:830} INFO - Processing file /home/airflow/.local/lib/python3.8/site-packages/airflow/example_dags/example_skip_dag.py for tasks to queue
[2024-02-21T19:54:04.401+0000] {logging_mixin.py:188} INFO - [2024-02-21T19:54:04.401+0000] {dagbag.py:538} INFO - Filling up the DagBag from /home/airflow/.local/lib/python3.8/site-packages/airflow/example_dags/example_skip_dag.py
[2024-02-21T19:54:04.410+0000] {processor.py:840} INFO - DAG(s) 'example_skip_dag' retrieved from /home/airflow/.local/lib/python3.8/site-packages/airflow/example_dags/example_skip_dag.py
[2024-02-21T19:54:04.435+0000] {logging_mixin.py:188} INFO - [2024-02-21T19:54:04.434+0000] {dag.py:3036} INFO - Sync 1 DAGs
[2024-02-21T19:54:04.466+0000] {logging_mixin.py:188} INFO - [2024-02-21T19:54:04.466+0000] {dag.py:3823} INFO - Setting next_dagrun for example_skip_dag to 2024-02-20 00:00:00+00:00, run_after=2024-02-21 00:00:00+00:00
[2024-02-21T19:54:04.490+0000] {processor.py:183} INFO - Processing /home/airflow/.local/lib/python3.8/site-packages/airflow/example_dags/example_skip_dag.py took 0.096 seconds
[2024-02-21T19:54:36.269+0000] {processor.py:161} INFO - Started process (PID=570) to work on /home/airflow/.local/lib/python3.8/site-packages/airflow/example_dags/example_skip_dag.py
[2024-02-21T19:54:36.270+0000] {processor.py:830} INFO - Processing file /home/airflow/.local/lib/python3.8/site-packages/airflow/example_dags/example_skip_dag.py for tasks to queue
[2024-02-21T19:54:36.272+0000] {logging_mixin.py:188} INFO - [2024-02-21T19:54:36.272+0000] {dagbag.py:538} INFO - Filling up the DagBag from /home/airflow/.local/lib/python3.8/site-packages/airflow/example_dags/example_skip_dag.py
[2024-02-21T19:54:36.278+0000] {processor.py:840} INFO - DAG(s) 'example_skip_dag' retrieved from /home/airflow/.local/lib/python3.8/site-packages/airflow/example_dags/example_skip_dag.py
[2024-02-21T19:54:36.304+0000] {logging_mixin.py:188} INFO - [2024-02-21T19:54:36.304+0000] {dag.py:3036} INFO - Sync 1 DAGs
[2024-02-21T19:54:36.328+0000] {logging_mixin.py:188} INFO - [2024-02-21T19:54:36.328+0000] {dag.py:3823} INFO - Setting next_dagrun for example_skip_dag to 2024-02-20 00:00:00+00:00, run_after=2024-02-21 00:00:00+00:00
[2024-02-21T19:54:36.355+0000] {processor.py:183} INFO - Processing /home/airflow/.local/lib/python3.8/site-packages/airflow/example_dags/example_skip_dag.py took 0.089 seconds
[2024-02-21T19:55:06.751+0000] {processor.py:161} INFO - Started process (PID=625) to work on /home/airflow/.local/lib/python3.8/site-packages/airflow/example_dags/example_skip_dag.py
[2024-02-21T19:55:06.752+0000] {processor.py:830} INFO - Processing file /home/airflow/.local/lib/python3.8/site-packages/airflow/example_dags/example_skip_dag.py for tasks to queue
[2024-02-21T19:55:06.754+0000] {logging_mixin.py:188} INFO - [2024-02-21T19:55:06.753+0000] {dagbag.py:538} INFO - Filling up the DagBag from /home/airflow/.local/lib/python3.8/site-packages/airflow/example_dags/example_skip_dag.py
[2024-02-21T19:55:06.760+0000] {processor.py:840} INFO - DAG(s) 'example_skip_dag' retrieved from /home/airflow/.local/lib/python3.8/site-packages/airflow/example_dags/example_skip_dag.py
[2024-02-21T19:55:06.782+0000] {logging_mixin.py:188} INFO - [2024-02-21T19:55:06.781+0000] {dag.py:3036} INFO - Sync 1 DAGs
[2024-02-21T19:55:06.802+0000] {logging_mixin.py:188} INFO - [2024-02-21T19:55:06.802+0000] {dag.py:3823} INFO - Setting next_dagrun for example_skip_dag to 2024-02-20 00:00:00+00:00, run_after=2024-02-21 00:00:00+00:00
[2024-02-21T19:55:06.821+0000] {processor.py:183} INFO - Processing /home/airflow/.local/lib/python3.8/site-packages/airflow/example_dags/example_skip_dag.py took 0.073 seconds
[2024-02-21T19:55:37.337+0000] {processor.py:161} INFO - Started process (PID=680) to work on /home/airflow/.local/lib/python3.8/site-packages/airflow/example_dags/example_skip_dag.py
[2024-02-21T19:55:37.338+0000] {processor.py:830} INFO - Processing file /home/airflow/.local/lib/python3.8/site-packages/airflow/example_dags/example_skip_dag.py for tasks to queue
[2024-02-21T19:55:37.340+0000] {logging_mixin.py:188} INFO - [2024-02-21T19:55:37.339+0000] {dagbag.py:538} INFO - Filling up the DagBag from /home/airflow/.local/lib/python3.8/site-packages/airflow/example_dags/example_skip_dag.py
[2024-02-21T19:55:37.346+0000] {processor.py:840} INFO - DAG(s) 'example_skip_dag' retrieved from /home/airflow/.local/lib/python3.8/site-packages/airflow/example_dags/example_skip_dag.py
[2024-02-21T19:55:37.368+0000] {logging_mixin.py:188} INFO - [2024-02-21T19:55:37.367+0000] {dag.py:3036} INFO - Sync 1 DAGs
[2024-02-21T19:55:37.393+0000] {logging_mixin.py:188} INFO - [2024-02-21T19:55:37.393+0000] {dag.py:3823} INFO - Setting next_dagrun for example_skip_dag to 2024-02-20 00:00:00+00:00, run_after=2024-02-21 00:00:00+00:00
[2024-02-21T19:55:37.416+0000] {processor.py:183} INFO - Processing /home/airflow/.local/lib/python3.8/site-packages/airflow/example_dags/example_skip_dag.py took 0.082 seconds
[2024-02-21T19:56:07.666+0000] {processor.py:161} INFO - Started process (PID=735) to work on /home/airflow/.local/lib/python3.8/site-packages/airflow/example_dags/example_skip_dag.py
[2024-02-21T19:56:07.669+0000] {processor.py:830} INFO - Processing file /home/airflow/.local/lib/python3.8/site-packages/airflow/example_dags/example_skip_dag.py for tasks to queue
[2024-02-21T19:56:07.671+0000] {logging_mixin.py:188} INFO - [2024-02-21T19:56:07.671+0000] {dagbag.py:538} INFO - Filling up the DagBag from /home/airflow/.local/lib/python3.8/site-packages/airflow/example_dags/example_skip_dag.py
[2024-02-21T19:56:07.680+0000] {processor.py:840} INFO - DAG(s) 'example_skip_dag' retrieved from /home/airflow/.local/lib/python3.8/site-packages/airflow/example_dags/example_skip_dag.py
[2024-02-21T19:56:07.709+0000] {logging_mixin.py:188} INFO - [2024-02-21T19:56:07.709+0000] {dag.py:3036} INFO - Sync 1 DAGs
[2024-02-21T19:56:07.740+0000] {logging_mixin.py:188} INFO - [2024-02-21T19:56:07.740+0000] {dag.py:3823} INFO - Setting next_dagrun for example_skip_dag to 2024-02-20 00:00:00+00:00, run_after=2024-02-21 00:00:00+00:00
[2024-02-21T19:56:07.761+0000] {processor.py:183} INFO - Processing /home/airflow/.local/lib/python3.8/site-packages/airflow/example_dags/example_skip_dag.py took 0.100 seconds
[2024-02-21T19:56:37.816+0000] {processor.py:161} INFO - Started process (PID=796) to work on /home/airflow/.local/lib/python3.8/site-packages/airflow/example_dags/example_skip_dag.py
[2024-02-21T19:56:37.818+0000] {processor.py:830} INFO - Processing file /home/airflow/.local/lib/python3.8/site-packages/airflow/example_dags/example_skip_dag.py for tasks to queue
[2024-02-21T19:56:37.821+0000] {logging_mixin.py:188} INFO - [2024-02-21T19:56:37.820+0000] {dagbag.py:538} INFO - Filling up the DagBag from /home/airflow/.local/lib/python3.8/site-packages/airflow/example_dags/example_skip_dag.py
[2024-02-21T19:56:37.829+0000] {processor.py:840} INFO - DAG(s) 'example_skip_dag' retrieved from /home/airflow/.local/lib/python3.8/site-packages/airflow/example_dags/example_skip_dag.py
[2024-02-21T19:56:37.855+0000] {logging_mixin.py:188} INFO - [2024-02-21T19:56:37.854+0000] {dag.py:3036} INFO - Sync 1 DAGs
[2024-02-21T19:56:37.878+0000] {logging_mixin.py:188} INFO - [2024-02-21T19:56:37.878+0000] {dag.py:3823} INFO - Setting next_dagrun for example_skip_dag to 2024-02-20 00:00:00+00:00, run_after=2024-02-21 00:00:00+00:00
[2024-02-21T19:56:37.900+0000] {processor.py:183} INFO - Processing /home/airflow/.local/lib/python3.8/site-packages/airflow/example_dags/example_skip_dag.py took 0.089 seconds
[2024-02-21T19:57:08.097+0000] {processor.py:161} INFO - Started process (PID=851) to work on /home/airflow/.local/lib/python3.8/site-packages/airflow/example_dags/example_skip_dag.py
[2024-02-21T19:57:08.099+0000] {processor.py:830} INFO - Processing file /home/airflow/.local/lib/python3.8/site-packages/airflow/example_dags/example_skip_dag.py for tasks to queue
[2024-02-21T19:57:08.101+0000] {logging_mixin.py:188} INFO - [2024-02-21T19:57:08.101+0000] {dagbag.py:538} INFO - Filling up the DagBag from /home/airflow/.local/lib/python3.8/site-packages/airflow/example_dags/example_skip_dag.py
[2024-02-21T19:57:08.108+0000] {processor.py:840} INFO - DAG(s) 'example_skip_dag' retrieved from /home/airflow/.local/lib/python3.8/site-packages/airflow/example_dags/example_skip_dag.py
[2024-02-21T19:57:08.130+0000] {logging_mixin.py:188} INFO - [2024-02-21T19:57:08.130+0000] {dag.py:3036} INFO - Sync 1 DAGs
[2024-02-21T19:57:08.152+0000] {logging_mixin.py:188} INFO - [2024-02-21T19:57:08.152+0000] {dag.py:3823} INFO - Setting next_dagrun for example_skip_dag to 2024-02-20 00:00:00+00:00, run_after=2024-02-21 00:00:00+00:00
[2024-02-21T19:57:08.171+0000] {processor.py:183} INFO - Processing /home/airflow/.local/lib/python3.8/site-packages/airflow/example_dags/example_skip_dag.py took 0.077 seconds
[2024-02-21T19:57:38.323+0000] {processor.py:161} INFO - Started process (PID=906) to work on /home/airflow/.local/lib/python3.8/site-packages/airflow/example_dags/example_skip_dag.py
[2024-02-21T19:57:38.324+0000] {processor.py:830} INFO - Processing file /home/airflow/.local/lib/python3.8/site-packages/airflow/example_dags/example_skip_dag.py for tasks to queue
[2024-02-21T19:57:38.326+0000] {logging_mixin.py:188} INFO - [2024-02-21T19:57:38.326+0000] {dagbag.py:538} INFO - Filling up the DagBag from /home/airflow/.local/lib/python3.8/site-packages/airflow/example_dags/example_skip_dag.py
[2024-02-21T19:57:38.334+0000] {processor.py:840} INFO - DAG(s) 'example_skip_dag' retrieved from /home/airflow/.local/lib/python3.8/site-packages/airflow/example_dags/example_skip_dag.py
[2024-02-21T19:57:38.360+0000] {logging_mixin.py:188} INFO - [2024-02-21T19:57:38.360+0000] {dag.py:3036} INFO - Sync 1 DAGs
[2024-02-21T19:57:38.385+0000] {logging_mixin.py:188} INFO - [2024-02-21T19:57:38.385+0000] {dag.py:3823} INFO - Setting next_dagrun for example_skip_dag to 2024-02-20 00:00:00+00:00, run_after=2024-02-21 00:00:00+00:00
[2024-02-21T19:57:38.410+0000] {processor.py:183} INFO - Processing /home/airflow/.local/lib/python3.8/site-packages/airflow/example_dags/example_skip_dag.py took 0.090 seconds
[2024-02-21T19:58:08.782+0000] {processor.py:161} INFO - Started process (PID=961) to work on /home/airflow/.local/lib/python3.8/site-packages/airflow/example_dags/example_skip_dag.py
[2024-02-21T19:58:08.783+0000] {processor.py:830} INFO - Processing file /home/airflow/.local/lib/python3.8/site-packages/airflow/example_dags/example_skip_dag.py for tasks to queue
[2024-02-21T19:58:08.785+0000] {logging_mixin.py:188} INFO - [2024-02-21T19:58:08.785+0000] {dagbag.py:538} INFO - Filling up the DagBag from /home/airflow/.local/lib/python3.8/site-packages/airflow/example_dags/example_skip_dag.py
[2024-02-21T19:58:08.793+0000] {processor.py:840} INFO - DAG(s) 'example_skip_dag' retrieved from /home/airflow/.local/lib/python3.8/site-packages/airflow/example_dags/example_skip_dag.py
[2024-02-21T19:58:08.814+0000] {logging_mixin.py:188} INFO - [2024-02-21T19:58:08.814+0000] {dag.py:3036} INFO - Sync 1 DAGs
[2024-02-21T19:58:08.837+0000] {logging_mixin.py:188} INFO - [2024-02-21T19:58:08.837+0000] {dag.py:3823} INFO - Setting next_dagrun for example_skip_dag to 2024-02-20 00:00:00+00:00, run_after=2024-02-21 00:00:00+00:00
[2024-02-21T19:58:08.866+0000] {processor.py:183} INFO - Processing /home/airflow/.local/lib/python3.8/site-packages/airflow/example_dags/example_skip_dag.py took 0.088 seconds
[2024-02-21T19:58:39.247+0000] {processor.py:161} INFO - Started process (PID=1016) to work on /home/airflow/.local/lib/python3.8/site-packages/airflow/example_dags/example_skip_dag.py
[2024-02-21T19:58:39.248+0000] {processor.py:830} INFO - Processing file /home/airflow/.local/lib/python3.8/site-packages/airflow/example_dags/example_skip_dag.py for tasks to queue
[2024-02-21T19:58:39.251+0000] {logging_mixin.py:188} INFO - [2024-02-21T19:58:39.250+0000] {dagbag.py:538} INFO - Filling up the DagBag from /home/airflow/.local/lib/python3.8/site-packages/airflow/example_dags/example_skip_dag.py
[2024-02-21T19:58:39.258+0000] {processor.py:840} INFO - DAG(s) 'example_skip_dag' retrieved from /home/airflow/.local/lib/python3.8/site-packages/airflow/example_dags/example_skip_dag.py
[2024-02-21T19:58:39.283+0000] {logging_mixin.py:188} INFO - [2024-02-21T19:58:39.283+0000] {dag.py:3036} INFO - Sync 1 DAGs
[2024-02-21T19:58:39.304+0000] {logging_mixin.py:188} INFO - [2024-02-21T19:58:39.304+0000] {dag.py:3823} INFO - Setting next_dagrun for example_skip_dag to 2024-02-20 00:00:00+00:00, run_after=2024-02-21 00:00:00+00:00
[2024-02-21T19:58:39.323+0000] {processor.py:183} INFO - Processing /home/airflow/.local/lib/python3.8/site-packages/airflow/example_dags/example_skip_dag.py took 0.080 seconds
[2024-02-21T19:59:09.718+0000] {processor.py:161} INFO - Started process (PID=1071) to work on /home/airflow/.local/lib/python3.8/site-packages/airflow/example_dags/example_skip_dag.py
[2024-02-21T19:59:09.719+0000] {processor.py:830} INFO - Processing file /home/airflow/.local/lib/python3.8/site-packages/airflow/example_dags/example_skip_dag.py for tasks to queue
[2024-02-21T19:59:09.721+0000] {logging_mixin.py:188} INFO - [2024-02-21T19:59:09.721+0000] {dagbag.py:538} INFO - Filling up the DagBag from /home/airflow/.local/lib/python3.8/site-packages/airflow/example_dags/example_skip_dag.py
[2024-02-21T19:59:09.727+0000] {processor.py:840} INFO - DAG(s) 'example_skip_dag' retrieved from /home/airflow/.local/lib/python3.8/site-packages/airflow/example_dags/example_skip_dag.py
[2024-02-21T19:59:09.749+0000] {logging_mixin.py:188} INFO - [2024-02-21T19:59:09.748+0000] {dag.py:3036} INFO - Sync 1 DAGs
[2024-02-21T19:59:09.772+0000] {logging_mixin.py:188} INFO - [2024-02-21T19:59:09.771+0000] {dag.py:3823} INFO - Setting next_dagrun for example_skip_dag to 2024-02-20 00:00:00+00:00, run_after=2024-02-21 00:00:00+00:00
[2024-02-21T19:59:09.796+0000] {processor.py:183} INFO - Processing /home/airflow/.local/lib/python3.8/site-packages/airflow/example_dags/example_skip_dag.py took 0.082 seconds
[2024-02-21T19:59:40.122+0000] {processor.py:161} INFO - Started process (PID=1126) to work on /home/airflow/.local/lib/python3.8/site-packages/airflow/example_dags/example_skip_dag.py
[2024-02-21T19:59:40.123+0000] {processor.py:830} INFO - Processing file /home/airflow/.local/lib/python3.8/site-packages/airflow/example_dags/example_skip_dag.py for tasks to queue
[2024-02-21T19:59:40.126+0000] {logging_mixin.py:188} INFO - [2024-02-21T19:59:40.125+0000] {dagbag.py:538} INFO - Filling up the DagBag from /home/airflow/.local/lib/python3.8/site-packages/airflow/example_dags/example_skip_dag.py
[2024-02-21T19:59:40.136+0000] {processor.py:840} INFO - DAG(s) 'example_skip_dag' retrieved from /home/airflow/.local/lib/python3.8/site-packages/airflow/example_dags/example_skip_dag.py
[2024-02-21T19:59:40.157+0000] {logging_mixin.py:188} INFO - [2024-02-21T19:59:40.156+0000] {dag.py:3036} INFO - Sync 1 DAGs
[2024-02-21T19:59:40.177+0000] {logging_mixin.py:188} INFO - [2024-02-21T19:59:40.177+0000] {dag.py:3823} INFO - Setting next_dagrun for example_skip_dag to 2024-02-20 00:00:00+00:00, run_after=2024-02-21 00:00:00+00:00
[2024-02-21T19:59:40.198+0000] {processor.py:183} INFO - Processing /home/airflow/.local/lib/python3.8/site-packages/airflow/example_dags/example_skip_dag.py took 0.080 seconds
[2024-02-21T20:00:10.712+0000] {processor.py:161} INFO - Started process (PID=1181) to work on /home/airflow/.local/lib/python3.8/site-packages/airflow/example_dags/example_skip_dag.py
[2024-02-21T20:00:10.714+0000] {processor.py:830} INFO - Processing file /home/airflow/.local/lib/python3.8/site-packages/airflow/example_dags/example_skip_dag.py for tasks to queue
[2024-02-21T20:00:10.716+0000] {logging_mixin.py:188} INFO - [2024-02-21T20:00:10.716+0000] {dagbag.py:538} INFO - Filling up the DagBag from /home/airflow/.local/lib/python3.8/site-packages/airflow/example_dags/example_skip_dag.py
[2024-02-21T20:00:10.724+0000] {processor.py:840} INFO - DAG(s) 'example_skip_dag' retrieved from /home/airflow/.local/lib/python3.8/site-packages/airflow/example_dags/example_skip_dag.py
[2024-02-21T20:00:10.754+0000] {logging_mixin.py:188} INFO - [2024-02-21T20:00:10.754+0000] {dag.py:3036} INFO - Sync 1 DAGs
[2024-02-21T20:00:10.781+0000] {logging_mixin.py:188} INFO - [2024-02-21T20:00:10.780+0000] {dag.py:3823} INFO - Setting next_dagrun for example_skip_dag to 2024-02-20 00:00:00+00:00, run_after=2024-02-21 00:00:00+00:00
[2024-02-21T20:00:10.813+0000] {processor.py:183} INFO - Processing /home/airflow/.local/lib/python3.8/site-packages/airflow/example_dags/example_skip_dag.py took 0.104 seconds
[2024-02-21T20:00:41.159+0000] {processor.py:161} INFO - Started process (PID=1236) to work on /home/airflow/.local/lib/python3.8/site-packages/airflow/example_dags/example_skip_dag.py
[2024-02-21T20:00:41.160+0000] {processor.py:830} INFO - Processing file /home/airflow/.local/lib/python3.8/site-packages/airflow/example_dags/example_skip_dag.py for tasks to queue
[2024-02-21T20:00:41.162+0000] {logging_mixin.py:188} INFO - [2024-02-21T20:00:41.162+0000] {dagbag.py:538} INFO - Filling up the DagBag from /home/airflow/.local/lib/python3.8/site-packages/airflow/example_dags/example_skip_dag.py
[2024-02-21T20:00:41.168+0000] {processor.py:840} INFO - DAG(s) 'example_skip_dag' retrieved from /home/airflow/.local/lib/python3.8/site-packages/airflow/example_dags/example_skip_dag.py
[2024-02-21T20:00:41.189+0000] {logging_mixin.py:188} INFO - [2024-02-21T20:00:41.189+0000] {dag.py:3036} INFO - Sync 1 DAGs
[2024-02-21T20:00:41.212+0000] {logging_mixin.py:188} INFO - [2024-02-21T20:00:41.212+0000] {dag.py:3823} INFO - Setting next_dagrun for example_skip_dag to 2024-02-20 00:00:00+00:00, run_after=2024-02-21 00:00:00+00:00
[2024-02-21T20:00:41.232+0000] {processor.py:183} INFO - Processing /home/airflow/.local/lib/python3.8/site-packages/airflow/example_dags/example_skip_dag.py took 0.077 seconds
[2024-02-21T20:01:11.553+0000] {processor.py:161} INFO - Started process (PID=1291) to work on /home/airflow/.local/lib/python3.8/site-packages/airflow/example_dags/example_skip_dag.py
[2024-02-21T20:01:11.554+0000] {processor.py:830} INFO - Processing file /home/airflow/.local/lib/python3.8/site-packages/airflow/example_dags/example_skip_dag.py for tasks to queue
[2024-02-21T20:01:11.556+0000] {logging_mixin.py:188} INFO - [2024-02-21T20:01:11.556+0000] {dagbag.py:538} INFO - Filling up the DagBag from /home/airflow/.local/lib/python3.8/site-packages/airflow/example_dags/example_skip_dag.py
[2024-02-21T20:01:11.563+0000] {processor.py:840} INFO - DAG(s) 'example_skip_dag' retrieved from /home/airflow/.local/lib/python3.8/site-packages/airflow/example_dags/example_skip_dag.py
[2024-02-21T20:01:11.584+0000] {logging_mixin.py:188} INFO - [2024-02-21T20:01:11.584+0000] {dag.py:3036} INFO - Sync 1 DAGs
[2024-02-21T20:01:11.615+0000] {logging_mixin.py:188} INFO - [2024-02-21T20:01:11.615+0000] {dag.py:3823} INFO - Setting next_dagrun for example_skip_dag to 2024-02-20 00:00:00+00:00, run_after=2024-02-21 00:00:00+00:00
[2024-02-21T20:01:11.632+0000] {processor.py:183} INFO - Processing /home/airflow/.local/lib/python3.8/site-packages/airflow/example_dags/example_skip_dag.py took 0.082 seconds
[2024-02-21T20:01:41.950+0000] {processor.py:161} INFO - Started process (PID=1346) to work on /home/airflow/.local/lib/python3.8/site-packages/airflow/example_dags/example_skip_dag.py
[2024-02-21T20:01:41.951+0000] {processor.py:830} INFO - Processing file /home/airflow/.local/lib/python3.8/site-packages/airflow/example_dags/example_skip_dag.py for tasks to queue
[2024-02-21T20:01:41.954+0000] {logging_mixin.py:188} INFO - [2024-02-21T20:01:41.953+0000] {dagbag.py:538} INFO - Filling up the DagBag from /home/airflow/.local/lib/python3.8/site-packages/airflow/example_dags/example_skip_dag.py
[2024-02-21T20:01:41.962+0000] {processor.py:840} INFO - DAG(s) 'example_skip_dag' retrieved from /home/airflow/.local/lib/python3.8/site-packages/airflow/example_dags/example_skip_dag.py
[2024-02-21T20:01:41.983+0000] {logging_mixin.py:188} INFO - [2024-02-21T20:01:41.983+0000] {dag.py:3036} INFO - Sync 1 DAGs
[2024-02-21T20:01:42.008+0000] {logging_mixin.py:188} INFO - [2024-02-21T20:01:42.008+0000] {dag.py:3823} INFO - Setting next_dagrun for example_skip_dag to 2024-02-20 00:00:00+00:00, run_after=2024-02-21 00:00:00+00:00
[2024-02-21T20:01:42.032+0000] {processor.py:183} INFO - Processing /home/airflow/.local/lib/python3.8/site-packages/airflow/example_dags/example_skip_dag.py took 0.087 seconds
