[2024-02-21T19:49:59.971+0000] {processor.py:161} INFO - Started process (PID=74) to work on /home/airflow/.local/lib/python3.8/site-packages/airflow/example_dags/example_complex.py
[2024-02-21T19:49:59.972+0000] {processor.py:830} INFO - Processing file /home/airflow/.local/lib/python3.8/site-packages/airflow/example_dags/example_complex.py for tasks to queue
[2024-02-21T19:49:59.974+0000] {logging_mixin.py:188} INFO - [2024-02-21T19:49:59.974+0000] {dagbag.py:538} INFO - Filling up the DagBag from /home/airflow/.local/lib/python3.8/site-packages/airflow/example_dags/example_complex.py
[2024-02-21T19:50:00.006+0000] {processor.py:840} INFO - DAG(s) 'example_complex' retrieved from /home/airflow/.local/lib/python3.8/site-packages/airflow/example_dags/example_complex.py
[2024-02-21T19:50:00.219+0000] {logging_mixin.py:188} INFO - [2024-02-21T19:50:00.219+0000] {dag.py:3036} INFO - Sync 1 DAGs
[2024-02-21T19:50:00.235+0000] {logging_mixin.py:188} INFO - [2024-02-21T19:50:00.234+0000] {dag.py:3823} INFO - Setting next_dagrun for example_complex to None, run_after=None
[2024-02-21T19:50:00.265+0000] {processor.py:183} INFO - Processing /home/airflow/.local/lib/python3.8/site-packages/airflow/example_dags/example_complex.py took 0.298 seconds
[2024-02-21T19:50:31.171+0000] {processor.py:161} INFO - Started process (PID=129) to work on /home/airflow/.local/lib/python3.8/site-packages/airflow/example_dags/example_complex.py
[2024-02-21T19:50:31.172+0000] {processor.py:830} INFO - Processing file /home/airflow/.local/lib/python3.8/site-packages/airflow/example_dags/example_complex.py for tasks to queue
[2024-02-21T19:50:31.173+0000] {logging_mixin.py:188} INFO - [2024-02-21T19:50:31.173+0000] {dagbag.py:538} INFO - Filling up the DagBag from /home/airflow/.local/lib/python3.8/site-packages/airflow/example_dags/example_complex.py
[2024-02-21T19:50:31.184+0000] {processor.py:840} INFO - DAG(s) 'example_complex' retrieved from /home/airflow/.local/lib/python3.8/site-packages/airflow/example_dags/example_complex.py
[2024-02-21T19:50:31.214+0000] {logging_mixin.py:188} INFO - [2024-02-21T19:50:31.213+0000] {dag.py:3036} INFO - Sync 1 DAGs
[2024-02-21T19:50:31.226+0000] {logging_mixin.py:188} INFO - [2024-02-21T19:50:31.226+0000] {dag.py:3823} INFO - Setting next_dagrun for example_complex to None, run_after=None
[2024-02-21T19:50:31.246+0000] {processor.py:183} INFO - Processing /home/airflow/.local/lib/python3.8/site-packages/airflow/example_dags/example_complex.py took 0.078 seconds
[2024-02-21T19:51:01.415+0000] {processor.py:161} INFO - Started process (PID=184) to work on /home/airflow/.local/lib/python3.8/site-packages/airflow/example_dags/example_complex.py
[2024-02-21T19:51:01.416+0000] {processor.py:830} INFO - Processing file /home/airflow/.local/lib/python3.8/site-packages/airflow/example_dags/example_complex.py for tasks to queue
[2024-02-21T19:51:01.418+0000] {logging_mixin.py:188} INFO - [2024-02-21T19:51:01.418+0000] {dagbag.py:538} INFO - Filling up the DagBag from /home/airflow/.local/lib/python3.8/site-packages/airflow/example_dags/example_complex.py
[2024-02-21T19:51:01.428+0000] {processor.py:840} INFO - DAG(s) 'example_complex' retrieved from /home/airflow/.local/lib/python3.8/site-packages/airflow/example_dags/example_complex.py
[2024-02-21T19:51:01.458+0000] {logging_mixin.py:188} INFO - [2024-02-21T19:51:01.458+0000] {dag.py:3036} INFO - Sync 1 DAGs
[2024-02-21T19:51:01.470+0000] {logging_mixin.py:188} INFO - [2024-02-21T19:51:01.470+0000] {dag.py:3823} INFO - Setting next_dagrun for example_complex to None, run_after=None
[2024-02-21T19:51:01.490+0000] {processor.py:183} INFO - Processing /home/airflow/.local/lib/python3.8/site-packages/airflow/example_dags/example_complex.py took 0.078 seconds
[2024-02-21T19:51:31.869+0000] {processor.py:161} INFO - Started process (PID=239) to work on /home/airflow/.local/lib/python3.8/site-packages/airflow/example_dags/example_complex.py
[2024-02-21T19:51:31.869+0000] {processor.py:830} INFO - Processing file /home/airflow/.local/lib/python3.8/site-packages/airflow/example_dags/example_complex.py for tasks to queue
[2024-02-21T19:51:31.871+0000] {logging_mixin.py:188} INFO - [2024-02-21T19:51:31.871+0000] {dagbag.py:538} INFO - Filling up the DagBag from /home/airflow/.local/lib/python3.8/site-packages/airflow/example_dags/example_complex.py
[2024-02-21T19:51:31.883+0000] {processor.py:840} INFO - DAG(s) 'example_complex' retrieved from /home/airflow/.local/lib/python3.8/site-packages/airflow/example_dags/example_complex.py
[2024-02-21T19:51:31.911+0000] {logging_mixin.py:188} INFO - [2024-02-21T19:51:31.911+0000] {dag.py:3036} INFO - Sync 1 DAGs
[2024-02-21T19:51:31.923+0000] {logging_mixin.py:188} INFO - [2024-02-21T19:51:31.923+0000] {dag.py:3823} INFO - Setting next_dagrun for example_complex to None, run_after=None
[2024-02-21T19:51:31.960+0000] {processor.py:183} INFO - Processing /home/airflow/.local/lib/python3.8/site-packages/airflow/example_dags/example_complex.py took 0.094 seconds
[2024-02-21T19:52:02.561+0000] {processor.py:161} INFO - Started process (PID=294) to work on /home/airflow/.local/lib/python3.8/site-packages/airflow/example_dags/example_complex.py
[2024-02-21T19:52:02.562+0000] {processor.py:830} INFO - Processing file /home/airflow/.local/lib/python3.8/site-packages/airflow/example_dags/example_complex.py for tasks to queue
[2024-02-21T19:52:02.564+0000] {logging_mixin.py:188} INFO - [2024-02-21T19:52:02.564+0000] {dagbag.py:538} INFO - Filling up the DagBag from /home/airflow/.local/lib/python3.8/site-packages/airflow/example_dags/example_complex.py
[2024-02-21T19:52:02.577+0000] {processor.py:840} INFO - DAG(s) 'example_complex' retrieved from /home/airflow/.local/lib/python3.8/site-packages/airflow/example_dags/example_complex.py
[2024-02-21T19:52:02.611+0000] {logging_mixin.py:188} INFO - [2024-02-21T19:52:02.611+0000] {dag.py:3036} INFO - Sync 1 DAGs
[2024-02-21T19:52:02.625+0000] {logging_mixin.py:188} INFO - [2024-02-21T19:52:02.625+0000] {dag.py:3823} INFO - Setting next_dagrun for example_complex to None, run_after=None
[2024-02-21T19:52:02.647+0000] {processor.py:183} INFO - Processing /home/airflow/.local/lib/python3.8/site-packages/airflow/example_dags/example_complex.py took 0.089 seconds
[2024-02-21T19:52:32.826+0000] {processor.py:161} INFO - Started process (PID=349) to work on /home/airflow/.local/lib/python3.8/site-packages/airflow/example_dags/example_complex.py
[2024-02-21T19:52:32.827+0000] {processor.py:830} INFO - Processing file /home/airflow/.local/lib/python3.8/site-packages/airflow/example_dags/example_complex.py for tasks to queue
[2024-02-21T19:52:32.829+0000] {logging_mixin.py:188} INFO - [2024-02-21T19:52:32.828+0000] {dagbag.py:538} INFO - Filling up the DagBag from /home/airflow/.local/lib/python3.8/site-packages/airflow/example_dags/example_complex.py
[2024-02-21T19:52:32.839+0000] {processor.py:840} INFO - DAG(s) 'example_complex' retrieved from /home/airflow/.local/lib/python3.8/site-packages/airflow/example_dags/example_complex.py
[2024-02-21T19:52:32.866+0000] {logging_mixin.py:188} INFO - [2024-02-21T19:52:32.866+0000] {dag.py:3036} INFO - Sync 1 DAGs
[2024-02-21T19:52:32.878+0000] {logging_mixin.py:188} INFO - [2024-02-21T19:52:32.878+0000] {dag.py:3823} INFO - Setting next_dagrun for example_complex to None, run_after=None
[2024-02-21T19:52:32.897+0000] {processor.py:183} INFO - Processing /home/airflow/.local/lib/python3.8/site-packages/airflow/example_dags/example_complex.py took 0.074 seconds
[2024-02-21T19:53:03.694+0000] {processor.py:161} INFO - Started process (PID=404) to work on /home/airflow/.local/lib/python3.8/site-packages/airflow/example_dags/example_complex.py
[2024-02-21T19:53:03.695+0000] {processor.py:830} INFO - Processing file /home/airflow/.local/lib/python3.8/site-packages/airflow/example_dags/example_complex.py for tasks to queue
[2024-02-21T19:53:03.697+0000] {logging_mixin.py:188} INFO - [2024-02-21T19:53:03.696+0000] {dagbag.py:538} INFO - Filling up the DagBag from /home/airflow/.local/lib/python3.8/site-packages/airflow/example_dags/example_complex.py
[2024-02-21T19:53:03.708+0000] {processor.py:840} INFO - DAG(s) 'example_complex' retrieved from /home/airflow/.local/lib/python3.8/site-packages/airflow/example_dags/example_complex.py
[2024-02-21T19:53:03.741+0000] {logging_mixin.py:188} INFO - [2024-02-21T19:53:03.740+0000] {dag.py:3036} INFO - Sync 1 DAGs
[2024-02-21T19:53:03.755+0000] {logging_mixin.py:188} INFO - [2024-02-21T19:53:03.755+0000] {dag.py:3823} INFO - Setting next_dagrun for example_complex to None, run_after=None
[2024-02-21T19:53:03.773+0000] {processor.py:183} INFO - Processing /home/airflow/.local/lib/python3.8/site-packages/airflow/example_dags/example_complex.py took 0.082 seconds
[2024-02-21T19:53:33.930+0000] {processor.py:161} INFO - Started process (PID=459) to work on /home/airflow/.local/lib/python3.8/site-packages/airflow/example_dags/example_complex.py
[2024-02-21T19:53:33.932+0000] {processor.py:830} INFO - Processing file /home/airflow/.local/lib/python3.8/site-packages/airflow/example_dags/example_complex.py for tasks to queue
[2024-02-21T19:53:33.934+0000] {logging_mixin.py:188} INFO - [2024-02-21T19:53:33.934+0000] {dagbag.py:538} INFO - Filling up the DagBag from /home/airflow/.local/lib/python3.8/site-packages/airflow/example_dags/example_complex.py
[2024-02-21T19:53:33.944+0000] {processor.py:840} INFO - DAG(s) 'example_complex' retrieved from /home/airflow/.local/lib/python3.8/site-packages/airflow/example_dags/example_complex.py
[2024-02-21T19:53:33.984+0000] {logging_mixin.py:188} INFO - [2024-02-21T19:53:33.983+0000] {dag.py:3036} INFO - Sync 1 DAGs
[2024-02-21T19:53:34.077+0000] {logging_mixin.py:188} INFO - [2024-02-21T19:53:34.077+0000] {dag.py:3823} INFO - Setting next_dagrun for example_complex to None, run_after=None
[2024-02-21T19:53:34.097+0000] {processor.py:183} INFO - Processing /home/airflow/.local/lib/python3.8/site-packages/airflow/example_dags/example_complex.py took 0.170 seconds
[2024-02-21T19:54:04.243+0000] {processor.py:161} INFO - Started process (PID=514) to work on /home/airflow/.local/lib/python3.8/site-packages/airflow/example_dags/example_complex.py
[2024-02-21T19:54:04.244+0000] {processor.py:830} INFO - Processing file /home/airflow/.local/lib/python3.8/site-packages/airflow/example_dags/example_complex.py for tasks to queue
[2024-02-21T19:54:04.246+0000] {logging_mixin.py:188} INFO - [2024-02-21T19:54:04.246+0000] {dagbag.py:538} INFO - Filling up the DagBag from /home/airflow/.local/lib/python3.8/site-packages/airflow/example_dags/example_complex.py
[2024-02-21T19:54:04.260+0000] {processor.py:840} INFO - DAG(s) 'example_complex' retrieved from /home/airflow/.local/lib/python3.8/site-packages/airflow/example_dags/example_complex.py
[2024-02-21T19:54:04.302+0000] {logging_mixin.py:188} INFO - [2024-02-21T19:54:04.302+0000] {dag.py:3036} INFO - Sync 1 DAGs
[2024-02-21T19:54:04.321+0000] {logging_mixin.py:188} INFO - [2024-02-21T19:54:04.321+0000] {dag.py:3823} INFO - Setting next_dagrun for example_complex to None, run_after=None
[2024-02-21T19:54:04.350+0000] {processor.py:183} INFO - Processing /home/airflow/.local/lib/python3.8/site-packages/airflow/example_dags/example_complex.py took 0.111 seconds
[2024-02-21T19:54:35.256+0000] {processor.py:161} INFO - Started process (PID=569) to work on /home/airflow/.local/lib/python3.8/site-packages/airflow/example_dags/example_complex.py
[2024-02-21T19:54:35.257+0000] {processor.py:830} INFO - Processing file /home/airflow/.local/lib/python3.8/site-packages/airflow/example_dags/example_complex.py for tasks to queue
[2024-02-21T19:54:35.259+0000] {logging_mixin.py:188} INFO - [2024-02-21T19:54:35.259+0000] {dagbag.py:538} INFO - Filling up the DagBag from /home/airflow/.local/lib/python3.8/site-packages/airflow/example_dags/example_complex.py
[2024-02-21T19:54:35.270+0000] {processor.py:840} INFO - DAG(s) 'example_complex' retrieved from /home/airflow/.local/lib/python3.8/site-packages/airflow/example_dags/example_complex.py
[2024-02-21T19:54:35.298+0000] {logging_mixin.py:188} INFO - [2024-02-21T19:54:35.298+0000] {dag.py:3036} INFO - Sync 1 DAGs
[2024-02-21T19:54:35.312+0000] {logging_mixin.py:188} INFO - [2024-02-21T19:54:35.312+0000] {dag.py:3823} INFO - Setting next_dagrun for example_complex to None, run_after=None
[2024-02-21T19:54:35.331+0000] {processor.py:183} INFO - Processing /home/airflow/.local/lib/python3.8/site-packages/airflow/example_dags/example_complex.py took 0.077 seconds
[2024-02-21T19:55:05.631+0000] {processor.py:161} INFO - Started process (PID=624) to work on /home/airflow/.local/lib/python3.8/site-packages/airflow/example_dags/example_complex.py
[2024-02-21T19:55:05.633+0000] {processor.py:830} INFO - Processing file /home/airflow/.local/lib/python3.8/site-packages/airflow/example_dags/example_complex.py for tasks to queue
[2024-02-21T19:55:05.635+0000] {logging_mixin.py:188} INFO - [2024-02-21T19:55:05.635+0000] {dagbag.py:538} INFO - Filling up the DagBag from /home/airflow/.local/lib/python3.8/site-packages/airflow/example_dags/example_complex.py
[2024-02-21T19:55:05.647+0000] {processor.py:840} INFO - DAG(s) 'example_complex' retrieved from /home/airflow/.local/lib/python3.8/site-packages/airflow/example_dags/example_complex.py
[2024-02-21T19:55:05.675+0000] {logging_mixin.py:188} INFO - [2024-02-21T19:55:05.675+0000] {dag.py:3036} INFO - Sync 1 DAGs
[2024-02-21T19:55:05.688+0000] {logging_mixin.py:188} INFO - [2024-02-21T19:55:05.688+0000] {dag.py:3823} INFO - Setting next_dagrun for example_complex to None, run_after=None
[2024-02-21T19:55:05.717+0000] {processor.py:183} INFO - Processing /home/airflow/.local/lib/python3.8/site-packages/airflow/example_dags/example_complex.py took 0.089 seconds
[2024-02-21T19:55:36.245+0000] {processor.py:161} INFO - Started process (PID=679) to work on /home/airflow/.local/lib/python3.8/site-packages/airflow/example_dags/example_complex.py
[2024-02-21T19:55:36.246+0000] {processor.py:830} INFO - Processing file /home/airflow/.local/lib/python3.8/site-packages/airflow/example_dags/example_complex.py for tasks to queue
[2024-02-21T19:55:36.248+0000] {logging_mixin.py:188} INFO - [2024-02-21T19:55:36.248+0000] {dagbag.py:538} INFO - Filling up the DagBag from /home/airflow/.local/lib/python3.8/site-packages/airflow/example_dags/example_complex.py
[2024-02-21T19:55:36.259+0000] {processor.py:840} INFO - DAG(s) 'example_complex' retrieved from /home/airflow/.local/lib/python3.8/site-packages/airflow/example_dags/example_complex.py
[2024-02-21T19:55:36.288+0000] {logging_mixin.py:188} INFO - [2024-02-21T19:55:36.287+0000] {dag.py:3036} INFO - Sync 1 DAGs
[2024-02-21T19:55:36.300+0000] {logging_mixin.py:188} INFO - [2024-02-21T19:55:36.300+0000] {dag.py:3823} INFO - Setting next_dagrun for example_complex to None, run_after=None
[2024-02-21T19:55:36.323+0000] {processor.py:183} INFO - Processing /home/airflow/.local/lib/python3.8/site-packages/airflow/example_dags/example_complex.py took 0.081 seconds
[2024-02-21T19:56:06.556+0000] {processor.py:161} INFO - Started process (PID=734) to work on /home/airflow/.local/lib/python3.8/site-packages/airflow/example_dags/example_complex.py
[2024-02-21T19:56:06.557+0000] {processor.py:830} INFO - Processing file /home/airflow/.local/lib/python3.8/site-packages/airflow/example_dags/example_complex.py for tasks to queue
[2024-02-21T19:56:06.558+0000] {logging_mixin.py:188} INFO - [2024-02-21T19:56:06.558+0000] {dagbag.py:538} INFO - Filling up the DagBag from /home/airflow/.local/lib/python3.8/site-packages/airflow/example_dags/example_complex.py
[2024-02-21T19:56:06.568+0000] {processor.py:840} INFO - DAG(s) 'example_complex' retrieved from /home/airflow/.local/lib/python3.8/site-packages/airflow/example_dags/example_complex.py
[2024-02-21T19:56:06.601+0000] {logging_mixin.py:188} INFO - [2024-02-21T19:56:06.601+0000] {dag.py:3036} INFO - Sync 1 DAGs
[2024-02-21T19:56:06.613+0000] {logging_mixin.py:188} INFO - [2024-02-21T19:56:06.612+0000] {dag.py:3823} INFO - Setting next_dagrun for example_complex to None, run_after=None
[2024-02-21T19:56:06.631+0000] {processor.py:183} INFO - Processing /home/airflow/.local/lib/python3.8/site-packages/airflow/example_dags/example_complex.py took 0.078 seconds
[2024-02-21T19:56:36.726+0000] {processor.py:161} INFO - Started process (PID=789) to work on /home/airflow/.local/lib/python3.8/site-packages/airflow/example_dags/example_complex.py
[2024-02-21T19:56:36.727+0000] {processor.py:830} INFO - Processing file /home/airflow/.local/lib/python3.8/site-packages/airflow/example_dags/example_complex.py for tasks to queue
[2024-02-21T19:56:36.729+0000] {logging_mixin.py:188} INFO - [2024-02-21T19:56:36.729+0000] {dagbag.py:538} INFO - Filling up the DagBag from /home/airflow/.local/lib/python3.8/site-packages/airflow/example_dags/example_complex.py
[2024-02-21T19:56:36.740+0000] {processor.py:840} INFO - DAG(s) 'example_complex' retrieved from /home/airflow/.local/lib/python3.8/site-packages/airflow/example_dags/example_complex.py
[2024-02-21T19:56:36.768+0000] {logging_mixin.py:188} INFO - [2024-02-21T19:56:36.768+0000] {dag.py:3036} INFO - Sync 1 DAGs
[2024-02-21T19:56:36.781+0000] {logging_mixin.py:188} INFO - [2024-02-21T19:56:36.781+0000] {dag.py:3823} INFO - Setting next_dagrun for example_complex to None, run_after=None
[2024-02-21T19:56:36.804+0000] {processor.py:183} INFO - Processing /home/airflow/.local/lib/python3.8/site-packages/airflow/example_dags/example_complex.py took 0.080 seconds
[2024-02-21T19:57:06.995+0000] {processor.py:161} INFO - Started process (PID=844) to work on /home/airflow/.local/lib/python3.8/site-packages/airflow/example_dags/example_complex.py
[2024-02-21T19:57:06.996+0000] {processor.py:830} INFO - Processing file /home/airflow/.local/lib/python3.8/site-packages/airflow/example_dags/example_complex.py for tasks to queue
[2024-02-21T19:57:06.998+0000] {logging_mixin.py:188} INFO - [2024-02-21T19:57:06.997+0000] {dagbag.py:538} INFO - Filling up the DagBag from /home/airflow/.local/lib/python3.8/site-packages/airflow/example_dags/example_complex.py
[2024-02-21T19:57:07.008+0000] {processor.py:840} INFO - DAG(s) 'example_complex' retrieved from /home/airflow/.local/lib/python3.8/site-packages/airflow/example_dags/example_complex.py
[2024-02-21T19:57:07.037+0000] {logging_mixin.py:188} INFO - [2024-02-21T19:57:07.036+0000] {dag.py:3036} INFO - Sync 1 DAGs
[2024-02-21T19:57:07.052+0000] {logging_mixin.py:188} INFO - [2024-02-21T19:57:07.051+0000] {dag.py:3823} INFO - Setting next_dagrun for example_complex to None, run_after=None
[2024-02-21T19:57:07.072+0000] {processor.py:183} INFO - Processing /home/airflow/.local/lib/python3.8/site-packages/airflow/example_dags/example_complex.py took 0.081 seconds
[2024-02-21T19:57:37.201+0000] {processor.py:161} INFO - Started process (PID=899) to work on /home/airflow/.local/lib/python3.8/site-packages/airflow/example_dags/example_complex.py
[2024-02-21T19:57:37.203+0000] {processor.py:830} INFO - Processing file /home/airflow/.local/lib/python3.8/site-packages/airflow/example_dags/example_complex.py for tasks to queue
[2024-02-21T19:57:37.205+0000] {logging_mixin.py:188} INFO - [2024-02-21T19:57:37.204+0000] {dagbag.py:538} INFO - Filling up the DagBag from /home/airflow/.local/lib/python3.8/site-packages/airflow/example_dags/example_complex.py
[2024-02-21T19:57:37.217+0000] {processor.py:840} INFO - DAG(s) 'example_complex' retrieved from /home/airflow/.local/lib/python3.8/site-packages/airflow/example_dags/example_complex.py
[2024-02-21T19:57:37.250+0000] {logging_mixin.py:188} INFO - [2024-02-21T19:57:37.250+0000] {dag.py:3036} INFO - Sync 1 DAGs
[2024-02-21T19:57:37.264+0000] {logging_mixin.py:188} INFO - [2024-02-21T19:57:37.264+0000] {dag.py:3823} INFO - Setting next_dagrun for example_complex to None, run_after=None
[2024-02-21T19:57:37.287+0000] {processor.py:183} INFO - Processing /home/airflow/.local/lib/python3.8/site-packages/airflow/example_dags/example_complex.py took 0.089 seconds
[2024-02-21T19:58:07.697+0000] {processor.py:161} INFO - Started process (PID=954) to work on /home/airflow/.local/lib/python3.8/site-packages/airflow/example_dags/example_complex.py
[2024-02-21T19:58:07.699+0000] {processor.py:830} INFO - Processing file /home/airflow/.local/lib/python3.8/site-packages/airflow/example_dags/example_complex.py for tasks to queue
[2024-02-21T19:58:07.703+0000] {logging_mixin.py:188} INFO - [2024-02-21T19:58:07.702+0000] {dagbag.py:538} INFO - Filling up the DagBag from /home/airflow/.local/lib/python3.8/site-packages/airflow/example_dags/example_complex.py
[2024-02-21T19:58:07.718+0000] {processor.py:840} INFO - DAG(s) 'example_complex' retrieved from /home/airflow/.local/lib/python3.8/site-packages/airflow/example_dags/example_complex.py
[2024-02-21T19:58:07.758+0000] {logging_mixin.py:188} INFO - [2024-02-21T19:58:07.758+0000] {dag.py:3036} INFO - Sync 1 DAGs
[2024-02-21T19:58:07.773+0000] {logging_mixin.py:188} INFO - [2024-02-21T19:58:07.773+0000] {dag.py:3823} INFO - Setting next_dagrun for example_complex to None, run_after=None
[2024-02-21T19:58:07.807+0000] {processor.py:183} INFO - Processing /home/airflow/.local/lib/python3.8/site-packages/airflow/example_dags/example_complex.py took 0.115 seconds
[2024-02-21T19:58:38.227+0000] {processor.py:161} INFO - Started process (PID=1015) to work on /home/airflow/.local/lib/python3.8/site-packages/airflow/example_dags/example_complex.py
[2024-02-21T19:58:38.228+0000] {processor.py:830} INFO - Processing file /home/airflow/.local/lib/python3.8/site-packages/airflow/example_dags/example_complex.py for tasks to queue
[2024-02-21T19:58:38.229+0000] {logging_mixin.py:188} INFO - [2024-02-21T19:58:38.229+0000] {dagbag.py:538} INFO - Filling up the DagBag from /home/airflow/.local/lib/python3.8/site-packages/airflow/example_dags/example_complex.py
[2024-02-21T19:58:38.240+0000] {processor.py:840} INFO - DAG(s) 'example_complex' retrieved from /home/airflow/.local/lib/python3.8/site-packages/airflow/example_dags/example_complex.py
[2024-02-21T19:58:38.271+0000] {logging_mixin.py:188} INFO - [2024-02-21T19:58:38.271+0000] {dag.py:3036} INFO - Sync 1 DAGs
[2024-02-21T19:58:38.284+0000] {logging_mixin.py:188} INFO - [2024-02-21T19:58:38.284+0000] {dag.py:3823} INFO - Setting next_dagrun for example_complex to None, run_after=None
[2024-02-21T19:58:38.304+0000] {processor.py:183} INFO - Processing /home/airflow/.local/lib/python3.8/site-packages/airflow/example_dags/example_complex.py took 0.081 seconds
[2024-02-21T19:59:08.616+0000] {processor.py:161} INFO - Started process (PID=1070) to work on /home/airflow/.local/lib/python3.8/site-packages/airflow/example_dags/example_complex.py
[2024-02-21T19:59:08.618+0000] {processor.py:830} INFO - Processing file /home/airflow/.local/lib/python3.8/site-packages/airflow/example_dags/example_complex.py for tasks to queue
[2024-02-21T19:59:08.620+0000] {logging_mixin.py:188} INFO - [2024-02-21T19:59:08.619+0000] {dagbag.py:538} INFO - Filling up the DagBag from /home/airflow/.local/lib/python3.8/site-packages/airflow/example_dags/example_complex.py
[2024-02-21T19:59:08.631+0000] {processor.py:840} INFO - DAG(s) 'example_complex' retrieved from /home/airflow/.local/lib/python3.8/site-packages/airflow/example_dags/example_complex.py
[2024-02-21T19:59:08.668+0000] {logging_mixin.py:188} INFO - [2024-02-21T19:59:08.667+0000] {dag.py:3036} INFO - Sync 1 DAGs
[2024-02-21T19:59:08.684+0000] {logging_mixin.py:188} INFO - [2024-02-21T19:59:08.683+0000] {dag.py:3823} INFO - Setting next_dagrun for example_complex to None, run_after=None
[2024-02-21T19:59:08.708+0000] {processor.py:183} INFO - Processing /home/airflow/.local/lib/python3.8/site-packages/airflow/example_dags/example_complex.py took 0.094 seconds
[2024-02-21T19:59:39.029+0000] {processor.py:161} INFO - Started process (PID=1125) to work on /home/airflow/.local/lib/python3.8/site-packages/airflow/example_dags/example_complex.py
[2024-02-21T19:59:39.030+0000] {processor.py:830} INFO - Processing file /home/airflow/.local/lib/python3.8/site-packages/airflow/example_dags/example_complex.py for tasks to queue
[2024-02-21T19:59:39.032+0000] {logging_mixin.py:188} INFO - [2024-02-21T19:59:39.031+0000] {dagbag.py:538} INFO - Filling up the DagBag from /home/airflow/.local/lib/python3.8/site-packages/airflow/example_dags/example_complex.py
[2024-02-21T19:59:39.042+0000] {processor.py:840} INFO - DAG(s) 'example_complex' retrieved from /home/airflow/.local/lib/python3.8/site-packages/airflow/example_dags/example_complex.py
[2024-02-21T19:59:39.072+0000] {logging_mixin.py:188} INFO - [2024-02-21T19:59:39.072+0000] {dag.py:3036} INFO - Sync 1 DAGs
[2024-02-21T19:59:39.083+0000] {logging_mixin.py:188} INFO - [2024-02-21T19:59:39.083+0000] {dag.py:3823} INFO - Setting next_dagrun for example_complex to None, run_after=None
[2024-02-21T19:59:39.109+0000] {processor.py:183} INFO - Processing /home/airflow/.local/lib/python3.8/site-packages/airflow/example_dags/example_complex.py took 0.083 seconds
[2024-02-21T20:00:09.602+0000] {processor.py:161} INFO - Started process (PID=1180) to work on /home/airflow/.local/lib/python3.8/site-packages/airflow/example_dags/example_complex.py
[2024-02-21T20:00:09.603+0000] {processor.py:830} INFO - Processing file /home/airflow/.local/lib/python3.8/site-packages/airflow/example_dags/example_complex.py for tasks to queue
[2024-02-21T20:00:09.606+0000] {logging_mixin.py:188} INFO - [2024-02-21T20:00:09.605+0000] {dagbag.py:538} INFO - Filling up the DagBag from /home/airflow/.local/lib/python3.8/site-packages/airflow/example_dags/example_complex.py
[2024-02-21T20:00:09.616+0000] {processor.py:840} INFO - DAG(s) 'example_complex' retrieved from /home/airflow/.local/lib/python3.8/site-packages/airflow/example_dags/example_complex.py
[2024-02-21T20:00:09.648+0000] {logging_mixin.py:188} INFO - [2024-02-21T20:00:09.648+0000] {dag.py:3036} INFO - Sync 1 DAGs
[2024-02-21T20:00:09.660+0000] {logging_mixin.py:188} INFO - [2024-02-21T20:00:09.660+0000] {dag.py:3823} INFO - Setting next_dagrun for example_complex to None, run_after=None
[2024-02-21T20:00:09.680+0000] {processor.py:183} INFO - Processing /home/airflow/.local/lib/python3.8/site-packages/airflow/example_dags/example_complex.py took 0.081 seconds
[2024-02-21T20:00:40.054+0000] {processor.py:161} INFO - Started process (PID=1235) to work on /home/airflow/.local/lib/python3.8/site-packages/airflow/example_dags/example_complex.py
[2024-02-21T20:00:40.055+0000] {processor.py:830} INFO - Processing file /home/airflow/.local/lib/python3.8/site-packages/airflow/example_dags/example_complex.py for tasks to queue
[2024-02-21T20:00:40.057+0000] {logging_mixin.py:188} INFO - [2024-02-21T20:00:40.057+0000] {dagbag.py:538} INFO - Filling up the DagBag from /home/airflow/.local/lib/python3.8/site-packages/airflow/example_dags/example_complex.py
[2024-02-21T20:00:40.070+0000] {processor.py:840} INFO - DAG(s) 'example_complex' retrieved from /home/airflow/.local/lib/python3.8/site-packages/airflow/example_dags/example_complex.py
[2024-02-21T20:00:40.100+0000] {logging_mixin.py:188} INFO - [2024-02-21T20:00:40.099+0000] {dag.py:3036} INFO - Sync 1 DAGs
[2024-02-21T20:00:40.112+0000] {logging_mixin.py:188} INFO - [2024-02-21T20:00:40.112+0000] {dag.py:3823} INFO - Setting next_dagrun for example_complex to None, run_after=None
[2024-02-21T20:00:40.131+0000] {processor.py:183} INFO - Processing /home/airflow/.local/lib/python3.8/site-packages/airflow/example_dags/example_complex.py took 0.079 seconds
[2024-02-21T20:01:10.406+0000] {processor.py:161} INFO - Started process (PID=1290) to work on /home/airflow/.local/lib/python3.8/site-packages/airflow/example_dags/example_complex.py
[2024-02-21T20:01:10.407+0000] {processor.py:830} INFO - Processing file /home/airflow/.local/lib/python3.8/site-packages/airflow/example_dags/example_complex.py for tasks to queue
[2024-02-21T20:01:10.409+0000] {logging_mixin.py:188} INFO - [2024-02-21T20:01:10.408+0000] {dagbag.py:538} INFO - Filling up the DagBag from /home/airflow/.local/lib/python3.8/site-packages/airflow/example_dags/example_complex.py
[2024-02-21T20:01:10.419+0000] {processor.py:840} INFO - DAG(s) 'example_complex' retrieved from /home/airflow/.local/lib/python3.8/site-packages/airflow/example_dags/example_complex.py
[2024-02-21T20:01:10.454+0000] {logging_mixin.py:188} INFO - [2024-02-21T20:01:10.453+0000] {dag.py:3036} INFO - Sync 1 DAGs
[2024-02-21T20:01:10.475+0000] {logging_mixin.py:188} INFO - [2024-02-21T20:01:10.475+0000] {dag.py:3823} INFO - Setting next_dagrun for example_complex to None, run_after=None
[2024-02-21T20:01:10.502+0000] {processor.py:183} INFO - Processing /home/airflow/.local/lib/python3.8/site-packages/airflow/example_dags/example_complex.py took 0.100 seconds
[2024-02-21T20:01:40.821+0000] {processor.py:161} INFO - Started process (PID=1345) to work on /home/airflow/.local/lib/python3.8/site-packages/airflow/example_dags/example_complex.py
[2024-02-21T20:01:40.822+0000] {processor.py:830} INFO - Processing file /home/airflow/.local/lib/python3.8/site-packages/airflow/example_dags/example_complex.py for tasks to queue
[2024-02-21T20:01:40.825+0000] {logging_mixin.py:188} INFO - [2024-02-21T20:01:40.824+0000] {dagbag.py:538} INFO - Filling up the DagBag from /home/airflow/.local/lib/python3.8/site-packages/airflow/example_dags/example_complex.py
[2024-02-21T20:01:40.839+0000] {processor.py:840} INFO - DAG(s) 'example_complex' retrieved from /home/airflow/.local/lib/python3.8/site-packages/airflow/example_dags/example_complex.py
[2024-02-21T20:01:40.870+0000] {logging_mixin.py:188} INFO - [2024-02-21T20:01:40.870+0000] {dag.py:3036} INFO - Sync 1 DAGs
[2024-02-21T20:01:40.884+0000] {logging_mixin.py:188} INFO - [2024-02-21T20:01:40.883+0000] {dag.py:3823} INFO - Setting next_dagrun for example_complex to None, run_after=None
[2024-02-21T20:01:40.909+0000] {processor.py:183} INFO - Processing /home/airflow/.local/lib/python3.8/site-packages/airflow/example_dags/example_complex.py took 0.092 seconds
[2024-02-21T20:02:10.998+0000] {processor.py:161} INFO - Started process (PID=1400) to work on /home/airflow/.local/lib/python3.8/site-packages/airflow/example_dags/example_complex.py
[2024-02-21T20:02:10.999+0000] {processor.py:830} INFO - Processing file /home/airflow/.local/lib/python3.8/site-packages/airflow/example_dags/example_complex.py for tasks to queue
[2024-02-21T20:02:11.001+0000] {logging_mixin.py:188} INFO - [2024-02-21T20:02:11.001+0000] {dagbag.py:538} INFO - Filling up the DagBag from /home/airflow/.local/lib/python3.8/site-packages/airflow/example_dags/example_complex.py
[2024-02-21T20:02:11.016+0000] {processor.py:840} INFO - DAG(s) 'example_complex' retrieved from /home/airflow/.local/lib/python3.8/site-packages/airflow/example_dags/example_complex.py
[2024-02-21T20:02:11.060+0000] {logging_mixin.py:188} INFO - [2024-02-21T20:02:11.057+0000] {dag.py:3036} INFO - Sync 1 DAGs
[2024-02-21T20:02:11.132+0000] {logging_mixin.py:188} INFO - [2024-02-21T20:02:11.132+0000] {dag.py:3823} INFO - Setting next_dagrun for example_complex to None, run_after=None
[2024-02-21T20:02:11.158+0000] {processor.py:183} INFO - Processing /home/airflow/.local/lib/python3.8/site-packages/airflow/example_dags/example_complex.py took 0.163 seconds
