[2024-02-21T19:49:31.942+0000] {processor.py:161} INFO - Started process (PID=35) to work on /home/airflow/.local/lib/python3.8/site-packages/airflow/example_dags/example_bash_operator.py
[2024-02-21T19:49:32.101+0000] {processor.py:830} INFO - Processing file /home/airflow/.local/lib/python3.8/site-packages/airflow/example_dags/example_bash_operator.py for tasks to queue
[2024-02-21T19:49:32.320+0000] {logging_mixin.py:188} INFO - [2024-02-21T19:49:32.319+0000] {dagbag.py:538} INFO - Filling up the DagBag from /home/airflow/.local/lib/python3.8/site-packages/airflow/example_dags/example_bash_operator.py
[2024-02-21T19:49:33.496+0000] {processor.py:840} INFO - DAG(s) 'example_bash_operator' retrieved from /home/airflow/.local/lib/python3.8/site-packages/airflow/example_dags/example_bash_operator.py
[2024-02-21T19:49:37.501+0000] {logging_mixin.py:188} INFO - [2024-02-21T19:49:37.501+0000] {dag.py:3036} INFO - Sync 1 DAGs
[2024-02-21T19:49:37.527+0000] {logging_mixin.py:188} INFO - [2024-02-21T19:49:37.527+0000] {dag.py:3823} INFO - Setting next_dagrun for example_bash_operator to 2024-02-20 00:00:00+00:00, run_after=2024-02-21 00:00:00+00:00
[2024-02-21T19:49:37.619+0000] {processor.py:183} INFO - Processing /home/airflow/.local/lib/python3.8/site-packages/airflow/example_dags/example_bash_operator.py took 6.106 seconds
[2024-02-21T19:50:07.971+0000] {processor.py:161} INFO - Started process (PID=96) to work on /home/airflow/.local/lib/python3.8/site-packages/airflow/example_dags/example_bash_operator.py
[2024-02-21T19:50:07.973+0000] {processor.py:830} INFO - Processing file /home/airflow/.local/lib/python3.8/site-packages/airflow/example_dags/example_bash_operator.py for tasks to queue
[2024-02-21T19:50:07.975+0000] {logging_mixin.py:188} INFO - [2024-02-21T19:50:07.975+0000] {dagbag.py:538} INFO - Filling up the DagBag from /home/airflow/.local/lib/python3.8/site-packages/airflow/example_dags/example_bash_operator.py
[2024-02-21T19:50:07.987+0000] {processor.py:840} INFO - DAG(s) 'example_bash_operator' retrieved from /home/airflow/.local/lib/python3.8/site-packages/airflow/example_dags/example_bash_operator.py
[2024-02-21T19:50:08.024+0000] {logging_mixin.py:188} INFO - [2024-02-21T19:50:08.023+0000] {dag.py:3036} INFO - Sync 1 DAGs
[2024-02-21T19:50:08.049+0000] {logging_mixin.py:188} INFO - [2024-02-21T19:50:08.049+0000] {dag.py:3823} INFO - Setting next_dagrun for example_bash_operator to 2024-02-20 00:00:00+00:00, run_after=2024-02-21 00:00:00+00:00
[2024-02-21T19:50:08.076+0000] {processor.py:183} INFO - Processing /home/airflow/.local/lib/python3.8/site-packages/airflow/example_dags/example_bash_operator.py took 0.107 seconds
[2024-02-21T19:50:38.818+0000] {processor.py:161} INFO - Started process (PID=151) to work on /home/airflow/.local/lib/python3.8/site-packages/airflow/example_dags/example_bash_operator.py
[2024-02-21T19:50:38.819+0000] {processor.py:830} INFO - Processing file /home/airflow/.local/lib/python3.8/site-packages/airflow/example_dags/example_bash_operator.py for tasks to queue
[2024-02-21T19:50:38.821+0000] {logging_mixin.py:188} INFO - [2024-02-21T19:50:38.820+0000] {dagbag.py:538} INFO - Filling up the DagBag from /home/airflow/.local/lib/python3.8/site-packages/airflow/example_dags/example_bash_operator.py
[2024-02-21T19:50:38.832+0000] {processor.py:840} INFO - DAG(s) 'example_bash_operator' retrieved from /home/airflow/.local/lib/python3.8/site-packages/airflow/example_dags/example_bash_operator.py
[2024-02-21T19:50:38.859+0000] {logging_mixin.py:188} INFO - [2024-02-21T19:50:38.859+0000] {dag.py:3036} INFO - Sync 1 DAGs
[2024-02-21T19:50:38.882+0000] {logging_mixin.py:188} INFO - [2024-02-21T19:50:38.881+0000] {dag.py:3823} INFO - Setting next_dagrun for example_bash_operator to 2024-02-20 00:00:00+00:00, run_after=2024-02-21 00:00:00+00:00
[2024-02-21T19:50:38.902+0000] {processor.py:183} INFO - Processing /home/airflow/.local/lib/python3.8/site-packages/airflow/example_dags/example_bash_operator.py took 0.087 seconds
[2024-02-21T19:51:09.179+0000] {processor.py:161} INFO - Started process (PID=206) to work on /home/airflow/.local/lib/python3.8/site-packages/airflow/example_dags/example_bash_operator.py
[2024-02-21T19:51:09.180+0000] {processor.py:830} INFO - Processing file /home/airflow/.local/lib/python3.8/site-packages/airflow/example_dags/example_bash_operator.py for tasks to queue
[2024-02-21T19:51:09.182+0000] {logging_mixin.py:188} INFO - [2024-02-21T19:51:09.182+0000] {dagbag.py:538} INFO - Filling up the DagBag from /home/airflow/.local/lib/python3.8/site-packages/airflow/example_dags/example_bash_operator.py
[2024-02-21T19:51:09.193+0000] {processor.py:840} INFO - DAG(s) 'example_bash_operator' retrieved from /home/airflow/.local/lib/python3.8/site-packages/airflow/example_dags/example_bash_operator.py
[2024-02-21T19:51:09.223+0000] {logging_mixin.py:188} INFO - [2024-02-21T19:51:09.223+0000] {dag.py:3036} INFO - Sync 1 DAGs
[2024-02-21T19:51:09.244+0000] {logging_mixin.py:188} INFO - [2024-02-21T19:51:09.244+0000] {dag.py:3823} INFO - Setting next_dagrun for example_bash_operator to 2024-02-20 00:00:00+00:00, run_after=2024-02-21 00:00:00+00:00
[2024-02-21T19:51:09.262+0000] {processor.py:183} INFO - Processing /home/airflow/.local/lib/python3.8/site-packages/airflow/example_dags/example_bash_operator.py took 0.086 seconds
[2024-02-21T19:51:39.772+0000] {processor.py:161} INFO - Started process (PID=261) to work on /home/airflow/.local/lib/python3.8/site-packages/airflow/example_dags/example_bash_operator.py
[2024-02-21T19:51:39.773+0000] {processor.py:830} INFO - Processing file /home/airflow/.local/lib/python3.8/site-packages/airflow/example_dags/example_bash_operator.py for tasks to queue
[2024-02-21T19:51:39.775+0000] {logging_mixin.py:188} INFO - [2024-02-21T19:51:39.775+0000] {dagbag.py:538} INFO - Filling up the DagBag from /home/airflow/.local/lib/python3.8/site-packages/airflow/example_dags/example_bash_operator.py
[2024-02-21T19:51:39.787+0000] {processor.py:840} INFO - DAG(s) 'example_bash_operator' retrieved from /home/airflow/.local/lib/python3.8/site-packages/airflow/example_dags/example_bash_operator.py
[2024-02-21T19:51:39.817+0000] {logging_mixin.py:188} INFO - [2024-02-21T19:51:39.817+0000] {dag.py:3036} INFO - Sync 1 DAGs
[2024-02-21T19:51:39.840+0000] {logging_mixin.py:188} INFO - [2024-02-21T19:51:39.839+0000] {dag.py:3823} INFO - Setting next_dagrun for example_bash_operator to 2024-02-20 00:00:00+00:00, run_after=2024-02-21 00:00:00+00:00
[2024-02-21T19:51:39.861+0000] {processor.py:183} INFO - Processing /home/airflow/.local/lib/python3.8/site-packages/airflow/example_dags/example_bash_operator.py took 0.091 seconds
[2024-02-21T19:52:09.944+0000] {processor.py:161} INFO - Started process (PID=316) to work on /home/airflow/.local/lib/python3.8/site-packages/airflow/example_dags/example_bash_operator.py
[2024-02-21T19:52:09.945+0000] {processor.py:830} INFO - Processing file /home/airflow/.local/lib/python3.8/site-packages/airflow/example_dags/example_bash_operator.py for tasks to queue
[2024-02-21T19:52:09.946+0000] {logging_mixin.py:188} INFO - [2024-02-21T19:52:09.946+0000] {dagbag.py:538} INFO - Filling up the DagBag from /home/airflow/.local/lib/python3.8/site-packages/airflow/example_dags/example_bash_operator.py
[2024-02-21T19:52:09.959+0000] {processor.py:840} INFO - DAG(s) 'example_bash_operator' retrieved from /home/airflow/.local/lib/python3.8/site-packages/airflow/example_dags/example_bash_operator.py
[2024-02-21T19:52:09.989+0000] {logging_mixin.py:188} INFO - [2024-02-21T19:52:09.988+0000] {dag.py:3036} INFO - Sync 1 DAGs
[2024-02-21T19:52:10.011+0000] {logging_mixin.py:188} INFO - [2024-02-21T19:52:10.011+0000] {dag.py:3823} INFO - Setting next_dagrun for example_bash_operator to 2024-02-20 00:00:00+00:00, run_after=2024-02-21 00:00:00+00:00
[2024-02-21T19:52:10.035+0000] {processor.py:183} INFO - Processing /home/airflow/.local/lib/python3.8/site-packages/airflow/example_dags/example_bash_operator.py took 0.094 seconds
[2024-02-21T19:52:40.159+0000] {processor.py:161} INFO - Started process (PID=371) to work on /home/airflow/.local/lib/python3.8/site-packages/airflow/example_dags/example_bash_operator.py
[2024-02-21T19:52:40.160+0000] {processor.py:830} INFO - Processing file /home/airflow/.local/lib/python3.8/site-packages/airflow/example_dags/example_bash_operator.py for tasks to queue
[2024-02-21T19:52:40.162+0000] {logging_mixin.py:188} INFO - [2024-02-21T19:52:40.162+0000] {dagbag.py:538} INFO - Filling up the DagBag from /home/airflow/.local/lib/python3.8/site-packages/airflow/example_dags/example_bash_operator.py
[2024-02-21T19:52:40.173+0000] {processor.py:840} INFO - DAG(s) 'example_bash_operator' retrieved from /home/airflow/.local/lib/python3.8/site-packages/airflow/example_dags/example_bash_operator.py
[2024-02-21T19:52:40.201+0000] {logging_mixin.py:188} INFO - [2024-02-21T19:52:40.201+0000] {dag.py:3036} INFO - Sync 1 DAGs
[2024-02-21T19:52:40.229+0000] {logging_mixin.py:188} INFO - [2024-02-21T19:52:40.228+0000] {dag.py:3823} INFO - Setting next_dagrun for example_bash_operator to 2024-02-20 00:00:00+00:00, run_after=2024-02-21 00:00:00+00:00
[2024-02-21T19:52:40.250+0000] {processor.py:183} INFO - Processing /home/airflow/.local/lib/python3.8/site-packages/airflow/example_dags/example_bash_operator.py took 0.094 seconds
[2024-02-21T19:53:10.642+0000] {processor.py:161} INFO - Started process (PID=426) to work on /home/airflow/.local/lib/python3.8/site-packages/airflow/example_dags/example_bash_operator.py
[2024-02-21T19:53:10.642+0000] {processor.py:830} INFO - Processing file /home/airflow/.local/lib/python3.8/site-packages/airflow/example_dags/example_bash_operator.py for tasks to queue
[2024-02-21T19:53:10.644+0000] {logging_mixin.py:188} INFO - [2024-02-21T19:53:10.644+0000] {dagbag.py:538} INFO - Filling up the DagBag from /home/airflow/.local/lib/python3.8/site-packages/airflow/example_dags/example_bash_operator.py
[2024-02-21T19:53:10.655+0000] {processor.py:840} INFO - DAG(s) 'example_bash_operator' retrieved from /home/airflow/.local/lib/python3.8/site-packages/airflow/example_dags/example_bash_operator.py
[2024-02-21T19:53:10.700+0000] {logging_mixin.py:188} INFO - [2024-02-21T19:53:10.700+0000] {dag.py:3036} INFO - Sync 1 DAGs
[2024-02-21T19:53:10.729+0000] {logging_mixin.py:188} INFO - [2024-02-21T19:53:10.728+0000] {dag.py:3823} INFO - Setting next_dagrun for example_bash_operator to 2024-02-20 00:00:00+00:00, run_after=2024-02-21 00:00:00+00:00
[2024-02-21T19:53:10.750+0000] {processor.py:183} INFO - Processing /home/airflow/.local/lib/python3.8/site-packages/airflow/example_dags/example_bash_operator.py took 0.111 seconds
[2024-02-21T19:53:40.867+0000] {processor.py:161} INFO - Started process (PID=479) to work on /home/airflow/.local/lib/python3.8/site-packages/airflow/example_dags/example_bash_operator.py
[2024-02-21T19:53:40.869+0000] {processor.py:830} INFO - Processing file /home/airflow/.local/lib/python3.8/site-packages/airflow/example_dags/example_bash_operator.py for tasks to queue
[2024-02-21T19:53:40.871+0000] {logging_mixin.py:188} INFO - [2024-02-21T19:53:40.870+0000] {dagbag.py:538} INFO - Filling up the DagBag from /home/airflow/.local/lib/python3.8/site-packages/airflow/example_dags/example_bash_operator.py
[2024-02-21T19:53:40.986+0000] {processor.py:840} INFO - DAG(s) 'example_bash_operator' retrieved from /home/airflow/.local/lib/python3.8/site-packages/airflow/example_dags/example_bash_operator.py
[2024-02-21T19:53:41.016+0000] {logging_mixin.py:188} INFO - [2024-02-21T19:53:41.016+0000] {dag.py:3036} INFO - Sync 1 DAGs
[2024-02-21T19:53:41.047+0000] {logging_mixin.py:188} INFO - [2024-02-21T19:53:41.046+0000] {dag.py:3823} INFO - Setting next_dagrun for example_bash_operator to 2024-02-20 00:00:00+00:00, run_after=2024-02-21 00:00:00+00:00
[2024-02-21T19:53:41.066+0000] {processor.py:183} INFO - Processing /home/airflow/.local/lib/python3.8/site-packages/airflow/example_dags/example_bash_operator.py took 0.202 seconds
[2024-02-21T19:54:11.415+0000] {processor.py:161} INFO - Started process (PID=534) to work on /home/airflow/.local/lib/python3.8/site-packages/airflow/example_dags/example_bash_operator.py
[2024-02-21T19:54:11.415+0000] {processor.py:830} INFO - Processing file /home/airflow/.local/lib/python3.8/site-packages/airflow/example_dags/example_bash_operator.py for tasks to queue
[2024-02-21T19:54:11.417+0000] {logging_mixin.py:188} INFO - [2024-02-21T19:54:11.417+0000] {dagbag.py:538} INFO - Filling up the DagBag from /home/airflow/.local/lib/python3.8/site-packages/airflow/example_dags/example_bash_operator.py
[2024-02-21T19:54:11.429+0000] {processor.py:840} INFO - DAG(s) 'example_bash_operator' retrieved from /home/airflow/.local/lib/python3.8/site-packages/airflow/example_dags/example_bash_operator.py
[2024-02-21T19:54:11.456+0000] {logging_mixin.py:188} INFO - [2024-02-21T19:54:11.456+0000] {dag.py:3036} INFO - Sync 1 DAGs
[2024-02-21T19:54:11.478+0000] {logging_mixin.py:188} INFO - [2024-02-21T19:54:11.478+0000] {dag.py:3823} INFO - Setting next_dagrun for example_bash_operator to 2024-02-20 00:00:00+00:00, run_after=2024-02-21 00:00:00+00:00
[2024-02-21T19:54:11.500+0000] {processor.py:183} INFO - Processing /home/airflow/.local/lib/python3.8/site-packages/airflow/example_dags/example_bash_operator.py took 0.088 seconds
[2024-02-21T19:54:41.901+0000] {processor.py:161} INFO - Started process (PID=589) to work on /home/airflow/.local/lib/python3.8/site-packages/airflow/example_dags/example_bash_operator.py
[2024-02-21T19:54:41.902+0000] {processor.py:830} INFO - Processing file /home/airflow/.local/lib/python3.8/site-packages/airflow/example_dags/example_bash_operator.py for tasks to queue
[2024-02-21T19:54:41.904+0000] {logging_mixin.py:188} INFO - [2024-02-21T19:54:41.904+0000] {dagbag.py:538} INFO - Filling up the DagBag from /home/airflow/.local/lib/python3.8/site-packages/airflow/example_dags/example_bash_operator.py
[2024-02-21T19:54:41.915+0000] {processor.py:840} INFO - DAG(s) 'example_bash_operator' retrieved from /home/airflow/.local/lib/python3.8/site-packages/airflow/example_dags/example_bash_operator.py
[2024-02-21T19:54:41.943+0000] {logging_mixin.py:188} INFO - [2024-02-21T19:54:41.943+0000] {dag.py:3036} INFO - Sync 1 DAGs
[2024-02-21T19:54:41.965+0000] {logging_mixin.py:188} INFO - [2024-02-21T19:54:41.965+0000] {dag.py:3823} INFO - Setting next_dagrun for example_bash_operator to 2024-02-20 00:00:00+00:00, run_after=2024-02-21 00:00:00+00:00
[2024-02-21T19:54:41.987+0000] {processor.py:183} INFO - Processing /home/airflow/.local/lib/python3.8/site-packages/airflow/example_dags/example_bash_operator.py took 0.088 seconds
[2024-02-21T19:55:12.487+0000] {processor.py:161} INFO - Started process (PID=644) to work on /home/airflow/.local/lib/python3.8/site-packages/airflow/example_dags/example_bash_operator.py
[2024-02-21T19:55:12.488+0000] {processor.py:830} INFO - Processing file /home/airflow/.local/lib/python3.8/site-packages/airflow/example_dags/example_bash_operator.py for tasks to queue
[2024-02-21T19:55:12.491+0000] {logging_mixin.py:188} INFO - [2024-02-21T19:55:12.490+0000] {dagbag.py:538} INFO - Filling up the DagBag from /home/airflow/.local/lib/python3.8/site-packages/airflow/example_dags/example_bash_operator.py
[2024-02-21T19:55:12.505+0000] {processor.py:840} INFO - DAG(s) 'example_bash_operator' retrieved from /home/airflow/.local/lib/python3.8/site-packages/airflow/example_dags/example_bash_operator.py
[2024-02-21T19:55:12.534+0000] {logging_mixin.py:188} INFO - [2024-02-21T19:55:12.533+0000] {dag.py:3036} INFO - Sync 1 DAGs
[2024-02-21T19:55:12.556+0000] {logging_mixin.py:188} INFO - [2024-02-21T19:55:12.556+0000] {dag.py:3823} INFO - Setting next_dagrun for example_bash_operator to 2024-02-20 00:00:00+00:00, run_after=2024-02-21 00:00:00+00:00
[2024-02-21T19:55:12.581+0000] {processor.py:183} INFO - Processing /home/airflow/.local/lib/python3.8/site-packages/airflow/example_dags/example_bash_operator.py took 0.097 seconds
[2024-02-21T19:55:43.181+0000] {processor.py:161} INFO - Started process (PID=699) to work on /home/airflow/.local/lib/python3.8/site-packages/airflow/example_dags/example_bash_operator.py
[2024-02-21T19:55:43.182+0000] {processor.py:830} INFO - Processing file /home/airflow/.local/lib/python3.8/site-packages/airflow/example_dags/example_bash_operator.py for tasks to queue
[2024-02-21T19:55:43.184+0000] {logging_mixin.py:188} INFO - [2024-02-21T19:55:43.184+0000] {dagbag.py:538} INFO - Filling up the DagBag from /home/airflow/.local/lib/python3.8/site-packages/airflow/example_dags/example_bash_operator.py
[2024-02-21T19:55:43.197+0000] {processor.py:840} INFO - DAG(s) 'example_bash_operator' retrieved from /home/airflow/.local/lib/python3.8/site-packages/airflow/example_dags/example_bash_operator.py
[2024-02-21T19:55:43.232+0000] {logging_mixin.py:188} INFO - [2024-02-21T19:55:43.232+0000] {dag.py:3036} INFO - Sync 1 DAGs
[2024-02-21T19:55:43.261+0000] {logging_mixin.py:188} INFO - [2024-02-21T19:55:43.260+0000] {dag.py:3823} INFO - Setting next_dagrun for example_bash_operator to 2024-02-20 00:00:00+00:00, run_after=2024-02-21 00:00:00+00:00
[2024-02-21T19:55:43.285+0000] {processor.py:183} INFO - Processing /home/airflow/.local/lib/python3.8/site-packages/airflow/example_dags/example_bash_operator.py took 0.106 seconds
[2024-02-21T19:56:13.359+0000] {processor.py:161} INFO - Started process (PID=754) to work on /home/airflow/.local/lib/python3.8/site-packages/airflow/example_dags/example_bash_operator.py
[2024-02-21T19:56:13.360+0000] {processor.py:830} INFO - Processing file /home/airflow/.local/lib/python3.8/site-packages/airflow/example_dags/example_bash_operator.py for tasks to queue
[2024-02-21T19:56:13.363+0000] {logging_mixin.py:188} INFO - [2024-02-21T19:56:13.363+0000] {dagbag.py:538} INFO - Filling up the DagBag from /home/airflow/.local/lib/python3.8/site-packages/airflow/example_dags/example_bash_operator.py
[2024-02-21T19:56:13.378+0000] {processor.py:840} INFO - DAG(s) 'example_bash_operator' retrieved from /home/airflow/.local/lib/python3.8/site-packages/airflow/example_dags/example_bash_operator.py
[2024-02-21T19:56:13.416+0000] {logging_mixin.py:188} INFO - [2024-02-21T19:56:13.416+0000] {dag.py:3036} INFO - Sync 1 DAGs
[2024-02-21T19:56:13.445+0000] {logging_mixin.py:188} INFO - [2024-02-21T19:56:13.445+0000] {dag.py:3823} INFO - Setting next_dagrun for example_bash_operator to 2024-02-20 00:00:00+00:00, run_after=2024-02-21 00:00:00+00:00
[2024-02-21T19:56:13.473+0000] {processor.py:183} INFO - Processing /home/airflow/.local/lib/python3.8/site-packages/airflow/example_dags/example_bash_operator.py took 0.117 seconds
[2024-02-21T19:56:43.550+0000] {processor.py:161} INFO - Started process (PID=809) to work on /home/airflow/.local/lib/python3.8/site-packages/airflow/example_dags/example_bash_operator.py
[2024-02-21T19:56:43.551+0000] {processor.py:830} INFO - Processing file /home/airflow/.local/lib/python3.8/site-packages/airflow/example_dags/example_bash_operator.py for tasks to queue
[2024-02-21T19:56:43.553+0000] {logging_mixin.py:188} INFO - [2024-02-21T19:56:43.552+0000] {dagbag.py:538} INFO - Filling up the DagBag from /home/airflow/.local/lib/python3.8/site-packages/airflow/example_dags/example_bash_operator.py
[2024-02-21T19:56:43.564+0000] {processor.py:840} INFO - DAG(s) 'example_bash_operator' retrieved from /home/airflow/.local/lib/python3.8/site-packages/airflow/example_dags/example_bash_operator.py
[2024-02-21T19:56:43.595+0000] {logging_mixin.py:188} INFO - [2024-02-21T19:56:43.594+0000] {dag.py:3036} INFO - Sync 1 DAGs
[2024-02-21T19:56:43.621+0000] {logging_mixin.py:188} INFO - [2024-02-21T19:56:43.621+0000] {dag.py:3823} INFO - Setting next_dagrun for example_bash_operator to 2024-02-20 00:00:00+00:00, run_after=2024-02-21 00:00:00+00:00
[2024-02-21T19:56:43.645+0000] {processor.py:183} INFO - Processing /home/airflow/.local/lib/python3.8/site-packages/airflow/example_dags/example_bash_operator.py took 0.099 seconds
[2024-02-21T19:57:14.012+0000] {processor.py:161} INFO - Started process (PID=864) to work on /home/airflow/.local/lib/python3.8/site-packages/airflow/example_dags/example_bash_operator.py
[2024-02-21T19:57:14.013+0000] {processor.py:830} INFO - Processing file /home/airflow/.local/lib/python3.8/site-packages/airflow/example_dags/example_bash_operator.py for tasks to queue
[2024-02-21T19:57:14.015+0000] {logging_mixin.py:188} INFO - [2024-02-21T19:57:14.015+0000] {dagbag.py:538} INFO - Filling up the DagBag from /home/airflow/.local/lib/python3.8/site-packages/airflow/example_dags/example_bash_operator.py
[2024-02-21T19:57:14.028+0000] {processor.py:840} INFO - DAG(s) 'example_bash_operator' retrieved from /home/airflow/.local/lib/python3.8/site-packages/airflow/example_dags/example_bash_operator.py
[2024-02-21T19:57:14.066+0000] {logging_mixin.py:188} INFO - [2024-02-21T19:57:14.065+0000] {dag.py:3036} INFO - Sync 1 DAGs
[2024-02-21T19:57:14.094+0000] {logging_mixin.py:188} INFO - [2024-02-21T19:57:14.094+0000] {dag.py:3823} INFO - Setting next_dagrun for example_bash_operator to 2024-02-20 00:00:00+00:00, run_after=2024-02-21 00:00:00+00:00
[2024-02-21T19:57:14.121+0000] {processor.py:183} INFO - Processing /home/airflow/.local/lib/python3.8/site-packages/airflow/example_dags/example_bash_operator.py took 0.113 seconds
[2024-02-21T19:57:45.004+0000] {processor.py:161} INFO - Started process (PID=919) to work on /home/airflow/.local/lib/python3.8/site-packages/airflow/example_dags/example_bash_operator.py
[2024-02-21T19:57:45.006+0000] {processor.py:830} INFO - Processing file /home/airflow/.local/lib/python3.8/site-packages/airflow/example_dags/example_bash_operator.py for tasks to queue
[2024-02-21T19:57:45.008+0000] {logging_mixin.py:188} INFO - [2024-02-21T19:57:45.007+0000] {dagbag.py:538} INFO - Filling up the DagBag from /home/airflow/.local/lib/python3.8/site-packages/airflow/example_dags/example_bash_operator.py
[2024-02-21T19:57:45.019+0000] {processor.py:840} INFO - DAG(s) 'example_bash_operator' retrieved from /home/airflow/.local/lib/python3.8/site-packages/airflow/example_dags/example_bash_operator.py
[2024-02-21T19:57:45.047+0000] {logging_mixin.py:188} INFO - [2024-02-21T19:57:45.047+0000] {dag.py:3036} INFO - Sync 1 DAGs
[2024-02-21T19:57:45.074+0000] {logging_mixin.py:188} INFO - [2024-02-21T19:57:45.074+0000] {dag.py:3823} INFO - Setting next_dagrun for example_bash_operator to 2024-02-20 00:00:00+00:00, run_after=2024-02-21 00:00:00+00:00
[2024-02-21T19:57:45.096+0000] {processor.py:183} INFO - Processing /home/airflow/.local/lib/python3.8/site-packages/airflow/example_dags/example_bash_operator.py took 0.095 seconds
[2024-02-21T19:58:15.448+0000] {processor.py:161} INFO - Started process (PID=974) to work on /home/airflow/.local/lib/python3.8/site-packages/airflow/example_dags/example_bash_operator.py
[2024-02-21T19:58:15.449+0000] {processor.py:830} INFO - Processing file /home/airflow/.local/lib/python3.8/site-packages/airflow/example_dags/example_bash_operator.py for tasks to queue
[2024-02-21T19:58:15.451+0000] {logging_mixin.py:188} INFO - [2024-02-21T19:58:15.451+0000] {dagbag.py:538} INFO - Filling up the DagBag from /home/airflow/.local/lib/python3.8/site-packages/airflow/example_dags/example_bash_operator.py
[2024-02-21T19:58:15.467+0000] {processor.py:840} INFO - DAG(s) 'example_bash_operator' retrieved from /home/airflow/.local/lib/python3.8/site-packages/airflow/example_dags/example_bash_operator.py
[2024-02-21T19:58:15.500+0000] {logging_mixin.py:188} INFO - [2024-02-21T19:58:15.500+0000] {dag.py:3036} INFO - Sync 1 DAGs
[2024-02-21T19:58:15.522+0000] {logging_mixin.py:188} INFO - [2024-02-21T19:58:15.522+0000] {dag.py:3823} INFO - Setting next_dagrun for example_bash_operator to 2024-02-20 00:00:00+00:00, run_after=2024-02-21 00:00:00+00:00
[2024-02-21T19:58:15.542+0000] {processor.py:183} INFO - Processing /home/airflow/.local/lib/python3.8/site-packages/airflow/example_dags/example_bash_operator.py took 0.096 seconds
[2024-02-21T19:58:45.898+0000] {processor.py:161} INFO - Started process (PID=1029) to work on /home/airflow/.local/lib/python3.8/site-packages/airflow/example_dags/example_bash_operator.py
[2024-02-21T19:58:45.899+0000] {processor.py:830} INFO - Processing file /home/airflow/.local/lib/python3.8/site-packages/airflow/example_dags/example_bash_operator.py for tasks to queue
[2024-02-21T19:58:45.901+0000] {logging_mixin.py:188} INFO - [2024-02-21T19:58:45.901+0000] {dagbag.py:538} INFO - Filling up the DagBag from /home/airflow/.local/lib/python3.8/site-packages/airflow/example_dags/example_bash_operator.py
[2024-02-21T19:58:45.914+0000] {processor.py:840} INFO - DAG(s) 'example_bash_operator' retrieved from /home/airflow/.local/lib/python3.8/site-packages/airflow/example_dags/example_bash_operator.py
[2024-02-21T19:58:45.943+0000] {logging_mixin.py:188} INFO - [2024-02-21T19:58:45.943+0000] {dag.py:3036} INFO - Sync 1 DAGs
[2024-02-21T19:58:45.968+0000] {logging_mixin.py:188} INFO - [2024-02-21T19:58:45.967+0000] {dag.py:3823} INFO - Setting next_dagrun for example_bash_operator to 2024-02-20 00:00:00+00:00, run_after=2024-02-21 00:00:00+00:00
[2024-02-21T19:58:45.991+0000] {processor.py:183} INFO - Processing /home/airflow/.local/lib/python3.8/site-packages/airflow/example_dags/example_bash_operator.py took 0.095 seconds
[2024-02-21T19:59:16.353+0000] {processor.py:161} INFO - Started process (PID=1084) to work on /home/airflow/.local/lib/python3.8/site-packages/airflow/example_dags/example_bash_operator.py
[2024-02-21T19:59:16.354+0000] {processor.py:830} INFO - Processing file /home/airflow/.local/lib/python3.8/site-packages/airflow/example_dags/example_bash_operator.py for tasks to queue
[2024-02-21T19:59:16.356+0000] {logging_mixin.py:188} INFO - [2024-02-21T19:59:16.355+0000] {dagbag.py:538} INFO - Filling up the DagBag from /home/airflow/.local/lib/python3.8/site-packages/airflow/example_dags/example_bash_operator.py
[2024-02-21T19:59:16.367+0000] {processor.py:840} INFO - DAG(s) 'example_bash_operator' retrieved from /home/airflow/.local/lib/python3.8/site-packages/airflow/example_dags/example_bash_operator.py
[2024-02-21T19:59:16.396+0000] {logging_mixin.py:188} INFO - [2024-02-21T19:59:16.396+0000] {dag.py:3036} INFO - Sync 1 DAGs
[2024-02-21T19:59:16.419+0000] {logging_mixin.py:188} INFO - [2024-02-21T19:59:16.419+0000] {dag.py:3823} INFO - Setting next_dagrun for example_bash_operator to 2024-02-20 00:00:00+00:00, run_after=2024-02-21 00:00:00+00:00
[2024-02-21T19:59:16.439+0000] {processor.py:183} INFO - Processing /home/airflow/.local/lib/python3.8/site-packages/airflow/example_dags/example_bash_operator.py took 0.090 seconds
[2024-02-21T19:59:46.870+0000] {processor.py:161} INFO - Started process (PID=1139) to work on /home/airflow/.local/lib/python3.8/site-packages/airflow/example_dags/example_bash_operator.py
[2024-02-21T19:59:46.871+0000] {processor.py:830} INFO - Processing file /home/airflow/.local/lib/python3.8/site-packages/airflow/example_dags/example_bash_operator.py for tasks to queue
[2024-02-21T19:59:46.873+0000] {logging_mixin.py:188} INFO - [2024-02-21T19:59:46.873+0000] {dagbag.py:538} INFO - Filling up the DagBag from /home/airflow/.local/lib/python3.8/site-packages/airflow/example_dags/example_bash_operator.py
[2024-02-21T19:59:46.885+0000] {processor.py:840} INFO - DAG(s) 'example_bash_operator' retrieved from /home/airflow/.local/lib/python3.8/site-packages/airflow/example_dags/example_bash_operator.py
[2024-02-21T19:59:46.913+0000] {logging_mixin.py:188} INFO - [2024-02-21T19:59:46.913+0000] {dag.py:3036} INFO - Sync 1 DAGs
[2024-02-21T19:59:46.936+0000] {logging_mixin.py:188} INFO - [2024-02-21T19:59:46.936+0000] {dag.py:3823} INFO - Setting next_dagrun for example_bash_operator to 2024-02-20 00:00:00+00:00, run_after=2024-02-21 00:00:00+00:00
[2024-02-21T19:59:46.955+0000] {processor.py:183} INFO - Processing /home/airflow/.local/lib/python3.8/site-packages/airflow/example_dags/example_bash_operator.py took 0.089 seconds
[2024-02-21T20:00:17.343+0000] {processor.py:161} INFO - Started process (PID=1194) to work on /home/airflow/.local/lib/python3.8/site-packages/airflow/example_dags/example_bash_operator.py
[2024-02-21T20:00:17.344+0000] {processor.py:830} INFO - Processing file /home/airflow/.local/lib/python3.8/site-packages/airflow/example_dags/example_bash_operator.py for tasks to queue
[2024-02-21T20:00:17.346+0000] {logging_mixin.py:188} INFO - [2024-02-21T20:00:17.346+0000] {dagbag.py:538} INFO - Filling up the DagBag from /home/airflow/.local/lib/python3.8/site-packages/airflow/example_dags/example_bash_operator.py
[2024-02-21T20:00:17.357+0000] {processor.py:840} INFO - DAG(s) 'example_bash_operator' retrieved from /home/airflow/.local/lib/python3.8/site-packages/airflow/example_dags/example_bash_operator.py
[2024-02-21T20:00:17.385+0000] {logging_mixin.py:188} INFO - [2024-02-21T20:00:17.385+0000] {dag.py:3036} INFO - Sync 1 DAGs
[2024-02-21T20:00:17.408+0000] {logging_mixin.py:188} INFO - [2024-02-21T20:00:17.408+0000] {dag.py:3823} INFO - Setting next_dagrun for example_bash_operator to 2024-02-20 00:00:00+00:00, run_after=2024-02-21 00:00:00+00:00
[2024-02-21T20:00:17.435+0000] {processor.py:183} INFO - Processing /home/airflow/.local/lib/python3.8/site-packages/airflow/example_dags/example_bash_operator.py took 0.094 seconds
[2024-02-21T20:00:47.765+0000] {processor.py:161} INFO - Started process (PID=1249) to work on /home/airflow/.local/lib/python3.8/site-packages/airflow/example_dags/example_bash_operator.py
[2024-02-21T20:00:47.766+0000] {processor.py:830} INFO - Processing file /home/airflow/.local/lib/python3.8/site-packages/airflow/example_dags/example_bash_operator.py for tasks to queue
[2024-02-21T20:00:47.769+0000] {logging_mixin.py:188} INFO - [2024-02-21T20:00:47.768+0000] {dagbag.py:538} INFO - Filling up the DagBag from /home/airflow/.local/lib/python3.8/site-packages/airflow/example_dags/example_bash_operator.py
[2024-02-21T20:00:47.779+0000] {processor.py:840} INFO - DAG(s) 'example_bash_operator' retrieved from /home/airflow/.local/lib/python3.8/site-packages/airflow/example_dags/example_bash_operator.py
[2024-02-21T20:00:47.807+0000] {logging_mixin.py:188} INFO - [2024-02-21T20:00:47.807+0000] {dag.py:3036} INFO - Sync 1 DAGs
[2024-02-21T20:00:47.830+0000] {logging_mixin.py:188} INFO - [2024-02-21T20:00:47.830+0000] {dag.py:3823} INFO - Setting next_dagrun for example_bash_operator to 2024-02-20 00:00:00+00:00, run_after=2024-02-21 00:00:00+00:00
[2024-02-21T20:00:47.850+0000] {processor.py:183} INFO - Processing /home/airflow/.local/lib/python3.8/site-packages/airflow/example_dags/example_bash_operator.py took 0.087 seconds
[2024-02-21T20:01:18.172+0000] {processor.py:161} INFO - Started process (PID=1304) to work on /home/airflow/.local/lib/python3.8/site-packages/airflow/example_dags/example_bash_operator.py
[2024-02-21T20:01:18.173+0000] {processor.py:830} INFO - Processing file /home/airflow/.local/lib/python3.8/site-packages/airflow/example_dags/example_bash_operator.py for tasks to queue
[2024-02-21T20:01:18.176+0000] {logging_mixin.py:188} INFO - [2024-02-21T20:01:18.176+0000] {dagbag.py:538} INFO - Filling up the DagBag from /home/airflow/.local/lib/python3.8/site-packages/airflow/example_dags/example_bash_operator.py
[2024-02-21T20:01:18.188+0000] {processor.py:840} INFO - DAG(s) 'example_bash_operator' retrieved from /home/airflow/.local/lib/python3.8/site-packages/airflow/example_dags/example_bash_operator.py
[2024-02-21T20:01:18.217+0000] {logging_mixin.py:188} INFO - [2024-02-21T20:01:18.217+0000] {dag.py:3036} INFO - Sync 1 DAGs
[2024-02-21T20:01:18.238+0000] {logging_mixin.py:188} INFO - [2024-02-21T20:01:18.238+0000] {dag.py:3823} INFO - Setting next_dagrun for example_bash_operator to 2024-02-20 00:00:00+00:00, run_after=2024-02-21 00:00:00+00:00
[2024-02-21T20:01:18.256+0000] {processor.py:183} INFO - Processing /home/airflow/.local/lib/python3.8/site-packages/airflow/example_dags/example_bash_operator.py took 0.087 seconds
[2024-02-21T20:01:48.786+0000] {processor.py:161} INFO - Started process (PID=1359) to work on /home/airflow/.local/lib/python3.8/site-packages/airflow/example_dags/example_bash_operator.py
[2024-02-21T20:01:48.787+0000] {processor.py:830} INFO - Processing file /home/airflow/.local/lib/python3.8/site-packages/airflow/example_dags/example_bash_operator.py for tasks to queue
[2024-02-21T20:01:48.789+0000] {logging_mixin.py:188} INFO - [2024-02-21T20:01:48.789+0000] {dagbag.py:538} INFO - Filling up the DagBag from /home/airflow/.local/lib/python3.8/site-packages/airflow/example_dags/example_bash_operator.py
[2024-02-21T20:01:48.800+0000] {processor.py:840} INFO - DAG(s) 'example_bash_operator' retrieved from /home/airflow/.local/lib/python3.8/site-packages/airflow/example_dags/example_bash_operator.py
[2024-02-21T20:01:48.833+0000] {logging_mixin.py:188} INFO - [2024-02-21T20:01:48.833+0000] {dag.py:3036} INFO - Sync 1 DAGs
[2024-02-21T20:01:48.856+0000] {logging_mixin.py:188} INFO - [2024-02-21T20:01:48.856+0000] {dag.py:3823} INFO - Setting next_dagrun for example_bash_operator to 2024-02-20 00:00:00+00:00, run_after=2024-02-21 00:00:00+00:00
[2024-02-21T20:01:48.888+0000] {processor.py:183} INFO - Processing /home/airflow/.local/lib/python3.8/site-packages/airflow/example_dags/example_bash_operator.py took 0.104 seconds
