[2024-02-21T19:49:54.071+0000] {processor.py:161} INFO - Started process (PID=61) to work on /home/airflow/.local/lib/python3.8/site-packages/airflow/example_dags/example_xcomargs.py
[2024-02-21T19:49:54.073+0000] {processor.py:830} INFO - Processing file /home/airflow/.local/lib/python3.8/site-packages/airflow/example_dags/example_xcomargs.py for tasks to queue
[2024-02-21T19:49:54.076+0000] {logging_mixin.py:188} INFO - [2024-02-21T19:49:54.076+0000] {dagbag.py:538} INFO - Filling up the DagBag from /home/airflow/.local/lib/python3.8/site-packages/airflow/example_dags/example_xcomargs.py
[2024-02-21T19:49:54.105+0000] {processor.py:840} INFO - DAG(s) 'example_xcom_args_with_operators', 'example_xcom_args' retrieved from /home/airflow/.local/lib/python3.8/site-packages/airflow/example_dags/example_xcomargs.py
[2024-02-21T19:49:55.208+0000] {logging_mixin.py:188} INFO - [2024-02-21T19:49:55.208+0000] {dag.py:3036} INFO - Sync 2 DAGs
[2024-02-21T19:49:55.448+0000] {logging_mixin.py:188} INFO - [2024-02-21T19:49:55.448+0000] {dag.py:3823} INFO - Setting next_dagrun for example_xcom_args to None, run_after=None
[2024-02-21T19:49:55.452+0000] {logging_mixin.py:188} INFO - [2024-02-21T19:49:55.452+0000] {dag.py:3823} INFO - Setting next_dagrun for example_xcom_args_with_operators to None, run_after=None
[2024-02-21T19:49:55.482+0000] {processor.py:183} INFO - Processing /home/airflow/.local/lib/python3.8/site-packages/airflow/example_dags/example_xcomargs.py took 1.415 seconds
[2024-02-21T19:50:25.608+0000] {processor.py:161} INFO - Started process (PID=116) to work on /home/airflow/.local/lib/python3.8/site-packages/airflow/example_dags/example_xcomargs.py
[2024-02-21T19:50:25.609+0000] {processor.py:830} INFO - Processing file /home/airflow/.local/lib/python3.8/site-packages/airflow/example_dags/example_xcomargs.py for tasks to queue
[2024-02-21T19:50:25.611+0000] {logging_mixin.py:188} INFO - [2024-02-21T19:50:25.611+0000] {dagbag.py:538} INFO - Filling up the DagBag from /home/airflow/.local/lib/python3.8/site-packages/airflow/example_dags/example_xcomargs.py
[2024-02-21T19:50:25.621+0000] {processor.py:840} INFO - DAG(s) 'example_xcom_args', 'example_xcom_args_with_operators' retrieved from /home/airflow/.local/lib/python3.8/site-packages/airflow/example_dags/example_xcomargs.py
[2024-02-21T19:50:25.643+0000] {logging_mixin.py:188} INFO - [2024-02-21T19:50:25.643+0000] {dag.py:3036} INFO - Sync 2 DAGs
[2024-02-21T19:50:25.659+0000] {logging_mixin.py:188} INFO - [2024-02-21T19:50:25.659+0000] {dag.py:3823} INFO - Setting next_dagrun for example_xcom_args to None, run_after=None
[2024-02-21T19:50:25.663+0000] {logging_mixin.py:188} INFO - [2024-02-21T19:50:25.663+0000] {dag.py:3823} INFO - Setting next_dagrun for example_xcom_args_with_operators to None, run_after=None
[2024-02-21T19:50:25.680+0000] {processor.py:183} INFO - Processing /home/airflow/.local/lib/python3.8/site-packages/airflow/example_dags/example_xcomargs.py took 0.075 seconds
[2024-02-21T19:50:55.945+0000] {processor.py:161} INFO - Started process (PID=171) to work on /home/airflow/.local/lib/python3.8/site-packages/airflow/example_dags/example_xcomargs.py
[2024-02-21T19:50:55.946+0000] {processor.py:830} INFO - Processing file /home/airflow/.local/lib/python3.8/site-packages/airflow/example_dags/example_xcomargs.py for tasks to queue
[2024-02-21T19:50:55.948+0000] {logging_mixin.py:188} INFO - [2024-02-21T19:50:55.948+0000] {dagbag.py:538} INFO - Filling up the DagBag from /home/airflow/.local/lib/python3.8/site-packages/airflow/example_dags/example_xcomargs.py
[2024-02-21T19:50:55.955+0000] {processor.py:840} INFO - DAG(s) 'example_xcom_args', 'example_xcom_args_with_operators' retrieved from /home/airflow/.local/lib/python3.8/site-packages/airflow/example_dags/example_xcomargs.py
[2024-02-21T19:50:55.977+0000] {logging_mixin.py:188} INFO - [2024-02-21T19:50:55.977+0000] {dag.py:3036} INFO - Sync 2 DAGs
[2024-02-21T19:50:55.989+0000] {logging_mixin.py:188} INFO - [2024-02-21T19:50:55.989+0000] {dag.py:3823} INFO - Setting next_dagrun for example_xcom_args to None, run_after=None
[2024-02-21T19:50:55.993+0000] {logging_mixin.py:188} INFO - [2024-02-21T19:50:55.993+0000] {dag.py:3823} INFO - Setting next_dagrun for example_xcom_args_with_operators to None, run_after=None
[2024-02-21T19:50:56.015+0000] {processor.py:183} INFO - Processing /home/airflow/.local/lib/python3.8/site-packages/airflow/example_dags/example_xcomargs.py took 0.074 seconds
[2024-02-21T19:51:26.372+0000] {processor.py:161} INFO - Started process (PID=226) to work on /home/airflow/.local/lib/python3.8/site-packages/airflow/example_dags/example_xcomargs.py
[2024-02-21T19:51:26.373+0000] {processor.py:830} INFO - Processing file /home/airflow/.local/lib/python3.8/site-packages/airflow/example_dags/example_xcomargs.py for tasks to queue
[2024-02-21T19:51:26.375+0000] {logging_mixin.py:188} INFO - [2024-02-21T19:51:26.375+0000] {dagbag.py:538} INFO - Filling up the DagBag from /home/airflow/.local/lib/python3.8/site-packages/airflow/example_dags/example_xcomargs.py
[2024-02-21T19:51:26.384+0000] {processor.py:840} INFO - DAG(s) 'example_xcom_args', 'example_xcom_args_with_operators' retrieved from /home/airflow/.local/lib/python3.8/site-packages/airflow/example_dags/example_xcomargs.py
[2024-02-21T19:51:26.408+0000] {logging_mixin.py:188} INFO - [2024-02-21T19:51:26.408+0000] {dag.py:3036} INFO - Sync 2 DAGs
[2024-02-21T19:51:26.420+0000] {logging_mixin.py:188} INFO - [2024-02-21T19:51:26.420+0000] {dag.py:3823} INFO - Setting next_dagrun for example_xcom_args to None, run_after=None
[2024-02-21T19:51:26.424+0000] {logging_mixin.py:188} INFO - [2024-02-21T19:51:26.424+0000] {dag.py:3823} INFO - Setting next_dagrun for example_xcom_args_with_operators to None, run_after=None
[2024-02-21T19:51:26.441+0000] {processor.py:183} INFO - Processing /home/airflow/.local/lib/python3.8/site-packages/airflow/example_dags/example_xcomargs.py took 0.072 seconds
[2024-02-21T19:51:56.867+0000] {processor.py:161} INFO - Started process (PID=281) to work on /home/airflow/.local/lib/python3.8/site-packages/airflow/example_dags/example_xcomargs.py
[2024-02-21T19:51:56.869+0000] {processor.py:830} INFO - Processing file /home/airflow/.local/lib/python3.8/site-packages/airflow/example_dags/example_xcomargs.py for tasks to queue
[2024-02-21T19:51:56.871+0000] {logging_mixin.py:188} INFO - [2024-02-21T19:51:56.870+0000] {dagbag.py:538} INFO - Filling up the DagBag from /home/airflow/.local/lib/python3.8/site-packages/airflow/example_dags/example_xcomargs.py
[2024-02-21T19:51:56.880+0000] {processor.py:840} INFO - DAG(s) 'example_xcom_args_with_operators', 'example_xcom_args' retrieved from /home/airflow/.local/lib/python3.8/site-packages/airflow/example_dags/example_xcomargs.py
[2024-02-21T19:51:56.908+0000] {logging_mixin.py:188} INFO - [2024-02-21T19:51:56.908+0000] {dag.py:3036} INFO - Sync 2 DAGs
[2024-02-21T19:51:56.926+0000] {logging_mixin.py:188} INFO - [2024-02-21T19:51:56.926+0000] {dag.py:3823} INFO - Setting next_dagrun for example_xcom_args to None, run_after=None
[2024-02-21T19:51:56.931+0000] {logging_mixin.py:188} INFO - [2024-02-21T19:51:56.931+0000] {dag.py:3823} INFO - Setting next_dagrun for example_xcom_args_with_operators to None, run_after=None
[2024-02-21T19:51:56.953+0000] {processor.py:183} INFO - Processing /home/airflow/.local/lib/python3.8/site-packages/airflow/example_dags/example_xcomargs.py took 0.089 seconds
[2024-02-21T19:52:27.042+0000] {processor.py:161} INFO - Started process (PID=336) to work on /home/airflow/.local/lib/python3.8/site-packages/airflow/example_dags/example_xcomargs.py
[2024-02-21T19:52:27.043+0000] {processor.py:830} INFO - Processing file /home/airflow/.local/lib/python3.8/site-packages/airflow/example_dags/example_xcomargs.py for tasks to queue
[2024-02-21T19:52:27.045+0000] {logging_mixin.py:188} INFO - [2024-02-21T19:52:27.044+0000] {dagbag.py:538} INFO - Filling up the DagBag from /home/airflow/.local/lib/python3.8/site-packages/airflow/example_dags/example_xcomargs.py
[2024-02-21T19:52:27.054+0000] {processor.py:840} INFO - DAG(s) 'example_xcom_args_with_operators', 'example_xcom_args' retrieved from /home/airflow/.local/lib/python3.8/site-packages/airflow/example_dags/example_xcomargs.py
[2024-02-21T19:52:27.078+0000] {logging_mixin.py:188} INFO - [2024-02-21T19:52:27.078+0000] {dag.py:3036} INFO - Sync 2 DAGs
[2024-02-21T19:52:27.091+0000] {logging_mixin.py:188} INFO - [2024-02-21T19:52:27.091+0000] {dag.py:3823} INFO - Setting next_dagrun for example_xcom_args to None, run_after=None
[2024-02-21T19:52:27.097+0000] {logging_mixin.py:188} INFO - [2024-02-21T19:52:27.096+0000] {dag.py:3823} INFO - Setting next_dagrun for example_xcom_args_with_operators to None, run_after=None
[2024-02-21T19:52:27.114+0000] {processor.py:183} INFO - Processing /home/airflow/.local/lib/python3.8/site-packages/airflow/example_dags/example_xcomargs.py took 0.075 seconds
[2024-02-21T19:52:57.347+0000] {processor.py:161} INFO - Started process (PID=391) to work on /home/airflow/.local/lib/python3.8/site-packages/airflow/example_dags/example_xcomargs.py
[2024-02-21T19:52:57.349+0000] {processor.py:830} INFO - Processing file /home/airflow/.local/lib/python3.8/site-packages/airflow/example_dags/example_xcomargs.py for tasks to queue
[2024-02-21T19:52:57.351+0000] {logging_mixin.py:188} INFO - [2024-02-21T19:52:57.351+0000] {dagbag.py:538} INFO - Filling up the DagBag from /home/airflow/.local/lib/python3.8/site-packages/airflow/example_dags/example_xcomargs.py
[2024-02-21T19:52:57.359+0000] {processor.py:840} INFO - DAG(s) 'example_xcom_args_with_operators', 'example_xcom_args' retrieved from /home/airflow/.local/lib/python3.8/site-packages/airflow/example_dags/example_xcomargs.py
[2024-02-21T19:52:57.384+0000] {logging_mixin.py:188} INFO - [2024-02-21T19:52:57.384+0000] {dag.py:3036} INFO - Sync 2 DAGs
[2024-02-21T19:52:57.397+0000] {logging_mixin.py:188} INFO - [2024-02-21T19:52:57.397+0000] {dag.py:3823} INFO - Setting next_dagrun for example_xcom_args to None, run_after=None
[2024-02-21T19:52:57.402+0000] {logging_mixin.py:188} INFO - [2024-02-21T19:52:57.402+0000] {dag.py:3823} INFO - Setting next_dagrun for example_xcom_args_with_operators to None, run_after=None
[2024-02-21T19:52:57.420+0000] {processor.py:183} INFO - Processing /home/airflow/.local/lib/python3.8/site-packages/airflow/example_dags/example_xcomargs.py took 0.076 seconds
[2024-02-21T19:53:27.643+0000] {processor.py:161} INFO - Started process (PID=446) to work on /home/airflow/.local/lib/python3.8/site-packages/airflow/example_dags/example_xcomargs.py
[2024-02-21T19:53:27.833+0000] {processor.py:830} INFO - Processing file /home/airflow/.local/lib/python3.8/site-packages/airflow/example_dags/example_xcomargs.py for tasks to queue
[2024-02-21T19:53:27.835+0000] {logging_mixin.py:188} INFO - [2024-02-21T19:53:27.834+0000] {dagbag.py:538} INFO - Filling up the DagBag from /home/airflow/.local/lib/python3.8/site-packages/airflow/example_dags/example_xcomargs.py
[2024-02-21T19:53:27.842+0000] {processor.py:840} INFO - DAG(s) 'example_xcom_args_with_operators', 'example_xcom_args' retrieved from /home/airflow/.local/lib/python3.8/site-packages/airflow/example_dags/example_xcomargs.py
[2024-02-21T19:53:27.864+0000] {logging_mixin.py:188} INFO - [2024-02-21T19:53:27.864+0000] {dag.py:3036} INFO - Sync 2 DAGs
[2024-02-21T19:53:27.877+0000] {logging_mixin.py:188} INFO - [2024-02-21T19:53:27.877+0000] {dag.py:3823} INFO - Setting next_dagrun for example_xcom_args to None, run_after=None
[2024-02-21T19:53:27.881+0000] {logging_mixin.py:188} INFO - [2024-02-21T19:53:27.881+0000] {dag.py:3823} INFO - Setting next_dagrun for example_xcom_args_with_operators to None, run_after=None
[2024-02-21T19:53:27.901+0000] {processor.py:183} INFO - Processing /home/airflow/.local/lib/python3.8/site-packages/airflow/example_dags/example_xcomargs.py took 0.261 seconds
[2024-02-21T19:53:58.365+0000] {processor.py:161} INFO - Started process (PID=501) to work on /home/airflow/.local/lib/python3.8/site-packages/airflow/example_dags/example_xcomargs.py
[2024-02-21T19:53:58.368+0000] {processor.py:830} INFO - Processing file /home/airflow/.local/lib/python3.8/site-packages/airflow/example_dags/example_xcomargs.py for tasks to queue
[2024-02-21T19:53:58.374+0000] {logging_mixin.py:188} INFO - [2024-02-21T19:53:58.371+0000] {dagbag.py:538} INFO - Filling up the DagBag from /home/airflow/.local/lib/python3.8/site-packages/airflow/example_dags/example_xcomargs.py
[2024-02-21T19:53:58.396+0000] {processor.py:840} INFO - DAG(s) 'example_xcom_args', 'example_xcom_args_with_operators' retrieved from /home/airflow/.local/lib/python3.8/site-packages/airflow/example_dags/example_xcomargs.py
[2024-02-21T19:53:58.431+0000] {logging_mixin.py:188} INFO - [2024-02-21T19:53:58.430+0000] {dag.py:3036} INFO - Sync 2 DAGs
[2024-02-21T19:53:58.452+0000] {logging_mixin.py:188} INFO - [2024-02-21T19:53:58.452+0000] {dag.py:3823} INFO - Setting next_dagrun for example_xcom_args to None, run_after=None
[2024-02-21T19:53:58.459+0000] {logging_mixin.py:188} INFO - [2024-02-21T19:53:58.458+0000] {dag.py:3823} INFO - Setting next_dagrun for example_xcom_args_with_operators to None, run_after=None
[2024-02-21T19:53:58.487+0000] {processor.py:183} INFO - Processing /home/airflow/.local/lib/python3.8/site-packages/airflow/example_dags/example_xcomargs.py took 0.131 seconds
[2024-02-21T19:54:28.733+0000] {processor.py:161} INFO - Started process (PID=556) to work on /home/airflow/.local/lib/python3.8/site-packages/airflow/example_dags/example_xcomargs.py
[2024-02-21T19:54:28.734+0000] {processor.py:830} INFO - Processing file /home/airflow/.local/lib/python3.8/site-packages/airflow/example_dags/example_xcomargs.py for tasks to queue
[2024-02-21T19:54:28.736+0000] {logging_mixin.py:188} INFO - [2024-02-21T19:54:28.735+0000] {dagbag.py:538} INFO - Filling up the DagBag from /home/airflow/.local/lib/python3.8/site-packages/airflow/example_dags/example_xcomargs.py
[2024-02-21T19:54:28.743+0000] {processor.py:840} INFO - DAG(s) 'example_xcom_args', 'example_xcom_args_with_operators' retrieved from /home/airflow/.local/lib/python3.8/site-packages/airflow/example_dags/example_xcomargs.py
[2024-02-21T19:54:28.767+0000] {logging_mixin.py:188} INFO - [2024-02-21T19:54:28.767+0000] {dag.py:3036} INFO - Sync 2 DAGs
[2024-02-21T19:54:28.781+0000] {logging_mixin.py:188} INFO - [2024-02-21T19:54:28.781+0000] {dag.py:3823} INFO - Setting next_dagrun for example_xcom_args to None, run_after=None
[2024-02-21T19:54:28.786+0000] {logging_mixin.py:188} INFO - [2024-02-21T19:54:28.786+0000] {dag.py:3823} INFO - Setting next_dagrun for example_xcom_args_with_operators to None, run_after=None
[2024-02-21T19:54:28.825+0000] {processor.py:183} INFO - Processing /home/airflow/.local/lib/python3.8/site-packages/airflow/example_dags/example_xcomargs.py took 0.094 seconds
[2024-02-21T19:54:59.105+0000] {processor.py:161} INFO - Started process (PID=611) to work on /home/airflow/.local/lib/python3.8/site-packages/airflow/example_dags/example_xcomargs.py
[2024-02-21T19:54:59.106+0000] {processor.py:830} INFO - Processing file /home/airflow/.local/lib/python3.8/site-packages/airflow/example_dags/example_xcomargs.py for tasks to queue
[2024-02-21T19:54:59.108+0000] {logging_mixin.py:188} INFO - [2024-02-21T19:54:59.108+0000] {dagbag.py:538} INFO - Filling up the DagBag from /home/airflow/.local/lib/python3.8/site-packages/airflow/example_dags/example_xcomargs.py
[2024-02-21T19:54:59.119+0000] {processor.py:840} INFO - DAG(s) 'example_xcom_args_with_operators', 'example_xcom_args' retrieved from /home/airflow/.local/lib/python3.8/site-packages/airflow/example_dags/example_xcomargs.py
[2024-02-21T19:54:59.147+0000] {logging_mixin.py:188} INFO - [2024-02-21T19:54:59.147+0000] {dag.py:3036} INFO - Sync 2 DAGs
[2024-02-21T19:54:59.160+0000] {logging_mixin.py:188} INFO - [2024-02-21T19:54:59.159+0000] {dag.py:3823} INFO - Setting next_dagrun for example_xcom_args to None, run_after=None
[2024-02-21T19:54:59.164+0000] {logging_mixin.py:188} INFO - [2024-02-21T19:54:59.164+0000] {dag.py:3823} INFO - Setting next_dagrun for example_xcom_args_with_operators to None, run_after=None
[2024-02-21T19:54:59.185+0000] {processor.py:183} INFO - Processing /home/airflow/.local/lib/python3.8/site-packages/airflow/example_dags/example_xcomargs.py took 0.083 seconds
[2024-02-21T19:55:29.694+0000] {processor.py:161} INFO - Started process (PID=666) to work on /home/airflow/.local/lib/python3.8/site-packages/airflow/example_dags/example_xcomargs.py
[2024-02-21T19:55:29.695+0000] {processor.py:830} INFO - Processing file /home/airflow/.local/lib/python3.8/site-packages/airflow/example_dags/example_xcomargs.py for tasks to queue
[2024-02-21T19:55:29.697+0000] {logging_mixin.py:188} INFO - [2024-02-21T19:55:29.696+0000] {dagbag.py:538} INFO - Filling up the DagBag from /home/airflow/.local/lib/python3.8/site-packages/airflow/example_dags/example_xcomargs.py
[2024-02-21T19:55:29.707+0000] {processor.py:840} INFO - DAG(s) 'example_xcom_args_with_operators', 'example_xcom_args' retrieved from /home/airflow/.local/lib/python3.8/site-packages/airflow/example_dags/example_xcomargs.py
[2024-02-21T19:55:29.729+0000] {logging_mixin.py:188} INFO - [2024-02-21T19:55:29.729+0000] {dag.py:3036} INFO - Sync 2 DAGs
[2024-02-21T19:55:29.743+0000] {logging_mixin.py:188} INFO - [2024-02-21T19:55:29.742+0000] {dag.py:3823} INFO - Setting next_dagrun for example_xcom_args to None, run_after=None
[2024-02-21T19:55:29.746+0000] {logging_mixin.py:188} INFO - [2024-02-21T19:55:29.746+0000] {dag.py:3823} INFO - Setting next_dagrun for example_xcom_args_with_operators to None, run_after=None
[2024-02-21T19:55:29.773+0000] {processor.py:183} INFO - Processing /home/airflow/.local/lib/python3.8/site-packages/airflow/example_dags/example_xcomargs.py took 0.082 seconds
[2024-02-21T19:55:59.988+0000] {processor.py:161} INFO - Started process (PID=721) to work on /home/airflow/.local/lib/python3.8/site-packages/airflow/example_dags/example_xcomargs.py
[2024-02-21T19:55:59.989+0000] {processor.py:830} INFO - Processing file /home/airflow/.local/lib/python3.8/site-packages/airflow/example_dags/example_xcomargs.py for tasks to queue
[2024-02-21T19:55:59.991+0000] {logging_mixin.py:188} INFO - [2024-02-21T19:55:59.991+0000] {dagbag.py:538} INFO - Filling up the DagBag from /home/airflow/.local/lib/python3.8/site-packages/airflow/example_dags/example_xcomargs.py
[2024-02-21T19:55:59.999+0000] {processor.py:840} INFO - DAG(s) 'example_xcom_args', 'example_xcom_args_with_operators' retrieved from /home/airflow/.local/lib/python3.8/site-packages/airflow/example_dags/example_xcomargs.py
[2024-02-21T19:56:00.027+0000] {logging_mixin.py:188} INFO - [2024-02-21T19:56:00.027+0000] {dag.py:3036} INFO - Sync 2 DAGs
[2024-02-21T19:56:00.045+0000] {logging_mixin.py:188} INFO - [2024-02-21T19:56:00.045+0000] {dag.py:3823} INFO - Setting next_dagrun for example_xcom_args to None, run_after=None
[2024-02-21T19:56:00.050+0000] {logging_mixin.py:188} INFO - [2024-02-21T19:56:00.050+0000] {dag.py:3823} INFO - Setting next_dagrun for example_xcom_args_with_operators to None, run_after=None
[2024-02-21T19:56:00.079+0000] {processor.py:183} INFO - Processing /home/airflow/.local/lib/python3.8/site-packages/airflow/example_dags/example_xcomargs.py took 0.094 seconds
[2024-02-21T19:56:30.164+0000] {processor.py:161} INFO - Started process (PID=776) to work on /home/airflow/.local/lib/python3.8/site-packages/airflow/example_dags/example_xcomargs.py
[2024-02-21T19:56:30.165+0000] {processor.py:830} INFO - Processing file /home/airflow/.local/lib/python3.8/site-packages/airflow/example_dags/example_xcomargs.py for tasks to queue
[2024-02-21T19:56:30.167+0000] {logging_mixin.py:188} INFO - [2024-02-21T19:56:30.166+0000] {dagbag.py:538} INFO - Filling up the DagBag from /home/airflow/.local/lib/python3.8/site-packages/airflow/example_dags/example_xcomargs.py
[2024-02-21T19:56:30.176+0000] {processor.py:840} INFO - DAG(s) 'example_xcom_args_with_operators', 'example_xcom_args' retrieved from /home/airflow/.local/lib/python3.8/site-packages/airflow/example_dags/example_xcomargs.py
[2024-02-21T19:56:30.205+0000] {logging_mixin.py:188} INFO - [2024-02-21T19:56:30.205+0000] {dag.py:3036} INFO - Sync 2 DAGs
[2024-02-21T19:56:30.217+0000] {logging_mixin.py:188} INFO - [2024-02-21T19:56:30.217+0000] {dag.py:3823} INFO - Setting next_dagrun for example_xcom_args to None, run_after=None
[2024-02-21T19:56:30.221+0000] {logging_mixin.py:188} INFO - [2024-02-21T19:56:30.221+0000] {dag.py:3823} INFO - Setting next_dagrun for example_xcom_args_with_operators to None, run_after=None
[2024-02-21T19:56:30.240+0000] {processor.py:183} INFO - Processing /home/airflow/.local/lib/python3.8/site-packages/airflow/example_dags/example_xcomargs.py took 0.079 seconds
[2024-02-21T19:57:00.418+0000] {processor.py:161} INFO - Started process (PID=831) to work on /home/airflow/.local/lib/python3.8/site-packages/airflow/example_dags/example_xcomargs.py
[2024-02-21T19:57:00.420+0000] {processor.py:830} INFO - Processing file /home/airflow/.local/lib/python3.8/site-packages/airflow/example_dags/example_xcomargs.py for tasks to queue
[2024-02-21T19:57:00.421+0000] {logging_mixin.py:188} INFO - [2024-02-21T19:57:00.421+0000] {dagbag.py:538} INFO - Filling up the DagBag from /home/airflow/.local/lib/python3.8/site-packages/airflow/example_dags/example_xcomargs.py
[2024-02-21T19:57:00.428+0000] {processor.py:840} INFO - DAG(s) 'example_xcom_args', 'example_xcom_args_with_operators' retrieved from /home/airflow/.local/lib/python3.8/site-packages/airflow/example_dags/example_xcomargs.py
[2024-02-21T19:57:00.450+0000] {logging_mixin.py:188} INFO - [2024-02-21T19:57:00.450+0000] {dag.py:3036} INFO - Sync 2 DAGs
[2024-02-21T19:57:00.463+0000] {logging_mixin.py:188} INFO - [2024-02-21T19:57:00.463+0000] {dag.py:3823} INFO - Setting next_dagrun for example_xcom_args to None, run_after=None
[2024-02-21T19:57:00.467+0000] {logging_mixin.py:188} INFO - [2024-02-21T19:57:00.467+0000] {dag.py:3823} INFO - Setting next_dagrun for example_xcom_args_with_operators to None, run_after=None
[2024-02-21T19:57:00.485+0000] {processor.py:183} INFO - Processing /home/airflow/.local/lib/python3.8/site-packages/airflow/example_dags/example_xcomargs.py took 0.069 seconds
[2024-02-21T19:57:30.685+0000] {processor.py:161} INFO - Started process (PID=886) to work on /home/airflow/.local/lib/python3.8/site-packages/airflow/example_dags/example_xcomargs.py
[2024-02-21T19:57:30.686+0000] {processor.py:830} INFO - Processing file /home/airflow/.local/lib/python3.8/site-packages/airflow/example_dags/example_xcomargs.py for tasks to queue
[2024-02-21T19:57:30.688+0000] {logging_mixin.py:188} INFO - [2024-02-21T19:57:30.688+0000] {dagbag.py:538} INFO - Filling up the DagBag from /home/airflow/.local/lib/python3.8/site-packages/airflow/example_dags/example_xcomargs.py
[2024-02-21T19:57:30.696+0000] {processor.py:840} INFO - DAG(s) 'example_xcom_args_with_operators', 'example_xcom_args' retrieved from /home/airflow/.local/lib/python3.8/site-packages/airflow/example_dags/example_xcomargs.py
[2024-02-21T19:57:30.721+0000] {logging_mixin.py:188} INFO - [2024-02-21T19:57:30.721+0000] {dag.py:3036} INFO - Sync 2 DAGs
[2024-02-21T19:57:30.737+0000] {logging_mixin.py:188} INFO - [2024-02-21T19:57:30.737+0000] {dag.py:3823} INFO - Setting next_dagrun for example_xcom_args to None, run_after=None
[2024-02-21T19:57:30.741+0000] {logging_mixin.py:188} INFO - [2024-02-21T19:57:30.741+0000] {dag.py:3823} INFO - Setting next_dagrun for example_xcom_args_with_operators to None, run_after=None
[2024-02-21T19:57:30.757+0000] {processor.py:183} INFO - Processing /home/airflow/.local/lib/python3.8/site-packages/airflow/example_dags/example_xcomargs.py took 0.075 seconds
[2024-02-21T19:58:01.137+0000] {processor.py:161} INFO - Started process (PID=941) to work on /home/airflow/.local/lib/python3.8/site-packages/airflow/example_dags/example_xcomargs.py
[2024-02-21T19:58:01.138+0000] {processor.py:830} INFO - Processing file /home/airflow/.local/lib/python3.8/site-packages/airflow/example_dags/example_xcomargs.py for tasks to queue
[2024-02-21T19:58:01.140+0000] {logging_mixin.py:188} INFO - [2024-02-21T19:58:01.139+0000] {dagbag.py:538} INFO - Filling up the DagBag from /home/airflow/.local/lib/python3.8/site-packages/airflow/example_dags/example_xcomargs.py
[2024-02-21T19:58:01.147+0000] {processor.py:840} INFO - DAG(s) 'example_xcom_args', 'example_xcom_args_with_operators' retrieved from /home/airflow/.local/lib/python3.8/site-packages/airflow/example_dags/example_xcomargs.py
[2024-02-21T19:58:01.168+0000] {logging_mixin.py:188} INFO - [2024-02-21T19:58:01.168+0000] {dag.py:3036} INFO - Sync 2 DAGs
[2024-02-21T19:58:01.180+0000] {logging_mixin.py:188} INFO - [2024-02-21T19:58:01.180+0000] {dag.py:3823} INFO - Setting next_dagrun for example_xcom_args to None, run_after=None
[2024-02-21T19:58:01.184+0000] {logging_mixin.py:188} INFO - [2024-02-21T19:58:01.184+0000] {dag.py:3823} INFO - Setting next_dagrun for example_xcom_args_with_operators to None, run_after=None
[2024-02-21T19:58:01.212+0000] {processor.py:183} INFO - Processing /home/airflow/.local/lib/python3.8/site-packages/airflow/example_dags/example_xcomargs.py took 0.078 seconds
[2024-02-21T19:58:31.614+0000] {processor.py:161} INFO - Started process (PID=996) to work on /home/airflow/.local/lib/python3.8/site-packages/airflow/example_dags/example_xcomargs.py
[2024-02-21T19:58:31.615+0000] {processor.py:830} INFO - Processing file /home/airflow/.local/lib/python3.8/site-packages/airflow/example_dags/example_xcomargs.py for tasks to queue
[2024-02-21T19:58:31.617+0000] {logging_mixin.py:188} INFO - [2024-02-21T19:58:31.617+0000] {dagbag.py:538} INFO - Filling up the DagBag from /home/airflow/.local/lib/python3.8/site-packages/airflow/example_dags/example_xcomargs.py
[2024-02-21T19:58:31.627+0000] {processor.py:840} INFO - DAG(s) 'example_xcom_args', 'example_xcom_args_with_operators' retrieved from /home/airflow/.local/lib/python3.8/site-packages/airflow/example_dags/example_xcomargs.py
[2024-02-21T19:58:31.657+0000] {logging_mixin.py:188} INFO - [2024-02-21T19:58:31.656+0000] {dag.py:3036} INFO - Sync 2 DAGs
[2024-02-21T19:58:31.671+0000] {logging_mixin.py:188} INFO - [2024-02-21T19:58:31.671+0000] {dag.py:3823} INFO - Setting next_dagrun for example_xcom_args to None, run_after=None
[2024-02-21T19:58:31.677+0000] {logging_mixin.py:188} INFO - [2024-02-21T19:58:31.676+0000] {dag.py:3823} INFO - Setting next_dagrun for example_xcom_args_with_operators to None, run_after=None
[2024-02-21T19:58:31.699+0000] {processor.py:183} INFO - Processing /home/airflow/.local/lib/python3.8/site-packages/airflow/example_dags/example_xcomargs.py took 0.089 seconds
[2024-02-21T19:59:02.008+0000] {processor.py:161} INFO - Started process (PID=1051) to work on /home/airflow/.local/lib/python3.8/site-packages/airflow/example_dags/example_xcomargs.py
[2024-02-21T19:59:02.009+0000] {processor.py:830} INFO - Processing file /home/airflow/.local/lib/python3.8/site-packages/airflow/example_dags/example_xcomargs.py for tasks to queue
[2024-02-21T19:59:02.011+0000] {logging_mixin.py:188} INFO - [2024-02-21T19:59:02.011+0000] {dagbag.py:538} INFO - Filling up the DagBag from /home/airflow/.local/lib/python3.8/site-packages/airflow/example_dags/example_xcomargs.py
[2024-02-21T19:59:02.019+0000] {processor.py:840} INFO - DAG(s) 'example_xcom_args_with_operators', 'example_xcom_args' retrieved from /home/airflow/.local/lib/python3.8/site-packages/airflow/example_dags/example_xcomargs.py
[2024-02-21T19:59:02.043+0000] {logging_mixin.py:188} INFO - [2024-02-21T19:59:02.043+0000] {dag.py:3036} INFO - Sync 2 DAGs
[2024-02-21T19:59:02.056+0000] {logging_mixin.py:188} INFO - [2024-02-21T19:59:02.056+0000] {dag.py:3823} INFO - Setting next_dagrun for example_xcom_args to None, run_after=None
[2024-02-21T19:59:02.061+0000] {logging_mixin.py:188} INFO - [2024-02-21T19:59:02.061+0000] {dag.py:3823} INFO - Setting next_dagrun for example_xcom_args_with_operators to None, run_after=None
[2024-02-21T19:59:02.087+0000] {processor.py:183} INFO - Processing /home/airflow/.local/lib/python3.8/site-packages/airflow/example_dags/example_xcomargs.py took 0.083 seconds
[2024-02-21T19:59:32.488+0000] {processor.py:161} INFO - Started process (PID=1106) to work on /home/airflow/.local/lib/python3.8/site-packages/airflow/example_dags/example_xcomargs.py
[2024-02-21T19:59:32.489+0000] {processor.py:830} INFO - Processing file /home/airflow/.local/lib/python3.8/site-packages/airflow/example_dags/example_xcomargs.py for tasks to queue
[2024-02-21T19:59:32.491+0000] {logging_mixin.py:188} INFO - [2024-02-21T19:59:32.491+0000] {dagbag.py:538} INFO - Filling up the DagBag from /home/airflow/.local/lib/python3.8/site-packages/airflow/example_dags/example_xcomargs.py
[2024-02-21T19:59:32.499+0000] {processor.py:840} INFO - DAG(s) 'example_xcom_args_with_operators', 'example_xcom_args' retrieved from /home/airflow/.local/lib/python3.8/site-packages/airflow/example_dags/example_xcomargs.py
[2024-02-21T19:59:32.523+0000] {logging_mixin.py:188} INFO - [2024-02-21T19:59:32.523+0000] {dag.py:3036} INFO - Sync 2 DAGs
[2024-02-21T19:59:32.540+0000] {logging_mixin.py:188} INFO - [2024-02-21T19:59:32.540+0000] {dag.py:3823} INFO - Setting next_dagrun for example_xcom_args to None, run_after=None
[2024-02-21T19:59:32.546+0000] {logging_mixin.py:188} INFO - [2024-02-21T19:59:32.546+0000] {dag.py:3823} INFO - Setting next_dagrun for example_xcom_args_with_operators to None, run_after=None
[2024-02-21T19:59:32.565+0000] {processor.py:183} INFO - Processing /home/airflow/.local/lib/python3.8/site-packages/airflow/example_dags/example_xcomargs.py took 0.081 seconds
[2024-02-21T20:00:03.043+0000] {processor.py:161} INFO - Started process (PID=1161) to work on /home/airflow/.local/lib/python3.8/site-packages/airflow/example_dags/example_xcomargs.py
[2024-02-21T20:00:03.044+0000] {processor.py:830} INFO - Processing file /home/airflow/.local/lib/python3.8/site-packages/airflow/example_dags/example_xcomargs.py for tasks to queue
[2024-02-21T20:00:03.046+0000] {logging_mixin.py:188} INFO - [2024-02-21T20:00:03.045+0000] {dagbag.py:538} INFO - Filling up the DagBag from /home/airflow/.local/lib/python3.8/site-packages/airflow/example_dags/example_xcomargs.py
[2024-02-21T20:00:03.053+0000] {processor.py:840} INFO - DAG(s) 'example_xcom_args_with_operators', 'example_xcom_args' retrieved from /home/airflow/.local/lib/python3.8/site-packages/airflow/example_dags/example_xcomargs.py
[2024-02-21T20:00:03.092+0000] {logging_mixin.py:188} INFO - [2024-02-21T20:00:03.091+0000] {dag.py:3036} INFO - Sync 2 DAGs
[2024-02-21T20:00:03.109+0000] {logging_mixin.py:188} INFO - [2024-02-21T20:00:03.108+0000] {dag.py:3823} INFO - Setting next_dagrun for example_xcom_args to None, run_after=None
[2024-02-21T20:00:03.113+0000] {logging_mixin.py:188} INFO - [2024-02-21T20:00:03.113+0000] {dag.py:3823} INFO - Setting next_dagrun for example_xcom_args_with_operators to None, run_after=None
[2024-02-21T20:00:03.136+0000] {processor.py:183} INFO - Processing /home/airflow/.local/lib/python3.8/site-packages/airflow/example_dags/example_xcomargs.py took 0.096 seconds
[2024-02-21T20:00:33.486+0000] {processor.py:161} INFO - Started process (PID=1216) to work on /home/airflow/.local/lib/python3.8/site-packages/airflow/example_dags/example_xcomargs.py
[2024-02-21T20:00:33.487+0000] {processor.py:830} INFO - Processing file /home/airflow/.local/lib/python3.8/site-packages/airflow/example_dags/example_xcomargs.py for tasks to queue
[2024-02-21T20:00:33.490+0000] {logging_mixin.py:188} INFO - [2024-02-21T20:00:33.490+0000] {dagbag.py:538} INFO - Filling up the DagBag from /home/airflow/.local/lib/python3.8/site-packages/airflow/example_dags/example_xcomargs.py
[2024-02-21T20:00:33.505+0000] {processor.py:840} INFO - DAG(s) 'example_xcom_args_with_operators', 'example_xcom_args' retrieved from /home/airflow/.local/lib/python3.8/site-packages/airflow/example_dags/example_xcomargs.py
[2024-02-21T20:00:33.532+0000] {logging_mixin.py:188} INFO - [2024-02-21T20:00:33.531+0000] {dag.py:3036} INFO - Sync 2 DAGs
[2024-02-21T20:00:33.547+0000] {logging_mixin.py:188} INFO - [2024-02-21T20:00:33.547+0000] {dag.py:3823} INFO - Setting next_dagrun for example_xcom_args to None, run_after=None
[2024-02-21T20:00:33.551+0000] {logging_mixin.py:188} INFO - [2024-02-21T20:00:33.551+0000] {dag.py:3823} INFO - Setting next_dagrun for example_xcom_args_with_operators to None, run_after=None
[2024-02-21T20:00:33.568+0000] {processor.py:183} INFO - Processing /home/airflow/.local/lib/python3.8/site-packages/airflow/example_dags/example_xcomargs.py took 0.087 seconds
[2024-02-21T20:01:03.863+0000] {processor.py:161} INFO - Started process (PID=1271) to work on /home/airflow/.local/lib/python3.8/site-packages/airflow/example_dags/example_xcomargs.py
[2024-02-21T20:01:03.864+0000] {processor.py:830} INFO - Processing file /home/airflow/.local/lib/python3.8/site-packages/airflow/example_dags/example_xcomargs.py for tasks to queue
[2024-02-21T20:01:03.866+0000] {logging_mixin.py:188} INFO - [2024-02-21T20:01:03.866+0000] {dagbag.py:538} INFO - Filling up the DagBag from /home/airflow/.local/lib/python3.8/site-packages/airflow/example_dags/example_xcomargs.py
[2024-02-21T20:01:03.873+0000] {processor.py:840} INFO - DAG(s) 'example_xcom_args_with_operators', 'example_xcom_args' retrieved from /home/airflow/.local/lib/python3.8/site-packages/airflow/example_dags/example_xcomargs.py
[2024-02-21T20:01:03.897+0000] {logging_mixin.py:188} INFO - [2024-02-21T20:01:03.897+0000] {dag.py:3036} INFO - Sync 2 DAGs
[2024-02-21T20:01:03.910+0000] {logging_mixin.py:188} INFO - [2024-02-21T20:01:03.909+0000] {dag.py:3823} INFO - Setting next_dagrun for example_xcom_args to None, run_after=None
[2024-02-21T20:01:03.914+0000] {logging_mixin.py:188} INFO - [2024-02-21T20:01:03.913+0000] {dag.py:3823} INFO - Setting next_dagrun for example_xcom_args_with_operators to None, run_after=None
[2024-02-21T20:01:03.938+0000] {processor.py:183} INFO - Processing /home/airflow/.local/lib/python3.8/site-packages/airflow/example_dags/example_xcomargs.py took 0.078 seconds
[2024-02-21T20:01:34.242+0000] {processor.py:161} INFO - Started process (PID=1326) to work on /home/airflow/.local/lib/python3.8/site-packages/airflow/example_dags/example_xcomargs.py
[2024-02-21T20:01:34.243+0000] {processor.py:830} INFO - Processing file /home/airflow/.local/lib/python3.8/site-packages/airflow/example_dags/example_xcomargs.py for tasks to queue
[2024-02-21T20:01:34.245+0000] {logging_mixin.py:188} INFO - [2024-02-21T20:01:34.245+0000] {dagbag.py:538} INFO - Filling up the DagBag from /home/airflow/.local/lib/python3.8/site-packages/airflow/example_dags/example_xcomargs.py
[2024-02-21T20:01:34.252+0000] {processor.py:840} INFO - DAG(s) 'example_xcom_args', 'example_xcom_args_with_operators' retrieved from /home/airflow/.local/lib/python3.8/site-packages/airflow/example_dags/example_xcomargs.py
[2024-02-21T20:01:34.280+0000] {logging_mixin.py:188} INFO - [2024-02-21T20:01:34.279+0000] {dag.py:3036} INFO - Sync 2 DAGs
[2024-02-21T20:01:34.293+0000] {logging_mixin.py:188} INFO - [2024-02-21T20:01:34.293+0000] {dag.py:3823} INFO - Setting next_dagrun for example_xcom_args to None, run_after=None
[2024-02-21T20:01:34.297+0000] {logging_mixin.py:188} INFO - [2024-02-21T20:01:34.297+0000] {dag.py:3823} INFO - Setting next_dagrun for example_xcom_args_with_operators to None, run_after=None
[2024-02-21T20:01:34.320+0000] {processor.py:183} INFO - Processing /home/airflow/.local/lib/python3.8/site-packages/airflow/example_dags/example_xcomargs.py took 0.080 seconds
[2024-02-21T20:02:04.489+0000] {processor.py:161} INFO - Started process (PID=1381) to work on /home/airflow/.local/lib/python3.8/site-packages/airflow/example_dags/example_xcomargs.py
[2024-02-21T20:02:04.490+0000] {processor.py:830} INFO - Processing file /home/airflow/.local/lib/python3.8/site-packages/airflow/example_dags/example_xcomargs.py for tasks to queue
[2024-02-21T20:02:04.491+0000] {logging_mixin.py:188} INFO - [2024-02-21T20:02:04.491+0000] {dagbag.py:538} INFO - Filling up the DagBag from /home/airflow/.local/lib/python3.8/site-packages/airflow/example_dags/example_xcomargs.py
[2024-02-21T20:02:04.498+0000] {processor.py:840} INFO - DAG(s) 'example_xcom_args', 'example_xcom_args_with_operators' retrieved from /home/airflow/.local/lib/python3.8/site-packages/airflow/example_dags/example_xcomargs.py
[2024-02-21T20:02:04.520+0000] {logging_mixin.py:188} INFO - [2024-02-21T20:02:04.520+0000] {dag.py:3036} INFO - Sync 2 DAGs
[2024-02-21T20:02:04.533+0000] {logging_mixin.py:188} INFO - [2024-02-21T20:02:04.532+0000] {dag.py:3823} INFO - Setting next_dagrun for example_xcom_args to None, run_after=None
[2024-02-21T20:02:04.537+0000] {logging_mixin.py:188} INFO - [2024-02-21T20:02:04.537+0000] {dag.py:3823} INFO - Setting next_dagrun for example_xcom_args_with_operators to None, run_after=None
[2024-02-21T20:02:04.557+0000] {processor.py:183} INFO - Processing /home/airflow/.local/lib/python3.8/site-packages/airflow/example_dags/example_xcomargs.py took 0.071 seconds
