[2024-02-21T19:49:43.050+0000] {processor.py:161} INFO - Started process (PID=47) to work on /home/airflow/.local/lib/python3.8/site-packages/airflow/example_dags/example_task_group_decorator.py
[2024-02-21T19:49:43.052+0000] {processor.py:830} INFO - Processing file /home/airflow/.local/lib/python3.8/site-packages/airflow/example_dags/example_task_group_decorator.py for tasks to queue
[2024-02-21T19:49:43.055+0000] {logging_mixin.py:188} INFO - [2024-02-21T19:49:43.054+0000] {dagbag.py:538} INFO - Filling up the DagBag from /home/airflow/.local/lib/python3.8/site-packages/airflow/example_dags/example_task_group_decorator.py
[2024-02-21T19:49:43.184+0000] {processor.py:840} INFO - DAG(s) 'example_task_group_decorator' retrieved from /home/airflow/.local/lib/python3.8/site-packages/airflow/example_dags/example_task_group_decorator.py
[2024-02-21T19:49:44.335+0000] {logging_mixin.py:188} INFO - [2024-02-21T19:49:44.335+0000] {dag.py:3036} INFO - Sync 1 DAGs
[2024-02-21T19:49:44.609+0000] {logging_mixin.py:188} INFO - [2024-02-21T19:49:44.608+0000] {dag.py:3823} INFO - Setting next_dagrun for example_task_group_decorator to 2024-02-20 00:00:00+00:00, run_after=2024-02-21 00:00:00+00:00
[2024-02-21T19:49:44.905+0000] {processor.py:183} INFO - Processing /home/airflow/.local/lib/python3.8/site-packages/airflow/example_dags/example_task_group_decorator.py took 1.861 seconds
[2024-02-21T19:50:15.526+0000] {processor.py:161} INFO - Started process (PID=102) to work on /home/airflow/.local/lib/python3.8/site-packages/airflow/example_dags/example_task_group_decorator.py
[2024-02-21T19:50:15.528+0000] {processor.py:830} INFO - Processing file /home/airflow/.local/lib/python3.8/site-packages/airflow/example_dags/example_task_group_decorator.py for tasks to queue
[2024-02-21T19:50:15.529+0000] {logging_mixin.py:188} INFO - [2024-02-21T19:50:15.529+0000] {dagbag.py:538} INFO - Filling up the DagBag from /home/airflow/.local/lib/python3.8/site-packages/airflow/example_dags/example_task_group_decorator.py
[2024-02-21T19:50:15.546+0000] {processor.py:840} INFO - DAG(s) 'example_task_group_decorator' retrieved from /home/airflow/.local/lib/python3.8/site-packages/airflow/example_dags/example_task_group_decorator.py
[2024-02-21T19:50:15.613+0000] {logging_mixin.py:188} INFO - [2024-02-21T19:50:15.613+0000] {dag.py:3036} INFO - Sync 1 DAGs
[2024-02-21T19:50:15.684+0000] {logging_mixin.py:188} INFO - [2024-02-21T19:50:15.684+0000] {dag.py:3823} INFO - Setting next_dagrun for example_task_group_decorator to 2024-02-20 00:00:00+00:00, run_after=2024-02-21 00:00:00+00:00
[2024-02-21T19:50:15.712+0000] {processor.py:183} INFO - Processing /home/airflow/.local/lib/python3.8/site-packages/airflow/example_dags/example_task_group_decorator.py took 0.189 seconds
[2024-02-21T19:50:46.222+0000] {processor.py:161} INFO - Started process (PID=157) to work on /home/airflow/.local/lib/python3.8/site-packages/airflow/example_dags/example_task_group_decorator.py
[2024-02-21T19:50:46.223+0000] {processor.py:830} INFO - Processing file /home/airflow/.local/lib/python3.8/site-packages/airflow/example_dags/example_task_group_decorator.py for tasks to queue
[2024-02-21T19:50:46.225+0000] {logging_mixin.py:188} INFO - [2024-02-21T19:50:46.225+0000] {dagbag.py:538} INFO - Filling up the DagBag from /home/airflow/.local/lib/python3.8/site-packages/airflow/example_dags/example_task_group_decorator.py
[2024-02-21T19:50:46.239+0000] {processor.py:840} INFO - DAG(s) 'example_task_group_decorator' retrieved from /home/airflow/.local/lib/python3.8/site-packages/airflow/example_dags/example_task_group_decorator.py
[2024-02-21T19:50:46.263+0000] {logging_mixin.py:188} INFO - [2024-02-21T19:50:46.263+0000] {dag.py:3036} INFO - Sync 1 DAGs
[2024-02-21T19:50:46.285+0000] {logging_mixin.py:188} INFO - [2024-02-21T19:50:46.285+0000] {dag.py:3823} INFO - Setting next_dagrun for example_task_group_decorator to 2024-02-20 00:00:00+00:00, run_after=2024-02-21 00:00:00+00:00
[2024-02-21T19:50:46.304+0000] {processor.py:183} INFO - Processing /home/airflow/.local/lib/python3.8/site-packages/airflow/example_dags/example_task_group_decorator.py took 0.086 seconds
[2024-02-21T19:51:16.582+0000] {processor.py:161} INFO - Started process (PID=212) to work on /home/airflow/.local/lib/python3.8/site-packages/airflow/example_dags/example_task_group_decorator.py
[2024-02-21T19:51:16.583+0000] {processor.py:830} INFO - Processing file /home/airflow/.local/lib/python3.8/site-packages/airflow/example_dags/example_task_group_decorator.py for tasks to queue
[2024-02-21T19:51:16.585+0000] {logging_mixin.py:188} INFO - [2024-02-21T19:51:16.584+0000] {dagbag.py:538} INFO - Filling up the DagBag from /home/airflow/.local/lib/python3.8/site-packages/airflow/example_dags/example_task_group_decorator.py
[2024-02-21T19:51:16.598+0000] {processor.py:840} INFO - DAG(s) 'example_task_group_decorator' retrieved from /home/airflow/.local/lib/python3.8/site-packages/airflow/example_dags/example_task_group_decorator.py
[2024-02-21T19:51:16.623+0000] {logging_mixin.py:188} INFO - [2024-02-21T19:51:16.623+0000] {dag.py:3036} INFO - Sync 1 DAGs
[2024-02-21T19:51:16.643+0000] {logging_mixin.py:188} INFO - [2024-02-21T19:51:16.643+0000] {dag.py:3823} INFO - Setting next_dagrun for example_task_group_decorator to 2024-02-20 00:00:00+00:00, run_after=2024-02-21 00:00:00+00:00
[2024-02-21T19:51:16.664+0000] {processor.py:183} INFO - Processing /home/airflow/.local/lib/python3.8/site-packages/airflow/example_dags/example_task_group_decorator.py took 0.085 seconds
[2024-02-21T19:51:47.148+0000] {processor.py:161} INFO - Started process (PID=267) to work on /home/airflow/.local/lib/python3.8/site-packages/airflow/example_dags/example_task_group_decorator.py
[2024-02-21T19:51:47.180+0000] {processor.py:830} INFO - Processing file /home/airflow/.local/lib/python3.8/site-packages/airflow/example_dags/example_task_group_decorator.py for tasks to queue
[2024-02-21T19:51:47.181+0000] {logging_mixin.py:188} INFO - [2024-02-21T19:51:47.181+0000] {dagbag.py:538} INFO - Filling up the DagBag from /home/airflow/.local/lib/python3.8/site-packages/airflow/example_dags/example_task_group_decorator.py
[2024-02-21T19:51:47.195+0000] {processor.py:840} INFO - DAG(s) 'example_task_group_decorator' retrieved from /home/airflow/.local/lib/python3.8/site-packages/airflow/example_dags/example_task_group_decorator.py
[2024-02-21T19:51:47.217+0000] {logging_mixin.py:188} INFO - [2024-02-21T19:51:47.217+0000] {dag.py:3036} INFO - Sync 1 DAGs
[2024-02-21T19:51:47.239+0000] {logging_mixin.py:188} INFO - [2024-02-21T19:51:47.239+0000] {dag.py:3823} INFO - Setting next_dagrun for example_task_group_decorator to 2024-02-20 00:00:00+00:00, run_after=2024-02-21 00:00:00+00:00
[2024-02-21T19:51:47.258+0000] {processor.py:183} INFO - Processing /home/airflow/.local/lib/python3.8/site-packages/airflow/example_dags/example_task_group_decorator.py took 0.114 seconds
[2024-02-21T19:52:17.330+0000] {processor.py:161} INFO - Started process (PID=322) to work on /home/airflow/.local/lib/python3.8/site-packages/airflow/example_dags/example_task_group_decorator.py
[2024-02-21T19:52:17.332+0000] {processor.py:830} INFO - Processing file /home/airflow/.local/lib/python3.8/site-packages/airflow/example_dags/example_task_group_decorator.py for tasks to queue
[2024-02-21T19:52:17.334+0000] {logging_mixin.py:188} INFO - [2024-02-21T19:52:17.334+0000] {dagbag.py:538} INFO - Filling up the DagBag from /home/airflow/.local/lib/python3.8/site-packages/airflow/example_dags/example_task_group_decorator.py
[2024-02-21T19:52:17.354+0000] {processor.py:840} INFO - DAG(s) 'example_task_group_decorator' retrieved from /home/airflow/.local/lib/python3.8/site-packages/airflow/example_dags/example_task_group_decorator.py
[2024-02-21T19:52:17.381+0000] {logging_mixin.py:188} INFO - [2024-02-21T19:52:17.380+0000] {dag.py:3036} INFO - Sync 1 DAGs
[2024-02-21T19:52:17.404+0000] {logging_mixin.py:188} INFO - [2024-02-21T19:52:17.404+0000] {dag.py:3823} INFO - Setting next_dagrun for example_task_group_decorator to 2024-02-20 00:00:00+00:00, run_after=2024-02-21 00:00:00+00:00
[2024-02-21T19:52:17.427+0000] {processor.py:183} INFO - Processing /home/airflow/.local/lib/python3.8/site-packages/airflow/example_dags/example_task_group_decorator.py took 0.101 seconds
[2024-02-21T19:52:47.583+0000] {processor.py:161} INFO - Started process (PID=377) to work on /home/airflow/.local/lib/python3.8/site-packages/airflow/example_dags/example_task_group_decorator.py
[2024-02-21T19:52:47.584+0000] {processor.py:830} INFO - Processing file /home/airflow/.local/lib/python3.8/site-packages/airflow/example_dags/example_task_group_decorator.py for tasks to queue
[2024-02-21T19:52:47.587+0000] {logging_mixin.py:188} INFO - [2024-02-21T19:52:47.586+0000] {dagbag.py:538} INFO - Filling up the DagBag from /home/airflow/.local/lib/python3.8/site-packages/airflow/example_dags/example_task_group_decorator.py
[2024-02-21T19:52:47.600+0000] {processor.py:840} INFO - DAG(s) 'example_task_group_decorator' retrieved from /home/airflow/.local/lib/python3.8/site-packages/airflow/example_dags/example_task_group_decorator.py
[2024-02-21T19:52:47.624+0000] {logging_mixin.py:188} INFO - [2024-02-21T19:52:47.624+0000] {dag.py:3036} INFO - Sync 1 DAGs
[2024-02-21T19:52:47.647+0000] {logging_mixin.py:188} INFO - [2024-02-21T19:52:47.646+0000] {dag.py:3823} INFO - Setting next_dagrun for example_task_group_decorator to 2024-02-20 00:00:00+00:00, run_after=2024-02-21 00:00:00+00:00
[2024-02-21T19:52:47.666+0000] {processor.py:183} INFO - Processing /home/airflow/.local/lib/python3.8/site-packages/airflow/example_dags/example_task_group_decorator.py took 0.086 seconds
[2024-02-21T19:53:18.142+0000] {processor.py:161} INFO - Started process (PID=432) to work on /home/airflow/.local/lib/python3.8/site-packages/airflow/example_dags/example_task_group_decorator.py
[2024-02-21T19:53:18.229+0000] {processor.py:830} INFO - Processing file /home/airflow/.local/lib/python3.8/site-packages/airflow/example_dags/example_task_group_decorator.py for tasks to queue
[2024-02-21T19:53:18.232+0000] {logging_mixin.py:188} INFO - [2024-02-21T19:53:18.231+0000] {dagbag.py:538} INFO - Filling up the DagBag from /home/airflow/.local/lib/python3.8/site-packages/airflow/example_dags/example_task_group_decorator.py
[2024-02-21T19:53:18.249+0000] {processor.py:840} INFO - DAG(s) 'example_task_group_decorator' retrieved from /home/airflow/.local/lib/python3.8/site-packages/airflow/example_dags/example_task_group_decorator.py
[2024-02-21T19:53:18.289+0000] {logging_mixin.py:188} INFO - [2024-02-21T19:53:18.288+0000] {dag.py:3036} INFO - Sync 1 DAGs
[2024-02-21T19:53:18.350+0000] {logging_mixin.py:188} INFO - [2024-02-21T19:53:18.350+0000] {dag.py:3823} INFO - Setting next_dagrun for example_task_group_decorator to 2024-02-20 00:00:00+00:00, run_after=2024-02-21 00:00:00+00:00
[2024-02-21T19:53:18.399+0000] {processor.py:183} INFO - Processing /home/airflow/.local/lib/python3.8/site-packages/airflow/example_dags/example_task_group_decorator.py took 0.264 seconds
[2024-02-21T19:53:48.471+0000] {processor.py:161} INFO - Started process (PID=487) to work on /home/airflow/.local/lib/python3.8/site-packages/airflow/example_dags/example_task_group_decorator.py
[2024-02-21T19:53:48.472+0000] {processor.py:830} INFO - Processing file /home/airflow/.local/lib/python3.8/site-packages/airflow/example_dags/example_task_group_decorator.py for tasks to queue
[2024-02-21T19:53:48.474+0000] {logging_mixin.py:188} INFO - [2024-02-21T19:53:48.473+0000] {dagbag.py:538} INFO - Filling up the DagBag from /home/airflow/.local/lib/python3.8/site-packages/airflow/example_dags/example_task_group_decorator.py
[2024-02-21T19:53:48.490+0000] {processor.py:840} INFO - DAG(s) 'example_task_group_decorator' retrieved from /home/airflow/.local/lib/python3.8/site-packages/airflow/example_dags/example_task_group_decorator.py
[2024-02-21T19:53:48.515+0000] {logging_mixin.py:188} INFO - [2024-02-21T19:53:48.514+0000] {dag.py:3036} INFO - Sync 1 DAGs
[2024-02-21T19:53:48.536+0000] {logging_mixin.py:188} INFO - [2024-02-21T19:53:48.536+0000] {dag.py:3823} INFO - Setting next_dagrun for example_task_group_decorator to 2024-02-20 00:00:00+00:00, run_after=2024-02-21 00:00:00+00:00
[2024-02-21T19:53:48.554+0000] {processor.py:183} INFO - Processing /home/airflow/.local/lib/python3.8/site-packages/airflow/example_dags/example_task_group_decorator.py took 0.087 seconds
[2024-02-21T19:54:18.889+0000] {processor.py:161} INFO - Started process (PID=542) to work on /home/airflow/.local/lib/python3.8/site-packages/airflow/example_dags/example_task_group_decorator.py
[2024-02-21T19:54:18.890+0000] {processor.py:830} INFO - Processing file /home/airflow/.local/lib/python3.8/site-packages/airflow/example_dags/example_task_group_decorator.py for tasks to queue
[2024-02-21T19:54:18.892+0000] {logging_mixin.py:188} INFO - [2024-02-21T19:54:18.892+0000] {dagbag.py:538} INFO - Filling up the DagBag from /home/airflow/.local/lib/python3.8/site-packages/airflow/example_dags/example_task_group_decorator.py
[2024-02-21T19:54:18.913+0000] {processor.py:840} INFO - DAG(s) 'example_task_group_decorator' retrieved from /home/airflow/.local/lib/python3.8/site-packages/airflow/example_dags/example_task_group_decorator.py
[2024-02-21T19:54:18.937+0000] {logging_mixin.py:188} INFO - [2024-02-21T19:54:18.937+0000] {dag.py:3036} INFO - Sync 1 DAGs
[2024-02-21T19:54:18.976+0000] {logging_mixin.py:188} INFO - [2024-02-21T19:54:18.975+0000] {dag.py:3823} INFO - Setting next_dagrun for example_task_group_decorator to 2024-02-20 00:00:00+00:00, run_after=2024-02-21 00:00:00+00:00
[2024-02-21T19:54:19.003+0000] {processor.py:183} INFO - Processing /home/airflow/.local/lib/python3.8/site-packages/airflow/example_dags/example_task_group_decorator.py took 0.118 seconds
[2024-02-21T19:54:49.286+0000] {processor.py:161} INFO - Started process (PID=597) to work on /home/airflow/.local/lib/python3.8/site-packages/airflow/example_dags/example_task_group_decorator.py
[2024-02-21T19:54:49.288+0000] {processor.py:830} INFO - Processing file /home/airflow/.local/lib/python3.8/site-packages/airflow/example_dags/example_task_group_decorator.py for tasks to queue
[2024-02-21T19:54:49.290+0000] {logging_mixin.py:188} INFO - [2024-02-21T19:54:49.290+0000] {dagbag.py:538} INFO - Filling up the DagBag from /home/airflow/.local/lib/python3.8/site-packages/airflow/example_dags/example_task_group_decorator.py
[2024-02-21T19:54:49.306+0000] {processor.py:840} INFO - DAG(s) 'example_task_group_decorator' retrieved from /home/airflow/.local/lib/python3.8/site-packages/airflow/example_dags/example_task_group_decorator.py
[2024-02-21T19:54:49.334+0000] {logging_mixin.py:188} INFO - [2024-02-21T19:54:49.334+0000] {dag.py:3036} INFO - Sync 1 DAGs
[2024-02-21T19:54:49.370+0000] {logging_mixin.py:188} INFO - [2024-02-21T19:54:49.369+0000] {dag.py:3823} INFO - Setting next_dagrun for example_task_group_decorator to 2024-02-20 00:00:00+00:00, run_after=2024-02-21 00:00:00+00:00
[2024-02-21T19:54:49.391+0000] {processor.py:183} INFO - Processing /home/airflow/.local/lib/python3.8/site-packages/airflow/example_dags/example_task_group_decorator.py took 0.108 seconds
[2024-02-21T19:55:19.906+0000] {processor.py:161} INFO - Started process (PID=652) to work on /home/airflow/.local/lib/python3.8/site-packages/airflow/example_dags/example_task_group_decorator.py
[2024-02-21T19:55:19.907+0000] {processor.py:830} INFO - Processing file /home/airflow/.local/lib/python3.8/site-packages/airflow/example_dags/example_task_group_decorator.py for tasks to queue
[2024-02-21T19:55:19.911+0000] {logging_mixin.py:188} INFO - [2024-02-21T19:55:19.910+0000] {dagbag.py:538} INFO - Filling up the DagBag from /home/airflow/.local/lib/python3.8/site-packages/airflow/example_dags/example_task_group_decorator.py
[2024-02-21T19:55:19.929+0000] {processor.py:840} INFO - DAG(s) 'example_task_group_decorator' retrieved from /home/airflow/.local/lib/python3.8/site-packages/airflow/example_dags/example_task_group_decorator.py
[2024-02-21T19:55:19.963+0000] {logging_mixin.py:188} INFO - [2024-02-21T19:55:19.963+0000] {dag.py:3036} INFO - Sync 1 DAGs
[2024-02-21T19:55:19.996+0000] {logging_mixin.py:188} INFO - [2024-02-21T19:55:19.996+0000] {dag.py:3823} INFO - Setting next_dagrun for example_task_group_decorator to 2024-02-20 00:00:00+00:00, run_after=2024-02-21 00:00:00+00:00
[2024-02-21T19:55:20.020+0000] {processor.py:183} INFO - Processing /home/airflow/.local/lib/python3.8/site-packages/airflow/example_dags/example_task_group_decorator.py took 0.119 seconds
[2024-02-21T19:55:50.081+0000] {processor.py:161} INFO - Started process (PID=707) to work on /home/airflow/.local/lib/python3.8/site-packages/airflow/example_dags/example_task_group_decorator.py
[2024-02-21T19:55:50.082+0000] {processor.py:830} INFO - Processing file /home/airflow/.local/lib/python3.8/site-packages/airflow/example_dags/example_task_group_decorator.py for tasks to queue
[2024-02-21T19:55:50.084+0000] {logging_mixin.py:188} INFO - [2024-02-21T19:55:50.084+0000] {dagbag.py:538} INFO - Filling up the DagBag from /home/airflow/.local/lib/python3.8/site-packages/airflow/example_dags/example_task_group_decorator.py
[2024-02-21T19:55:50.102+0000] {processor.py:840} INFO - DAG(s) 'example_task_group_decorator' retrieved from /home/airflow/.local/lib/python3.8/site-packages/airflow/example_dags/example_task_group_decorator.py
[2024-02-21T19:55:50.129+0000] {logging_mixin.py:188} INFO - [2024-02-21T19:55:50.128+0000] {dag.py:3036} INFO - Sync 1 DAGs
[2024-02-21T19:55:50.150+0000] {logging_mixin.py:188} INFO - [2024-02-21T19:55:50.150+0000] {dag.py:3823} INFO - Setting next_dagrun for example_task_group_decorator to 2024-02-20 00:00:00+00:00, run_after=2024-02-21 00:00:00+00:00
[2024-02-21T19:55:50.169+0000] {processor.py:183} INFO - Processing /home/airflow/.local/lib/python3.8/site-packages/airflow/example_dags/example_task_group_decorator.py took 0.093 seconds
[2024-02-21T19:56:20.267+0000] {processor.py:161} INFO - Started process (PID=761) to work on /home/airflow/.local/lib/python3.8/site-packages/airflow/example_dags/example_task_group_decorator.py
[2024-02-21T19:56:20.268+0000] {processor.py:830} INFO - Processing file /home/airflow/.local/lib/python3.8/site-packages/airflow/example_dags/example_task_group_decorator.py for tasks to queue
[2024-02-21T19:56:20.270+0000] {logging_mixin.py:188} INFO - [2024-02-21T19:56:20.269+0000] {dagbag.py:538} INFO - Filling up the DagBag from /home/airflow/.local/lib/python3.8/site-packages/airflow/example_dags/example_task_group_decorator.py
[2024-02-21T19:56:20.285+0000] {processor.py:840} INFO - DAG(s) 'example_task_group_decorator' retrieved from /home/airflow/.local/lib/python3.8/site-packages/airflow/example_dags/example_task_group_decorator.py
[2024-02-21T19:56:20.310+0000] {logging_mixin.py:188} INFO - [2024-02-21T19:56:20.310+0000] {dag.py:3036} INFO - Sync 1 DAGs
[2024-02-21T19:56:20.332+0000] {logging_mixin.py:188} INFO - [2024-02-21T19:56:20.331+0000] {dag.py:3823} INFO - Setting next_dagrun for example_task_group_decorator to 2024-02-20 00:00:00+00:00, run_after=2024-02-21 00:00:00+00:00
[2024-02-21T19:56:20.354+0000] {processor.py:183} INFO - Processing /home/airflow/.local/lib/python3.8/site-packages/airflow/example_dags/example_task_group_decorator.py took 0.091 seconds
[2024-02-21T19:56:50.488+0000] {processor.py:161} INFO - Started process (PID=816) to work on /home/airflow/.local/lib/python3.8/site-packages/airflow/example_dags/example_task_group_decorator.py
[2024-02-21T19:56:50.491+0000] {processor.py:830} INFO - Processing file /home/airflow/.local/lib/python3.8/site-packages/airflow/example_dags/example_task_group_decorator.py for tasks to queue
[2024-02-21T19:56:50.494+0000] {logging_mixin.py:188} INFO - [2024-02-21T19:56:50.493+0000] {dagbag.py:538} INFO - Filling up the DagBag from /home/airflow/.local/lib/python3.8/site-packages/airflow/example_dags/example_task_group_decorator.py
[2024-02-21T19:56:50.526+0000] {processor.py:840} INFO - DAG(s) 'example_task_group_decorator' retrieved from /home/airflow/.local/lib/python3.8/site-packages/airflow/example_dags/example_task_group_decorator.py
[2024-02-21T19:56:50.562+0000] {logging_mixin.py:188} INFO - [2024-02-21T19:56:50.561+0000] {dag.py:3036} INFO - Sync 1 DAGs
[2024-02-21T19:56:50.590+0000] {logging_mixin.py:188} INFO - [2024-02-21T19:56:50.590+0000] {dag.py:3823} INFO - Setting next_dagrun for example_task_group_decorator to 2024-02-20 00:00:00+00:00, run_after=2024-02-21 00:00:00+00:00
[2024-02-21T19:56:50.615+0000] {processor.py:183} INFO - Processing /home/airflow/.local/lib/python3.8/site-packages/airflow/example_dags/example_task_group_decorator.py took 0.133 seconds
[2024-02-21T19:57:20.823+0000] {processor.py:161} INFO - Started process (PID=871) to work on /home/airflow/.local/lib/python3.8/site-packages/airflow/example_dags/example_task_group_decorator.py
[2024-02-21T19:57:20.824+0000] {processor.py:830} INFO - Processing file /home/airflow/.local/lib/python3.8/site-packages/airflow/example_dags/example_task_group_decorator.py for tasks to queue
[2024-02-21T19:57:20.825+0000] {logging_mixin.py:188} INFO - [2024-02-21T19:57:20.825+0000] {dagbag.py:538} INFO - Filling up the DagBag from /home/airflow/.local/lib/python3.8/site-packages/airflow/example_dags/example_task_group_decorator.py
[2024-02-21T19:57:20.839+0000] {processor.py:840} INFO - DAG(s) 'example_task_group_decorator' retrieved from /home/airflow/.local/lib/python3.8/site-packages/airflow/example_dags/example_task_group_decorator.py
[2024-02-21T19:57:20.865+0000] {logging_mixin.py:188} INFO - [2024-02-21T19:57:20.864+0000] {dag.py:3036} INFO - Sync 1 DAGs
[2024-02-21T19:57:20.888+0000] {logging_mixin.py:188} INFO - [2024-02-21T19:57:20.888+0000] {dag.py:3823} INFO - Setting next_dagrun for example_task_group_decorator to 2024-02-20 00:00:00+00:00, run_after=2024-02-21 00:00:00+00:00
[2024-02-21T19:57:20.907+0000] {processor.py:183} INFO - Processing /home/airflow/.local/lib/python3.8/site-packages/airflow/example_dags/example_task_group_decorator.py took 0.087 seconds
[2024-02-21T19:57:51.355+0000] {processor.py:161} INFO - Started process (PID=926) to work on /home/airflow/.local/lib/python3.8/site-packages/airflow/example_dags/example_task_group_decorator.py
[2024-02-21T19:57:51.356+0000] {processor.py:830} INFO - Processing file /home/airflow/.local/lib/python3.8/site-packages/airflow/example_dags/example_task_group_decorator.py for tasks to queue
[2024-02-21T19:57:51.359+0000] {logging_mixin.py:188} INFO - [2024-02-21T19:57:51.358+0000] {dagbag.py:538} INFO - Filling up the DagBag from /home/airflow/.local/lib/python3.8/site-packages/airflow/example_dags/example_task_group_decorator.py
[2024-02-21T19:57:51.376+0000] {processor.py:840} INFO - DAG(s) 'example_task_group_decorator' retrieved from /home/airflow/.local/lib/python3.8/site-packages/airflow/example_dags/example_task_group_decorator.py
[2024-02-21T19:57:51.412+0000] {logging_mixin.py:188} INFO - [2024-02-21T19:57:51.412+0000] {dag.py:3036} INFO - Sync 1 DAGs
[2024-02-21T19:57:51.438+0000] {logging_mixin.py:188} INFO - [2024-02-21T19:57:51.437+0000] {dag.py:3823} INFO - Setting next_dagrun for example_task_group_decorator to 2024-02-20 00:00:00+00:00, run_after=2024-02-21 00:00:00+00:00
[2024-02-21T19:57:51.463+0000] {processor.py:183} INFO - Processing /home/airflow/.local/lib/python3.8/site-packages/airflow/example_dags/example_task_group_decorator.py took 0.112 seconds
[2024-02-21T19:58:21.784+0000] {processor.py:161} INFO - Started process (PID=981) to work on /home/airflow/.local/lib/python3.8/site-packages/airflow/example_dags/example_task_group_decorator.py
[2024-02-21T19:58:21.786+0000] {processor.py:830} INFO - Processing file /home/airflow/.local/lib/python3.8/site-packages/airflow/example_dags/example_task_group_decorator.py for tasks to queue
[2024-02-21T19:58:21.788+0000] {logging_mixin.py:188} INFO - [2024-02-21T19:58:21.787+0000] {dagbag.py:538} INFO - Filling up the DagBag from /home/airflow/.local/lib/python3.8/site-packages/airflow/example_dags/example_task_group_decorator.py
[2024-02-21T19:58:21.805+0000] {processor.py:840} INFO - DAG(s) 'example_task_group_decorator' retrieved from /home/airflow/.local/lib/python3.8/site-packages/airflow/example_dags/example_task_group_decorator.py
[2024-02-21T19:58:21.838+0000] {logging_mixin.py:188} INFO - [2024-02-21T19:58:21.837+0000] {dag.py:3036} INFO - Sync 1 DAGs
[2024-02-21T19:58:21.877+0000] {logging_mixin.py:188} INFO - [2024-02-21T19:58:21.877+0000] {dag.py:3823} INFO - Setting next_dagrun for example_task_group_decorator to 2024-02-20 00:00:00+00:00, run_after=2024-02-21 00:00:00+00:00
[2024-02-21T19:58:21.910+0000] {processor.py:183} INFO - Processing /home/airflow/.local/lib/python3.8/site-packages/airflow/example_dags/example_task_group_decorator.py took 0.129 seconds
[2024-02-21T19:58:52.219+0000] {processor.py:161} INFO - Started process (PID=1036) to work on /home/airflow/.local/lib/python3.8/site-packages/airflow/example_dags/example_task_group_decorator.py
[2024-02-21T19:58:52.220+0000] {processor.py:830} INFO - Processing file /home/airflow/.local/lib/python3.8/site-packages/airflow/example_dags/example_task_group_decorator.py for tasks to queue
[2024-02-21T19:58:52.222+0000] {logging_mixin.py:188} INFO - [2024-02-21T19:58:52.222+0000] {dagbag.py:538} INFO - Filling up the DagBag from /home/airflow/.local/lib/python3.8/site-packages/airflow/example_dags/example_task_group_decorator.py
[2024-02-21T19:58:52.237+0000] {processor.py:840} INFO - DAG(s) 'example_task_group_decorator' retrieved from /home/airflow/.local/lib/python3.8/site-packages/airflow/example_dags/example_task_group_decorator.py
[2024-02-21T19:58:52.264+0000] {logging_mixin.py:188} INFO - [2024-02-21T19:58:52.263+0000] {dag.py:3036} INFO - Sync 1 DAGs
[2024-02-21T19:58:52.287+0000] {logging_mixin.py:188} INFO - [2024-02-21T19:58:52.287+0000] {dag.py:3823} INFO - Setting next_dagrun for example_task_group_decorator to 2024-02-20 00:00:00+00:00, run_after=2024-02-21 00:00:00+00:00
[2024-02-21T19:58:52.307+0000] {processor.py:183} INFO - Processing /home/airflow/.local/lib/python3.8/site-packages/airflow/example_dags/example_task_group_decorator.py took 0.092 seconds
[2024-02-21T19:59:22.679+0000] {processor.py:161} INFO - Started process (PID=1091) to work on /home/airflow/.local/lib/python3.8/site-packages/airflow/example_dags/example_task_group_decorator.py
[2024-02-21T19:59:22.680+0000] {processor.py:830} INFO - Processing file /home/airflow/.local/lib/python3.8/site-packages/airflow/example_dags/example_task_group_decorator.py for tasks to queue
[2024-02-21T19:59:22.682+0000] {logging_mixin.py:188} INFO - [2024-02-21T19:59:22.682+0000] {dagbag.py:538} INFO - Filling up the DagBag from /home/airflow/.local/lib/python3.8/site-packages/airflow/example_dags/example_task_group_decorator.py
[2024-02-21T19:59:22.696+0000] {processor.py:840} INFO - DAG(s) 'example_task_group_decorator' retrieved from /home/airflow/.local/lib/python3.8/site-packages/airflow/example_dags/example_task_group_decorator.py
[2024-02-21T19:59:22.720+0000] {logging_mixin.py:188} INFO - [2024-02-21T19:59:22.719+0000] {dag.py:3036} INFO - Sync 1 DAGs
[2024-02-21T19:59:22.741+0000] {logging_mixin.py:188} INFO - [2024-02-21T19:59:22.741+0000] {dag.py:3823} INFO - Setting next_dagrun for example_task_group_decorator to 2024-02-20 00:00:00+00:00, run_after=2024-02-21 00:00:00+00:00
[2024-02-21T19:59:22.760+0000] {processor.py:183} INFO - Processing /home/airflow/.local/lib/python3.8/site-packages/airflow/example_dags/example_task_group_decorator.py took 0.084 seconds
[2024-02-21T19:59:53.192+0000] {processor.py:161} INFO - Started process (PID=1146) to work on /home/airflow/.local/lib/python3.8/site-packages/airflow/example_dags/example_task_group_decorator.py
[2024-02-21T19:59:53.193+0000] {processor.py:830} INFO - Processing file /home/airflow/.local/lib/python3.8/site-packages/airflow/example_dags/example_task_group_decorator.py for tasks to queue
[2024-02-21T19:59:53.196+0000] {logging_mixin.py:188} INFO - [2024-02-21T19:59:53.196+0000] {dagbag.py:538} INFO - Filling up the DagBag from /home/airflow/.local/lib/python3.8/site-packages/airflow/example_dags/example_task_group_decorator.py
[2024-02-21T19:59:53.221+0000] {processor.py:840} INFO - DAG(s) 'example_task_group_decorator' retrieved from /home/airflow/.local/lib/python3.8/site-packages/airflow/example_dags/example_task_group_decorator.py
[2024-02-21T19:59:53.271+0000] {logging_mixin.py:188} INFO - [2024-02-21T19:59:53.270+0000] {dag.py:3036} INFO - Sync 1 DAGs
[2024-02-21T19:59:53.296+0000] {logging_mixin.py:188} INFO - [2024-02-21T19:59:53.295+0000] {dag.py:3823} INFO - Setting next_dagrun for example_task_group_decorator to 2024-02-20 00:00:00+00:00, run_after=2024-02-21 00:00:00+00:00
[2024-02-21T19:59:53.319+0000] {processor.py:183} INFO - Processing /home/airflow/.local/lib/python3.8/site-packages/airflow/example_dags/example_task_group_decorator.py took 0.131 seconds
[2024-02-21T20:00:23.612+0000] {processor.py:161} INFO - Started process (PID=1201) to work on /home/airflow/.local/lib/python3.8/site-packages/airflow/example_dags/example_task_group_decorator.py
[2024-02-21T20:00:23.613+0000] {processor.py:830} INFO - Processing file /home/airflow/.local/lib/python3.8/site-packages/airflow/example_dags/example_task_group_decorator.py for tasks to queue
[2024-02-21T20:00:23.615+0000] {logging_mixin.py:188} INFO - [2024-02-21T20:00:23.615+0000] {dagbag.py:538} INFO - Filling up the DagBag from /home/airflow/.local/lib/python3.8/site-packages/airflow/example_dags/example_task_group_decorator.py
[2024-02-21T20:00:23.629+0000] {processor.py:840} INFO - DAG(s) 'example_task_group_decorator' retrieved from /home/airflow/.local/lib/python3.8/site-packages/airflow/example_dags/example_task_group_decorator.py
[2024-02-21T20:00:23.654+0000] {logging_mixin.py:188} INFO - [2024-02-21T20:00:23.654+0000] {dag.py:3036} INFO - Sync 1 DAGs
[2024-02-21T20:00:23.676+0000] {logging_mixin.py:188} INFO - [2024-02-21T20:00:23.676+0000] {dag.py:3823} INFO - Setting next_dagrun for example_task_group_decorator to 2024-02-20 00:00:00+00:00, run_after=2024-02-21 00:00:00+00:00
[2024-02-21T20:00:23.696+0000] {processor.py:183} INFO - Processing /home/airflow/.local/lib/python3.8/site-packages/airflow/example_dags/example_task_group_decorator.py took 0.086 seconds
[2024-02-21T20:00:54.077+0000] {processor.py:161} INFO - Started process (PID=1256) to work on /home/airflow/.local/lib/python3.8/site-packages/airflow/example_dags/example_task_group_decorator.py
[2024-02-21T20:00:54.078+0000] {processor.py:830} INFO - Processing file /home/airflow/.local/lib/python3.8/site-packages/airflow/example_dags/example_task_group_decorator.py for tasks to queue
[2024-02-21T20:00:54.080+0000] {logging_mixin.py:188} INFO - [2024-02-21T20:00:54.080+0000] {dagbag.py:538} INFO - Filling up the DagBag from /home/airflow/.local/lib/python3.8/site-packages/airflow/example_dags/example_task_group_decorator.py
[2024-02-21T20:00:54.094+0000] {processor.py:840} INFO - DAG(s) 'example_task_group_decorator' retrieved from /home/airflow/.local/lib/python3.8/site-packages/airflow/example_dags/example_task_group_decorator.py
[2024-02-21T20:00:54.117+0000] {logging_mixin.py:188} INFO - [2024-02-21T20:00:54.116+0000] {dag.py:3036} INFO - Sync 1 DAGs
[2024-02-21T20:00:54.138+0000] {logging_mixin.py:188} INFO - [2024-02-21T20:00:54.138+0000] {dag.py:3823} INFO - Setting next_dagrun for example_task_group_decorator to 2024-02-20 00:00:00+00:00, run_after=2024-02-21 00:00:00+00:00
[2024-02-21T20:00:54.160+0000] {processor.py:183} INFO - Processing /home/airflow/.local/lib/python3.8/site-packages/airflow/example_dags/example_task_group_decorator.py took 0.086 seconds
[2024-02-21T20:01:24.509+0000] {processor.py:161} INFO - Started process (PID=1311) to work on /home/airflow/.local/lib/python3.8/site-packages/airflow/example_dags/example_task_group_decorator.py
[2024-02-21T20:01:24.510+0000] {processor.py:830} INFO - Processing file /home/airflow/.local/lib/python3.8/site-packages/airflow/example_dags/example_task_group_decorator.py for tasks to queue
[2024-02-21T20:01:24.512+0000] {logging_mixin.py:188} INFO - [2024-02-21T20:01:24.512+0000] {dagbag.py:538} INFO - Filling up the DagBag from /home/airflow/.local/lib/python3.8/site-packages/airflow/example_dags/example_task_group_decorator.py
[2024-02-21T20:01:24.527+0000] {processor.py:840} INFO - DAG(s) 'example_task_group_decorator' retrieved from /home/airflow/.local/lib/python3.8/site-packages/airflow/example_dags/example_task_group_decorator.py
[2024-02-21T20:01:24.552+0000] {logging_mixin.py:188} INFO - [2024-02-21T20:01:24.552+0000] {dag.py:3036} INFO - Sync 1 DAGs
[2024-02-21T20:01:24.574+0000] {logging_mixin.py:188} INFO - [2024-02-21T20:01:24.574+0000] {dag.py:3823} INFO - Setting next_dagrun for example_task_group_decorator to 2024-02-20 00:00:00+00:00, run_after=2024-02-21 00:00:00+00:00
[2024-02-21T20:01:24.593+0000] {processor.py:183} INFO - Processing /home/airflow/.local/lib/python3.8/site-packages/airflow/example_dags/example_task_group_decorator.py took 0.087 seconds
[2024-02-21T20:01:54.817+0000] {processor.py:161} INFO - Started process (PID=1366) to work on /home/airflow/.local/lib/python3.8/site-packages/airflow/example_dags/example_task_group_decorator.py
[2024-02-21T20:01:54.818+0000] {processor.py:830} INFO - Processing file /home/airflow/.local/lib/python3.8/site-packages/airflow/example_dags/example_task_group_decorator.py for tasks to queue
[2024-02-21T20:01:54.821+0000] {logging_mixin.py:188} INFO - [2024-02-21T20:01:54.820+0000] {dagbag.py:538} INFO - Filling up the DagBag from /home/airflow/.local/lib/python3.8/site-packages/airflow/example_dags/example_task_group_decorator.py
[2024-02-21T20:01:54.835+0000] {processor.py:840} INFO - DAG(s) 'example_task_group_decorator' retrieved from /home/airflow/.local/lib/python3.8/site-packages/airflow/example_dags/example_task_group_decorator.py
[2024-02-21T20:01:54.860+0000] {logging_mixin.py:188} INFO - [2024-02-21T20:01:54.859+0000] {dag.py:3036} INFO - Sync 1 DAGs
[2024-02-21T20:01:54.882+0000] {logging_mixin.py:188} INFO - [2024-02-21T20:01:54.882+0000] {dag.py:3823} INFO - Setting next_dagrun for example_task_group_decorator to 2024-02-20 00:00:00+00:00, run_after=2024-02-21 00:00:00+00:00
[2024-02-21T20:01:54.909+0000] {processor.py:183} INFO - Processing /home/airflow/.local/lib/python3.8/site-packages/airflow/example_dags/example_task_group_decorator.py took 0.096 seconds
