[2024-02-21T19:49:56.837+0000] {processor.py:161} INFO - Started process (PID=67) to work on /home/airflow/.local/lib/python3.8/site-packages/airflow/example_dags/example_nested_branch_dag.py
[2024-02-21T19:49:56.838+0000] {processor.py:830} INFO - Processing file /home/airflow/.local/lib/python3.8/site-packages/airflow/example_dags/example_nested_branch_dag.py for tasks to queue
[2024-02-21T19:49:56.840+0000] {logging_mixin.py:188} INFO - [2024-02-21T19:49:56.839+0000] {dagbag.py:538} INFO - Filling up the DagBag from /home/airflow/.local/lib/python3.8/site-packages/airflow/example_dags/example_nested_branch_dag.py
[2024-02-21T19:49:56.850+0000] {processor.py:840} INFO - DAG(s) 'example_nested_branch_dag' retrieved from /home/airflow/.local/lib/python3.8/site-packages/airflow/example_dags/example_nested_branch_dag.py
[2024-02-21T19:49:57.178+0000] {logging_mixin.py:188} INFO - [2024-02-21T19:49:57.178+0000] {dag.py:3036} INFO - Sync 1 DAGs
[2024-02-21T19:49:57.202+0000] {logging_mixin.py:188} INFO - [2024-02-21T19:49:57.201+0000] {dag.py:3823} INFO - Setting next_dagrun for example_nested_branch_dag to 2024-02-20 00:00:00+00:00, run_after=2024-02-21 00:00:00+00:00
[2024-02-21T19:49:57.519+0000] {processor.py:183} INFO - Processing /home/airflow/.local/lib/python3.8/site-packages/airflow/example_dags/example_nested_branch_dag.py took 0.685 seconds
[2024-02-21T19:50:27.893+0000] {processor.py:161} INFO - Started process (PID=122) to work on /home/airflow/.local/lib/python3.8/site-packages/airflow/example_dags/example_nested_branch_dag.py
[2024-02-21T19:50:27.895+0000] {processor.py:830} INFO - Processing file /home/airflow/.local/lib/python3.8/site-packages/airflow/example_dags/example_nested_branch_dag.py for tasks to queue
[2024-02-21T19:50:27.898+0000] {logging_mixin.py:188} INFO - [2024-02-21T19:50:27.898+0000] {dagbag.py:538} INFO - Filling up the DagBag from /home/airflow/.local/lib/python3.8/site-packages/airflow/example_dags/example_nested_branch_dag.py
[2024-02-21T19:50:27.914+0000] {processor.py:840} INFO - DAG(s) 'example_nested_branch_dag' retrieved from /home/airflow/.local/lib/python3.8/site-packages/airflow/example_dags/example_nested_branch_dag.py
[2024-02-21T19:50:27.946+0000] {logging_mixin.py:188} INFO - [2024-02-21T19:50:27.946+0000] {dag.py:3036} INFO - Sync 1 DAGs
[2024-02-21T19:50:27.981+0000] {logging_mixin.py:188} INFO - [2024-02-21T19:50:27.981+0000] {dag.py:3823} INFO - Setting next_dagrun for example_nested_branch_dag to 2024-02-20 00:00:00+00:00, run_after=2024-02-21 00:00:00+00:00
[2024-02-21T19:50:28.006+0000] {processor.py:183} INFO - Processing /home/airflow/.local/lib/python3.8/site-packages/airflow/example_dags/example_nested_branch_dag.py took 0.116 seconds
[2024-02-21T19:50:58.179+0000] {processor.py:161} INFO - Started process (PID=177) to work on /home/airflow/.local/lib/python3.8/site-packages/airflow/example_dags/example_nested_branch_dag.py
[2024-02-21T19:50:58.180+0000] {processor.py:830} INFO - Processing file /home/airflow/.local/lib/python3.8/site-packages/airflow/example_dags/example_nested_branch_dag.py for tasks to queue
[2024-02-21T19:50:58.182+0000] {logging_mixin.py:188} INFO - [2024-02-21T19:50:58.182+0000] {dagbag.py:538} INFO - Filling up the DagBag from /home/airflow/.local/lib/python3.8/site-packages/airflow/example_dags/example_nested_branch_dag.py
[2024-02-21T19:50:58.191+0000] {processor.py:840} INFO - DAG(s) 'example_nested_branch_dag' retrieved from /home/airflow/.local/lib/python3.8/site-packages/airflow/example_dags/example_nested_branch_dag.py
[2024-02-21T19:50:58.214+0000] {logging_mixin.py:188} INFO - [2024-02-21T19:50:58.214+0000] {dag.py:3036} INFO - Sync 1 DAGs
[2024-02-21T19:50:58.238+0000] {logging_mixin.py:188} INFO - [2024-02-21T19:50:58.238+0000] {dag.py:3823} INFO - Setting next_dagrun for example_nested_branch_dag to 2024-02-20 00:00:00+00:00, run_after=2024-02-21 00:00:00+00:00
[2024-02-21T19:50:58.257+0000] {processor.py:183} INFO - Processing /home/airflow/.local/lib/python3.8/site-packages/airflow/example_dags/example_nested_branch_dag.py took 0.080 seconds
[2024-02-21T19:51:28.608+0000] {processor.py:161} INFO - Started process (PID=232) to work on /home/airflow/.local/lib/python3.8/site-packages/airflow/example_dags/example_nested_branch_dag.py
[2024-02-21T19:51:28.609+0000] {processor.py:830} INFO - Processing file /home/airflow/.local/lib/python3.8/site-packages/airflow/example_dags/example_nested_branch_dag.py for tasks to queue
[2024-02-21T19:51:28.612+0000] {logging_mixin.py:188} INFO - [2024-02-21T19:51:28.611+0000] {dagbag.py:538} INFO - Filling up the DagBag from /home/airflow/.local/lib/python3.8/site-packages/airflow/example_dags/example_nested_branch_dag.py
[2024-02-21T19:51:28.626+0000] {processor.py:840} INFO - DAG(s) 'example_nested_branch_dag' retrieved from /home/airflow/.local/lib/python3.8/site-packages/airflow/example_dags/example_nested_branch_dag.py
[2024-02-21T19:51:28.648+0000] {logging_mixin.py:188} INFO - [2024-02-21T19:51:28.648+0000] {dag.py:3036} INFO - Sync 1 DAGs
[2024-02-21T19:51:28.672+0000] {logging_mixin.py:188} INFO - [2024-02-21T19:51:28.672+0000] {dag.py:3823} INFO - Setting next_dagrun for example_nested_branch_dag to 2024-02-20 00:00:00+00:00, run_after=2024-02-21 00:00:00+00:00
[2024-02-21T19:51:28.696+0000] {processor.py:183} INFO - Processing /home/airflow/.local/lib/python3.8/site-packages/airflow/example_dags/example_nested_branch_dag.py took 0.091 seconds
[2024-02-21T19:51:59.186+0000] {processor.py:161} INFO - Started process (PID=287) to work on /home/airflow/.local/lib/python3.8/site-packages/airflow/example_dags/example_nested_branch_dag.py
[2024-02-21T19:51:59.187+0000] {processor.py:830} INFO - Processing file /home/airflow/.local/lib/python3.8/site-packages/airflow/example_dags/example_nested_branch_dag.py for tasks to queue
[2024-02-21T19:51:59.189+0000] {logging_mixin.py:188} INFO - [2024-02-21T19:51:59.189+0000] {dagbag.py:538} INFO - Filling up the DagBag from /home/airflow/.local/lib/python3.8/site-packages/airflow/example_dags/example_nested_branch_dag.py
[2024-02-21T19:51:59.202+0000] {processor.py:840} INFO - DAG(s) 'example_nested_branch_dag' retrieved from /home/airflow/.local/lib/python3.8/site-packages/airflow/example_dags/example_nested_branch_dag.py
[2024-02-21T19:51:59.237+0000] {logging_mixin.py:188} INFO - [2024-02-21T19:51:59.237+0000] {dag.py:3036} INFO - Sync 1 DAGs
[2024-02-21T19:51:59.266+0000] {logging_mixin.py:188} INFO - [2024-02-21T19:51:59.265+0000] {dag.py:3823} INFO - Setting next_dagrun for example_nested_branch_dag to 2024-02-20 00:00:00+00:00, run_after=2024-02-21 00:00:00+00:00
[2024-02-21T19:51:59.298+0000] {processor.py:183} INFO - Processing /home/airflow/.local/lib/python3.8/site-packages/airflow/example_dags/example_nested_branch_dag.py took 0.114 seconds
[2024-02-21T19:52:29.367+0000] {processor.py:161} INFO - Started process (PID=342) to work on /home/airflow/.local/lib/python3.8/site-packages/airflow/example_dags/example_nested_branch_dag.py
[2024-02-21T19:52:29.368+0000] {processor.py:830} INFO - Processing file /home/airflow/.local/lib/python3.8/site-packages/airflow/example_dags/example_nested_branch_dag.py for tasks to queue
[2024-02-21T19:52:29.371+0000] {logging_mixin.py:188} INFO - [2024-02-21T19:52:29.370+0000] {dagbag.py:538} INFO - Filling up the DagBag from /home/airflow/.local/lib/python3.8/site-packages/airflow/example_dags/example_nested_branch_dag.py
[2024-02-21T19:52:29.382+0000] {processor.py:840} INFO - DAG(s) 'example_nested_branch_dag' retrieved from /home/airflow/.local/lib/python3.8/site-packages/airflow/example_dags/example_nested_branch_dag.py
[2024-02-21T19:52:29.407+0000] {logging_mixin.py:188} INFO - [2024-02-21T19:52:29.406+0000] {dag.py:3036} INFO - Sync 1 DAGs
[2024-02-21T19:52:29.437+0000] {logging_mixin.py:188} INFO - [2024-02-21T19:52:29.436+0000] {dag.py:3823} INFO - Setting next_dagrun for example_nested_branch_dag to 2024-02-20 00:00:00+00:00, run_after=2024-02-21 00:00:00+00:00
[2024-02-21T19:52:29.470+0000] {processor.py:183} INFO - Processing /home/airflow/.local/lib/python3.8/site-packages/airflow/example_dags/example_nested_branch_dag.py took 0.106 seconds
[2024-02-21T19:52:59.631+0000] {processor.py:161} INFO - Started process (PID=397) to work on /home/airflow/.local/lib/python3.8/site-packages/airflow/example_dags/example_nested_branch_dag.py
[2024-02-21T19:52:59.632+0000] {processor.py:830} INFO - Processing file /home/airflow/.local/lib/python3.8/site-packages/airflow/example_dags/example_nested_branch_dag.py for tasks to queue
[2024-02-21T19:52:59.634+0000] {logging_mixin.py:188} INFO - [2024-02-21T19:52:59.633+0000] {dagbag.py:538} INFO - Filling up the DagBag from /home/airflow/.local/lib/python3.8/site-packages/airflow/example_dags/example_nested_branch_dag.py
[2024-02-21T19:52:59.643+0000] {processor.py:840} INFO - DAG(s) 'example_nested_branch_dag' retrieved from /home/airflow/.local/lib/python3.8/site-packages/airflow/example_dags/example_nested_branch_dag.py
[2024-02-21T19:52:59.664+0000] {logging_mixin.py:188} INFO - [2024-02-21T19:52:59.664+0000] {dag.py:3036} INFO - Sync 1 DAGs
[2024-02-21T19:52:59.692+0000] {logging_mixin.py:188} INFO - [2024-02-21T19:52:59.692+0000] {dag.py:3823} INFO - Setting next_dagrun for example_nested_branch_dag to 2024-02-20 00:00:00+00:00, run_after=2024-02-21 00:00:00+00:00
[2024-02-21T19:52:59.715+0000] {processor.py:183} INFO - Processing /home/airflow/.local/lib/python3.8/site-packages/airflow/example_dags/example_nested_branch_dag.py took 0.087 seconds
[2024-02-21T19:53:30.099+0000] {processor.py:161} INFO - Started process (PID=452) to work on /home/airflow/.local/lib/python3.8/site-packages/airflow/example_dags/example_nested_branch_dag.py
[2024-02-21T19:53:30.230+0000] {processor.py:830} INFO - Processing file /home/airflow/.local/lib/python3.8/site-packages/airflow/example_dags/example_nested_branch_dag.py for tasks to queue
[2024-02-21T19:53:30.232+0000] {logging_mixin.py:188} INFO - [2024-02-21T19:53:30.231+0000] {dagbag.py:538} INFO - Filling up the DagBag from /home/airflow/.local/lib/python3.8/site-packages/airflow/example_dags/example_nested_branch_dag.py
[2024-02-21T19:53:30.241+0000] {processor.py:840} INFO - DAG(s) 'example_nested_branch_dag' retrieved from /home/airflow/.local/lib/python3.8/site-packages/airflow/example_dags/example_nested_branch_dag.py
[2024-02-21T19:53:30.262+0000] {logging_mixin.py:188} INFO - [2024-02-21T19:53:30.262+0000] {dag.py:3036} INFO - Sync 1 DAGs
[2024-02-21T19:53:30.287+0000] {logging_mixin.py:188} INFO - [2024-02-21T19:53:30.287+0000] {dag.py:3823} INFO - Setting next_dagrun for example_nested_branch_dag to 2024-02-20 00:00:00+00:00, run_after=2024-02-21 00:00:00+00:00
[2024-02-21T19:53:30.307+0000] {processor.py:183} INFO - Processing /home/airflow/.local/lib/python3.8/site-packages/airflow/example_dags/example_nested_branch_dag.py took 0.211 seconds
[2024-02-21T19:54:00.824+0000] {processor.py:161} INFO - Started process (PID=507) to work on /home/airflow/.local/lib/python3.8/site-packages/airflow/example_dags/example_nested_branch_dag.py
[2024-02-21T19:54:00.825+0000] {processor.py:830} INFO - Processing file /home/airflow/.local/lib/python3.8/site-packages/airflow/example_dags/example_nested_branch_dag.py for tasks to queue
[2024-02-21T19:54:00.828+0000] {logging_mixin.py:188} INFO - [2024-02-21T19:54:00.827+0000] {dagbag.py:538} INFO - Filling up the DagBag from /home/airflow/.local/lib/python3.8/site-packages/airflow/example_dags/example_nested_branch_dag.py
[2024-02-21T19:54:00.842+0000] {processor.py:840} INFO - DAG(s) 'example_nested_branch_dag' retrieved from /home/airflow/.local/lib/python3.8/site-packages/airflow/example_dags/example_nested_branch_dag.py
[2024-02-21T19:54:00.867+0000] {logging_mixin.py:188} INFO - [2024-02-21T19:54:00.867+0000] {dag.py:3036} INFO - Sync 1 DAGs
[2024-02-21T19:54:00.895+0000] {logging_mixin.py:188} INFO - [2024-02-21T19:54:00.894+0000] {dag.py:3823} INFO - Setting next_dagrun for example_nested_branch_dag to 2024-02-20 00:00:00+00:00, run_after=2024-02-21 00:00:00+00:00
[2024-02-21T19:54:00.922+0000] {processor.py:183} INFO - Processing /home/airflow/.local/lib/python3.8/site-packages/airflow/example_dags/example_nested_branch_dag.py took 0.101 seconds
[2024-02-21T19:54:30.996+0000] {processor.py:161} INFO - Started process (PID=562) to work on /home/airflow/.local/lib/python3.8/site-packages/airflow/example_dags/example_nested_branch_dag.py
[2024-02-21T19:54:30.997+0000] {processor.py:830} INFO - Processing file /home/airflow/.local/lib/python3.8/site-packages/airflow/example_dags/example_nested_branch_dag.py for tasks to queue
[2024-02-21T19:54:30.999+0000] {logging_mixin.py:188} INFO - [2024-02-21T19:54:30.999+0000] {dagbag.py:538} INFO - Filling up the DagBag from /home/airflow/.local/lib/python3.8/site-packages/airflow/example_dags/example_nested_branch_dag.py
[2024-02-21T19:54:31.010+0000] {processor.py:840} INFO - DAG(s) 'example_nested_branch_dag' retrieved from /home/airflow/.local/lib/python3.8/site-packages/airflow/example_dags/example_nested_branch_dag.py
[2024-02-21T19:54:31.034+0000] {logging_mixin.py:188} INFO - [2024-02-21T19:54:31.033+0000] {dag.py:3036} INFO - Sync 1 DAGs
[2024-02-21T19:54:31.066+0000] {logging_mixin.py:188} INFO - [2024-02-21T19:54:31.065+0000] {dag.py:3823} INFO - Setting next_dagrun for example_nested_branch_dag to 2024-02-20 00:00:00+00:00, run_after=2024-02-21 00:00:00+00:00
[2024-02-21T19:54:31.087+0000] {processor.py:183} INFO - Processing /home/airflow/.local/lib/python3.8/site-packages/airflow/example_dags/example_nested_branch_dag.py took 0.095 seconds
[2024-02-21T19:55:01.359+0000] {processor.py:161} INFO - Started process (PID=617) to work on /home/airflow/.local/lib/python3.8/site-packages/airflow/example_dags/example_nested_branch_dag.py
[2024-02-21T19:55:01.361+0000] {processor.py:830} INFO - Processing file /home/airflow/.local/lib/python3.8/site-packages/airflow/example_dags/example_nested_branch_dag.py for tasks to queue
[2024-02-21T19:55:01.362+0000] {logging_mixin.py:188} INFO - [2024-02-21T19:55:01.362+0000] {dagbag.py:538} INFO - Filling up the DagBag from /home/airflow/.local/lib/python3.8/site-packages/airflow/example_dags/example_nested_branch_dag.py
[2024-02-21T19:55:01.373+0000] {processor.py:840} INFO - DAG(s) 'example_nested_branch_dag' retrieved from /home/airflow/.local/lib/python3.8/site-packages/airflow/example_dags/example_nested_branch_dag.py
[2024-02-21T19:55:01.407+0000] {logging_mixin.py:188} INFO - [2024-02-21T19:55:01.406+0000] {dag.py:3036} INFO - Sync 1 DAGs
[2024-02-21T19:55:01.443+0000] {logging_mixin.py:188} INFO - [2024-02-21T19:55:01.442+0000] {dag.py:3823} INFO - Setting next_dagrun for example_nested_branch_dag to 2024-02-20 00:00:00+00:00, run_after=2024-02-21 00:00:00+00:00
[2024-02-21T19:55:01.472+0000] {processor.py:183} INFO - Processing /home/airflow/.local/lib/python3.8/site-packages/airflow/example_dags/example_nested_branch_dag.py took 0.116 seconds
[2024-02-21T19:55:31.936+0000] {processor.py:161} INFO - Started process (PID=672) to work on /home/airflow/.local/lib/python3.8/site-packages/airflow/example_dags/example_nested_branch_dag.py
[2024-02-21T19:55:31.938+0000] {processor.py:830} INFO - Processing file /home/airflow/.local/lib/python3.8/site-packages/airflow/example_dags/example_nested_branch_dag.py for tasks to queue
[2024-02-21T19:55:31.940+0000] {logging_mixin.py:188} INFO - [2024-02-21T19:55:31.940+0000] {dagbag.py:538} INFO - Filling up the DagBag from /home/airflow/.local/lib/python3.8/site-packages/airflow/example_dags/example_nested_branch_dag.py
[2024-02-21T19:55:31.949+0000] {processor.py:840} INFO - DAG(s) 'example_nested_branch_dag' retrieved from /home/airflow/.local/lib/python3.8/site-packages/airflow/example_dags/example_nested_branch_dag.py
[2024-02-21T19:55:31.971+0000] {logging_mixin.py:188} INFO - [2024-02-21T19:55:31.970+0000] {dag.py:3036} INFO - Sync 1 DAGs
[2024-02-21T19:55:31.999+0000] {logging_mixin.py:188} INFO - [2024-02-21T19:55:31.999+0000] {dag.py:3823} INFO - Setting next_dagrun for example_nested_branch_dag to 2024-02-20 00:00:00+00:00, run_after=2024-02-21 00:00:00+00:00
[2024-02-21T19:55:32.023+0000] {processor.py:183} INFO - Processing /home/airflow/.local/lib/python3.8/site-packages/airflow/example_dags/example_nested_branch_dag.py took 0.089 seconds
[2024-02-21T19:56:02.254+0000] {processor.py:161} INFO - Started process (PID=727) to work on /home/airflow/.local/lib/python3.8/site-packages/airflow/example_dags/example_nested_branch_dag.py
[2024-02-21T19:56:02.255+0000] {processor.py:830} INFO - Processing file /home/airflow/.local/lib/python3.8/site-packages/airflow/example_dags/example_nested_branch_dag.py for tasks to queue
[2024-02-21T19:56:02.257+0000] {logging_mixin.py:188} INFO - [2024-02-21T19:56:02.256+0000] {dagbag.py:538} INFO - Filling up the DagBag from /home/airflow/.local/lib/python3.8/site-packages/airflow/example_dags/example_nested_branch_dag.py
[2024-02-21T19:56:02.266+0000] {processor.py:840} INFO - DAG(s) 'example_nested_branch_dag' retrieved from /home/airflow/.local/lib/python3.8/site-packages/airflow/example_dags/example_nested_branch_dag.py
[2024-02-21T19:56:02.289+0000] {logging_mixin.py:188} INFO - [2024-02-21T19:56:02.289+0000] {dag.py:3036} INFO - Sync 1 DAGs
[2024-02-21T19:56:02.318+0000] {logging_mixin.py:188} INFO - [2024-02-21T19:56:02.318+0000] {dag.py:3823} INFO - Setting next_dagrun for example_nested_branch_dag to 2024-02-20 00:00:00+00:00, run_after=2024-02-21 00:00:00+00:00
[2024-02-21T19:56:02.340+0000] {processor.py:183} INFO - Processing /home/airflow/.local/lib/python3.8/site-packages/airflow/example_dags/example_nested_branch_dag.py took 0.089 seconds
[2024-02-21T19:56:32.407+0000] {processor.py:161} INFO - Started process (PID=782) to work on /home/airflow/.local/lib/python3.8/site-packages/airflow/example_dags/example_nested_branch_dag.py
[2024-02-21T19:56:32.408+0000] {processor.py:830} INFO - Processing file /home/airflow/.local/lib/python3.8/site-packages/airflow/example_dags/example_nested_branch_dag.py for tasks to queue
[2024-02-21T19:56:32.410+0000] {logging_mixin.py:188} INFO - [2024-02-21T19:56:32.410+0000] {dagbag.py:538} INFO - Filling up the DagBag from /home/airflow/.local/lib/python3.8/site-packages/airflow/example_dags/example_nested_branch_dag.py
[2024-02-21T19:56:32.421+0000] {processor.py:840} INFO - DAG(s) 'example_nested_branch_dag' retrieved from /home/airflow/.local/lib/python3.8/site-packages/airflow/example_dags/example_nested_branch_dag.py
[2024-02-21T19:56:32.444+0000] {logging_mixin.py:188} INFO - [2024-02-21T19:56:32.443+0000] {dag.py:3036} INFO - Sync 1 DAGs
[2024-02-21T19:56:32.470+0000] {logging_mixin.py:188} INFO - [2024-02-21T19:56:32.470+0000] {dag.py:3823} INFO - Setting next_dagrun for example_nested_branch_dag to 2024-02-20 00:00:00+00:00, run_after=2024-02-21 00:00:00+00:00
[2024-02-21T19:56:32.491+0000] {processor.py:183} INFO - Processing /home/airflow/.local/lib/python3.8/site-packages/airflow/example_dags/example_nested_branch_dag.py took 0.087 seconds
[2024-02-21T19:57:02.712+0000] {processor.py:161} INFO - Started process (PID=837) to work on /home/airflow/.local/lib/python3.8/site-packages/airflow/example_dags/example_nested_branch_dag.py
[2024-02-21T19:57:02.714+0000] {processor.py:830} INFO - Processing file /home/airflow/.local/lib/python3.8/site-packages/airflow/example_dags/example_nested_branch_dag.py for tasks to queue
[2024-02-21T19:57:02.716+0000] {logging_mixin.py:188} INFO - [2024-02-21T19:57:02.716+0000] {dagbag.py:538} INFO - Filling up the DagBag from /home/airflow/.local/lib/python3.8/site-packages/airflow/example_dags/example_nested_branch_dag.py
[2024-02-21T19:57:02.730+0000] {processor.py:840} INFO - DAG(s) 'example_nested_branch_dag' retrieved from /home/airflow/.local/lib/python3.8/site-packages/airflow/example_dags/example_nested_branch_dag.py
[2024-02-21T19:57:02.757+0000] {logging_mixin.py:188} INFO - [2024-02-21T19:57:02.757+0000] {dag.py:3036} INFO - Sync 1 DAGs
[2024-02-21T19:57:02.794+0000] {logging_mixin.py:188} INFO - [2024-02-21T19:57:02.794+0000] {dag.py:3823} INFO - Setting next_dagrun for example_nested_branch_dag to 2024-02-20 00:00:00+00:00, run_after=2024-02-21 00:00:00+00:00
[2024-02-21T19:57:02.822+0000] {processor.py:183} INFO - Processing /home/airflow/.local/lib/python3.8/site-packages/airflow/example_dags/example_nested_branch_dag.py took 0.114 seconds
[2024-02-21T19:57:32.956+0000] {processor.py:161} INFO - Started process (PID=892) to work on /home/airflow/.local/lib/python3.8/site-packages/airflow/example_dags/example_nested_branch_dag.py
[2024-02-21T19:57:32.957+0000] {processor.py:830} INFO - Processing file /home/airflow/.local/lib/python3.8/site-packages/airflow/example_dags/example_nested_branch_dag.py for tasks to queue
[2024-02-21T19:57:32.959+0000] {logging_mixin.py:188} INFO - [2024-02-21T19:57:32.959+0000] {dagbag.py:538} INFO - Filling up the DagBag from /home/airflow/.local/lib/python3.8/site-packages/airflow/example_dags/example_nested_branch_dag.py
[2024-02-21T19:57:32.968+0000] {processor.py:840} INFO - DAG(s) 'example_nested_branch_dag' retrieved from /home/airflow/.local/lib/python3.8/site-packages/airflow/example_dags/example_nested_branch_dag.py
[2024-02-21T19:57:32.990+0000] {logging_mixin.py:188} INFO - [2024-02-21T19:57:32.990+0000] {dag.py:3036} INFO - Sync 1 DAGs
[2024-02-21T19:57:33.012+0000] {logging_mixin.py:188} INFO - [2024-02-21T19:57:33.012+0000] {dag.py:3823} INFO - Setting next_dagrun for example_nested_branch_dag to 2024-02-20 00:00:00+00:00, run_after=2024-02-21 00:00:00+00:00
[2024-02-21T19:57:33.032+0000] {processor.py:183} INFO - Processing /home/airflow/.local/lib/python3.8/site-packages/airflow/example_dags/example_nested_branch_dag.py took 0.079 seconds
[2024-02-21T19:58:03.419+0000] {processor.py:161} INFO - Started process (PID=947) to work on /home/airflow/.local/lib/python3.8/site-packages/airflow/example_dags/example_nested_branch_dag.py
[2024-02-21T19:58:03.420+0000] {processor.py:830} INFO - Processing file /home/airflow/.local/lib/python3.8/site-packages/airflow/example_dags/example_nested_branch_dag.py for tasks to queue
[2024-02-21T19:58:03.422+0000] {logging_mixin.py:188} INFO - [2024-02-21T19:58:03.422+0000] {dagbag.py:538} INFO - Filling up the DagBag from /home/airflow/.local/lib/python3.8/site-packages/airflow/example_dags/example_nested_branch_dag.py
[2024-02-21T19:58:03.432+0000] {processor.py:840} INFO - DAG(s) 'example_nested_branch_dag' retrieved from /home/airflow/.local/lib/python3.8/site-packages/airflow/example_dags/example_nested_branch_dag.py
[2024-02-21T19:58:03.452+0000] {logging_mixin.py:188} INFO - [2024-02-21T19:58:03.451+0000] {dag.py:3036} INFO - Sync 1 DAGs
[2024-02-21T19:58:03.476+0000] {logging_mixin.py:188} INFO - [2024-02-21T19:58:03.475+0000] {dag.py:3823} INFO - Setting next_dagrun for example_nested_branch_dag to 2024-02-20 00:00:00+00:00, run_after=2024-02-21 00:00:00+00:00
[2024-02-21T19:58:03.501+0000] {processor.py:183} INFO - Processing /home/airflow/.local/lib/python3.8/site-packages/airflow/example_dags/example_nested_branch_dag.py took 0.086 seconds
[2024-02-21T19:58:33.892+0000] {processor.py:161} INFO - Started process (PID=1002) to work on /home/airflow/.local/lib/python3.8/site-packages/airflow/example_dags/example_nested_branch_dag.py
[2024-02-21T19:58:33.892+0000] {processor.py:830} INFO - Processing file /home/airflow/.local/lib/python3.8/site-packages/airflow/example_dags/example_nested_branch_dag.py for tasks to queue
[2024-02-21T19:58:33.894+0000] {logging_mixin.py:188} INFO - [2024-02-21T19:58:33.894+0000] {dagbag.py:538} INFO - Filling up the DagBag from /home/airflow/.local/lib/python3.8/site-packages/airflow/example_dags/example_nested_branch_dag.py
[2024-02-21T19:58:33.904+0000] {processor.py:840} INFO - DAG(s) 'example_nested_branch_dag' retrieved from /home/airflow/.local/lib/python3.8/site-packages/airflow/example_dags/example_nested_branch_dag.py
[2024-02-21T19:58:33.930+0000] {logging_mixin.py:188} INFO - [2024-02-21T19:58:33.930+0000] {dag.py:3036} INFO - Sync 1 DAGs
[2024-02-21T19:58:33.955+0000] {logging_mixin.py:188} INFO - [2024-02-21T19:58:33.954+0000] {dag.py:3823} INFO - Setting next_dagrun for example_nested_branch_dag to 2024-02-20 00:00:00+00:00, run_after=2024-02-21 00:00:00+00:00
[2024-02-21T19:58:33.974+0000] {processor.py:183} INFO - Processing /home/airflow/.local/lib/python3.8/site-packages/airflow/example_dags/example_nested_branch_dag.py took 0.086 seconds
[2024-02-21T19:59:04.258+0000] {processor.py:161} INFO - Started process (PID=1057) to work on /home/airflow/.local/lib/python3.8/site-packages/airflow/example_dags/example_nested_branch_dag.py
[2024-02-21T19:59:04.259+0000] {processor.py:830} INFO - Processing file /home/airflow/.local/lib/python3.8/site-packages/airflow/example_dags/example_nested_branch_dag.py for tasks to queue
[2024-02-21T19:59:04.261+0000] {logging_mixin.py:188} INFO - [2024-02-21T19:59:04.261+0000] {dagbag.py:538} INFO - Filling up the DagBag from /home/airflow/.local/lib/python3.8/site-packages/airflow/example_dags/example_nested_branch_dag.py
[2024-02-21T19:59:04.271+0000] {processor.py:840} INFO - DAG(s) 'example_nested_branch_dag' retrieved from /home/airflow/.local/lib/python3.8/site-packages/airflow/example_dags/example_nested_branch_dag.py
[2024-02-21T19:59:04.291+0000] {logging_mixin.py:188} INFO - [2024-02-21T19:59:04.290+0000] {dag.py:3036} INFO - Sync 1 DAGs
[2024-02-21T19:59:04.314+0000] {logging_mixin.py:188} INFO - [2024-02-21T19:59:04.314+0000] {dag.py:3823} INFO - Setting next_dagrun for example_nested_branch_dag to 2024-02-20 00:00:00+00:00, run_after=2024-02-21 00:00:00+00:00
[2024-02-21T19:59:04.335+0000] {processor.py:183} INFO - Processing /home/airflow/.local/lib/python3.8/site-packages/airflow/example_dags/example_nested_branch_dag.py took 0.081 seconds
[2024-02-21T19:59:34.748+0000] {processor.py:161} INFO - Started process (PID=1112) to work on /home/airflow/.local/lib/python3.8/site-packages/airflow/example_dags/example_nested_branch_dag.py
[2024-02-21T19:59:34.749+0000] {processor.py:830} INFO - Processing file /home/airflow/.local/lib/python3.8/site-packages/airflow/example_dags/example_nested_branch_dag.py for tasks to queue
[2024-02-21T19:59:34.750+0000] {logging_mixin.py:188} INFO - [2024-02-21T19:59:34.750+0000] {dagbag.py:538} INFO - Filling up the DagBag from /home/airflow/.local/lib/python3.8/site-packages/airflow/example_dags/example_nested_branch_dag.py
[2024-02-21T19:59:34.759+0000] {processor.py:840} INFO - DAG(s) 'example_nested_branch_dag' retrieved from /home/airflow/.local/lib/python3.8/site-packages/airflow/example_dags/example_nested_branch_dag.py
[2024-02-21T19:59:34.778+0000] {logging_mixin.py:188} INFO - [2024-02-21T19:59:34.778+0000] {dag.py:3036} INFO - Sync 1 DAGs
[2024-02-21T19:59:34.800+0000] {logging_mixin.py:188} INFO - [2024-02-21T19:59:34.800+0000] {dag.py:3823} INFO - Setting next_dagrun for example_nested_branch_dag to 2024-02-20 00:00:00+00:00, run_after=2024-02-21 00:00:00+00:00
[2024-02-21T19:59:34.820+0000] {processor.py:183} INFO - Processing /home/airflow/.local/lib/python3.8/site-packages/airflow/example_dags/example_nested_branch_dag.py took 0.074 seconds
[2024-02-21T20:00:05.317+0000] {processor.py:161} INFO - Started process (PID=1167) to work on /home/airflow/.local/lib/python3.8/site-packages/airflow/example_dags/example_nested_branch_dag.py
[2024-02-21T20:00:05.318+0000] {processor.py:830} INFO - Processing file /home/airflow/.local/lib/python3.8/site-packages/airflow/example_dags/example_nested_branch_dag.py for tasks to queue
[2024-02-21T20:00:05.321+0000] {logging_mixin.py:188} INFO - [2024-02-21T20:00:05.320+0000] {dagbag.py:538} INFO - Filling up the DagBag from /home/airflow/.local/lib/python3.8/site-packages/airflow/example_dags/example_nested_branch_dag.py
[2024-02-21T20:00:05.333+0000] {processor.py:840} INFO - DAG(s) 'example_nested_branch_dag' retrieved from /home/airflow/.local/lib/python3.8/site-packages/airflow/example_dags/example_nested_branch_dag.py
[2024-02-21T20:00:05.361+0000] {logging_mixin.py:188} INFO - [2024-02-21T20:00:05.361+0000] {dag.py:3036} INFO - Sync 1 DAGs
[2024-02-21T20:00:05.388+0000] {logging_mixin.py:188} INFO - [2024-02-21T20:00:05.387+0000] {dag.py:3823} INFO - Setting next_dagrun for example_nested_branch_dag to 2024-02-20 00:00:00+00:00, run_after=2024-02-21 00:00:00+00:00
[2024-02-21T20:00:05.422+0000] {processor.py:183} INFO - Processing /home/airflow/.local/lib/python3.8/site-packages/airflow/example_dags/example_nested_branch_dag.py took 0.108 seconds
[2024-02-21T20:00:35.748+0000] {processor.py:161} INFO - Started process (PID=1222) to work on /home/airflow/.local/lib/python3.8/site-packages/airflow/example_dags/example_nested_branch_dag.py
[2024-02-21T20:00:35.750+0000] {processor.py:830} INFO - Processing file /home/airflow/.local/lib/python3.8/site-packages/airflow/example_dags/example_nested_branch_dag.py for tasks to queue
[2024-02-21T20:00:35.752+0000] {logging_mixin.py:188} INFO - [2024-02-21T20:00:35.751+0000] {dagbag.py:538} INFO - Filling up the DagBag from /home/airflow/.local/lib/python3.8/site-packages/airflow/example_dags/example_nested_branch_dag.py
[2024-02-21T20:00:35.767+0000] {processor.py:840} INFO - DAG(s) 'example_nested_branch_dag' retrieved from /home/airflow/.local/lib/python3.8/site-packages/airflow/example_dags/example_nested_branch_dag.py
[2024-02-21T20:00:35.800+0000] {logging_mixin.py:188} INFO - [2024-02-21T20:00:35.800+0000] {dag.py:3036} INFO - Sync 1 DAGs
[2024-02-21T20:00:35.842+0000] {logging_mixin.py:188} INFO - [2024-02-21T20:00:35.842+0000] {dag.py:3823} INFO - Setting next_dagrun for example_nested_branch_dag to 2024-02-20 00:00:00+00:00, run_after=2024-02-21 00:00:00+00:00
[2024-02-21T20:00:35.864+0000] {processor.py:183} INFO - Processing /home/airflow/.local/lib/python3.8/site-packages/airflow/example_dags/example_nested_branch_dag.py took 0.119 seconds
[2024-02-21T20:01:06.106+0000] {processor.py:161} INFO - Started process (PID=1277) to work on /home/airflow/.local/lib/python3.8/site-packages/airflow/example_dags/example_nested_branch_dag.py
[2024-02-21T20:01:06.107+0000] {processor.py:830} INFO - Processing file /home/airflow/.local/lib/python3.8/site-packages/airflow/example_dags/example_nested_branch_dag.py for tasks to queue
[2024-02-21T20:01:06.109+0000] {logging_mixin.py:188} INFO - [2024-02-21T20:01:06.109+0000] {dagbag.py:538} INFO - Filling up the DagBag from /home/airflow/.local/lib/python3.8/site-packages/airflow/example_dags/example_nested_branch_dag.py
[2024-02-21T20:01:06.118+0000] {processor.py:840} INFO - DAG(s) 'example_nested_branch_dag' retrieved from /home/airflow/.local/lib/python3.8/site-packages/airflow/example_dags/example_nested_branch_dag.py
[2024-02-21T20:01:06.137+0000] {logging_mixin.py:188} INFO - [2024-02-21T20:01:06.137+0000] {dag.py:3036} INFO - Sync 1 DAGs
[2024-02-21T20:01:06.158+0000] {logging_mixin.py:188} INFO - [2024-02-21T20:01:06.158+0000] {dag.py:3823} INFO - Setting next_dagrun for example_nested_branch_dag to 2024-02-20 00:00:00+00:00, run_after=2024-02-21 00:00:00+00:00
[2024-02-21T20:01:06.178+0000] {processor.py:183} INFO - Processing /home/airflow/.local/lib/python3.8/site-packages/airflow/example_dags/example_nested_branch_dag.py took 0.075 seconds
[2024-02-21T20:01:36.516+0000] {processor.py:161} INFO - Started process (PID=1332) to work on /home/airflow/.local/lib/python3.8/site-packages/airflow/example_dags/example_nested_branch_dag.py
[2024-02-21T20:01:36.518+0000] {processor.py:830} INFO - Processing file /home/airflow/.local/lib/python3.8/site-packages/airflow/example_dags/example_nested_branch_dag.py for tasks to queue
[2024-02-21T20:01:36.520+0000] {logging_mixin.py:188} INFO - [2024-02-21T20:01:36.520+0000] {dagbag.py:538} INFO - Filling up the DagBag from /home/airflow/.local/lib/python3.8/site-packages/airflow/example_dags/example_nested_branch_dag.py
[2024-02-21T20:01:36.532+0000] {processor.py:840} INFO - DAG(s) 'example_nested_branch_dag' retrieved from /home/airflow/.local/lib/python3.8/site-packages/airflow/example_dags/example_nested_branch_dag.py
[2024-02-21T20:01:36.557+0000] {logging_mixin.py:188} INFO - [2024-02-21T20:01:36.557+0000] {dag.py:3036} INFO - Sync 1 DAGs
[2024-02-21T20:01:36.585+0000] {logging_mixin.py:188} INFO - [2024-02-21T20:01:36.585+0000] {dag.py:3823} INFO - Setting next_dagrun for example_nested_branch_dag to 2024-02-20 00:00:00+00:00, run_after=2024-02-21 00:00:00+00:00
[2024-02-21T20:01:36.611+0000] {processor.py:183} INFO - Processing /home/airflow/.local/lib/python3.8/site-packages/airflow/example_dags/example_nested_branch_dag.py took 0.099 seconds
[2024-02-21T20:02:06.719+0000] {processor.py:161} INFO - Started process (PID=1387) to work on /home/airflow/.local/lib/python3.8/site-packages/airflow/example_dags/example_nested_branch_dag.py
[2024-02-21T20:02:06.720+0000] {processor.py:830} INFO - Processing file /home/airflow/.local/lib/python3.8/site-packages/airflow/example_dags/example_nested_branch_dag.py for tasks to queue
[2024-02-21T20:02:06.722+0000] {logging_mixin.py:188} INFO - [2024-02-21T20:02:06.722+0000] {dagbag.py:538} INFO - Filling up the DagBag from /home/airflow/.local/lib/python3.8/site-packages/airflow/example_dags/example_nested_branch_dag.py
[2024-02-21T20:02:06.731+0000] {processor.py:840} INFO - DAG(s) 'example_nested_branch_dag' retrieved from /home/airflow/.local/lib/python3.8/site-packages/airflow/example_dags/example_nested_branch_dag.py
[2024-02-21T20:02:06.753+0000] {logging_mixin.py:188} INFO - [2024-02-21T20:02:06.753+0000] {dag.py:3036} INFO - Sync 1 DAGs
[2024-02-21T20:02:06.788+0000] {logging_mixin.py:188} INFO - [2024-02-21T20:02:06.788+0000] {dag.py:3823} INFO - Setting next_dagrun for example_nested_branch_dag to 2024-02-20 00:00:00+00:00, run_after=2024-02-21 00:00:00+00:00
[2024-02-21T20:02:06.810+0000] {processor.py:183} INFO - Processing /home/airflow/.local/lib/python3.8/site-packages/airflow/example_dags/example_nested_branch_dag.py took 0.093 seconds
