[2024-02-21T19:49:37.750+0000] {processor.py:161} INFO - Started process (PID=43) to work on /home/airflow/.local/lib/python3.8/site-packages/airflow/example_dags/example_setup_teardown.py
[2024-02-21T19:49:37.752+0000] {processor.py:830} INFO - Processing file /home/airflow/.local/lib/python3.8/site-packages/airflow/example_dags/example_setup_teardown.py for tasks to queue
[2024-02-21T19:49:37.754+0000] {logging_mixin.py:188} INFO - [2024-02-21T19:49:37.754+0000] {dagbag.py:538} INFO - Filling up the DagBag from /home/airflow/.local/lib/python3.8/site-packages/airflow/example_dags/example_setup_teardown.py
[2024-02-21T19:49:37.780+0000] {processor.py:840} INFO - DAG(s) 'example_setup_teardown' retrieved from /home/airflow/.local/lib/python3.8/site-packages/airflow/example_dags/example_setup_teardown.py
[2024-02-21T19:49:37.998+0000] {logging_mixin.py:188} INFO - [2024-02-21T19:49:37.997+0000] {dag.py:3036} INFO - Sync 1 DAGs
[2024-02-21T19:49:38.325+0000] {logging_mixin.py:188} INFO - [2024-02-21T19:49:38.325+0000] {dag.py:3823} INFO - Setting next_dagrun for example_setup_teardown to 2024-02-20 00:00:00+00:00, run_after=2024-02-21 00:00:00+00:00
[2024-02-21T19:49:38.839+0000] {processor.py:183} INFO - Processing /home/airflow/.local/lib/python3.8/site-packages/airflow/example_dags/example_setup_teardown.py took 1.092 seconds
[2024-02-21T19:50:09.142+0000] {processor.py:161} INFO - Started process (PID=98) to work on /home/airflow/.local/lib/python3.8/site-packages/airflow/example_dags/example_setup_teardown.py
[2024-02-21T19:50:09.144+0000] {processor.py:830} INFO - Processing file /home/airflow/.local/lib/python3.8/site-packages/airflow/example_dags/example_setup_teardown.py for tasks to queue
[2024-02-21T19:50:09.146+0000] {logging_mixin.py:188} INFO - [2024-02-21T19:50:09.145+0000] {dagbag.py:538} INFO - Filling up the DagBag from /home/airflow/.local/lib/python3.8/site-packages/airflow/example_dags/example_setup_teardown.py
[2024-02-21T19:50:09.153+0000] {processor.py:840} INFO - DAG(s) 'example_setup_teardown' retrieved from /home/airflow/.local/lib/python3.8/site-packages/airflow/example_dags/example_setup_teardown.py
[2024-02-21T19:50:09.221+0000] {logging_mixin.py:188} INFO - [2024-02-21T19:50:09.221+0000] {dag.py:3036} INFO - Sync 1 DAGs
[2024-02-21T19:50:09.244+0000] {logging_mixin.py:188} INFO - [2024-02-21T19:50:09.243+0000] {dag.py:3823} INFO - Setting next_dagrun for example_setup_teardown to 2024-02-20 00:00:00+00:00, run_after=2024-02-21 00:00:00+00:00
[2024-02-21T19:50:09.262+0000] {processor.py:183} INFO - Processing /home/airflow/.local/lib/python3.8/site-packages/airflow/example_dags/example_setup_teardown.py took 0.124 seconds
[2024-02-21T19:50:39.939+0000] {processor.py:161} INFO - Started process (PID=153) to work on /home/airflow/.local/lib/python3.8/site-packages/airflow/example_dags/example_setup_teardown.py
[2024-02-21T19:50:39.940+0000] {processor.py:830} INFO - Processing file /home/airflow/.local/lib/python3.8/site-packages/airflow/example_dags/example_setup_teardown.py for tasks to queue
[2024-02-21T19:50:39.941+0000] {logging_mixin.py:188} INFO - [2024-02-21T19:50:39.941+0000] {dagbag.py:538} INFO - Filling up the DagBag from /home/airflow/.local/lib/python3.8/site-packages/airflow/example_dags/example_setup_teardown.py
[2024-02-21T19:50:39.948+0000] {processor.py:840} INFO - DAG(s) 'example_setup_teardown' retrieved from /home/airflow/.local/lib/python3.8/site-packages/airflow/example_dags/example_setup_teardown.py
[2024-02-21T19:50:39.967+0000] {logging_mixin.py:188} INFO - [2024-02-21T19:50:39.967+0000] {dag.py:3036} INFO - Sync 1 DAGs
[2024-02-21T19:50:39.987+0000] {logging_mixin.py:188} INFO - [2024-02-21T19:50:39.987+0000] {dag.py:3823} INFO - Setting next_dagrun for example_setup_teardown to 2024-02-20 00:00:00+00:00, run_after=2024-02-21 00:00:00+00:00
[2024-02-21T19:50:40.005+0000] {processor.py:183} INFO - Processing /home/airflow/.local/lib/python3.8/site-packages/airflow/example_dags/example_setup_teardown.py took 0.070 seconds
[2024-02-21T19:51:10.315+0000] {processor.py:161} INFO - Started process (PID=208) to work on /home/airflow/.local/lib/python3.8/site-packages/airflow/example_dags/example_setup_teardown.py
[2024-02-21T19:51:10.317+0000] {processor.py:830} INFO - Processing file /home/airflow/.local/lib/python3.8/site-packages/airflow/example_dags/example_setup_teardown.py for tasks to queue
[2024-02-21T19:51:10.319+0000] {logging_mixin.py:188} INFO - [2024-02-21T19:51:10.318+0000] {dagbag.py:538} INFO - Filling up the DagBag from /home/airflow/.local/lib/python3.8/site-packages/airflow/example_dags/example_setup_teardown.py
[2024-02-21T19:51:10.325+0000] {processor.py:840} INFO - DAG(s) 'example_setup_teardown' retrieved from /home/airflow/.local/lib/python3.8/site-packages/airflow/example_dags/example_setup_teardown.py
[2024-02-21T19:51:10.344+0000] {logging_mixin.py:188} INFO - [2024-02-21T19:51:10.344+0000] {dag.py:3036} INFO - Sync 1 DAGs
[2024-02-21T19:51:10.364+0000] {logging_mixin.py:188} INFO - [2024-02-21T19:51:10.364+0000] {dag.py:3823} INFO - Setting next_dagrun for example_setup_teardown to 2024-02-20 00:00:00+00:00, run_after=2024-02-21 00:00:00+00:00
[2024-02-21T19:51:10.388+0000] {processor.py:183} INFO - Processing /home/airflow/.local/lib/python3.8/site-packages/airflow/example_dags/example_setup_teardown.py took 0.075 seconds
[2024-02-21T19:51:40.896+0000] {processor.py:161} INFO - Started process (PID=263) to work on /home/airflow/.local/lib/python3.8/site-packages/airflow/example_dags/example_setup_teardown.py
[2024-02-21T19:51:40.897+0000] {processor.py:830} INFO - Processing file /home/airflow/.local/lib/python3.8/site-packages/airflow/example_dags/example_setup_teardown.py for tasks to queue
[2024-02-21T19:51:40.899+0000] {logging_mixin.py:188} INFO - [2024-02-21T19:51:40.899+0000] {dagbag.py:538} INFO - Filling up the DagBag from /home/airflow/.local/lib/python3.8/site-packages/airflow/example_dags/example_setup_teardown.py
[2024-02-21T19:51:40.905+0000] {processor.py:840} INFO - DAG(s) 'example_setup_teardown' retrieved from /home/airflow/.local/lib/python3.8/site-packages/airflow/example_dags/example_setup_teardown.py
[2024-02-21T19:51:40.923+0000] {logging_mixin.py:188} INFO - [2024-02-21T19:51:40.923+0000] {dag.py:3036} INFO - Sync 1 DAGs
[2024-02-21T19:51:40.943+0000] {logging_mixin.py:188} INFO - [2024-02-21T19:51:40.943+0000] {dag.py:3823} INFO - Setting next_dagrun for example_setup_teardown to 2024-02-20 00:00:00+00:00, run_after=2024-02-21 00:00:00+00:00
[2024-02-21T19:51:40.962+0000] {processor.py:183} INFO - Processing /home/airflow/.local/lib/python3.8/site-packages/airflow/example_dags/example_setup_teardown.py took 0.069 seconds
[2024-02-21T19:52:11.073+0000] {processor.py:161} INFO - Started process (PID=318) to work on /home/airflow/.local/lib/python3.8/site-packages/airflow/example_dags/example_setup_teardown.py
[2024-02-21T19:52:11.074+0000] {processor.py:830} INFO - Processing file /home/airflow/.local/lib/python3.8/site-packages/airflow/example_dags/example_setup_teardown.py for tasks to queue
[2024-02-21T19:52:11.077+0000] {logging_mixin.py:188} INFO - [2024-02-21T19:52:11.076+0000] {dagbag.py:538} INFO - Filling up the DagBag from /home/airflow/.local/lib/python3.8/site-packages/airflow/example_dags/example_setup_teardown.py
[2024-02-21T19:52:11.085+0000] {processor.py:840} INFO - DAG(s) 'example_setup_teardown' retrieved from /home/airflow/.local/lib/python3.8/site-packages/airflow/example_dags/example_setup_teardown.py
[2024-02-21T19:52:11.106+0000] {logging_mixin.py:188} INFO - [2024-02-21T19:52:11.106+0000] {dag.py:3036} INFO - Sync 1 DAGs
[2024-02-21T19:52:11.128+0000] {logging_mixin.py:188} INFO - [2024-02-21T19:52:11.128+0000] {dag.py:3823} INFO - Setting next_dagrun for example_setup_teardown to 2024-02-20 00:00:00+00:00, run_after=2024-02-21 00:00:00+00:00
[2024-02-21T19:52:11.146+0000] {processor.py:183} INFO - Processing /home/airflow/.local/lib/python3.8/site-packages/airflow/example_dags/example_setup_teardown.py took 0.075 seconds
[2024-02-21T19:52:41.280+0000] {processor.py:161} INFO - Started process (PID=373) to work on /home/airflow/.local/lib/python3.8/site-packages/airflow/example_dags/example_setup_teardown.py
[2024-02-21T19:52:41.282+0000] {processor.py:830} INFO - Processing file /home/airflow/.local/lib/python3.8/site-packages/airflow/example_dags/example_setup_teardown.py for tasks to queue
[2024-02-21T19:52:41.284+0000] {logging_mixin.py:188} INFO - [2024-02-21T19:52:41.283+0000] {dagbag.py:538} INFO - Filling up the DagBag from /home/airflow/.local/lib/python3.8/site-packages/airflow/example_dags/example_setup_teardown.py
[2024-02-21T19:52:41.294+0000] {processor.py:840} INFO - DAG(s) 'example_setup_teardown' retrieved from /home/airflow/.local/lib/python3.8/site-packages/airflow/example_dags/example_setup_teardown.py
[2024-02-21T19:52:41.316+0000] {logging_mixin.py:188} INFO - [2024-02-21T19:52:41.316+0000] {dag.py:3036} INFO - Sync 1 DAGs
[2024-02-21T19:52:41.339+0000] {logging_mixin.py:188} INFO - [2024-02-21T19:52:41.339+0000] {dag.py:3823} INFO - Setting next_dagrun for example_setup_teardown to 2024-02-20 00:00:00+00:00, run_after=2024-02-21 00:00:00+00:00
[2024-02-21T19:52:41.360+0000] {processor.py:183} INFO - Processing /home/airflow/.local/lib/python3.8/site-packages/airflow/example_dags/example_setup_teardown.py took 0.082 seconds
[2024-02-21T19:53:11.787+0000] {processor.py:161} INFO - Started process (PID=428) to work on /home/airflow/.local/lib/python3.8/site-packages/airflow/example_dags/example_setup_teardown.py
[2024-02-21T19:53:11.788+0000] {processor.py:830} INFO - Processing file /home/airflow/.local/lib/python3.8/site-packages/airflow/example_dags/example_setup_teardown.py for tasks to queue
[2024-02-21T19:53:11.790+0000] {logging_mixin.py:188} INFO - [2024-02-21T19:53:11.790+0000] {dagbag.py:538} INFO - Filling up the DagBag from /home/airflow/.local/lib/python3.8/site-packages/airflow/example_dags/example_setup_teardown.py
[2024-02-21T19:53:11.796+0000] {processor.py:840} INFO - DAG(s) 'example_setup_teardown' retrieved from /home/airflow/.local/lib/python3.8/site-packages/airflow/example_dags/example_setup_teardown.py
[2024-02-21T19:53:11.814+0000] {logging_mixin.py:188} INFO - [2024-02-21T19:53:11.814+0000] {dag.py:3036} INFO - Sync 1 DAGs
[2024-02-21T19:53:11.837+0000] {logging_mixin.py:188} INFO - [2024-02-21T19:53:11.837+0000] {dag.py:3823} INFO - Setting next_dagrun for example_setup_teardown to 2024-02-20 00:00:00+00:00, run_after=2024-02-21 00:00:00+00:00
[2024-02-21T19:53:11.854+0000] {processor.py:183} INFO - Processing /home/airflow/.local/lib/python3.8/site-packages/airflow/example_dags/example_setup_teardown.py took 0.069 seconds
[2024-02-21T19:53:42.180+0000] {processor.py:161} INFO - Started process (PID=483) to work on /home/airflow/.local/lib/python3.8/site-packages/airflow/example_dags/example_setup_teardown.py
[2024-02-21T19:53:42.181+0000] {processor.py:830} INFO - Processing file /home/airflow/.local/lib/python3.8/site-packages/airflow/example_dags/example_setup_teardown.py for tasks to queue
[2024-02-21T19:53:42.183+0000] {logging_mixin.py:188} INFO - [2024-02-21T19:53:42.183+0000] {dagbag.py:538} INFO - Filling up the DagBag from /home/airflow/.local/lib/python3.8/site-packages/airflow/example_dags/example_setup_teardown.py
[2024-02-21T19:53:42.191+0000] {processor.py:840} INFO - DAG(s) 'example_setup_teardown' retrieved from /home/airflow/.local/lib/python3.8/site-packages/airflow/example_dags/example_setup_teardown.py
[2024-02-21T19:53:42.210+0000] {logging_mixin.py:188} INFO - [2024-02-21T19:53:42.210+0000] {dag.py:3036} INFO - Sync 1 DAGs
[2024-02-21T19:53:42.235+0000] {logging_mixin.py:188} INFO - [2024-02-21T19:53:42.234+0000] {dag.py:3823} INFO - Setting next_dagrun for example_setup_teardown to 2024-02-20 00:00:00+00:00, run_after=2024-02-21 00:00:00+00:00
[2024-02-21T19:53:42.253+0000] {processor.py:183} INFO - Processing /home/airflow/.local/lib/python3.8/site-packages/airflow/example_dags/example_setup_teardown.py took 0.075 seconds
[2024-02-21T19:54:12.618+0000] {processor.py:161} INFO - Started process (PID=538) to work on /home/airflow/.local/lib/python3.8/site-packages/airflow/example_dags/example_setup_teardown.py
[2024-02-21T19:54:12.619+0000] {processor.py:830} INFO - Processing file /home/airflow/.local/lib/python3.8/site-packages/airflow/example_dags/example_setup_teardown.py for tasks to queue
[2024-02-21T19:54:12.621+0000] {logging_mixin.py:188} INFO - [2024-02-21T19:54:12.621+0000] {dagbag.py:538} INFO - Filling up the DagBag from /home/airflow/.local/lib/python3.8/site-packages/airflow/example_dags/example_setup_teardown.py
[2024-02-21T19:54:12.628+0000] {processor.py:840} INFO - DAG(s) 'example_setup_teardown' retrieved from /home/airflow/.local/lib/python3.8/site-packages/airflow/example_dags/example_setup_teardown.py
[2024-02-21T19:54:12.648+0000] {logging_mixin.py:188} INFO - [2024-02-21T19:54:12.648+0000] {dag.py:3036} INFO - Sync 1 DAGs
[2024-02-21T19:54:12.669+0000] {logging_mixin.py:188} INFO - [2024-02-21T19:54:12.669+0000] {dag.py:3823} INFO - Setting next_dagrun for example_setup_teardown to 2024-02-20 00:00:00+00:00, run_after=2024-02-21 00:00:00+00:00
[2024-02-21T19:54:12.696+0000] {processor.py:183} INFO - Processing /home/airflow/.local/lib/python3.8/site-packages/airflow/example_dags/example_setup_teardown.py took 0.081 seconds
[2024-02-21T19:54:43.022+0000] {processor.py:161} INFO - Started process (PID=591) to work on /home/airflow/.local/lib/python3.8/site-packages/airflow/example_dags/example_setup_teardown.py
[2024-02-21T19:54:43.023+0000] {processor.py:830} INFO - Processing file /home/airflow/.local/lib/python3.8/site-packages/airflow/example_dags/example_setup_teardown.py for tasks to queue
[2024-02-21T19:54:43.025+0000] {logging_mixin.py:188} INFO - [2024-02-21T19:54:43.024+0000] {dagbag.py:538} INFO - Filling up the DagBag from /home/airflow/.local/lib/python3.8/site-packages/airflow/example_dags/example_setup_teardown.py
[2024-02-21T19:54:43.031+0000] {processor.py:840} INFO - DAG(s) 'example_setup_teardown' retrieved from /home/airflow/.local/lib/python3.8/site-packages/airflow/example_dags/example_setup_teardown.py
[2024-02-21T19:54:43.051+0000] {logging_mixin.py:188} INFO - [2024-02-21T19:54:43.051+0000] {dag.py:3036} INFO - Sync 1 DAGs
[2024-02-21T19:54:43.073+0000] {logging_mixin.py:188} INFO - [2024-02-21T19:54:43.073+0000] {dag.py:3823} INFO - Setting next_dagrun for example_setup_teardown to 2024-02-20 00:00:00+00:00, run_after=2024-02-21 00:00:00+00:00
[2024-02-21T19:54:43.097+0000] {processor.py:183} INFO - Processing /home/airflow/.local/lib/python3.8/site-packages/airflow/example_dags/example_setup_teardown.py took 0.078 seconds
[2024-02-21T19:55:13.622+0000] {processor.py:161} INFO - Started process (PID=646) to work on /home/airflow/.local/lib/python3.8/site-packages/airflow/example_dags/example_setup_teardown.py
[2024-02-21T19:55:13.623+0000] {processor.py:830} INFO - Processing file /home/airflow/.local/lib/python3.8/site-packages/airflow/example_dags/example_setup_teardown.py for tasks to queue
[2024-02-21T19:55:13.625+0000] {logging_mixin.py:188} INFO - [2024-02-21T19:55:13.625+0000] {dagbag.py:538} INFO - Filling up the DagBag from /home/airflow/.local/lib/python3.8/site-packages/airflow/example_dags/example_setup_teardown.py
[2024-02-21T19:55:13.632+0000] {processor.py:840} INFO - DAG(s) 'example_setup_teardown' retrieved from /home/airflow/.local/lib/python3.8/site-packages/airflow/example_dags/example_setup_teardown.py
[2024-02-21T19:55:13.657+0000] {logging_mixin.py:188} INFO - [2024-02-21T19:55:13.656+0000] {dag.py:3036} INFO - Sync 1 DAGs
[2024-02-21T19:55:13.684+0000] {logging_mixin.py:188} INFO - [2024-02-21T19:55:13.684+0000] {dag.py:3823} INFO - Setting next_dagrun for example_setup_teardown to 2024-02-20 00:00:00+00:00, run_after=2024-02-21 00:00:00+00:00
[2024-02-21T19:55:13.708+0000] {processor.py:183} INFO - Processing /home/airflow/.local/lib/python3.8/site-packages/airflow/example_dags/example_setup_teardown.py took 0.089 seconds
[2024-02-21T19:55:44.327+0000] {processor.py:161} INFO - Started process (PID=701) to work on /home/airflow/.local/lib/python3.8/site-packages/airflow/example_dags/example_setup_teardown.py
[2024-02-21T19:55:44.328+0000] {processor.py:830} INFO - Processing file /home/airflow/.local/lib/python3.8/site-packages/airflow/example_dags/example_setup_teardown.py for tasks to queue
[2024-02-21T19:55:44.331+0000] {logging_mixin.py:188} INFO - [2024-02-21T19:55:44.330+0000] {dagbag.py:538} INFO - Filling up the DagBag from /home/airflow/.local/lib/python3.8/site-packages/airflow/example_dags/example_setup_teardown.py
[2024-02-21T19:55:44.337+0000] {processor.py:840} INFO - DAG(s) 'example_setup_teardown' retrieved from /home/airflow/.local/lib/python3.8/site-packages/airflow/example_dags/example_setup_teardown.py
[2024-02-21T19:55:44.358+0000] {logging_mixin.py:188} INFO - [2024-02-21T19:55:44.358+0000] {dag.py:3036} INFO - Sync 1 DAGs
[2024-02-21T19:55:44.385+0000] {logging_mixin.py:188} INFO - [2024-02-21T19:55:44.384+0000] {dag.py:3823} INFO - Setting next_dagrun for example_setup_teardown to 2024-02-20 00:00:00+00:00, run_after=2024-02-21 00:00:00+00:00
[2024-02-21T19:55:44.409+0000] {processor.py:183} INFO - Processing /home/airflow/.local/lib/python3.8/site-packages/airflow/example_dags/example_setup_teardown.py took 0.086 seconds
[2024-02-21T19:56:14.512+0000] {processor.py:161} INFO - Started process (PID=756) to work on /home/airflow/.local/lib/python3.8/site-packages/airflow/example_dags/example_setup_teardown.py
[2024-02-21T19:56:14.513+0000] {processor.py:830} INFO - Processing file /home/airflow/.local/lib/python3.8/site-packages/airflow/example_dags/example_setup_teardown.py for tasks to queue
[2024-02-21T19:56:14.516+0000] {logging_mixin.py:188} INFO - [2024-02-21T19:56:14.516+0000] {dagbag.py:538} INFO - Filling up the DagBag from /home/airflow/.local/lib/python3.8/site-packages/airflow/example_dags/example_setup_teardown.py
[2024-02-21T19:56:14.524+0000] {processor.py:840} INFO - DAG(s) 'example_setup_teardown' retrieved from /home/airflow/.local/lib/python3.8/site-packages/airflow/example_dags/example_setup_teardown.py
[2024-02-21T19:56:14.548+0000] {logging_mixin.py:188} INFO - [2024-02-21T19:56:14.548+0000] {dag.py:3036} INFO - Sync 1 DAGs
[2024-02-21T19:56:14.571+0000] {logging_mixin.py:188} INFO - [2024-02-21T19:56:14.571+0000] {dag.py:3823} INFO - Setting next_dagrun for example_setup_teardown to 2024-02-20 00:00:00+00:00, run_after=2024-02-21 00:00:00+00:00
[2024-02-21T19:56:14.600+0000] {processor.py:183} INFO - Processing /home/airflow/.local/lib/python3.8/site-packages/airflow/example_dags/example_setup_teardown.py took 0.091 seconds
[2024-02-21T19:56:44.689+0000] {processor.py:161} INFO - Started process (PID=811) to work on /home/airflow/.local/lib/python3.8/site-packages/airflow/example_dags/example_setup_teardown.py
[2024-02-21T19:56:44.690+0000] {processor.py:830} INFO - Processing file /home/airflow/.local/lib/python3.8/site-packages/airflow/example_dags/example_setup_teardown.py for tasks to queue
[2024-02-21T19:56:44.692+0000] {logging_mixin.py:188} INFO - [2024-02-21T19:56:44.692+0000] {dagbag.py:538} INFO - Filling up the DagBag from /home/airflow/.local/lib/python3.8/site-packages/airflow/example_dags/example_setup_teardown.py
[2024-02-21T19:56:44.699+0000] {processor.py:840} INFO - DAG(s) 'example_setup_teardown' retrieved from /home/airflow/.local/lib/python3.8/site-packages/airflow/example_dags/example_setup_teardown.py
[2024-02-21T19:56:44.723+0000] {logging_mixin.py:188} INFO - [2024-02-21T19:56:44.723+0000] {dag.py:3036} INFO - Sync 1 DAGs
[2024-02-21T19:56:44.753+0000] {logging_mixin.py:188} INFO - [2024-02-21T19:56:44.753+0000] {dag.py:3823} INFO - Setting next_dagrun for example_setup_teardown to 2024-02-20 00:00:00+00:00, run_after=2024-02-21 00:00:00+00:00
[2024-02-21T19:56:44.786+0000] {processor.py:183} INFO - Processing /home/airflow/.local/lib/python3.8/site-packages/airflow/example_dags/example_setup_teardown.py took 0.102 seconds
[2024-02-21T19:57:15.193+0000] {processor.py:161} INFO - Started process (PID=866) to work on /home/airflow/.local/lib/python3.8/site-packages/airflow/example_dags/example_setup_teardown.py
[2024-02-21T19:57:15.195+0000] {processor.py:830} INFO - Processing file /home/airflow/.local/lib/python3.8/site-packages/airflow/example_dags/example_setup_teardown.py for tasks to queue
[2024-02-21T19:57:15.205+0000] {logging_mixin.py:188} INFO - [2024-02-21T19:57:15.204+0000] {dagbag.py:538} INFO - Filling up the DagBag from /home/airflow/.local/lib/python3.8/site-packages/airflow/example_dags/example_setup_teardown.py
[2024-02-21T19:57:15.218+0000] {processor.py:840} INFO - DAG(s) 'example_setup_teardown' retrieved from /home/airflow/.local/lib/python3.8/site-packages/airflow/example_dags/example_setup_teardown.py
[2024-02-21T19:57:15.272+0000] {logging_mixin.py:188} INFO - [2024-02-21T19:57:15.272+0000] {dag.py:3036} INFO - Sync 1 DAGs
[2024-02-21T19:57:15.325+0000] {logging_mixin.py:188} INFO - [2024-02-21T19:57:15.325+0000] {dag.py:3823} INFO - Setting next_dagrun for example_setup_teardown to 2024-02-20 00:00:00+00:00, run_after=2024-02-21 00:00:00+00:00
[2024-02-21T19:57:15.356+0000] {processor.py:183} INFO - Processing /home/airflow/.local/lib/python3.8/site-packages/airflow/example_dags/example_setup_teardown.py took 0.168 seconds
[2024-02-21T19:57:46.133+0000] {processor.py:161} INFO - Started process (PID=921) to work on /home/airflow/.local/lib/python3.8/site-packages/airflow/example_dags/example_setup_teardown.py
[2024-02-21T19:57:46.134+0000] {processor.py:830} INFO - Processing file /home/airflow/.local/lib/python3.8/site-packages/airflow/example_dags/example_setup_teardown.py for tasks to queue
[2024-02-21T19:57:46.136+0000] {logging_mixin.py:188} INFO - [2024-02-21T19:57:46.136+0000] {dagbag.py:538} INFO - Filling up the DagBag from /home/airflow/.local/lib/python3.8/site-packages/airflow/example_dags/example_setup_teardown.py
[2024-02-21T19:57:46.142+0000] {processor.py:840} INFO - DAG(s) 'example_setup_teardown' retrieved from /home/airflow/.local/lib/python3.8/site-packages/airflow/example_dags/example_setup_teardown.py
[2024-02-21T19:57:46.160+0000] {logging_mixin.py:188} INFO - [2024-02-21T19:57:46.159+0000] {dag.py:3036} INFO - Sync 1 DAGs
[2024-02-21T19:57:46.184+0000] {logging_mixin.py:188} INFO - [2024-02-21T19:57:46.184+0000] {dag.py:3823} INFO - Setting next_dagrun for example_setup_teardown to 2024-02-20 00:00:00+00:00, run_after=2024-02-21 00:00:00+00:00
[2024-02-21T19:57:46.213+0000] {processor.py:183} INFO - Processing /home/airflow/.local/lib/python3.8/site-packages/airflow/example_dags/example_setup_teardown.py took 0.083 seconds
[2024-02-21T19:58:16.576+0000] {processor.py:161} INFO - Started process (PID=976) to work on /home/airflow/.local/lib/python3.8/site-packages/airflow/example_dags/example_setup_teardown.py
[2024-02-21T19:58:16.577+0000] {processor.py:830} INFO - Processing file /home/airflow/.local/lib/python3.8/site-packages/airflow/example_dags/example_setup_teardown.py for tasks to queue
[2024-02-21T19:58:16.579+0000] {logging_mixin.py:188} INFO - [2024-02-21T19:58:16.579+0000] {dagbag.py:538} INFO - Filling up the DagBag from /home/airflow/.local/lib/python3.8/site-packages/airflow/example_dags/example_setup_teardown.py
[2024-02-21T19:58:16.585+0000] {processor.py:840} INFO - DAG(s) 'example_setup_teardown' retrieved from /home/airflow/.local/lib/python3.8/site-packages/airflow/example_dags/example_setup_teardown.py
[2024-02-21T19:58:16.607+0000] {logging_mixin.py:188} INFO - [2024-02-21T19:58:16.607+0000] {dag.py:3036} INFO - Sync 1 DAGs
[2024-02-21T19:58:16.628+0000] {logging_mixin.py:188} INFO - [2024-02-21T19:58:16.628+0000] {dag.py:3823} INFO - Setting next_dagrun for example_setup_teardown to 2024-02-20 00:00:00+00:00, run_after=2024-02-21 00:00:00+00:00
[2024-02-21T19:58:16.652+0000] {processor.py:183} INFO - Processing /home/airflow/.local/lib/python3.8/site-packages/airflow/example_dags/example_setup_teardown.py took 0.079 seconds
[2024-02-21T19:58:47.027+0000] {processor.py:161} INFO - Started process (PID=1031) to work on /home/airflow/.local/lib/python3.8/site-packages/airflow/example_dags/example_setup_teardown.py
[2024-02-21T19:58:47.028+0000] {processor.py:830} INFO - Processing file /home/airflow/.local/lib/python3.8/site-packages/airflow/example_dags/example_setup_teardown.py for tasks to queue
[2024-02-21T19:58:47.030+0000] {logging_mixin.py:188} INFO - [2024-02-21T19:58:47.030+0000] {dagbag.py:538} INFO - Filling up the DagBag from /home/airflow/.local/lib/python3.8/site-packages/airflow/example_dags/example_setup_teardown.py
[2024-02-21T19:58:47.036+0000] {processor.py:840} INFO - DAG(s) 'example_setup_teardown' retrieved from /home/airflow/.local/lib/python3.8/site-packages/airflow/example_dags/example_setup_teardown.py
[2024-02-21T19:58:47.055+0000] {logging_mixin.py:188} INFO - [2024-02-21T19:58:47.055+0000] {dag.py:3036} INFO - Sync 1 DAGs
[2024-02-21T19:58:47.077+0000] {logging_mixin.py:188} INFO - [2024-02-21T19:58:47.077+0000] {dag.py:3823} INFO - Setting next_dagrun for example_setup_teardown to 2024-02-20 00:00:00+00:00, run_after=2024-02-21 00:00:00+00:00
[2024-02-21T19:58:47.095+0000] {processor.py:183} INFO - Processing /home/airflow/.local/lib/python3.8/site-packages/airflow/example_dags/example_setup_teardown.py took 0.071 seconds
[2024-02-21T19:59:17.477+0000] {processor.py:161} INFO - Started process (PID=1086) to work on /home/airflow/.local/lib/python3.8/site-packages/airflow/example_dags/example_setup_teardown.py
[2024-02-21T19:59:17.478+0000] {processor.py:830} INFO - Processing file /home/airflow/.local/lib/python3.8/site-packages/airflow/example_dags/example_setup_teardown.py for tasks to queue
[2024-02-21T19:59:17.480+0000] {logging_mixin.py:188} INFO - [2024-02-21T19:59:17.480+0000] {dagbag.py:538} INFO - Filling up the DagBag from /home/airflow/.local/lib/python3.8/site-packages/airflow/example_dags/example_setup_teardown.py
[2024-02-21T19:59:17.486+0000] {processor.py:840} INFO - DAG(s) 'example_setup_teardown' retrieved from /home/airflow/.local/lib/python3.8/site-packages/airflow/example_dags/example_setup_teardown.py
[2024-02-21T19:59:17.504+0000] {logging_mixin.py:188} INFO - [2024-02-21T19:59:17.504+0000] {dag.py:3036} INFO - Sync 1 DAGs
[2024-02-21T19:59:17.525+0000] {logging_mixin.py:188} INFO - [2024-02-21T19:59:17.525+0000] {dag.py:3823} INFO - Setting next_dagrun for example_setup_teardown to 2024-02-20 00:00:00+00:00, run_after=2024-02-21 00:00:00+00:00
[2024-02-21T19:59:17.543+0000] {processor.py:183} INFO - Processing /home/airflow/.local/lib/python3.8/site-packages/airflow/example_dags/example_setup_teardown.py took 0.068 seconds
[2024-02-21T19:59:47.990+0000] {processor.py:161} INFO - Started process (PID=1141) to work on /home/airflow/.local/lib/python3.8/site-packages/airflow/example_dags/example_setup_teardown.py
[2024-02-21T19:59:47.991+0000] {processor.py:830} INFO - Processing file /home/airflow/.local/lib/python3.8/site-packages/airflow/example_dags/example_setup_teardown.py for tasks to queue
[2024-02-21T19:59:47.992+0000] {logging_mixin.py:188} INFO - [2024-02-21T19:59:47.992+0000] {dagbag.py:538} INFO - Filling up the DagBag from /home/airflow/.local/lib/python3.8/site-packages/airflow/example_dags/example_setup_teardown.py
[2024-02-21T19:59:47.998+0000] {processor.py:840} INFO - DAG(s) 'example_setup_teardown' retrieved from /home/airflow/.local/lib/python3.8/site-packages/airflow/example_dags/example_setup_teardown.py
[2024-02-21T19:59:48.018+0000] {logging_mixin.py:188} INFO - [2024-02-21T19:59:48.018+0000] {dag.py:3036} INFO - Sync 1 DAGs
[2024-02-21T19:59:48.038+0000] {logging_mixin.py:188} INFO - [2024-02-21T19:59:48.038+0000] {dag.py:3823} INFO - Setting next_dagrun for example_setup_teardown to 2024-02-20 00:00:00+00:00, run_after=2024-02-21 00:00:00+00:00
[2024-02-21T19:59:48.063+0000] {processor.py:183} INFO - Processing /home/airflow/.local/lib/python3.8/site-packages/airflow/example_dags/example_setup_teardown.py took 0.076 seconds
[2024-02-21T20:00:18.480+0000] {processor.py:161} INFO - Started process (PID=1196) to work on /home/airflow/.local/lib/python3.8/site-packages/airflow/example_dags/example_setup_teardown.py
[2024-02-21T20:00:18.481+0000] {processor.py:830} INFO - Processing file /home/airflow/.local/lib/python3.8/site-packages/airflow/example_dags/example_setup_teardown.py for tasks to queue
[2024-02-21T20:00:18.483+0000] {logging_mixin.py:188} INFO - [2024-02-21T20:00:18.483+0000] {dagbag.py:538} INFO - Filling up the DagBag from /home/airflow/.local/lib/python3.8/site-packages/airflow/example_dags/example_setup_teardown.py
[2024-02-21T20:00:18.490+0000] {processor.py:840} INFO - DAG(s) 'example_setup_teardown' retrieved from /home/airflow/.local/lib/python3.8/site-packages/airflow/example_dags/example_setup_teardown.py
[2024-02-21T20:00:18.510+0000] {logging_mixin.py:188} INFO - [2024-02-21T20:00:18.510+0000] {dag.py:3036} INFO - Sync 1 DAGs
[2024-02-21T20:00:18.532+0000] {logging_mixin.py:188} INFO - [2024-02-21T20:00:18.532+0000] {dag.py:3823} INFO - Setting next_dagrun for example_setup_teardown to 2024-02-20 00:00:00+00:00, run_after=2024-02-21 00:00:00+00:00
[2024-02-21T20:00:18.559+0000] {processor.py:183} INFO - Processing /home/airflow/.local/lib/python3.8/site-packages/airflow/example_dags/example_setup_teardown.py took 0.082 seconds
[2024-02-21T20:00:48.885+0000] {processor.py:161} INFO - Started process (PID=1251) to work on /home/airflow/.local/lib/python3.8/site-packages/airflow/example_dags/example_setup_teardown.py
[2024-02-21T20:00:48.886+0000] {processor.py:830} INFO - Processing file /home/airflow/.local/lib/python3.8/site-packages/airflow/example_dags/example_setup_teardown.py for tasks to queue
[2024-02-21T20:00:48.888+0000] {logging_mixin.py:188} INFO - [2024-02-21T20:00:48.888+0000] {dagbag.py:538} INFO - Filling up the DagBag from /home/airflow/.local/lib/python3.8/site-packages/airflow/example_dags/example_setup_teardown.py
[2024-02-21T20:00:48.893+0000] {processor.py:840} INFO - DAG(s) 'example_setup_teardown' retrieved from /home/airflow/.local/lib/python3.8/site-packages/airflow/example_dags/example_setup_teardown.py
[2024-02-21T20:00:48.912+0000] {logging_mixin.py:188} INFO - [2024-02-21T20:00:48.911+0000] {dag.py:3036} INFO - Sync 1 DAGs
[2024-02-21T20:00:48.931+0000] {logging_mixin.py:188} INFO - [2024-02-21T20:00:48.931+0000] {dag.py:3823} INFO - Setting next_dagrun for example_setup_teardown to 2024-02-20 00:00:00+00:00, run_after=2024-02-21 00:00:00+00:00
[2024-02-21T20:00:48.949+0000] {processor.py:183} INFO - Processing /home/airflow/.local/lib/python3.8/site-packages/airflow/example_dags/example_setup_teardown.py took 0.067 seconds
[2024-02-21T20:01:19.290+0000] {processor.py:161} INFO - Started process (PID=1306) to work on /home/airflow/.local/lib/python3.8/site-packages/airflow/example_dags/example_setup_teardown.py
[2024-02-21T20:01:19.291+0000] {processor.py:830} INFO - Processing file /home/airflow/.local/lib/python3.8/site-packages/airflow/example_dags/example_setup_teardown.py for tasks to queue
[2024-02-21T20:01:19.293+0000] {logging_mixin.py:188} INFO - [2024-02-21T20:01:19.293+0000] {dagbag.py:538} INFO - Filling up the DagBag from /home/airflow/.local/lib/python3.8/site-packages/airflow/example_dags/example_setup_teardown.py
[2024-02-21T20:01:19.299+0000] {processor.py:840} INFO - DAG(s) 'example_setup_teardown' retrieved from /home/airflow/.local/lib/python3.8/site-packages/airflow/example_dags/example_setup_teardown.py
[2024-02-21T20:01:19.317+0000] {logging_mixin.py:188} INFO - [2024-02-21T20:01:19.316+0000] {dag.py:3036} INFO - Sync 1 DAGs
[2024-02-21T20:01:19.336+0000] {logging_mixin.py:188} INFO - [2024-02-21T20:01:19.336+0000] {dag.py:3823} INFO - Setting next_dagrun for example_setup_teardown to 2024-02-20 00:00:00+00:00, run_after=2024-02-21 00:00:00+00:00
[2024-02-21T20:01:19.358+0000] {processor.py:183} INFO - Processing /home/airflow/.local/lib/python3.8/site-packages/airflow/example_dags/example_setup_teardown.py took 0.071 seconds
[2024-02-21T20:01:49.926+0000] {processor.py:161} INFO - Started process (PID=1361) to work on /home/airflow/.local/lib/python3.8/site-packages/airflow/example_dags/example_setup_teardown.py
[2024-02-21T20:01:49.927+0000] {processor.py:830} INFO - Processing file /home/airflow/.local/lib/python3.8/site-packages/airflow/example_dags/example_setup_teardown.py for tasks to queue
[2024-02-21T20:01:49.930+0000] {logging_mixin.py:188} INFO - [2024-02-21T20:01:49.929+0000] {dagbag.py:538} INFO - Filling up the DagBag from /home/airflow/.local/lib/python3.8/site-packages/airflow/example_dags/example_setup_teardown.py
[2024-02-21T20:01:49.935+0000] {processor.py:840} INFO - DAG(s) 'example_setup_teardown' retrieved from /home/airflow/.local/lib/python3.8/site-packages/airflow/example_dags/example_setup_teardown.py
[2024-02-21T20:01:49.956+0000] {logging_mixin.py:188} INFO - [2024-02-21T20:01:49.956+0000] {dag.py:3036} INFO - Sync 1 DAGs
[2024-02-21T20:01:49.976+0000] {logging_mixin.py:188} INFO - [2024-02-21T20:01:49.975+0000] {dag.py:3823} INFO - Setting next_dagrun for example_setup_teardown to 2024-02-20 00:00:00+00:00, run_after=2024-02-21 00:00:00+00:00
[2024-02-21T20:01:49.993+0000] {processor.py:183} INFO - Processing /home/airflow/.local/lib/python3.8/site-packages/airflow/example_dags/example_setup_teardown.py took 0.069 seconds
