[2024-02-21T19:49:57.845+0000] {processor.py:161} INFO - Started process (PID=69) to work on /home/airflow/.local/lib/python3.8/site-packages/airflow/example_dags/example_sla_dag.py
[2024-02-21T19:49:57.859+0000] {processor.py:830} INFO - Processing file /home/airflow/.local/lib/python3.8/site-packages/airflow/example_dags/example_sla_dag.py for tasks to queue
[2024-02-21T19:49:58.045+0000] {logging_mixin.py:188} INFO - [2024-02-21T19:49:58.045+0000] {dagbag.py:538} INFO - Filling up the DagBag from /home/airflow/.local/lib/python3.8/site-packages/airflow/example_dags/example_sla_dag.py
[2024-02-21T19:49:58.131+0000] {processor.py:840} INFO - DAG(s) 'example_sla_dag' retrieved from /home/airflow/.local/lib/python3.8/site-packages/airflow/example_dags/example_sla_dag.py
[2024-02-21T19:49:58.593+0000] {logging_mixin.py:188} INFO - [2024-02-21T19:49:58.593+0000] {dag.py:3036} INFO - Sync 1 DAGs
[2024-02-21T19:49:58.681+0000] {logging_mixin.py:188} INFO - [2024-02-21T19:49:58.681+0000] {dag.py:3823} INFO - Setting next_dagrun for example_sla_dag to 2024-02-21 19:46:00+00:00, run_after=2024-02-21 19:48:00+00:00
[2024-02-21T19:49:58.796+0000] {processor.py:183} INFO - Processing /home/airflow/.local/lib/python3.8/site-packages/airflow/example_dags/example_sla_dag.py took 1.146 seconds
[2024-02-21T19:50:29.040+0000] {processor.py:161} INFO - Started process (PID=124) to work on /home/airflow/.local/lib/python3.8/site-packages/airflow/example_dags/example_sla_dag.py
[2024-02-21T19:50:29.041+0000] {processor.py:830} INFO - Processing file /home/airflow/.local/lib/python3.8/site-packages/airflow/example_dags/example_sla_dag.py for tasks to queue
[2024-02-21T19:50:29.042+0000] {logging_mixin.py:188} INFO - [2024-02-21T19:50:29.042+0000] {dagbag.py:538} INFO - Filling up the DagBag from /home/airflow/.local/lib/python3.8/site-packages/airflow/example_dags/example_sla_dag.py
[2024-02-21T19:50:29.051+0000] {processor.py:840} INFO - DAG(s) 'example_sla_dag' retrieved from /home/airflow/.local/lib/python3.8/site-packages/airflow/example_dags/example_sla_dag.py
[2024-02-21T19:50:29.070+0000] {logging_mixin.py:188} INFO - [2024-02-21T19:50:29.070+0000] {dag.py:3036} INFO - Sync 1 DAGs
[2024-02-21T19:50:29.094+0000] {logging_mixin.py:188} INFO - [2024-02-21T19:50:29.094+0000] {dag.py:3823} INFO - Setting next_dagrun for example_sla_dag to 2024-02-21 19:48:00+00:00, run_after=2024-02-21 19:50:00+00:00
[2024-02-21T19:50:29.112+0000] {processor.py:183} INFO - Processing /home/airflow/.local/lib/python3.8/site-packages/airflow/example_dags/example_sla_dag.py took 0.075 seconds
[2024-02-21T19:50:59.246+0000] {processor.py:161} INFO - Started process (PID=179) to work on /home/airflow/.local/lib/python3.8/site-packages/airflow/example_dags/example_sla_dag.py
[2024-02-21T19:50:59.247+0000] {processor.py:830} INFO - Processing file /home/airflow/.local/lib/python3.8/site-packages/airflow/example_dags/example_sla_dag.py for tasks to queue
[2024-02-21T19:50:59.248+0000] {logging_mixin.py:188} INFO - [2024-02-21T19:50:59.248+0000] {dagbag.py:538} INFO - Filling up the DagBag from /home/airflow/.local/lib/python3.8/site-packages/airflow/example_dags/example_sla_dag.py
[2024-02-21T19:50:59.256+0000] {processor.py:840} INFO - DAG(s) 'example_sla_dag' retrieved from /home/airflow/.local/lib/python3.8/site-packages/airflow/example_dags/example_sla_dag.py
[2024-02-21T19:50:59.277+0000] {logging_mixin.py:188} INFO - [2024-02-21T19:50:59.276+0000] {dag.py:3036} INFO - Sync 1 DAGs
[2024-02-21T19:50:59.303+0000] {logging_mixin.py:188} INFO - [2024-02-21T19:50:59.302+0000] {dag.py:3823} INFO - Setting next_dagrun for example_sla_dag to 2024-02-21 19:48:00+00:00, run_after=2024-02-21 19:50:00+00:00
[2024-02-21T19:50:59.327+0000] {processor.py:183} INFO - Processing /home/airflow/.local/lib/python3.8/site-packages/airflow/example_dags/example_sla_dag.py took 0.084 seconds
[2024-02-21T19:51:29.685+0000] {processor.py:161} INFO - Started process (PID=234) to work on /home/airflow/.local/lib/python3.8/site-packages/airflow/example_dags/example_sla_dag.py
[2024-02-21T19:51:29.687+0000] {processor.py:830} INFO - Processing file /home/airflow/.local/lib/python3.8/site-packages/airflow/example_dags/example_sla_dag.py for tasks to queue
[2024-02-21T19:51:29.689+0000] {logging_mixin.py:188} INFO - [2024-02-21T19:51:29.689+0000] {dagbag.py:538} INFO - Filling up the DagBag from /home/airflow/.local/lib/python3.8/site-packages/airflow/example_dags/example_sla_dag.py
[2024-02-21T19:51:29.699+0000] {processor.py:840} INFO - DAG(s) 'example_sla_dag' retrieved from /home/airflow/.local/lib/python3.8/site-packages/airflow/example_dags/example_sla_dag.py
[2024-02-21T19:51:29.719+0000] {logging_mixin.py:188} INFO - [2024-02-21T19:51:29.719+0000] {dag.py:3036} INFO - Sync 1 DAGs
[2024-02-21T19:51:29.746+0000] {logging_mixin.py:188} INFO - [2024-02-21T19:51:29.746+0000] {dag.py:3823} INFO - Setting next_dagrun for example_sla_dag to 2024-02-21 19:48:00+00:00, run_after=2024-02-21 19:50:00+00:00
[2024-02-21T19:51:29.767+0000] {processor.py:183} INFO - Processing /home/airflow/.local/lib/python3.8/site-packages/airflow/example_dags/example_sla_dag.py took 0.086 seconds
[2024-02-21T19:52:00.290+0000] {processor.py:161} INFO - Started process (PID=289) to work on /home/airflow/.local/lib/python3.8/site-packages/airflow/example_dags/example_sla_dag.py
[2024-02-21T19:52:00.297+0000] {processor.py:830} INFO - Processing file /home/airflow/.local/lib/python3.8/site-packages/airflow/example_dags/example_sla_dag.py for tasks to queue
[2024-02-21T19:52:00.305+0000] {logging_mixin.py:188} INFO - [2024-02-21T19:52:00.305+0000] {dagbag.py:538} INFO - Filling up the DagBag from /home/airflow/.local/lib/python3.8/site-packages/airflow/example_dags/example_sla_dag.py
[2024-02-21T19:52:00.323+0000] {processor.py:840} INFO - DAG(s) 'example_sla_dag' retrieved from /home/airflow/.local/lib/python3.8/site-packages/airflow/example_dags/example_sla_dag.py
[2024-02-21T19:52:00.349+0000] {logging_mixin.py:188} INFO - [2024-02-21T19:52:00.349+0000] {dag.py:3036} INFO - Sync 1 DAGs
[2024-02-21T19:52:00.385+0000] {logging_mixin.py:188} INFO - [2024-02-21T19:52:00.385+0000] {dag.py:3823} INFO - Setting next_dagrun for example_sla_dag to 2024-02-21 19:50:00+00:00, run_after=2024-02-21 19:52:00+00:00
[2024-02-21T19:52:00.406+0000] {processor.py:183} INFO - Processing /home/airflow/.local/lib/python3.8/site-packages/airflow/example_dags/example_sla_dag.py took 0.130 seconds
[2024-02-21T19:52:30.517+0000] {processor.py:161} INFO - Started process (PID=344) to work on /home/airflow/.local/lib/python3.8/site-packages/airflow/example_dags/example_sla_dag.py
[2024-02-21T19:52:30.519+0000] {processor.py:830} INFO - Processing file /home/airflow/.local/lib/python3.8/site-packages/airflow/example_dags/example_sla_dag.py for tasks to queue
[2024-02-21T19:52:30.522+0000] {logging_mixin.py:188} INFO - [2024-02-21T19:52:30.522+0000] {dagbag.py:538} INFO - Filling up the DagBag from /home/airflow/.local/lib/python3.8/site-packages/airflow/example_dags/example_sla_dag.py
[2024-02-21T19:52:30.535+0000] {processor.py:840} INFO - DAG(s) 'example_sla_dag' retrieved from /home/airflow/.local/lib/python3.8/site-packages/airflow/example_dags/example_sla_dag.py
[2024-02-21T19:52:30.562+0000] {logging_mixin.py:188} INFO - [2024-02-21T19:52:30.562+0000] {dag.py:3036} INFO - Sync 1 DAGs
[2024-02-21T19:52:30.597+0000] {logging_mixin.py:188} INFO - [2024-02-21T19:52:30.597+0000] {dag.py:3823} INFO - Setting next_dagrun for example_sla_dag to 2024-02-21 19:50:00+00:00, run_after=2024-02-21 19:52:00+00:00
[2024-02-21T19:52:30.623+0000] {processor.py:183} INFO - Processing /home/airflow/.local/lib/python3.8/site-packages/airflow/example_dags/example_sla_dag.py took 0.112 seconds
[2024-02-21T19:53:00.702+0000] {processor.py:161} INFO - Started process (PID=399) to work on /home/airflow/.local/lib/python3.8/site-packages/airflow/example_dags/example_sla_dag.py
[2024-02-21T19:53:00.703+0000] {processor.py:830} INFO - Processing file /home/airflow/.local/lib/python3.8/site-packages/airflow/example_dags/example_sla_dag.py for tasks to queue
[2024-02-21T19:53:00.706+0000] {logging_mixin.py:188} INFO - [2024-02-21T19:53:00.705+0000] {dagbag.py:538} INFO - Filling up the DagBag from /home/airflow/.local/lib/python3.8/site-packages/airflow/example_dags/example_sla_dag.py
[2024-02-21T19:53:00.716+0000] {processor.py:840} INFO - DAG(s) 'example_sla_dag' retrieved from /home/airflow/.local/lib/python3.8/site-packages/airflow/example_dags/example_sla_dag.py
[2024-02-21T19:53:00.736+0000] {logging_mixin.py:188} INFO - [2024-02-21T19:53:00.735+0000] {dag.py:3036} INFO - Sync 1 DAGs
[2024-02-21T19:53:00.775+0000] {logging_mixin.py:188} INFO - [2024-02-21T19:53:00.775+0000] {dag.py:3823} INFO - Setting next_dagrun for example_sla_dag to 2024-02-21 19:50:00+00:00, run_after=2024-02-21 19:52:00+00:00
[2024-02-21T19:53:01.563+0000] {processor.py:183} INFO - Processing /home/airflow/.local/lib/python3.8/site-packages/airflow/example_dags/example_sla_dag.py took 0.866 seconds
[2024-02-21T19:53:32.348+0000] {processor.py:161} INFO - Started process (PID=454) to work on /home/airflow/.local/lib/python3.8/site-packages/airflow/example_dags/example_sla_dag.py
[2024-02-21T19:53:32.390+0000] {processor.py:830} INFO - Processing file /home/airflow/.local/lib/python3.8/site-packages/airflow/example_dags/example_sla_dag.py for tasks to queue
[2024-02-21T19:53:32.392+0000] {logging_mixin.py:188} INFO - [2024-02-21T19:53:32.391+0000] {dagbag.py:538} INFO - Filling up the DagBag from /home/airflow/.local/lib/python3.8/site-packages/airflow/example_dags/example_sla_dag.py
[2024-02-21T19:53:32.400+0000] {processor.py:840} INFO - DAG(s) 'example_sla_dag' retrieved from /home/airflow/.local/lib/python3.8/site-packages/airflow/example_dags/example_sla_dag.py
[2024-02-21T19:53:32.421+0000] {logging_mixin.py:188} INFO - [2024-02-21T19:53:32.421+0000] {dag.py:3036} INFO - Sync 1 DAGs
[2024-02-21T19:53:32.490+0000] {logging_mixin.py:188} INFO - [2024-02-21T19:53:32.490+0000] {dag.py:3823} INFO - Setting next_dagrun for example_sla_dag to 2024-02-21 19:50:00+00:00, run_after=2024-02-21 19:52:00+00:00
[2024-02-21T19:53:32.511+0000] {processor.py:183} INFO - Processing /home/airflow/.local/lib/python3.8/site-packages/airflow/example_dags/example_sla_dag.py took 0.165 seconds
[2024-02-21T19:54:02.931+0000] {processor.py:161} INFO - Started process (PID=509) to work on /home/airflow/.local/lib/python3.8/site-packages/airflow/example_dags/example_sla_dag.py
[2024-02-21T19:54:02.932+0000] {processor.py:830} INFO - Processing file /home/airflow/.local/lib/python3.8/site-packages/airflow/example_dags/example_sla_dag.py for tasks to queue
[2024-02-21T19:54:02.934+0000] {logging_mixin.py:188} INFO - [2024-02-21T19:54:02.934+0000] {dagbag.py:538} INFO - Filling up the DagBag from /home/airflow/.local/lib/python3.8/site-packages/airflow/example_dags/example_sla_dag.py
[2024-02-21T19:54:02.944+0000] {processor.py:840} INFO - DAG(s) 'example_sla_dag' retrieved from /home/airflow/.local/lib/python3.8/site-packages/airflow/example_dags/example_sla_dag.py
[2024-02-21T19:54:02.963+0000] {logging_mixin.py:188} INFO - [2024-02-21T19:54:02.963+0000] {dag.py:3036} INFO - Sync 1 DAGs
[2024-02-21T19:54:03.002+0000] {logging_mixin.py:188} INFO - [2024-02-21T19:54:03.002+0000] {dag.py:3823} INFO - Setting next_dagrun for example_sla_dag to 2024-02-21 19:52:00+00:00, run_after=2024-02-21 19:54:00+00:00
[2024-02-21T19:54:03.032+0000] {processor.py:183} INFO - Processing /home/airflow/.local/lib/python3.8/site-packages/airflow/example_dags/example_sla_dag.py took 0.103 seconds
[2024-02-21T19:54:33.111+0000] {processor.py:161} INFO - Started process (PID=564) to work on /home/airflow/.local/lib/python3.8/site-packages/airflow/example_dags/example_sla_dag.py
[2024-02-21T19:54:33.112+0000] {processor.py:830} INFO - Processing file /home/airflow/.local/lib/python3.8/site-packages/airflow/example_dags/example_sla_dag.py for tasks to queue
[2024-02-21T19:54:33.114+0000] {logging_mixin.py:188} INFO - [2024-02-21T19:54:33.114+0000] {dagbag.py:538} INFO - Filling up the DagBag from /home/airflow/.local/lib/python3.8/site-packages/airflow/example_dags/example_sla_dag.py
[2024-02-21T19:54:33.123+0000] {processor.py:840} INFO - DAG(s) 'example_sla_dag' retrieved from /home/airflow/.local/lib/python3.8/site-packages/airflow/example_dags/example_sla_dag.py
[2024-02-21T19:54:33.146+0000] {logging_mixin.py:188} INFO - [2024-02-21T19:54:33.146+0000] {dag.py:3036} INFO - Sync 1 DAGs
[2024-02-21T19:54:33.176+0000] {logging_mixin.py:188} INFO - [2024-02-21T19:54:33.176+0000] {dag.py:3823} INFO - Setting next_dagrun for example_sla_dag to 2024-02-21 19:52:00+00:00, run_after=2024-02-21 19:54:00+00:00
[2024-02-21T19:54:33.202+0000] {processor.py:183} INFO - Processing /home/airflow/.local/lib/python3.8/site-packages/airflow/example_dags/example_sla_dag.py took 0.094 seconds
[2024-02-21T19:55:03.422+0000] {processor.py:161} INFO - Started process (PID=619) to work on /home/airflow/.local/lib/python3.8/site-packages/airflow/example_dags/example_sla_dag.py
[2024-02-21T19:55:03.423+0000] {processor.py:830} INFO - Processing file /home/airflow/.local/lib/python3.8/site-packages/airflow/example_dags/example_sla_dag.py for tasks to queue
[2024-02-21T19:55:03.425+0000] {logging_mixin.py:188} INFO - [2024-02-21T19:55:03.425+0000] {dagbag.py:538} INFO - Filling up the DagBag from /home/airflow/.local/lib/python3.8/site-packages/airflow/example_dags/example_sla_dag.py
[2024-02-21T19:55:03.434+0000] {processor.py:840} INFO - DAG(s) 'example_sla_dag' retrieved from /home/airflow/.local/lib/python3.8/site-packages/airflow/example_dags/example_sla_dag.py
[2024-02-21T19:55:03.450+0000] {logging_mixin.py:188} INFO - [2024-02-21T19:55:03.450+0000] {dag.py:3036} INFO - Sync 1 DAGs
[2024-02-21T19:55:03.473+0000] {logging_mixin.py:188} INFO - [2024-02-21T19:55:03.473+0000] {dag.py:3823} INFO - Setting next_dagrun for example_sla_dag to 2024-02-21 19:52:00+00:00, run_after=2024-02-21 19:54:00+00:00
[2024-02-21T19:55:03.497+0000] {processor.py:183} INFO - Processing /home/airflow/.local/lib/python3.8/site-packages/airflow/example_dags/example_sla_dag.py took 0.078 seconds
[2024-02-21T19:55:34.080+0000] {processor.py:161} INFO - Started process (PID=674) to work on /home/airflow/.local/lib/python3.8/site-packages/airflow/example_dags/example_sla_dag.py
[2024-02-21T19:55:34.081+0000] {processor.py:830} INFO - Processing file /home/airflow/.local/lib/python3.8/site-packages/airflow/example_dags/example_sla_dag.py for tasks to queue
[2024-02-21T19:55:34.083+0000] {logging_mixin.py:188} INFO - [2024-02-21T19:55:34.082+0000] {dagbag.py:538} INFO - Filling up the DagBag from /home/airflow/.local/lib/python3.8/site-packages/airflow/example_dags/example_sla_dag.py
[2024-02-21T19:55:34.090+0000] {processor.py:840} INFO - DAG(s) 'example_sla_dag' retrieved from /home/airflow/.local/lib/python3.8/site-packages/airflow/example_dags/example_sla_dag.py
[2024-02-21T19:55:34.110+0000] {logging_mixin.py:188} INFO - [2024-02-21T19:55:34.110+0000] {dag.py:3036} INFO - Sync 1 DAGs
[2024-02-21T19:55:34.135+0000] {logging_mixin.py:188} INFO - [2024-02-21T19:55:34.134+0000] {dag.py:3823} INFO - Setting next_dagrun for example_sla_dag to 2024-02-21 19:52:00+00:00, run_after=2024-02-21 19:54:00+00:00
[2024-02-21T19:55:34.158+0000] {processor.py:183} INFO - Processing /home/airflow/.local/lib/python3.8/site-packages/airflow/example_dags/example_sla_dag.py took 0.081 seconds
[2024-02-21T19:56:04.336+0000] {processor.py:161} INFO - Started process (PID=729) to work on /home/airflow/.local/lib/python3.8/site-packages/airflow/example_dags/example_sla_dag.py
[2024-02-21T19:56:04.337+0000] {processor.py:830} INFO - Processing file /home/airflow/.local/lib/python3.8/site-packages/airflow/example_dags/example_sla_dag.py for tasks to queue
[2024-02-21T19:56:04.339+0000] {logging_mixin.py:188} INFO - [2024-02-21T19:56:04.339+0000] {dagbag.py:538} INFO - Filling up the DagBag from /home/airflow/.local/lib/python3.8/site-packages/airflow/example_dags/example_sla_dag.py
[2024-02-21T19:56:04.347+0000] {processor.py:840} INFO - DAG(s) 'example_sla_dag' retrieved from /home/airflow/.local/lib/python3.8/site-packages/airflow/example_dags/example_sla_dag.py
[2024-02-21T19:56:04.365+0000] {logging_mixin.py:188} INFO - [2024-02-21T19:56:04.365+0000] {dag.py:3036} INFO - Sync 1 DAGs
[2024-02-21T19:56:04.391+0000] {logging_mixin.py:188} INFO - [2024-02-21T19:56:04.391+0000] {dag.py:3823} INFO - Setting next_dagrun for example_sla_dag to 2024-02-21 19:54:00+00:00, run_after=2024-02-21 19:56:00+00:00
[2024-02-21T19:56:04.410+0000] {processor.py:183} INFO - Processing /home/airflow/.local/lib/python3.8/site-packages/airflow/example_dags/example_sla_dag.py took 0.077 seconds
[2024-02-21T19:56:34.494+0000] {processor.py:161} INFO - Started process (PID=784) to work on /home/airflow/.local/lib/python3.8/site-packages/airflow/example_dags/example_sla_dag.py
[2024-02-21T19:56:34.495+0000] {processor.py:830} INFO - Processing file /home/airflow/.local/lib/python3.8/site-packages/airflow/example_dags/example_sla_dag.py for tasks to queue
[2024-02-21T19:56:34.497+0000] {logging_mixin.py:188} INFO - [2024-02-21T19:56:34.496+0000] {dagbag.py:538} INFO - Filling up the DagBag from /home/airflow/.local/lib/python3.8/site-packages/airflow/example_dags/example_sla_dag.py
[2024-02-21T19:56:34.504+0000] {processor.py:840} INFO - DAG(s) 'example_sla_dag' retrieved from /home/airflow/.local/lib/python3.8/site-packages/airflow/example_dags/example_sla_dag.py
[2024-02-21T19:56:34.525+0000] {logging_mixin.py:188} INFO - [2024-02-21T19:56:34.525+0000] {dag.py:3036} INFO - Sync 1 DAGs
[2024-02-21T19:56:34.550+0000] {logging_mixin.py:188} INFO - [2024-02-21T19:56:34.549+0000] {dag.py:3823} INFO - Setting next_dagrun for example_sla_dag to 2024-02-21 19:54:00+00:00, run_after=2024-02-21 19:56:00+00:00
[2024-02-21T19:56:34.568+0000] {processor.py:183} INFO - Processing /home/airflow/.local/lib/python3.8/site-packages/airflow/example_dags/example_sla_dag.py took 0.077 seconds
[2024-02-21T19:57:04.810+0000] {processor.py:161} INFO - Started process (PID=839) to work on /home/airflow/.local/lib/python3.8/site-packages/airflow/example_dags/example_sla_dag.py
[2024-02-21T19:57:04.811+0000] {processor.py:830} INFO - Processing file /home/airflow/.local/lib/python3.8/site-packages/airflow/example_dags/example_sla_dag.py for tasks to queue
[2024-02-21T19:57:04.813+0000] {logging_mixin.py:188} INFO - [2024-02-21T19:57:04.812+0000] {dagbag.py:538} INFO - Filling up the DagBag from /home/airflow/.local/lib/python3.8/site-packages/airflow/example_dags/example_sla_dag.py
[2024-02-21T19:57:04.820+0000] {processor.py:840} INFO - DAG(s) 'example_sla_dag' retrieved from /home/airflow/.local/lib/python3.8/site-packages/airflow/example_dags/example_sla_dag.py
[2024-02-21T19:57:04.838+0000] {logging_mixin.py:188} INFO - [2024-02-21T19:57:04.837+0000] {dag.py:3036} INFO - Sync 1 DAGs
[2024-02-21T19:57:04.862+0000] {logging_mixin.py:188} INFO - [2024-02-21T19:57:04.861+0000] {dag.py:3823} INFO - Setting next_dagrun for example_sla_dag to 2024-02-21 19:54:00+00:00, run_after=2024-02-21 19:56:00+00:00
[2024-02-21T19:57:04.882+0000] {processor.py:183} INFO - Processing /home/airflow/.local/lib/python3.8/site-packages/airflow/example_dags/example_sla_dag.py took 0.075 seconds
[2024-02-21T19:57:35.053+0000] {processor.py:161} INFO - Started process (PID=894) to work on /home/airflow/.local/lib/python3.8/site-packages/airflow/example_dags/example_sla_dag.py
[2024-02-21T19:57:35.054+0000] {processor.py:830} INFO - Processing file /home/airflow/.local/lib/python3.8/site-packages/airflow/example_dags/example_sla_dag.py for tasks to queue
[2024-02-21T19:57:35.055+0000] {logging_mixin.py:188} INFO - [2024-02-21T19:57:35.055+0000] {dagbag.py:538} INFO - Filling up the DagBag from /home/airflow/.local/lib/python3.8/site-packages/airflow/example_dags/example_sla_dag.py
[2024-02-21T19:57:35.064+0000] {processor.py:840} INFO - DAG(s) 'example_sla_dag' retrieved from /home/airflow/.local/lib/python3.8/site-packages/airflow/example_dags/example_sla_dag.py
[2024-02-21T19:57:35.082+0000] {logging_mixin.py:188} INFO - [2024-02-21T19:57:35.081+0000] {dag.py:3036} INFO - Sync 1 DAGs
[2024-02-21T19:57:35.105+0000] {logging_mixin.py:188} INFO - [2024-02-21T19:57:35.104+0000] {dag.py:3823} INFO - Setting next_dagrun for example_sla_dag to 2024-02-21 19:54:00+00:00, run_after=2024-02-21 19:56:00+00:00
[2024-02-21T19:57:35.121+0000] {processor.py:183} INFO - Processing /home/airflow/.local/lib/python3.8/site-packages/airflow/example_dags/example_sla_dag.py took 0.072 seconds
[2024-02-21T19:58:05.496+0000] {processor.py:161} INFO - Started process (PID=949) to work on /home/airflow/.local/lib/python3.8/site-packages/airflow/example_dags/example_sla_dag.py
[2024-02-21T19:58:05.497+0000] {processor.py:830} INFO - Processing file /home/airflow/.local/lib/python3.8/site-packages/airflow/example_dags/example_sla_dag.py for tasks to queue
[2024-02-21T19:58:05.499+0000] {logging_mixin.py:188} INFO - [2024-02-21T19:58:05.498+0000] {dagbag.py:538} INFO - Filling up the DagBag from /home/airflow/.local/lib/python3.8/site-packages/airflow/example_dags/example_sla_dag.py
[2024-02-21T19:58:05.506+0000] {processor.py:840} INFO - DAG(s) 'example_sla_dag' retrieved from /home/airflow/.local/lib/python3.8/site-packages/airflow/example_dags/example_sla_dag.py
[2024-02-21T19:58:05.523+0000] {logging_mixin.py:188} INFO - [2024-02-21T19:58:05.522+0000] {dag.py:3036} INFO - Sync 1 DAGs
[2024-02-21T19:58:05.547+0000] {logging_mixin.py:188} INFO - [2024-02-21T19:58:05.546+0000] {dag.py:3823} INFO - Setting next_dagrun for example_sla_dag to 2024-02-21 19:56:00+00:00, run_after=2024-02-21 19:58:00+00:00
[2024-02-21T19:58:05.565+0000] {processor.py:183} INFO - Processing /home/airflow/.local/lib/python3.8/site-packages/airflow/example_dags/example_sla_dag.py took 0.071 seconds
[2024-02-21T19:58:35.967+0000] {processor.py:161} INFO - Started process (PID=1004) to work on /home/airflow/.local/lib/python3.8/site-packages/airflow/example_dags/example_sla_dag.py
[2024-02-21T19:58:35.968+0000] {processor.py:830} INFO - Processing file /home/airflow/.local/lib/python3.8/site-packages/airflow/example_dags/example_sla_dag.py for tasks to queue
[2024-02-21T19:58:35.969+0000] {logging_mixin.py:188} INFO - [2024-02-21T19:58:35.969+0000] {dagbag.py:538} INFO - Filling up the DagBag from /home/airflow/.local/lib/python3.8/site-packages/airflow/example_dags/example_sla_dag.py
[2024-02-21T19:58:35.978+0000] {processor.py:840} INFO - DAG(s) 'example_sla_dag' retrieved from /home/airflow/.local/lib/python3.8/site-packages/airflow/example_dags/example_sla_dag.py
[2024-02-21T19:58:36.000+0000] {logging_mixin.py:188} INFO - [2024-02-21T19:58:35.999+0000] {dag.py:3036} INFO - Sync 1 DAGs
[2024-02-21T19:58:36.024+0000] {logging_mixin.py:188} INFO - [2024-02-21T19:58:36.024+0000] {dag.py:3823} INFO - Setting next_dagrun for example_sla_dag to 2024-02-21 19:56:00+00:00, run_after=2024-02-21 19:58:00+00:00
[2024-02-21T19:58:36.041+0000] {processor.py:183} INFO - Processing /home/airflow/.local/lib/python3.8/site-packages/airflow/example_dags/example_sla_dag.py took 0.077 seconds
[2024-02-21T19:59:06.375+0000] {processor.py:161} INFO - Started process (PID=1059) to work on /home/airflow/.local/lib/python3.8/site-packages/airflow/example_dags/example_sla_dag.py
[2024-02-21T19:59:06.375+0000] {processor.py:830} INFO - Processing file /home/airflow/.local/lib/python3.8/site-packages/airflow/example_dags/example_sla_dag.py for tasks to queue
[2024-02-21T19:59:06.377+0000] {logging_mixin.py:188} INFO - [2024-02-21T19:59:06.377+0000] {dagbag.py:538} INFO - Filling up the DagBag from /home/airflow/.local/lib/python3.8/site-packages/airflow/example_dags/example_sla_dag.py
[2024-02-21T19:59:06.385+0000] {processor.py:840} INFO - DAG(s) 'example_sla_dag' retrieved from /home/airflow/.local/lib/python3.8/site-packages/airflow/example_dags/example_sla_dag.py
[2024-02-21T19:59:06.406+0000] {logging_mixin.py:188} INFO - [2024-02-21T19:59:06.406+0000] {dag.py:3036} INFO - Sync 1 DAGs
[2024-02-21T19:59:06.429+0000] {logging_mixin.py:188} INFO - [2024-02-21T19:59:06.429+0000] {dag.py:3823} INFO - Setting next_dagrun for example_sla_dag to 2024-02-21 19:56:00+00:00, run_after=2024-02-21 19:58:00+00:00
[2024-02-21T19:59:06.447+0000] {processor.py:183} INFO - Processing /home/airflow/.local/lib/python3.8/site-packages/airflow/example_dags/example_sla_dag.py took 0.074 seconds
[2024-02-21T19:59:36.813+0000] {processor.py:161} INFO - Started process (PID=1114) to work on /home/airflow/.local/lib/python3.8/site-packages/airflow/example_dags/example_sla_dag.py
[2024-02-21T19:59:36.814+0000] {processor.py:830} INFO - Processing file /home/airflow/.local/lib/python3.8/site-packages/airflow/example_dags/example_sla_dag.py for tasks to queue
[2024-02-21T19:59:36.816+0000] {logging_mixin.py:188} INFO - [2024-02-21T19:59:36.815+0000] {dagbag.py:538} INFO - Filling up the DagBag from /home/airflow/.local/lib/python3.8/site-packages/airflow/example_dags/example_sla_dag.py
[2024-02-21T19:59:36.823+0000] {processor.py:840} INFO - DAG(s) 'example_sla_dag' retrieved from /home/airflow/.local/lib/python3.8/site-packages/airflow/example_dags/example_sla_dag.py
[2024-02-21T19:59:36.843+0000] {logging_mixin.py:188} INFO - [2024-02-21T19:59:36.843+0000] {dag.py:3036} INFO - Sync 1 DAGs
[2024-02-21T19:59:36.866+0000] {logging_mixin.py:188} INFO - [2024-02-21T19:59:36.865+0000] {dag.py:3823} INFO - Setting next_dagrun for example_sla_dag to 2024-02-21 19:56:00+00:00, run_after=2024-02-21 19:58:00+00:00
[2024-02-21T19:59:36.885+0000] {processor.py:183} INFO - Processing /home/airflow/.local/lib/python3.8/site-packages/airflow/example_dags/example_sla_dag.py took 0.075 seconds
[2024-02-21T20:00:07.392+0000] {processor.py:161} INFO - Started process (PID=1169) to work on /home/airflow/.local/lib/python3.8/site-packages/airflow/example_dags/example_sla_dag.py
[2024-02-21T20:00:07.393+0000] {processor.py:830} INFO - Processing file /home/airflow/.local/lib/python3.8/site-packages/airflow/example_dags/example_sla_dag.py for tasks to queue
[2024-02-21T20:00:07.396+0000] {logging_mixin.py:188} INFO - [2024-02-21T20:00:07.395+0000] {dagbag.py:538} INFO - Filling up the DagBag from /home/airflow/.local/lib/python3.8/site-packages/airflow/example_dags/example_sla_dag.py
[2024-02-21T20:00:07.407+0000] {processor.py:840} INFO - DAG(s) 'example_sla_dag' retrieved from /home/airflow/.local/lib/python3.8/site-packages/airflow/example_dags/example_sla_dag.py
[2024-02-21T20:00:07.429+0000] {logging_mixin.py:188} INFO - [2024-02-21T20:00:07.429+0000] {dag.py:3036} INFO - Sync 1 DAGs
[2024-02-21T20:00:07.453+0000] {logging_mixin.py:188} INFO - [2024-02-21T20:00:07.453+0000] {dag.py:3823} INFO - Setting next_dagrun for example_sla_dag to 2024-02-21 19:58:00+00:00, run_after=2024-02-21 20:00:00+00:00
[2024-02-21T20:00:07.489+0000] {processor.py:183} INFO - Processing /home/airflow/.local/lib/python3.8/site-packages/airflow/example_dags/example_sla_dag.py took 0.102 seconds
[2024-02-21T20:00:37.912+0000] {processor.py:161} INFO - Started process (PID=1224) to work on /home/airflow/.local/lib/python3.8/site-packages/airflow/example_dags/example_sla_dag.py
[2024-02-21T20:00:37.913+0000] {processor.py:830} INFO - Processing file /home/airflow/.local/lib/python3.8/site-packages/airflow/example_dags/example_sla_dag.py for tasks to queue
[2024-02-21T20:00:37.915+0000] {logging_mixin.py:188} INFO - [2024-02-21T20:00:37.915+0000] {dagbag.py:538} INFO - Filling up the DagBag from /home/airflow/.local/lib/python3.8/site-packages/airflow/example_dags/example_sla_dag.py
[2024-02-21T20:00:37.923+0000] {processor.py:840} INFO - DAG(s) 'example_sla_dag' retrieved from /home/airflow/.local/lib/python3.8/site-packages/airflow/example_dags/example_sla_dag.py
[2024-02-21T20:00:37.941+0000] {logging_mixin.py:188} INFO - [2024-02-21T20:00:37.940+0000] {dag.py:3036} INFO - Sync 1 DAGs
[2024-02-21T20:00:37.976+0000] {logging_mixin.py:188} INFO - [2024-02-21T20:00:37.976+0000] {dag.py:3823} INFO - Setting next_dagrun for example_sla_dag to 2024-02-21 19:58:00+00:00, run_after=2024-02-21 20:00:00+00:00
[2024-02-21T20:00:38.001+0000] {processor.py:183} INFO - Processing /home/airflow/.local/lib/python3.8/site-packages/airflow/example_dags/example_sla_dag.py took 0.092 seconds
[2024-02-21T20:01:08.167+0000] {processor.py:161} INFO - Started process (PID=1285) to work on /home/airflow/.local/lib/python3.8/site-packages/airflow/example_dags/example_sla_dag.py
[2024-02-21T20:01:08.168+0000] {processor.py:830} INFO - Processing file /home/airflow/.local/lib/python3.8/site-packages/airflow/example_dags/example_sla_dag.py for tasks to queue
[2024-02-21T20:01:08.171+0000] {logging_mixin.py:188} INFO - [2024-02-21T20:01:08.170+0000] {dagbag.py:538} INFO - Filling up the DagBag from /home/airflow/.local/lib/python3.8/site-packages/airflow/example_dags/example_sla_dag.py
[2024-02-21T20:01:08.180+0000] {processor.py:840} INFO - DAG(s) 'example_sla_dag' retrieved from /home/airflow/.local/lib/python3.8/site-packages/airflow/example_dags/example_sla_dag.py
[2024-02-21T20:01:08.203+0000] {logging_mixin.py:188} INFO - [2024-02-21T20:01:08.202+0000] {dag.py:3036} INFO - Sync 1 DAGs
[2024-02-21T20:01:08.233+0000] {logging_mixin.py:188} INFO - [2024-02-21T20:01:08.233+0000] {dag.py:3823} INFO - Setting next_dagrun for example_sla_dag to 2024-02-21 19:58:00+00:00, run_after=2024-02-21 20:00:00+00:00
[2024-02-21T20:01:08.251+0000] {processor.py:183} INFO - Processing /home/airflow/.local/lib/python3.8/site-packages/airflow/example_dags/example_sla_dag.py took 0.087 seconds
[2024-02-21T20:01:38.595+0000] {processor.py:161} INFO - Started process (PID=1340) to work on /home/airflow/.local/lib/python3.8/site-packages/airflow/example_dags/example_sla_dag.py
[2024-02-21T20:01:38.596+0000] {processor.py:830} INFO - Processing file /home/airflow/.local/lib/python3.8/site-packages/airflow/example_dags/example_sla_dag.py for tasks to queue
[2024-02-21T20:01:38.598+0000] {logging_mixin.py:188} INFO - [2024-02-21T20:01:38.598+0000] {dagbag.py:538} INFO - Filling up the DagBag from /home/airflow/.local/lib/python3.8/site-packages/airflow/example_dags/example_sla_dag.py
[2024-02-21T20:01:38.606+0000] {processor.py:840} INFO - DAG(s) 'example_sla_dag' retrieved from /home/airflow/.local/lib/python3.8/site-packages/airflow/example_dags/example_sla_dag.py
[2024-02-21T20:01:38.626+0000] {logging_mixin.py:188} INFO - [2024-02-21T20:01:38.625+0000] {dag.py:3036} INFO - Sync 1 DAGs
[2024-02-21T20:01:38.652+0000] {logging_mixin.py:188} INFO - [2024-02-21T20:01:38.651+0000] {dag.py:3823} INFO - Setting next_dagrun for example_sla_dag to 2024-02-21 19:58:00+00:00, run_after=2024-02-21 20:00:00+00:00
[2024-02-21T20:01:38.673+0000] {processor.py:183} INFO - Processing /home/airflow/.local/lib/python3.8/site-packages/airflow/example_dags/example_sla_dag.py took 0.083 seconds
[2024-02-21T20:02:08.851+0000] {processor.py:161} INFO - Started process (PID=1395) to work on /home/airflow/.local/lib/python3.8/site-packages/airflow/example_dags/example_sla_dag.py
[2024-02-21T20:02:08.852+0000] {processor.py:830} INFO - Processing file /home/airflow/.local/lib/python3.8/site-packages/airflow/example_dags/example_sla_dag.py for tasks to queue
[2024-02-21T20:02:08.854+0000] {logging_mixin.py:188} INFO - [2024-02-21T20:02:08.853+0000] {dagbag.py:538} INFO - Filling up the DagBag from /home/airflow/.local/lib/python3.8/site-packages/airflow/example_dags/example_sla_dag.py
[2024-02-21T20:02:08.862+0000] {processor.py:840} INFO - DAG(s) 'example_sla_dag' retrieved from /home/airflow/.local/lib/python3.8/site-packages/airflow/example_dags/example_sla_dag.py
[2024-02-21T20:02:08.881+0000] {logging_mixin.py:188} INFO - [2024-02-21T20:02:08.880+0000] {dag.py:3036} INFO - Sync 1 DAGs
[2024-02-21T20:02:08.906+0000] {logging_mixin.py:188} INFO - [2024-02-21T20:02:08.906+0000] {dag.py:3823} INFO - Setting next_dagrun for example_sla_dag to 2024-02-21 20:00:00+00:00, run_after=2024-02-21 20:02:00+00:00
[2024-02-21T20:02:08.923+0000] {processor.py:183} INFO - Processing /home/airflow/.local/lib/python3.8/site-packages/airflow/example_dags/example_sla_dag.py took 0.076 seconds
