[2024-02-21T19:49:57.462+0000] {processor.py:161} INFO - Started process (PID=68) to work on /home/airflow/.local/lib/python3.8/site-packages/airflow/example_dags/example_xcom.py
[2024-02-21T19:49:57.556+0000] {processor.py:830} INFO - Processing file /home/airflow/.local/lib/python3.8/site-packages/airflow/example_dags/example_xcom.py for tasks to queue
[2024-02-21T19:49:57.559+0000] {logging_mixin.py:188} INFO - [2024-02-21T19:49:57.558+0000] {dagbag.py:538} INFO - Filling up the DagBag from /home/airflow/.local/lib/python3.8/site-packages/airflow/example_dags/example_xcom.py
[2024-02-21T19:49:57.568+0000] {processor.py:840} INFO - DAG(s) 'example_xcom' retrieved from /home/airflow/.local/lib/python3.8/site-packages/airflow/example_dags/example_xcom.py
[2024-02-21T19:49:58.461+0000] {logging_mixin.py:188} INFO - [2024-02-21T19:49:58.460+0000] {dag.py:3036} INFO - Sync 1 DAGs
[2024-02-21T19:49:58.556+0000] {logging_mixin.py:188} INFO - [2024-02-21T19:49:58.555+0000] {dag.py:3823} INFO - Setting next_dagrun for example_xcom to 2021-01-01 00:00:00+00:00, run_after=2021-01-01 00:00:00+00:00
[2024-02-21T19:49:58.796+0000] {processor.py:183} INFO - Processing /home/airflow/.local/lib/python3.8/site-packages/airflow/example_dags/example_xcom.py took 1.510 seconds
[2024-02-21T19:50:29.040+0000] {processor.py:161} INFO - Started process (PID=123) to work on /home/airflow/.local/lib/python3.8/site-packages/airflow/example_dags/example_xcom.py
[2024-02-21T19:50:29.041+0000] {processor.py:830} INFO - Processing file /home/airflow/.local/lib/python3.8/site-packages/airflow/example_dags/example_xcom.py for tasks to queue
[2024-02-21T19:50:29.042+0000] {logging_mixin.py:188} INFO - [2024-02-21T19:50:29.042+0000] {dagbag.py:538} INFO - Filling up the DagBag from /home/airflow/.local/lib/python3.8/site-packages/airflow/example_dags/example_xcom.py
[2024-02-21T19:50:29.050+0000] {processor.py:840} INFO - DAG(s) 'example_xcom' retrieved from /home/airflow/.local/lib/python3.8/site-packages/airflow/example_dags/example_xcom.py
[2024-02-21T19:50:29.071+0000] {logging_mixin.py:188} INFO - [2024-02-21T19:50:29.071+0000] {dag.py:3036} INFO - Sync 1 DAGs
[2024-02-21T19:50:29.091+0000] {logging_mixin.py:188} INFO - [2024-02-21T19:50:29.091+0000] {dag.py:3823} INFO - Setting next_dagrun for example_xcom to 2021-01-01 00:00:00+00:00, run_after=2021-01-01 00:00:00+00:00
[2024-02-21T19:50:29.109+0000] {processor.py:183} INFO - Processing /home/airflow/.local/lib/python3.8/site-packages/airflow/example_dags/example_xcom.py took 0.073 seconds
[2024-02-21T19:50:59.246+0000] {processor.py:161} INFO - Started process (PID=178) to work on /home/airflow/.local/lib/python3.8/site-packages/airflow/example_dags/example_xcom.py
[2024-02-21T19:50:59.247+0000] {processor.py:830} INFO - Processing file /home/airflow/.local/lib/python3.8/site-packages/airflow/example_dags/example_xcom.py for tasks to queue
[2024-02-21T19:50:59.248+0000] {logging_mixin.py:188} INFO - [2024-02-21T19:50:59.248+0000] {dagbag.py:538} INFO - Filling up the DagBag from /home/airflow/.local/lib/python3.8/site-packages/airflow/example_dags/example_xcom.py
[2024-02-21T19:50:59.255+0000] {processor.py:840} INFO - DAG(s) 'example_xcom' retrieved from /home/airflow/.local/lib/python3.8/site-packages/airflow/example_dags/example_xcom.py
[2024-02-21T19:50:59.279+0000] {logging_mixin.py:188} INFO - [2024-02-21T19:50:59.278+0000] {dag.py:3036} INFO - Sync 1 DAGs
[2024-02-21T19:50:59.300+0000] {logging_mixin.py:188} INFO - [2024-02-21T19:50:59.300+0000] {dag.py:3823} INFO - Setting next_dagrun for example_xcom to 2021-01-01 00:00:00+00:00, run_after=2021-01-01 00:00:00+00:00
[2024-02-21T19:50:59.326+0000] {processor.py:183} INFO - Processing /home/airflow/.local/lib/python3.8/site-packages/airflow/example_dags/example_xcom.py took 0.084 seconds
[2024-02-21T19:51:29.685+0000] {processor.py:161} INFO - Started process (PID=233) to work on /home/airflow/.local/lib/python3.8/site-packages/airflow/example_dags/example_xcom.py
[2024-02-21T19:51:29.687+0000] {processor.py:830} INFO - Processing file /home/airflow/.local/lib/python3.8/site-packages/airflow/example_dags/example_xcom.py for tasks to queue
[2024-02-21T19:51:29.689+0000] {logging_mixin.py:188} INFO - [2024-02-21T19:51:29.689+0000] {dagbag.py:538} INFO - Filling up the DagBag from /home/airflow/.local/lib/python3.8/site-packages/airflow/example_dags/example_xcom.py
[2024-02-21T19:51:29.698+0000] {processor.py:840} INFO - DAG(s) 'example_xcom' retrieved from /home/airflow/.local/lib/python3.8/site-packages/airflow/example_dags/example_xcom.py
[2024-02-21T19:51:29.721+0000] {logging_mixin.py:188} INFO - [2024-02-21T19:51:29.721+0000] {dag.py:3036} INFO - Sync 1 DAGs
[2024-02-21T19:51:29.743+0000] {logging_mixin.py:188} INFO - [2024-02-21T19:51:29.743+0000] {dag.py:3823} INFO - Setting next_dagrun for example_xcom to 2021-01-01 00:00:00+00:00, run_after=2021-01-01 00:00:00+00:00
[2024-02-21T19:51:29.765+0000] {processor.py:183} INFO - Processing /home/airflow/.local/lib/python3.8/site-packages/airflow/example_dags/example_xcom.py took 0.084 seconds
[2024-02-21T19:52:00.291+0000] {processor.py:161} INFO - Started process (PID=288) to work on /home/airflow/.local/lib/python3.8/site-packages/airflow/example_dags/example_xcom.py
[2024-02-21T19:52:00.296+0000] {processor.py:830} INFO - Processing file /home/airflow/.local/lib/python3.8/site-packages/airflow/example_dags/example_xcom.py for tasks to queue
[2024-02-21T19:52:00.306+0000] {logging_mixin.py:188} INFO - [2024-02-21T19:52:00.305+0000] {dagbag.py:538} INFO - Filling up the DagBag from /home/airflow/.local/lib/python3.8/site-packages/airflow/example_dags/example_xcom.py
[2024-02-21T19:52:00.322+0000] {processor.py:840} INFO - DAG(s) 'example_xcom' retrieved from /home/airflow/.local/lib/python3.8/site-packages/airflow/example_dags/example_xcom.py
[2024-02-21T19:52:00.349+0000] {logging_mixin.py:188} INFO - [2024-02-21T19:52:00.349+0000] {dag.py:3036} INFO - Sync 1 DAGs
[2024-02-21T19:52:00.382+0000] {logging_mixin.py:188} INFO - [2024-02-21T19:52:00.382+0000] {dag.py:3823} INFO - Setting next_dagrun for example_xcom to 2021-01-01 00:00:00+00:00, run_after=2021-01-01 00:00:00+00:00
[2024-02-21T19:52:00.402+0000] {processor.py:183} INFO - Processing /home/airflow/.local/lib/python3.8/site-packages/airflow/example_dags/example_xcom.py took 0.126 seconds
[2024-02-21T19:52:30.516+0000] {processor.py:161} INFO - Started process (PID=343) to work on /home/airflow/.local/lib/python3.8/site-packages/airflow/example_dags/example_xcom.py
[2024-02-21T19:52:30.518+0000] {processor.py:830} INFO - Processing file /home/airflow/.local/lib/python3.8/site-packages/airflow/example_dags/example_xcom.py for tasks to queue
[2024-02-21T19:52:30.522+0000] {logging_mixin.py:188} INFO - [2024-02-21T19:52:30.522+0000] {dagbag.py:538} INFO - Filling up the DagBag from /home/airflow/.local/lib/python3.8/site-packages/airflow/example_dags/example_xcom.py
[2024-02-21T19:52:30.533+0000] {processor.py:840} INFO - DAG(s) 'example_xcom' retrieved from /home/airflow/.local/lib/python3.8/site-packages/airflow/example_dags/example_xcom.py
[2024-02-21T19:52:30.562+0000] {logging_mixin.py:188} INFO - [2024-02-21T19:52:30.562+0000] {dag.py:3036} INFO - Sync 1 DAGs
[2024-02-21T19:52:30.593+0000] {logging_mixin.py:188} INFO - [2024-02-21T19:52:30.593+0000] {dag.py:3823} INFO - Setting next_dagrun for example_xcom to 2021-01-01 00:00:00+00:00, run_after=2021-01-01 00:00:00+00:00
[2024-02-21T19:52:30.620+0000] {processor.py:183} INFO - Processing /home/airflow/.local/lib/python3.8/site-packages/airflow/example_dags/example_xcom.py took 0.109 seconds
[2024-02-21T19:53:00.701+0000] {processor.py:161} INFO - Started process (PID=398) to work on /home/airflow/.local/lib/python3.8/site-packages/airflow/example_dags/example_xcom.py
[2024-02-21T19:53:00.702+0000] {processor.py:830} INFO - Processing file /home/airflow/.local/lib/python3.8/site-packages/airflow/example_dags/example_xcom.py for tasks to queue
[2024-02-21T19:53:00.705+0000] {logging_mixin.py:188} INFO - [2024-02-21T19:53:00.705+0000] {dagbag.py:538} INFO - Filling up the DagBag from /home/airflow/.local/lib/python3.8/site-packages/airflow/example_dags/example_xcom.py
[2024-02-21T19:53:00.713+0000] {processor.py:840} INFO - DAG(s) 'example_xcom' retrieved from /home/airflow/.local/lib/python3.8/site-packages/airflow/example_dags/example_xcom.py
[2024-02-21T19:53:00.736+0000] {logging_mixin.py:188} INFO - [2024-02-21T19:53:00.735+0000] {dag.py:3036} INFO - Sync 1 DAGs
[2024-02-21T19:53:00.766+0000] {logging_mixin.py:188} INFO - [2024-02-21T19:53:00.766+0000] {dag.py:3823} INFO - Setting next_dagrun for example_xcom to 2021-01-01 00:00:00+00:00, run_after=2021-01-01 00:00:00+00:00
[2024-02-21T19:53:01.541+0000] {processor.py:183} INFO - Processing /home/airflow/.local/lib/python3.8/site-packages/airflow/example_dags/example_xcom.py took 0.844 seconds
[2024-02-21T19:53:32.349+0000] {processor.py:161} INFO - Started process (PID=453) to work on /home/airflow/.local/lib/python3.8/site-packages/airflow/example_dags/example_xcom.py
[2024-02-21T19:53:32.452+0000] {processor.py:830} INFO - Processing file /home/airflow/.local/lib/python3.8/site-packages/airflow/example_dags/example_xcom.py for tasks to queue
[2024-02-21T19:53:32.454+0000] {logging_mixin.py:188} INFO - [2024-02-21T19:53:32.454+0000] {dagbag.py:538} INFO - Filling up the DagBag from /home/airflow/.local/lib/python3.8/site-packages/airflow/example_dags/example_xcom.py
[2024-02-21T19:53:32.461+0000] {processor.py:840} INFO - DAG(s) 'example_xcom' retrieved from /home/airflow/.local/lib/python3.8/site-packages/airflow/example_dags/example_xcom.py
[2024-02-21T19:53:32.480+0000] {logging_mixin.py:188} INFO - [2024-02-21T19:53:32.480+0000] {dag.py:3036} INFO - Sync 1 DAGs
[2024-02-21T19:53:32.506+0000] {logging_mixin.py:188} INFO - [2024-02-21T19:53:32.505+0000] {dag.py:3823} INFO - Setting next_dagrun for example_xcom to 2021-01-01 00:00:00+00:00, run_after=2021-01-01 00:00:00+00:00
[2024-02-21T19:53:32.525+0000] {processor.py:183} INFO - Processing /home/airflow/.local/lib/python3.8/site-packages/airflow/example_dags/example_xcom.py took 0.180 seconds
[2024-02-21T19:54:02.931+0000] {processor.py:161} INFO - Started process (PID=508) to work on /home/airflow/.local/lib/python3.8/site-packages/airflow/example_dags/example_xcom.py
[2024-02-21T19:54:02.932+0000] {processor.py:830} INFO - Processing file /home/airflow/.local/lib/python3.8/site-packages/airflow/example_dags/example_xcom.py for tasks to queue
[2024-02-21T19:54:02.934+0000] {logging_mixin.py:188} INFO - [2024-02-21T19:54:02.934+0000] {dagbag.py:538} INFO - Filling up the DagBag from /home/airflow/.local/lib/python3.8/site-packages/airflow/example_dags/example_xcom.py
[2024-02-21T19:54:02.941+0000] {processor.py:840} INFO - DAG(s) 'example_xcom' retrieved from /home/airflow/.local/lib/python3.8/site-packages/airflow/example_dags/example_xcom.py
[2024-02-21T19:54:02.964+0000] {logging_mixin.py:188} INFO - [2024-02-21T19:54:02.964+0000] {dag.py:3036} INFO - Sync 1 DAGs
[2024-02-21T19:54:02.998+0000] {logging_mixin.py:188} INFO - [2024-02-21T19:54:02.998+0000] {dag.py:3823} INFO - Setting next_dagrun for example_xcom to 2021-01-01 00:00:00+00:00, run_after=2021-01-01 00:00:00+00:00
[2024-02-21T19:54:03.029+0000] {processor.py:183} INFO - Processing /home/airflow/.local/lib/python3.8/site-packages/airflow/example_dags/example_xcom.py took 0.101 seconds
[2024-02-21T19:54:33.111+0000] {processor.py:161} INFO - Started process (PID=563) to work on /home/airflow/.local/lib/python3.8/site-packages/airflow/example_dags/example_xcom.py
[2024-02-21T19:54:33.112+0000] {processor.py:830} INFO - Processing file /home/airflow/.local/lib/python3.8/site-packages/airflow/example_dags/example_xcom.py for tasks to queue
[2024-02-21T19:54:33.114+0000] {logging_mixin.py:188} INFO - [2024-02-21T19:54:33.114+0000] {dagbag.py:538} INFO - Filling up the DagBag from /home/airflow/.local/lib/python3.8/site-packages/airflow/example_dags/example_xcom.py
[2024-02-21T19:54:33.122+0000] {processor.py:840} INFO - DAG(s) 'example_xcom' retrieved from /home/airflow/.local/lib/python3.8/site-packages/airflow/example_dags/example_xcom.py
[2024-02-21T19:54:33.148+0000] {logging_mixin.py:188} INFO - [2024-02-21T19:54:33.147+0000] {dag.py:3036} INFO - Sync 1 DAGs
[2024-02-21T19:54:33.173+0000] {logging_mixin.py:188} INFO - [2024-02-21T19:54:33.172+0000] {dag.py:3823} INFO - Setting next_dagrun for example_xcom to 2021-01-01 00:00:00+00:00, run_after=2021-01-01 00:00:00+00:00
[2024-02-21T19:54:33.196+0000] {processor.py:183} INFO - Processing /home/airflow/.local/lib/python3.8/site-packages/airflow/example_dags/example_xcom.py took 0.087 seconds
[2024-02-21T19:55:03.422+0000] {processor.py:161} INFO - Started process (PID=618) to work on /home/airflow/.local/lib/python3.8/site-packages/airflow/example_dags/example_xcom.py
[2024-02-21T19:55:03.423+0000] {processor.py:830} INFO - Processing file /home/airflow/.local/lib/python3.8/site-packages/airflow/example_dags/example_xcom.py for tasks to queue
[2024-02-21T19:55:03.425+0000] {logging_mixin.py:188} INFO - [2024-02-21T19:55:03.425+0000] {dagbag.py:538} INFO - Filling up the DagBag from /home/airflow/.local/lib/python3.8/site-packages/airflow/example_dags/example_xcom.py
[2024-02-21T19:55:03.433+0000] {processor.py:840} INFO - DAG(s) 'example_xcom' retrieved from /home/airflow/.local/lib/python3.8/site-packages/airflow/example_dags/example_xcom.py
[2024-02-21T19:55:03.451+0000] {logging_mixin.py:188} INFO - [2024-02-21T19:55:03.451+0000] {dag.py:3036} INFO - Sync 1 DAGs
[2024-02-21T19:55:03.470+0000] {logging_mixin.py:188} INFO - [2024-02-21T19:55:03.470+0000] {dag.py:3823} INFO - Setting next_dagrun for example_xcom to 2021-01-01 00:00:00+00:00, run_after=2021-01-01 00:00:00+00:00
[2024-02-21T19:55:03.495+0000] {processor.py:183} INFO - Processing /home/airflow/.local/lib/python3.8/site-packages/airflow/example_dags/example_xcom.py took 0.076 seconds
[2024-02-21T19:55:34.080+0000] {processor.py:161} INFO - Started process (PID=673) to work on /home/airflow/.local/lib/python3.8/site-packages/airflow/example_dags/example_xcom.py
[2024-02-21T19:55:34.081+0000] {processor.py:830} INFO - Processing file /home/airflow/.local/lib/python3.8/site-packages/airflow/example_dags/example_xcom.py for tasks to queue
[2024-02-21T19:55:34.083+0000] {logging_mixin.py:188} INFO - [2024-02-21T19:55:34.082+0000] {dagbag.py:538} INFO - Filling up the DagBag from /home/airflow/.local/lib/python3.8/site-packages/airflow/example_dags/example_xcom.py
[2024-02-21T19:55:34.090+0000] {processor.py:840} INFO - DAG(s) 'example_xcom' retrieved from /home/airflow/.local/lib/python3.8/site-packages/airflow/example_dags/example_xcom.py
[2024-02-21T19:55:34.112+0000] {logging_mixin.py:188} INFO - [2024-02-21T19:55:34.112+0000] {dag.py:3036} INFO - Sync 1 DAGs
[2024-02-21T19:55:34.132+0000] {logging_mixin.py:188} INFO - [2024-02-21T19:55:34.131+0000] {dag.py:3823} INFO - Setting next_dagrun for example_xcom to 2021-01-01 00:00:00+00:00, run_after=2021-01-01 00:00:00+00:00
[2024-02-21T19:55:34.157+0000] {processor.py:183} INFO - Processing /home/airflow/.local/lib/python3.8/site-packages/airflow/example_dags/example_xcom.py took 0.080 seconds
[2024-02-21T19:56:04.336+0000] {processor.py:161} INFO - Started process (PID=728) to work on /home/airflow/.local/lib/python3.8/site-packages/airflow/example_dags/example_xcom.py
[2024-02-21T19:56:04.337+0000] {processor.py:830} INFO - Processing file /home/airflow/.local/lib/python3.8/site-packages/airflow/example_dags/example_xcom.py for tasks to queue
[2024-02-21T19:56:04.339+0000] {logging_mixin.py:188} INFO - [2024-02-21T19:56:04.339+0000] {dagbag.py:538} INFO - Filling up the DagBag from /home/airflow/.local/lib/python3.8/site-packages/airflow/example_dags/example_xcom.py
[2024-02-21T19:56:04.346+0000] {processor.py:840} INFO - DAG(s) 'example_xcom' retrieved from /home/airflow/.local/lib/python3.8/site-packages/airflow/example_dags/example_xcom.py
[2024-02-21T19:56:04.366+0000] {logging_mixin.py:188} INFO - [2024-02-21T19:56:04.366+0000] {dag.py:3036} INFO - Sync 1 DAGs
[2024-02-21T19:56:04.388+0000] {logging_mixin.py:188} INFO - [2024-02-21T19:56:04.388+0000] {dag.py:3823} INFO - Setting next_dagrun for example_xcom to 2021-01-01 00:00:00+00:00, run_after=2021-01-01 00:00:00+00:00
[2024-02-21T19:56:04.406+0000] {processor.py:183} INFO - Processing /home/airflow/.local/lib/python3.8/site-packages/airflow/example_dags/example_xcom.py took 0.074 seconds
[2024-02-21T19:56:34.493+0000] {processor.py:161} INFO - Started process (PID=783) to work on /home/airflow/.local/lib/python3.8/site-packages/airflow/example_dags/example_xcom.py
[2024-02-21T19:56:34.494+0000] {processor.py:830} INFO - Processing file /home/airflow/.local/lib/python3.8/site-packages/airflow/example_dags/example_xcom.py for tasks to queue
[2024-02-21T19:56:34.496+0000] {logging_mixin.py:188} INFO - [2024-02-21T19:56:34.496+0000] {dagbag.py:538} INFO - Filling up the DagBag from /home/airflow/.local/lib/python3.8/site-packages/airflow/example_dags/example_xcom.py
[2024-02-21T19:56:34.503+0000] {processor.py:840} INFO - DAG(s) 'example_xcom' retrieved from /home/airflow/.local/lib/python3.8/site-packages/airflow/example_dags/example_xcom.py
[2024-02-21T19:56:34.525+0000] {logging_mixin.py:188} INFO - [2024-02-21T19:56:34.525+0000] {dag.py:3036} INFO - Sync 1 DAGs
[2024-02-21T19:56:34.546+0000] {logging_mixin.py:188} INFO - [2024-02-21T19:56:34.545+0000] {dag.py:3823} INFO - Setting next_dagrun for example_xcom to 2021-01-01 00:00:00+00:00, run_after=2021-01-01 00:00:00+00:00
[2024-02-21T19:56:34.565+0000] {processor.py:183} INFO - Processing /home/airflow/.local/lib/python3.8/site-packages/airflow/example_dags/example_xcom.py took 0.075 seconds
[2024-02-21T19:57:04.809+0000] {processor.py:161} INFO - Started process (PID=838) to work on /home/airflow/.local/lib/python3.8/site-packages/airflow/example_dags/example_xcom.py
[2024-02-21T19:57:04.810+0000] {processor.py:830} INFO - Processing file /home/airflow/.local/lib/python3.8/site-packages/airflow/example_dags/example_xcom.py for tasks to queue
[2024-02-21T19:57:04.811+0000] {logging_mixin.py:188} INFO - [2024-02-21T19:57:04.811+0000] {dagbag.py:538} INFO - Filling up the DagBag from /home/airflow/.local/lib/python3.8/site-packages/airflow/example_dags/example_xcom.py
[2024-02-21T19:57:04.818+0000] {processor.py:840} INFO - DAG(s) 'example_xcom' retrieved from /home/airflow/.local/lib/python3.8/site-packages/airflow/example_dags/example_xcom.py
[2024-02-21T19:57:04.838+0000] {logging_mixin.py:188} INFO - [2024-02-21T19:57:04.837+0000] {dag.py:3036} INFO - Sync 1 DAGs
[2024-02-21T19:57:04.858+0000] {logging_mixin.py:188} INFO - [2024-02-21T19:57:04.858+0000] {dag.py:3823} INFO - Setting next_dagrun for example_xcom to 2021-01-01 00:00:00+00:00, run_after=2021-01-01 00:00:00+00:00
[2024-02-21T19:57:04.878+0000] {processor.py:183} INFO - Processing /home/airflow/.local/lib/python3.8/site-packages/airflow/example_dags/example_xcom.py took 0.073 seconds
[2024-02-21T19:57:35.053+0000] {processor.py:161} INFO - Started process (PID=893) to work on /home/airflow/.local/lib/python3.8/site-packages/airflow/example_dags/example_xcom.py
[2024-02-21T19:57:35.054+0000] {processor.py:830} INFO - Processing file /home/airflow/.local/lib/python3.8/site-packages/airflow/example_dags/example_xcom.py for tasks to queue
[2024-02-21T19:57:35.055+0000] {logging_mixin.py:188} INFO - [2024-02-21T19:57:35.055+0000] {dagbag.py:538} INFO - Filling up the DagBag from /home/airflow/.local/lib/python3.8/site-packages/airflow/example_dags/example_xcom.py
[2024-02-21T19:57:35.063+0000] {processor.py:840} INFO - DAG(s) 'example_xcom' retrieved from /home/airflow/.local/lib/python3.8/site-packages/airflow/example_dags/example_xcom.py
[2024-02-21T19:57:35.083+0000] {logging_mixin.py:188} INFO - [2024-02-21T19:57:35.083+0000] {dag.py:3036} INFO - Sync 1 DAGs
[2024-02-21T19:57:35.102+0000] {logging_mixin.py:188} INFO - [2024-02-21T19:57:35.102+0000] {dag.py:3823} INFO - Setting next_dagrun for example_xcom to 2021-01-01 00:00:00+00:00, run_after=2021-01-01 00:00:00+00:00
[2024-02-21T19:57:35.121+0000] {processor.py:183} INFO - Processing /home/airflow/.local/lib/python3.8/site-packages/airflow/example_dags/example_xcom.py took 0.071 seconds
[2024-02-21T19:58:05.496+0000] {processor.py:161} INFO - Started process (PID=948) to work on /home/airflow/.local/lib/python3.8/site-packages/airflow/example_dags/example_xcom.py
[2024-02-21T19:58:05.497+0000] {processor.py:830} INFO - Processing file /home/airflow/.local/lib/python3.8/site-packages/airflow/example_dags/example_xcom.py for tasks to queue
[2024-02-21T19:58:05.499+0000] {logging_mixin.py:188} INFO - [2024-02-21T19:58:05.498+0000] {dagbag.py:538} INFO - Filling up the DagBag from /home/airflow/.local/lib/python3.8/site-packages/airflow/example_dags/example_xcom.py
[2024-02-21T19:58:05.505+0000] {processor.py:840} INFO - DAG(s) 'example_xcom' retrieved from /home/airflow/.local/lib/python3.8/site-packages/airflow/example_dags/example_xcom.py
[2024-02-21T19:58:05.525+0000] {logging_mixin.py:188} INFO - [2024-02-21T19:58:05.525+0000] {dag.py:3036} INFO - Sync 1 DAGs
[2024-02-21T19:58:05.544+0000] {logging_mixin.py:188} INFO - [2024-02-21T19:58:05.544+0000] {dag.py:3823} INFO - Setting next_dagrun for example_xcom to 2021-01-01 00:00:00+00:00, run_after=2021-01-01 00:00:00+00:00
[2024-02-21T19:58:05.563+0000] {processor.py:183} INFO - Processing /home/airflow/.local/lib/python3.8/site-packages/airflow/example_dags/example_xcom.py took 0.069 seconds
[2024-02-21T19:58:35.967+0000] {processor.py:161} INFO - Started process (PID=1003) to work on /home/airflow/.local/lib/python3.8/site-packages/airflow/example_dags/example_xcom.py
[2024-02-21T19:58:35.968+0000] {processor.py:830} INFO - Processing file /home/airflow/.local/lib/python3.8/site-packages/airflow/example_dags/example_xcom.py for tasks to queue
[2024-02-21T19:58:35.969+0000] {logging_mixin.py:188} INFO - [2024-02-21T19:58:35.969+0000] {dagbag.py:538} INFO - Filling up the DagBag from /home/airflow/.local/lib/python3.8/site-packages/airflow/example_dags/example_xcom.py
[2024-02-21T19:58:35.977+0000] {processor.py:840} INFO - DAG(s) 'example_xcom' retrieved from /home/airflow/.local/lib/python3.8/site-packages/airflow/example_dags/example_xcom.py
[2024-02-21T19:58:36.002+0000] {logging_mixin.py:188} INFO - [2024-02-21T19:58:36.002+0000] {dag.py:3036} INFO - Sync 1 DAGs
[2024-02-21T19:58:36.022+0000] {logging_mixin.py:188} INFO - [2024-02-21T19:58:36.022+0000] {dag.py:3823} INFO - Setting next_dagrun for example_xcom to 2021-01-01 00:00:00+00:00, run_after=2021-01-01 00:00:00+00:00
[2024-02-21T19:58:36.040+0000] {processor.py:183} INFO - Processing /home/airflow/.local/lib/python3.8/site-packages/airflow/example_dags/example_xcom.py took 0.076 seconds
[2024-02-21T19:59:06.373+0000] {processor.py:161} INFO - Started process (PID=1058) to work on /home/airflow/.local/lib/python3.8/site-packages/airflow/example_dags/example_xcom.py
[2024-02-21T19:59:06.374+0000] {processor.py:830} INFO - Processing file /home/airflow/.local/lib/python3.8/site-packages/airflow/example_dags/example_xcom.py for tasks to queue
[2024-02-21T19:59:06.376+0000] {logging_mixin.py:188} INFO - [2024-02-21T19:59:06.376+0000] {dagbag.py:538} INFO - Filling up the DagBag from /home/airflow/.local/lib/python3.8/site-packages/airflow/example_dags/example_xcom.py
[2024-02-21T19:59:06.383+0000] {processor.py:840} INFO - DAG(s) 'example_xcom' retrieved from /home/airflow/.local/lib/python3.8/site-packages/airflow/example_dags/example_xcom.py
[2024-02-21T19:59:06.408+0000] {logging_mixin.py:188} INFO - [2024-02-21T19:59:06.408+0000] {dag.py:3036} INFO - Sync 1 DAGs
[2024-02-21T19:59:06.427+0000] {logging_mixin.py:188} INFO - [2024-02-21T19:59:06.427+0000] {dag.py:3823} INFO - Setting next_dagrun for example_xcom to 2021-01-01 00:00:00+00:00, run_after=2021-01-01 00:00:00+00:00
[2024-02-21T19:59:06.444+0000] {processor.py:183} INFO - Processing /home/airflow/.local/lib/python3.8/site-packages/airflow/example_dags/example_xcom.py took 0.074 seconds
[2024-02-21T19:59:36.813+0000] {processor.py:161} INFO - Started process (PID=1113) to work on /home/airflow/.local/lib/python3.8/site-packages/airflow/example_dags/example_xcom.py
[2024-02-21T19:59:36.814+0000] {processor.py:830} INFO - Processing file /home/airflow/.local/lib/python3.8/site-packages/airflow/example_dags/example_xcom.py for tasks to queue
[2024-02-21T19:59:36.816+0000] {logging_mixin.py:188} INFO - [2024-02-21T19:59:36.815+0000] {dagbag.py:538} INFO - Filling up the DagBag from /home/airflow/.local/lib/python3.8/site-packages/airflow/example_dags/example_xcom.py
[2024-02-21T19:59:36.822+0000] {processor.py:840} INFO - DAG(s) 'example_xcom' retrieved from /home/airflow/.local/lib/python3.8/site-packages/airflow/example_dags/example_xcom.py
[2024-02-21T19:59:36.844+0000] {logging_mixin.py:188} INFO - [2024-02-21T19:59:36.844+0000] {dag.py:3036} INFO - Sync 1 DAGs
[2024-02-21T19:59:36.863+0000] {logging_mixin.py:188} INFO - [2024-02-21T19:59:36.863+0000] {dag.py:3823} INFO - Setting next_dagrun for example_xcom to 2021-01-01 00:00:00+00:00, run_after=2021-01-01 00:00:00+00:00
[2024-02-21T19:59:36.881+0000] {processor.py:183} INFO - Processing /home/airflow/.local/lib/python3.8/site-packages/airflow/example_dags/example_xcom.py took 0.071 seconds
[2024-02-21T20:00:07.391+0000] {processor.py:161} INFO - Started process (PID=1168) to work on /home/airflow/.local/lib/python3.8/site-packages/airflow/example_dags/example_xcom.py
[2024-02-21T20:00:07.393+0000] {processor.py:830} INFO - Processing file /home/airflow/.local/lib/python3.8/site-packages/airflow/example_dags/example_xcom.py for tasks to queue
[2024-02-21T20:00:07.396+0000] {logging_mixin.py:188} INFO - [2024-02-21T20:00:07.395+0000] {dagbag.py:538} INFO - Filling up the DagBag from /home/airflow/.local/lib/python3.8/site-packages/airflow/example_dags/example_xcom.py
[2024-02-21T20:00:07.405+0000] {processor.py:840} INFO - DAG(s) 'example_xcom' retrieved from /home/airflow/.local/lib/python3.8/site-packages/airflow/example_dags/example_xcom.py
[2024-02-21T20:00:07.428+0000] {logging_mixin.py:188} INFO - [2024-02-21T20:00:07.428+0000] {dag.py:3036} INFO - Sync 1 DAGs
[2024-02-21T20:00:07.449+0000] {logging_mixin.py:188} INFO - [2024-02-21T20:00:07.449+0000] {dag.py:3823} INFO - Setting next_dagrun for example_xcom to 2021-01-01 00:00:00+00:00, run_after=2021-01-01 00:00:00+00:00
[2024-02-21T20:00:07.488+0000] {processor.py:183} INFO - Processing /home/airflow/.local/lib/python3.8/site-packages/airflow/example_dags/example_xcom.py took 0.101 seconds
[2024-02-21T20:00:37.912+0000] {processor.py:161} INFO - Started process (PID=1223) to work on /home/airflow/.local/lib/python3.8/site-packages/airflow/example_dags/example_xcom.py
[2024-02-21T20:00:37.913+0000] {processor.py:830} INFO - Processing file /home/airflow/.local/lib/python3.8/site-packages/airflow/example_dags/example_xcom.py for tasks to queue
[2024-02-21T20:00:37.915+0000] {logging_mixin.py:188} INFO - [2024-02-21T20:00:37.915+0000] {dagbag.py:538} INFO - Filling up the DagBag from /home/airflow/.local/lib/python3.8/site-packages/airflow/example_dags/example_xcom.py
[2024-02-21T20:00:37.921+0000] {processor.py:840} INFO - DAG(s) 'example_xcom' retrieved from /home/airflow/.local/lib/python3.8/site-packages/airflow/example_dags/example_xcom.py
[2024-02-21T20:00:37.941+0000] {logging_mixin.py:188} INFO - [2024-02-21T20:00:37.940+0000] {dag.py:3036} INFO - Sync 1 DAGs
[2024-02-21T20:00:37.972+0000] {logging_mixin.py:188} INFO - [2024-02-21T20:00:37.971+0000] {dag.py:3823} INFO - Setting next_dagrun for example_xcom to 2021-01-01 00:00:00+00:00, run_after=2021-01-01 00:00:00+00:00
[2024-02-21T20:00:37.999+0000] {processor.py:183} INFO - Processing /home/airflow/.local/lib/python3.8/site-packages/airflow/example_dags/example_xcom.py took 0.090 seconds
[2024-02-21T20:01:08.167+0000] {processor.py:161} INFO - Started process (PID=1284) to work on /home/airflow/.local/lib/python3.8/site-packages/airflow/example_dags/example_xcom.py
[2024-02-21T20:01:08.168+0000] {processor.py:830} INFO - Processing file /home/airflow/.local/lib/python3.8/site-packages/airflow/example_dags/example_xcom.py for tasks to queue
[2024-02-21T20:01:08.171+0000] {logging_mixin.py:188} INFO - [2024-02-21T20:01:08.170+0000] {dagbag.py:538} INFO - Filling up the DagBag from /home/airflow/.local/lib/python3.8/site-packages/airflow/example_dags/example_xcom.py
[2024-02-21T20:01:08.178+0000] {processor.py:840} INFO - DAG(s) 'example_xcom' retrieved from /home/airflow/.local/lib/python3.8/site-packages/airflow/example_dags/example_xcom.py
[2024-02-21T20:01:08.205+0000] {logging_mixin.py:188} INFO - [2024-02-21T20:01:08.205+0000] {dag.py:3036} INFO - Sync 1 DAGs
[2024-02-21T20:01:08.230+0000] {logging_mixin.py:188} INFO - [2024-02-21T20:01:08.230+0000] {dag.py:3823} INFO - Setting next_dagrun for example_xcom to 2021-01-01 00:00:00+00:00, run_after=2021-01-01 00:00:00+00:00
[2024-02-21T20:01:08.249+0000] {processor.py:183} INFO - Processing /home/airflow/.local/lib/python3.8/site-packages/airflow/example_dags/example_xcom.py took 0.085 seconds
[2024-02-21T20:01:38.592+0000] {processor.py:161} INFO - Started process (PID=1339) to work on /home/airflow/.local/lib/python3.8/site-packages/airflow/example_dags/example_xcom.py
[2024-02-21T20:01:38.593+0000] {processor.py:830} INFO - Processing file /home/airflow/.local/lib/python3.8/site-packages/airflow/example_dags/example_xcom.py for tasks to queue
[2024-02-21T20:01:38.596+0000] {logging_mixin.py:188} INFO - [2024-02-21T20:01:38.595+0000] {dagbag.py:538} INFO - Filling up the DagBag from /home/airflow/.local/lib/python3.8/site-packages/airflow/example_dags/example_xcom.py
[2024-02-21T20:01:38.603+0000] {processor.py:840} INFO - DAG(s) 'example_xcom' retrieved from /home/airflow/.local/lib/python3.8/site-packages/airflow/example_dags/example_xcom.py
[2024-02-21T20:01:38.624+0000] {logging_mixin.py:188} INFO - [2024-02-21T20:01:38.624+0000] {dag.py:3036} INFO - Sync 1 DAGs
[2024-02-21T20:01:38.646+0000] {logging_mixin.py:188} INFO - [2024-02-21T20:01:38.646+0000] {dag.py:3823} INFO - Setting next_dagrun for example_xcom to 2021-01-01 00:00:00+00:00, run_after=2021-01-01 00:00:00+00:00
[2024-02-21T20:01:38.664+0000] {processor.py:183} INFO - Processing /home/airflow/.local/lib/python3.8/site-packages/airflow/example_dags/example_xcom.py took 0.076 seconds
[2024-02-21T20:02:08.851+0000] {processor.py:161} INFO - Started process (PID=1394) to work on /home/airflow/.local/lib/python3.8/site-packages/airflow/example_dags/example_xcom.py
[2024-02-21T20:02:08.852+0000] {processor.py:830} INFO - Processing file /home/airflow/.local/lib/python3.8/site-packages/airflow/example_dags/example_xcom.py for tasks to queue
[2024-02-21T20:02:08.854+0000] {logging_mixin.py:188} INFO - [2024-02-21T20:02:08.853+0000] {dagbag.py:538} INFO - Filling up the DagBag from /home/airflow/.local/lib/python3.8/site-packages/airflow/example_dags/example_xcom.py
[2024-02-21T20:02:08.862+0000] {processor.py:840} INFO - DAG(s) 'example_xcom' retrieved from /home/airflow/.local/lib/python3.8/site-packages/airflow/example_dags/example_xcom.py
[2024-02-21T20:02:08.883+0000] {logging_mixin.py:188} INFO - [2024-02-21T20:02:08.883+0000] {dag.py:3036} INFO - Sync 1 DAGs
[2024-02-21T20:02:08.904+0000] {logging_mixin.py:188} INFO - [2024-02-21T20:02:08.903+0000] {dag.py:3823} INFO - Setting next_dagrun for example_xcom to 2021-01-01 00:00:00+00:00, run_after=2021-01-01 00:00:00+00:00
[2024-02-21T20:02:08.922+0000] {processor.py:183} INFO - Processing /home/airflow/.local/lib/python3.8/site-packages/airflow/example_dags/example_xcom.py took 0.074 seconds
