[2024-02-21T19:49:37.692+0000] {processor.py:161} INFO - Started process (PID=42) to work on /home/airflow/.local/lib/python3.8/site-packages/airflow/example_dags/example_branch_labels.py
[2024-02-21T19:49:37.694+0000] {processor.py:830} INFO - Processing file /home/airflow/.local/lib/python3.8/site-packages/airflow/example_dags/example_branch_labels.py for tasks to queue
[2024-02-21T19:49:37.696+0000] {logging_mixin.py:188} INFO - [2024-02-21T19:49:37.695+0000] {dagbag.py:538} INFO - Filling up the DagBag from /home/airflow/.local/lib/python3.8/site-packages/airflow/example_dags/example_branch_labels.py
[2024-02-21T19:49:37.713+0000] {processor.py:840} INFO - DAG(s) 'example_branch_labels' retrieved from /home/airflow/.local/lib/python3.8/site-packages/airflow/example_dags/example_branch_labels.py
[2024-02-21T19:49:37.869+0000] {logging_mixin.py:188} INFO - [2024-02-21T19:49:37.868+0000] {dag.py:3036} INFO - Sync 1 DAGs
[2024-02-21T19:49:37.898+0000] {logging_mixin.py:188} INFO - [2024-02-21T19:49:37.897+0000] {dag.py:3823} INFO - Setting next_dagrun for example_branch_labels to 2024-02-20 00:00:00+00:00, run_after=2024-02-21 00:00:00+00:00
[2024-02-21T19:49:37.934+0000] {processor.py:183} INFO - Processing /home/airflow/.local/lib/python3.8/site-packages/airflow/example_dags/example_branch_labels.py took 0.247 seconds
[2024-02-21T19:50:08.139+0000] {processor.py:161} INFO - Started process (PID=97) to work on /home/airflow/.local/lib/python3.8/site-packages/airflow/example_dags/example_branch_labels.py
[2024-02-21T19:50:08.141+0000] {processor.py:830} INFO - Processing file /home/airflow/.local/lib/python3.8/site-packages/airflow/example_dags/example_branch_labels.py for tasks to queue
[2024-02-21T19:50:08.146+0000] {logging_mixin.py:188} INFO - [2024-02-21T19:50:08.145+0000] {dagbag.py:538} INFO - Filling up the DagBag from /home/airflow/.local/lib/python3.8/site-packages/airflow/example_dags/example_branch_labels.py
[2024-02-21T19:50:08.156+0000] {processor.py:840} INFO - DAG(s) 'example_branch_labels' retrieved from /home/airflow/.local/lib/python3.8/site-packages/airflow/example_dags/example_branch_labels.py
[2024-02-21T19:50:08.182+0000] {logging_mixin.py:188} INFO - [2024-02-21T19:50:08.182+0000] {dag.py:3036} INFO - Sync 1 DAGs
[2024-02-21T19:50:08.210+0000] {logging_mixin.py:188} INFO - [2024-02-21T19:50:08.210+0000] {dag.py:3823} INFO - Setting next_dagrun for example_branch_labels to 2024-02-20 00:00:00+00:00, run_after=2024-02-21 00:00:00+00:00
[2024-02-21T19:50:08.231+0000] {processor.py:183} INFO - Processing /home/airflow/.local/lib/python3.8/site-packages/airflow/example_dags/example_branch_labels.py took 0.097 seconds
[2024-02-21T19:50:38.910+0000] {processor.py:161} INFO - Started process (PID=152) to work on /home/airflow/.local/lib/python3.8/site-packages/airflow/example_dags/example_branch_labels.py
[2024-02-21T19:50:38.911+0000] {processor.py:830} INFO - Processing file /home/airflow/.local/lib/python3.8/site-packages/airflow/example_dags/example_branch_labels.py for tasks to queue
[2024-02-21T19:50:38.913+0000] {logging_mixin.py:188} INFO - [2024-02-21T19:50:38.913+0000] {dagbag.py:538} INFO - Filling up the DagBag from /home/airflow/.local/lib/python3.8/site-packages/airflow/example_dags/example_branch_labels.py
[2024-02-21T19:50:38.921+0000] {processor.py:840} INFO - DAG(s) 'example_branch_labels' retrieved from /home/airflow/.local/lib/python3.8/site-packages/airflow/example_dags/example_branch_labels.py
[2024-02-21T19:50:38.944+0000] {logging_mixin.py:188} INFO - [2024-02-21T19:50:38.944+0000] {dag.py:3036} INFO - Sync 1 DAGs
[2024-02-21T19:50:38.965+0000] {logging_mixin.py:188} INFO - [2024-02-21T19:50:38.965+0000] {dag.py:3823} INFO - Setting next_dagrun for example_branch_labels to 2024-02-20 00:00:00+00:00, run_after=2024-02-21 00:00:00+00:00
[2024-02-21T19:50:38.981+0000] {processor.py:183} INFO - Processing /home/airflow/.local/lib/python3.8/site-packages/airflow/example_dags/example_branch_labels.py took 0.074 seconds
[2024-02-21T19:51:09.293+0000] {processor.py:161} INFO - Started process (PID=207) to work on /home/airflow/.local/lib/python3.8/site-packages/airflow/example_dags/example_branch_labels.py
[2024-02-21T19:51:09.294+0000] {processor.py:830} INFO - Processing file /home/airflow/.local/lib/python3.8/site-packages/airflow/example_dags/example_branch_labels.py for tasks to queue
[2024-02-21T19:51:09.296+0000] {logging_mixin.py:188} INFO - [2024-02-21T19:51:09.296+0000] {dagbag.py:538} INFO - Filling up the DagBag from /home/airflow/.local/lib/python3.8/site-packages/airflow/example_dags/example_branch_labels.py
[2024-02-21T19:51:09.303+0000] {processor.py:840} INFO - DAG(s) 'example_branch_labels' retrieved from /home/airflow/.local/lib/python3.8/site-packages/airflow/example_dags/example_branch_labels.py
[2024-02-21T19:51:09.321+0000] {logging_mixin.py:188} INFO - [2024-02-21T19:51:09.321+0000] {dag.py:3036} INFO - Sync 1 DAGs
[2024-02-21T19:51:09.342+0000] {logging_mixin.py:188} INFO - [2024-02-21T19:51:09.341+0000] {dag.py:3823} INFO - Setting next_dagrun for example_branch_labels to 2024-02-20 00:00:00+00:00, run_after=2024-02-21 00:00:00+00:00
[2024-02-21T19:51:09.360+0000] {processor.py:183} INFO - Processing /home/airflow/.local/lib/python3.8/site-packages/airflow/example_dags/example_branch_labels.py took 0.070 seconds
[2024-02-21T19:51:39.871+0000] {processor.py:161} INFO - Started process (PID=262) to work on /home/airflow/.local/lib/python3.8/site-packages/airflow/example_dags/example_branch_labels.py
[2024-02-21T19:51:39.873+0000] {processor.py:830} INFO - Processing file /home/airflow/.local/lib/python3.8/site-packages/airflow/example_dags/example_branch_labels.py for tasks to queue
[2024-02-21T19:51:39.875+0000] {logging_mixin.py:188} INFO - [2024-02-21T19:51:39.875+0000] {dagbag.py:538} INFO - Filling up the DagBag from /home/airflow/.local/lib/python3.8/site-packages/airflow/example_dags/example_branch_labels.py
[2024-02-21T19:51:39.884+0000] {processor.py:840} INFO - DAG(s) 'example_branch_labels' retrieved from /home/airflow/.local/lib/python3.8/site-packages/airflow/example_dags/example_branch_labels.py
[2024-02-21T19:51:39.905+0000] {logging_mixin.py:188} INFO - [2024-02-21T19:51:39.904+0000] {dag.py:3036} INFO - Sync 1 DAGs
[2024-02-21T19:51:39.926+0000] {logging_mixin.py:188} INFO - [2024-02-21T19:51:39.926+0000] {dag.py:3823} INFO - Setting next_dagrun for example_branch_labels to 2024-02-20 00:00:00+00:00, run_after=2024-02-21 00:00:00+00:00
[2024-02-21T19:51:39.944+0000] {processor.py:183} INFO - Processing /home/airflow/.local/lib/python3.8/site-packages/airflow/example_dags/example_branch_labels.py took 0.076 seconds
[2024-02-21T19:52:10.054+0000] {processor.py:161} INFO - Started process (PID=317) to work on /home/airflow/.local/lib/python3.8/site-packages/airflow/example_dags/example_branch_labels.py
[2024-02-21T19:52:10.055+0000] {processor.py:830} INFO - Processing file /home/airflow/.local/lib/python3.8/site-packages/airflow/example_dags/example_branch_labels.py for tasks to queue
[2024-02-21T19:52:10.057+0000] {logging_mixin.py:188} INFO - [2024-02-21T19:52:10.056+0000] {dagbag.py:538} INFO - Filling up the DagBag from /home/airflow/.local/lib/python3.8/site-packages/airflow/example_dags/example_branch_labels.py
[2024-02-21T19:52:10.065+0000] {processor.py:840} INFO - DAG(s) 'example_branch_labels' retrieved from /home/airflow/.local/lib/python3.8/site-packages/airflow/example_dags/example_branch_labels.py
[2024-02-21T19:52:10.084+0000] {logging_mixin.py:188} INFO - [2024-02-21T19:52:10.084+0000] {dag.py:3036} INFO - Sync 1 DAGs
[2024-02-21T19:52:10.106+0000] {logging_mixin.py:188} INFO - [2024-02-21T19:52:10.106+0000] {dag.py:3823} INFO - Setting next_dagrun for example_branch_labels to 2024-02-20 00:00:00+00:00, run_after=2024-02-21 00:00:00+00:00
[2024-02-21T19:52:10.122+0000] {processor.py:183} INFO - Processing /home/airflow/.local/lib/python3.8/site-packages/airflow/example_dags/example_branch_labels.py took 0.071 seconds
[2024-02-21T19:52:40.159+0000] {processor.py:161} INFO - Started process (PID=372) to work on /home/airflow/.local/lib/python3.8/site-packages/airflow/example_dags/example_branch_labels.py
[2024-02-21T19:52:40.160+0000] {processor.py:830} INFO - Processing file /home/airflow/.local/lib/python3.8/site-packages/airflow/example_dags/example_branch_labels.py for tasks to queue
[2024-02-21T19:52:40.162+0000] {logging_mixin.py:188} INFO - [2024-02-21T19:52:40.162+0000] {dagbag.py:538} INFO - Filling up the DagBag from /home/airflow/.local/lib/python3.8/site-packages/airflow/example_dags/example_branch_labels.py
[2024-02-21T19:52:40.170+0000] {processor.py:840} INFO - DAG(s) 'example_branch_labels' retrieved from /home/airflow/.local/lib/python3.8/site-packages/airflow/example_dags/example_branch_labels.py
[2024-02-21T19:52:40.189+0000] {logging_mixin.py:188} INFO - [2024-02-21T19:52:40.189+0000] {dag.py:3036} INFO - Sync 1 DAGs
[2024-02-21T19:52:40.213+0000] {logging_mixin.py:188} INFO - [2024-02-21T19:52:40.212+0000] {dag.py:3823} INFO - Setting next_dagrun for example_branch_labels to 2024-02-20 00:00:00+00:00, run_after=2024-02-21 00:00:00+00:00
[2024-02-21T19:52:40.236+0000] {processor.py:183} INFO - Processing /home/airflow/.local/lib/python3.8/site-packages/airflow/example_dags/example_branch_labels.py took 0.080 seconds
[2024-02-21T19:53:10.761+0000] {processor.py:161} INFO - Started process (PID=427) to work on /home/airflow/.local/lib/python3.8/site-packages/airflow/example_dags/example_branch_labels.py
[2024-02-21T19:53:10.762+0000] {processor.py:830} INFO - Processing file /home/airflow/.local/lib/python3.8/site-packages/airflow/example_dags/example_branch_labels.py for tasks to queue
[2024-02-21T19:53:10.765+0000] {logging_mixin.py:188} INFO - [2024-02-21T19:53:10.764+0000] {dagbag.py:538} INFO - Filling up the DagBag from /home/airflow/.local/lib/python3.8/site-packages/airflow/example_dags/example_branch_labels.py
[2024-02-21T19:53:10.773+0000] {processor.py:840} INFO - DAG(s) 'example_branch_labels' retrieved from /home/airflow/.local/lib/python3.8/site-packages/airflow/example_dags/example_branch_labels.py
[2024-02-21T19:53:10.793+0000] {logging_mixin.py:188} INFO - [2024-02-21T19:53:10.792+0000] {dag.py:3036} INFO - Sync 1 DAGs
[2024-02-21T19:53:10.815+0000] {logging_mixin.py:188} INFO - [2024-02-21T19:53:10.814+0000] {dag.py:3823} INFO - Setting next_dagrun for example_branch_labels to 2024-02-20 00:00:00+00:00, run_after=2024-02-21 00:00:00+00:00
[2024-02-21T19:53:10.834+0000] {processor.py:183} INFO - Processing /home/airflow/.local/lib/python3.8/site-packages/airflow/example_dags/example_branch_labels.py took 0.076 seconds
[2024-02-21T19:53:41.059+0000] {processor.py:161} INFO - Started process (PID=480) to work on /home/airflow/.local/lib/python3.8/site-packages/airflow/example_dags/example_branch_labels.py
[2024-02-21T19:53:41.060+0000] {processor.py:830} INFO - Processing file /home/airflow/.local/lib/python3.8/site-packages/airflow/example_dags/example_branch_labels.py for tasks to queue
[2024-02-21T19:53:41.062+0000] {logging_mixin.py:188} INFO - [2024-02-21T19:53:41.062+0000] {dagbag.py:538} INFO - Filling up the DagBag from /home/airflow/.local/lib/python3.8/site-packages/airflow/example_dags/example_branch_labels.py
[2024-02-21T19:53:41.069+0000] {processor.py:840} INFO - DAG(s) 'example_branch_labels' retrieved from /home/airflow/.local/lib/python3.8/site-packages/airflow/example_dags/example_branch_labels.py
[2024-02-21T19:53:41.091+0000] {logging_mixin.py:188} INFO - [2024-02-21T19:53:41.091+0000] {dag.py:3036} INFO - Sync 1 DAGs
[2024-02-21T19:53:41.118+0000] {logging_mixin.py:188} INFO - [2024-02-21T19:53:41.118+0000] {dag.py:3823} INFO - Setting next_dagrun for example_branch_labels to 2024-02-20 00:00:00+00:00, run_after=2024-02-21 00:00:00+00:00
[2024-02-21T19:53:41.137+0000] {processor.py:183} INFO - Processing /home/airflow/.local/lib/python3.8/site-packages/airflow/example_dags/example_branch_labels.py took 0.081 seconds
[2024-02-21T19:54:11.510+0000] {processor.py:161} INFO - Started process (PID=535) to work on /home/airflow/.local/lib/python3.8/site-packages/airflow/example_dags/example_branch_labels.py
[2024-02-21T19:54:11.511+0000] {processor.py:830} INFO - Processing file /home/airflow/.local/lib/python3.8/site-packages/airflow/example_dags/example_branch_labels.py for tasks to queue
[2024-02-21T19:54:11.513+0000] {logging_mixin.py:188} INFO - [2024-02-21T19:54:11.513+0000] {dagbag.py:538} INFO - Filling up the DagBag from /home/airflow/.local/lib/python3.8/site-packages/airflow/example_dags/example_branch_labels.py
[2024-02-21T19:54:11.521+0000] {processor.py:840} INFO - DAG(s) 'example_branch_labels' retrieved from /home/airflow/.local/lib/python3.8/site-packages/airflow/example_dags/example_branch_labels.py
[2024-02-21T19:54:11.542+0000] {logging_mixin.py:188} INFO - [2024-02-21T19:54:11.541+0000] {dag.py:3036} INFO - Sync 1 DAGs
[2024-02-21T19:54:11.565+0000] {logging_mixin.py:188} INFO - [2024-02-21T19:54:11.564+0000] {dag.py:3823} INFO - Setting next_dagrun for example_branch_labels to 2024-02-20 00:00:00+00:00, run_after=2024-02-21 00:00:00+00:00
[2024-02-21T19:54:11.582+0000] {processor.py:183} INFO - Processing /home/airflow/.local/lib/python3.8/site-packages/airflow/example_dags/example_branch_labels.py took 0.076 seconds
[2024-02-21T19:54:41.996+0000] {processor.py:161} INFO - Started process (PID=590) to work on /home/airflow/.local/lib/python3.8/site-packages/airflow/example_dags/example_branch_labels.py
[2024-02-21T19:54:41.997+0000] {processor.py:830} INFO - Processing file /home/airflow/.local/lib/python3.8/site-packages/airflow/example_dags/example_branch_labels.py for tasks to queue
[2024-02-21T19:54:41.999+0000] {logging_mixin.py:188} INFO - [2024-02-21T19:54:41.999+0000] {dagbag.py:538} INFO - Filling up the DagBag from /home/airflow/.local/lib/python3.8/site-packages/airflow/example_dags/example_branch_labels.py
[2024-02-21T19:54:42.007+0000] {processor.py:840} INFO - DAG(s) 'example_branch_labels' retrieved from /home/airflow/.local/lib/python3.8/site-packages/airflow/example_dags/example_branch_labels.py
[2024-02-21T19:54:42.027+0000] {logging_mixin.py:188} INFO - [2024-02-21T19:54:42.027+0000] {dag.py:3036} INFO - Sync 1 DAGs
[2024-02-21T19:54:42.050+0000] {logging_mixin.py:188} INFO - [2024-02-21T19:54:42.049+0000] {dag.py:3823} INFO - Setting next_dagrun for example_branch_labels to 2024-02-20 00:00:00+00:00, run_after=2024-02-21 00:00:00+00:00
[2024-02-21T19:54:42.068+0000] {processor.py:183} INFO - Processing /home/airflow/.local/lib/python3.8/site-packages/airflow/example_dags/example_branch_labels.py took 0.075 seconds
[2024-02-21T19:55:12.590+0000] {processor.py:161} INFO - Started process (PID=645) to work on /home/airflow/.local/lib/python3.8/site-packages/airflow/example_dags/example_branch_labels.py
[2024-02-21T19:55:12.591+0000] {processor.py:830} INFO - Processing file /home/airflow/.local/lib/python3.8/site-packages/airflow/example_dags/example_branch_labels.py for tasks to queue
[2024-02-21T19:55:12.594+0000] {logging_mixin.py:188} INFO - [2024-02-21T19:55:12.593+0000] {dagbag.py:538} INFO - Filling up the DagBag from /home/airflow/.local/lib/python3.8/site-packages/airflow/example_dags/example_branch_labels.py
[2024-02-21T19:55:12.602+0000] {processor.py:840} INFO - DAG(s) 'example_branch_labels' retrieved from /home/airflow/.local/lib/python3.8/site-packages/airflow/example_dags/example_branch_labels.py
[2024-02-21T19:55:12.621+0000] {logging_mixin.py:188} INFO - [2024-02-21T19:55:12.621+0000] {dag.py:3036} INFO - Sync 1 DAGs
[2024-02-21T19:55:12.644+0000] {logging_mixin.py:188} INFO - [2024-02-21T19:55:12.643+0000] {dag.py:3823} INFO - Setting next_dagrun for example_branch_labels to 2024-02-20 00:00:00+00:00, run_after=2024-02-21 00:00:00+00:00
[2024-02-21T19:55:12.663+0000] {processor.py:183} INFO - Processing /home/airflow/.local/lib/python3.8/site-packages/airflow/example_dags/example_branch_labels.py took 0.077 seconds
[2024-02-21T19:55:43.294+0000] {processor.py:161} INFO - Started process (PID=700) to work on /home/airflow/.local/lib/python3.8/site-packages/airflow/example_dags/example_branch_labels.py
[2024-02-21T19:55:43.296+0000] {processor.py:830} INFO - Processing file /home/airflow/.local/lib/python3.8/site-packages/airflow/example_dags/example_branch_labels.py for tasks to queue
[2024-02-21T19:55:43.298+0000] {logging_mixin.py:188} INFO - [2024-02-21T19:55:43.298+0000] {dagbag.py:538} INFO - Filling up the DagBag from /home/airflow/.local/lib/python3.8/site-packages/airflow/example_dags/example_branch_labels.py
[2024-02-21T19:55:43.307+0000] {processor.py:840} INFO - DAG(s) 'example_branch_labels' retrieved from /home/airflow/.local/lib/python3.8/site-packages/airflow/example_dags/example_branch_labels.py
[2024-02-21T19:55:43.328+0000] {logging_mixin.py:188} INFO - [2024-02-21T19:55:43.328+0000] {dag.py:3036} INFO - Sync 1 DAGs
[2024-02-21T19:55:43.351+0000] {logging_mixin.py:188} INFO - [2024-02-21T19:55:43.351+0000] {dag.py:3823} INFO - Setting next_dagrun for example_branch_labels to 2024-02-20 00:00:00+00:00, run_after=2024-02-21 00:00:00+00:00
[2024-02-21T19:55:43.369+0000] {processor.py:183} INFO - Processing /home/airflow/.local/lib/python3.8/site-packages/airflow/example_dags/example_branch_labels.py took 0.079 seconds
[2024-02-21T19:56:13.486+0000] {processor.py:161} INFO - Started process (PID=755) to work on /home/airflow/.local/lib/python3.8/site-packages/airflow/example_dags/example_branch_labels.py
[2024-02-21T19:56:13.488+0000] {processor.py:830} INFO - Processing file /home/airflow/.local/lib/python3.8/site-packages/airflow/example_dags/example_branch_labels.py for tasks to queue
[2024-02-21T19:56:13.490+0000] {logging_mixin.py:188} INFO - [2024-02-21T19:56:13.490+0000] {dagbag.py:538} INFO - Filling up the DagBag from /home/airflow/.local/lib/python3.8/site-packages/airflow/example_dags/example_branch_labels.py
[2024-02-21T19:56:13.501+0000] {processor.py:840} INFO - DAG(s) 'example_branch_labels' retrieved from /home/airflow/.local/lib/python3.8/site-packages/airflow/example_dags/example_branch_labels.py
[2024-02-21T19:56:13.526+0000] {logging_mixin.py:188} INFO - [2024-02-21T19:56:13.526+0000] {dag.py:3036} INFO - Sync 1 DAGs
[2024-02-21T19:56:13.552+0000] {logging_mixin.py:188} INFO - [2024-02-21T19:56:13.551+0000] {dag.py:3823} INFO - Setting next_dagrun for example_branch_labels to 2024-02-20 00:00:00+00:00, run_after=2024-02-21 00:00:00+00:00
[2024-02-21T19:56:13.571+0000] {processor.py:183} INFO - Processing /home/airflow/.local/lib/python3.8/site-packages/airflow/example_dags/example_branch_labels.py took 0.089 seconds
[2024-02-21T19:56:43.662+0000] {processor.py:161} INFO - Started process (PID=810) to work on /home/airflow/.local/lib/python3.8/site-packages/airflow/example_dags/example_branch_labels.py
[2024-02-21T19:56:43.663+0000] {processor.py:830} INFO - Processing file /home/airflow/.local/lib/python3.8/site-packages/airflow/example_dags/example_branch_labels.py for tasks to queue
[2024-02-21T19:56:43.666+0000] {logging_mixin.py:188} INFO - [2024-02-21T19:56:43.665+0000] {dagbag.py:538} INFO - Filling up the DagBag from /home/airflow/.local/lib/python3.8/site-packages/airflow/example_dags/example_branch_labels.py
[2024-02-21T19:56:43.674+0000] {processor.py:840} INFO - DAG(s) 'example_branch_labels' retrieved from /home/airflow/.local/lib/python3.8/site-packages/airflow/example_dags/example_branch_labels.py
[2024-02-21T19:56:43.695+0000] {logging_mixin.py:188} INFO - [2024-02-21T19:56:43.695+0000] {dag.py:3036} INFO - Sync 1 DAGs
[2024-02-21T19:56:43.721+0000] {logging_mixin.py:188} INFO - [2024-02-21T19:56:43.721+0000] {dag.py:3823} INFO - Setting next_dagrun for example_branch_labels to 2024-02-20 00:00:00+00:00, run_after=2024-02-21 00:00:00+00:00
[2024-02-21T19:56:43.739+0000] {processor.py:183} INFO - Processing /home/airflow/.local/lib/python3.8/site-packages/airflow/example_dags/example_branch_labels.py took 0.082 seconds
[2024-02-21T19:57:14.130+0000] {processor.py:161} INFO - Started process (PID=865) to work on /home/airflow/.local/lib/python3.8/site-packages/airflow/example_dags/example_branch_labels.py
[2024-02-21T19:57:14.132+0000] {processor.py:830} INFO - Processing file /home/airflow/.local/lib/python3.8/site-packages/airflow/example_dags/example_branch_labels.py for tasks to queue
[2024-02-21T19:57:14.134+0000] {logging_mixin.py:188} INFO - [2024-02-21T19:57:14.134+0000] {dagbag.py:538} INFO - Filling up the DagBag from /home/airflow/.local/lib/python3.8/site-packages/airflow/example_dags/example_branch_labels.py
[2024-02-21T19:57:14.142+0000] {processor.py:840} INFO - DAG(s) 'example_branch_labels' retrieved from /home/airflow/.local/lib/python3.8/site-packages/airflow/example_dags/example_branch_labels.py
[2024-02-21T19:57:14.164+0000] {logging_mixin.py:188} INFO - [2024-02-21T19:57:14.164+0000] {dag.py:3036} INFO - Sync 1 DAGs
[2024-02-21T19:57:14.190+0000] {logging_mixin.py:188} INFO - [2024-02-21T19:57:14.190+0000] {dag.py:3823} INFO - Setting next_dagrun for example_branch_labels to 2024-02-20 00:00:00+00:00, run_after=2024-02-21 00:00:00+00:00
[2024-02-21T19:57:14.210+0000] {processor.py:183} INFO - Processing /home/airflow/.local/lib/python3.8/site-packages/airflow/example_dags/example_branch_labels.py took 0.083 seconds
[2024-02-21T19:57:45.105+0000] {processor.py:161} INFO - Started process (PID=920) to work on /home/airflow/.local/lib/python3.8/site-packages/airflow/example_dags/example_branch_labels.py
[2024-02-21T19:57:45.106+0000] {processor.py:830} INFO - Processing file /home/airflow/.local/lib/python3.8/site-packages/airflow/example_dags/example_branch_labels.py for tasks to queue
[2024-02-21T19:57:45.109+0000] {logging_mixin.py:188} INFO - [2024-02-21T19:57:45.108+0000] {dagbag.py:538} INFO - Filling up the DagBag from /home/airflow/.local/lib/python3.8/site-packages/airflow/example_dags/example_branch_labels.py
[2024-02-21T19:57:45.117+0000] {processor.py:840} INFO - DAG(s) 'example_branch_labels' retrieved from /home/airflow/.local/lib/python3.8/site-packages/airflow/example_dags/example_branch_labels.py
[2024-02-21T19:57:45.139+0000] {logging_mixin.py:188} INFO - [2024-02-21T19:57:45.139+0000] {dag.py:3036} INFO - Sync 1 DAGs
[2024-02-21T19:57:45.167+0000] {logging_mixin.py:188} INFO - [2024-02-21T19:57:45.167+0000] {dag.py:3823} INFO - Setting next_dagrun for example_branch_labels to 2024-02-20 00:00:00+00:00, run_after=2024-02-21 00:00:00+00:00
[2024-02-21T19:57:45.194+0000] {processor.py:183} INFO - Processing /home/airflow/.local/lib/python3.8/site-packages/airflow/example_dags/example_branch_labels.py took 0.094 seconds
[2024-02-21T19:58:15.567+0000] {processor.py:161} INFO - Started process (PID=975) to work on /home/airflow/.local/lib/python3.8/site-packages/airflow/example_dags/example_branch_labels.py
[2024-02-21T19:58:15.568+0000] {processor.py:830} INFO - Processing file /home/airflow/.local/lib/python3.8/site-packages/airflow/example_dags/example_branch_labels.py for tasks to queue
[2024-02-21T19:58:15.570+0000] {logging_mixin.py:188} INFO - [2024-02-21T19:58:15.569+0000] {dagbag.py:538} INFO - Filling up the DagBag from /home/airflow/.local/lib/python3.8/site-packages/airflow/example_dags/example_branch_labels.py
[2024-02-21T19:58:15.576+0000] {processor.py:840} INFO - DAG(s) 'example_branch_labels' retrieved from /home/airflow/.local/lib/python3.8/site-packages/airflow/example_dags/example_branch_labels.py
[2024-02-21T19:58:15.595+0000] {logging_mixin.py:188} INFO - [2024-02-21T19:58:15.595+0000] {dag.py:3036} INFO - Sync 1 DAGs
[2024-02-21T19:58:15.616+0000] {logging_mixin.py:188} INFO - [2024-02-21T19:58:15.616+0000] {dag.py:3823} INFO - Setting next_dagrun for example_branch_labels to 2024-02-20 00:00:00+00:00, run_after=2024-02-21 00:00:00+00:00
[2024-02-21T19:58:15.632+0000] {processor.py:183} INFO - Processing /home/airflow/.local/lib/python3.8/site-packages/airflow/example_dags/example_branch_labels.py took 0.068 seconds
[2024-02-21T19:58:46.004+0000] {processor.py:161} INFO - Started process (PID=1030) to work on /home/airflow/.local/lib/python3.8/site-packages/airflow/example_dags/example_branch_labels.py
[2024-02-21T19:58:46.005+0000] {processor.py:830} INFO - Processing file /home/airflow/.local/lib/python3.8/site-packages/airflow/example_dags/example_branch_labels.py for tasks to queue
[2024-02-21T19:58:46.008+0000] {logging_mixin.py:188} INFO - [2024-02-21T19:58:46.007+0000] {dagbag.py:538} INFO - Filling up the DagBag from /home/airflow/.local/lib/python3.8/site-packages/airflow/example_dags/example_branch_labels.py
[2024-02-21T19:58:46.015+0000] {processor.py:840} INFO - DAG(s) 'example_branch_labels' retrieved from /home/airflow/.local/lib/python3.8/site-packages/airflow/example_dags/example_branch_labels.py
[2024-02-21T19:58:46.035+0000] {logging_mixin.py:188} INFO - [2024-02-21T19:58:46.034+0000] {dag.py:3036} INFO - Sync 1 DAGs
[2024-02-21T19:58:46.057+0000] {logging_mixin.py:188} INFO - [2024-02-21T19:58:46.057+0000] {dag.py:3823} INFO - Setting next_dagrun for example_branch_labels to 2024-02-20 00:00:00+00:00, run_after=2024-02-21 00:00:00+00:00
[2024-02-21T19:58:46.075+0000] {processor.py:183} INFO - Processing /home/airflow/.local/lib/python3.8/site-packages/airflow/example_dags/example_branch_labels.py took 0.074 seconds
[2024-02-21T19:59:16.452+0000] {processor.py:161} INFO - Started process (PID=1085) to work on /home/airflow/.local/lib/python3.8/site-packages/airflow/example_dags/example_branch_labels.py
[2024-02-21T19:59:16.453+0000] {processor.py:830} INFO - Processing file /home/airflow/.local/lib/python3.8/site-packages/airflow/example_dags/example_branch_labels.py for tasks to queue
[2024-02-21T19:59:16.455+0000] {logging_mixin.py:188} INFO - [2024-02-21T19:59:16.455+0000] {dagbag.py:538} INFO - Filling up the DagBag from /home/airflow/.local/lib/python3.8/site-packages/airflow/example_dags/example_branch_labels.py
[2024-02-21T19:59:16.463+0000] {processor.py:840} INFO - DAG(s) 'example_branch_labels' retrieved from /home/airflow/.local/lib/python3.8/site-packages/airflow/example_dags/example_branch_labels.py
[2024-02-21T19:59:16.485+0000] {logging_mixin.py:188} INFO - [2024-02-21T19:59:16.485+0000] {dag.py:3036} INFO - Sync 1 DAGs
[2024-02-21T19:59:16.507+0000] {logging_mixin.py:188} INFO - [2024-02-21T19:59:16.506+0000] {dag.py:3823} INFO - Setting next_dagrun for example_branch_labels to 2024-02-20 00:00:00+00:00, run_after=2024-02-21 00:00:00+00:00
[2024-02-21T19:59:16.523+0000] {processor.py:183} INFO - Processing /home/airflow/.local/lib/python3.8/site-packages/airflow/example_dags/example_branch_labels.py took 0.074 seconds
[2024-02-21T19:59:46.966+0000] {processor.py:161} INFO - Started process (PID=1140) to work on /home/airflow/.local/lib/python3.8/site-packages/airflow/example_dags/example_branch_labels.py
[2024-02-21T19:59:46.967+0000] {processor.py:830} INFO - Processing file /home/airflow/.local/lib/python3.8/site-packages/airflow/example_dags/example_branch_labels.py for tasks to queue
[2024-02-21T19:59:46.970+0000] {logging_mixin.py:188} INFO - [2024-02-21T19:59:46.970+0000] {dagbag.py:538} INFO - Filling up the DagBag from /home/airflow/.local/lib/python3.8/site-packages/airflow/example_dags/example_branch_labels.py
[2024-02-21T19:59:46.977+0000] {processor.py:840} INFO - DAG(s) 'example_branch_labels' retrieved from /home/airflow/.local/lib/python3.8/site-packages/airflow/example_dags/example_branch_labels.py
[2024-02-21T19:59:46.998+0000] {logging_mixin.py:188} INFO - [2024-02-21T19:59:46.997+0000] {dag.py:3036} INFO - Sync 1 DAGs
[2024-02-21T19:59:47.019+0000] {logging_mixin.py:188} INFO - [2024-02-21T19:59:47.018+0000] {dag.py:3823} INFO - Setting next_dagrun for example_branch_labels to 2024-02-20 00:00:00+00:00, run_after=2024-02-21 00:00:00+00:00
[2024-02-21T19:59:47.035+0000] {processor.py:183} INFO - Processing /home/airflow/.local/lib/python3.8/site-packages/airflow/example_dags/example_branch_labels.py took 0.072 seconds
[2024-02-21T20:00:17.473+0000] {processor.py:161} INFO - Started process (PID=1195) to work on /home/airflow/.local/lib/python3.8/site-packages/airflow/example_dags/example_branch_labels.py
[2024-02-21T20:00:17.474+0000] {processor.py:830} INFO - Processing file /home/airflow/.local/lib/python3.8/site-packages/airflow/example_dags/example_branch_labels.py for tasks to queue
[2024-02-21T20:00:17.477+0000] {logging_mixin.py:188} INFO - [2024-02-21T20:00:17.477+0000] {dagbag.py:538} INFO - Filling up the DagBag from /home/airflow/.local/lib/python3.8/site-packages/airflow/example_dags/example_branch_labels.py
[2024-02-21T20:00:17.491+0000] {processor.py:840} INFO - DAG(s) 'example_branch_labels' retrieved from /home/airflow/.local/lib/python3.8/site-packages/airflow/example_dags/example_branch_labels.py
[2024-02-21T20:00:17.525+0000] {logging_mixin.py:188} INFO - [2024-02-21T20:00:17.525+0000] {dag.py:3036} INFO - Sync 1 DAGs
[2024-02-21T20:00:17.555+0000] {logging_mixin.py:188} INFO - [2024-02-21T20:00:17.555+0000] {dag.py:3823} INFO - Setting next_dagrun for example_branch_labels to 2024-02-20 00:00:00+00:00, run_after=2024-02-21 00:00:00+00:00
[2024-02-21T20:00:17.573+0000] {processor.py:183} INFO - Processing /home/airflow/.local/lib/python3.8/site-packages/airflow/example_dags/example_branch_labels.py took 0.104 seconds
[2024-02-21T20:00:47.859+0000] {processor.py:161} INFO - Started process (PID=1250) to work on /home/airflow/.local/lib/python3.8/site-packages/airflow/example_dags/example_branch_labels.py
[2024-02-21T20:00:47.860+0000] {processor.py:830} INFO - Processing file /home/airflow/.local/lib/python3.8/site-packages/airflow/example_dags/example_branch_labels.py for tasks to queue
[2024-02-21T20:00:47.863+0000] {logging_mixin.py:188} INFO - [2024-02-21T20:00:47.862+0000] {dagbag.py:538} INFO - Filling up the DagBag from /home/airflow/.local/lib/python3.8/site-packages/airflow/example_dags/example_branch_labels.py
[2024-02-21T20:00:47.869+0000] {processor.py:840} INFO - DAG(s) 'example_branch_labels' retrieved from /home/airflow/.local/lib/python3.8/site-packages/airflow/example_dags/example_branch_labels.py
[2024-02-21T20:00:47.888+0000] {logging_mixin.py:188} INFO - [2024-02-21T20:00:47.888+0000] {dag.py:3036} INFO - Sync 1 DAGs
[2024-02-21T20:00:47.909+0000] {logging_mixin.py:188} INFO - [2024-02-21T20:00:47.908+0000] {dag.py:3823} INFO - Setting next_dagrun for example_branch_labels to 2024-02-20 00:00:00+00:00, run_after=2024-02-21 00:00:00+00:00
[2024-02-21T20:00:47.926+0000] {processor.py:183} INFO - Processing /home/airflow/.local/lib/python3.8/site-packages/airflow/example_dags/example_branch_labels.py took 0.069 seconds
[2024-02-21T20:01:18.282+0000] {processor.py:161} INFO - Started process (PID=1305) to work on /home/airflow/.local/lib/python3.8/site-packages/airflow/example_dags/example_branch_labels.py
[2024-02-21T20:01:18.283+0000] {processor.py:830} INFO - Processing file /home/airflow/.local/lib/python3.8/site-packages/airflow/example_dags/example_branch_labels.py for tasks to queue
[2024-02-21T20:01:18.285+0000] {logging_mixin.py:188} INFO - [2024-02-21T20:01:18.285+0000] {dagbag.py:538} INFO - Filling up the DagBag from /home/airflow/.local/lib/python3.8/site-packages/airflow/example_dags/example_branch_labels.py
[2024-02-21T20:01:18.292+0000] {processor.py:840} INFO - DAG(s) 'example_branch_labels' retrieved from /home/airflow/.local/lib/python3.8/site-packages/airflow/example_dags/example_branch_labels.py
[2024-02-21T20:01:18.310+0000] {logging_mixin.py:188} INFO - [2024-02-21T20:01:18.310+0000] {dag.py:3036} INFO - Sync 1 DAGs
[2024-02-21T20:01:18.331+0000] {logging_mixin.py:188} INFO - [2024-02-21T20:01:18.331+0000] {dag.py:3823} INFO - Setting next_dagrun for example_branch_labels to 2024-02-20 00:00:00+00:00, run_after=2024-02-21 00:00:00+00:00
[2024-02-21T20:01:18.349+0000] {processor.py:183} INFO - Processing /home/airflow/.local/lib/python3.8/site-packages/airflow/example_dags/example_branch_labels.py took 0.070 seconds
[2024-02-21T20:01:48.898+0000] {processor.py:161} INFO - Started process (PID=1360) to work on /home/airflow/.local/lib/python3.8/site-packages/airflow/example_dags/example_branch_labels.py
[2024-02-21T20:01:48.900+0000] {processor.py:830} INFO - Processing file /home/airflow/.local/lib/python3.8/site-packages/airflow/example_dags/example_branch_labels.py for tasks to queue
[2024-02-21T20:01:48.902+0000] {logging_mixin.py:188} INFO - [2024-02-21T20:01:48.902+0000] {dagbag.py:538} INFO - Filling up the DagBag from /home/airflow/.local/lib/python3.8/site-packages/airflow/example_dags/example_branch_labels.py
[2024-02-21T20:01:48.913+0000] {processor.py:840} INFO - DAG(s) 'example_branch_labels' retrieved from /home/airflow/.local/lib/python3.8/site-packages/airflow/example_dags/example_branch_labels.py
[2024-02-21T20:01:48.941+0000] {logging_mixin.py:188} INFO - [2024-02-21T20:01:48.941+0000] {dag.py:3036} INFO - Sync 1 DAGs
[2024-02-21T20:01:48.972+0000] {logging_mixin.py:188} INFO - [2024-02-21T20:01:48.972+0000] {dag.py:3823} INFO - Setting next_dagrun for example_branch_labels to 2024-02-20 00:00:00+00:00, run_after=2024-02-21 00:00:00+00:00
[2024-02-21T20:01:48.993+0000] {processor.py:183} INFO - Processing /home/airflow/.local/lib/python3.8/site-packages/airflow/example_dags/example_branch_labels.py took 0.101 seconds
