[2024-02-21T19:49:58.875+0000] {processor.py:161} INFO - Started process (PID=70) to work on /home/airflow/.local/lib/python3.8/site-packages/airflow/example_dags/example_short_circuit_decorator.py
[2024-02-21T19:49:58.876+0000] {processor.py:830} INFO - Processing file /home/airflow/.local/lib/python3.8/site-packages/airflow/example_dags/example_short_circuit_decorator.py for tasks to queue
[2024-02-21T19:49:58.878+0000] {logging_mixin.py:188} INFO - [2024-02-21T19:49:58.878+0000] {dagbag.py:538} INFO - Filling up the DagBag from /home/airflow/.local/lib/python3.8/site-packages/airflow/example_dags/example_short_circuit_decorator.py
[2024-02-21T19:49:58.895+0000] {processor.py:840} INFO - DAG(s) 'example_short_circuit_decorator' retrieved from /home/airflow/.local/lib/python3.8/site-packages/airflow/example_dags/example_short_circuit_decorator.py
[2024-02-21T19:49:59.081+0000] {logging_mixin.py:188} INFO - [2024-02-21T19:49:59.080+0000] {dag.py:3036} INFO - Sync 1 DAGs
[2024-02-21T19:49:59.106+0000] {logging_mixin.py:188} INFO - [2024-02-21T19:49:59.106+0000] {dag.py:3823} INFO - Setting next_dagrun for example_short_circuit_decorator to 2024-02-20 00:00:00+00:00, run_after=2024-02-21 00:00:00+00:00
[2024-02-21T19:49:59.123+0000] {processor.py:183} INFO - Processing /home/airflow/.local/lib/python3.8/site-packages/airflow/example_dags/example_short_circuit_decorator.py took 0.252 seconds
[2024-02-21T19:50:30.059+0000] {processor.py:161} INFO - Started process (PID=125) to work on /home/airflow/.local/lib/python3.8/site-packages/airflow/example_dags/example_short_circuit_decorator.py
[2024-02-21T19:50:30.060+0000] {processor.py:830} INFO - Processing file /home/airflow/.local/lib/python3.8/site-packages/airflow/example_dags/example_short_circuit_decorator.py for tasks to queue
[2024-02-21T19:50:30.062+0000] {logging_mixin.py:188} INFO - [2024-02-21T19:50:30.062+0000] {dagbag.py:538} INFO - Filling up the DagBag from /home/airflow/.local/lib/python3.8/site-packages/airflow/example_dags/example_short_circuit_decorator.py
[2024-02-21T19:50:30.071+0000] {processor.py:840} INFO - DAG(s) 'example_short_circuit_decorator' retrieved from /home/airflow/.local/lib/python3.8/site-packages/airflow/example_dags/example_short_circuit_decorator.py
[2024-02-21T19:50:30.093+0000] {logging_mixin.py:188} INFO - [2024-02-21T19:50:30.092+0000] {dag.py:3036} INFO - Sync 1 DAGs
[2024-02-21T19:50:30.114+0000] {logging_mixin.py:188} INFO - [2024-02-21T19:50:30.114+0000] {dag.py:3823} INFO - Setting next_dagrun for example_short_circuit_decorator to 2024-02-20 00:00:00+00:00, run_after=2024-02-21 00:00:00+00:00
[2024-02-21T19:50:30.134+0000] {processor.py:183} INFO - Processing /home/airflow/.local/lib/python3.8/site-packages/airflow/example_dags/example_short_circuit_decorator.py took 0.078 seconds
[2024-02-21T19:51:00.302+0000] {processor.py:161} INFO - Started process (PID=180) to work on /home/airflow/.local/lib/python3.8/site-packages/airflow/example_dags/example_short_circuit_decorator.py
[2024-02-21T19:51:00.303+0000] {processor.py:830} INFO - Processing file /home/airflow/.local/lib/python3.8/site-packages/airflow/example_dags/example_short_circuit_decorator.py for tasks to queue
[2024-02-21T19:51:00.305+0000] {logging_mixin.py:188} INFO - [2024-02-21T19:51:00.305+0000] {dagbag.py:538} INFO - Filling up the DagBag from /home/airflow/.local/lib/python3.8/site-packages/airflow/example_dags/example_short_circuit_decorator.py
[2024-02-21T19:51:00.313+0000] {processor.py:840} INFO - DAG(s) 'example_short_circuit_decorator' retrieved from /home/airflow/.local/lib/python3.8/site-packages/airflow/example_dags/example_short_circuit_decorator.py
[2024-02-21T19:51:00.334+0000] {logging_mixin.py:188} INFO - [2024-02-21T19:51:00.333+0000] {dag.py:3036} INFO - Sync 1 DAGs
[2024-02-21T19:51:00.357+0000] {logging_mixin.py:188} INFO - [2024-02-21T19:51:00.357+0000] {dag.py:3823} INFO - Setting next_dagrun for example_short_circuit_decorator to 2024-02-20 00:00:00+00:00, run_after=2024-02-21 00:00:00+00:00
[2024-02-21T19:51:00.378+0000] {processor.py:183} INFO - Processing /home/airflow/.local/lib/python3.8/site-packages/airflow/example_dags/example_short_circuit_decorator.py took 0.078 seconds
[2024-02-21T19:51:30.737+0000] {processor.py:161} INFO - Started process (PID=235) to work on /home/airflow/.local/lib/python3.8/site-packages/airflow/example_dags/example_short_circuit_decorator.py
[2024-02-21T19:51:30.739+0000] {processor.py:830} INFO - Processing file /home/airflow/.local/lib/python3.8/site-packages/airflow/example_dags/example_short_circuit_decorator.py for tasks to queue
[2024-02-21T19:51:30.741+0000] {logging_mixin.py:188} INFO - [2024-02-21T19:51:30.741+0000] {dagbag.py:538} INFO - Filling up the DagBag from /home/airflow/.local/lib/python3.8/site-packages/airflow/example_dags/example_short_circuit_decorator.py
[2024-02-21T19:51:30.751+0000] {processor.py:840} INFO - DAG(s) 'example_short_circuit_decorator' retrieved from /home/airflow/.local/lib/python3.8/site-packages/airflow/example_dags/example_short_circuit_decorator.py
[2024-02-21T19:51:30.773+0000] {logging_mixin.py:188} INFO - [2024-02-21T19:51:30.772+0000] {dag.py:3036} INFO - Sync 1 DAGs
[2024-02-21T19:51:30.800+0000] {logging_mixin.py:188} INFO - [2024-02-21T19:51:30.799+0000] {dag.py:3823} INFO - Setting next_dagrun for example_short_circuit_decorator to 2024-02-20 00:00:00+00:00, run_after=2024-02-21 00:00:00+00:00
[2024-02-21T19:51:30.824+0000] {processor.py:183} INFO - Processing /home/airflow/.local/lib/python3.8/site-packages/airflow/example_dags/example_short_circuit_decorator.py took 0.090 seconds
[2024-02-21T19:52:01.437+0000] {processor.py:161} INFO - Started process (PID=290) to work on /home/airflow/.local/lib/python3.8/site-packages/airflow/example_dags/example_short_circuit_decorator.py
[2024-02-21T19:52:01.438+0000] {processor.py:830} INFO - Processing file /home/airflow/.local/lib/python3.8/site-packages/airflow/example_dags/example_short_circuit_decorator.py for tasks to queue
[2024-02-21T19:52:01.440+0000] {logging_mixin.py:188} INFO - [2024-02-21T19:52:01.439+0000] {dagbag.py:538} INFO - Filling up the DagBag from /home/airflow/.local/lib/python3.8/site-packages/airflow/example_dags/example_short_circuit_decorator.py
[2024-02-21T19:52:01.448+0000] {processor.py:840} INFO - DAG(s) 'example_short_circuit_decorator' retrieved from /home/airflow/.local/lib/python3.8/site-packages/airflow/example_dags/example_short_circuit_decorator.py
[2024-02-21T19:52:01.470+0000] {logging_mixin.py:188} INFO - [2024-02-21T19:52:01.470+0000] {dag.py:3036} INFO - Sync 1 DAGs
[2024-02-21T19:52:01.493+0000] {logging_mixin.py:188} INFO - [2024-02-21T19:52:01.493+0000] {dag.py:3823} INFO - Setting next_dagrun for example_short_circuit_decorator to 2024-02-20 00:00:00+00:00, run_after=2024-02-21 00:00:00+00:00
[2024-02-21T19:52:01.515+0000] {processor.py:183} INFO - Processing /home/airflow/.local/lib/python3.8/site-packages/airflow/example_dags/example_short_circuit_decorator.py took 0.080 seconds
[2024-02-21T19:52:31.665+0000] {processor.py:161} INFO - Started process (PID=345) to work on /home/airflow/.local/lib/python3.8/site-packages/airflow/example_dags/example_short_circuit_decorator.py
[2024-02-21T19:52:31.667+0000] {processor.py:830} INFO - Processing file /home/airflow/.local/lib/python3.8/site-packages/airflow/example_dags/example_short_circuit_decorator.py for tasks to queue
[2024-02-21T19:52:31.670+0000] {logging_mixin.py:188} INFO - [2024-02-21T19:52:31.669+0000] {dagbag.py:538} INFO - Filling up the DagBag from /home/airflow/.local/lib/python3.8/site-packages/airflow/example_dags/example_short_circuit_decorator.py
[2024-02-21T19:52:31.683+0000] {processor.py:840} INFO - DAG(s) 'example_short_circuit_decorator' retrieved from /home/airflow/.local/lib/python3.8/site-packages/airflow/example_dags/example_short_circuit_decorator.py
[2024-02-21T19:52:31.715+0000] {logging_mixin.py:188} INFO - [2024-02-21T19:52:31.714+0000] {dag.py:3036} INFO - Sync 1 DAGs
[2024-02-21T19:52:31.743+0000] {logging_mixin.py:188} INFO - [2024-02-21T19:52:31.743+0000] {dag.py:3823} INFO - Setting next_dagrun for example_short_circuit_decorator to 2024-02-20 00:00:00+00:00, run_after=2024-02-21 00:00:00+00:00
[2024-02-21T19:52:31.775+0000] {processor.py:183} INFO - Processing /home/airflow/.local/lib/python3.8/site-packages/airflow/example_dags/example_short_circuit_decorator.py took 0.114 seconds
[2024-02-21T19:53:02.577+0000] {processor.py:161} INFO - Started process (PID=400) to work on /home/airflow/.local/lib/python3.8/site-packages/airflow/example_dags/example_short_circuit_decorator.py
[2024-02-21T19:53:02.578+0000] {processor.py:830} INFO - Processing file /home/airflow/.local/lib/python3.8/site-packages/airflow/example_dags/example_short_circuit_decorator.py for tasks to queue
[2024-02-21T19:53:02.580+0000] {logging_mixin.py:188} INFO - [2024-02-21T19:53:02.580+0000] {dagbag.py:538} INFO - Filling up the DagBag from /home/airflow/.local/lib/python3.8/site-packages/airflow/example_dags/example_short_circuit_decorator.py
[2024-02-21T19:53:02.589+0000] {processor.py:840} INFO - DAG(s) 'example_short_circuit_decorator' retrieved from /home/airflow/.local/lib/python3.8/site-packages/airflow/example_dags/example_short_circuit_decorator.py
[2024-02-21T19:53:02.614+0000] {logging_mixin.py:188} INFO - [2024-02-21T19:53:02.613+0000] {dag.py:3036} INFO - Sync 1 DAGs
[2024-02-21T19:53:02.638+0000] {logging_mixin.py:188} INFO - [2024-02-21T19:53:02.638+0000] {dag.py:3823} INFO - Setting next_dagrun for example_short_circuit_decorator to 2024-02-20 00:00:00+00:00, run_after=2024-02-21 00:00:00+00:00
[2024-02-21T19:53:02.657+0000] {processor.py:183} INFO - Processing /home/airflow/.local/lib/python3.8/site-packages/airflow/example_dags/example_short_circuit_decorator.py took 0.084 seconds
[2024-02-21T19:53:33.550+0000] {processor.py:161} INFO - Started process (PID=455) to work on /home/airflow/.local/lib/python3.8/site-packages/airflow/example_dags/example_short_circuit_decorator.py
[2024-02-21T19:53:33.552+0000] {processor.py:830} INFO - Processing file /home/airflow/.local/lib/python3.8/site-packages/airflow/example_dags/example_short_circuit_decorator.py for tasks to queue
[2024-02-21T19:53:33.554+0000] {logging_mixin.py:188} INFO - [2024-02-21T19:53:33.554+0000] {dagbag.py:538} INFO - Filling up the DagBag from /home/airflow/.local/lib/python3.8/site-packages/airflow/example_dags/example_short_circuit_decorator.py
[2024-02-21T19:53:33.564+0000] {processor.py:840} INFO - DAG(s) 'example_short_circuit_decorator' retrieved from /home/airflow/.local/lib/python3.8/site-packages/airflow/example_dags/example_short_circuit_decorator.py
[2024-02-21T19:53:33.584+0000] {logging_mixin.py:188} INFO - [2024-02-21T19:53:33.584+0000] {dag.py:3036} INFO - Sync 1 DAGs
[2024-02-21T19:53:33.610+0000] {logging_mixin.py:188} INFO - [2024-02-21T19:53:33.609+0000] {dag.py:3823} INFO - Setting next_dagrun for example_short_circuit_decorator to 2024-02-20 00:00:00+00:00, run_after=2024-02-21 00:00:00+00:00
[2024-02-21T19:53:33.773+0000] {processor.py:183} INFO - Processing /home/airflow/.local/lib/python3.8/site-packages/airflow/example_dags/example_short_circuit_decorator.py took 0.227 seconds
[2024-02-21T19:54:03.980+0000] {processor.py:161} INFO - Started process (PID=510) to work on /home/airflow/.local/lib/python3.8/site-packages/airflow/example_dags/example_short_circuit_decorator.py
[2024-02-21T19:54:03.983+0000] {processor.py:830} INFO - Processing file /home/airflow/.local/lib/python3.8/site-packages/airflow/example_dags/example_short_circuit_decorator.py for tasks to queue
[2024-02-21T19:54:03.985+0000] {logging_mixin.py:188} INFO - [2024-02-21T19:54:03.985+0000] {dagbag.py:538} INFO - Filling up the DagBag from /home/airflow/.local/lib/python3.8/site-packages/airflow/example_dags/example_short_circuit_decorator.py
[2024-02-21T19:54:03.997+0000] {processor.py:840} INFO - DAG(s) 'example_short_circuit_decorator' retrieved from /home/airflow/.local/lib/python3.8/site-packages/airflow/example_dags/example_short_circuit_decorator.py
[2024-02-21T19:54:04.025+0000] {logging_mixin.py:188} INFO - [2024-02-21T19:54:04.025+0000] {dag.py:3036} INFO - Sync 1 DAGs
[2024-02-21T19:54:04.051+0000] {logging_mixin.py:188} INFO - [2024-02-21T19:54:04.051+0000] {dag.py:3823} INFO - Setting next_dagrun for example_short_circuit_decorator to 2024-02-20 00:00:00+00:00, run_after=2024-02-21 00:00:00+00:00
[2024-02-21T19:54:04.075+0000] {processor.py:183} INFO - Processing /home/airflow/.local/lib/python3.8/site-packages/airflow/example_dags/example_short_circuit_decorator.py took 0.098 seconds
[2024-02-21T19:54:34.133+0000] {processor.py:161} INFO - Started process (PID=565) to work on /home/airflow/.local/lib/python3.8/site-packages/airflow/example_dags/example_short_circuit_decorator.py
[2024-02-21T19:54:34.134+0000] {processor.py:830} INFO - Processing file /home/airflow/.local/lib/python3.8/site-packages/airflow/example_dags/example_short_circuit_decorator.py for tasks to queue
[2024-02-21T19:54:34.137+0000] {logging_mixin.py:188} INFO - [2024-02-21T19:54:34.136+0000] {dagbag.py:538} INFO - Filling up the DagBag from /home/airflow/.local/lib/python3.8/site-packages/airflow/example_dags/example_short_circuit_decorator.py
[2024-02-21T19:54:34.145+0000] {processor.py:840} INFO - DAG(s) 'example_short_circuit_decorator' retrieved from /home/airflow/.local/lib/python3.8/site-packages/airflow/example_dags/example_short_circuit_decorator.py
[2024-02-21T19:54:34.168+0000] {logging_mixin.py:188} INFO - [2024-02-21T19:54:34.168+0000] {dag.py:3036} INFO - Sync 1 DAGs
[2024-02-21T19:54:34.190+0000] {logging_mixin.py:188} INFO - [2024-02-21T19:54:34.190+0000] {dag.py:3823} INFO - Setting next_dagrun for example_short_circuit_decorator to 2024-02-20 00:00:00+00:00, run_after=2024-02-21 00:00:00+00:00
[2024-02-21T19:54:34.214+0000] {processor.py:183} INFO - Processing /home/airflow/.local/lib/python3.8/site-packages/airflow/example_dags/example_short_circuit_decorator.py took 0.083 seconds
[2024-02-21T19:55:04.522+0000] {processor.py:161} INFO - Started process (PID=620) to work on /home/airflow/.local/lib/python3.8/site-packages/airflow/example_dags/example_short_circuit_decorator.py
[2024-02-21T19:55:04.523+0000] {processor.py:830} INFO - Processing file /home/airflow/.local/lib/python3.8/site-packages/airflow/example_dags/example_short_circuit_decorator.py for tasks to queue
[2024-02-21T19:55:04.525+0000] {logging_mixin.py:188} INFO - [2024-02-21T19:55:04.525+0000] {dagbag.py:538} INFO - Filling up the DagBag from /home/airflow/.local/lib/python3.8/site-packages/airflow/example_dags/example_short_circuit_decorator.py
[2024-02-21T19:55:04.534+0000] {processor.py:840} INFO - DAG(s) 'example_short_circuit_decorator' retrieved from /home/airflow/.local/lib/python3.8/site-packages/airflow/example_dags/example_short_circuit_decorator.py
[2024-02-21T19:55:04.555+0000] {logging_mixin.py:188} INFO - [2024-02-21T19:55:04.555+0000] {dag.py:3036} INFO - Sync 1 DAGs
[2024-02-21T19:55:04.579+0000] {logging_mixin.py:188} INFO - [2024-02-21T19:55:04.578+0000] {dag.py:3823} INFO - Setting next_dagrun for example_short_circuit_decorator to 2024-02-20 00:00:00+00:00, run_after=2024-02-21 00:00:00+00:00
[2024-02-21T19:55:04.596+0000] {processor.py:183} INFO - Processing /home/airflow/.local/lib/python3.8/site-packages/airflow/example_dags/example_short_circuit_decorator.py took 0.076 seconds
[2024-02-21T19:55:35.106+0000] {processor.py:161} INFO - Started process (PID=675) to work on /home/airflow/.local/lib/python3.8/site-packages/airflow/example_dags/example_short_circuit_decorator.py
[2024-02-21T19:55:35.107+0000] {processor.py:830} INFO - Processing file /home/airflow/.local/lib/python3.8/site-packages/airflow/example_dags/example_short_circuit_decorator.py for tasks to queue
[2024-02-21T19:55:35.110+0000] {logging_mixin.py:188} INFO - [2024-02-21T19:55:35.109+0000] {dagbag.py:538} INFO - Filling up the DagBag from /home/airflow/.local/lib/python3.8/site-packages/airflow/example_dags/example_short_circuit_decorator.py
[2024-02-21T19:55:35.118+0000] {processor.py:840} INFO - DAG(s) 'example_short_circuit_decorator' retrieved from /home/airflow/.local/lib/python3.8/site-packages/airflow/example_dags/example_short_circuit_decorator.py
[2024-02-21T19:55:35.141+0000] {logging_mixin.py:188} INFO - [2024-02-21T19:55:35.140+0000] {dag.py:3036} INFO - Sync 1 DAGs
[2024-02-21T19:55:35.162+0000] {logging_mixin.py:188} INFO - [2024-02-21T19:55:35.161+0000] {dag.py:3823} INFO - Setting next_dagrun for example_short_circuit_decorator to 2024-02-20 00:00:00+00:00, run_after=2024-02-21 00:00:00+00:00
[2024-02-21T19:55:35.189+0000] {processor.py:183} INFO - Processing /home/airflow/.local/lib/python3.8/site-packages/airflow/example_dags/example_short_circuit_decorator.py took 0.087 seconds
[2024-02-21T19:56:05.441+0000] {processor.py:161} INFO - Started process (PID=730) to work on /home/airflow/.local/lib/python3.8/site-packages/airflow/example_dags/example_short_circuit_decorator.py
[2024-02-21T19:56:05.442+0000] {processor.py:830} INFO - Processing file /home/airflow/.local/lib/python3.8/site-packages/airflow/example_dags/example_short_circuit_decorator.py for tasks to queue
[2024-02-21T19:56:05.444+0000] {logging_mixin.py:188} INFO - [2024-02-21T19:56:05.444+0000] {dagbag.py:538} INFO - Filling up the DagBag from /home/airflow/.local/lib/python3.8/site-packages/airflow/example_dags/example_short_circuit_decorator.py
[2024-02-21T19:56:05.454+0000] {processor.py:840} INFO - DAG(s) 'example_short_circuit_decorator' retrieved from /home/airflow/.local/lib/python3.8/site-packages/airflow/example_dags/example_short_circuit_decorator.py
[2024-02-21T19:56:05.475+0000] {logging_mixin.py:188} INFO - [2024-02-21T19:56:05.475+0000] {dag.py:3036} INFO - Sync 1 DAGs
[2024-02-21T19:56:05.498+0000] {logging_mixin.py:188} INFO - [2024-02-21T19:56:05.497+0000] {dag.py:3823} INFO - Setting next_dagrun for example_short_circuit_decorator to 2024-02-20 00:00:00+00:00, run_after=2024-02-21 00:00:00+00:00
[2024-02-21T19:56:05.519+0000] {processor.py:183} INFO - Processing /home/airflow/.local/lib/python3.8/site-packages/airflow/example_dags/example_short_circuit_decorator.py took 0.082 seconds
[2024-02-21T19:56:35.606+0000] {processor.py:161} INFO - Started process (PID=785) to work on /home/airflow/.local/lib/python3.8/site-packages/airflow/example_dags/example_short_circuit_decorator.py
[2024-02-21T19:56:35.608+0000] {processor.py:830} INFO - Processing file /home/airflow/.local/lib/python3.8/site-packages/airflow/example_dags/example_short_circuit_decorator.py for tasks to queue
[2024-02-21T19:56:35.611+0000] {logging_mixin.py:188} INFO - [2024-02-21T19:56:35.610+0000] {dagbag.py:538} INFO - Filling up the DagBag from /home/airflow/.local/lib/python3.8/site-packages/airflow/example_dags/example_short_circuit_decorator.py
[2024-02-21T19:56:35.620+0000] {processor.py:840} INFO - DAG(s) 'example_short_circuit_decorator' retrieved from /home/airflow/.local/lib/python3.8/site-packages/airflow/example_dags/example_short_circuit_decorator.py
[2024-02-21T19:56:35.643+0000] {logging_mixin.py:188} INFO - [2024-02-21T19:56:35.643+0000] {dag.py:3036} INFO - Sync 1 DAGs
[2024-02-21T19:56:35.666+0000] {logging_mixin.py:188} INFO - [2024-02-21T19:56:35.665+0000] {dag.py:3823} INFO - Setting next_dagrun for example_short_circuit_decorator to 2024-02-20 00:00:00+00:00, run_after=2024-02-21 00:00:00+00:00
[2024-02-21T19:56:35.686+0000] {processor.py:183} INFO - Processing /home/airflow/.local/lib/python3.8/site-packages/airflow/example_dags/example_short_circuit_decorator.py took 0.083 seconds
[2024-02-21T19:57:05.875+0000] {processor.py:161} INFO - Started process (PID=840) to work on /home/airflow/.local/lib/python3.8/site-packages/airflow/example_dags/example_short_circuit_decorator.py
[2024-02-21T19:57:05.876+0000] {processor.py:830} INFO - Processing file /home/airflow/.local/lib/python3.8/site-packages/airflow/example_dags/example_short_circuit_decorator.py for tasks to queue
[2024-02-21T19:57:05.877+0000] {logging_mixin.py:188} INFO - [2024-02-21T19:57:05.877+0000] {dagbag.py:538} INFO - Filling up the DagBag from /home/airflow/.local/lib/python3.8/site-packages/airflow/example_dags/example_short_circuit_decorator.py
[2024-02-21T19:57:05.886+0000] {processor.py:840} INFO - DAG(s) 'example_short_circuit_decorator' retrieved from /home/airflow/.local/lib/python3.8/site-packages/airflow/example_dags/example_short_circuit_decorator.py
[2024-02-21T19:57:05.913+0000] {logging_mixin.py:188} INFO - [2024-02-21T19:57:05.912+0000] {dag.py:3036} INFO - Sync 1 DAGs
[2024-02-21T19:57:05.935+0000] {logging_mixin.py:188} INFO - [2024-02-21T19:57:05.935+0000] {dag.py:3823} INFO - Setting next_dagrun for example_short_circuit_decorator to 2024-02-20 00:00:00+00:00, run_after=2024-02-21 00:00:00+00:00
[2024-02-21T19:57:05.953+0000] {processor.py:183} INFO - Processing /home/airflow/.local/lib/python3.8/site-packages/airflow/example_dags/example_short_circuit_decorator.py took 0.081 seconds
[2024-02-21T19:57:36.079+0000] {processor.py:161} INFO - Started process (PID=895) to work on /home/airflow/.local/lib/python3.8/site-packages/airflow/example_dags/example_short_circuit_decorator.py
[2024-02-21T19:57:36.080+0000] {processor.py:830} INFO - Processing file /home/airflow/.local/lib/python3.8/site-packages/airflow/example_dags/example_short_circuit_decorator.py for tasks to queue
[2024-02-21T19:57:36.082+0000] {logging_mixin.py:188} INFO - [2024-02-21T19:57:36.082+0000] {dagbag.py:538} INFO - Filling up the DagBag from /home/airflow/.local/lib/python3.8/site-packages/airflow/example_dags/example_short_circuit_decorator.py
[2024-02-21T19:57:36.090+0000] {processor.py:840} INFO - DAG(s) 'example_short_circuit_decorator' retrieved from /home/airflow/.local/lib/python3.8/site-packages/airflow/example_dags/example_short_circuit_decorator.py
[2024-02-21T19:57:36.112+0000] {logging_mixin.py:188} INFO - [2024-02-21T19:57:36.112+0000] {dag.py:3036} INFO - Sync 1 DAGs
[2024-02-21T19:57:36.137+0000] {logging_mixin.py:188} INFO - [2024-02-21T19:57:36.137+0000] {dag.py:3823} INFO - Setting next_dagrun for example_short_circuit_decorator to 2024-02-20 00:00:00+00:00, run_after=2024-02-21 00:00:00+00:00
[2024-02-21T19:57:36.159+0000] {processor.py:183} INFO - Processing /home/airflow/.local/lib/python3.8/site-packages/airflow/example_dags/example_short_circuit_decorator.py took 0.083 seconds
[2024-02-21T19:58:06.551+0000] {processor.py:161} INFO - Started process (PID=950) to work on /home/airflow/.local/lib/python3.8/site-packages/airflow/example_dags/example_short_circuit_decorator.py
[2024-02-21T19:58:06.552+0000] {processor.py:830} INFO - Processing file /home/airflow/.local/lib/python3.8/site-packages/airflow/example_dags/example_short_circuit_decorator.py for tasks to queue
[2024-02-21T19:58:06.554+0000] {logging_mixin.py:188} INFO - [2024-02-21T19:58:06.554+0000] {dagbag.py:538} INFO - Filling up the DagBag from /home/airflow/.local/lib/python3.8/site-packages/airflow/example_dags/example_short_circuit_decorator.py
[2024-02-21T19:58:06.563+0000] {processor.py:840} INFO - DAG(s) 'example_short_circuit_decorator' retrieved from /home/airflow/.local/lib/python3.8/site-packages/airflow/example_dags/example_short_circuit_decorator.py
[2024-02-21T19:58:06.589+0000] {logging_mixin.py:188} INFO - [2024-02-21T19:58:06.589+0000] {dag.py:3036} INFO - Sync 1 DAGs
[2024-02-21T19:58:06.613+0000] {logging_mixin.py:188} INFO - [2024-02-21T19:58:06.613+0000] {dag.py:3823} INFO - Setting next_dagrun for example_short_circuit_decorator to 2024-02-20 00:00:00+00:00, run_after=2024-02-21 00:00:00+00:00
[2024-02-21T19:58:06.636+0000] {processor.py:183} INFO - Processing /home/airflow/.local/lib/python3.8/site-packages/airflow/example_dags/example_short_circuit_decorator.py took 0.088 seconds
[2024-02-21T19:58:37.018+0000] {processor.py:161} INFO - Started process (PID=1005) to work on /home/airflow/.local/lib/python3.8/site-packages/airflow/example_dags/example_short_circuit_decorator.py
[2024-02-21T19:58:37.019+0000] {processor.py:830} INFO - Processing file /home/airflow/.local/lib/python3.8/site-packages/airflow/example_dags/example_short_circuit_decorator.py for tasks to queue
[2024-02-21T19:58:37.021+0000] {logging_mixin.py:188} INFO - [2024-02-21T19:58:37.021+0000] {dagbag.py:538} INFO - Filling up the DagBag from /home/airflow/.local/lib/python3.8/site-packages/airflow/example_dags/example_short_circuit_decorator.py
[2024-02-21T19:58:37.029+0000] {processor.py:840} INFO - DAG(s) 'example_short_circuit_decorator' retrieved from /home/airflow/.local/lib/python3.8/site-packages/airflow/example_dags/example_short_circuit_decorator.py
[2024-02-21T19:58:37.052+0000] {logging_mixin.py:188} INFO - [2024-02-21T19:58:37.051+0000] {dag.py:3036} INFO - Sync 1 DAGs
[2024-02-21T19:58:37.075+0000] {logging_mixin.py:188} INFO - [2024-02-21T19:58:37.074+0000] {dag.py:3823} INFO - Setting next_dagrun for example_short_circuit_decorator to 2024-02-20 00:00:00+00:00, run_after=2024-02-21 00:00:00+00:00
[2024-02-21T19:58:37.093+0000] {processor.py:183} INFO - Processing /home/airflow/.local/lib/python3.8/site-packages/airflow/example_dags/example_short_circuit_decorator.py took 0.078 seconds
[2024-02-21T19:59:07.498+0000] {processor.py:161} INFO - Started process (PID=1060) to work on /home/airflow/.local/lib/python3.8/site-packages/airflow/example_dags/example_short_circuit_decorator.py
[2024-02-21T19:59:07.499+0000] {processor.py:830} INFO - Processing file /home/airflow/.local/lib/python3.8/site-packages/airflow/example_dags/example_short_circuit_decorator.py for tasks to queue
[2024-02-21T19:59:07.501+0000] {logging_mixin.py:188} INFO - [2024-02-21T19:59:07.501+0000] {dagbag.py:538} INFO - Filling up the DagBag from /home/airflow/.local/lib/python3.8/site-packages/airflow/example_dags/example_short_circuit_decorator.py
[2024-02-21T19:59:07.510+0000] {processor.py:840} INFO - DAG(s) 'example_short_circuit_decorator' retrieved from /home/airflow/.local/lib/python3.8/site-packages/airflow/example_dags/example_short_circuit_decorator.py
[2024-02-21T19:59:07.535+0000] {logging_mixin.py:188} INFO - [2024-02-21T19:59:07.535+0000] {dag.py:3036} INFO - Sync 1 DAGs
[2024-02-21T19:59:07.556+0000] {logging_mixin.py:188} INFO - [2024-02-21T19:59:07.556+0000] {dag.py:3823} INFO - Setting next_dagrun for example_short_circuit_decorator to 2024-02-20 00:00:00+00:00, run_after=2024-02-21 00:00:00+00:00
[2024-02-21T19:59:07.576+0000] {processor.py:183} INFO - Processing /home/airflow/.local/lib/python3.8/site-packages/airflow/example_dags/example_short_circuit_decorator.py took 0.081 seconds
[2024-02-21T19:59:37.920+0000] {processor.py:161} INFO - Started process (PID=1116) to work on /home/airflow/.local/lib/python3.8/site-packages/airflow/example_dags/example_short_circuit_decorator.py
[2024-02-21T19:59:37.921+0000] {processor.py:830} INFO - Processing file /home/airflow/.local/lib/python3.8/site-packages/airflow/example_dags/example_short_circuit_decorator.py for tasks to queue
[2024-02-21T19:59:37.924+0000] {logging_mixin.py:188} INFO - [2024-02-21T19:59:37.923+0000] {dagbag.py:538} INFO - Filling up the DagBag from /home/airflow/.local/lib/python3.8/site-packages/airflow/example_dags/example_short_circuit_decorator.py
[2024-02-21T19:59:37.932+0000] {processor.py:840} INFO - DAG(s) 'example_short_circuit_decorator' retrieved from /home/airflow/.local/lib/python3.8/site-packages/airflow/example_dags/example_short_circuit_decorator.py
[2024-02-21T19:59:37.955+0000] {logging_mixin.py:188} INFO - [2024-02-21T19:59:37.955+0000] {dag.py:3036} INFO - Sync 1 DAGs
[2024-02-21T19:59:37.977+0000] {logging_mixin.py:188} INFO - [2024-02-21T19:59:37.977+0000] {dag.py:3823} INFO - Setting next_dagrun for example_short_circuit_decorator to 2024-02-20 00:00:00+00:00, run_after=2024-02-21 00:00:00+00:00
[2024-02-21T19:59:37.995+0000] {processor.py:183} INFO - Processing /home/airflow/.local/lib/python3.8/site-packages/airflow/example_dags/example_short_circuit_decorator.py took 0.079 seconds
[2024-02-21T20:00:08.474+0000] {processor.py:161} INFO - Started process (PID=1176) to work on /home/airflow/.local/lib/python3.8/site-packages/airflow/example_dags/example_short_circuit_decorator.py
[2024-02-21T20:00:08.476+0000] {processor.py:830} INFO - Processing file /home/airflow/.local/lib/python3.8/site-packages/airflow/example_dags/example_short_circuit_decorator.py for tasks to queue
[2024-02-21T20:00:08.479+0000] {logging_mixin.py:188} INFO - [2024-02-21T20:00:08.478+0000] {dagbag.py:538} INFO - Filling up the DagBag from /home/airflow/.local/lib/python3.8/site-packages/airflow/example_dags/example_short_circuit_decorator.py
[2024-02-21T20:00:08.490+0000] {processor.py:840} INFO - DAG(s) 'example_short_circuit_decorator' retrieved from /home/airflow/.local/lib/python3.8/site-packages/airflow/example_dags/example_short_circuit_decorator.py
[2024-02-21T20:00:08.516+0000] {logging_mixin.py:188} INFO - [2024-02-21T20:00:08.516+0000] {dag.py:3036} INFO - Sync 1 DAGs
[2024-02-21T20:00:08.541+0000] {logging_mixin.py:188} INFO - [2024-02-21T20:00:08.541+0000] {dag.py:3823} INFO - Setting next_dagrun for example_short_circuit_decorator to 2024-02-20 00:00:00+00:00, run_after=2024-02-21 00:00:00+00:00
[2024-02-21T20:00:08.563+0000] {processor.py:183} INFO - Processing /home/airflow/.local/lib/python3.8/site-packages/airflow/example_dags/example_short_circuit_decorator.py took 0.094 seconds
[2024-02-21T20:00:38.939+0000] {processor.py:161} INFO - Started process (PID=1231) to work on /home/airflow/.local/lib/python3.8/site-packages/airflow/example_dags/example_short_circuit_decorator.py
[2024-02-21T20:00:38.940+0000] {processor.py:830} INFO - Processing file /home/airflow/.local/lib/python3.8/site-packages/airflow/example_dags/example_short_circuit_decorator.py for tasks to queue
[2024-02-21T20:00:38.942+0000] {logging_mixin.py:188} INFO - [2024-02-21T20:00:38.942+0000] {dagbag.py:538} INFO - Filling up the DagBag from /home/airflow/.local/lib/python3.8/site-packages/airflow/example_dags/example_short_circuit_decorator.py
[2024-02-21T20:00:38.951+0000] {processor.py:840} INFO - DAG(s) 'example_short_circuit_decorator' retrieved from /home/airflow/.local/lib/python3.8/site-packages/airflow/example_dags/example_short_circuit_decorator.py
[2024-02-21T20:00:38.974+0000] {logging_mixin.py:188} INFO - [2024-02-21T20:00:38.974+0000] {dag.py:3036} INFO - Sync 1 DAGs
[2024-02-21T20:00:38.996+0000] {logging_mixin.py:188} INFO - [2024-02-21T20:00:38.996+0000] {dag.py:3823} INFO - Setting next_dagrun for example_short_circuit_decorator to 2024-02-20 00:00:00+00:00, run_after=2024-02-21 00:00:00+00:00
[2024-02-21T20:00:39.017+0000] {processor.py:183} INFO - Processing /home/airflow/.local/lib/python3.8/site-packages/airflow/example_dags/example_short_circuit_decorator.py took 0.082 seconds
[2024-02-21T20:01:09.235+0000] {processor.py:161} INFO - Started process (PID=1286) to work on /home/airflow/.local/lib/python3.8/site-packages/airflow/example_dags/example_short_circuit_decorator.py
[2024-02-21T20:01:09.236+0000] {processor.py:830} INFO - Processing file /home/airflow/.local/lib/python3.8/site-packages/airflow/example_dags/example_short_circuit_decorator.py for tasks to queue
[2024-02-21T20:01:09.238+0000] {logging_mixin.py:188} INFO - [2024-02-21T20:01:09.238+0000] {dagbag.py:538} INFO - Filling up the DagBag from /home/airflow/.local/lib/python3.8/site-packages/airflow/example_dags/example_short_circuit_decorator.py
[2024-02-21T20:01:09.247+0000] {processor.py:840} INFO - DAG(s) 'example_short_circuit_decorator' retrieved from /home/airflow/.local/lib/python3.8/site-packages/airflow/example_dags/example_short_circuit_decorator.py
[2024-02-21T20:01:09.299+0000] {logging_mixin.py:188} INFO - [2024-02-21T20:01:09.299+0000] {dag.py:3036} INFO - Sync 1 DAGs
[2024-02-21T20:01:09.333+0000] {logging_mixin.py:188} INFO - [2024-02-21T20:01:09.333+0000] {dag.py:3823} INFO - Setting next_dagrun for example_short_circuit_decorator to 2024-02-20 00:00:00+00:00, run_after=2024-02-21 00:00:00+00:00
[2024-02-21T20:01:09.358+0000] {processor.py:183} INFO - Processing /home/airflow/.local/lib/python3.8/site-packages/airflow/example_dags/example_short_circuit_decorator.py took 0.126 seconds
[2024-02-21T20:01:39.701+0000] {processor.py:161} INFO - Started process (PID=1341) to work on /home/airflow/.local/lib/python3.8/site-packages/airflow/example_dags/example_short_circuit_decorator.py
[2024-02-21T20:01:39.702+0000] {processor.py:830} INFO - Processing file /home/airflow/.local/lib/python3.8/site-packages/airflow/example_dags/example_short_circuit_decorator.py for tasks to queue
[2024-02-21T20:01:39.705+0000] {logging_mixin.py:188} INFO - [2024-02-21T20:01:39.705+0000] {dagbag.py:538} INFO - Filling up the DagBag from /home/airflow/.local/lib/python3.8/site-packages/airflow/example_dags/example_short_circuit_decorator.py
[2024-02-21T20:01:39.714+0000] {processor.py:840} INFO - DAG(s) 'example_short_circuit_decorator' retrieved from /home/airflow/.local/lib/python3.8/site-packages/airflow/example_dags/example_short_circuit_decorator.py
[2024-02-21T20:01:39.735+0000] {logging_mixin.py:188} INFO - [2024-02-21T20:01:39.735+0000] {dag.py:3036} INFO - Sync 1 DAGs
[2024-02-21T20:01:39.759+0000] {logging_mixin.py:188} INFO - [2024-02-21T20:01:39.758+0000] {dag.py:3823} INFO - Setting next_dagrun for example_short_circuit_decorator to 2024-02-20 00:00:00+00:00, run_after=2024-02-21 00:00:00+00:00
[2024-02-21T20:01:39.779+0000] {processor.py:183} INFO - Processing /home/airflow/.local/lib/python3.8/site-packages/airflow/example_dags/example_short_circuit_decorator.py took 0.081 seconds
[2024-02-21T20:02:09.867+0000] {processor.py:161} INFO - Started process (PID=1396) to work on /home/airflow/.local/lib/python3.8/site-packages/airflow/example_dags/example_short_circuit_decorator.py
[2024-02-21T20:02:09.868+0000] {processor.py:830} INFO - Processing file /home/airflow/.local/lib/python3.8/site-packages/airflow/example_dags/example_short_circuit_decorator.py for tasks to queue
[2024-02-21T20:02:09.871+0000] {logging_mixin.py:188} INFO - [2024-02-21T20:02:09.871+0000] {dagbag.py:538} INFO - Filling up the DagBag from /home/airflow/.local/lib/python3.8/site-packages/airflow/example_dags/example_short_circuit_decorator.py
[2024-02-21T20:02:09.881+0000] {processor.py:840} INFO - DAG(s) 'example_short_circuit_decorator' retrieved from /home/airflow/.local/lib/python3.8/site-packages/airflow/example_dags/example_short_circuit_decorator.py
[2024-02-21T20:02:09.904+0000] {logging_mixin.py:188} INFO - [2024-02-21T20:02:09.904+0000] {dag.py:3036} INFO - Sync 1 DAGs
[2024-02-21T20:02:09.930+0000] {logging_mixin.py:188} INFO - [2024-02-21T20:02:09.930+0000] {dag.py:3823} INFO - Setting next_dagrun for example_short_circuit_decorator to 2024-02-20 00:00:00+00:00, run_after=2024-02-21 00:00:00+00:00
[2024-02-21T20:02:09.956+0000] {processor.py:183} INFO - Processing /home/airflow/.local/lib/python3.8/site-packages/airflow/example_dags/example_short_circuit_decorator.py took 0.092 seconds
