[2024-02-21T19:49:31.195+0000] {processor.py:161} INFO - Started process (PID=34) to work on /home/airflow/.local/lib/python3.8/site-packages/airflow/example_dags/example_task_group.py
[2024-02-21T19:49:31.258+0000] {processor.py:830} INFO - Processing file /home/airflow/.local/lib/python3.8/site-packages/airflow/example_dags/example_task_group.py for tasks to queue
[2024-02-21T19:49:31.260+0000] {logging_mixin.py:188} INFO - [2024-02-21T19:49:31.260+0000] {dagbag.py:538} INFO - Filling up the DagBag from /home/airflow/.local/lib/python3.8/site-packages/airflow/example_dags/example_task_group.py
[2024-02-21T19:49:33.106+0000] {processor.py:840} INFO - DAG(s) 'example_task_group' retrieved from /home/airflow/.local/lib/python3.8/site-packages/airflow/example_dags/example_task_group.py
[2024-02-21T19:49:37.591+0000] {logging_mixin.py:188} INFO - [2024-02-21T19:49:37.590+0000] {dag.py:3036} INFO - Sync 1 DAGs
[2024-02-21T19:49:37.621+0000] {logging_mixin.py:188} INFO - [2024-02-21T19:49:37.621+0000] {dag.py:3823} INFO - Setting next_dagrun for example_task_group to 2024-02-20 00:00:00+00:00, run_after=2024-02-21 00:00:00+00:00
[2024-02-21T19:49:37.650+0000] {processor.py:183} INFO - Processing /home/airflow/.local/lib/python3.8/site-packages/airflow/example_dags/example_task_group.py took 6.403 seconds
[2024-02-21T19:50:07.971+0000] {processor.py:161} INFO - Started process (PID=95) to work on /home/airflow/.local/lib/python3.8/site-packages/airflow/example_dags/example_task_group.py
[2024-02-21T19:50:07.972+0000] {processor.py:830} INFO - Processing file /home/airflow/.local/lib/python3.8/site-packages/airflow/example_dags/example_task_group.py for tasks to queue
[2024-02-21T19:50:07.975+0000] {logging_mixin.py:188} INFO - [2024-02-21T19:50:07.975+0000] {dagbag.py:538} INFO - Filling up the DagBag from /home/airflow/.local/lib/python3.8/site-packages/airflow/example_dags/example_task_group.py
[2024-02-21T19:50:07.984+0000] {processor.py:840} INFO - DAG(s) 'example_task_group' retrieved from /home/airflow/.local/lib/python3.8/site-packages/airflow/example_dags/example_task_group.py
[2024-02-21T19:50:08.015+0000] {logging_mixin.py:188} INFO - [2024-02-21T19:50:08.015+0000] {dag.py:3036} INFO - Sync 1 DAGs
[2024-02-21T19:50:08.043+0000] {logging_mixin.py:188} INFO - [2024-02-21T19:50:08.043+0000] {dag.py:3823} INFO - Setting next_dagrun for example_task_group to 2024-02-20 00:00:00+00:00, run_after=2024-02-21 00:00:00+00:00
[2024-02-21T19:50:08.076+0000] {processor.py:183} INFO - Processing /home/airflow/.local/lib/python3.8/site-packages/airflow/example_dags/example_task_group.py took 0.108 seconds
[2024-02-21T19:50:38.818+0000] {processor.py:161} INFO - Started process (PID=150) to work on /home/airflow/.local/lib/python3.8/site-packages/airflow/example_dags/example_task_group.py
[2024-02-21T19:50:38.819+0000] {processor.py:830} INFO - Processing file /home/airflow/.local/lib/python3.8/site-packages/airflow/example_dags/example_task_group.py for tasks to queue
[2024-02-21T19:50:38.820+0000] {logging_mixin.py:188} INFO - [2024-02-21T19:50:38.820+0000] {dagbag.py:538} INFO - Filling up the DagBag from /home/airflow/.local/lib/python3.8/site-packages/airflow/example_dags/example_task_group.py
[2024-02-21T19:50:38.827+0000] {processor.py:840} INFO - DAG(s) 'example_task_group' retrieved from /home/airflow/.local/lib/python3.8/site-packages/airflow/example_dags/example_task_group.py
[2024-02-21T19:50:38.847+0000] {logging_mixin.py:188} INFO - [2024-02-21T19:50:38.847+0000] {dag.py:3036} INFO - Sync 1 DAGs
[2024-02-21T19:50:38.867+0000] {logging_mixin.py:188} INFO - [2024-02-21T19:50:38.867+0000] {dag.py:3823} INFO - Setting next_dagrun for example_task_group to 2024-02-20 00:00:00+00:00, run_after=2024-02-21 00:00:00+00:00
[2024-02-21T19:50:38.887+0000] {processor.py:183} INFO - Processing /home/airflow/.local/lib/python3.8/site-packages/airflow/example_dags/example_task_group.py took 0.072 seconds
[2024-02-21T19:51:09.179+0000] {processor.py:161} INFO - Started process (PID=205) to work on /home/airflow/.local/lib/python3.8/site-packages/airflow/example_dags/example_task_group.py
[2024-02-21T19:51:09.180+0000] {processor.py:830} INFO - Processing file /home/airflow/.local/lib/python3.8/site-packages/airflow/example_dags/example_task_group.py for tasks to queue
[2024-02-21T19:51:09.182+0000] {logging_mixin.py:188} INFO - [2024-02-21T19:51:09.182+0000] {dagbag.py:538} INFO - Filling up the DagBag from /home/airflow/.local/lib/python3.8/site-packages/airflow/example_dags/example_task_group.py
[2024-02-21T19:51:09.189+0000] {processor.py:840} INFO - DAG(s) 'example_task_group' retrieved from /home/airflow/.local/lib/python3.8/site-packages/airflow/example_dags/example_task_group.py
[2024-02-21T19:51:09.211+0000] {logging_mixin.py:188} INFO - [2024-02-21T19:51:09.210+0000] {dag.py:3036} INFO - Sync 1 DAGs
[2024-02-21T19:51:09.231+0000] {logging_mixin.py:188} INFO - [2024-02-21T19:51:09.231+0000] {dag.py:3823} INFO - Setting next_dagrun for example_task_group to 2024-02-20 00:00:00+00:00, run_after=2024-02-21 00:00:00+00:00
[2024-02-21T19:51:09.257+0000] {processor.py:183} INFO - Processing /home/airflow/.local/lib/python3.8/site-packages/airflow/example_dags/example_task_group.py took 0.081 seconds
[2024-02-21T19:51:39.772+0000] {processor.py:161} INFO - Started process (PID=260) to work on /home/airflow/.local/lib/python3.8/site-packages/airflow/example_dags/example_task_group.py
[2024-02-21T19:51:39.773+0000] {processor.py:830} INFO - Processing file /home/airflow/.local/lib/python3.8/site-packages/airflow/example_dags/example_task_group.py for tasks to queue
[2024-02-21T19:51:39.775+0000] {logging_mixin.py:188} INFO - [2024-02-21T19:51:39.775+0000] {dagbag.py:538} INFO - Filling up the DagBag from /home/airflow/.local/lib/python3.8/site-packages/airflow/example_dags/example_task_group.py
[2024-02-21T19:51:39.782+0000] {processor.py:840} INFO - DAG(s) 'example_task_group' retrieved from /home/airflow/.local/lib/python3.8/site-packages/airflow/example_dags/example_task_group.py
[2024-02-21T19:51:39.805+0000] {logging_mixin.py:188} INFO - [2024-02-21T19:51:39.804+0000] {dag.py:3036} INFO - Sync 1 DAGs
[2024-02-21T19:51:39.827+0000] {logging_mixin.py:188} INFO - [2024-02-21T19:51:39.826+0000] {dag.py:3823} INFO - Setting next_dagrun for example_task_group to 2024-02-20 00:00:00+00:00, run_after=2024-02-21 00:00:00+00:00
[2024-02-21T19:51:39.845+0000] {processor.py:183} INFO - Processing /home/airflow/.local/lib/python3.8/site-packages/airflow/example_dags/example_task_group.py took 0.076 seconds
[2024-02-21T19:52:09.944+0000] {processor.py:161} INFO - Started process (PID=315) to work on /home/airflow/.local/lib/python3.8/site-packages/airflow/example_dags/example_task_group.py
[2024-02-21T19:52:09.945+0000] {processor.py:830} INFO - Processing file /home/airflow/.local/lib/python3.8/site-packages/airflow/example_dags/example_task_group.py for tasks to queue
[2024-02-21T19:52:09.947+0000] {logging_mixin.py:188} INFO - [2024-02-21T19:52:09.946+0000] {dagbag.py:538} INFO - Filling up the DagBag from /home/airflow/.local/lib/python3.8/site-packages/airflow/example_dags/example_task_group.py
[2024-02-21T19:52:09.954+0000] {processor.py:840} INFO - DAG(s) 'example_task_group' retrieved from /home/airflow/.local/lib/python3.8/site-packages/airflow/example_dags/example_task_group.py
[2024-02-21T19:52:09.977+0000] {logging_mixin.py:188} INFO - [2024-02-21T19:52:09.977+0000] {dag.py:3036} INFO - Sync 1 DAGs
[2024-02-21T19:52:09.999+0000] {logging_mixin.py:188} INFO - [2024-02-21T19:52:09.999+0000] {dag.py:3823} INFO - Setting next_dagrun for example_task_group to 2024-02-20 00:00:00+00:00, run_after=2024-02-21 00:00:00+00:00
[2024-02-21T19:52:10.025+0000] {processor.py:183} INFO - Processing /home/airflow/.local/lib/python3.8/site-packages/airflow/example_dags/example_task_group.py took 0.084 seconds
[2024-02-21T19:52:40.061+0000] {processor.py:161} INFO - Started process (PID=370) to work on /home/airflow/.local/lib/python3.8/site-packages/airflow/example_dags/example_task_group.py
[2024-02-21T19:52:40.062+0000] {processor.py:830} INFO - Processing file /home/airflow/.local/lib/python3.8/site-packages/airflow/example_dags/example_task_group.py for tasks to queue
[2024-02-21T19:52:40.064+0000] {logging_mixin.py:188} INFO - [2024-02-21T19:52:40.064+0000] {dagbag.py:538} INFO - Filling up the DagBag from /home/airflow/.local/lib/python3.8/site-packages/airflow/example_dags/example_task_group.py
[2024-02-21T19:52:40.071+0000] {processor.py:840} INFO - DAG(s) 'example_task_group' retrieved from /home/airflow/.local/lib/python3.8/site-packages/airflow/example_dags/example_task_group.py
[2024-02-21T19:52:40.092+0000] {logging_mixin.py:188} INFO - [2024-02-21T19:52:40.092+0000] {dag.py:3036} INFO - Sync 1 DAGs
[2024-02-21T19:52:40.112+0000] {logging_mixin.py:188} INFO - [2024-02-21T19:52:40.112+0000] {dag.py:3823} INFO - Setting next_dagrun for example_task_group to 2024-02-20 00:00:00+00:00, run_after=2024-02-21 00:00:00+00:00
[2024-02-21T19:52:40.129+0000] {processor.py:183} INFO - Processing /home/airflow/.local/lib/python3.8/site-packages/airflow/example_dags/example_task_group.py took 0.071 seconds
[2024-02-21T19:53:10.642+0000] {processor.py:161} INFO - Started process (PID=425) to work on /home/airflow/.local/lib/python3.8/site-packages/airflow/example_dags/example_task_group.py
[2024-02-21T19:53:10.642+0000] {processor.py:830} INFO - Processing file /home/airflow/.local/lib/python3.8/site-packages/airflow/example_dags/example_task_group.py for tasks to queue
[2024-02-21T19:53:10.644+0000] {logging_mixin.py:188} INFO - [2024-02-21T19:53:10.644+0000] {dagbag.py:538} INFO - Filling up the DagBag from /home/airflow/.local/lib/python3.8/site-packages/airflow/example_dags/example_task_group.py
[2024-02-21T19:53:10.651+0000] {processor.py:840} INFO - DAG(s) 'example_task_group' retrieved from /home/airflow/.local/lib/python3.8/site-packages/airflow/example_dags/example_task_group.py
[2024-02-21T19:53:10.683+0000] {logging_mixin.py:188} INFO - [2024-02-21T19:53:10.683+0000] {dag.py:3036} INFO - Sync 1 DAGs
[2024-02-21T19:53:10.712+0000] {logging_mixin.py:188} INFO - [2024-02-21T19:53:10.712+0000] {dag.py:3823} INFO - Setting next_dagrun for example_task_group to 2024-02-20 00:00:00+00:00, run_after=2024-02-21 00:00:00+00:00
[2024-02-21T19:53:10.734+0000] {processor.py:183} INFO - Processing /home/airflow/.local/lib/python3.8/site-packages/airflow/example_dags/example_task_group.py took 0.096 seconds
[2024-02-21T19:53:40.866+0000] {processor.py:161} INFO - Started process (PID=478) to work on /home/airflow/.local/lib/python3.8/site-packages/airflow/example_dags/example_task_group.py
[2024-02-21T19:53:40.867+0000] {processor.py:830} INFO - Processing file /home/airflow/.local/lib/python3.8/site-packages/airflow/example_dags/example_task_group.py for tasks to queue
[2024-02-21T19:53:40.869+0000] {logging_mixin.py:188} INFO - [2024-02-21T19:53:40.869+0000] {dagbag.py:538} INFO - Filling up the DagBag from /home/airflow/.local/lib/python3.8/site-packages/airflow/example_dags/example_task_group.py
[2024-02-21T19:53:40.876+0000] {processor.py:840} INFO - DAG(s) 'example_task_group' retrieved from /home/airflow/.local/lib/python3.8/site-packages/airflow/example_dags/example_task_group.py
[2024-02-21T19:53:40.984+0000] {logging_mixin.py:188} INFO - [2024-02-21T19:53:40.984+0000] {dag.py:3036} INFO - Sync 1 DAGs
[2024-02-21T19:53:41.010+0000] {logging_mixin.py:188} INFO - [2024-02-21T19:53:41.009+0000] {dag.py:3823} INFO - Setting next_dagrun for example_task_group to 2024-02-20 00:00:00+00:00, run_after=2024-02-21 00:00:00+00:00
[2024-02-21T19:53:41.034+0000] {processor.py:183} INFO - Processing /home/airflow/.local/lib/python3.8/site-packages/airflow/example_dags/example_task_group.py took 0.171 seconds
[2024-02-21T19:54:11.414+0000] {processor.py:161} INFO - Started process (PID=533) to work on /home/airflow/.local/lib/python3.8/site-packages/airflow/example_dags/example_task_group.py
[2024-02-21T19:54:11.415+0000] {processor.py:830} INFO - Processing file /home/airflow/.local/lib/python3.8/site-packages/airflow/example_dags/example_task_group.py for tasks to queue
[2024-02-21T19:54:11.417+0000] {logging_mixin.py:188} INFO - [2024-02-21T19:54:11.417+0000] {dagbag.py:538} INFO - Filling up the DagBag from /home/airflow/.local/lib/python3.8/site-packages/airflow/example_dags/example_task_group.py
[2024-02-21T19:54:11.424+0000] {processor.py:840} INFO - DAG(s) 'example_task_group' retrieved from /home/airflow/.local/lib/python3.8/site-packages/airflow/example_dags/example_task_group.py
[2024-02-21T19:54:11.445+0000] {logging_mixin.py:188} INFO - [2024-02-21T19:54:11.444+0000] {dag.py:3036} INFO - Sync 1 DAGs
[2024-02-21T19:54:11.466+0000] {logging_mixin.py:188} INFO - [2024-02-21T19:54:11.466+0000] {dag.py:3823} INFO - Setting next_dagrun for example_task_group to 2024-02-20 00:00:00+00:00, run_after=2024-02-21 00:00:00+00:00
[2024-02-21T19:54:11.483+0000] {processor.py:183} INFO - Processing /home/airflow/.local/lib/python3.8/site-packages/airflow/example_dags/example_task_group.py took 0.072 seconds
[2024-02-21T19:54:41.901+0000] {processor.py:161} INFO - Started process (PID=588) to work on /home/airflow/.local/lib/python3.8/site-packages/airflow/example_dags/example_task_group.py
[2024-02-21T19:54:41.902+0000] {processor.py:830} INFO - Processing file /home/airflow/.local/lib/python3.8/site-packages/airflow/example_dags/example_task_group.py for tasks to queue
[2024-02-21T19:54:41.904+0000] {logging_mixin.py:188} INFO - [2024-02-21T19:54:41.904+0000] {dagbag.py:538} INFO - Filling up the DagBag from /home/airflow/.local/lib/python3.8/site-packages/airflow/example_dags/example_task_group.py
[2024-02-21T19:54:41.911+0000] {processor.py:840} INFO - DAG(s) 'example_task_group' retrieved from /home/airflow/.local/lib/python3.8/site-packages/airflow/example_dags/example_task_group.py
[2024-02-21T19:54:41.932+0000] {logging_mixin.py:188} INFO - [2024-02-21T19:54:41.932+0000] {dag.py:3036} INFO - Sync 1 DAGs
[2024-02-21T19:54:41.953+0000] {logging_mixin.py:188} INFO - [2024-02-21T19:54:41.953+0000] {dag.py:3823} INFO - Setting next_dagrun for example_task_group to 2024-02-20 00:00:00+00:00, run_after=2024-02-21 00:00:00+00:00
[2024-02-21T19:54:41.971+0000] {processor.py:183} INFO - Processing /home/airflow/.local/lib/python3.8/site-packages/airflow/example_dags/example_task_group.py took 0.073 seconds
[2024-02-21T19:55:12.487+0000] {processor.py:161} INFO - Started process (PID=643) to work on /home/airflow/.local/lib/python3.8/site-packages/airflow/example_dags/example_task_group.py
[2024-02-21T19:55:12.488+0000] {processor.py:830} INFO - Processing file /home/airflow/.local/lib/python3.8/site-packages/airflow/example_dags/example_task_group.py for tasks to queue
[2024-02-21T19:55:12.491+0000] {logging_mixin.py:188} INFO - [2024-02-21T19:55:12.490+0000] {dagbag.py:538} INFO - Filling up the DagBag from /home/airflow/.local/lib/python3.8/site-packages/airflow/example_dags/example_task_group.py
[2024-02-21T19:55:12.497+0000] {processor.py:840} INFO - DAG(s) 'example_task_group' retrieved from /home/airflow/.local/lib/python3.8/site-packages/airflow/example_dags/example_task_group.py
[2024-02-21T19:55:12.520+0000] {logging_mixin.py:188} INFO - [2024-02-21T19:55:12.520+0000] {dag.py:3036} INFO - Sync 1 DAGs
[2024-02-21T19:55:12.543+0000] {logging_mixin.py:188} INFO - [2024-02-21T19:55:12.543+0000] {dag.py:3823} INFO - Setting next_dagrun for example_task_group to 2024-02-20 00:00:00+00:00, run_after=2024-02-21 00:00:00+00:00
[2024-02-21T19:55:12.563+0000] {processor.py:183} INFO - Processing /home/airflow/.local/lib/python3.8/site-packages/airflow/example_dags/example_task_group.py took 0.078 seconds
[2024-02-21T19:55:43.181+0000] {processor.py:161} INFO - Started process (PID=698) to work on /home/airflow/.local/lib/python3.8/site-packages/airflow/example_dags/example_task_group.py
[2024-02-21T19:55:43.182+0000] {processor.py:830} INFO - Processing file /home/airflow/.local/lib/python3.8/site-packages/airflow/example_dags/example_task_group.py for tasks to queue
[2024-02-21T19:55:43.184+0000] {logging_mixin.py:188} INFO - [2024-02-21T19:55:43.184+0000] {dagbag.py:538} INFO - Filling up the DagBag from /home/airflow/.local/lib/python3.8/site-packages/airflow/example_dags/example_task_group.py
[2024-02-21T19:55:43.193+0000] {processor.py:840} INFO - DAG(s) 'example_task_group' retrieved from /home/airflow/.local/lib/python3.8/site-packages/airflow/example_dags/example_task_group.py
[2024-02-21T19:55:43.216+0000] {logging_mixin.py:188} INFO - [2024-02-21T19:55:43.215+0000] {dag.py:3036} INFO - Sync 1 DAGs
[2024-02-21T19:55:43.245+0000] {logging_mixin.py:188} INFO - [2024-02-21T19:55:43.245+0000] {dag.py:3823} INFO - Setting next_dagrun for example_task_group to 2024-02-20 00:00:00+00:00, run_after=2024-02-21 00:00:00+00:00
[2024-02-21T19:55:43.266+0000] {processor.py:183} INFO - Processing /home/airflow/.local/lib/python3.8/site-packages/airflow/example_dags/example_task_group.py took 0.088 seconds
[2024-02-21T19:56:13.359+0000] {processor.py:161} INFO - Started process (PID=753) to work on /home/airflow/.local/lib/python3.8/site-packages/airflow/example_dags/example_task_group.py
[2024-02-21T19:56:13.360+0000] {processor.py:830} INFO - Processing file /home/airflow/.local/lib/python3.8/site-packages/airflow/example_dags/example_task_group.py for tasks to queue
[2024-02-21T19:56:13.363+0000] {logging_mixin.py:188} INFO - [2024-02-21T19:56:13.363+0000] {dagbag.py:538} INFO - Filling up the DagBag from /home/airflow/.local/lib/python3.8/site-packages/airflow/example_dags/example_task_group.py
[2024-02-21T19:56:13.372+0000] {processor.py:840} INFO - DAG(s) 'example_task_group' retrieved from /home/airflow/.local/lib/python3.8/site-packages/airflow/example_dags/example_task_group.py
[2024-02-21T19:56:13.403+0000] {logging_mixin.py:188} INFO - [2024-02-21T19:56:13.402+0000] {dag.py:3036} INFO - Sync 1 DAGs
[2024-02-21T19:56:13.431+0000] {logging_mixin.py:188} INFO - [2024-02-21T19:56:13.431+0000] {dag.py:3823} INFO - Setting next_dagrun for example_task_group to 2024-02-20 00:00:00+00:00, run_after=2024-02-21 00:00:00+00:00
[2024-02-21T19:56:13.457+0000] {processor.py:183} INFO - Processing /home/airflow/.local/lib/python3.8/site-packages/airflow/example_dags/example_task_group.py took 0.102 seconds
[2024-02-21T19:56:43.550+0000] {processor.py:161} INFO - Started process (PID=808) to work on /home/airflow/.local/lib/python3.8/site-packages/airflow/example_dags/example_task_group.py
[2024-02-21T19:56:43.551+0000] {processor.py:830} INFO - Processing file /home/airflow/.local/lib/python3.8/site-packages/airflow/example_dags/example_task_group.py for tasks to queue
[2024-02-21T19:56:43.553+0000] {logging_mixin.py:188} INFO - [2024-02-21T19:56:43.552+0000] {dagbag.py:538} INFO - Filling up the DagBag from /home/airflow/.local/lib/python3.8/site-packages/airflow/example_dags/example_task_group.py
[2024-02-21T19:56:43.560+0000] {processor.py:840} INFO - DAG(s) 'example_task_group' retrieved from /home/airflow/.local/lib/python3.8/site-packages/airflow/example_dags/example_task_group.py
[2024-02-21T19:56:43.584+0000] {logging_mixin.py:188} INFO - [2024-02-21T19:56:43.584+0000] {dag.py:3036} INFO - Sync 1 DAGs
[2024-02-21T19:56:43.607+0000] {logging_mixin.py:188} INFO - [2024-02-21T19:56:43.607+0000] {dag.py:3823} INFO - Setting next_dagrun for example_task_group to 2024-02-20 00:00:00+00:00, run_after=2024-02-21 00:00:00+00:00
[2024-02-21T19:56:43.629+0000] {processor.py:183} INFO - Processing /home/airflow/.local/lib/python3.8/site-packages/airflow/example_dags/example_task_group.py took 0.083 seconds
[2024-02-21T19:57:14.012+0000] {processor.py:161} INFO - Started process (PID=863) to work on /home/airflow/.local/lib/python3.8/site-packages/airflow/example_dags/example_task_group.py
[2024-02-21T19:57:14.013+0000] {processor.py:830} INFO - Processing file /home/airflow/.local/lib/python3.8/site-packages/airflow/example_dags/example_task_group.py for tasks to queue
[2024-02-21T19:57:14.015+0000] {logging_mixin.py:188} INFO - [2024-02-21T19:57:14.015+0000] {dagbag.py:538} INFO - Filling up the DagBag from /home/airflow/.local/lib/python3.8/site-packages/airflow/example_dags/example_task_group.py
[2024-02-21T19:57:14.023+0000] {processor.py:840} INFO - DAG(s) 'example_task_group' retrieved from /home/airflow/.local/lib/python3.8/site-packages/airflow/example_dags/example_task_group.py
[2024-02-21T19:57:14.047+0000] {logging_mixin.py:188} INFO - [2024-02-21T19:57:14.047+0000] {dag.py:3036} INFO - Sync 1 DAGs
[2024-02-21T19:57:14.078+0000] {logging_mixin.py:188} INFO - [2024-02-21T19:57:14.077+0000] {dag.py:3823} INFO - Setting next_dagrun for example_task_group to 2024-02-20 00:00:00+00:00, run_after=2024-02-21 00:00:00+00:00
[2024-02-21T19:57:14.101+0000] {processor.py:183} INFO - Processing /home/airflow/.local/lib/python3.8/site-packages/airflow/example_dags/example_task_group.py took 0.092 seconds
[2024-02-21T19:57:45.004+0000] {processor.py:161} INFO - Started process (PID=918) to work on /home/airflow/.local/lib/python3.8/site-packages/airflow/example_dags/example_task_group.py
[2024-02-21T19:57:45.006+0000] {processor.py:830} INFO - Processing file /home/airflow/.local/lib/python3.8/site-packages/airflow/example_dags/example_task_group.py for tasks to queue
[2024-02-21T19:57:45.008+0000] {logging_mixin.py:188} INFO - [2024-02-21T19:57:45.007+0000] {dagbag.py:538} INFO - Filling up the DagBag from /home/airflow/.local/lib/python3.8/site-packages/airflow/example_dags/example_task_group.py
[2024-02-21T19:57:45.014+0000] {processor.py:840} INFO - DAG(s) 'example_task_group' retrieved from /home/airflow/.local/lib/python3.8/site-packages/airflow/example_dags/example_task_group.py
[2024-02-21T19:57:45.035+0000] {logging_mixin.py:188} INFO - [2024-02-21T19:57:45.035+0000] {dag.py:3036} INFO - Sync 1 DAGs
[2024-02-21T19:57:45.058+0000] {logging_mixin.py:188} INFO - [2024-02-21T19:57:45.058+0000] {dag.py:3823} INFO - Setting next_dagrun for example_task_group to 2024-02-20 00:00:00+00:00, run_after=2024-02-21 00:00:00+00:00
[2024-02-21T19:57:45.079+0000] {processor.py:183} INFO - Processing /home/airflow/.local/lib/python3.8/site-packages/airflow/example_dags/example_task_group.py took 0.077 seconds
[2024-02-21T19:58:15.448+0000] {processor.py:161} INFO - Started process (PID=973) to work on /home/airflow/.local/lib/python3.8/site-packages/airflow/example_dags/example_task_group.py
[2024-02-21T19:58:15.449+0000] {processor.py:830} INFO - Processing file /home/airflow/.local/lib/python3.8/site-packages/airflow/example_dags/example_task_group.py for tasks to queue
[2024-02-21T19:58:15.451+0000] {logging_mixin.py:188} INFO - [2024-02-21T19:58:15.451+0000] {dagbag.py:538} INFO - Filling up the DagBag from /home/airflow/.local/lib/python3.8/site-packages/airflow/example_dags/example_task_group.py
[2024-02-21T19:58:15.458+0000] {processor.py:840} INFO - DAG(s) 'example_task_group' retrieved from /home/airflow/.local/lib/python3.8/site-packages/airflow/example_dags/example_task_group.py
[2024-02-21T19:58:15.487+0000] {logging_mixin.py:188} INFO - [2024-02-21T19:58:15.486+0000] {dag.py:3036} INFO - Sync 1 DAGs
[2024-02-21T19:58:15.510+0000] {logging_mixin.py:188} INFO - [2024-02-21T19:58:15.509+0000] {dag.py:3823} INFO - Setting next_dagrun for example_task_group to 2024-02-20 00:00:00+00:00, run_after=2024-02-21 00:00:00+00:00
[2024-02-21T19:58:15.535+0000] {processor.py:183} INFO - Processing /home/airflow/.local/lib/python3.8/site-packages/airflow/example_dags/example_task_group.py took 0.090 seconds
[2024-02-21T19:58:45.898+0000] {processor.py:161} INFO - Started process (PID=1028) to work on /home/airflow/.local/lib/python3.8/site-packages/airflow/example_dags/example_task_group.py
[2024-02-21T19:58:45.899+0000] {processor.py:830} INFO - Processing file /home/airflow/.local/lib/python3.8/site-packages/airflow/example_dags/example_task_group.py for tasks to queue
[2024-02-21T19:58:45.901+0000] {logging_mixin.py:188} INFO - [2024-02-21T19:58:45.901+0000] {dagbag.py:538} INFO - Filling up the DagBag from /home/airflow/.local/lib/python3.8/site-packages/airflow/example_dags/example_task_group.py
[2024-02-21T19:58:45.908+0000] {processor.py:840} INFO - DAG(s) 'example_task_group' retrieved from /home/airflow/.local/lib/python3.8/site-packages/airflow/example_dags/example_task_group.py
[2024-02-21T19:58:45.932+0000] {logging_mixin.py:188} INFO - [2024-02-21T19:58:45.932+0000] {dag.py:3036} INFO - Sync 1 DAGs
[2024-02-21T19:58:45.954+0000] {logging_mixin.py:188} INFO - [2024-02-21T19:58:45.954+0000] {dag.py:3823} INFO - Setting next_dagrun for example_task_group to 2024-02-20 00:00:00+00:00, run_after=2024-02-21 00:00:00+00:00
[2024-02-21T19:58:45.976+0000] {processor.py:183} INFO - Processing /home/airflow/.local/lib/python3.8/site-packages/airflow/example_dags/example_task_group.py took 0.081 seconds
[2024-02-21T19:59:16.353+0000] {processor.py:161} INFO - Started process (PID=1083) to work on /home/airflow/.local/lib/python3.8/site-packages/airflow/example_dags/example_task_group.py
[2024-02-21T19:59:16.354+0000] {processor.py:830} INFO - Processing file /home/airflow/.local/lib/python3.8/site-packages/airflow/example_dags/example_task_group.py for tasks to queue
[2024-02-21T19:59:16.356+0000] {logging_mixin.py:188} INFO - [2024-02-21T19:59:16.355+0000] {dagbag.py:538} INFO - Filling up the DagBag from /home/airflow/.local/lib/python3.8/site-packages/airflow/example_dags/example_task_group.py
[2024-02-21T19:59:16.362+0000] {processor.py:840} INFO - DAG(s) 'example_task_group' retrieved from /home/airflow/.local/lib/python3.8/site-packages/airflow/example_dags/example_task_group.py
[2024-02-21T19:59:16.383+0000] {logging_mixin.py:188} INFO - [2024-02-21T19:59:16.382+0000] {dag.py:3036} INFO - Sync 1 DAGs
[2024-02-21T19:59:16.407+0000] {logging_mixin.py:188} INFO - [2024-02-21T19:59:16.406+0000] {dag.py:3823} INFO - Setting next_dagrun for example_task_group to 2024-02-20 00:00:00+00:00, run_after=2024-02-21 00:00:00+00:00
[2024-02-21T19:59:16.428+0000] {processor.py:183} INFO - Processing /home/airflow/.local/lib/python3.8/site-packages/airflow/example_dags/example_task_group.py took 0.078 seconds
[2024-02-21T19:59:46.868+0000] {processor.py:161} INFO - Started process (PID=1138) to work on /home/airflow/.local/lib/python3.8/site-packages/airflow/example_dags/example_task_group.py
[2024-02-21T19:59:46.869+0000] {processor.py:830} INFO - Processing file /home/airflow/.local/lib/python3.8/site-packages/airflow/example_dags/example_task_group.py for tasks to queue
[2024-02-21T19:59:46.871+0000] {logging_mixin.py:188} INFO - [2024-02-21T19:59:46.871+0000] {dagbag.py:538} INFO - Filling up the DagBag from /home/airflow/.local/lib/python3.8/site-packages/airflow/example_dags/example_task_group.py
[2024-02-21T19:59:46.878+0000] {processor.py:840} INFO - DAG(s) 'example_task_group' retrieved from /home/airflow/.local/lib/python3.8/site-packages/airflow/example_dags/example_task_group.py
[2024-02-21T19:59:46.898+0000] {logging_mixin.py:188} INFO - [2024-02-21T19:59:46.898+0000] {dag.py:3036} INFO - Sync 1 DAGs
[2024-02-21T19:59:46.919+0000] {logging_mixin.py:188} INFO - [2024-02-21T19:59:46.919+0000] {dag.py:3823} INFO - Setting next_dagrun for example_task_group to 2024-02-20 00:00:00+00:00, run_after=2024-02-21 00:00:00+00:00
[2024-02-21T19:59:46.942+0000] {processor.py:183} INFO - Processing /home/airflow/.local/lib/python3.8/site-packages/airflow/example_dags/example_task_group.py took 0.078 seconds
[2024-02-21T20:00:17.343+0000] {processor.py:161} INFO - Started process (PID=1193) to work on /home/airflow/.local/lib/python3.8/site-packages/airflow/example_dags/example_task_group.py
[2024-02-21T20:00:17.344+0000] {processor.py:830} INFO - Processing file /home/airflow/.local/lib/python3.8/site-packages/airflow/example_dags/example_task_group.py for tasks to queue
[2024-02-21T20:00:17.346+0000] {logging_mixin.py:188} INFO - [2024-02-21T20:00:17.346+0000] {dagbag.py:538} INFO - Filling up the DagBag from /home/airflow/.local/lib/python3.8/site-packages/airflow/example_dags/example_task_group.py
[2024-02-21T20:00:17.353+0000] {processor.py:840} INFO - DAG(s) 'example_task_group' retrieved from /home/airflow/.local/lib/python3.8/site-packages/airflow/example_dags/example_task_group.py
[2024-02-21T20:00:17.374+0000] {logging_mixin.py:188} INFO - [2024-02-21T20:00:17.374+0000] {dag.py:3036} INFO - Sync 1 DAGs
[2024-02-21T20:00:17.397+0000] {logging_mixin.py:188} INFO - [2024-02-21T20:00:17.396+0000] {dag.py:3823} INFO - Setting next_dagrun for example_task_group to 2024-02-20 00:00:00+00:00, run_after=2024-02-21 00:00:00+00:00
[2024-02-21T20:00:17.432+0000] {processor.py:183} INFO - Processing /home/airflow/.local/lib/python3.8/site-packages/airflow/example_dags/example_task_group.py took 0.092 seconds
[2024-02-21T20:00:47.765+0000] {processor.py:161} INFO - Started process (PID=1248) to work on /home/airflow/.local/lib/python3.8/site-packages/airflow/example_dags/example_task_group.py
[2024-02-21T20:00:47.766+0000] {processor.py:830} INFO - Processing file /home/airflow/.local/lib/python3.8/site-packages/airflow/example_dags/example_task_group.py for tasks to queue
[2024-02-21T20:00:47.768+0000] {logging_mixin.py:188} INFO - [2024-02-21T20:00:47.768+0000] {dagbag.py:538} INFO - Filling up the DagBag from /home/airflow/.local/lib/python3.8/site-packages/airflow/example_dags/example_task_group.py
[2024-02-21T20:00:47.775+0000] {processor.py:840} INFO - DAG(s) 'example_task_group' retrieved from /home/airflow/.local/lib/python3.8/site-packages/airflow/example_dags/example_task_group.py
[2024-02-21T20:00:47.795+0000] {logging_mixin.py:188} INFO - [2024-02-21T20:00:47.795+0000] {dag.py:3036} INFO - Sync 1 DAGs
[2024-02-21T20:00:47.818+0000] {logging_mixin.py:188} INFO - [2024-02-21T20:00:47.818+0000] {dag.py:3823} INFO - Setting next_dagrun for example_task_group to 2024-02-20 00:00:00+00:00, run_after=2024-02-21 00:00:00+00:00
[2024-02-21T20:00:47.836+0000] {processor.py:183} INFO - Processing /home/airflow/.local/lib/python3.8/site-packages/airflow/example_dags/example_task_group.py took 0.073 seconds
[2024-02-21T20:01:18.172+0000] {processor.py:161} INFO - Started process (PID=1303) to work on /home/airflow/.local/lib/python3.8/site-packages/airflow/example_dags/example_task_group.py
[2024-02-21T20:01:18.173+0000] {processor.py:830} INFO - Processing file /home/airflow/.local/lib/python3.8/site-packages/airflow/example_dags/example_task_group.py for tasks to queue
[2024-02-21T20:01:18.175+0000] {logging_mixin.py:188} INFO - [2024-02-21T20:01:18.175+0000] {dagbag.py:538} INFO - Filling up the DagBag from /home/airflow/.local/lib/python3.8/site-packages/airflow/example_dags/example_task_group.py
[2024-02-21T20:01:18.183+0000] {processor.py:840} INFO - DAG(s) 'example_task_group' retrieved from /home/airflow/.local/lib/python3.8/site-packages/airflow/example_dags/example_task_group.py
[2024-02-21T20:01:18.205+0000] {logging_mixin.py:188} INFO - [2024-02-21T20:01:18.205+0000] {dag.py:3036} INFO - Sync 1 DAGs
[2024-02-21T20:01:18.227+0000] {logging_mixin.py:188} INFO - [2024-02-21T20:01:18.227+0000] {dag.py:3823} INFO - Setting next_dagrun for example_task_group to 2024-02-20 00:00:00+00:00, run_after=2024-02-21 00:00:00+00:00
[2024-02-21T20:01:18.252+0000] {processor.py:183} INFO - Processing /home/airflow/.local/lib/python3.8/site-packages/airflow/example_dags/example_task_group.py took 0.083 seconds
[2024-02-21T20:01:48.786+0000] {processor.py:161} INFO - Started process (PID=1358) to work on /home/airflow/.local/lib/python3.8/site-packages/airflow/example_dags/example_task_group.py
[2024-02-21T20:01:48.787+0000] {processor.py:830} INFO - Processing file /home/airflow/.local/lib/python3.8/site-packages/airflow/example_dags/example_task_group.py for tasks to queue
[2024-02-21T20:01:48.789+0000] {logging_mixin.py:188} INFO - [2024-02-21T20:01:48.789+0000] {dagbag.py:538} INFO - Filling up the DagBag from /home/airflow/.local/lib/python3.8/site-packages/airflow/example_dags/example_task_group.py
[2024-02-21T20:01:48.795+0000] {processor.py:840} INFO - DAG(s) 'example_task_group' retrieved from /home/airflow/.local/lib/python3.8/site-packages/airflow/example_dags/example_task_group.py
[2024-02-21T20:01:48.817+0000] {logging_mixin.py:188} INFO - [2024-02-21T20:01:48.816+0000] {dag.py:3036} INFO - Sync 1 DAGs
[2024-02-21T20:01:48.842+0000] {logging_mixin.py:188} INFO - [2024-02-21T20:01:48.841+0000] {dag.py:3823} INFO - Setting next_dagrun for example_task_group to 2024-02-20 00:00:00+00:00, run_after=2024-02-21 00:00:00+00:00
[2024-02-21T20:01:48.862+0000] {processor.py:183} INFO - Processing /home/airflow/.local/lib/python3.8/site-packages/airflow/example_dags/example_task_group.py took 0.079 seconds
