[2024-02-21T19:50:01.767+0000] {processor.py:161} INFO - Started process (PID=83) to work on /home/airflow/.local/lib/python3.8/site-packages/airflow/example_dags/example_datasets.py
[2024-02-21T19:50:01.776+0000] {processor.py:830} INFO - Processing file /home/airflow/.local/lib/python3.8/site-packages/airflow/example_dags/example_datasets.py for tasks to queue
[2024-02-21T19:50:01.778+0000] {logging_mixin.py:188} INFO - [2024-02-21T19:50:01.778+0000] {dagbag.py:538} INFO - Filling up the DagBag from /home/airflow/.local/lib/python3.8/site-packages/airflow/example_dags/example_datasets.py
[2024-02-21T19:50:01.790+0000] {processor.py:840} INFO - DAG(s) 'dataset_produces_1', 'dataset_consumes_1_never_scheduled', 'dataset_consumes_1', 'dataset_consumes_unknown_never_scheduled', 'dataset_consumes_1_and_2', 'dataset_produces_2' retrieved from /home/airflow/.local/lib/python3.8/site-packages/airflow/example_dags/example_datasets.py
[2024-02-21T19:50:02.026+0000] {logging_mixin.py:188} INFO - [2024-02-21T19:50:02.025+0000] {dag.py:3036} INFO - Sync 6 DAGs
[2024-02-21T19:50:02.069+0000] {logging_mixin.py:188} INFO - [2024-02-21T19:50:02.069+0000] {dag.py:3823} INFO - Setting next_dagrun for dataset_consumes_1 to None, run_after=None
[2024-02-21T19:50:02.077+0000] {logging_mixin.py:188} INFO - [2024-02-21T19:50:02.077+0000] {dag.py:3823} INFO - Setting next_dagrun for dataset_consumes_1_and_2 to None, run_after=None
[2024-02-21T19:50:02.079+0000] {logging_mixin.py:188} INFO - [2024-02-21T19:50:02.079+0000] {dag.py:3823} INFO - Setting next_dagrun for dataset_consumes_1_never_scheduled to None, run_after=None
[2024-02-21T19:50:02.081+0000] {logging_mixin.py:188} INFO - [2024-02-21T19:50:02.080+0000] {dag.py:3823} INFO - Setting next_dagrun for dataset_consumes_unknown_never_scheduled to None, run_after=None
[2024-02-21T19:50:02.084+0000] {logging_mixin.py:188} INFO - [2024-02-21T19:50:02.084+0000] {dag.py:3823} INFO - Setting next_dagrun for dataset_produces_1 to 2024-02-20 00:00:00+00:00, run_after=2024-02-21 00:00:00+00:00
[2024-02-21T19:50:02.086+0000] {logging_mixin.py:188} INFO - [2024-02-21T19:50:02.086+0000] {dag.py:3823} INFO - Setting next_dagrun for dataset_produces_2 to None, run_after=None
[2024-02-21T19:50:02.591+0000] {processor.py:183} INFO - Processing /home/airflow/.local/lib/python3.8/site-packages/airflow/example_dags/example_datasets.py took 0.828 seconds
[2024-02-21T19:50:32.760+0000] {processor.py:161} INFO - Started process (PID=138) to work on /home/airflow/.local/lib/python3.8/site-packages/airflow/example_dags/example_datasets.py
[2024-02-21T19:50:32.761+0000] {processor.py:830} INFO - Processing file /home/airflow/.local/lib/python3.8/site-packages/airflow/example_dags/example_datasets.py for tasks to queue
[2024-02-21T19:50:32.762+0000] {logging_mixin.py:188} INFO - [2024-02-21T19:50:32.762+0000] {dagbag.py:538} INFO - Filling up the DagBag from /home/airflow/.local/lib/python3.8/site-packages/airflow/example_dags/example_datasets.py
[2024-02-21T19:50:32.771+0000] {processor.py:840} INFO - DAG(s) 'dataset_consumes_unknown_never_scheduled', 'dataset_consumes_1', 'dataset_produces_1', 'dataset_consumes_1_and_2', 'dataset_produces_2', 'dataset_consumes_1_never_scheduled' retrieved from /home/airflow/.local/lib/python3.8/site-packages/airflow/example_dags/example_datasets.py
[2024-02-21T19:50:32.804+0000] {logging_mixin.py:188} INFO - [2024-02-21T19:50:32.803+0000] {dag.py:3036} INFO - Sync 6 DAGs
[2024-02-21T19:50:32.824+0000] {logging_mixin.py:188} INFO - [2024-02-21T19:50:32.824+0000] {dag.py:3823} INFO - Setting next_dagrun for dataset_consumes_1 to None, run_after=None
[2024-02-21T19:50:32.828+0000] {logging_mixin.py:188} INFO - [2024-02-21T19:50:32.828+0000] {dag.py:3823} INFO - Setting next_dagrun for dataset_consumes_1_and_2 to None, run_after=None
[2024-02-21T19:50:32.829+0000] {logging_mixin.py:188} INFO - [2024-02-21T19:50:32.829+0000] {dag.py:3823} INFO - Setting next_dagrun for dataset_consumes_1_never_scheduled to None, run_after=None
[2024-02-21T19:50:32.831+0000] {logging_mixin.py:188} INFO - [2024-02-21T19:50:32.830+0000] {dag.py:3823} INFO - Setting next_dagrun for dataset_consumes_unknown_never_scheduled to None, run_after=None
[2024-02-21T19:50:32.834+0000] {logging_mixin.py:188} INFO - [2024-02-21T19:50:32.834+0000] {dag.py:3823} INFO - Setting next_dagrun for dataset_produces_1 to 2024-02-20 00:00:00+00:00, run_after=2024-02-21 00:00:00+00:00
[2024-02-21T19:50:32.835+0000] {logging_mixin.py:188} INFO - [2024-02-21T19:50:32.835+0000] {dag.py:3823} INFO - Setting next_dagrun for dataset_produces_2 to None, run_after=None
[2024-02-21T19:50:32.864+0000] {processor.py:183} INFO - Processing /home/airflow/.local/lib/python3.8/site-packages/airflow/example_dags/example_datasets.py took 0.107 seconds
[2024-02-21T19:51:02.976+0000] {processor.py:161} INFO - Started process (PID=193) to work on /home/airflow/.local/lib/python3.8/site-packages/airflow/example_dags/example_datasets.py
[2024-02-21T19:51:02.977+0000] {processor.py:830} INFO - Processing file /home/airflow/.local/lib/python3.8/site-packages/airflow/example_dags/example_datasets.py for tasks to queue
[2024-02-21T19:51:02.979+0000] {logging_mixin.py:188} INFO - [2024-02-21T19:51:02.979+0000] {dagbag.py:538} INFO - Filling up the DagBag from /home/airflow/.local/lib/python3.8/site-packages/airflow/example_dags/example_datasets.py
[2024-02-21T19:51:02.990+0000] {processor.py:840} INFO - DAG(s) 'dataset_produces_1', 'dataset_consumes_1_and_2', 'dataset_consumes_1', 'dataset_consumes_unknown_never_scheduled', 'dataset_consumes_1_never_scheduled', 'dataset_produces_2' retrieved from /home/airflow/.local/lib/python3.8/site-packages/airflow/example_dags/example_datasets.py
[2024-02-21T19:51:03.033+0000] {logging_mixin.py:188} INFO - [2024-02-21T19:51:03.033+0000] {dag.py:3036} INFO - Sync 6 DAGs
[2024-02-21T19:51:03.058+0000] {logging_mixin.py:188} INFO - [2024-02-21T19:51:03.058+0000] {dag.py:3823} INFO - Setting next_dagrun for dataset_consumes_1 to None, run_after=None
[2024-02-21T19:51:03.063+0000] {logging_mixin.py:188} INFO - [2024-02-21T19:51:03.063+0000] {dag.py:3823} INFO - Setting next_dagrun for dataset_consumes_1_and_2 to None, run_after=None
[2024-02-21T19:51:03.065+0000] {logging_mixin.py:188} INFO - [2024-02-21T19:51:03.065+0000] {dag.py:3823} INFO - Setting next_dagrun for dataset_consumes_1_never_scheduled to None, run_after=None
[2024-02-21T19:51:03.068+0000] {logging_mixin.py:188} INFO - [2024-02-21T19:51:03.067+0000] {dag.py:3823} INFO - Setting next_dagrun for dataset_consumes_unknown_never_scheduled to None, run_after=None
[2024-02-21T19:51:03.072+0000] {logging_mixin.py:188} INFO - [2024-02-21T19:51:03.072+0000] {dag.py:3823} INFO - Setting next_dagrun for dataset_produces_1 to 2024-02-20 00:00:00+00:00, run_after=2024-02-21 00:00:00+00:00
[2024-02-21T19:51:03.074+0000] {logging_mixin.py:188} INFO - [2024-02-21T19:51:03.074+0000] {dag.py:3823} INFO - Setting next_dagrun for dataset_produces_2 to None, run_after=None
[2024-02-21T19:51:03.115+0000] {processor.py:183} INFO - Processing /home/airflow/.local/lib/python3.8/site-packages/airflow/example_dags/example_datasets.py took 0.142 seconds
[2024-02-21T19:51:33.509+0000] {processor.py:161} INFO - Started process (PID=248) to work on /home/airflow/.local/lib/python3.8/site-packages/airflow/example_dags/example_datasets.py
[2024-02-21T19:51:33.509+0000] {processor.py:830} INFO - Processing file /home/airflow/.local/lib/python3.8/site-packages/airflow/example_dags/example_datasets.py for tasks to queue
[2024-02-21T19:51:33.511+0000] {logging_mixin.py:188} INFO - [2024-02-21T19:51:33.511+0000] {dagbag.py:538} INFO - Filling up the DagBag from /home/airflow/.local/lib/python3.8/site-packages/airflow/example_dags/example_datasets.py
[2024-02-21T19:51:33.520+0000] {processor.py:840} INFO - DAG(s) 'dataset_produces_2', 'dataset_consumes_1_never_scheduled', 'dataset_produces_1', 'dataset_consumes_1', 'dataset_consumes_1_and_2', 'dataset_consumes_unknown_never_scheduled' retrieved from /home/airflow/.local/lib/python3.8/site-packages/airflow/example_dags/example_datasets.py
[2024-02-21T19:51:33.554+0000] {logging_mixin.py:188} INFO - [2024-02-21T19:51:33.553+0000] {dag.py:3036} INFO - Sync 6 DAGs
[2024-02-21T19:51:33.578+0000] {logging_mixin.py:188} INFO - [2024-02-21T19:51:33.577+0000] {dag.py:3823} INFO - Setting next_dagrun for dataset_consumes_1 to None, run_after=None
[2024-02-21T19:51:33.581+0000] {logging_mixin.py:188} INFO - [2024-02-21T19:51:33.581+0000] {dag.py:3823} INFO - Setting next_dagrun for dataset_consumes_1_and_2 to None, run_after=None
[2024-02-21T19:51:33.583+0000] {logging_mixin.py:188} INFO - [2024-02-21T19:51:33.583+0000] {dag.py:3823} INFO - Setting next_dagrun for dataset_consumes_1_never_scheduled to None, run_after=None
[2024-02-21T19:51:33.585+0000] {logging_mixin.py:188} INFO - [2024-02-21T19:51:33.585+0000] {dag.py:3823} INFO - Setting next_dagrun for dataset_consumes_unknown_never_scheduled to None, run_after=None
[2024-02-21T19:51:33.588+0000] {logging_mixin.py:188} INFO - [2024-02-21T19:51:33.588+0000] {dag.py:3823} INFO - Setting next_dagrun for dataset_produces_1 to 2024-02-20 00:00:00+00:00, run_after=2024-02-21 00:00:00+00:00
[2024-02-21T19:51:33.590+0000] {logging_mixin.py:188} INFO - [2024-02-21T19:51:33.590+0000] {dag.py:3823} INFO - Setting next_dagrun for dataset_produces_2 to None, run_after=None
[2024-02-21T19:51:33.620+0000] {processor.py:183} INFO - Processing /home/airflow/.local/lib/python3.8/site-packages/airflow/example_dags/example_datasets.py took 0.114 seconds
[2024-02-21T19:52:04.120+0000] {processor.py:161} INFO - Started process (PID=303) to work on /home/airflow/.local/lib/python3.8/site-packages/airflow/example_dags/example_datasets.py
[2024-02-21T19:52:04.122+0000] {processor.py:830} INFO - Processing file /home/airflow/.local/lib/python3.8/site-packages/airflow/example_dags/example_datasets.py for tasks to queue
[2024-02-21T19:52:04.123+0000] {logging_mixin.py:188} INFO - [2024-02-21T19:52:04.123+0000] {dagbag.py:538} INFO - Filling up the DagBag from /home/airflow/.local/lib/python3.8/site-packages/airflow/example_dags/example_datasets.py
[2024-02-21T19:52:04.134+0000] {processor.py:840} INFO - DAG(s) 'dataset_consumes_unknown_never_scheduled', 'dataset_consumes_1_never_scheduled', 'dataset_produces_1', 'dataset_consumes_1', 'dataset_consumes_1_and_2', 'dataset_produces_2' retrieved from /home/airflow/.local/lib/python3.8/site-packages/airflow/example_dags/example_datasets.py
[2024-02-21T19:52:04.170+0000] {logging_mixin.py:188} INFO - [2024-02-21T19:52:04.170+0000] {dag.py:3036} INFO - Sync 6 DAGs
[2024-02-21T19:52:04.193+0000] {logging_mixin.py:188} INFO - [2024-02-21T19:52:04.192+0000] {dag.py:3823} INFO - Setting next_dagrun for dataset_consumes_1 to None, run_after=None
[2024-02-21T19:52:04.196+0000] {logging_mixin.py:188} INFO - [2024-02-21T19:52:04.196+0000] {dag.py:3823} INFO - Setting next_dagrun for dataset_consumes_1_and_2 to None, run_after=None
[2024-02-21T19:52:04.198+0000] {logging_mixin.py:188} INFO - [2024-02-21T19:52:04.198+0000] {dag.py:3823} INFO - Setting next_dagrun for dataset_consumes_1_never_scheduled to None, run_after=None
[2024-02-21T19:52:04.200+0000] {logging_mixin.py:188} INFO - [2024-02-21T19:52:04.199+0000] {dag.py:3823} INFO - Setting next_dagrun for dataset_consumes_unknown_never_scheduled to None, run_after=None
[2024-02-21T19:52:04.203+0000] {logging_mixin.py:188} INFO - [2024-02-21T19:52:04.202+0000] {dag.py:3823} INFO - Setting next_dagrun for dataset_produces_1 to 2024-02-20 00:00:00+00:00, run_after=2024-02-21 00:00:00+00:00
[2024-02-21T19:52:04.204+0000] {logging_mixin.py:188} INFO - [2024-02-21T19:52:04.204+0000] {dag.py:3823} INFO - Setting next_dagrun for dataset_produces_2 to None, run_after=None
[2024-02-21T19:52:04.236+0000] {processor.py:183} INFO - Processing /home/airflow/.local/lib/python3.8/site-packages/airflow/example_dags/example_datasets.py took 0.118 seconds
[2024-02-21T19:52:34.387+0000] {processor.py:161} INFO - Started process (PID=358) to work on /home/airflow/.local/lib/python3.8/site-packages/airflow/example_dags/example_datasets.py
[2024-02-21T19:52:34.389+0000] {processor.py:830} INFO - Processing file /home/airflow/.local/lib/python3.8/site-packages/airflow/example_dags/example_datasets.py for tasks to queue
[2024-02-21T19:52:34.392+0000] {logging_mixin.py:188} INFO - [2024-02-21T19:52:34.391+0000] {dagbag.py:538} INFO - Filling up the DagBag from /home/airflow/.local/lib/python3.8/site-packages/airflow/example_dags/example_datasets.py
[2024-02-21T19:52:34.403+0000] {processor.py:840} INFO - DAG(s) 'dataset_consumes_1_never_scheduled', 'dataset_produces_1', 'dataset_consumes_1_and_2', 'dataset_consumes_unknown_never_scheduled', 'dataset_produces_2', 'dataset_consumes_1' retrieved from /home/airflow/.local/lib/python3.8/site-packages/airflow/example_dags/example_datasets.py
[2024-02-21T19:52:34.439+0000] {logging_mixin.py:188} INFO - [2024-02-21T19:52:34.439+0000] {dag.py:3036} INFO - Sync 6 DAGs
[2024-02-21T19:52:34.461+0000] {logging_mixin.py:188} INFO - [2024-02-21T19:52:34.461+0000] {dag.py:3823} INFO - Setting next_dagrun for dataset_consumes_1 to None, run_after=None
[2024-02-21T19:52:34.465+0000] {logging_mixin.py:188} INFO - [2024-02-21T19:52:34.465+0000] {dag.py:3823} INFO - Setting next_dagrun for dataset_consumes_1_and_2 to None, run_after=None
[2024-02-21T19:52:34.467+0000] {logging_mixin.py:188} INFO - [2024-02-21T19:52:34.467+0000] {dag.py:3823} INFO - Setting next_dagrun for dataset_consumes_1_never_scheduled to None, run_after=None
[2024-02-21T19:52:34.469+0000] {logging_mixin.py:188} INFO - [2024-02-21T19:52:34.468+0000] {dag.py:3823} INFO - Setting next_dagrun for dataset_consumes_unknown_never_scheduled to None, run_after=None
[2024-02-21T19:52:34.472+0000] {logging_mixin.py:188} INFO - [2024-02-21T19:52:34.472+0000] {dag.py:3823} INFO - Setting next_dagrun for dataset_produces_1 to 2024-02-20 00:00:00+00:00, run_after=2024-02-21 00:00:00+00:00
[2024-02-21T19:52:34.474+0000] {logging_mixin.py:188} INFO - [2024-02-21T19:52:34.474+0000] {dag.py:3823} INFO - Setting next_dagrun for dataset_produces_2 to None, run_after=None
[2024-02-21T19:52:34.504+0000] {processor.py:183} INFO - Processing /home/airflow/.local/lib/python3.8/site-packages/airflow/example_dags/example_datasets.py took 0.121 seconds
[2024-02-21T19:53:05.372+0000] {processor.py:161} INFO - Started process (PID=413) to work on /home/airflow/.local/lib/python3.8/site-packages/airflow/example_dags/example_datasets.py
[2024-02-21T19:53:05.373+0000] {processor.py:830} INFO - Processing file /home/airflow/.local/lib/python3.8/site-packages/airflow/example_dags/example_datasets.py for tasks to queue
[2024-02-21T19:53:05.375+0000] {logging_mixin.py:188} INFO - [2024-02-21T19:53:05.374+0000] {dagbag.py:538} INFO - Filling up the DagBag from /home/airflow/.local/lib/python3.8/site-packages/airflow/example_dags/example_datasets.py
[2024-02-21T19:53:05.385+0000] {processor.py:840} INFO - DAG(s) 'dataset_produces_2', 'dataset_consumes_1', 'dataset_produces_1', 'dataset_consumes_1_never_scheduled', 'dataset_consumes_unknown_never_scheduled', 'dataset_consumes_1_and_2' retrieved from /home/airflow/.local/lib/python3.8/site-packages/airflow/example_dags/example_datasets.py
[2024-02-21T19:53:05.420+0000] {logging_mixin.py:188} INFO - [2024-02-21T19:53:05.420+0000] {dag.py:3036} INFO - Sync 6 DAGs
[2024-02-21T19:53:05.443+0000] {logging_mixin.py:188} INFO - [2024-02-21T19:53:05.442+0000] {dag.py:3823} INFO - Setting next_dagrun for dataset_consumes_1 to None, run_after=None
[2024-02-21T19:53:05.446+0000] {logging_mixin.py:188} INFO - [2024-02-21T19:53:05.446+0000] {dag.py:3823} INFO - Setting next_dagrun for dataset_consumes_1_and_2 to None, run_after=None
[2024-02-21T19:53:05.447+0000] {logging_mixin.py:188} INFO - [2024-02-21T19:53:05.447+0000] {dag.py:3823} INFO - Setting next_dagrun for dataset_consumes_1_never_scheduled to None, run_after=None
[2024-02-21T19:53:05.449+0000] {logging_mixin.py:188} INFO - [2024-02-21T19:53:05.449+0000] {dag.py:3823} INFO - Setting next_dagrun for dataset_consumes_unknown_never_scheduled to None, run_after=None
[2024-02-21T19:53:05.452+0000] {logging_mixin.py:188} INFO - [2024-02-21T19:53:05.452+0000] {dag.py:3823} INFO - Setting next_dagrun for dataset_produces_1 to 2024-02-20 00:00:00+00:00, run_after=2024-02-21 00:00:00+00:00
[2024-02-21T19:53:05.453+0000] {logging_mixin.py:188} INFO - [2024-02-21T19:53:05.453+0000] {dag.py:3823} INFO - Setting next_dagrun for dataset_produces_2 to None, run_after=None
[2024-02-21T19:53:05.487+0000] {processor.py:183} INFO - Processing /home/airflow/.local/lib/python3.8/site-packages/airflow/example_dags/example_datasets.py took 0.120 seconds
[2024-02-21T19:53:35.621+0000] {processor.py:161} INFO - Started process (PID=468) to work on /home/airflow/.local/lib/python3.8/site-packages/airflow/example_dags/example_datasets.py
[2024-02-21T19:53:35.622+0000] {processor.py:830} INFO - Processing file /home/airflow/.local/lib/python3.8/site-packages/airflow/example_dags/example_datasets.py for tasks to queue
[2024-02-21T19:53:35.625+0000] {logging_mixin.py:188} INFO - [2024-02-21T19:53:35.624+0000] {dagbag.py:538} INFO - Filling up the DagBag from /home/airflow/.local/lib/python3.8/site-packages/airflow/example_dags/example_datasets.py
[2024-02-21T19:53:35.635+0000] {processor.py:840} INFO - DAG(s) 'dataset_consumes_1_never_scheduled', 'dataset_consumes_1_and_2', 'dataset_produces_1', 'dataset_produces_2', 'dataset_consumes_unknown_never_scheduled', 'dataset_consumes_1' retrieved from /home/airflow/.local/lib/python3.8/site-packages/airflow/example_dags/example_datasets.py
[2024-02-21T19:53:35.669+0000] {logging_mixin.py:188} INFO - [2024-02-21T19:53:35.669+0000] {dag.py:3036} INFO - Sync 6 DAGs
[2024-02-21T19:53:35.696+0000] {logging_mixin.py:188} INFO - [2024-02-21T19:53:35.695+0000] {dag.py:3823} INFO - Setting next_dagrun for dataset_consumes_1 to None, run_after=None
[2024-02-21T19:53:35.701+0000] {logging_mixin.py:188} INFO - [2024-02-21T19:53:35.700+0000] {dag.py:3823} INFO - Setting next_dagrun for dataset_consumes_1_and_2 to None, run_after=None
[2024-02-21T19:53:35.704+0000] {logging_mixin.py:188} INFO - [2024-02-21T19:53:35.704+0000] {dag.py:3823} INFO - Setting next_dagrun for dataset_consumes_1_never_scheduled to None, run_after=None
[2024-02-21T19:53:35.707+0000] {logging_mixin.py:188} INFO - [2024-02-21T19:53:35.706+0000] {dag.py:3823} INFO - Setting next_dagrun for dataset_consumes_unknown_never_scheduled to None, run_after=None
[2024-02-21T19:53:35.710+0000] {logging_mixin.py:188} INFO - [2024-02-21T19:53:35.710+0000] {dag.py:3823} INFO - Setting next_dagrun for dataset_produces_1 to 2024-02-20 00:00:00+00:00, run_after=2024-02-21 00:00:00+00:00
[2024-02-21T19:53:35.712+0000] {logging_mixin.py:188} INFO - [2024-02-21T19:53:35.712+0000] {dag.py:3823} INFO - Setting next_dagrun for dataset_produces_2 to None, run_after=None
[2024-02-21T19:53:35.739+0000] {processor.py:183} INFO - Processing /home/airflow/.local/lib/python3.8/site-packages/airflow/example_dags/example_datasets.py took 0.122 seconds
[2024-02-21T19:54:06.161+0000] {processor.py:161} INFO - Started process (PID=523) to work on /home/airflow/.local/lib/python3.8/site-packages/airflow/example_dags/example_datasets.py
[2024-02-21T19:54:06.163+0000] {processor.py:830} INFO - Processing file /home/airflow/.local/lib/python3.8/site-packages/airflow/example_dags/example_datasets.py for tasks to queue
[2024-02-21T19:54:06.166+0000] {logging_mixin.py:188} INFO - [2024-02-21T19:54:06.165+0000] {dagbag.py:538} INFO - Filling up the DagBag from /home/airflow/.local/lib/python3.8/site-packages/airflow/example_dags/example_datasets.py
[2024-02-21T19:54:06.175+0000] {processor.py:840} INFO - DAG(s) 'dataset_consumes_1_never_scheduled', 'dataset_produces_1', 'dataset_consumes_1_and_2', 'dataset_produces_2', 'dataset_consumes_unknown_never_scheduled', 'dataset_consumes_1' retrieved from /home/airflow/.local/lib/python3.8/site-packages/airflow/example_dags/example_datasets.py
[2024-02-21T19:54:06.208+0000] {logging_mixin.py:188} INFO - [2024-02-21T19:54:06.208+0000] {dag.py:3036} INFO - Sync 6 DAGs
[2024-02-21T19:54:06.231+0000] {logging_mixin.py:188} INFO - [2024-02-21T19:54:06.231+0000] {dag.py:3823} INFO - Setting next_dagrun for dataset_consumes_1 to None, run_after=None
[2024-02-21T19:54:06.235+0000] {logging_mixin.py:188} INFO - [2024-02-21T19:54:06.235+0000] {dag.py:3823} INFO - Setting next_dagrun for dataset_consumes_1_and_2 to None, run_after=None
[2024-02-21T19:54:06.237+0000] {logging_mixin.py:188} INFO - [2024-02-21T19:54:06.236+0000] {dag.py:3823} INFO - Setting next_dagrun for dataset_consumes_1_never_scheduled to None, run_after=None
[2024-02-21T19:54:06.238+0000] {logging_mixin.py:188} INFO - [2024-02-21T19:54:06.238+0000] {dag.py:3823} INFO - Setting next_dagrun for dataset_consumes_unknown_never_scheduled to None, run_after=None
[2024-02-21T19:54:06.241+0000] {logging_mixin.py:188} INFO - [2024-02-21T19:54:06.240+0000] {dag.py:3823} INFO - Setting next_dagrun for dataset_produces_1 to 2024-02-20 00:00:00+00:00, run_after=2024-02-21 00:00:00+00:00
[2024-02-21T19:54:06.242+0000] {logging_mixin.py:188} INFO - [2024-02-21T19:54:06.242+0000] {dag.py:3823} INFO - Setting next_dagrun for dataset_produces_2 to None, run_after=None
[2024-02-21T19:54:06.273+0000] {processor.py:183} INFO - Processing /home/airflow/.local/lib/python3.8/site-packages/airflow/example_dags/example_datasets.py took 0.115 seconds
[2024-02-21T19:54:36.705+0000] {processor.py:161} INFO - Started process (PID=578) to work on /home/airflow/.local/lib/python3.8/site-packages/airflow/example_dags/example_datasets.py
[2024-02-21T19:54:36.707+0000] {processor.py:830} INFO - Processing file /home/airflow/.local/lib/python3.8/site-packages/airflow/example_dags/example_datasets.py for tasks to queue
[2024-02-21T19:54:36.709+0000] {logging_mixin.py:188} INFO - [2024-02-21T19:54:36.709+0000] {dagbag.py:538} INFO - Filling up the DagBag from /home/airflow/.local/lib/python3.8/site-packages/airflow/example_dags/example_datasets.py
[2024-02-21T19:54:36.720+0000] {processor.py:840} INFO - DAG(s) 'dataset_produces_1', 'dataset_consumes_1', 'dataset_produces_2', 'dataset_consumes_1_and_2', 'dataset_consumes_unknown_never_scheduled', 'dataset_consumes_1_never_scheduled' retrieved from /home/airflow/.local/lib/python3.8/site-packages/airflow/example_dags/example_datasets.py
[2024-02-21T19:54:36.801+0000] {logging_mixin.py:188} INFO - [2024-02-21T19:54:36.800+0000] {dag.py:3036} INFO - Sync 6 DAGs
[2024-02-21T19:54:36.839+0000] {logging_mixin.py:188} INFO - [2024-02-21T19:54:36.838+0000] {dag.py:3823} INFO - Setting next_dagrun for dataset_consumes_1 to None, run_after=None
[2024-02-21T19:54:36.845+0000] {logging_mixin.py:188} INFO - [2024-02-21T19:54:36.844+0000] {dag.py:3823} INFO - Setting next_dagrun for dataset_consumes_1_and_2 to None, run_after=None
[2024-02-21T19:54:36.847+0000] {logging_mixin.py:188} INFO - [2024-02-21T19:54:36.846+0000] {dag.py:3823} INFO - Setting next_dagrun for dataset_consumes_1_never_scheduled to None, run_after=None
[2024-02-21T19:54:36.849+0000] {logging_mixin.py:188} INFO - [2024-02-21T19:54:36.848+0000] {dag.py:3823} INFO - Setting next_dagrun for dataset_consumes_unknown_never_scheduled to None, run_after=None
[2024-02-21T19:54:36.853+0000] {logging_mixin.py:188} INFO - [2024-02-21T19:54:36.852+0000] {dag.py:3823} INFO - Setting next_dagrun for dataset_produces_1 to 2024-02-20 00:00:00+00:00, run_after=2024-02-21 00:00:00+00:00
[2024-02-21T19:54:36.855+0000] {logging_mixin.py:188} INFO - [2024-02-21T19:54:36.855+0000] {dag.py:3823} INFO - Setting next_dagrun for dataset_produces_2 to None, run_after=None
[2024-02-21T19:54:36.894+0000] {processor.py:183} INFO - Processing /home/airflow/.local/lib/python3.8/site-packages/airflow/example_dags/example_datasets.py took 0.192 seconds
[2024-02-21T19:55:07.235+0000] {processor.py:161} INFO - Started process (PID=633) to work on /home/airflow/.local/lib/python3.8/site-packages/airflow/example_dags/example_datasets.py
[2024-02-21T19:55:07.237+0000] {processor.py:830} INFO - Processing file /home/airflow/.local/lib/python3.8/site-packages/airflow/example_dags/example_datasets.py for tasks to queue
[2024-02-21T19:55:07.239+0000] {logging_mixin.py:188} INFO - [2024-02-21T19:55:07.239+0000] {dagbag.py:538} INFO - Filling up the DagBag from /home/airflow/.local/lib/python3.8/site-packages/airflow/example_dags/example_datasets.py
[2024-02-21T19:55:07.250+0000] {processor.py:840} INFO - DAG(s) 'dataset_consumes_1', 'dataset_consumes_unknown_never_scheduled', 'dataset_produces_1', 'dataset_consumes_1_never_scheduled', 'dataset_consumes_1_and_2', 'dataset_produces_2' retrieved from /home/airflow/.local/lib/python3.8/site-packages/airflow/example_dags/example_datasets.py
[2024-02-21T19:55:07.293+0000] {logging_mixin.py:188} INFO - [2024-02-21T19:55:07.292+0000] {dag.py:3036} INFO - Sync 6 DAGs
[2024-02-21T19:55:07.327+0000] {logging_mixin.py:188} INFO - [2024-02-21T19:55:07.326+0000] {dag.py:3823} INFO - Setting next_dagrun for dataset_consumes_1 to None, run_after=None
[2024-02-21T19:55:07.334+0000] {logging_mixin.py:188} INFO - [2024-02-21T19:55:07.333+0000] {dag.py:3823} INFO - Setting next_dagrun for dataset_consumes_1_and_2 to None, run_after=None
[2024-02-21T19:55:07.336+0000] {logging_mixin.py:188} INFO - [2024-02-21T19:55:07.336+0000] {dag.py:3823} INFO - Setting next_dagrun for dataset_consumes_1_never_scheduled to None, run_after=None
[2024-02-21T19:55:07.338+0000] {logging_mixin.py:188} INFO - [2024-02-21T19:55:07.338+0000] {dag.py:3823} INFO - Setting next_dagrun for dataset_consumes_unknown_never_scheduled to None, run_after=None
[2024-02-21T19:55:07.342+0000] {logging_mixin.py:188} INFO - [2024-02-21T19:55:07.342+0000] {dag.py:3823} INFO - Setting next_dagrun for dataset_produces_1 to 2024-02-20 00:00:00+00:00, run_after=2024-02-21 00:00:00+00:00
[2024-02-21T19:55:07.344+0000] {logging_mixin.py:188} INFO - [2024-02-21T19:55:07.344+0000] {dag.py:3823} INFO - Setting next_dagrun for dataset_produces_2 to None, run_after=None
[2024-02-21T19:55:07.386+0000] {processor.py:183} INFO - Processing /home/airflow/.local/lib/python3.8/site-packages/airflow/example_dags/example_datasets.py took 0.153 seconds
[2024-02-21T19:55:37.945+0000] {processor.py:161} INFO - Started process (PID=694) to work on /home/airflow/.local/lib/python3.8/site-packages/airflow/example_dags/example_datasets.py
[2024-02-21T19:55:37.946+0000] {processor.py:830} INFO - Processing file /home/airflow/.local/lib/python3.8/site-packages/airflow/example_dags/example_datasets.py for tasks to queue
[2024-02-21T19:55:37.948+0000] {logging_mixin.py:188} INFO - [2024-02-21T19:55:37.947+0000] {dagbag.py:538} INFO - Filling up the DagBag from /home/airflow/.local/lib/python3.8/site-packages/airflow/example_dags/example_datasets.py
[2024-02-21T19:55:37.958+0000] {processor.py:840} INFO - DAG(s) 'dataset_produces_2', 'dataset_consumes_unknown_never_scheduled', 'dataset_produces_1', 'dataset_consumes_1', 'dataset_consumes_1_and_2', 'dataset_consumes_1_never_scheduled' retrieved from /home/airflow/.local/lib/python3.8/site-packages/airflow/example_dags/example_datasets.py
[2024-02-21T19:55:37.996+0000] {logging_mixin.py:188} INFO - [2024-02-21T19:55:37.996+0000] {dag.py:3036} INFO - Sync 6 DAGs
[2024-02-21T19:55:38.024+0000] {logging_mixin.py:188} INFO - [2024-02-21T19:55:38.024+0000] {dag.py:3823} INFO - Setting next_dagrun for dataset_consumes_1 to None, run_after=None
[2024-02-21T19:55:38.029+0000] {logging_mixin.py:188} INFO - [2024-02-21T19:55:38.028+0000] {dag.py:3823} INFO - Setting next_dagrun for dataset_consumes_1_and_2 to None, run_after=None
[2024-02-21T19:55:38.030+0000] {logging_mixin.py:188} INFO - [2024-02-21T19:55:38.030+0000] {dag.py:3823} INFO - Setting next_dagrun for dataset_consumes_1_never_scheduled to None, run_after=None
[2024-02-21T19:55:38.032+0000] {logging_mixin.py:188} INFO - [2024-02-21T19:55:38.032+0000] {dag.py:3823} INFO - Setting next_dagrun for dataset_consumes_unknown_never_scheduled to None, run_after=None
[2024-02-21T19:55:38.035+0000] {logging_mixin.py:188} INFO - [2024-02-21T19:55:38.035+0000] {dag.py:3823} INFO - Setting next_dagrun for dataset_produces_1 to 2024-02-20 00:00:00+00:00, run_after=2024-02-21 00:00:00+00:00
[2024-02-21T19:55:38.038+0000] {logging_mixin.py:188} INFO - [2024-02-21T19:55:38.037+0000] {dag.py:3823} INFO - Setting next_dagrun for dataset_produces_2 to None, run_after=None
[2024-02-21T19:55:38.070+0000] {processor.py:183} INFO - Processing /home/airflow/.local/lib/python3.8/site-packages/airflow/example_dags/example_datasets.py took 0.128 seconds
[2024-02-21T19:56:08.105+0000] {processor.py:161} INFO - Started process (PID=749) to work on /home/airflow/.local/lib/python3.8/site-packages/airflow/example_dags/example_datasets.py
[2024-02-21T19:56:08.106+0000] {processor.py:830} INFO - Processing file /home/airflow/.local/lib/python3.8/site-packages/airflow/example_dags/example_datasets.py for tasks to queue
[2024-02-21T19:56:08.110+0000] {logging_mixin.py:188} INFO - [2024-02-21T19:56:08.109+0000] {dagbag.py:538} INFO - Filling up the DagBag from /home/airflow/.local/lib/python3.8/site-packages/airflow/example_dags/example_datasets.py
[2024-02-21T19:56:08.125+0000] {processor.py:840} INFO - DAG(s) 'dataset_consumes_unknown_never_scheduled', 'dataset_consumes_1_and_2', 'dataset_consumes_1', 'dataset_consumes_1_never_scheduled', 'dataset_produces_1', 'dataset_produces_2' retrieved from /home/airflow/.local/lib/python3.8/site-packages/airflow/example_dags/example_datasets.py
[2024-02-21T19:56:08.162+0000] {logging_mixin.py:188} INFO - [2024-02-21T19:56:08.162+0000] {dag.py:3036} INFO - Sync 6 DAGs
[2024-02-21T19:56:08.188+0000] {logging_mixin.py:188} INFO - [2024-02-21T19:56:08.188+0000] {dag.py:3823} INFO - Setting next_dagrun for dataset_consumes_1 to None, run_after=None
[2024-02-21T19:56:08.192+0000] {logging_mixin.py:188} INFO - [2024-02-21T19:56:08.192+0000] {dag.py:3823} INFO - Setting next_dagrun for dataset_consumes_1_and_2 to None, run_after=None
[2024-02-21T19:56:08.194+0000] {logging_mixin.py:188} INFO - [2024-02-21T19:56:08.194+0000] {dag.py:3823} INFO - Setting next_dagrun for dataset_consumes_1_never_scheduled to None, run_after=None
[2024-02-21T19:56:08.195+0000] {logging_mixin.py:188} INFO - [2024-02-21T19:56:08.195+0000] {dag.py:3823} INFO - Setting next_dagrun for dataset_consumes_unknown_never_scheduled to None, run_after=None
[2024-02-21T19:56:08.199+0000] {logging_mixin.py:188} INFO - [2024-02-21T19:56:08.198+0000] {dag.py:3823} INFO - Setting next_dagrun for dataset_produces_1 to 2024-02-20 00:00:00+00:00, run_after=2024-02-21 00:00:00+00:00
[2024-02-21T19:56:08.200+0000] {logging_mixin.py:188} INFO - [2024-02-21T19:56:08.200+0000] {dag.py:3823} INFO - Setting next_dagrun for dataset_produces_2 to None, run_after=None
[2024-02-21T19:56:08.233+0000] {processor.py:183} INFO - Processing /home/airflow/.local/lib/python3.8/site-packages/airflow/example_dags/example_datasets.py took 0.134 seconds
[2024-02-21T19:56:38.357+0000] {processor.py:161} INFO - Started process (PID=804) to work on /home/airflow/.local/lib/python3.8/site-packages/airflow/example_dags/example_datasets.py
[2024-02-21T19:56:38.358+0000] {processor.py:830} INFO - Processing file /home/airflow/.local/lib/python3.8/site-packages/airflow/example_dags/example_datasets.py for tasks to queue
[2024-02-21T19:56:38.360+0000] {logging_mixin.py:188} INFO - [2024-02-21T19:56:38.360+0000] {dagbag.py:538} INFO - Filling up the DagBag from /home/airflow/.local/lib/python3.8/site-packages/airflow/example_dags/example_datasets.py
[2024-02-21T19:56:38.374+0000] {processor.py:840} INFO - DAG(s) 'dataset_consumes_1', 'dataset_produces_1', 'dataset_consumes_1_and_2', 'dataset_consumes_unknown_never_scheduled', 'dataset_produces_2', 'dataset_consumes_1_never_scheduled' retrieved from /home/airflow/.local/lib/python3.8/site-packages/airflow/example_dags/example_datasets.py
[2024-02-21T19:56:38.428+0000] {logging_mixin.py:188} INFO - [2024-02-21T19:56:38.428+0000] {dag.py:3036} INFO - Sync 6 DAGs
[2024-02-21T19:56:38.458+0000] {logging_mixin.py:188} INFO - [2024-02-21T19:56:38.458+0000] {dag.py:3823} INFO - Setting next_dagrun for dataset_consumes_1 to None, run_after=None
[2024-02-21T19:56:38.465+0000] {logging_mixin.py:188} INFO - [2024-02-21T19:56:38.464+0000] {dag.py:3823} INFO - Setting next_dagrun for dataset_consumes_1_and_2 to None, run_after=None
[2024-02-21T19:56:38.467+0000] {logging_mixin.py:188} INFO - [2024-02-21T19:56:38.467+0000] {dag.py:3823} INFO - Setting next_dagrun for dataset_consumes_1_never_scheduled to None, run_after=None
[2024-02-21T19:56:38.470+0000] {logging_mixin.py:188} INFO - [2024-02-21T19:56:38.470+0000] {dag.py:3823} INFO - Setting next_dagrun for dataset_consumes_unknown_never_scheduled to None, run_after=None
[2024-02-21T19:56:38.476+0000] {logging_mixin.py:188} INFO - [2024-02-21T19:56:38.476+0000] {dag.py:3823} INFO - Setting next_dagrun for dataset_produces_1 to 2024-02-20 00:00:00+00:00, run_after=2024-02-21 00:00:00+00:00
[2024-02-21T19:56:38.478+0000] {logging_mixin.py:188} INFO - [2024-02-21T19:56:38.478+0000] {dag.py:3823} INFO - Setting next_dagrun for dataset_produces_2 to None, run_after=None
[2024-02-21T19:56:38.517+0000] {processor.py:183} INFO - Processing /home/airflow/.local/lib/python3.8/site-packages/airflow/example_dags/example_datasets.py took 0.162 seconds
[2024-02-21T19:57:08.805+0000] {processor.py:161} INFO - Started process (PID=859) to work on /home/airflow/.local/lib/python3.8/site-packages/airflow/example_dags/example_datasets.py
[2024-02-21T19:57:08.806+0000] {processor.py:830} INFO - Processing file /home/airflow/.local/lib/python3.8/site-packages/airflow/example_dags/example_datasets.py for tasks to queue
[2024-02-21T19:57:08.808+0000] {logging_mixin.py:188} INFO - [2024-02-21T19:57:08.807+0000] {dagbag.py:538} INFO - Filling up the DagBag from /home/airflow/.local/lib/python3.8/site-packages/airflow/example_dags/example_datasets.py
[2024-02-21T19:57:08.820+0000] {processor.py:840} INFO - DAG(s) 'dataset_produces_2', 'dataset_consumes_1', 'dataset_produces_1', 'dataset_consumes_unknown_never_scheduled', 'dataset_consumes_1_never_scheduled', 'dataset_consumes_1_and_2' retrieved from /home/airflow/.local/lib/python3.8/site-packages/airflow/example_dags/example_datasets.py
[2024-02-21T19:57:08.873+0000] {logging_mixin.py:188} INFO - [2024-02-21T19:57:08.873+0000] {dag.py:3036} INFO - Sync 6 DAGs
[2024-02-21T19:57:08.906+0000] {logging_mixin.py:188} INFO - [2024-02-21T19:57:08.906+0000] {dag.py:3823} INFO - Setting next_dagrun for dataset_consumes_1 to None, run_after=None
[2024-02-21T19:57:08.913+0000] {logging_mixin.py:188} INFO - [2024-02-21T19:57:08.913+0000] {dag.py:3823} INFO - Setting next_dagrun for dataset_consumes_1_and_2 to None, run_after=None
[2024-02-21T19:57:08.935+0000] {logging_mixin.py:188} INFO - [2024-02-21T19:57:08.935+0000] {dag.py:3823} INFO - Setting next_dagrun for dataset_consumes_1_never_scheduled to None, run_after=None
[2024-02-21T19:57:08.938+0000] {logging_mixin.py:188} INFO - [2024-02-21T19:57:08.938+0000] {dag.py:3823} INFO - Setting next_dagrun for dataset_consumes_unknown_never_scheduled to None, run_after=None
[2024-02-21T19:57:08.948+0000] {logging_mixin.py:188} INFO - [2024-02-21T19:57:08.948+0000] {dag.py:3823} INFO - Setting next_dagrun for dataset_produces_1 to 2024-02-20 00:00:00+00:00, run_after=2024-02-21 00:00:00+00:00
[2024-02-21T19:57:08.951+0000] {logging_mixin.py:188} INFO - [2024-02-21T19:57:08.951+0000] {dag.py:3823} INFO - Setting next_dagrun for dataset_produces_2 to None, run_after=None
[2024-02-21T19:57:08.992+0000] {processor.py:183} INFO - Processing /home/airflow/.local/lib/python3.8/site-packages/airflow/example_dags/example_datasets.py took 0.192 seconds
[2024-02-21T19:57:39.934+0000] {processor.py:161} INFO - Started process (PID=916) to work on /home/airflow/.local/lib/python3.8/site-packages/airflow/example_dags/example_datasets.py
[2024-02-21T19:57:39.935+0000] {processor.py:830} INFO - Processing file /home/airflow/.local/lib/python3.8/site-packages/airflow/example_dags/example_datasets.py for tasks to queue
[2024-02-21T19:57:39.937+0000] {logging_mixin.py:188} INFO - [2024-02-21T19:57:39.937+0000] {dagbag.py:538} INFO - Filling up the DagBag from /home/airflow/.local/lib/python3.8/site-packages/airflow/example_dags/example_datasets.py
[2024-02-21T19:57:39.950+0000] {processor.py:840} INFO - DAG(s) 'dataset_produces_1', 'dataset_consumes_unknown_never_scheduled', 'dataset_produces_2', 'dataset_consumes_1', 'dataset_consumes_1_and_2', 'dataset_consumes_1_never_scheduled' retrieved from /home/airflow/.local/lib/python3.8/site-packages/airflow/example_dags/example_datasets.py
[2024-02-21T19:57:39.989+0000] {logging_mixin.py:188} INFO - [2024-02-21T19:57:39.989+0000] {dag.py:3036} INFO - Sync 6 DAGs
[2024-02-21T19:57:40.011+0000] {logging_mixin.py:188} INFO - [2024-02-21T19:57:40.011+0000] {dag.py:3823} INFO - Setting next_dagrun for dataset_consumes_1 to None, run_after=None
[2024-02-21T19:57:40.015+0000] {logging_mixin.py:188} INFO - [2024-02-21T19:57:40.014+0000] {dag.py:3823} INFO - Setting next_dagrun for dataset_consumes_1_and_2 to None, run_after=None
[2024-02-21T19:57:40.016+0000] {logging_mixin.py:188} INFO - [2024-02-21T19:57:40.016+0000] {dag.py:3823} INFO - Setting next_dagrun for dataset_consumes_1_never_scheduled to None, run_after=None
[2024-02-21T19:57:40.018+0000] {logging_mixin.py:188} INFO - [2024-02-21T19:57:40.018+0000] {dag.py:3823} INFO - Setting next_dagrun for dataset_consumes_unknown_never_scheduled to None, run_after=None
[2024-02-21T19:57:40.021+0000] {logging_mixin.py:188} INFO - [2024-02-21T19:57:40.021+0000] {dag.py:3823} INFO - Setting next_dagrun for dataset_produces_1 to 2024-02-20 00:00:00+00:00, run_after=2024-02-21 00:00:00+00:00
[2024-02-21T19:57:40.022+0000] {logging_mixin.py:188} INFO - [2024-02-21T19:57:40.022+0000] {dag.py:3823} INFO - Setting next_dagrun for dataset_produces_2 to None, run_after=None
[2024-02-21T19:57:40.049+0000] {processor.py:183} INFO - Processing /home/airflow/.local/lib/python3.8/site-packages/airflow/example_dags/example_datasets.py took 0.118 seconds
[2024-02-21T19:58:10.345+0000] {processor.py:161} INFO - Started process (PID=971) to work on /home/airflow/.local/lib/python3.8/site-packages/airflow/example_dags/example_datasets.py
[2024-02-21T19:58:10.346+0000] {processor.py:830} INFO - Processing file /home/airflow/.local/lib/python3.8/site-packages/airflow/example_dags/example_datasets.py for tasks to queue
[2024-02-21T19:58:10.349+0000] {logging_mixin.py:188} INFO - [2024-02-21T19:58:10.348+0000] {dagbag.py:538} INFO - Filling up the DagBag from /home/airflow/.local/lib/python3.8/site-packages/airflow/example_dags/example_datasets.py
[2024-02-21T19:58:10.357+0000] {processor.py:840} INFO - DAG(s) 'dataset_consumes_1', 'dataset_produces_1', 'dataset_consumes_1_and_2', 'dataset_consumes_1_never_scheduled', 'dataset_produces_2', 'dataset_consumes_unknown_never_scheduled' retrieved from /home/airflow/.local/lib/python3.8/site-packages/airflow/example_dags/example_datasets.py
[2024-02-21T19:58:10.396+0000] {logging_mixin.py:188} INFO - [2024-02-21T19:58:10.396+0000] {dag.py:3036} INFO - Sync 6 DAGs
[2024-02-21T19:58:10.420+0000] {logging_mixin.py:188} INFO - [2024-02-21T19:58:10.420+0000] {dag.py:3823} INFO - Setting next_dagrun for dataset_consumes_1 to None, run_after=None
[2024-02-21T19:58:10.424+0000] {logging_mixin.py:188} INFO - [2024-02-21T19:58:10.424+0000] {dag.py:3823} INFO - Setting next_dagrun for dataset_consumes_1_and_2 to None, run_after=None
[2024-02-21T19:58:10.427+0000] {logging_mixin.py:188} INFO - [2024-02-21T19:58:10.426+0000] {dag.py:3823} INFO - Setting next_dagrun for dataset_consumes_1_never_scheduled to None, run_after=None
[2024-02-21T19:58:10.429+0000] {logging_mixin.py:188} INFO - [2024-02-21T19:58:10.428+0000] {dag.py:3823} INFO - Setting next_dagrun for dataset_consumes_unknown_never_scheduled to None, run_after=None
[2024-02-21T19:58:10.432+0000] {logging_mixin.py:188} INFO - [2024-02-21T19:58:10.432+0000] {dag.py:3823} INFO - Setting next_dagrun for dataset_produces_1 to 2024-02-20 00:00:00+00:00, run_after=2024-02-21 00:00:00+00:00
[2024-02-21T19:58:10.434+0000] {logging_mixin.py:188} INFO - [2024-02-21T19:58:10.434+0000] {dag.py:3823} INFO - Setting next_dagrun for dataset_produces_2 to None, run_after=None
[2024-02-21T19:58:10.471+0000] {processor.py:183} INFO - Processing /home/airflow/.local/lib/python3.8/site-packages/airflow/example_dags/example_datasets.py took 0.130 seconds
[2024-02-21T19:58:40.831+0000] {processor.py:161} INFO - Started process (PID=1026) to work on /home/airflow/.local/lib/python3.8/site-packages/airflow/example_dags/example_datasets.py
[2024-02-21T19:58:40.832+0000] {processor.py:830} INFO - Processing file /home/airflow/.local/lib/python3.8/site-packages/airflow/example_dags/example_datasets.py for tasks to queue
[2024-02-21T19:58:40.834+0000] {logging_mixin.py:188} INFO - [2024-02-21T19:58:40.834+0000] {dagbag.py:538} INFO - Filling up the DagBag from /home/airflow/.local/lib/python3.8/site-packages/airflow/example_dags/example_datasets.py
[2024-02-21T19:58:40.844+0000] {processor.py:840} INFO - DAG(s) 'dataset_produces_2', 'dataset_consumes_1', 'dataset_consumes_1_and_2', 'dataset_consumes_1_never_scheduled', 'dataset_produces_1', 'dataset_consumes_unknown_never_scheduled' retrieved from /home/airflow/.local/lib/python3.8/site-packages/airflow/example_dags/example_datasets.py
[2024-02-21T19:58:40.881+0000] {logging_mixin.py:188} INFO - [2024-02-21T19:58:40.880+0000] {dag.py:3036} INFO - Sync 6 DAGs
[2024-02-21T19:58:40.901+0000] {logging_mixin.py:188} INFO - [2024-02-21T19:58:40.901+0000] {dag.py:3823} INFO - Setting next_dagrun for dataset_consumes_1 to None, run_after=None
[2024-02-21T19:58:40.905+0000] {logging_mixin.py:188} INFO - [2024-02-21T19:58:40.904+0000] {dag.py:3823} INFO - Setting next_dagrun for dataset_consumes_1_and_2 to None, run_after=None
[2024-02-21T19:58:40.906+0000] {logging_mixin.py:188} INFO - [2024-02-21T19:58:40.906+0000] {dag.py:3823} INFO - Setting next_dagrun for dataset_consumes_1_never_scheduled to None, run_after=None
[2024-02-21T19:58:40.908+0000] {logging_mixin.py:188} INFO - [2024-02-21T19:58:40.908+0000] {dag.py:3823} INFO - Setting next_dagrun for dataset_consumes_unknown_never_scheduled to None, run_after=None
[2024-02-21T19:58:40.911+0000] {logging_mixin.py:188} INFO - [2024-02-21T19:58:40.911+0000] {dag.py:3823} INFO - Setting next_dagrun for dataset_produces_1 to 2024-02-20 00:00:00+00:00, run_after=2024-02-21 00:00:00+00:00
[2024-02-21T19:58:40.913+0000] {logging_mixin.py:188} INFO - [2024-02-21T19:58:40.913+0000] {dag.py:3823} INFO - Setting next_dagrun for dataset_produces_2 to None, run_after=None
[2024-02-21T19:58:40.949+0000] {processor.py:183} INFO - Processing /home/airflow/.local/lib/python3.8/site-packages/airflow/example_dags/example_datasets.py took 0.123 seconds
[2024-02-21T19:59:11.274+0000] {processor.py:161} INFO - Started process (PID=1081) to work on /home/airflow/.local/lib/python3.8/site-packages/airflow/example_dags/example_datasets.py
[2024-02-21T19:59:11.275+0000] {processor.py:830} INFO - Processing file /home/airflow/.local/lib/python3.8/site-packages/airflow/example_dags/example_datasets.py for tasks to queue
[2024-02-21T19:59:11.277+0000] {logging_mixin.py:188} INFO - [2024-02-21T19:59:11.277+0000] {dagbag.py:538} INFO - Filling up the DagBag from /home/airflow/.local/lib/python3.8/site-packages/airflow/example_dags/example_datasets.py
[2024-02-21T19:59:11.288+0000] {processor.py:840} INFO - DAG(s) 'dataset_consumes_unknown_never_scheduled', 'dataset_produces_2', 'dataset_consumes_1_and_2', 'dataset_produces_1', 'dataset_consumes_1_never_scheduled', 'dataset_consumes_1' retrieved from /home/airflow/.local/lib/python3.8/site-packages/airflow/example_dags/example_datasets.py
[2024-02-21T19:59:11.326+0000] {logging_mixin.py:188} INFO - [2024-02-21T19:59:11.326+0000] {dag.py:3036} INFO - Sync 6 DAGs
[2024-02-21T19:59:11.348+0000] {logging_mixin.py:188} INFO - [2024-02-21T19:59:11.348+0000] {dag.py:3823} INFO - Setting next_dagrun for dataset_consumes_1 to None, run_after=None
[2024-02-21T19:59:11.352+0000] {logging_mixin.py:188} INFO - [2024-02-21T19:59:11.352+0000] {dag.py:3823} INFO - Setting next_dagrun for dataset_consumes_1_and_2 to None, run_after=None
[2024-02-21T19:59:11.354+0000] {logging_mixin.py:188} INFO - [2024-02-21T19:59:11.353+0000] {dag.py:3823} INFO - Setting next_dagrun for dataset_consumes_1_never_scheduled to None, run_after=None
[2024-02-21T19:59:11.355+0000] {logging_mixin.py:188} INFO - [2024-02-21T19:59:11.355+0000] {dag.py:3823} INFO - Setting next_dagrun for dataset_consumes_unknown_never_scheduled to None, run_after=None
[2024-02-21T19:59:11.358+0000] {logging_mixin.py:188} INFO - [2024-02-21T19:59:11.358+0000] {dag.py:3823} INFO - Setting next_dagrun for dataset_produces_1 to 2024-02-20 00:00:00+00:00, run_after=2024-02-21 00:00:00+00:00
[2024-02-21T19:59:11.360+0000] {logging_mixin.py:188} INFO - [2024-02-21T19:59:11.360+0000] {dag.py:3823} INFO - Setting next_dagrun for dataset_produces_2 to None, run_after=None
[2024-02-21T19:59:11.391+0000] {processor.py:183} INFO - Processing /home/airflow/.local/lib/python3.8/site-packages/airflow/example_dags/example_datasets.py took 0.120 seconds
[2024-02-21T19:59:41.790+0000] {processor.py:161} INFO - Started process (PID=1136) to work on /home/airflow/.local/lib/python3.8/site-packages/airflow/example_dags/example_datasets.py
[2024-02-21T19:59:41.791+0000] {processor.py:830} INFO - Processing file /home/airflow/.local/lib/python3.8/site-packages/airflow/example_dags/example_datasets.py for tasks to queue
[2024-02-21T19:59:41.793+0000] {logging_mixin.py:188} INFO - [2024-02-21T19:59:41.793+0000] {dagbag.py:538} INFO - Filling up the DagBag from /home/airflow/.local/lib/python3.8/site-packages/airflow/example_dags/example_datasets.py
[2024-02-21T19:59:41.805+0000] {processor.py:840} INFO - DAG(s) 'dataset_produces_2', 'dataset_consumes_1_never_scheduled', 'dataset_produces_1', 'dataset_consumes_unknown_never_scheduled', 'dataset_consumes_1_and_2', 'dataset_consumes_1' retrieved from /home/airflow/.local/lib/python3.8/site-packages/airflow/example_dags/example_datasets.py
[2024-02-21T19:59:41.840+0000] {logging_mixin.py:188} INFO - [2024-02-21T19:59:41.840+0000] {dag.py:3036} INFO - Sync 6 DAGs
[2024-02-21T19:59:41.862+0000] {logging_mixin.py:188} INFO - [2024-02-21T19:59:41.862+0000] {dag.py:3823} INFO - Setting next_dagrun for dataset_consumes_1 to None, run_after=None
[2024-02-21T19:59:41.867+0000] {logging_mixin.py:188} INFO - [2024-02-21T19:59:41.866+0000] {dag.py:3823} INFO - Setting next_dagrun for dataset_consumes_1_and_2 to None, run_after=None
[2024-02-21T19:59:41.868+0000] {logging_mixin.py:188} INFO - [2024-02-21T19:59:41.868+0000] {dag.py:3823} INFO - Setting next_dagrun for dataset_consumes_1_never_scheduled to None, run_after=None
[2024-02-21T19:59:41.870+0000] {logging_mixin.py:188} INFO - [2024-02-21T19:59:41.870+0000] {dag.py:3823} INFO - Setting next_dagrun for dataset_consumes_unknown_never_scheduled to None, run_after=None
[2024-02-21T19:59:41.873+0000] {logging_mixin.py:188} INFO - [2024-02-21T19:59:41.873+0000] {dag.py:3823} INFO - Setting next_dagrun for dataset_produces_1 to 2024-02-20 00:00:00+00:00, run_after=2024-02-21 00:00:00+00:00
[2024-02-21T19:59:41.874+0000] {logging_mixin.py:188} INFO - [2024-02-21T19:59:41.874+0000] {dag.py:3823} INFO - Setting next_dagrun for dataset_produces_2 to None, run_after=None
[2024-02-21T19:59:41.904+0000] {processor.py:183} INFO - Processing /home/airflow/.local/lib/python3.8/site-packages/airflow/example_dags/example_datasets.py took 0.119 seconds
[2024-02-21T20:00:12.266+0000] {processor.py:161} INFO - Started process (PID=1191) to work on /home/airflow/.local/lib/python3.8/site-packages/airflow/example_dags/example_datasets.py
[2024-02-21T20:00:12.267+0000] {processor.py:830} INFO - Processing file /home/airflow/.local/lib/python3.8/site-packages/airflow/example_dags/example_datasets.py for tasks to queue
[2024-02-21T20:00:12.269+0000] {logging_mixin.py:188} INFO - [2024-02-21T20:00:12.269+0000] {dagbag.py:538} INFO - Filling up the DagBag from /home/airflow/.local/lib/python3.8/site-packages/airflow/example_dags/example_datasets.py
[2024-02-21T20:00:12.282+0000] {processor.py:840} INFO - DAG(s) 'dataset_consumes_1_and_2', 'dataset_produces_1', 'dataset_consumes_1_never_scheduled', 'dataset_consumes_unknown_never_scheduled', 'dataset_consumes_1', 'dataset_produces_2' retrieved from /home/airflow/.local/lib/python3.8/site-packages/airflow/example_dags/example_datasets.py
[2024-02-21T20:00:12.319+0000] {logging_mixin.py:188} INFO - [2024-02-21T20:00:12.318+0000] {dag.py:3036} INFO - Sync 6 DAGs
[2024-02-21T20:00:12.342+0000] {logging_mixin.py:188} INFO - [2024-02-21T20:00:12.341+0000] {dag.py:3823} INFO - Setting next_dagrun for dataset_consumes_1 to None, run_after=None
[2024-02-21T20:00:12.346+0000] {logging_mixin.py:188} INFO - [2024-02-21T20:00:12.346+0000] {dag.py:3823} INFO - Setting next_dagrun for dataset_consumes_1_and_2 to None, run_after=None
[2024-02-21T20:00:12.348+0000] {logging_mixin.py:188} INFO - [2024-02-21T20:00:12.348+0000] {dag.py:3823} INFO - Setting next_dagrun for dataset_consumes_1_never_scheduled to None, run_after=None
[2024-02-21T20:00:12.350+0000] {logging_mixin.py:188} INFO - [2024-02-21T20:00:12.349+0000] {dag.py:3823} INFO - Setting next_dagrun for dataset_consumes_unknown_never_scheduled to None, run_after=None
[2024-02-21T20:00:12.353+0000] {logging_mixin.py:188} INFO - [2024-02-21T20:00:12.352+0000] {dag.py:3823} INFO - Setting next_dagrun for dataset_produces_1 to 2024-02-20 00:00:00+00:00, run_after=2024-02-21 00:00:00+00:00
[2024-02-21T20:00:12.354+0000] {logging_mixin.py:188} INFO - [2024-02-21T20:00:12.354+0000] {dag.py:3823} INFO - Setting next_dagrun for dataset_produces_2 to None, run_after=None
[2024-02-21T20:00:12.384+0000] {processor.py:183} INFO - Processing /home/airflow/.local/lib/python3.8/site-packages/airflow/example_dags/example_datasets.py took 0.122 seconds
[2024-02-21T20:00:42.692+0000] {processor.py:161} INFO - Started process (PID=1246) to work on /home/airflow/.local/lib/python3.8/site-packages/airflow/example_dags/example_datasets.py
[2024-02-21T20:00:42.693+0000] {processor.py:830} INFO - Processing file /home/airflow/.local/lib/python3.8/site-packages/airflow/example_dags/example_datasets.py for tasks to queue
[2024-02-21T20:00:42.696+0000] {logging_mixin.py:188} INFO - [2024-02-21T20:00:42.696+0000] {dagbag.py:538} INFO - Filling up the DagBag from /home/airflow/.local/lib/python3.8/site-packages/airflow/example_dags/example_datasets.py
[2024-02-21T20:00:42.707+0000] {processor.py:840} INFO - DAG(s) 'dataset_consumes_1', 'dataset_produces_2', 'dataset_consumes_unknown_never_scheduled', 'dataset_produces_1', 'dataset_consumes_1_and_2', 'dataset_consumes_1_never_scheduled' retrieved from /home/airflow/.local/lib/python3.8/site-packages/airflow/example_dags/example_datasets.py
[2024-02-21T20:00:42.746+0000] {logging_mixin.py:188} INFO - [2024-02-21T20:00:42.746+0000] {dag.py:3036} INFO - Sync 6 DAGs
[2024-02-21T20:00:42.768+0000] {logging_mixin.py:188} INFO - [2024-02-21T20:00:42.768+0000] {dag.py:3823} INFO - Setting next_dagrun for dataset_consumes_1 to None, run_after=None
[2024-02-21T20:00:42.772+0000] {logging_mixin.py:188} INFO - [2024-02-21T20:00:42.771+0000] {dag.py:3823} INFO - Setting next_dagrun for dataset_consumes_1_and_2 to None, run_after=None
[2024-02-21T20:00:42.773+0000] {logging_mixin.py:188} INFO - [2024-02-21T20:00:42.773+0000] {dag.py:3823} INFO - Setting next_dagrun for dataset_consumes_1_never_scheduled to None, run_after=None
[2024-02-21T20:00:42.775+0000] {logging_mixin.py:188} INFO - [2024-02-21T20:00:42.775+0000] {dag.py:3823} INFO - Setting next_dagrun for dataset_consumes_unknown_never_scheduled to None, run_after=None
[2024-02-21T20:00:42.778+0000] {logging_mixin.py:188} INFO - [2024-02-21T20:00:42.777+0000] {dag.py:3823} INFO - Setting next_dagrun for dataset_produces_1 to 2024-02-20 00:00:00+00:00, run_after=2024-02-21 00:00:00+00:00
[2024-02-21T20:00:42.779+0000] {logging_mixin.py:188} INFO - [2024-02-21T20:00:42.779+0000] {dag.py:3823} INFO - Setting next_dagrun for dataset_produces_2 to None, run_after=None
[2024-02-21T20:00:42.814+0000] {processor.py:183} INFO - Processing /home/airflow/.local/lib/python3.8/site-packages/airflow/example_dags/example_datasets.py took 0.126 seconds
[2024-02-21T20:01:13.090+0000] {processor.py:161} INFO - Started process (PID=1301) to work on /home/airflow/.local/lib/python3.8/site-packages/airflow/example_dags/example_datasets.py
[2024-02-21T20:01:13.091+0000] {processor.py:830} INFO - Processing file /home/airflow/.local/lib/python3.8/site-packages/airflow/example_dags/example_datasets.py for tasks to queue
[2024-02-21T20:01:13.093+0000] {logging_mixin.py:188} INFO - [2024-02-21T20:01:13.093+0000] {dagbag.py:538} INFO - Filling up the DagBag from /home/airflow/.local/lib/python3.8/site-packages/airflow/example_dags/example_datasets.py
[2024-02-21T20:01:13.103+0000] {processor.py:840} INFO - DAG(s) 'dataset_produces_1', 'dataset_consumes_1', 'dataset_consumes_1_never_scheduled', 'dataset_produces_2', 'dataset_consumes_unknown_never_scheduled', 'dataset_consumes_1_and_2' retrieved from /home/airflow/.local/lib/python3.8/site-packages/airflow/example_dags/example_datasets.py
[2024-02-21T20:01:13.140+0000] {logging_mixin.py:188} INFO - [2024-02-21T20:01:13.140+0000] {dag.py:3036} INFO - Sync 6 DAGs
[2024-02-21T20:01:13.170+0000] {logging_mixin.py:188} INFO - [2024-02-21T20:01:13.170+0000] {dag.py:3823} INFO - Setting next_dagrun for dataset_consumes_1 to None, run_after=None
[2024-02-21T20:01:13.176+0000] {logging_mixin.py:188} INFO - [2024-02-21T20:01:13.176+0000] {dag.py:3823} INFO - Setting next_dagrun for dataset_consumes_1_and_2 to None, run_after=None
[2024-02-21T20:01:13.178+0000] {logging_mixin.py:188} INFO - [2024-02-21T20:01:13.178+0000] {dag.py:3823} INFO - Setting next_dagrun for dataset_consumes_1_never_scheduled to None, run_after=None
[2024-02-21T20:01:13.182+0000] {logging_mixin.py:188} INFO - [2024-02-21T20:01:13.182+0000] {dag.py:3823} INFO - Setting next_dagrun for dataset_consumes_unknown_never_scheduled to None, run_after=None
[2024-02-21T20:01:13.186+0000] {logging_mixin.py:188} INFO - [2024-02-21T20:01:13.186+0000] {dag.py:3823} INFO - Setting next_dagrun for dataset_produces_1 to 2024-02-20 00:00:00+00:00, run_after=2024-02-21 00:00:00+00:00
[2024-02-21T20:01:13.188+0000] {logging_mixin.py:188} INFO - [2024-02-21T20:01:13.188+0000] {dag.py:3823} INFO - Setting next_dagrun for dataset_produces_2 to None, run_after=None
[2024-02-21T20:01:13.222+0000] {processor.py:183} INFO - Processing /home/airflow/.local/lib/python3.8/site-packages/airflow/example_dags/example_datasets.py took 0.135 seconds
[2024-02-21T20:01:43.719+0000] {processor.py:161} INFO - Started process (PID=1356) to work on /home/airflow/.local/lib/python3.8/site-packages/airflow/example_dags/example_datasets.py
[2024-02-21T20:01:43.720+0000] {processor.py:830} INFO - Processing file /home/airflow/.local/lib/python3.8/site-packages/airflow/example_dags/example_datasets.py for tasks to queue
[2024-02-21T20:01:43.722+0000] {logging_mixin.py:188} INFO - [2024-02-21T20:01:43.722+0000] {dagbag.py:538} INFO - Filling up the DagBag from /home/airflow/.local/lib/python3.8/site-packages/airflow/example_dags/example_datasets.py
[2024-02-21T20:01:43.738+0000] {processor.py:840} INFO - DAG(s) 'dataset_consumes_1_never_scheduled', 'dataset_consumes_1', 'dataset_consumes_unknown_never_scheduled', 'dataset_produces_2', 'dataset_produces_1', 'dataset_consumes_1_and_2' retrieved from /home/airflow/.local/lib/python3.8/site-packages/airflow/example_dags/example_datasets.py
[2024-02-21T20:01:43.770+0000] {logging_mixin.py:188} INFO - [2024-02-21T20:01:43.770+0000] {dag.py:3036} INFO - Sync 6 DAGs
[2024-02-21T20:01:43.813+0000] {logging_mixin.py:188} INFO - [2024-02-21T20:01:43.812+0000] {dag.py:3823} INFO - Setting next_dagrun for dataset_consumes_1 to None, run_after=None
[2024-02-21T20:01:43.825+0000] {logging_mixin.py:188} INFO - [2024-02-21T20:01:43.824+0000] {dag.py:3823} INFO - Setting next_dagrun for dataset_consumes_1_and_2 to None, run_after=None
[2024-02-21T20:01:43.827+0000] {logging_mixin.py:188} INFO - [2024-02-21T20:01:43.827+0000] {dag.py:3823} INFO - Setting next_dagrun for dataset_consumes_1_never_scheduled to None, run_after=None
[2024-02-21T20:01:43.830+0000] {logging_mixin.py:188} INFO - [2024-02-21T20:01:43.829+0000] {dag.py:3823} INFO - Setting next_dagrun for dataset_consumes_unknown_never_scheduled to None, run_after=None
[2024-02-21T20:01:43.834+0000] {logging_mixin.py:188} INFO - [2024-02-21T20:01:43.833+0000] {dag.py:3823} INFO - Setting next_dagrun for dataset_produces_1 to 2024-02-20 00:00:00+00:00, run_after=2024-02-21 00:00:00+00:00
[2024-02-21T20:01:43.836+0000] {logging_mixin.py:188} INFO - [2024-02-21T20:01:43.835+0000] {dag.py:3823} INFO - Setting next_dagrun for dataset_produces_2 to None, run_after=None
[2024-02-21T20:01:43.867+0000] {processor.py:183} INFO - Processing /home/airflow/.local/lib/python3.8/site-packages/airflow/example_dags/example_datasets.py took 0.151 seconds
