[2024-02-21T19:49:55.657+0000] {processor.py:161} INFO - Started process (PID=64) to work on /home/airflow/.local/lib/python3.8/site-packages/airflow/example_dags/example_branch_operator.py
[2024-02-21T19:49:55.658+0000] {processor.py:830} INFO - Processing file /home/airflow/.local/lib/python3.8/site-packages/airflow/example_dags/example_branch_operator.py for tasks to queue
[2024-02-21T19:49:55.660+0000] {logging_mixin.py:188} INFO - [2024-02-21T19:49:55.660+0000] {dagbag.py:538} INFO - Filling up the DagBag from /home/airflow/.local/lib/python3.8/site-packages/airflow/example_dags/example_branch_operator.py
[2024-02-21T19:49:56.031+0000] {processor.py:840} INFO - DAG(s) 'example_branch_operator' retrieved from /home/airflow/.local/lib/python3.8/site-packages/airflow/example_dags/example_branch_operator.py
[2024-02-21T19:49:56.394+0000] {logging_mixin.py:188} INFO - [2024-02-21T19:49:56.394+0000] {dag.py:3036} INFO - Sync 1 DAGs
[2024-02-21T19:49:56.485+0000] {logging_mixin.py:188} INFO - [2024-02-21T19:49:56.485+0000] {dag.py:3823} INFO - Setting next_dagrun for example_branch_operator to 2024-02-20 00:00:00+00:00, run_after=2024-02-21 00:00:00+00:00
[2024-02-21T19:49:56.565+0000] {processor.py:183} INFO - Processing /home/airflow/.local/lib/python3.8/site-packages/airflow/example_dags/example_branch_operator.py took 1.009 seconds
[2024-02-21T19:50:26.735+0000] {processor.py:161} INFO - Started process (PID=119) to work on /home/airflow/.local/lib/python3.8/site-packages/airflow/example_dags/example_branch_operator.py
[2024-02-21T19:50:26.736+0000] {processor.py:830} INFO - Processing file /home/airflow/.local/lib/python3.8/site-packages/airflow/example_dags/example_branch_operator.py for tasks to queue
[2024-02-21T19:50:26.738+0000] {logging_mixin.py:188} INFO - [2024-02-21T19:50:26.738+0000] {dagbag.py:538} INFO - Filling up the DagBag from /home/airflow/.local/lib/python3.8/site-packages/airflow/example_dags/example_branch_operator.py
[2024-02-21T19:50:26.759+0000] {processor.py:840} INFO - DAG(s) 'example_branch_operator' retrieved from /home/airflow/.local/lib/python3.8/site-packages/airflow/example_dags/example_branch_operator.py
[2024-02-21T19:50:26.792+0000] {logging_mixin.py:188} INFO - [2024-02-21T19:50:26.791+0000] {dag.py:3036} INFO - Sync 1 DAGs
[2024-02-21T19:50:26.819+0000] {logging_mixin.py:188} INFO - [2024-02-21T19:50:26.818+0000] {dag.py:3823} INFO - Setting next_dagrun for example_branch_operator to 2024-02-20 00:00:00+00:00, run_after=2024-02-21 00:00:00+00:00
[2024-02-21T19:50:26.843+0000] {processor.py:183} INFO - Processing /home/airflow/.local/lib/python3.8/site-packages/airflow/example_dags/example_branch_operator.py took 0.111 seconds
[2024-02-21T19:50:57.047+0000] {processor.py:161} INFO - Started process (PID=174) to work on /home/airflow/.local/lib/python3.8/site-packages/airflow/example_dags/example_branch_operator.py
[2024-02-21T19:50:57.048+0000] {processor.py:830} INFO - Processing file /home/airflow/.local/lib/python3.8/site-packages/airflow/example_dags/example_branch_operator.py for tasks to queue
[2024-02-21T19:50:57.050+0000] {logging_mixin.py:188} INFO - [2024-02-21T19:50:57.050+0000] {dagbag.py:538} INFO - Filling up the DagBag from /home/airflow/.local/lib/python3.8/site-packages/airflow/example_dags/example_branch_operator.py
[2024-02-21T19:50:57.067+0000] {processor.py:840} INFO - DAG(s) 'example_branch_operator' retrieved from /home/airflow/.local/lib/python3.8/site-packages/airflow/example_dags/example_branch_operator.py
[2024-02-21T19:50:57.095+0000] {logging_mixin.py:188} INFO - [2024-02-21T19:50:57.095+0000] {dag.py:3036} INFO - Sync 1 DAGs
[2024-02-21T19:50:57.118+0000] {logging_mixin.py:188} INFO - [2024-02-21T19:50:57.118+0000] {dag.py:3823} INFO - Setting next_dagrun for example_branch_operator to 2024-02-20 00:00:00+00:00, run_after=2024-02-21 00:00:00+00:00
[2024-02-21T19:50:57.144+0000] {processor.py:183} INFO - Processing /home/airflow/.local/lib/python3.8/site-packages/airflow/example_dags/example_branch_operator.py took 0.100 seconds
[2024-02-21T19:51:27.474+0000] {processor.py:161} INFO - Started process (PID=229) to work on /home/airflow/.local/lib/python3.8/site-packages/airflow/example_dags/example_branch_operator.py
[2024-02-21T19:51:27.475+0000] {processor.py:830} INFO - Processing file /home/airflow/.local/lib/python3.8/site-packages/airflow/example_dags/example_branch_operator.py for tasks to queue
[2024-02-21T19:51:27.477+0000] {logging_mixin.py:188} INFO - [2024-02-21T19:51:27.477+0000] {dagbag.py:538} INFO - Filling up the DagBag from /home/airflow/.local/lib/python3.8/site-packages/airflow/example_dags/example_branch_operator.py
[2024-02-21T19:51:27.494+0000] {processor.py:840} INFO - DAG(s) 'example_branch_operator' retrieved from /home/airflow/.local/lib/python3.8/site-packages/airflow/example_dags/example_branch_operator.py
[2024-02-21T19:51:27.523+0000] {logging_mixin.py:188} INFO - [2024-02-21T19:51:27.523+0000] {dag.py:3036} INFO - Sync 1 DAGs
[2024-02-21T19:51:27.549+0000] {logging_mixin.py:188} INFO - [2024-02-21T19:51:27.549+0000] {dag.py:3823} INFO - Setting next_dagrun for example_branch_operator to 2024-02-20 00:00:00+00:00, run_after=2024-02-21 00:00:00+00:00
[2024-02-21T19:51:27.570+0000] {processor.py:183} INFO - Processing /home/airflow/.local/lib/python3.8/site-packages/airflow/example_dags/example_branch_operator.py took 0.098 seconds
[2024-02-21T19:51:58.004+0000] {processor.py:161} INFO - Started process (PID=284) to work on /home/airflow/.local/lib/python3.8/site-packages/airflow/example_dags/example_branch_operator.py
[2024-02-21T19:51:58.005+0000] {processor.py:830} INFO - Processing file /home/airflow/.local/lib/python3.8/site-packages/airflow/example_dags/example_branch_operator.py for tasks to queue
[2024-02-21T19:51:58.009+0000] {logging_mixin.py:188} INFO - [2024-02-21T19:51:58.009+0000] {dagbag.py:538} INFO - Filling up the DagBag from /home/airflow/.local/lib/python3.8/site-packages/airflow/example_dags/example_branch_operator.py
[2024-02-21T19:51:58.042+0000] {processor.py:840} INFO - DAG(s) 'example_branch_operator' retrieved from /home/airflow/.local/lib/python3.8/site-packages/airflow/example_dags/example_branch_operator.py
[2024-02-21T19:51:58.082+0000] {logging_mixin.py:188} INFO - [2024-02-21T19:51:58.081+0000] {dag.py:3036} INFO - Sync 1 DAGs
[2024-02-21T19:51:58.119+0000] {logging_mixin.py:188} INFO - [2024-02-21T19:51:58.118+0000] {dag.py:3823} INFO - Setting next_dagrun for example_branch_operator to 2024-02-20 00:00:00+00:00, run_after=2024-02-21 00:00:00+00:00
[2024-02-21T19:51:58.144+0000] {processor.py:183} INFO - Processing /home/airflow/.local/lib/python3.8/site-packages/airflow/example_dags/example_branch_operator.py took 0.147 seconds
[2024-02-21T19:52:28.176+0000] {processor.py:161} INFO - Started process (PID=339) to work on /home/airflow/.local/lib/python3.8/site-packages/airflow/example_dags/example_branch_operator.py
[2024-02-21T19:52:28.178+0000] {processor.py:830} INFO - Processing file /home/airflow/.local/lib/python3.8/site-packages/airflow/example_dags/example_branch_operator.py for tasks to queue
[2024-02-21T19:52:28.180+0000] {logging_mixin.py:188} INFO - [2024-02-21T19:52:28.179+0000] {dagbag.py:538} INFO - Filling up the DagBag from /home/airflow/.local/lib/python3.8/site-packages/airflow/example_dags/example_branch_operator.py
[2024-02-21T19:52:28.198+0000] {processor.py:840} INFO - DAG(s) 'example_branch_operator' retrieved from /home/airflow/.local/lib/python3.8/site-packages/airflow/example_dags/example_branch_operator.py
[2024-02-21T19:52:28.232+0000] {logging_mixin.py:188} INFO - [2024-02-21T19:52:28.232+0000] {dag.py:3036} INFO - Sync 1 DAGs
[2024-02-21T19:52:28.260+0000] {logging_mixin.py:188} INFO - [2024-02-21T19:52:28.260+0000] {dag.py:3823} INFO - Setting next_dagrun for example_branch_operator to 2024-02-20 00:00:00+00:00, run_after=2024-02-21 00:00:00+00:00
[2024-02-21T19:52:28.279+0000] {processor.py:183} INFO - Processing /home/airflow/.local/lib/python3.8/site-packages/airflow/example_dags/example_branch_operator.py took 0.106 seconds
[2024-02-21T19:52:58.455+0000] {processor.py:161} INFO - Started process (PID=394) to work on /home/airflow/.local/lib/python3.8/site-packages/airflow/example_dags/example_branch_operator.py
[2024-02-21T19:52:58.456+0000] {processor.py:830} INFO - Processing file /home/airflow/.local/lib/python3.8/site-packages/airflow/example_dags/example_branch_operator.py for tasks to queue
[2024-02-21T19:52:58.458+0000] {logging_mixin.py:188} INFO - [2024-02-21T19:52:58.457+0000] {dagbag.py:538} INFO - Filling up the DagBag from /home/airflow/.local/lib/python3.8/site-packages/airflow/example_dags/example_branch_operator.py
[2024-02-21T19:52:58.483+0000] {processor.py:840} INFO - DAG(s) 'example_branch_operator' retrieved from /home/airflow/.local/lib/python3.8/site-packages/airflow/example_dags/example_branch_operator.py
[2024-02-21T19:52:58.532+0000] {logging_mixin.py:188} INFO - [2024-02-21T19:52:58.531+0000] {dag.py:3036} INFO - Sync 1 DAGs
[2024-02-21T19:52:58.570+0000] {logging_mixin.py:188} INFO - [2024-02-21T19:52:58.570+0000] {dag.py:3823} INFO - Setting next_dagrun for example_branch_operator to 2024-02-20 00:00:00+00:00, run_after=2024-02-21 00:00:00+00:00
[2024-02-21T19:52:58.593+0000] {processor.py:183} INFO - Processing /home/airflow/.local/lib/python3.8/site-packages/airflow/example_dags/example_branch_operator.py took 0.141 seconds
[2024-02-21T19:53:28.940+0000] {processor.py:161} INFO - Started process (PID=449) to work on /home/airflow/.local/lib/python3.8/site-packages/airflow/example_dags/example_branch_operator.py
[2024-02-21T19:53:28.973+0000] {processor.py:830} INFO - Processing file /home/airflow/.local/lib/python3.8/site-packages/airflow/example_dags/example_branch_operator.py for tasks to queue
[2024-02-21T19:53:28.975+0000] {logging_mixin.py:188} INFO - [2024-02-21T19:53:28.974+0000] {dagbag.py:538} INFO - Filling up the DagBag from /home/airflow/.local/lib/python3.8/site-packages/airflow/example_dags/example_branch_operator.py
[2024-02-21T19:53:28.991+0000] {processor.py:840} INFO - DAG(s) 'example_branch_operator' retrieved from /home/airflow/.local/lib/python3.8/site-packages/airflow/example_dags/example_branch_operator.py
[2024-02-21T19:53:29.017+0000] {logging_mixin.py:188} INFO - [2024-02-21T19:53:29.017+0000] {dag.py:3036} INFO - Sync 1 DAGs
[2024-02-21T19:53:29.041+0000] {logging_mixin.py:188} INFO - [2024-02-21T19:53:29.040+0000] {dag.py:3823} INFO - Setting next_dagrun for example_branch_operator to 2024-02-20 00:00:00+00:00, run_after=2024-02-21 00:00:00+00:00
[2024-02-21T19:53:29.063+0000] {processor.py:183} INFO - Processing /home/airflow/.local/lib/python3.8/site-packages/airflow/example_dags/example_branch_operator.py took 0.126 seconds
[2024-02-21T19:53:59.577+0000] {processor.py:161} INFO - Started process (PID=504) to work on /home/airflow/.local/lib/python3.8/site-packages/airflow/example_dags/example_branch_operator.py
[2024-02-21T19:53:59.579+0000] {processor.py:830} INFO - Processing file /home/airflow/.local/lib/python3.8/site-packages/airflow/example_dags/example_branch_operator.py for tasks to queue
[2024-02-21T19:53:59.581+0000] {logging_mixin.py:188} INFO - [2024-02-21T19:53:59.581+0000] {dagbag.py:538} INFO - Filling up the DagBag from /home/airflow/.local/lib/python3.8/site-packages/airflow/example_dags/example_branch_operator.py
[2024-02-21T19:53:59.604+0000] {processor.py:840} INFO - DAG(s) 'example_branch_operator' retrieved from /home/airflow/.local/lib/python3.8/site-packages/airflow/example_dags/example_branch_operator.py
[2024-02-21T19:53:59.646+0000] {logging_mixin.py:188} INFO - [2024-02-21T19:53:59.646+0000] {dag.py:3036} INFO - Sync 1 DAGs
[2024-02-21T19:53:59.694+0000] {logging_mixin.py:188} INFO - [2024-02-21T19:53:59.693+0000] {dag.py:3823} INFO - Setting next_dagrun for example_branch_operator to 2024-02-20 00:00:00+00:00, run_after=2024-02-21 00:00:00+00:00
[2024-02-21T19:53:59.742+0000] {processor.py:183} INFO - Processing /home/airflow/.local/lib/python3.8/site-packages/airflow/example_dags/example_branch_operator.py took 0.170 seconds
[2024-02-21T19:54:29.858+0000] {processor.py:161} INFO - Started process (PID=559) to work on /home/airflow/.local/lib/python3.8/site-packages/airflow/example_dags/example_branch_operator.py
[2024-02-21T19:54:29.859+0000] {processor.py:830} INFO - Processing file /home/airflow/.local/lib/python3.8/site-packages/airflow/example_dags/example_branch_operator.py for tasks to queue
[2024-02-21T19:54:29.862+0000] {logging_mixin.py:188} INFO - [2024-02-21T19:54:29.861+0000] {dagbag.py:538} INFO - Filling up the DagBag from /home/airflow/.local/lib/python3.8/site-packages/airflow/example_dags/example_branch_operator.py
[2024-02-21T19:54:29.878+0000] {processor.py:840} INFO - DAG(s) 'example_branch_operator' retrieved from /home/airflow/.local/lib/python3.8/site-packages/airflow/example_dags/example_branch_operator.py
[2024-02-21T19:54:29.905+0000] {logging_mixin.py:188} INFO - [2024-02-21T19:54:29.905+0000] {dag.py:3036} INFO - Sync 1 DAGs
[2024-02-21T19:54:29.934+0000] {logging_mixin.py:188} INFO - [2024-02-21T19:54:29.933+0000] {dag.py:3823} INFO - Setting next_dagrun for example_branch_operator to 2024-02-20 00:00:00+00:00, run_after=2024-02-21 00:00:00+00:00
[2024-02-21T19:54:29.953+0000] {processor.py:183} INFO - Processing /home/airflow/.local/lib/python3.8/site-packages/airflow/example_dags/example_branch_operator.py took 0.098 seconds
[2024-02-21T19:55:00.221+0000] {processor.py:161} INFO - Started process (PID=614) to work on /home/airflow/.local/lib/python3.8/site-packages/airflow/example_dags/example_branch_operator.py
[2024-02-21T19:55:00.223+0000] {processor.py:830} INFO - Processing file /home/airflow/.local/lib/python3.8/site-packages/airflow/example_dags/example_branch_operator.py for tasks to queue
[2024-02-21T19:55:00.225+0000] {logging_mixin.py:188} INFO - [2024-02-21T19:55:00.224+0000] {dagbag.py:538} INFO - Filling up the DagBag from /home/airflow/.local/lib/python3.8/site-packages/airflow/example_dags/example_branch_operator.py
[2024-02-21T19:55:00.246+0000] {processor.py:840} INFO - DAG(s) 'example_branch_operator' retrieved from /home/airflow/.local/lib/python3.8/site-packages/airflow/example_dags/example_branch_operator.py
[2024-02-21T19:55:00.273+0000] {logging_mixin.py:188} INFO - [2024-02-21T19:55:00.273+0000] {dag.py:3036} INFO - Sync 1 DAGs
[2024-02-21T19:55:00.302+0000] {logging_mixin.py:188} INFO - [2024-02-21T19:55:00.302+0000] {dag.py:3823} INFO - Setting next_dagrun for example_branch_operator to 2024-02-20 00:00:00+00:00, run_after=2024-02-21 00:00:00+00:00
[2024-02-21T19:55:00.326+0000] {processor.py:183} INFO - Processing /home/airflow/.local/lib/python3.8/site-packages/airflow/example_dags/example_branch_operator.py took 0.108 seconds
[2024-02-21T19:55:30.810+0000] {processor.py:161} INFO - Started process (PID=669) to work on /home/airflow/.local/lib/python3.8/site-packages/airflow/example_dags/example_branch_operator.py
[2024-02-21T19:55:30.811+0000] {processor.py:830} INFO - Processing file /home/airflow/.local/lib/python3.8/site-packages/airflow/example_dags/example_branch_operator.py for tasks to queue
[2024-02-21T19:55:30.812+0000] {logging_mixin.py:188} INFO - [2024-02-21T19:55:30.812+0000] {dagbag.py:538} INFO - Filling up the DagBag from /home/airflow/.local/lib/python3.8/site-packages/airflow/example_dags/example_branch_operator.py
[2024-02-21T19:55:30.828+0000] {processor.py:840} INFO - DAG(s) 'example_branch_operator' retrieved from /home/airflow/.local/lib/python3.8/site-packages/airflow/example_dags/example_branch_operator.py
[2024-02-21T19:55:30.854+0000] {logging_mixin.py:188} INFO - [2024-02-21T19:55:30.854+0000] {dag.py:3036} INFO - Sync 1 DAGs
[2024-02-21T19:55:30.876+0000] {logging_mixin.py:188} INFO - [2024-02-21T19:55:30.875+0000] {dag.py:3823} INFO - Setting next_dagrun for example_branch_operator to 2024-02-20 00:00:00+00:00, run_after=2024-02-21 00:00:00+00:00
[2024-02-21T19:55:30.898+0000] {processor.py:183} INFO - Processing /home/airflow/.local/lib/python3.8/site-packages/airflow/example_dags/example_branch_operator.py took 0.091 seconds
[2024-02-21T19:56:01.120+0000] {processor.py:161} INFO - Started process (PID=724) to work on /home/airflow/.local/lib/python3.8/site-packages/airflow/example_dags/example_branch_operator.py
[2024-02-21T19:56:01.121+0000] {processor.py:830} INFO - Processing file /home/airflow/.local/lib/python3.8/site-packages/airflow/example_dags/example_branch_operator.py for tasks to queue
[2024-02-21T19:56:01.123+0000] {logging_mixin.py:188} INFO - [2024-02-21T19:56:01.123+0000] {dagbag.py:538} INFO - Filling up the DagBag from /home/airflow/.local/lib/python3.8/site-packages/airflow/example_dags/example_branch_operator.py
[2024-02-21T19:56:01.145+0000] {processor.py:840} INFO - DAG(s) 'example_branch_operator' retrieved from /home/airflow/.local/lib/python3.8/site-packages/airflow/example_dags/example_branch_operator.py
[2024-02-21T19:56:01.170+0000] {logging_mixin.py:188} INFO - [2024-02-21T19:56:01.170+0000] {dag.py:3036} INFO - Sync 1 DAGs
[2024-02-21T19:56:01.195+0000] {logging_mixin.py:188} INFO - [2024-02-21T19:56:01.195+0000] {dag.py:3823} INFO - Setting next_dagrun for example_branch_operator to 2024-02-20 00:00:00+00:00, run_after=2024-02-21 00:00:00+00:00
[2024-02-21T19:56:01.216+0000] {processor.py:183} INFO - Processing /home/airflow/.local/lib/python3.8/site-packages/airflow/example_dags/example_branch_operator.py took 0.099 seconds
[2024-02-21T19:56:31.275+0000] {processor.py:161} INFO - Started process (PID=779) to work on /home/airflow/.local/lib/python3.8/site-packages/airflow/example_dags/example_branch_operator.py
[2024-02-21T19:56:31.276+0000] {processor.py:830} INFO - Processing file /home/airflow/.local/lib/python3.8/site-packages/airflow/example_dags/example_branch_operator.py for tasks to queue
[2024-02-21T19:56:31.278+0000] {logging_mixin.py:188} INFO - [2024-02-21T19:56:31.278+0000] {dagbag.py:538} INFO - Filling up the DagBag from /home/airflow/.local/lib/python3.8/site-packages/airflow/example_dags/example_branch_operator.py
[2024-02-21T19:56:31.295+0000] {processor.py:840} INFO - DAG(s) 'example_branch_operator' retrieved from /home/airflow/.local/lib/python3.8/site-packages/airflow/example_dags/example_branch_operator.py
[2024-02-21T19:56:31.320+0000] {logging_mixin.py:188} INFO - [2024-02-21T19:56:31.320+0000] {dag.py:3036} INFO - Sync 1 DAGs
[2024-02-21T19:56:31.343+0000] {logging_mixin.py:188} INFO - [2024-02-21T19:56:31.343+0000] {dag.py:3823} INFO - Setting next_dagrun for example_branch_operator to 2024-02-20 00:00:00+00:00, run_after=2024-02-21 00:00:00+00:00
[2024-02-21T19:56:31.365+0000] {processor.py:183} INFO - Processing /home/airflow/.local/lib/python3.8/site-packages/airflow/example_dags/example_branch_operator.py took 0.092 seconds
[2024-02-21T19:57:01.534+0000] {processor.py:161} INFO - Started process (PID=834) to work on /home/airflow/.local/lib/python3.8/site-packages/airflow/example_dags/example_branch_operator.py
[2024-02-21T19:57:01.535+0000] {processor.py:830} INFO - Processing file /home/airflow/.local/lib/python3.8/site-packages/airflow/example_dags/example_branch_operator.py for tasks to queue
[2024-02-21T19:57:01.538+0000] {logging_mixin.py:188} INFO - [2024-02-21T19:57:01.537+0000] {dagbag.py:538} INFO - Filling up the DagBag from /home/airflow/.local/lib/python3.8/site-packages/airflow/example_dags/example_branch_operator.py
[2024-02-21T19:57:01.563+0000] {processor.py:840} INFO - DAG(s) 'example_branch_operator' retrieved from /home/airflow/.local/lib/python3.8/site-packages/airflow/example_dags/example_branch_operator.py
[2024-02-21T19:57:01.604+0000] {logging_mixin.py:188} INFO - [2024-02-21T19:57:01.604+0000] {dag.py:3036} INFO - Sync 1 DAGs
[2024-02-21T19:57:01.634+0000] {logging_mixin.py:188} INFO - [2024-02-21T19:57:01.634+0000] {dag.py:3823} INFO - Setting next_dagrun for example_branch_operator to 2024-02-20 00:00:00+00:00, run_after=2024-02-21 00:00:00+00:00
[2024-02-21T19:57:01.664+0000] {processor.py:183} INFO - Processing /home/airflow/.local/lib/python3.8/site-packages/airflow/example_dags/example_branch_operator.py took 0.135 seconds
[2024-02-21T19:57:31.798+0000] {processor.py:161} INFO - Started process (PID=889) to work on /home/airflow/.local/lib/python3.8/site-packages/airflow/example_dags/example_branch_operator.py
[2024-02-21T19:57:31.799+0000] {processor.py:830} INFO - Processing file /home/airflow/.local/lib/python3.8/site-packages/airflow/example_dags/example_branch_operator.py for tasks to queue
[2024-02-21T19:57:31.802+0000] {logging_mixin.py:188} INFO - [2024-02-21T19:57:31.801+0000] {dagbag.py:538} INFO - Filling up the DagBag from /home/airflow/.local/lib/python3.8/site-packages/airflow/example_dags/example_branch_operator.py
[2024-02-21T19:57:31.821+0000] {processor.py:840} INFO - DAG(s) 'example_branch_operator' retrieved from /home/airflow/.local/lib/python3.8/site-packages/airflow/example_dags/example_branch_operator.py
[2024-02-21T19:57:31.852+0000] {logging_mixin.py:188} INFO - [2024-02-21T19:57:31.852+0000] {dag.py:3036} INFO - Sync 1 DAGs
[2024-02-21T19:57:31.883+0000] {logging_mixin.py:188} INFO - [2024-02-21T19:57:31.882+0000] {dag.py:3823} INFO - Setting next_dagrun for example_branch_operator to 2024-02-20 00:00:00+00:00, run_after=2024-02-21 00:00:00+00:00
[2024-02-21T19:57:31.912+0000] {processor.py:183} INFO - Processing /home/airflow/.local/lib/python3.8/site-packages/airflow/example_dags/example_branch_operator.py took 0.118 seconds
[2024-02-21T19:58:02.252+0000] {processor.py:161} INFO - Started process (PID=944) to work on /home/airflow/.local/lib/python3.8/site-packages/airflow/example_dags/example_branch_operator.py
[2024-02-21T19:58:02.253+0000] {processor.py:830} INFO - Processing file /home/airflow/.local/lib/python3.8/site-packages/airflow/example_dags/example_branch_operator.py for tasks to queue
[2024-02-21T19:58:02.255+0000] {logging_mixin.py:188} INFO - [2024-02-21T19:58:02.254+0000] {dagbag.py:538} INFO - Filling up the DagBag from /home/airflow/.local/lib/python3.8/site-packages/airflow/example_dags/example_branch_operator.py
[2024-02-21T19:58:02.276+0000] {processor.py:840} INFO - DAG(s) 'example_branch_operator' retrieved from /home/airflow/.local/lib/python3.8/site-packages/airflow/example_dags/example_branch_operator.py
[2024-02-21T19:58:02.312+0000] {logging_mixin.py:188} INFO - [2024-02-21T19:58:02.312+0000] {dag.py:3036} INFO - Sync 1 DAGs
[2024-02-21T19:58:02.349+0000] {logging_mixin.py:188} INFO - [2024-02-21T19:58:02.349+0000] {dag.py:3823} INFO - Setting next_dagrun for example_branch_operator to 2024-02-20 00:00:00+00:00, run_after=2024-02-21 00:00:00+00:00
[2024-02-21T19:58:02.378+0000] {processor.py:183} INFO - Processing /home/airflow/.local/lib/python3.8/site-packages/airflow/example_dags/example_branch_operator.py took 0.130 seconds
[2024-02-21T19:58:32.744+0000] {processor.py:161} INFO - Started process (PID=999) to work on /home/airflow/.local/lib/python3.8/site-packages/airflow/example_dags/example_branch_operator.py
[2024-02-21T19:58:32.746+0000] {processor.py:830} INFO - Processing file /home/airflow/.local/lib/python3.8/site-packages/airflow/example_dags/example_branch_operator.py for tasks to queue
[2024-02-21T19:58:32.748+0000] {logging_mixin.py:188} INFO - [2024-02-21T19:58:32.748+0000] {dagbag.py:538} INFO - Filling up the DagBag from /home/airflow/.local/lib/python3.8/site-packages/airflow/example_dags/example_branch_operator.py
[2024-02-21T19:58:32.767+0000] {processor.py:840} INFO - DAG(s) 'example_branch_operator' retrieved from /home/airflow/.local/lib/python3.8/site-packages/airflow/example_dags/example_branch_operator.py
[2024-02-21T19:58:32.800+0000] {logging_mixin.py:188} INFO - [2024-02-21T19:58:32.800+0000] {dag.py:3036} INFO - Sync 1 DAGs
[2024-02-21T19:58:32.829+0000] {logging_mixin.py:188} INFO - [2024-02-21T19:58:32.828+0000] {dag.py:3823} INFO - Setting next_dagrun for example_branch_operator to 2024-02-20 00:00:00+00:00, run_after=2024-02-21 00:00:00+00:00
[2024-02-21T19:58:32.854+0000] {processor.py:183} INFO - Processing /home/airflow/.local/lib/python3.8/site-packages/airflow/example_dags/example_branch_operator.py took 0.113 seconds
[2024-02-21T19:59:03.126+0000] {processor.py:161} INFO - Started process (PID=1054) to work on /home/airflow/.local/lib/python3.8/site-packages/airflow/example_dags/example_branch_operator.py
[2024-02-21T19:59:03.127+0000] {processor.py:830} INFO - Processing file /home/airflow/.local/lib/python3.8/site-packages/airflow/example_dags/example_branch_operator.py for tasks to queue
[2024-02-21T19:59:03.130+0000] {logging_mixin.py:188} INFO - [2024-02-21T19:59:03.129+0000] {dagbag.py:538} INFO - Filling up the DagBag from /home/airflow/.local/lib/python3.8/site-packages/airflow/example_dags/example_branch_operator.py
[2024-02-21T19:59:03.147+0000] {processor.py:840} INFO - DAG(s) 'example_branch_operator' retrieved from /home/airflow/.local/lib/python3.8/site-packages/airflow/example_dags/example_branch_operator.py
[2024-02-21T19:59:03.178+0000] {logging_mixin.py:188} INFO - [2024-02-21T19:59:03.178+0000] {dag.py:3036} INFO - Sync 1 DAGs
[2024-02-21T19:59:03.203+0000] {logging_mixin.py:188} INFO - [2024-02-21T19:59:03.203+0000] {dag.py:3823} INFO - Setting next_dagrun for example_branch_operator to 2024-02-20 00:00:00+00:00, run_after=2024-02-21 00:00:00+00:00
[2024-02-21T19:59:03.224+0000] {processor.py:183} INFO - Processing /home/airflow/.local/lib/python3.8/site-packages/airflow/example_dags/example_branch_operator.py took 0.101 seconds
[2024-02-21T19:59:33.602+0000] {processor.py:161} INFO - Started process (PID=1109) to work on /home/airflow/.local/lib/python3.8/site-packages/airflow/example_dags/example_branch_operator.py
[2024-02-21T19:59:33.604+0000] {processor.py:830} INFO - Processing file /home/airflow/.local/lib/python3.8/site-packages/airflow/example_dags/example_branch_operator.py for tasks to queue
[2024-02-21T19:59:33.608+0000] {logging_mixin.py:188} INFO - [2024-02-21T19:59:33.607+0000] {dagbag.py:538} INFO - Filling up the DagBag from /home/airflow/.local/lib/python3.8/site-packages/airflow/example_dags/example_branch_operator.py
[2024-02-21T19:59:33.633+0000] {processor.py:840} INFO - DAG(s) 'example_branch_operator' retrieved from /home/airflow/.local/lib/python3.8/site-packages/airflow/example_dags/example_branch_operator.py
[2024-02-21T19:59:33.661+0000] {logging_mixin.py:188} INFO - [2024-02-21T19:59:33.661+0000] {dag.py:3036} INFO - Sync 1 DAGs
[2024-02-21T19:59:33.693+0000] {logging_mixin.py:188} INFO - [2024-02-21T19:59:33.693+0000] {dag.py:3823} INFO - Setting next_dagrun for example_branch_operator to 2024-02-20 00:00:00+00:00, run_after=2024-02-21 00:00:00+00:00
[2024-02-21T19:59:33.714+0000] {processor.py:183} INFO - Processing /home/airflow/.local/lib/python3.8/site-packages/airflow/example_dags/example_branch_operator.py took 0.116 seconds
[2024-02-21T20:00:04.173+0000] {processor.py:161} INFO - Started process (PID=1164) to work on /home/airflow/.local/lib/python3.8/site-packages/airflow/example_dags/example_branch_operator.py
[2024-02-21T20:00:04.174+0000] {processor.py:830} INFO - Processing file /home/airflow/.local/lib/python3.8/site-packages/airflow/example_dags/example_branch_operator.py for tasks to queue
[2024-02-21T20:00:04.176+0000] {logging_mixin.py:188} INFO - [2024-02-21T20:00:04.176+0000] {dagbag.py:538} INFO - Filling up the DagBag from /home/airflow/.local/lib/python3.8/site-packages/airflow/example_dags/example_branch_operator.py
[2024-02-21T20:00:04.194+0000] {processor.py:840} INFO - DAG(s) 'example_branch_operator' retrieved from /home/airflow/.local/lib/python3.8/site-packages/airflow/example_dags/example_branch_operator.py
[2024-02-21T20:00:04.221+0000] {logging_mixin.py:188} INFO - [2024-02-21T20:00:04.221+0000] {dag.py:3036} INFO - Sync 1 DAGs
[2024-02-21T20:00:04.246+0000] {logging_mixin.py:188} INFO - [2024-02-21T20:00:04.246+0000] {dag.py:3823} INFO - Setting next_dagrun for example_branch_operator to 2024-02-20 00:00:00+00:00, run_after=2024-02-21 00:00:00+00:00
[2024-02-21T20:00:04.272+0000] {processor.py:183} INFO - Processing /home/airflow/.local/lib/python3.8/site-packages/airflow/example_dags/example_branch_operator.py took 0.101 seconds
[2024-02-21T20:00:34.601+0000] {processor.py:161} INFO - Started process (PID=1219) to work on /home/airflow/.local/lib/python3.8/site-packages/airflow/example_dags/example_branch_operator.py
[2024-02-21T20:00:34.602+0000] {processor.py:830} INFO - Processing file /home/airflow/.local/lib/python3.8/site-packages/airflow/example_dags/example_branch_operator.py for tasks to queue
[2024-02-21T20:00:34.603+0000] {logging_mixin.py:188} INFO - [2024-02-21T20:00:34.603+0000] {dagbag.py:538} INFO - Filling up the DagBag from /home/airflow/.local/lib/python3.8/site-packages/airflow/example_dags/example_branch_operator.py
[2024-02-21T20:00:34.622+0000] {processor.py:840} INFO - DAG(s) 'example_branch_operator' retrieved from /home/airflow/.local/lib/python3.8/site-packages/airflow/example_dags/example_branch_operator.py
[2024-02-21T20:00:34.646+0000] {logging_mixin.py:188} INFO - [2024-02-21T20:00:34.646+0000] {dag.py:3036} INFO - Sync 1 DAGs
[2024-02-21T20:00:34.672+0000] {logging_mixin.py:188} INFO - [2024-02-21T20:00:34.672+0000] {dag.py:3823} INFO - Setting next_dagrun for example_branch_operator to 2024-02-20 00:00:00+00:00, run_after=2024-02-21 00:00:00+00:00
[2024-02-21T20:00:34.699+0000] {processor.py:183} INFO - Processing /home/airflow/.local/lib/python3.8/site-packages/airflow/example_dags/example_branch_operator.py took 0.101 seconds
[2024-02-21T20:01:04.976+0000] {processor.py:161} INFO - Started process (PID=1274) to work on /home/airflow/.local/lib/python3.8/site-packages/airflow/example_dags/example_branch_operator.py
[2024-02-21T20:01:04.977+0000] {processor.py:830} INFO - Processing file /home/airflow/.local/lib/python3.8/site-packages/airflow/example_dags/example_branch_operator.py for tasks to queue
[2024-02-21T20:01:04.980+0000] {logging_mixin.py:188} INFO - [2024-02-21T20:01:04.980+0000] {dagbag.py:538} INFO - Filling up the DagBag from /home/airflow/.local/lib/python3.8/site-packages/airflow/example_dags/example_branch_operator.py
[2024-02-21T20:01:04.998+0000] {processor.py:840} INFO - DAG(s) 'example_branch_operator' retrieved from /home/airflow/.local/lib/python3.8/site-packages/airflow/example_dags/example_branch_operator.py
[2024-02-21T20:01:05.025+0000] {logging_mixin.py:188} INFO - [2024-02-21T20:01:05.025+0000] {dag.py:3036} INFO - Sync 1 DAGs
[2024-02-21T20:01:05.048+0000] {logging_mixin.py:188} INFO - [2024-02-21T20:01:05.048+0000] {dag.py:3823} INFO - Setting next_dagrun for example_branch_operator to 2024-02-20 00:00:00+00:00, run_after=2024-02-21 00:00:00+00:00
[2024-02-21T20:01:05.067+0000] {processor.py:183} INFO - Processing /home/airflow/.local/lib/python3.8/site-packages/airflow/example_dags/example_branch_operator.py took 0.094 seconds
[2024-02-21T20:01:35.358+0000] {processor.py:161} INFO - Started process (PID=1329) to work on /home/airflow/.local/lib/python3.8/site-packages/airflow/example_dags/example_branch_operator.py
[2024-02-21T20:01:35.359+0000] {processor.py:830} INFO - Processing file /home/airflow/.local/lib/python3.8/site-packages/airflow/example_dags/example_branch_operator.py for tasks to queue
[2024-02-21T20:01:35.361+0000] {logging_mixin.py:188} INFO - [2024-02-21T20:01:35.361+0000] {dagbag.py:538} INFO - Filling up the DagBag from /home/airflow/.local/lib/python3.8/site-packages/airflow/example_dags/example_branch_operator.py
[2024-02-21T20:01:35.380+0000] {processor.py:840} INFO - DAG(s) 'example_branch_operator' retrieved from /home/airflow/.local/lib/python3.8/site-packages/airflow/example_dags/example_branch_operator.py
[2024-02-21T20:01:35.406+0000] {logging_mixin.py:188} INFO - [2024-02-21T20:01:35.406+0000] {dag.py:3036} INFO - Sync 1 DAGs
[2024-02-21T20:01:35.439+0000] {logging_mixin.py:188} INFO - [2024-02-21T20:01:35.439+0000] {dag.py:3823} INFO - Setting next_dagrun for example_branch_operator to 2024-02-20 00:00:00+00:00, run_after=2024-02-21 00:00:00+00:00
[2024-02-21T20:01:35.468+0000] {processor.py:183} INFO - Processing /home/airflow/.local/lib/python3.8/site-packages/airflow/example_dags/example_branch_operator.py took 0.112 seconds
[2024-02-21T20:02:05.592+0000] {processor.py:161} INFO - Started process (PID=1384) to work on /home/airflow/.local/lib/python3.8/site-packages/airflow/example_dags/example_branch_operator.py
[2024-02-21T20:02:05.593+0000] {processor.py:830} INFO - Processing file /home/airflow/.local/lib/python3.8/site-packages/airflow/example_dags/example_branch_operator.py for tasks to queue
[2024-02-21T20:02:05.594+0000] {logging_mixin.py:188} INFO - [2024-02-21T20:02:05.594+0000] {dagbag.py:538} INFO - Filling up the DagBag from /home/airflow/.local/lib/python3.8/site-packages/airflow/example_dags/example_branch_operator.py
[2024-02-21T20:02:05.611+0000] {processor.py:840} INFO - DAG(s) 'example_branch_operator' retrieved from /home/airflow/.local/lib/python3.8/site-packages/airflow/example_dags/example_branch_operator.py
[2024-02-21T20:02:05.638+0000] {logging_mixin.py:188} INFO - [2024-02-21T20:02:05.638+0000] {dag.py:3036} INFO - Sync 1 DAGs
[2024-02-21T20:02:05.662+0000] {logging_mixin.py:188} INFO - [2024-02-21T20:02:05.661+0000] {dag.py:3823} INFO - Setting next_dagrun for example_branch_operator to 2024-02-20 00:00:00+00:00, run_after=2024-02-21 00:00:00+00:00
[2024-02-21T20:02:05.684+0000] {processor.py:183} INFO - Processing /home/airflow/.local/lib/python3.8/site-packages/airflow/example_dags/example_branch_operator.py took 0.095 seconds
