[2024-02-21T19:49:50.732+0000] {processor.py:161} INFO - Started process (PID=53) to work on /home/airflow/.local/lib/python3.8/site-packages/airflow/example_dags/example_branch_python_dop_operator_3.py
[2024-02-21T19:49:50.734+0000] {processor.py:830} INFO - Processing file /home/airflow/.local/lib/python3.8/site-packages/airflow/example_dags/example_branch_python_dop_operator_3.py for tasks to queue
[2024-02-21T19:49:50.738+0000] {logging_mixin.py:188} INFO - [2024-02-21T19:49:50.738+0000] {dagbag.py:538} INFO - Filling up the DagBag from /home/airflow/.local/lib/python3.8/site-packages/airflow/example_dags/example_branch_python_dop_operator_3.py
[2024-02-21T19:49:50.853+0000] {processor.py:840} INFO - DAG(s) 'example_branch_dop_operator_v3' retrieved from /home/airflow/.local/lib/python3.8/site-packages/airflow/example_dags/example_branch_python_dop_operator_3.py
[2024-02-21T19:49:51.037+0000] {logging_mixin.py:188} INFO - [2024-02-21T19:49:51.037+0000] {dag.py:3036} INFO - Sync 1 DAGs
[2024-02-21T19:49:51.060+0000] {logging_mixin.py:188} INFO - [2024-02-21T19:49:51.060+0000] {dag.py:3823} INFO - Setting next_dagrun for example_branch_dop_operator_v3 to 2024-02-21 19:48:00+00:00, run_after=2024-02-21 19:49:00+00:00
[2024-02-21T19:49:51.082+0000] {processor.py:183} INFO - Processing /home/airflow/.local/lib/python3.8/site-packages/airflow/example_dags/example_branch_python_dop_operator_3.py took 0.354 seconds
[2024-02-21T19:50:21.213+0000] {processor.py:161} INFO - Started process (PID=108) to work on /home/airflow/.local/lib/python3.8/site-packages/airflow/example_dags/example_branch_python_dop_operator_3.py
[2024-02-21T19:50:21.214+0000] {processor.py:830} INFO - Processing file /home/airflow/.local/lib/python3.8/site-packages/airflow/example_dags/example_branch_python_dop_operator_3.py for tasks to queue
[2024-02-21T19:50:21.216+0000] {logging_mixin.py:188} INFO - [2024-02-21T19:50:21.216+0000] {dagbag.py:538} INFO - Filling up the DagBag from /home/airflow/.local/lib/python3.8/site-packages/airflow/example_dags/example_branch_python_dop_operator_3.py
[2024-02-21T19:50:21.225+0000] {processor.py:840} INFO - DAG(s) 'example_branch_dop_operator_v3' retrieved from /home/airflow/.local/lib/python3.8/site-packages/airflow/example_dags/example_branch_python_dop_operator_3.py
[2024-02-21T19:50:21.245+0000] {logging_mixin.py:188} INFO - [2024-02-21T19:50:21.245+0000] {dag.py:3036} INFO - Sync 1 DAGs
[2024-02-21T19:50:21.285+0000] {logging_mixin.py:188} INFO - [2024-02-21T19:50:21.285+0000] {dag.py:3823} INFO - Setting next_dagrun for example_branch_dop_operator_v3 to 2024-02-21 19:49:00+00:00, run_after=2024-02-21 19:50:00+00:00
[2024-02-21T19:50:21.307+0000] {processor.py:183} INFO - Processing /home/airflow/.local/lib/python3.8/site-packages/airflow/example_dags/example_branch_python_dop_operator_3.py took 0.097 seconds
[2024-02-21T19:50:51.567+0000] {processor.py:161} INFO - Started process (PID=163) to work on /home/airflow/.local/lib/python3.8/site-packages/airflow/example_dags/example_branch_python_dop_operator_3.py
[2024-02-21T19:50:51.568+0000] {processor.py:830} INFO - Processing file /home/airflow/.local/lib/python3.8/site-packages/airflow/example_dags/example_branch_python_dop_operator_3.py for tasks to queue
[2024-02-21T19:50:51.571+0000] {logging_mixin.py:188} INFO - [2024-02-21T19:50:51.571+0000] {dagbag.py:538} INFO - Filling up the DagBag from /home/airflow/.local/lib/python3.8/site-packages/airflow/example_dags/example_branch_python_dop_operator_3.py
[2024-02-21T19:50:51.587+0000] {processor.py:840} INFO - DAG(s) 'example_branch_dop_operator_v3' retrieved from /home/airflow/.local/lib/python3.8/site-packages/airflow/example_dags/example_branch_python_dop_operator_3.py
[2024-02-21T19:50:51.620+0000] {logging_mixin.py:188} INFO - [2024-02-21T19:50:51.620+0000] {dag.py:3036} INFO - Sync 1 DAGs
[2024-02-21T19:50:51.649+0000] {logging_mixin.py:188} INFO - [2024-02-21T19:50:51.649+0000] {dag.py:3823} INFO - Setting next_dagrun for example_branch_dop_operator_v3 to 2024-02-21 19:49:00+00:00, run_after=2024-02-21 19:50:00+00:00
[2024-02-21T19:50:51.666+0000] {processor.py:183} INFO - Processing /home/airflow/.local/lib/python3.8/site-packages/airflow/example_dags/example_branch_python_dop_operator_3.py took 0.104 seconds
[2024-02-21T19:51:21.883+0000] {processor.py:161} INFO - Started process (PID=218) to work on /home/airflow/.local/lib/python3.8/site-packages/airflow/example_dags/example_branch_python_dop_operator_3.py
[2024-02-21T19:51:21.884+0000] {processor.py:830} INFO - Processing file /home/airflow/.local/lib/python3.8/site-packages/airflow/example_dags/example_branch_python_dop_operator_3.py for tasks to queue
[2024-02-21T19:51:21.886+0000] {logging_mixin.py:188} INFO - [2024-02-21T19:51:21.886+0000] {dagbag.py:538} INFO - Filling up the DagBag from /home/airflow/.local/lib/python3.8/site-packages/airflow/example_dags/example_branch_python_dop_operator_3.py
[2024-02-21T19:51:21.896+0000] {processor.py:840} INFO - DAG(s) 'example_branch_dop_operator_v3' retrieved from /home/airflow/.local/lib/python3.8/site-packages/airflow/example_dags/example_branch_python_dop_operator_3.py
[2024-02-21T19:51:21.916+0000] {logging_mixin.py:188} INFO - [2024-02-21T19:51:21.916+0000] {dag.py:3036} INFO - Sync 1 DAGs
[2024-02-21T19:51:21.945+0000] {logging_mixin.py:188} INFO - [2024-02-21T19:51:21.944+0000] {dag.py:3823} INFO - Setting next_dagrun for example_branch_dop_operator_v3 to 2024-02-21 19:50:00+00:00, run_after=2024-02-21 19:51:00+00:00
[2024-02-21T19:51:21.969+0000] {processor.py:183} INFO - Processing /home/airflow/.local/lib/python3.8/site-packages/airflow/example_dags/example_branch_python_dop_operator_3.py took 0.090 seconds
[2024-02-21T19:51:52.419+0000] {processor.py:161} INFO - Started process (PID=273) to work on /home/airflow/.local/lib/python3.8/site-packages/airflow/example_dags/example_branch_python_dop_operator_3.py
[2024-02-21T19:51:52.467+0000] {processor.py:830} INFO - Processing file /home/airflow/.local/lib/python3.8/site-packages/airflow/example_dags/example_branch_python_dop_operator_3.py for tasks to queue
[2024-02-21T19:51:52.469+0000] {logging_mixin.py:188} INFO - [2024-02-21T19:51:52.468+0000] {dagbag.py:538} INFO - Filling up the DagBag from /home/airflow/.local/lib/python3.8/site-packages/airflow/example_dags/example_branch_python_dop_operator_3.py
[2024-02-21T19:51:52.477+0000] {processor.py:840} INFO - DAG(s) 'example_branch_dop_operator_v3' retrieved from /home/airflow/.local/lib/python3.8/site-packages/airflow/example_dags/example_branch_python_dop_operator_3.py
[2024-02-21T19:51:52.496+0000] {logging_mixin.py:188} INFO - [2024-02-21T19:51:52.496+0000] {dag.py:3036} INFO - Sync 1 DAGs
[2024-02-21T19:51:52.520+0000] {logging_mixin.py:188} INFO - [2024-02-21T19:51:52.520+0000] {dag.py:3823} INFO - Setting next_dagrun for example_branch_dop_operator_v3 to 2024-02-21 19:50:00+00:00, run_after=2024-02-21 19:51:00+00:00
[2024-02-21T19:51:52.538+0000] {processor.py:183} INFO - Processing /home/airflow/.local/lib/python3.8/site-packages/airflow/example_dags/example_branch_python_dop_operator_3.py took 0.121 seconds
[2024-02-21T19:52:22.629+0000] {processor.py:161} INFO - Started process (PID=328) to work on /home/airflow/.local/lib/python3.8/site-packages/airflow/example_dags/example_branch_python_dop_operator_3.py
[2024-02-21T19:52:22.630+0000] {processor.py:830} INFO - Processing file /home/airflow/.local/lib/python3.8/site-packages/airflow/example_dags/example_branch_python_dop_operator_3.py for tasks to queue
[2024-02-21T19:52:22.632+0000] {logging_mixin.py:188} INFO - [2024-02-21T19:52:22.631+0000] {dagbag.py:538} INFO - Filling up the DagBag from /home/airflow/.local/lib/python3.8/site-packages/airflow/example_dags/example_branch_python_dop_operator_3.py
[2024-02-21T19:52:22.640+0000] {processor.py:840} INFO - DAG(s) 'example_branch_dop_operator_v3' retrieved from /home/airflow/.local/lib/python3.8/site-packages/airflow/example_dags/example_branch_python_dop_operator_3.py
[2024-02-21T19:52:22.659+0000] {logging_mixin.py:188} INFO - [2024-02-21T19:52:22.659+0000] {dag.py:3036} INFO - Sync 1 DAGs
[2024-02-21T19:52:22.683+0000] {logging_mixin.py:188} INFO - [2024-02-21T19:52:22.683+0000] {dag.py:3823} INFO - Setting next_dagrun for example_branch_dop_operator_v3 to 2024-02-21 19:51:00+00:00, run_after=2024-02-21 19:52:00+00:00
[2024-02-21T19:52:22.702+0000] {processor.py:183} INFO - Processing /home/airflow/.local/lib/python3.8/site-packages/airflow/example_dags/example_branch_python_dop_operator_3.py took 0.076 seconds
[2024-02-21T19:52:52.897+0000] {processor.py:161} INFO - Started process (PID=383) to work on /home/airflow/.local/lib/python3.8/site-packages/airflow/example_dags/example_branch_python_dop_operator_3.py
[2024-02-21T19:52:52.899+0000] {processor.py:830} INFO - Processing file /home/airflow/.local/lib/python3.8/site-packages/airflow/example_dags/example_branch_python_dop_operator_3.py for tasks to queue
[2024-02-21T19:52:52.901+0000] {logging_mixin.py:188} INFO - [2024-02-21T19:52:52.901+0000] {dagbag.py:538} INFO - Filling up the DagBag from /home/airflow/.local/lib/python3.8/site-packages/airflow/example_dags/example_branch_python_dop_operator_3.py
[2024-02-21T19:52:52.915+0000] {processor.py:840} INFO - DAG(s) 'example_branch_dop_operator_v3' retrieved from /home/airflow/.local/lib/python3.8/site-packages/airflow/example_dags/example_branch_python_dop_operator_3.py
[2024-02-21T19:52:52.942+0000] {logging_mixin.py:188} INFO - [2024-02-21T19:52:52.941+0000] {dag.py:3036} INFO - Sync 1 DAGs
[2024-02-21T19:52:52.977+0000] {logging_mixin.py:188} INFO - [2024-02-21T19:52:52.977+0000] {dag.py:3823} INFO - Setting next_dagrun for example_branch_dop_operator_v3 to 2024-02-21 19:51:00+00:00, run_after=2024-02-21 19:52:00+00:00
[2024-02-21T19:52:52.996+0000] {processor.py:183} INFO - Processing /home/airflow/.local/lib/python3.8/site-packages/airflow/example_dags/example_branch_python_dop_operator_3.py took 0.105 seconds
[2024-02-21T19:53:23.796+0000] {processor.py:161} INFO - Started process (PID=438) to work on /home/airflow/.local/lib/python3.8/site-packages/airflow/example_dags/example_branch_python_dop_operator_3.py
[2024-02-21T19:53:23.907+0000] {processor.py:830} INFO - Processing file /home/airflow/.local/lib/python3.8/site-packages/airflow/example_dags/example_branch_python_dop_operator_3.py for tasks to queue
[2024-02-21T19:53:23.912+0000] {logging_mixin.py:188} INFO - [2024-02-21T19:53:23.911+0000] {dagbag.py:538} INFO - Filling up the DagBag from /home/airflow/.local/lib/python3.8/site-packages/airflow/example_dags/example_branch_python_dop_operator_3.py
[2024-02-21T19:53:23.921+0000] {processor.py:840} INFO - DAG(s) 'example_branch_dop_operator_v3' retrieved from /home/airflow/.local/lib/python3.8/site-packages/airflow/example_dags/example_branch_python_dop_operator_3.py
[2024-02-21T19:53:23.948+0000] {logging_mixin.py:188} INFO - [2024-02-21T19:53:23.948+0000] {dag.py:3036} INFO - Sync 1 DAGs
[2024-02-21T19:53:24.020+0000] {logging_mixin.py:188} INFO - [2024-02-21T19:53:24.019+0000] {dag.py:3823} INFO - Setting next_dagrun for example_branch_dop_operator_v3 to 2024-02-21 19:52:00+00:00, run_after=2024-02-21 19:53:00+00:00
[2024-02-21T19:53:24.055+0000] {processor.py:183} INFO - Processing /home/airflow/.local/lib/python3.8/site-packages/airflow/example_dags/example_branch_python_dop_operator_3.py took 0.268 seconds
[2024-02-21T19:53:54.785+0000] {processor.py:161} INFO - Started process (PID=493) to work on /home/airflow/.local/lib/python3.8/site-packages/airflow/example_dags/example_branch_python_dop_operator_3.py
[2024-02-21T19:53:54.787+0000] {processor.py:830} INFO - Processing file /home/airflow/.local/lib/python3.8/site-packages/airflow/example_dags/example_branch_python_dop_operator_3.py for tasks to queue
[2024-02-21T19:53:54.788+0000] {logging_mixin.py:188} INFO - [2024-02-21T19:53:54.788+0000] {dagbag.py:538} INFO - Filling up the DagBag from /home/airflow/.local/lib/python3.8/site-packages/airflow/example_dags/example_branch_python_dop_operator_3.py
[2024-02-21T19:53:54.797+0000] {processor.py:840} INFO - DAG(s) 'example_branch_dop_operator_v3' retrieved from /home/airflow/.local/lib/python3.8/site-packages/airflow/example_dags/example_branch_python_dop_operator_3.py
[2024-02-21T19:53:54.816+0000] {logging_mixin.py:188} INFO - [2024-02-21T19:53:54.815+0000] {dag.py:3036} INFO - Sync 1 DAGs
[2024-02-21T19:53:54.843+0000] {logging_mixin.py:188} INFO - [2024-02-21T19:53:54.843+0000] {dag.py:3823} INFO - Setting next_dagrun for example_branch_dop_operator_v3 to 2024-02-21 19:52:00+00:00, run_after=2024-02-21 19:53:00+00:00
[2024-02-21T19:53:54.861+0000] {processor.py:183} INFO - Processing /home/airflow/.local/lib/python3.8/site-packages/airflow/example_dags/example_branch_python_dop_operator_3.py took 0.078 seconds
[2024-02-21T19:54:25.220+0000] {processor.py:161} INFO - Started process (PID=548) to work on /home/airflow/.local/lib/python3.8/site-packages/airflow/example_dags/example_branch_python_dop_operator_3.py
[2024-02-21T19:54:25.221+0000] {processor.py:830} INFO - Processing file /home/airflow/.local/lib/python3.8/site-packages/airflow/example_dags/example_branch_python_dop_operator_3.py for tasks to queue
[2024-02-21T19:54:25.224+0000] {logging_mixin.py:188} INFO - [2024-02-21T19:54:25.223+0000] {dagbag.py:538} INFO - Filling up the DagBag from /home/airflow/.local/lib/python3.8/site-packages/airflow/example_dags/example_branch_python_dop_operator_3.py
[2024-02-21T19:54:25.234+0000] {processor.py:840} INFO - DAG(s) 'example_branch_dop_operator_v3' retrieved from /home/airflow/.local/lib/python3.8/site-packages/airflow/example_dags/example_branch_python_dop_operator_3.py
[2024-02-21T19:54:25.262+0000] {logging_mixin.py:188} INFO - [2024-02-21T19:54:25.261+0000] {dag.py:3036} INFO - Sync 1 DAGs
[2024-02-21T19:54:25.306+0000] {logging_mixin.py:188} INFO - [2024-02-21T19:54:25.306+0000] {dag.py:3823} INFO - Setting next_dagrun for example_branch_dop_operator_v3 to 2024-02-21 19:53:00+00:00, run_after=2024-02-21 19:54:00+00:00
[2024-02-21T19:54:25.335+0000] {processor.py:183} INFO - Processing /home/airflow/.local/lib/python3.8/site-packages/airflow/example_dags/example_branch_python_dop_operator_3.py took 0.120 seconds
[2024-02-21T19:54:55.625+0000] {processor.py:161} INFO - Started process (PID=603) to work on /home/airflow/.local/lib/python3.8/site-packages/airflow/example_dags/example_branch_python_dop_operator_3.py
[2024-02-21T19:54:55.626+0000] {processor.py:830} INFO - Processing file /home/airflow/.local/lib/python3.8/site-packages/airflow/example_dags/example_branch_python_dop_operator_3.py for tasks to queue
[2024-02-21T19:54:55.628+0000] {logging_mixin.py:188} INFO - [2024-02-21T19:54:55.628+0000] {dagbag.py:538} INFO - Filling up the DagBag from /home/airflow/.local/lib/python3.8/site-packages/airflow/example_dags/example_branch_python_dop_operator_3.py
[2024-02-21T19:54:55.638+0000] {processor.py:840} INFO - DAG(s) 'example_branch_dop_operator_v3' retrieved from /home/airflow/.local/lib/python3.8/site-packages/airflow/example_dags/example_branch_python_dop_operator_3.py
[2024-02-21T19:54:55.662+0000] {logging_mixin.py:188} INFO - [2024-02-21T19:54:55.662+0000] {dag.py:3036} INFO - Sync 1 DAGs
[2024-02-21T19:54:55.700+0000] {logging_mixin.py:188} INFO - [2024-02-21T19:54:55.699+0000] {dag.py:3823} INFO - Setting next_dagrun for example_branch_dop_operator_v3 to 2024-02-21 19:53:00+00:00, run_after=2024-02-21 19:54:00+00:00
[2024-02-21T19:54:55.723+0000] {processor.py:183} INFO - Processing /home/airflow/.local/lib/python3.8/site-packages/airflow/example_dags/example_branch_python_dop_operator_3.py took 0.102 seconds
[2024-02-21T19:55:26.264+0000] {processor.py:161} INFO - Started process (PID=658) to work on /home/airflow/.local/lib/python3.8/site-packages/airflow/example_dags/example_branch_python_dop_operator_3.py
[2024-02-21T19:55:26.265+0000] {processor.py:830} INFO - Processing file /home/airflow/.local/lib/python3.8/site-packages/airflow/example_dags/example_branch_python_dop_operator_3.py for tasks to queue
[2024-02-21T19:55:26.267+0000] {logging_mixin.py:188} INFO - [2024-02-21T19:55:26.267+0000] {dagbag.py:538} INFO - Filling up the DagBag from /home/airflow/.local/lib/python3.8/site-packages/airflow/example_dags/example_branch_python_dop_operator_3.py
[2024-02-21T19:55:26.278+0000] {processor.py:840} INFO - DAG(s) 'example_branch_dop_operator_v3' retrieved from /home/airflow/.local/lib/python3.8/site-packages/airflow/example_dags/example_branch_python_dop_operator_3.py
[2024-02-21T19:55:26.300+0000] {logging_mixin.py:188} INFO - [2024-02-21T19:55:26.300+0000] {dag.py:3036} INFO - Sync 1 DAGs
[2024-02-21T19:55:26.331+0000] {logging_mixin.py:188} INFO - [2024-02-21T19:55:26.331+0000] {dag.py:3823} INFO - Setting next_dagrun for example_branch_dop_operator_v3 to 2024-02-21 19:54:00+00:00, run_after=2024-02-21 19:55:00+00:00
[2024-02-21T19:55:26.354+0000] {processor.py:183} INFO - Processing /home/airflow/.local/lib/python3.8/site-packages/airflow/example_dags/example_branch_python_dop_operator_3.py took 0.093 seconds
[2024-02-21T19:55:56.540+0000] {processor.py:161} INFO - Started process (PID=713) to work on /home/airflow/.local/lib/python3.8/site-packages/airflow/example_dags/example_branch_python_dop_operator_3.py
[2024-02-21T19:55:56.541+0000] {processor.py:830} INFO - Processing file /home/airflow/.local/lib/python3.8/site-packages/airflow/example_dags/example_branch_python_dop_operator_3.py for tasks to queue
[2024-02-21T19:55:56.543+0000] {logging_mixin.py:188} INFO - [2024-02-21T19:55:56.543+0000] {dagbag.py:538} INFO - Filling up the DagBag from /home/airflow/.local/lib/python3.8/site-packages/airflow/example_dags/example_branch_python_dop_operator_3.py
[2024-02-21T19:55:56.554+0000] {processor.py:840} INFO - DAG(s) 'example_branch_dop_operator_v3' retrieved from /home/airflow/.local/lib/python3.8/site-packages/airflow/example_dags/example_branch_python_dop_operator_3.py
[2024-02-21T19:55:56.577+0000] {logging_mixin.py:188} INFO - [2024-02-21T19:55:56.576+0000] {dag.py:3036} INFO - Sync 1 DAGs
[2024-02-21T19:55:56.608+0000] {logging_mixin.py:188} INFO - [2024-02-21T19:55:56.608+0000] {dag.py:3823} INFO - Setting next_dagrun for example_branch_dop_operator_v3 to 2024-02-21 19:54:00+00:00, run_after=2024-02-21 19:55:00+00:00
[2024-02-21T19:55:56.632+0000] {processor.py:183} INFO - Processing /home/airflow/.local/lib/python3.8/site-packages/airflow/example_dags/example_branch_python_dop_operator_3.py took 0.096 seconds
[2024-02-21T19:56:26.725+0000] {processor.py:161} INFO - Started process (PID=768) to work on /home/airflow/.local/lib/python3.8/site-packages/airflow/example_dags/example_branch_python_dop_operator_3.py
[2024-02-21T19:56:26.726+0000] {processor.py:830} INFO - Processing file /home/airflow/.local/lib/python3.8/site-packages/airflow/example_dags/example_branch_python_dop_operator_3.py for tasks to queue
[2024-02-21T19:56:26.728+0000] {logging_mixin.py:188} INFO - [2024-02-21T19:56:26.728+0000] {dagbag.py:538} INFO - Filling up the DagBag from /home/airflow/.local/lib/python3.8/site-packages/airflow/example_dags/example_branch_python_dop_operator_3.py
[2024-02-21T19:56:26.738+0000] {processor.py:840} INFO - DAG(s) 'example_branch_dop_operator_v3' retrieved from /home/airflow/.local/lib/python3.8/site-packages/airflow/example_dags/example_branch_python_dop_operator_3.py
[2024-02-21T19:56:26.765+0000] {logging_mixin.py:188} INFO - [2024-02-21T19:56:26.765+0000] {dag.py:3036} INFO - Sync 1 DAGs
[2024-02-21T19:56:26.801+0000] {logging_mixin.py:188} INFO - [2024-02-21T19:56:26.801+0000] {dag.py:3823} INFO - Setting next_dagrun for example_branch_dop_operator_v3 to 2024-02-21 19:55:00+00:00, run_after=2024-02-21 19:56:00+00:00
[2024-02-21T19:56:26.821+0000] {processor.py:183} INFO - Processing /home/airflow/.local/lib/python3.8/site-packages/airflow/example_dags/example_branch_python_dop_operator_3.py took 0.100 seconds
[2024-02-21T19:56:56.966+0000] {processor.py:161} INFO - Started process (PID=823) to work on /home/airflow/.local/lib/python3.8/site-packages/airflow/example_dags/example_branch_python_dop_operator_3.py
[2024-02-21T19:56:56.967+0000] {processor.py:830} INFO - Processing file /home/airflow/.local/lib/python3.8/site-packages/airflow/example_dags/example_branch_python_dop_operator_3.py for tasks to queue
[2024-02-21T19:56:56.970+0000] {logging_mixin.py:188} INFO - [2024-02-21T19:56:56.969+0000] {dagbag.py:538} INFO - Filling up the DagBag from /home/airflow/.local/lib/python3.8/site-packages/airflow/example_dags/example_branch_python_dop_operator_3.py
[2024-02-21T19:56:56.981+0000] {processor.py:840} INFO - DAG(s) 'example_branch_dop_operator_v3' retrieved from /home/airflow/.local/lib/python3.8/site-packages/airflow/example_dags/example_branch_python_dop_operator_3.py
[2024-02-21T19:56:57.006+0000] {logging_mixin.py:188} INFO - [2024-02-21T19:56:57.006+0000] {dag.py:3036} INFO - Sync 1 DAGs
[2024-02-21T19:56:57.036+0000] {logging_mixin.py:188} INFO - [2024-02-21T19:56:57.036+0000] {dag.py:3823} INFO - Setting next_dagrun for example_branch_dop_operator_v3 to 2024-02-21 19:55:00+00:00, run_after=2024-02-21 19:56:00+00:00
[2024-02-21T19:56:57.060+0000] {processor.py:183} INFO - Processing /home/airflow/.local/lib/python3.8/site-packages/airflow/example_dags/example_branch_python_dop_operator_3.py took 0.097 seconds
[2024-02-21T19:57:27.255+0000] {processor.py:161} INFO - Started process (PID=878) to work on /home/airflow/.local/lib/python3.8/site-packages/airflow/example_dags/example_branch_python_dop_operator_3.py
[2024-02-21T19:57:27.256+0000] {processor.py:830} INFO - Processing file /home/airflow/.local/lib/python3.8/site-packages/airflow/example_dags/example_branch_python_dop_operator_3.py for tasks to queue
[2024-02-21T19:57:27.259+0000] {logging_mixin.py:188} INFO - [2024-02-21T19:57:27.258+0000] {dagbag.py:538} INFO - Filling up the DagBag from /home/airflow/.local/lib/python3.8/site-packages/airflow/example_dags/example_branch_python_dop_operator_3.py
[2024-02-21T19:57:27.267+0000] {processor.py:840} INFO - DAG(s) 'example_branch_dop_operator_v3' retrieved from /home/airflow/.local/lib/python3.8/site-packages/airflow/example_dags/example_branch_python_dop_operator_3.py
[2024-02-21T19:57:27.289+0000] {logging_mixin.py:188} INFO - [2024-02-21T19:57:27.289+0000] {dag.py:3036} INFO - Sync 1 DAGs
[2024-02-21T19:57:27.327+0000] {logging_mixin.py:188} INFO - [2024-02-21T19:57:27.326+0000] {dag.py:3823} INFO - Setting next_dagrun for example_branch_dop_operator_v3 to 2024-02-21 19:56:00+00:00, run_after=2024-02-21 19:57:00+00:00
[2024-02-21T19:57:27.349+0000] {processor.py:183} INFO - Processing /home/airflow/.local/lib/python3.8/site-packages/airflow/example_dags/example_branch_python_dop_operator_3.py took 0.097 seconds
[2024-02-21T19:57:57.713+0000] {processor.py:161} INFO - Started process (PID=933) to work on /home/airflow/.local/lib/python3.8/site-packages/airflow/example_dags/example_branch_python_dop_operator_3.py
[2024-02-21T19:57:57.714+0000] {processor.py:830} INFO - Processing file /home/airflow/.local/lib/python3.8/site-packages/airflow/example_dags/example_branch_python_dop_operator_3.py for tasks to queue
[2024-02-21T19:57:57.717+0000] {logging_mixin.py:188} INFO - [2024-02-21T19:57:57.717+0000] {dagbag.py:538} INFO - Filling up the DagBag from /home/airflow/.local/lib/python3.8/site-packages/airflow/example_dags/example_branch_python_dop_operator_3.py
[2024-02-21T19:57:57.728+0000] {processor.py:840} INFO - DAG(s) 'example_branch_dop_operator_v3' retrieved from /home/airflow/.local/lib/python3.8/site-packages/airflow/example_dags/example_branch_python_dop_operator_3.py
[2024-02-21T19:57:57.751+0000] {logging_mixin.py:188} INFO - [2024-02-21T19:57:57.751+0000] {dag.py:3036} INFO - Sync 1 DAGs
[2024-02-21T19:57:57.779+0000] {logging_mixin.py:188} INFO - [2024-02-21T19:57:57.779+0000] {dag.py:3823} INFO - Setting next_dagrun for example_branch_dop_operator_v3 to 2024-02-21 19:56:00+00:00, run_after=2024-02-21 19:57:00+00:00
[2024-02-21T19:57:57.801+0000] {processor.py:183} INFO - Processing /home/airflow/.local/lib/python3.8/site-packages/airflow/example_dags/example_branch_python_dop_operator_3.py took 0.092 seconds
[2024-02-21T19:58:28.174+0000] {processor.py:161} INFO - Started process (PID=988) to work on /home/airflow/.local/lib/python3.8/site-packages/airflow/example_dags/example_branch_python_dop_operator_3.py
[2024-02-21T19:58:28.176+0000] {processor.py:830} INFO - Processing file /home/airflow/.local/lib/python3.8/site-packages/airflow/example_dags/example_branch_python_dop_operator_3.py for tasks to queue
[2024-02-21T19:58:28.178+0000] {logging_mixin.py:188} INFO - [2024-02-21T19:58:28.178+0000] {dagbag.py:538} INFO - Filling up the DagBag from /home/airflow/.local/lib/python3.8/site-packages/airflow/example_dags/example_branch_python_dop_operator_3.py
[2024-02-21T19:58:28.190+0000] {processor.py:840} INFO - DAG(s) 'example_branch_dop_operator_v3' retrieved from /home/airflow/.local/lib/python3.8/site-packages/airflow/example_dags/example_branch_python_dop_operator_3.py
[2024-02-21T19:58:28.222+0000] {logging_mixin.py:188} INFO - [2024-02-21T19:58:28.222+0000] {dag.py:3036} INFO - Sync 1 DAGs
[2024-02-21T19:58:28.255+0000] {logging_mixin.py:188} INFO - [2024-02-21T19:58:28.255+0000] {dag.py:3823} INFO - Setting next_dagrun for example_branch_dop_operator_v3 to 2024-02-21 19:57:00+00:00, run_after=2024-02-21 19:58:00+00:00
[2024-02-21T19:58:28.281+0000] {processor.py:183} INFO - Processing /home/airflow/.local/lib/python3.8/site-packages/airflow/example_dags/example_branch_python_dop_operator_3.py took 0.111 seconds
[2024-02-21T19:58:58.548+0000] {processor.py:161} INFO - Started process (PID=1043) to work on /home/airflow/.local/lib/python3.8/site-packages/airflow/example_dags/example_branch_python_dop_operator_3.py
[2024-02-21T19:58:58.549+0000] {processor.py:830} INFO - Processing file /home/airflow/.local/lib/python3.8/site-packages/airflow/example_dags/example_branch_python_dop_operator_3.py for tasks to queue
[2024-02-21T19:58:58.551+0000] {logging_mixin.py:188} INFO - [2024-02-21T19:58:58.551+0000] {dagbag.py:538} INFO - Filling up the DagBag from /home/airflow/.local/lib/python3.8/site-packages/airflow/example_dags/example_branch_python_dop_operator_3.py
[2024-02-21T19:58:58.560+0000] {processor.py:840} INFO - DAG(s) 'example_branch_dop_operator_v3' retrieved from /home/airflow/.local/lib/python3.8/site-packages/airflow/example_dags/example_branch_python_dop_operator_3.py
[2024-02-21T19:58:58.583+0000] {logging_mixin.py:188} INFO - [2024-02-21T19:58:58.582+0000] {dag.py:3036} INFO - Sync 1 DAGs
[2024-02-21T19:58:58.617+0000] {logging_mixin.py:188} INFO - [2024-02-21T19:58:58.617+0000] {dag.py:3823} INFO - Setting next_dagrun for example_branch_dop_operator_v3 to 2024-02-21 19:57:00+00:00, run_after=2024-02-21 19:58:00+00:00
[2024-02-21T19:58:58.640+0000] {processor.py:183} INFO - Processing /home/airflow/.local/lib/python3.8/site-packages/airflow/example_dags/example_branch_python_dop_operator_3.py took 0.095 seconds
[2024-02-21T19:59:29.029+0000] {processor.py:161} INFO - Started process (PID=1098) to work on /home/airflow/.local/lib/python3.8/site-packages/airflow/example_dags/example_branch_python_dop_operator_3.py
[2024-02-21T19:59:29.030+0000] {processor.py:830} INFO - Processing file /home/airflow/.local/lib/python3.8/site-packages/airflow/example_dags/example_branch_python_dop_operator_3.py for tasks to queue
[2024-02-21T19:59:29.032+0000] {logging_mixin.py:188} INFO - [2024-02-21T19:59:29.031+0000] {dagbag.py:538} INFO - Filling up the DagBag from /home/airflow/.local/lib/python3.8/site-packages/airflow/example_dags/example_branch_python_dop_operator_3.py
[2024-02-21T19:59:29.040+0000] {processor.py:840} INFO - DAG(s) 'example_branch_dop_operator_v3' retrieved from /home/airflow/.local/lib/python3.8/site-packages/airflow/example_dags/example_branch_python_dop_operator_3.py
[2024-02-21T19:59:29.059+0000] {logging_mixin.py:188} INFO - [2024-02-21T19:59:29.058+0000] {dag.py:3036} INFO - Sync 1 DAGs
[2024-02-21T19:59:29.085+0000] {logging_mixin.py:188} INFO - [2024-02-21T19:59:29.085+0000] {dag.py:3823} INFO - Setting next_dagrun for example_branch_dop_operator_v3 to 2024-02-21 19:58:00+00:00, run_after=2024-02-21 19:59:00+00:00
[2024-02-21T19:59:29.103+0000] {processor.py:183} INFO - Processing /home/airflow/.local/lib/python3.8/site-packages/airflow/example_dags/example_branch_python_dop_operator_3.py took 0.077 seconds
[2024-02-21T19:59:59.585+0000] {processor.py:161} INFO - Started process (PID=1153) to work on /home/airflow/.local/lib/python3.8/site-packages/airflow/example_dags/example_branch_python_dop_operator_3.py
[2024-02-21T19:59:59.586+0000] {processor.py:830} INFO - Processing file /home/airflow/.local/lib/python3.8/site-packages/airflow/example_dags/example_branch_python_dop_operator_3.py for tasks to queue
[2024-02-21T19:59:59.589+0000] {logging_mixin.py:188} INFO - [2024-02-21T19:59:59.588+0000] {dagbag.py:538} INFO - Filling up the DagBag from /home/airflow/.local/lib/python3.8/site-packages/airflow/example_dags/example_branch_python_dop_operator_3.py
[2024-02-21T19:59:59.601+0000] {processor.py:840} INFO - DAG(s) 'example_branch_dop_operator_v3' retrieved from /home/airflow/.local/lib/python3.8/site-packages/airflow/example_dags/example_branch_python_dop_operator_3.py
[2024-02-21T19:59:59.627+0000] {logging_mixin.py:188} INFO - [2024-02-21T19:59:59.627+0000] {dag.py:3036} INFO - Sync 1 DAGs
[2024-02-21T19:59:59.661+0000] {logging_mixin.py:188} INFO - [2024-02-21T19:59:59.660+0000] {dag.py:3823} INFO - Setting next_dagrun for example_branch_dop_operator_v3 to 2024-02-21 19:58:00+00:00, run_after=2024-02-21 19:59:00+00:00
[2024-02-21T19:59:59.684+0000] {processor.py:183} INFO - Processing /home/airflow/.local/lib/python3.8/site-packages/airflow/example_dags/example_branch_python_dop_operator_3.py took 0.104 seconds
[2024-02-21T20:00:29.967+0000] {processor.py:161} INFO - Started process (PID=1208) to work on /home/airflow/.local/lib/python3.8/site-packages/airflow/example_dags/example_branch_python_dop_operator_3.py
[2024-02-21T20:00:29.968+0000] {processor.py:830} INFO - Processing file /home/airflow/.local/lib/python3.8/site-packages/airflow/example_dags/example_branch_python_dop_operator_3.py for tasks to queue
[2024-02-21T20:00:29.971+0000] {logging_mixin.py:188} INFO - [2024-02-21T20:00:29.970+0000] {dagbag.py:538} INFO - Filling up the DagBag from /home/airflow/.local/lib/python3.8/site-packages/airflow/example_dags/example_branch_python_dop_operator_3.py
[2024-02-21T20:00:29.981+0000] {processor.py:840} INFO - DAG(s) 'example_branch_dop_operator_v3' retrieved from /home/airflow/.local/lib/python3.8/site-packages/airflow/example_dags/example_branch_python_dop_operator_3.py
[2024-02-21T20:00:30.005+0000] {logging_mixin.py:188} INFO - [2024-02-21T20:00:30.005+0000] {dag.py:3036} INFO - Sync 1 DAGs
[2024-02-21T20:00:30.040+0000] {logging_mixin.py:188} INFO - [2024-02-21T20:00:30.040+0000] {dag.py:3823} INFO - Setting next_dagrun for example_branch_dop_operator_v3 to 2024-02-21 19:59:00+00:00, run_after=2024-02-21 20:00:00+00:00
[2024-02-21T20:00:30.065+0000] {processor.py:183} INFO - Processing /home/airflow/.local/lib/python3.8/site-packages/airflow/example_dags/example_branch_python_dop_operator_3.py took 0.102 seconds
[2024-02-21T20:01:00.410+0000] {processor.py:161} INFO - Started process (PID=1263) to work on /home/airflow/.local/lib/python3.8/site-packages/airflow/example_dags/example_branch_python_dop_operator_3.py
[2024-02-21T20:01:00.412+0000] {processor.py:830} INFO - Processing file /home/airflow/.local/lib/python3.8/site-packages/airflow/example_dags/example_branch_python_dop_operator_3.py for tasks to queue
[2024-02-21T20:01:00.414+0000] {logging_mixin.py:188} INFO - [2024-02-21T20:01:00.413+0000] {dagbag.py:538} INFO - Filling up the DagBag from /home/airflow/.local/lib/python3.8/site-packages/airflow/example_dags/example_branch_python_dop_operator_3.py
[2024-02-21T20:01:00.423+0000] {processor.py:840} INFO - DAG(s) 'example_branch_dop_operator_v3' retrieved from /home/airflow/.local/lib/python3.8/site-packages/airflow/example_dags/example_branch_python_dop_operator_3.py
[2024-02-21T20:01:00.453+0000] {logging_mixin.py:188} INFO - [2024-02-21T20:01:00.453+0000] {dag.py:3036} INFO - Sync 1 DAGs
[2024-02-21T20:01:00.495+0000] {logging_mixin.py:188} INFO - [2024-02-21T20:01:00.495+0000] {dag.py:3823} INFO - Setting next_dagrun for example_branch_dop_operator_v3 to 2024-02-21 20:00:00+00:00, run_after=2024-02-21 20:01:00+00:00
[2024-02-21T20:01:00.519+0000] {processor.py:183} INFO - Processing /home/airflow/.local/lib/python3.8/site-packages/airflow/example_dags/example_branch_python_dop_operator_3.py took 0.112 seconds
[2024-02-21T20:01:30.847+0000] {processor.py:161} INFO - Started process (PID=1318) to work on /home/airflow/.local/lib/python3.8/site-packages/airflow/example_dags/example_branch_python_dop_operator_3.py
[2024-02-21T20:01:30.848+0000] {processor.py:830} INFO - Processing file /home/airflow/.local/lib/python3.8/site-packages/airflow/example_dags/example_branch_python_dop_operator_3.py for tasks to queue
[2024-02-21T20:01:30.850+0000] {logging_mixin.py:188} INFO - [2024-02-21T20:01:30.850+0000] {dagbag.py:538} INFO - Filling up the DagBag from /home/airflow/.local/lib/python3.8/site-packages/airflow/example_dags/example_branch_python_dop_operator_3.py
[2024-02-21T20:01:30.860+0000] {processor.py:840} INFO - DAG(s) 'example_branch_dop_operator_v3' retrieved from /home/airflow/.local/lib/python3.8/site-packages/airflow/example_dags/example_branch_python_dop_operator_3.py
[2024-02-21T20:01:30.888+0000] {logging_mixin.py:188} INFO - [2024-02-21T20:01:30.888+0000] {dag.py:3036} INFO - Sync 1 DAGs
[2024-02-21T20:01:30.920+0000] {logging_mixin.py:188} INFO - [2024-02-21T20:01:30.920+0000] {dag.py:3823} INFO - Setting next_dagrun for example_branch_dop_operator_v3 to 2024-02-21 20:00:00+00:00, run_after=2024-02-21 20:01:00+00:00
[2024-02-21T20:01:30.940+0000] {processor.py:183} INFO - Processing /home/airflow/.local/lib/python3.8/site-packages/airflow/example_dags/example_branch_python_dop_operator_3.py took 0.096 seconds
[2024-02-21T20:02:01.100+0000] {processor.py:161} INFO - Started process (PID=1373) to work on /home/airflow/.local/lib/python3.8/site-packages/airflow/example_dags/example_branch_python_dop_operator_3.py
[2024-02-21T20:02:01.101+0000] {processor.py:830} INFO - Processing file /home/airflow/.local/lib/python3.8/site-packages/airflow/example_dags/example_branch_python_dop_operator_3.py for tasks to queue
[2024-02-21T20:02:01.103+0000] {logging_mixin.py:188} INFO - [2024-02-21T20:02:01.102+0000] {dagbag.py:538} INFO - Filling up the DagBag from /home/airflow/.local/lib/python3.8/site-packages/airflow/example_dags/example_branch_python_dop_operator_3.py
[2024-02-21T20:02:01.111+0000] {processor.py:840} INFO - DAG(s) 'example_branch_dop_operator_v3' retrieved from /home/airflow/.local/lib/python3.8/site-packages/airflow/example_dags/example_branch_python_dop_operator_3.py
[2024-02-21T20:02:01.129+0000] {logging_mixin.py:188} INFO - [2024-02-21T20:02:01.129+0000] {dag.py:3036} INFO - Sync 1 DAGs
[2024-02-21T20:02:01.154+0000] {logging_mixin.py:188} INFO - [2024-02-21T20:02:01.154+0000] {dag.py:3823} INFO - Setting next_dagrun for example_branch_dop_operator_v3 to 2024-02-21 20:01:00+00:00, run_after=2024-02-21 20:02:00+00:00
[2024-02-21T20:02:01.174+0000] {processor.py:183} INFO - Processing /home/airflow/.local/lib/python3.8/site-packages/airflow/example_dags/example_branch_python_dop_operator_3.py took 0.077 seconds
