[2024-02-21T19:49:51.611+0000] {processor.py:161} INFO - Started process (PID=56) to work on /home/airflow/.local/lib/python3.8/site-packages/airflow/example_dags/example_short_circuit_operator.py
[2024-02-21T19:49:51.613+0000] {processor.py:830} INFO - Processing file /home/airflow/.local/lib/python3.8/site-packages/airflow/example_dags/example_short_circuit_operator.py for tasks to queue
[2024-02-21T19:49:51.616+0000] {logging_mixin.py:188} INFO - [2024-02-21T19:49:51.615+0000] {dagbag.py:538} INFO - Filling up the DagBag from /home/airflow/.local/lib/python3.8/site-packages/airflow/example_dags/example_short_circuit_operator.py
[2024-02-21T19:49:51.639+0000] {processor.py:840} INFO - DAG(s) 'example_short_circuit_operator' retrieved from /home/airflow/.local/lib/python3.8/site-packages/airflow/example_dags/example_short_circuit_operator.py
[2024-02-21T19:49:52.357+0000] {logging_mixin.py:188} INFO - [2024-02-21T19:49:52.356+0000] {dag.py:3036} INFO - Sync 1 DAGs
[2024-02-21T19:49:52.803+0000] {logging_mixin.py:188} INFO - [2024-02-21T19:49:52.802+0000] {dag.py:3823} INFO - Setting next_dagrun for example_short_circuit_operator to 2024-02-20 00:00:00+00:00, run_after=2024-02-21 00:00:00+00:00
[2024-02-21T19:49:53.131+0000] {processor.py:183} INFO - Processing /home/airflow/.local/lib/python3.8/site-packages/airflow/example_dags/example_short_circuit_operator.py took 1.524 seconds
[2024-02-21T19:50:23.358+0000] {processor.py:161} INFO - Started process (PID=111) to work on /home/airflow/.local/lib/python3.8/site-packages/airflow/example_dags/example_short_circuit_operator.py
[2024-02-21T19:50:23.359+0000] {processor.py:830} INFO - Processing file /home/airflow/.local/lib/python3.8/site-packages/airflow/example_dags/example_short_circuit_operator.py for tasks to queue
[2024-02-21T19:50:23.361+0000] {logging_mixin.py:188} INFO - [2024-02-21T19:50:23.361+0000] {dagbag.py:538} INFO - Filling up the DagBag from /home/airflow/.local/lib/python3.8/site-packages/airflow/example_dags/example_short_circuit_operator.py
[2024-02-21T19:50:23.369+0000] {processor.py:840} INFO - DAG(s) 'example_short_circuit_operator' retrieved from /home/airflow/.local/lib/python3.8/site-packages/airflow/example_dags/example_short_circuit_operator.py
[2024-02-21T19:50:23.388+0000] {logging_mixin.py:188} INFO - [2024-02-21T19:50:23.388+0000] {dag.py:3036} INFO - Sync 1 DAGs
[2024-02-21T19:50:23.408+0000] {logging_mixin.py:188} INFO - [2024-02-21T19:50:23.408+0000] {dag.py:3823} INFO - Setting next_dagrun for example_short_circuit_operator to 2024-02-20 00:00:00+00:00, run_after=2024-02-21 00:00:00+00:00
[2024-02-21T19:50:23.424+0000] {processor.py:183} INFO - Processing /home/airflow/.local/lib/python3.8/site-packages/airflow/example_dags/example_short_circuit_operator.py took 0.068 seconds
[2024-02-21T19:50:53.701+0000] {processor.py:161} INFO - Started process (PID=166) to work on /home/airflow/.local/lib/python3.8/site-packages/airflow/example_dags/example_short_circuit_operator.py
[2024-02-21T19:50:53.702+0000] {processor.py:830} INFO - Processing file /home/airflow/.local/lib/python3.8/site-packages/airflow/example_dags/example_short_circuit_operator.py for tasks to queue
[2024-02-21T19:50:53.704+0000] {logging_mixin.py:188} INFO - [2024-02-21T19:50:53.704+0000] {dagbag.py:538} INFO - Filling up the DagBag from /home/airflow/.local/lib/python3.8/site-packages/airflow/example_dags/example_short_circuit_operator.py
[2024-02-21T19:50:53.711+0000] {processor.py:840} INFO - DAG(s) 'example_short_circuit_operator' retrieved from /home/airflow/.local/lib/python3.8/site-packages/airflow/example_dags/example_short_circuit_operator.py
[2024-02-21T19:50:53.734+0000] {logging_mixin.py:188} INFO - [2024-02-21T19:50:53.734+0000] {dag.py:3036} INFO - Sync 1 DAGs
[2024-02-21T19:50:53.759+0000] {logging_mixin.py:188} INFO - [2024-02-21T19:50:53.758+0000] {dag.py:3823} INFO - Setting next_dagrun for example_short_circuit_operator to 2024-02-20 00:00:00+00:00, run_after=2024-02-21 00:00:00+00:00
[2024-02-21T19:50:53.779+0000] {processor.py:183} INFO - Processing /home/airflow/.local/lib/python3.8/site-packages/airflow/example_dags/example_short_circuit_operator.py took 0.080 seconds
[2024-02-21T19:51:24.046+0000] {processor.py:161} INFO - Started process (PID=221) to work on /home/airflow/.local/lib/python3.8/site-packages/airflow/example_dags/example_short_circuit_operator.py
[2024-02-21T19:51:24.047+0000] {processor.py:830} INFO - Processing file /home/airflow/.local/lib/python3.8/site-packages/airflow/example_dags/example_short_circuit_operator.py for tasks to queue
[2024-02-21T19:51:24.050+0000] {logging_mixin.py:188} INFO - [2024-02-21T19:51:24.049+0000] {dagbag.py:538} INFO - Filling up the DagBag from /home/airflow/.local/lib/python3.8/site-packages/airflow/example_dags/example_short_circuit_operator.py
[2024-02-21T19:51:24.058+0000] {processor.py:840} INFO - DAG(s) 'example_short_circuit_operator' retrieved from /home/airflow/.local/lib/python3.8/site-packages/airflow/example_dags/example_short_circuit_operator.py
[2024-02-21T19:51:24.091+0000] {logging_mixin.py:188} INFO - [2024-02-21T19:51:24.091+0000] {dag.py:3036} INFO - Sync 1 DAGs
[2024-02-21T19:51:24.132+0000] {logging_mixin.py:188} INFO - [2024-02-21T19:51:24.132+0000] {dag.py:3823} INFO - Setting next_dagrun for example_short_circuit_operator to 2024-02-20 00:00:00+00:00, run_after=2024-02-21 00:00:00+00:00
[2024-02-21T19:51:24.166+0000] {processor.py:183} INFO - Processing /home/airflow/.local/lib/python3.8/site-packages/airflow/example_dags/example_short_circuit_operator.py took 0.125 seconds
[2024-02-21T19:51:54.576+0000] {processor.py:161} INFO - Started process (PID=276) to work on /home/airflow/.local/lib/python3.8/site-packages/airflow/example_dags/example_short_circuit_operator.py
[2024-02-21T19:51:54.577+0000] {processor.py:830} INFO - Processing file /home/airflow/.local/lib/python3.8/site-packages/airflow/example_dags/example_short_circuit_operator.py for tasks to queue
[2024-02-21T19:51:54.579+0000] {logging_mixin.py:188} INFO - [2024-02-21T19:51:54.579+0000] {dagbag.py:538} INFO - Filling up the DagBag from /home/airflow/.local/lib/python3.8/site-packages/airflow/example_dags/example_short_circuit_operator.py
[2024-02-21T19:51:54.586+0000] {processor.py:840} INFO - DAG(s) 'example_short_circuit_operator' retrieved from /home/airflow/.local/lib/python3.8/site-packages/airflow/example_dags/example_short_circuit_operator.py
[2024-02-21T19:51:54.608+0000] {logging_mixin.py:188} INFO - [2024-02-21T19:51:54.608+0000] {dag.py:3036} INFO - Sync 1 DAGs
[2024-02-21T19:51:54.632+0000] {logging_mixin.py:188} INFO - [2024-02-21T19:51:54.632+0000] {dag.py:3823} INFO - Setting next_dagrun for example_short_circuit_operator to 2024-02-20 00:00:00+00:00, run_after=2024-02-21 00:00:00+00:00
[2024-02-21T19:51:54.652+0000] {processor.py:183} INFO - Processing /home/airflow/.local/lib/python3.8/site-packages/airflow/example_dags/example_short_circuit_operator.py took 0.080 seconds
[2024-02-21T19:52:24.738+0000] {processor.py:161} INFO - Started process (PID=331) to work on /home/airflow/.local/lib/python3.8/site-packages/airflow/example_dags/example_short_circuit_operator.py
[2024-02-21T19:52:24.739+0000] {processor.py:830} INFO - Processing file /home/airflow/.local/lib/python3.8/site-packages/airflow/example_dags/example_short_circuit_operator.py for tasks to queue
[2024-02-21T19:52:24.741+0000] {logging_mixin.py:188} INFO - [2024-02-21T19:52:24.741+0000] {dagbag.py:538} INFO - Filling up the DagBag from /home/airflow/.local/lib/python3.8/site-packages/airflow/example_dags/example_short_circuit_operator.py
[2024-02-21T19:52:24.748+0000] {processor.py:840} INFO - DAG(s) 'example_short_circuit_operator' retrieved from /home/airflow/.local/lib/python3.8/site-packages/airflow/example_dags/example_short_circuit_operator.py
[2024-02-21T19:52:24.774+0000] {logging_mixin.py:188} INFO - [2024-02-21T19:52:24.774+0000] {dag.py:3036} INFO - Sync 1 DAGs
[2024-02-21T19:52:24.795+0000] {logging_mixin.py:188} INFO - [2024-02-21T19:52:24.795+0000] {dag.py:3823} INFO - Setting next_dagrun for example_short_circuit_operator to 2024-02-20 00:00:00+00:00, run_after=2024-02-21 00:00:00+00:00
[2024-02-21T19:52:24.814+0000] {processor.py:183} INFO - Processing /home/airflow/.local/lib/python3.8/site-packages/airflow/example_dags/example_short_circuit_operator.py took 0.078 seconds
[2024-02-21T19:52:55.072+0000] {processor.py:161} INFO - Started process (PID=386) to work on /home/airflow/.local/lib/python3.8/site-packages/airflow/example_dags/example_short_circuit_operator.py
[2024-02-21T19:52:55.073+0000] {processor.py:830} INFO - Processing file /home/airflow/.local/lib/python3.8/site-packages/airflow/example_dags/example_short_circuit_operator.py for tasks to queue
[2024-02-21T19:52:55.076+0000] {logging_mixin.py:188} INFO - [2024-02-21T19:52:55.076+0000] {dagbag.py:538} INFO - Filling up the DagBag from /home/airflow/.local/lib/python3.8/site-packages/airflow/example_dags/example_short_circuit_operator.py
[2024-02-21T19:52:55.084+0000] {processor.py:840} INFO - DAG(s) 'example_short_circuit_operator' retrieved from /home/airflow/.local/lib/python3.8/site-packages/airflow/example_dags/example_short_circuit_operator.py
[2024-02-21T19:52:55.112+0000] {logging_mixin.py:188} INFO - [2024-02-21T19:52:55.111+0000] {dag.py:3036} INFO - Sync 1 DAGs
[2024-02-21T19:52:55.135+0000] {logging_mixin.py:188} INFO - [2024-02-21T19:52:55.135+0000] {dag.py:3823} INFO - Setting next_dagrun for example_short_circuit_operator to 2024-02-20 00:00:00+00:00, run_after=2024-02-21 00:00:00+00:00
[2024-02-21T19:52:55.156+0000] {processor.py:183} INFO - Processing /home/airflow/.local/lib/python3.8/site-packages/airflow/example_dags/example_short_circuit_operator.py took 0.088 seconds
[2024-02-21T19:53:25.214+0000] {processor.py:161} INFO - Started process (PID=441) to work on /home/airflow/.local/lib/python3.8/site-packages/airflow/example_dags/example_short_circuit_operator.py
[2024-02-21T19:53:25.339+0000] {processor.py:830} INFO - Processing file /home/airflow/.local/lib/python3.8/site-packages/airflow/example_dags/example_short_circuit_operator.py for tasks to queue
[2024-02-21T19:53:25.341+0000] {logging_mixin.py:188} INFO - [2024-02-21T19:53:25.341+0000] {dagbag.py:538} INFO - Filling up the DagBag from /home/airflow/.local/lib/python3.8/site-packages/airflow/example_dags/example_short_circuit_operator.py
[2024-02-21T19:53:25.348+0000] {processor.py:840} INFO - DAG(s) 'example_short_circuit_operator' retrieved from /home/airflow/.local/lib/python3.8/site-packages/airflow/example_dags/example_short_circuit_operator.py
[2024-02-21T19:53:25.375+0000] {logging_mixin.py:188} INFO - [2024-02-21T19:53:25.375+0000] {dag.py:3036} INFO - Sync 1 DAGs
[2024-02-21T19:53:25.398+0000] {logging_mixin.py:188} INFO - [2024-02-21T19:53:25.398+0000] {dag.py:3823} INFO - Setting next_dagrun for example_short_circuit_operator to 2024-02-20 00:00:00+00:00, run_after=2024-02-21 00:00:00+00:00
[2024-02-21T19:53:25.417+0000] {processor.py:183} INFO - Processing /home/airflow/.local/lib/python3.8/site-packages/airflow/example_dags/example_short_circuit_operator.py took 0.207 seconds
[2024-02-21T19:53:55.934+0000] {processor.py:161} INFO - Started process (PID=496) to work on /home/airflow/.local/lib/python3.8/site-packages/airflow/example_dags/example_short_circuit_operator.py
[2024-02-21T19:53:55.935+0000] {processor.py:830} INFO - Processing file /home/airflow/.local/lib/python3.8/site-packages/airflow/example_dags/example_short_circuit_operator.py for tasks to queue
[2024-02-21T19:53:55.937+0000] {logging_mixin.py:188} INFO - [2024-02-21T19:53:55.937+0000] {dagbag.py:538} INFO - Filling up the DagBag from /home/airflow/.local/lib/python3.8/site-packages/airflow/example_dags/example_short_circuit_operator.py
[2024-02-21T19:53:55.944+0000] {processor.py:840} INFO - DAG(s) 'example_short_circuit_operator' retrieved from /home/airflow/.local/lib/python3.8/site-packages/airflow/example_dags/example_short_circuit_operator.py
[2024-02-21T19:53:55.969+0000] {logging_mixin.py:188} INFO - [2024-02-21T19:53:55.968+0000] {dag.py:3036} INFO - Sync 1 DAGs
[2024-02-21T19:53:55.992+0000] {logging_mixin.py:188} INFO - [2024-02-21T19:53:55.991+0000] {dag.py:3823} INFO - Setting next_dagrun for example_short_circuit_operator to 2024-02-20 00:00:00+00:00, run_after=2024-02-21 00:00:00+00:00
[2024-02-21T19:53:56.011+0000] {processor.py:183} INFO - Processing /home/airflow/.local/lib/python3.8/site-packages/airflow/example_dags/example_short_circuit_operator.py took 0.080 seconds
[2024-02-21T19:54:26.427+0000] {processor.py:161} INFO - Started process (PID=551) to work on /home/airflow/.local/lib/python3.8/site-packages/airflow/example_dags/example_short_circuit_operator.py
[2024-02-21T19:54:26.429+0000] {processor.py:830} INFO - Processing file /home/airflow/.local/lib/python3.8/site-packages/airflow/example_dags/example_short_circuit_operator.py for tasks to queue
[2024-02-21T19:54:26.433+0000] {logging_mixin.py:188} INFO - [2024-02-21T19:54:26.433+0000] {dagbag.py:538} INFO - Filling up the DagBag from /home/airflow/.local/lib/python3.8/site-packages/airflow/example_dags/example_short_circuit_operator.py
[2024-02-21T19:54:26.444+0000] {processor.py:840} INFO - DAG(s) 'example_short_circuit_operator' retrieved from /home/airflow/.local/lib/python3.8/site-packages/airflow/example_dags/example_short_circuit_operator.py
[2024-02-21T19:54:26.481+0000] {logging_mixin.py:188} INFO - [2024-02-21T19:54:26.480+0000] {dag.py:3036} INFO - Sync 1 DAGs
[2024-02-21T19:54:26.522+0000] {logging_mixin.py:188} INFO - [2024-02-21T19:54:26.521+0000] {dag.py:3823} INFO - Setting next_dagrun for example_short_circuit_operator to 2024-02-20 00:00:00+00:00, run_after=2024-02-21 00:00:00+00:00
[2024-02-21T19:54:26.547+0000] {processor.py:183} INFO - Processing /home/airflow/.local/lib/python3.8/site-packages/airflow/example_dags/example_short_circuit_operator.py took 0.124 seconds
[2024-02-21T19:54:56.804+0000] {processor.py:161} INFO - Started process (PID=606) to work on /home/airflow/.local/lib/python3.8/site-packages/airflow/example_dags/example_short_circuit_operator.py
[2024-02-21T19:54:56.806+0000] {processor.py:830} INFO - Processing file /home/airflow/.local/lib/python3.8/site-packages/airflow/example_dags/example_short_circuit_operator.py for tasks to queue
[2024-02-21T19:54:56.809+0000] {logging_mixin.py:188} INFO - [2024-02-21T19:54:56.809+0000] {dagbag.py:538} INFO - Filling up the DagBag from /home/airflow/.local/lib/python3.8/site-packages/airflow/example_dags/example_short_circuit_operator.py
[2024-02-21T19:54:56.818+0000] {processor.py:840} INFO - DAG(s) 'example_short_circuit_operator' retrieved from /home/airflow/.local/lib/python3.8/site-packages/airflow/example_dags/example_short_circuit_operator.py
[2024-02-21T19:54:56.848+0000] {logging_mixin.py:188} INFO - [2024-02-21T19:54:56.848+0000] {dag.py:3036} INFO - Sync 1 DAGs
[2024-02-21T19:54:56.882+0000] {logging_mixin.py:188} INFO - [2024-02-21T19:54:56.878+0000] {dag.py:3823} INFO - Setting next_dagrun for example_short_circuit_operator to 2024-02-20 00:00:00+00:00, run_after=2024-02-21 00:00:00+00:00
[2024-02-21T19:54:56.918+0000] {processor.py:183} INFO - Processing /home/airflow/.local/lib/python3.8/site-packages/airflow/example_dags/example_short_circuit_operator.py took 0.117 seconds
[2024-02-21T19:55:27.431+0000] {processor.py:161} INFO - Started process (PID=661) to work on /home/airflow/.local/lib/python3.8/site-packages/airflow/example_dags/example_short_circuit_operator.py
[2024-02-21T19:55:27.432+0000] {processor.py:830} INFO - Processing file /home/airflow/.local/lib/python3.8/site-packages/airflow/example_dags/example_short_circuit_operator.py for tasks to queue
[2024-02-21T19:55:27.435+0000] {logging_mixin.py:188} INFO - [2024-02-21T19:55:27.435+0000] {dagbag.py:538} INFO - Filling up the DagBag from /home/airflow/.local/lib/python3.8/site-packages/airflow/example_dags/example_short_circuit_operator.py
[2024-02-21T19:55:27.444+0000] {processor.py:840} INFO - DAG(s) 'example_short_circuit_operator' retrieved from /home/airflow/.local/lib/python3.8/site-packages/airflow/example_dags/example_short_circuit_operator.py
[2024-02-21T19:55:27.469+0000] {logging_mixin.py:188} INFO - [2024-02-21T19:55:27.469+0000] {dag.py:3036} INFO - Sync 1 DAGs
[2024-02-21T19:55:27.491+0000] {logging_mixin.py:188} INFO - [2024-02-21T19:55:27.490+0000] {dag.py:3823} INFO - Setting next_dagrun for example_short_circuit_operator to 2024-02-20 00:00:00+00:00, run_after=2024-02-21 00:00:00+00:00
[2024-02-21T19:55:27.511+0000] {processor.py:183} INFO - Processing /home/airflow/.local/lib/python3.8/site-packages/airflow/example_dags/example_short_circuit_operator.py took 0.083 seconds
[2024-02-21T19:55:57.726+0000] {processor.py:161} INFO - Started process (PID=716) to work on /home/airflow/.local/lib/python3.8/site-packages/airflow/example_dags/example_short_circuit_operator.py
[2024-02-21T19:55:57.727+0000] {processor.py:830} INFO - Processing file /home/airflow/.local/lib/python3.8/site-packages/airflow/example_dags/example_short_circuit_operator.py for tasks to queue
[2024-02-21T19:55:57.729+0000] {logging_mixin.py:188} INFO - [2024-02-21T19:55:57.728+0000] {dagbag.py:538} INFO - Filling up the DagBag from /home/airflow/.local/lib/python3.8/site-packages/airflow/example_dags/example_short_circuit_operator.py
[2024-02-21T19:55:57.735+0000] {processor.py:840} INFO - DAG(s) 'example_short_circuit_operator' retrieved from /home/airflow/.local/lib/python3.8/site-packages/airflow/example_dags/example_short_circuit_operator.py
[2024-02-21T19:55:57.757+0000] {logging_mixin.py:188} INFO - [2024-02-21T19:55:57.756+0000] {dag.py:3036} INFO - Sync 1 DAGs
[2024-02-21T19:55:57.777+0000] {logging_mixin.py:188} INFO - [2024-02-21T19:55:57.777+0000] {dag.py:3823} INFO - Setting next_dagrun for example_short_circuit_operator to 2024-02-20 00:00:00+00:00, run_after=2024-02-21 00:00:00+00:00
[2024-02-21T19:55:57.798+0000] {processor.py:183} INFO - Processing /home/airflow/.local/lib/python3.8/site-packages/airflow/example_dags/example_short_circuit_operator.py took 0.075 seconds
[2024-02-21T19:56:27.891+0000] {processor.py:161} INFO - Started process (PID=771) to work on /home/airflow/.local/lib/python3.8/site-packages/airflow/example_dags/example_short_circuit_operator.py
[2024-02-21T19:56:27.892+0000] {processor.py:830} INFO - Processing file /home/airflow/.local/lib/python3.8/site-packages/airflow/example_dags/example_short_circuit_operator.py for tasks to queue
[2024-02-21T19:56:27.894+0000] {logging_mixin.py:188} INFO - [2024-02-21T19:56:27.894+0000] {dagbag.py:538} INFO - Filling up the DagBag from /home/airflow/.local/lib/python3.8/site-packages/airflow/example_dags/example_short_circuit_operator.py
[2024-02-21T19:56:27.900+0000] {processor.py:840} INFO - DAG(s) 'example_short_circuit_operator' retrieved from /home/airflow/.local/lib/python3.8/site-packages/airflow/example_dags/example_short_circuit_operator.py
[2024-02-21T19:56:27.922+0000] {logging_mixin.py:188} INFO - [2024-02-21T19:56:27.922+0000] {dag.py:3036} INFO - Sync 1 DAGs
[2024-02-21T19:56:27.942+0000] {logging_mixin.py:188} INFO - [2024-02-21T19:56:27.942+0000] {dag.py:3823} INFO - Setting next_dagrun for example_short_circuit_operator to 2024-02-20 00:00:00+00:00, run_after=2024-02-21 00:00:00+00:00
[2024-02-21T19:56:27.959+0000] {processor.py:183} INFO - Processing /home/airflow/.local/lib/python3.8/site-packages/airflow/example_dags/example_short_circuit_operator.py took 0.071 seconds
[2024-02-21T19:56:58.148+0000] {processor.py:161} INFO - Started process (PID=826) to work on /home/airflow/.local/lib/python3.8/site-packages/airflow/example_dags/example_short_circuit_operator.py
[2024-02-21T19:56:58.150+0000] {processor.py:830} INFO - Processing file /home/airflow/.local/lib/python3.8/site-packages/airflow/example_dags/example_short_circuit_operator.py for tasks to queue
[2024-02-21T19:56:58.152+0000] {logging_mixin.py:188} INFO - [2024-02-21T19:56:58.152+0000] {dagbag.py:538} INFO - Filling up the DagBag from /home/airflow/.local/lib/python3.8/site-packages/airflow/example_dags/example_short_circuit_operator.py
[2024-02-21T19:56:58.160+0000] {processor.py:840} INFO - DAG(s) 'example_short_circuit_operator' retrieved from /home/airflow/.local/lib/python3.8/site-packages/airflow/example_dags/example_short_circuit_operator.py
[2024-02-21T19:56:58.189+0000] {logging_mixin.py:188} INFO - [2024-02-21T19:56:58.189+0000] {dag.py:3036} INFO - Sync 1 DAGs
[2024-02-21T19:56:58.213+0000] {logging_mixin.py:188} INFO - [2024-02-21T19:56:58.213+0000] {dag.py:3823} INFO - Setting next_dagrun for example_short_circuit_operator to 2024-02-20 00:00:00+00:00, run_after=2024-02-21 00:00:00+00:00
[2024-02-21T19:56:58.234+0000] {processor.py:183} INFO - Processing /home/airflow/.local/lib/python3.8/site-packages/airflow/example_dags/example_short_circuit_operator.py took 0.089 seconds
[2024-02-21T19:57:28.418+0000] {processor.py:161} INFO - Started process (PID=881) to work on /home/airflow/.local/lib/python3.8/site-packages/airflow/example_dags/example_short_circuit_operator.py
[2024-02-21T19:57:28.419+0000] {processor.py:830} INFO - Processing file /home/airflow/.local/lib/python3.8/site-packages/airflow/example_dags/example_short_circuit_operator.py for tasks to queue
[2024-02-21T19:57:28.421+0000] {logging_mixin.py:188} INFO - [2024-02-21T19:57:28.420+0000] {dagbag.py:538} INFO - Filling up the DagBag from /home/airflow/.local/lib/python3.8/site-packages/airflow/example_dags/example_short_circuit_operator.py
[2024-02-21T19:57:28.427+0000] {processor.py:840} INFO - DAG(s) 'example_short_circuit_operator' retrieved from /home/airflow/.local/lib/python3.8/site-packages/airflow/example_dags/example_short_circuit_operator.py
[2024-02-21T19:57:28.453+0000] {logging_mixin.py:188} INFO - [2024-02-21T19:57:28.453+0000] {dag.py:3036} INFO - Sync 1 DAGs
[2024-02-21T19:57:28.475+0000] {logging_mixin.py:188} INFO - [2024-02-21T19:57:28.474+0000] {dag.py:3823} INFO - Setting next_dagrun for example_short_circuit_operator to 2024-02-20 00:00:00+00:00, run_after=2024-02-21 00:00:00+00:00
[2024-02-21T19:57:28.492+0000] {processor.py:183} INFO - Processing /home/airflow/.local/lib/python3.8/site-packages/airflow/example_dags/example_short_circuit_operator.py took 0.078 seconds
[2024-02-21T19:57:58.860+0000] {processor.py:161} INFO - Started process (PID=936) to work on /home/airflow/.local/lib/python3.8/site-packages/airflow/example_dags/example_short_circuit_operator.py
[2024-02-21T19:57:58.861+0000] {processor.py:830} INFO - Processing file /home/airflow/.local/lib/python3.8/site-packages/airflow/example_dags/example_short_circuit_operator.py for tasks to queue
[2024-02-21T19:57:58.863+0000] {logging_mixin.py:188} INFO - [2024-02-21T19:57:58.862+0000] {dagbag.py:538} INFO - Filling up the DagBag from /home/airflow/.local/lib/python3.8/site-packages/airflow/example_dags/example_short_circuit_operator.py
[2024-02-21T19:57:58.869+0000] {processor.py:840} INFO - DAG(s) 'example_short_circuit_operator' retrieved from /home/airflow/.local/lib/python3.8/site-packages/airflow/example_dags/example_short_circuit_operator.py
[2024-02-21T19:57:58.891+0000] {logging_mixin.py:188} INFO - [2024-02-21T19:57:58.890+0000] {dag.py:3036} INFO - Sync 1 DAGs
[2024-02-21T19:57:58.914+0000] {logging_mixin.py:188} INFO - [2024-02-21T19:57:58.913+0000] {dag.py:3823} INFO - Setting next_dagrun for example_short_circuit_operator to 2024-02-20 00:00:00+00:00, run_after=2024-02-21 00:00:00+00:00
[2024-02-21T19:57:58.940+0000] {processor.py:183} INFO - Processing /home/airflow/.local/lib/python3.8/site-packages/airflow/example_dags/example_short_circuit_operator.py took 0.083 seconds
[2024-02-21T19:58:29.359+0000] {processor.py:161} INFO - Started process (PID=991) to work on /home/airflow/.local/lib/python3.8/site-packages/airflow/example_dags/example_short_circuit_operator.py
[2024-02-21T19:58:29.360+0000] {processor.py:830} INFO - Processing file /home/airflow/.local/lib/python3.8/site-packages/airflow/example_dags/example_short_circuit_operator.py for tasks to queue
[2024-02-21T19:58:29.362+0000] {logging_mixin.py:188} INFO - [2024-02-21T19:58:29.362+0000] {dagbag.py:538} INFO - Filling up the DagBag from /home/airflow/.local/lib/python3.8/site-packages/airflow/example_dags/example_short_circuit_operator.py
[2024-02-21T19:58:29.369+0000] {processor.py:840} INFO - DAG(s) 'example_short_circuit_operator' retrieved from /home/airflow/.local/lib/python3.8/site-packages/airflow/example_dags/example_short_circuit_operator.py
[2024-02-21T19:58:29.392+0000] {logging_mixin.py:188} INFO - [2024-02-21T19:58:29.392+0000] {dag.py:3036} INFO - Sync 1 DAGs
[2024-02-21T19:58:29.417+0000] {logging_mixin.py:188} INFO - [2024-02-21T19:58:29.417+0000] {dag.py:3823} INFO - Setting next_dagrun for example_short_circuit_operator to 2024-02-20 00:00:00+00:00, run_after=2024-02-21 00:00:00+00:00
[2024-02-21T19:58:29.435+0000] {processor.py:183} INFO - Processing /home/airflow/.local/lib/python3.8/site-packages/airflow/example_dags/example_short_circuit_operator.py took 0.079 seconds
[2024-02-21T19:58:59.718+0000] {processor.py:161} INFO - Started process (PID=1046) to work on /home/airflow/.local/lib/python3.8/site-packages/airflow/example_dags/example_short_circuit_operator.py
[2024-02-21T19:58:59.719+0000] {processor.py:830} INFO - Processing file /home/airflow/.local/lib/python3.8/site-packages/airflow/example_dags/example_short_circuit_operator.py for tasks to queue
[2024-02-21T19:58:59.722+0000] {logging_mixin.py:188} INFO - [2024-02-21T19:58:59.721+0000] {dagbag.py:538} INFO - Filling up the DagBag from /home/airflow/.local/lib/python3.8/site-packages/airflow/example_dags/example_short_circuit_operator.py
[2024-02-21T19:58:59.729+0000] {processor.py:840} INFO - DAG(s) 'example_short_circuit_operator' retrieved from /home/airflow/.local/lib/python3.8/site-packages/airflow/example_dags/example_short_circuit_operator.py
[2024-02-21T19:58:59.752+0000] {logging_mixin.py:188} INFO - [2024-02-21T19:58:59.752+0000] {dag.py:3036} INFO - Sync 1 DAGs
[2024-02-21T19:58:59.788+0000] {logging_mixin.py:188} INFO - [2024-02-21T19:58:59.787+0000] {dag.py:3823} INFO - Setting next_dagrun for example_short_circuit_operator to 2024-02-20 00:00:00+00:00, run_after=2024-02-21 00:00:00+00:00
[2024-02-21T19:58:59.817+0000] {processor.py:183} INFO - Processing /home/airflow/.local/lib/python3.8/site-packages/airflow/example_dags/example_short_circuit_operator.py took 0.102 seconds
[2024-02-21T19:59:30.198+0000] {processor.py:161} INFO - Started process (PID=1101) to work on /home/airflow/.local/lib/python3.8/site-packages/airflow/example_dags/example_short_circuit_operator.py
[2024-02-21T19:59:30.199+0000] {processor.py:830} INFO - Processing file /home/airflow/.local/lib/python3.8/site-packages/airflow/example_dags/example_short_circuit_operator.py for tasks to queue
[2024-02-21T19:59:30.200+0000] {logging_mixin.py:188} INFO - [2024-02-21T19:59:30.200+0000] {dagbag.py:538} INFO - Filling up the DagBag from /home/airflow/.local/lib/python3.8/site-packages/airflow/example_dags/example_short_circuit_operator.py
[2024-02-21T19:59:30.207+0000] {processor.py:840} INFO - DAG(s) 'example_short_circuit_operator' retrieved from /home/airflow/.local/lib/python3.8/site-packages/airflow/example_dags/example_short_circuit_operator.py
[2024-02-21T19:59:30.229+0000] {logging_mixin.py:188} INFO - [2024-02-21T19:59:30.229+0000] {dag.py:3036} INFO - Sync 1 DAGs
[2024-02-21T19:59:30.250+0000] {logging_mixin.py:188} INFO - [2024-02-21T19:59:30.250+0000] {dag.py:3823} INFO - Setting next_dagrun for example_short_circuit_operator to 2024-02-20 00:00:00+00:00, run_after=2024-02-21 00:00:00+00:00
[2024-02-21T19:59:30.276+0000] {processor.py:183} INFO - Processing /home/airflow/.local/lib/python3.8/site-packages/airflow/example_dags/example_short_circuit_operator.py took 0.081 seconds
[2024-02-21T20:00:00.783+0000] {processor.py:161} INFO - Started process (PID=1156) to work on /home/airflow/.local/lib/python3.8/site-packages/airflow/example_dags/example_short_circuit_operator.py
[2024-02-21T20:00:00.784+0000] {processor.py:830} INFO - Processing file /home/airflow/.local/lib/python3.8/site-packages/airflow/example_dags/example_short_circuit_operator.py for tasks to queue
[2024-02-21T20:00:00.786+0000] {logging_mixin.py:188} INFO - [2024-02-21T20:00:00.786+0000] {dagbag.py:538} INFO - Filling up the DagBag from /home/airflow/.local/lib/python3.8/site-packages/airflow/example_dags/example_short_circuit_operator.py
[2024-02-21T20:00:00.794+0000] {processor.py:840} INFO - DAG(s) 'example_short_circuit_operator' retrieved from /home/airflow/.local/lib/python3.8/site-packages/airflow/example_dags/example_short_circuit_operator.py
[2024-02-21T20:00:00.817+0000] {logging_mixin.py:188} INFO - [2024-02-21T20:00:00.817+0000] {dag.py:3036} INFO - Sync 1 DAGs
[2024-02-21T20:00:00.839+0000] {logging_mixin.py:188} INFO - [2024-02-21T20:00:00.839+0000] {dag.py:3823} INFO - Setting next_dagrun for example_short_circuit_operator to 2024-02-20 00:00:00+00:00, run_after=2024-02-21 00:00:00+00:00
[2024-02-21T20:00:00.858+0000] {processor.py:183} INFO - Processing /home/airflow/.local/lib/python3.8/site-packages/airflow/example_dags/example_short_circuit_operator.py took 0.077 seconds
[2024-02-21T20:00:31.143+0000] {processor.py:161} INFO - Started process (PID=1211) to work on /home/airflow/.local/lib/python3.8/site-packages/airflow/example_dags/example_short_circuit_operator.py
[2024-02-21T20:00:31.145+0000] {processor.py:830} INFO - Processing file /home/airflow/.local/lib/python3.8/site-packages/airflow/example_dags/example_short_circuit_operator.py for tasks to queue
[2024-02-21T20:00:31.147+0000] {logging_mixin.py:188} INFO - [2024-02-21T20:00:31.147+0000] {dagbag.py:538} INFO - Filling up the DagBag from /home/airflow/.local/lib/python3.8/site-packages/airflow/example_dags/example_short_circuit_operator.py
[2024-02-21T20:00:31.155+0000] {processor.py:840} INFO - DAG(s) 'example_short_circuit_operator' retrieved from /home/airflow/.local/lib/python3.8/site-packages/airflow/example_dags/example_short_circuit_operator.py
[2024-02-21T20:00:31.180+0000] {logging_mixin.py:188} INFO - [2024-02-21T20:00:31.179+0000] {dag.py:3036} INFO - Sync 1 DAGs
[2024-02-21T20:00:31.205+0000] {logging_mixin.py:188} INFO - [2024-02-21T20:00:31.205+0000] {dag.py:3823} INFO - Setting next_dagrun for example_short_circuit_operator to 2024-02-20 00:00:00+00:00, run_after=2024-02-21 00:00:00+00:00
[2024-02-21T20:00:31.228+0000] {processor.py:183} INFO - Processing /home/airflow/.local/lib/python3.8/site-packages/airflow/example_dags/example_short_circuit_operator.py took 0.089 seconds
[2024-02-21T20:01:01.608+0000] {processor.py:161} INFO - Started process (PID=1266) to work on /home/airflow/.local/lib/python3.8/site-packages/airflow/example_dags/example_short_circuit_operator.py
[2024-02-21T20:01:01.609+0000] {processor.py:830} INFO - Processing file /home/airflow/.local/lib/python3.8/site-packages/airflow/example_dags/example_short_circuit_operator.py for tasks to queue
[2024-02-21T20:01:01.611+0000] {logging_mixin.py:188} INFO - [2024-02-21T20:01:01.610+0000] {dagbag.py:538} INFO - Filling up the DagBag from /home/airflow/.local/lib/python3.8/site-packages/airflow/example_dags/example_short_circuit_operator.py
[2024-02-21T20:01:01.617+0000] {processor.py:840} INFO - DAG(s) 'example_short_circuit_operator' retrieved from /home/airflow/.local/lib/python3.8/site-packages/airflow/example_dags/example_short_circuit_operator.py
[2024-02-21T20:01:01.644+0000] {logging_mixin.py:188} INFO - [2024-02-21T20:01:01.644+0000] {dag.py:3036} INFO - Sync 1 DAGs
[2024-02-21T20:01:01.665+0000] {logging_mixin.py:188} INFO - [2024-02-21T20:01:01.664+0000] {dag.py:3823} INFO - Setting next_dagrun for example_short_circuit_operator to 2024-02-20 00:00:00+00:00, run_after=2024-02-21 00:00:00+00:00
[2024-02-21T20:01:01.684+0000] {processor.py:183} INFO - Processing /home/airflow/.local/lib/python3.8/site-packages/airflow/example_dags/example_short_circuit_operator.py took 0.080 seconds
[2024-02-21T20:01:32.020+0000] {processor.py:161} INFO - Started process (PID=1321) to work on /home/airflow/.local/lib/python3.8/site-packages/airflow/example_dags/example_short_circuit_operator.py
[2024-02-21T20:01:32.021+0000] {processor.py:830} INFO - Processing file /home/airflow/.local/lib/python3.8/site-packages/airflow/example_dags/example_short_circuit_operator.py for tasks to queue
[2024-02-21T20:01:32.023+0000] {logging_mixin.py:188} INFO - [2024-02-21T20:01:32.023+0000] {dagbag.py:538} INFO - Filling up the DagBag from /home/airflow/.local/lib/python3.8/site-packages/airflow/example_dags/example_short_circuit_operator.py
[2024-02-21T20:01:32.032+0000] {processor.py:840} INFO - DAG(s) 'example_short_circuit_operator' retrieved from /home/airflow/.local/lib/python3.8/site-packages/airflow/example_dags/example_short_circuit_operator.py
[2024-02-21T20:01:32.055+0000] {logging_mixin.py:188} INFO - [2024-02-21T20:01:32.055+0000] {dag.py:3036} INFO - Sync 1 DAGs
[2024-02-21T20:01:32.088+0000] {logging_mixin.py:188} INFO - [2024-02-21T20:01:32.088+0000] {dag.py:3823} INFO - Setting next_dagrun for example_short_circuit_operator to 2024-02-20 00:00:00+00:00, run_after=2024-02-21 00:00:00+00:00
[2024-02-21T20:01:32.159+0000] {processor.py:183} INFO - Processing /home/airflow/.local/lib/python3.8/site-packages/airflow/example_dags/example_short_circuit_operator.py took 0.142 seconds
[2024-02-21T20:02:02.331+0000] {processor.py:161} INFO - Started process (PID=1376) to work on /home/airflow/.local/lib/python3.8/site-packages/airflow/example_dags/example_short_circuit_operator.py
[2024-02-21T20:02:02.332+0000] {processor.py:830} INFO - Processing file /home/airflow/.local/lib/python3.8/site-packages/airflow/example_dags/example_short_circuit_operator.py for tasks to queue
[2024-02-21T20:02:02.333+0000] {logging_mixin.py:188} INFO - [2024-02-21T20:02:02.333+0000] {dagbag.py:538} INFO - Filling up the DagBag from /home/airflow/.local/lib/python3.8/site-packages/airflow/example_dags/example_short_circuit_operator.py
[2024-02-21T20:02:02.340+0000] {processor.py:840} INFO - DAG(s) 'example_short_circuit_operator' retrieved from /home/airflow/.local/lib/python3.8/site-packages/airflow/example_dags/example_short_circuit_operator.py
[2024-02-21T20:02:02.362+0000] {logging_mixin.py:188} INFO - [2024-02-21T20:02:02.362+0000] {dag.py:3036} INFO - Sync 1 DAGs
[2024-02-21T20:02:02.383+0000] {logging_mixin.py:188} INFO - [2024-02-21T20:02:02.383+0000] {dag.py:3823} INFO - Setting next_dagrun for example_short_circuit_operator to 2024-02-20 00:00:00+00:00, run_after=2024-02-21 00:00:00+00:00
[2024-02-21T20:02:02.402+0000] {processor.py:183} INFO - Processing /home/airflow/.local/lib/python3.8/site-packages/airflow/example_dags/example_short_circuit_operator.py took 0.074 seconds
