[2024-02-21T19:49:51.111+0000] {processor.py:161} INFO - Started process (PID=55) to work on /home/airflow/.local/lib/python3.8/site-packages/airflow/example_dags/example_external_task_marker_dag.py
[2024-02-21T19:49:51.112+0000] {processor.py:830} INFO - Processing file /home/airflow/.local/lib/python3.8/site-packages/airflow/example_dags/example_external_task_marker_dag.py for tasks to queue
[2024-02-21T19:49:51.114+0000] {logging_mixin.py:188} INFO - [2024-02-21T19:49:51.114+0000] {dagbag.py:538} INFO - Filling up the DagBag from /home/airflow/.local/lib/python3.8/site-packages/airflow/example_dags/example_external_task_marker_dag.py
[2024-02-21T19:49:51.138+0000] {processor.py:840} INFO - DAG(s) 'example_external_task_marker_parent', 'example_external_task_marker_child' retrieved from /home/airflow/.local/lib/python3.8/site-packages/airflow/example_dags/example_external_task_marker_dag.py
[2024-02-21T19:49:51.540+0000] {logging_mixin.py:188} INFO - [2024-02-21T19:49:51.540+0000] {dag.py:3036} INFO - Sync 2 DAGs
[2024-02-21T19:49:51.552+0000] {logging_mixin.py:188} INFO - [2024-02-21T19:49:51.552+0000] {dag.py:3823} INFO - Setting next_dagrun for example_external_task_marker_child to None, run_after=None
[2024-02-21T19:49:51.556+0000] {logging_mixin.py:188} INFO - [2024-02-21T19:49:51.555+0000] {dag.py:3823} INFO - Setting next_dagrun for example_external_task_marker_parent to None, run_after=None
[2024-02-21T19:49:51.575+0000] {processor.py:183} INFO - Processing /home/airflow/.local/lib/python3.8/site-packages/airflow/example_dags/example_external_task_marker_dag.py took 0.467 seconds
[2024-02-21T19:50:22.236+0000] {processor.py:161} INFO - Started process (PID=110) to work on /home/airflow/.local/lib/python3.8/site-packages/airflow/example_dags/example_external_task_marker_dag.py
[2024-02-21T19:50:22.238+0000] {processor.py:830} INFO - Processing file /home/airflow/.local/lib/python3.8/site-packages/airflow/example_dags/example_external_task_marker_dag.py for tasks to queue
[2024-02-21T19:50:22.241+0000] {logging_mixin.py:188} INFO - [2024-02-21T19:50:22.241+0000] {dagbag.py:538} INFO - Filling up the DagBag from /home/airflow/.local/lib/python3.8/site-packages/airflow/example_dags/example_external_task_marker_dag.py
[2024-02-21T19:50:22.251+0000] {processor.py:840} INFO - DAG(s) 'example_external_task_marker_child', 'example_external_task_marker_parent' retrieved from /home/airflow/.local/lib/python3.8/site-packages/airflow/example_dags/example_external_task_marker_dag.py
[2024-02-21T19:50:22.281+0000] {logging_mixin.py:188} INFO - [2024-02-21T19:50:22.280+0000] {dag.py:3036} INFO - Sync 2 DAGs
[2024-02-21T19:50:22.295+0000] {logging_mixin.py:188} INFO - [2024-02-21T19:50:22.295+0000] {dag.py:3823} INFO - Setting next_dagrun for example_external_task_marker_child to None, run_after=None
[2024-02-21T19:50:22.301+0000] {logging_mixin.py:188} INFO - [2024-02-21T19:50:22.300+0000] {dag.py:3823} INFO - Setting next_dagrun for example_external_task_marker_parent to None, run_after=None
[2024-02-21T19:50:22.324+0000] {processor.py:183} INFO - Processing /home/airflow/.local/lib/python3.8/site-packages/airflow/example_dags/example_external_task_marker_dag.py took 0.093 seconds
[2024-02-21T19:50:52.637+0000] {processor.py:161} INFO - Started process (PID=165) to work on /home/airflow/.local/lib/python3.8/site-packages/airflow/example_dags/example_external_task_marker_dag.py
[2024-02-21T19:50:52.638+0000] {processor.py:830} INFO - Processing file /home/airflow/.local/lib/python3.8/site-packages/airflow/example_dags/example_external_task_marker_dag.py for tasks to queue
[2024-02-21T19:50:52.640+0000] {logging_mixin.py:188} INFO - [2024-02-21T19:50:52.640+0000] {dagbag.py:538} INFO - Filling up the DagBag from /home/airflow/.local/lib/python3.8/site-packages/airflow/example_dags/example_external_task_marker_dag.py
[2024-02-21T19:50:52.646+0000] {processor.py:840} INFO - DAG(s) 'example_external_task_marker_child', 'example_external_task_marker_parent' retrieved from /home/airflow/.local/lib/python3.8/site-packages/airflow/example_dags/example_external_task_marker_dag.py
[2024-02-21T19:50:52.668+0000] {logging_mixin.py:188} INFO - [2024-02-21T19:50:52.668+0000] {dag.py:3036} INFO - Sync 2 DAGs
[2024-02-21T19:50:52.681+0000] {logging_mixin.py:188} INFO - [2024-02-21T19:50:52.681+0000] {dag.py:3823} INFO - Setting next_dagrun for example_external_task_marker_child to None, run_after=None
[2024-02-21T19:50:52.686+0000] {logging_mixin.py:188} INFO - [2024-02-21T19:50:52.685+0000] {dag.py:3823} INFO - Setting next_dagrun for example_external_task_marker_parent to None, run_after=None
[2024-02-21T19:50:52.764+0000] {processor.py:183} INFO - Processing /home/airflow/.local/lib/python3.8/site-packages/airflow/example_dags/example_external_task_marker_dag.py took 0.131 seconds
[2024-02-21T19:51:22.925+0000] {processor.py:161} INFO - Started process (PID=220) to work on /home/airflow/.local/lib/python3.8/site-packages/airflow/example_dags/example_external_task_marker_dag.py
[2024-02-21T19:51:22.927+0000] {processor.py:830} INFO - Processing file /home/airflow/.local/lib/python3.8/site-packages/airflow/example_dags/example_external_task_marker_dag.py for tasks to queue
[2024-02-21T19:51:22.929+0000] {logging_mixin.py:188} INFO - [2024-02-21T19:51:22.929+0000] {dagbag.py:538} INFO - Filling up the DagBag from /home/airflow/.local/lib/python3.8/site-packages/airflow/example_dags/example_external_task_marker_dag.py
[2024-02-21T19:51:22.935+0000] {processor.py:840} INFO - DAG(s) 'example_external_task_marker_parent', 'example_external_task_marker_child' retrieved from /home/airflow/.local/lib/python3.8/site-packages/airflow/example_dags/example_external_task_marker_dag.py
[2024-02-21T19:51:22.964+0000] {logging_mixin.py:188} INFO - [2024-02-21T19:51:22.964+0000] {dag.py:3036} INFO - Sync 2 DAGs
[2024-02-21T19:51:22.980+0000] {logging_mixin.py:188} INFO - [2024-02-21T19:51:22.980+0000] {dag.py:3823} INFO - Setting next_dagrun for example_external_task_marker_child to None, run_after=None
[2024-02-21T19:51:22.984+0000] {logging_mixin.py:188} INFO - [2024-02-21T19:51:22.984+0000] {dag.py:3823} INFO - Setting next_dagrun for example_external_task_marker_parent to None, run_after=None
[2024-02-21T19:51:23.004+0000] {processor.py:183} INFO - Processing /home/airflow/.local/lib/python3.8/site-packages/airflow/example_dags/example_external_task_marker_dag.py took 0.083 seconds
[2024-02-21T19:51:53.466+0000] {processor.py:161} INFO - Started process (PID=275) to work on /home/airflow/.local/lib/python3.8/site-packages/airflow/example_dags/example_external_task_marker_dag.py
[2024-02-21T19:51:53.467+0000] {processor.py:830} INFO - Processing file /home/airflow/.local/lib/python3.8/site-packages/airflow/example_dags/example_external_task_marker_dag.py for tasks to queue
[2024-02-21T19:51:53.468+0000] {logging_mixin.py:188} INFO - [2024-02-21T19:51:53.468+0000] {dagbag.py:538} INFO - Filling up the DagBag from /home/airflow/.local/lib/python3.8/site-packages/airflow/example_dags/example_external_task_marker_dag.py
[2024-02-21T19:51:53.474+0000] {processor.py:840} INFO - DAG(s) 'example_external_task_marker_child', 'example_external_task_marker_parent' retrieved from /home/airflow/.local/lib/python3.8/site-packages/airflow/example_dags/example_external_task_marker_dag.py
[2024-02-21T19:51:53.499+0000] {logging_mixin.py:188} INFO - [2024-02-21T19:51:53.499+0000] {dag.py:3036} INFO - Sync 2 DAGs
[2024-02-21T19:51:53.511+0000] {logging_mixin.py:188} INFO - [2024-02-21T19:51:53.511+0000] {dag.py:3823} INFO - Setting next_dagrun for example_external_task_marker_child to None, run_after=None
[2024-02-21T19:51:53.515+0000] {logging_mixin.py:188} INFO - [2024-02-21T19:51:53.515+0000] {dag.py:3823} INFO - Setting next_dagrun for example_external_task_marker_parent to None, run_after=None
[2024-02-21T19:51:53.559+0000] {processor.py:183} INFO - Processing /home/airflow/.local/lib/python3.8/site-packages/airflow/example_dags/example_external_task_marker_dag.py took 0.096 seconds
[2024-02-21T19:52:23.675+0000] {processor.py:161} INFO - Started process (PID=330) to work on /home/airflow/.local/lib/python3.8/site-packages/airflow/example_dags/example_external_task_marker_dag.py
[2024-02-21T19:52:23.676+0000] {processor.py:830} INFO - Processing file /home/airflow/.local/lib/python3.8/site-packages/airflow/example_dags/example_external_task_marker_dag.py for tasks to queue
[2024-02-21T19:52:23.678+0000] {logging_mixin.py:188} INFO - [2024-02-21T19:52:23.678+0000] {dagbag.py:538} INFO - Filling up the DagBag from /home/airflow/.local/lib/python3.8/site-packages/airflow/example_dags/example_external_task_marker_dag.py
[2024-02-21T19:52:23.684+0000] {processor.py:840} INFO - DAG(s) 'example_external_task_marker_parent', 'example_external_task_marker_child' retrieved from /home/airflow/.local/lib/python3.8/site-packages/airflow/example_dags/example_external_task_marker_dag.py
[2024-02-21T19:52:23.706+0000] {logging_mixin.py:188} INFO - [2024-02-21T19:52:23.706+0000] {dag.py:3036} INFO - Sync 2 DAGs
[2024-02-21T19:52:23.719+0000] {logging_mixin.py:188} INFO - [2024-02-21T19:52:23.718+0000] {dag.py:3823} INFO - Setting next_dagrun for example_external_task_marker_child to None, run_after=None
[2024-02-21T19:52:23.722+0000] {logging_mixin.py:188} INFO - [2024-02-21T19:52:23.722+0000] {dag.py:3823} INFO - Setting next_dagrun for example_external_task_marker_parent to None, run_after=None
[2024-02-21T19:52:23.738+0000] {processor.py:183} INFO - Processing /home/airflow/.local/lib/python3.8/site-packages/airflow/example_dags/example_external_task_marker_dag.py took 0.066 seconds
[2024-02-21T19:52:53.959+0000] {processor.py:161} INFO - Started process (PID=385) to work on /home/airflow/.local/lib/python3.8/site-packages/airflow/example_dags/example_external_task_marker_dag.py
[2024-02-21T19:52:53.961+0000] {processor.py:830} INFO - Processing file /home/airflow/.local/lib/python3.8/site-packages/airflow/example_dags/example_external_task_marker_dag.py for tasks to queue
[2024-02-21T19:52:53.963+0000] {logging_mixin.py:188} INFO - [2024-02-21T19:52:53.963+0000] {dagbag.py:538} INFO - Filling up the DagBag from /home/airflow/.local/lib/python3.8/site-packages/airflow/example_dags/example_external_task_marker_dag.py
[2024-02-21T19:52:53.969+0000] {processor.py:840} INFO - DAG(s) 'example_external_task_marker_parent', 'example_external_task_marker_child' retrieved from /home/airflow/.local/lib/python3.8/site-packages/airflow/example_dags/example_external_task_marker_dag.py
[2024-02-21T19:52:53.994+0000] {logging_mixin.py:188} INFO - [2024-02-21T19:52:53.994+0000] {dag.py:3036} INFO - Sync 2 DAGs
[2024-02-21T19:52:54.007+0000] {logging_mixin.py:188} INFO - [2024-02-21T19:52:54.007+0000] {dag.py:3823} INFO - Setting next_dagrun for example_external_task_marker_child to None, run_after=None
[2024-02-21T19:52:54.012+0000] {logging_mixin.py:188} INFO - [2024-02-21T19:52:54.012+0000] {dag.py:3823} INFO - Setting next_dagrun for example_external_task_marker_parent to None, run_after=None
[2024-02-21T19:52:54.033+0000] {processor.py:183} INFO - Processing /home/airflow/.local/lib/python3.8/site-packages/airflow/example_dags/example_external_task_marker_dag.py took 0.079 seconds
[2024-02-21T19:53:24.096+0000] {processor.py:161} INFO - Started process (PID=440) to work on /home/airflow/.local/lib/python3.8/site-packages/airflow/example_dags/example_external_task_marker_dag.py
[2024-02-21T19:53:24.103+0000] {processor.py:830} INFO - Processing file /home/airflow/.local/lib/python3.8/site-packages/airflow/example_dags/example_external_task_marker_dag.py for tasks to queue
[2024-02-21T19:53:24.106+0000] {logging_mixin.py:188} INFO - [2024-02-21T19:53:24.105+0000] {dagbag.py:538} INFO - Filling up the DagBag from /home/airflow/.local/lib/python3.8/site-packages/airflow/example_dags/example_external_task_marker_dag.py
[2024-02-21T19:53:24.113+0000] {processor.py:840} INFO - DAG(s) 'example_external_task_marker_parent', 'example_external_task_marker_child' retrieved from /home/airflow/.local/lib/python3.8/site-packages/airflow/example_dags/example_external_task_marker_dag.py
[2024-02-21T19:53:24.141+0000] {logging_mixin.py:188} INFO - [2024-02-21T19:53:24.140+0000] {dag.py:3036} INFO - Sync 2 DAGs
[2024-02-21T19:53:24.154+0000] {logging_mixin.py:188} INFO - [2024-02-21T19:53:24.154+0000] {dag.py:3823} INFO - Setting next_dagrun for example_external_task_marker_child to None, run_after=None
[2024-02-21T19:53:24.158+0000] {logging_mixin.py:188} INFO - [2024-02-21T19:53:24.158+0000] {dag.py:3823} INFO - Setting next_dagrun for example_external_task_marker_parent to None, run_after=None
[2024-02-21T19:53:24.179+0000] {processor.py:183} INFO - Processing /home/airflow/.local/lib/python3.8/site-packages/airflow/example_dags/example_external_task_marker_dag.py took 0.088 seconds
[2024-02-21T19:53:54.893+0000] {processor.py:161} INFO - Started process (PID=495) to work on /home/airflow/.local/lib/python3.8/site-packages/airflow/example_dags/example_external_task_marker_dag.py
[2024-02-21T19:53:54.895+0000] {processor.py:830} INFO - Processing file /home/airflow/.local/lib/python3.8/site-packages/airflow/example_dags/example_external_task_marker_dag.py for tasks to queue
[2024-02-21T19:53:54.897+0000] {logging_mixin.py:188} INFO - [2024-02-21T19:53:54.897+0000] {dagbag.py:538} INFO - Filling up the DagBag from /home/airflow/.local/lib/python3.8/site-packages/airflow/example_dags/example_external_task_marker_dag.py
[2024-02-21T19:53:54.905+0000] {processor.py:840} INFO - DAG(s) 'example_external_task_marker_child', 'example_external_task_marker_parent' retrieved from /home/airflow/.local/lib/python3.8/site-packages/airflow/example_dags/example_external_task_marker_dag.py
[2024-02-21T19:53:54.928+0000] {logging_mixin.py:188} INFO - [2024-02-21T19:53:54.928+0000] {dag.py:3036} INFO - Sync 2 DAGs
[2024-02-21T19:53:54.941+0000] {logging_mixin.py:188} INFO - [2024-02-21T19:53:54.941+0000] {dag.py:3823} INFO - Setting next_dagrun for example_external_task_marker_child to None, run_after=None
[2024-02-21T19:53:54.945+0000] {logging_mixin.py:188} INFO - [2024-02-21T19:53:54.944+0000] {dag.py:3823} INFO - Setting next_dagrun for example_external_task_marker_parent to None, run_after=None
[2024-02-21T19:53:54.960+0000] {processor.py:183} INFO - Processing /home/airflow/.local/lib/python3.8/site-packages/airflow/example_dags/example_external_task_marker_dag.py took 0.070 seconds
[2024-02-21T19:54:25.363+0000] {processor.py:161} INFO - Started process (PID=550) to work on /home/airflow/.local/lib/python3.8/site-packages/airflow/example_dags/example_external_task_marker_dag.py
[2024-02-21T19:54:25.365+0000] {processor.py:830} INFO - Processing file /home/airflow/.local/lib/python3.8/site-packages/airflow/example_dags/example_external_task_marker_dag.py for tasks to queue
[2024-02-21T19:54:25.368+0000] {logging_mixin.py:188} INFO - [2024-02-21T19:54:25.367+0000] {dagbag.py:538} INFO - Filling up the DagBag from /home/airflow/.local/lib/python3.8/site-packages/airflow/example_dags/example_external_task_marker_dag.py
[2024-02-21T19:54:25.377+0000] {processor.py:840} INFO - DAG(s) 'example_external_task_marker_child', 'example_external_task_marker_parent' retrieved from /home/airflow/.local/lib/python3.8/site-packages/airflow/example_dags/example_external_task_marker_dag.py
[2024-02-21T19:54:25.410+0000] {logging_mixin.py:188} INFO - [2024-02-21T19:54:25.409+0000] {dag.py:3036} INFO - Sync 2 DAGs
[2024-02-21T19:54:25.424+0000] {logging_mixin.py:188} INFO - [2024-02-21T19:54:25.424+0000] {dag.py:3823} INFO - Setting next_dagrun for example_external_task_marker_child to None, run_after=None
[2024-02-21T19:54:25.431+0000] {logging_mixin.py:188} INFO - [2024-02-21T19:54:25.431+0000] {dag.py:3823} INFO - Setting next_dagrun for example_external_task_marker_parent to None, run_after=None
[2024-02-21T19:54:25.450+0000] {processor.py:183} INFO - Processing /home/airflow/.local/lib/python3.8/site-packages/airflow/example_dags/example_external_task_marker_dag.py took 0.091 seconds
[2024-02-21T19:54:55.751+0000] {processor.py:161} INFO - Started process (PID=605) to work on /home/airflow/.local/lib/python3.8/site-packages/airflow/example_dags/example_external_task_marker_dag.py
[2024-02-21T19:54:55.752+0000] {processor.py:830} INFO - Processing file /home/airflow/.local/lib/python3.8/site-packages/airflow/example_dags/example_external_task_marker_dag.py for tasks to queue
[2024-02-21T19:54:55.754+0000] {logging_mixin.py:188} INFO - [2024-02-21T19:54:55.754+0000] {dagbag.py:538} INFO - Filling up the DagBag from /home/airflow/.local/lib/python3.8/site-packages/airflow/example_dags/example_external_task_marker_dag.py
[2024-02-21T19:54:55.761+0000] {processor.py:840} INFO - DAG(s) 'example_external_task_marker_parent', 'example_external_task_marker_child' retrieved from /home/airflow/.local/lib/python3.8/site-packages/airflow/example_dags/example_external_task_marker_dag.py
[2024-02-21T19:54:55.790+0000] {logging_mixin.py:188} INFO - [2024-02-21T19:54:55.789+0000] {dag.py:3036} INFO - Sync 2 DAGs
[2024-02-21T19:54:55.804+0000] {logging_mixin.py:188} INFO - [2024-02-21T19:54:55.803+0000] {dag.py:3823} INFO - Setting next_dagrun for example_external_task_marker_child to None, run_after=None
[2024-02-21T19:54:55.808+0000] {logging_mixin.py:188} INFO - [2024-02-21T19:54:55.808+0000] {dag.py:3823} INFO - Setting next_dagrun for example_external_task_marker_parent to None, run_after=None
[2024-02-21T19:54:55.826+0000] {processor.py:183} INFO - Processing /home/airflow/.local/lib/python3.8/site-packages/airflow/example_dags/example_external_task_marker_dag.py took 0.079 seconds
[2024-02-21T19:55:26.392+0000] {processor.py:161} INFO - Started process (PID=660) to work on /home/airflow/.local/lib/python3.8/site-packages/airflow/example_dags/example_external_task_marker_dag.py
[2024-02-21T19:55:26.393+0000] {processor.py:830} INFO - Processing file /home/airflow/.local/lib/python3.8/site-packages/airflow/example_dags/example_external_task_marker_dag.py for tasks to queue
[2024-02-21T19:55:26.396+0000] {logging_mixin.py:188} INFO - [2024-02-21T19:55:26.395+0000] {dagbag.py:538} INFO - Filling up the DagBag from /home/airflow/.local/lib/python3.8/site-packages/airflow/example_dags/example_external_task_marker_dag.py
[2024-02-21T19:55:26.405+0000] {processor.py:840} INFO - DAG(s) 'example_external_task_marker_child', 'example_external_task_marker_parent' retrieved from /home/airflow/.local/lib/python3.8/site-packages/airflow/example_dags/example_external_task_marker_dag.py
[2024-02-21T19:55:26.430+0000] {logging_mixin.py:188} INFO - [2024-02-21T19:55:26.429+0000] {dag.py:3036} INFO - Sync 2 DAGs
[2024-02-21T19:55:26.445+0000] {logging_mixin.py:188} INFO - [2024-02-21T19:55:26.445+0000] {dag.py:3823} INFO - Setting next_dagrun for example_external_task_marker_child to None, run_after=None
[2024-02-21T19:55:26.449+0000] {logging_mixin.py:188} INFO - [2024-02-21T19:55:26.449+0000] {dag.py:3823} INFO - Setting next_dagrun for example_external_task_marker_parent to None, run_after=None
[2024-02-21T19:55:26.468+0000] {processor.py:183} INFO - Processing /home/airflow/.local/lib/python3.8/site-packages/airflow/example_dags/example_external_task_marker_dag.py took 0.081 seconds
[2024-02-21T19:55:56.693+0000] {processor.py:161} INFO - Started process (PID=715) to work on /home/airflow/.local/lib/python3.8/site-packages/airflow/example_dags/example_external_task_marker_dag.py
[2024-02-21T19:55:56.695+0000] {processor.py:830} INFO - Processing file /home/airflow/.local/lib/python3.8/site-packages/airflow/example_dags/example_external_task_marker_dag.py for tasks to queue
[2024-02-21T19:55:56.698+0000] {logging_mixin.py:188} INFO - [2024-02-21T19:55:56.697+0000] {dagbag.py:538} INFO - Filling up the DagBag from /home/airflow/.local/lib/python3.8/site-packages/airflow/example_dags/example_external_task_marker_dag.py
[2024-02-21T19:55:56.705+0000] {processor.py:840} INFO - DAG(s) 'example_external_task_marker_child', 'example_external_task_marker_parent' retrieved from /home/airflow/.local/lib/python3.8/site-packages/airflow/example_dags/example_external_task_marker_dag.py
[2024-02-21T19:55:56.730+0000] {logging_mixin.py:188} INFO - [2024-02-21T19:55:56.730+0000] {dag.py:3036} INFO - Sync 2 DAGs
[2024-02-21T19:55:56.744+0000] {logging_mixin.py:188} INFO - [2024-02-21T19:55:56.744+0000] {dag.py:3823} INFO - Setting next_dagrun for example_external_task_marker_child to None, run_after=None
[2024-02-21T19:55:56.748+0000] {logging_mixin.py:188} INFO - [2024-02-21T19:55:56.748+0000] {dag.py:3823} INFO - Setting next_dagrun for example_external_task_marker_parent to None, run_after=None
[2024-02-21T19:55:56.767+0000] {processor.py:183} INFO - Processing /home/airflow/.local/lib/python3.8/site-packages/airflow/example_dags/example_external_task_marker_dag.py took 0.078 seconds
[2024-02-21T19:56:26.851+0000] {processor.py:161} INFO - Started process (PID=770) to work on /home/airflow/.local/lib/python3.8/site-packages/airflow/example_dags/example_external_task_marker_dag.py
[2024-02-21T19:56:26.853+0000] {processor.py:830} INFO - Processing file /home/airflow/.local/lib/python3.8/site-packages/airflow/example_dags/example_external_task_marker_dag.py for tasks to queue
[2024-02-21T19:56:26.855+0000] {logging_mixin.py:188} INFO - [2024-02-21T19:56:26.855+0000] {dagbag.py:538} INFO - Filling up the DagBag from /home/airflow/.local/lib/python3.8/site-packages/airflow/example_dags/example_external_task_marker_dag.py
[2024-02-21T19:56:26.863+0000] {processor.py:840} INFO - DAG(s) 'example_external_task_marker_child', 'example_external_task_marker_parent' retrieved from /home/airflow/.local/lib/python3.8/site-packages/airflow/example_dags/example_external_task_marker_dag.py
[2024-02-21T19:56:26.887+0000] {logging_mixin.py:188} INFO - [2024-02-21T19:56:26.887+0000] {dag.py:3036} INFO - Sync 2 DAGs
[2024-02-21T19:56:26.900+0000] {logging_mixin.py:188} INFO - [2024-02-21T19:56:26.900+0000] {dag.py:3823} INFO - Setting next_dagrun for example_external_task_marker_child to None, run_after=None
[2024-02-21T19:56:26.904+0000] {logging_mixin.py:188} INFO - [2024-02-21T19:56:26.904+0000] {dag.py:3823} INFO - Setting next_dagrun for example_external_task_marker_parent to None, run_after=None
[2024-02-21T19:56:26.922+0000] {processor.py:183} INFO - Processing /home/airflow/.local/lib/python3.8/site-packages/airflow/example_dags/example_external_task_marker_dag.py took 0.075 seconds
[2024-02-21T19:56:57.091+0000] {processor.py:161} INFO - Started process (PID=825) to work on /home/airflow/.local/lib/python3.8/site-packages/airflow/example_dags/example_external_task_marker_dag.py
[2024-02-21T19:56:57.092+0000] {processor.py:830} INFO - Processing file /home/airflow/.local/lib/python3.8/site-packages/airflow/example_dags/example_external_task_marker_dag.py for tasks to queue
[2024-02-21T19:56:57.094+0000] {logging_mixin.py:188} INFO - [2024-02-21T19:56:57.094+0000] {dagbag.py:538} INFO - Filling up the DagBag from /home/airflow/.local/lib/python3.8/site-packages/airflow/example_dags/example_external_task_marker_dag.py
[2024-02-21T19:56:57.108+0000] {processor.py:840} INFO - DAG(s) 'example_external_task_marker_parent', 'example_external_task_marker_child' retrieved from /home/airflow/.local/lib/python3.8/site-packages/airflow/example_dags/example_external_task_marker_dag.py
[2024-02-21T19:56:57.140+0000] {logging_mixin.py:188} INFO - [2024-02-21T19:56:57.139+0000] {dag.py:3036} INFO - Sync 2 DAGs
[2024-02-21T19:56:57.153+0000] {logging_mixin.py:188} INFO - [2024-02-21T19:56:57.153+0000] {dag.py:3823} INFO - Setting next_dagrun for example_external_task_marker_child to None, run_after=None
[2024-02-21T19:56:57.158+0000] {logging_mixin.py:188} INFO - [2024-02-21T19:56:57.158+0000] {dag.py:3823} INFO - Setting next_dagrun for example_external_task_marker_parent to None, run_after=None
[2024-02-21T19:56:57.175+0000] {processor.py:183} INFO - Processing /home/airflow/.local/lib/python3.8/site-packages/airflow/example_dags/example_external_task_marker_dag.py took 0.088 seconds
[2024-02-21T19:57:27.374+0000] {processor.py:161} INFO - Started process (PID=880) to work on /home/airflow/.local/lib/python3.8/site-packages/airflow/example_dags/example_external_task_marker_dag.py
[2024-02-21T19:57:27.375+0000] {processor.py:830} INFO - Processing file /home/airflow/.local/lib/python3.8/site-packages/airflow/example_dags/example_external_task_marker_dag.py for tasks to queue
[2024-02-21T19:57:27.378+0000] {logging_mixin.py:188} INFO - [2024-02-21T19:57:27.377+0000] {dagbag.py:538} INFO - Filling up the DagBag from /home/airflow/.local/lib/python3.8/site-packages/airflow/example_dags/example_external_task_marker_dag.py
[2024-02-21T19:57:27.385+0000] {processor.py:840} INFO - DAG(s) 'example_external_task_marker_child', 'example_external_task_marker_parent' retrieved from /home/airflow/.local/lib/python3.8/site-packages/airflow/example_dags/example_external_task_marker_dag.py
[2024-02-21T19:57:27.409+0000] {logging_mixin.py:188} INFO - [2024-02-21T19:57:27.409+0000] {dag.py:3036} INFO - Sync 2 DAGs
[2024-02-21T19:57:27.421+0000] {logging_mixin.py:188} INFO - [2024-02-21T19:57:27.420+0000] {dag.py:3823} INFO - Setting next_dagrun for example_external_task_marker_child to None, run_after=None
[2024-02-21T19:57:27.424+0000] {logging_mixin.py:188} INFO - [2024-02-21T19:57:27.424+0000] {dag.py:3823} INFO - Setting next_dagrun for example_external_task_marker_parent to None, run_after=None
[2024-02-21T19:57:27.442+0000] {processor.py:183} INFO - Processing /home/airflow/.local/lib/python3.8/site-packages/airflow/example_dags/example_external_task_marker_dag.py took 0.072 seconds
[2024-02-21T19:57:57.829+0000] {processor.py:161} INFO - Started process (PID=935) to work on /home/airflow/.local/lib/python3.8/site-packages/airflow/example_dags/example_external_task_marker_dag.py
[2024-02-21T19:57:57.830+0000] {processor.py:830} INFO - Processing file /home/airflow/.local/lib/python3.8/site-packages/airflow/example_dags/example_external_task_marker_dag.py for tasks to queue
[2024-02-21T19:57:57.832+0000] {logging_mixin.py:188} INFO - [2024-02-21T19:57:57.832+0000] {dagbag.py:538} INFO - Filling up the DagBag from /home/airflow/.local/lib/python3.8/site-packages/airflow/example_dags/example_external_task_marker_dag.py
[2024-02-21T19:57:57.839+0000] {processor.py:840} INFO - DAG(s) 'example_external_task_marker_child', 'example_external_task_marker_parent' retrieved from /home/airflow/.local/lib/python3.8/site-packages/airflow/example_dags/example_external_task_marker_dag.py
[2024-02-21T19:57:57.864+0000] {logging_mixin.py:188} INFO - [2024-02-21T19:57:57.863+0000] {dag.py:3036} INFO - Sync 2 DAGs
[2024-02-21T19:57:57.878+0000] {logging_mixin.py:188} INFO - [2024-02-21T19:57:57.877+0000] {dag.py:3823} INFO - Setting next_dagrun for example_external_task_marker_child to None, run_after=None
[2024-02-21T19:57:57.881+0000] {logging_mixin.py:188} INFO - [2024-02-21T19:57:57.881+0000] {dag.py:3823} INFO - Setting next_dagrun for example_external_task_marker_parent to None, run_after=None
[2024-02-21T19:57:57.897+0000] {processor.py:183} INFO - Processing /home/airflow/.local/lib/python3.8/site-packages/airflow/example_dags/example_external_task_marker_dag.py took 0.072 seconds
[2024-02-21T19:58:28.311+0000] {processor.py:161} INFO - Started process (PID=990) to work on /home/airflow/.local/lib/python3.8/site-packages/airflow/example_dags/example_external_task_marker_dag.py
[2024-02-21T19:58:28.312+0000] {processor.py:830} INFO - Processing file /home/airflow/.local/lib/python3.8/site-packages/airflow/example_dags/example_external_task_marker_dag.py for tasks to queue
[2024-02-21T19:58:28.315+0000] {logging_mixin.py:188} INFO - [2024-02-21T19:58:28.314+0000] {dagbag.py:538} INFO - Filling up the DagBag from /home/airflow/.local/lib/python3.8/site-packages/airflow/example_dags/example_external_task_marker_dag.py
[2024-02-21T19:58:28.322+0000] {processor.py:840} INFO - DAG(s) 'example_external_task_marker_child', 'example_external_task_marker_parent' retrieved from /home/airflow/.local/lib/python3.8/site-packages/airflow/example_dags/example_external_task_marker_dag.py
[2024-02-21T19:58:28.351+0000] {logging_mixin.py:188} INFO - [2024-02-21T19:58:28.350+0000] {dag.py:3036} INFO - Sync 2 DAGs
[2024-02-21T19:58:28.364+0000] {logging_mixin.py:188} INFO - [2024-02-21T19:58:28.364+0000] {dag.py:3823} INFO - Setting next_dagrun for example_external_task_marker_child to None, run_after=None
[2024-02-21T19:58:28.368+0000] {logging_mixin.py:188} INFO - [2024-02-21T19:58:28.367+0000] {dag.py:3823} INFO - Setting next_dagrun for example_external_task_marker_parent to None, run_after=None
[2024-02-21T19:58:28.385+0000] {processor.py:183} INFO - Processing /home/airflow/.local/lib/python3.8/site-packages/airflow/example_dags/example_external_task_marker_dag.py took 0.079 seconds
[2024-02-21T19:58:58.670+0000] {processor.py:161} INFO - Started process (PID=1045) to work on /home/airflow/.local/lib/python3.8/site-packages/airflow/example_dags/example_external_task_marker_dag.py
[2024-02-21T19:58:58.671+0000] {processor.py:830} INFO - Processing file /home/airflow/.local/lib/python3.8/site-packages/airflow/example_dags/example_external_task_marker_dag.py for tasks to queue
[2024-02-21T19:58:58.673+0000] {logging_mixin.py:188} INFO - [2024-02-21T19:58:58.673+0000] {dagbag.py:538} INFO - Filling up the DagBag from /home/airflow/.local/lib/python3.8/site-packages/airflow/example_dags/example_external_task_marker_dag.py
[2024-02-21T19:58:58.680+0000] {processor.py:840} INFO - DAG(s) 'example_external_task_marker_child', 'example_external_task_marker_parent' retrieved from /home/airflow/.local/lib/python3.8/site-packages/airflow/example_dags/example_external_task_marker_dag.py
[2024-02-21T19:58:58.705+0000] {logging_mixin.py:188} INFO - [2024-02-21T19:58:58.704+0000] {dag.py:3036} INFO - Sync 2 DAGs
[2024-02-21T19:58:58.718+0000] {logging_mixin.py:188} INFO - [2024-02-21T19:58:58.718+0000] {dag.py:3823} INFO - Setting next_dagrun for example_external_task_marker_child to None, run_after=None
[2024-02-21T19:58:58.723+0000] {logging_mixin.py:188} INFO - [2024-02-21T19:58:58.723+0000] {dag.py:3823} INFO - Setting next_dagrun for example_external_task_marker_parent to None, run_after=None
[2024-02-21T19:58:58.744+0000] {processor.py:183} INFO - Processing /home/airflow/.local/lib/python3.8/site-packages/airflow/example_dags/example_external_task_marker_dag.py took 0.077 seconds
[2024-02-21T19:59:29.128+0000] {processor.py:161} INFO - Started process (PID=1100) to work on /home/airflow/.local/lib/python3.8/site-packages/airflow/example_dags/example_external_task_marker_dag.py
[2024-02-21T19:59:29.129+0000] {processor.py:830} INFO - Processing file /home/airflow/.local/lib/python3.8/site-packages/airflow/example_dags/example_external_task_marker_dag.py for tasks to queue
[2024-02-21T19:59:29.131+0000] {logging_mixin.py:188} INFO - [2024-02-21T19:59:29.131+0000] {dagbag.py:538} INFO - Filling up the DagBag from /home/airflow/.local/lib/python3.8/site-packages/airflow/example_dags/example_external_task_marker_dag.py
[2024-02-21T19:59:29.138+0000] {processor.py:840} INFO - DAG(s) 'example_external_task_marker_parent', 'example_external_task_marker_child' retrieved from /home/airflow/.local/lib/python3.8/site-packages/airflow/example_dags/example_external_task_marker_dag.py
[2024-02-21T19:59:29.163+0000] {logging_mixin.py:188} INFO - [2024-02-21T19:59:29.163+0000] {dag.py:3036} INFO - Sync 2 DAGs
[2024-02-21T19:59:29.176+0000] {logging_mixin.py:188} INFO - [2024-02-21T19:59:29.176+0000] {dag.py:3823} INFO - Setting next_dagrun for example_external_task_marker_child to None, run_after=None
[2024-02-21T19:59:29.179+0000] {logging_mixin.py:188} INFO - [2024-02-21T19:59:29.179+0000] {dag.py:3823} INFO - Setting next_dagrun for example_external_task_marker_parent to None, run_after=None
[2024-02-21T19:59:29.194+0000] {processor.py:183} INFO - Processing /home/airflow/.local/lib/python3.8/site-packages/airflow/example_dags/example_external_task_marker_dag.py took 0.069 seconds
[2024-02-21T19:59:59.718+0000] {processor.py:161} INFO - Started process (PID=1155) to work on /home/airflow/.local/lib/python3.8/site-packages/airflow/example_dags/example_external_task_marker_dag.py
[2024-02-21T19:59:59.719+0000] {processor.py:830} INFO - Processing file /home/airflow/.local/lib/python3.8/site-packages/airflow/example_dags/example_external_task_marker_dag.py for tasks to queue
[2024-02-21T19:59:59.721+0000] {logging_mixin.py:188} INFO - [2024-02-21T19:59:59.721+0000] {dagbag.py:538} INFO - Filling up the DagBag from /home/airflow/.local/lib/python3.8/site-packages/airflow/example_dags/example_external_task_marker_dag.py
[2024-02-21T19:59:59.729+0000] {processor.py:840} INFO - DAG(s) 'example_external_task_marker_child', 'example_external_task_marker_parent' retrieved from /home/airflow/.local/lib/python3.8/site-packages/airflow/example_dags/example_external_task_marker_dag.py
[2024-02-21T19:59:59.766+0000] {logging_mixin.py:188} INFO - [2024-02-21T19:59:59.766+0000] {dag.py:3036} INFO - Sync 2 DAGs
[2024-02-21T19:59:59.783+0000] {logging_mixin.py:188} INFO - [2024-02-21T19:59:59.782+0000] {dag.py:3823} INFO - Setting next_dagrun for example_external_task_marker_child to None, run_after=None
[2024-02-21T19:59:59.790+0000] {logging_mixin.py:188} INFO - [2024-02-21T19:59:59.789+0000] {dag.py:3823} INFO - Setting next_dagrun for example_external_task_marker_parent to None, run_after=None
[2024-02-21T19:59:59.808+0000] {processor.py:183} INFO - Processing /home/airflow/.local/lib/python3.8/site-packages/airflow/example_dags/example_external_task_marker_dag.py took 0.095 seconds
[2024-02-21T20:00:30.097+0000] {processor.py:161} INFO - Started process (PID=1210) to work on /home/airflow/.local/lib/python3.8/site-packages/airflow/example_dags/example_external_task_marker_dag.py
[2024-02-21T20:00:30.098+0000] {processor.py:830} INFO - Processing file /home/airflow/.local/lib/python3.8/site-packages/airflow/example_dags/example_external_task_marker_dag.py for tasks to queue
[2024-02-21T20:00:30.100+0000] {logging_mixin.py:188} INFO - [2024-02-21T20:00:30.100+0000] {dagbag.py:538} INFO - Filling up the DagBag from /home/airflow/.local/lib/python3.8/site-packages/airflow/example_dags/example_external_task_marker_dag.py
[2024-02-21T20:00:30.107+0000] {processor.py:840} INFO - DAG(s) 'example_external_task_marker_child', 'example_external_task_marker_parent' retrieved from /home/airflow/.local/lib/python3.8/site-packages/airflow/example_dags/example_external_task_marker_dag.py
[2024-02-21T20:00:30.135+0000] {logging_mixin.py:188} INFO - [2024-02-21T20:00:30.135+0000] {dag.py:3036} INFO - Sync 2 DAGs
[2024-02-21T20:00:30.150+0000] {logging_mixin.py:188} INFO - [2024-02-21T20:00:30.150+0000] {dag.py:3823} INFO - Setting next_dagrun for example_external_task_marker_child to None, run_after=None
[2024-02-21T20:00:30.154+0000] {logging_mixin.py:188} INFO - [2024-02-21T20:00:30.154+0000] {dag.py:3823} INFO - Setting next_dagrun for example_external_task_marker_parent to None, run_after=None
[2024-02-21T20:00:30.170+0000] {processor.py:183} INFO - Processing /home/airflow/.local/lib/python3.8/site-packages/airflow/example_dags/example_external_task_marker_dag.py took 0.077 seconds
[2024-02-21T20:01:00.548+0000] {processor.py:161} INFO - Started process (PID=1265) to work on /home/airflow/.local/lib/python3.8/site-packages/airflow/example_dags/example_external_task_marker_dag.py
[2024-02-21T20:01:00.550+0000] {processor.py:830} INFO - Processing file /home/airflow/.local/lib/python3.8/site-packages/airflow/example_dags/example_external_task_marker_dag.py for tasks to queue
[2024-02-21T20:01:00.557+0000] {logging_mixin.py:188} INFO - [2024-02-21T20:01:00.556+0000] {dagbag.py:538} INFO - Filling up the DagBag from /home/airflow/.local/lib/python3.8/site-packages/airflow/example_dags/example_external_task_marker_dag.py
[2024-02-21T20:01:00.570+0000] {processor.py:840} INFO - DAG(s) 'example_external_task_marker_parent', 'example_external_task_marker_child' retrieved from /home/airflow/.local/lib/python3.8/site-packages/airflow/example_dags/example_external_task_marker_dag.py
[2024-02-21T20:01:00.605+0000] {logging_mixin.py:188} INFO - [2024-02-21T20:01:00.605+0000] {dag.py:3036} INFO - Sync 2 DAGs
[2024-02-21T20:01:00.627+0000] {logging_mixin.py:188} INFO - [2024-02-21T20:01:00.627+0000] {dag.py:3823} INFO - Setting next_dagrun for example_external_task_marker_child to None, run_after=None
[2024-02-21T20:01:00.633+0000] {logging_mixin.py:188} INFO - [2024-02-21T20:01:00.632+0000] {dag.py:3823} INFO - Setting next_dagrun for example_external_task_marker_parent to None, run_after=None
[2024-02-21T20:01:00.652+0000] {processor.py:183} INFO - Processing /home/airflow/.local/lib/python3.8/site-packages/airflow/example_dags/example_external_task_marker_dag.py took 0.109 seconds
[2024-02-21T20:01:30.968+0000] {processor.py:161} INFO - Started process (PID=1320) to work on /home/airflow/.local/lib/python3.8/site-packages/airflow/example_dags/example_external_task_marker_dag.py
[2024-02-21T20:01:30.969+0000] {processor.py:830} INFO - Processing file /home/airflow/.local/lib/python3.8/site-packages/airflow/example_dags/example_external_task_marker_dag.py for tasks to queue
[2024-02-21T20:01:30.971+0000] {logging_mixin.py:188} INFO - [2024-02-21T20:01:30.971+0000] {dagbag.py:538} INFO - Filling up the DagBag from /home/airflow/.local/lib/python3.8/site-packages/airflow/example_dags/example_external_task_marker_dag.py
[2024-02-21T20:01:30.978+0000] {processor.py:840} INFO - DAG(s) 'example_external_task_marker_child', 'example_external_task_marker_parent' retrieved from /home/airflow/.local/lib/python3.8/site-packages/airflow/example_dags/example_external_task_marker_dag.py
[2024-02-21T20:01:31.002+0000] {logging_mixin.py:188} INFO - [2024-02-21T20:01:31.002+0000] {dag.py:3036} INFO - Sync 2 DAGs
[2024-02-21T20:01:31.016+0000] {logging_mixin.py:188} INFO - [2024-02-21T20:01:31.015+0000] {dag.py:3823} INFO - Setting next_dagrun for example_external_task_marker_child to None, run_after=None
[2024-02-21T20:01:31.020+0000] {logging_mixin.py:188} INFO - [2024-02-21T20:01:31.019+0000] {dag.py:3823} INFO - Setting next_dagrun for example_external_task_marker_parent to None, run_after=None
[2024-02-21T20:01:31.035+0000] {processor.py:183} INFO - Processing /home/airflow/.local/lib/python3.8/site-packages/airflow/example_dags/example_external_task_marker_dag.py took 0.070 seconds
[2024-02-21T20:02:01.323+0000] {processor.py:161} INFO - Started process (PID=1375) to work on /home/airflow/.local/lib/python3.8/site-packages/airflow/example_dags/example_external_task_marker_dag.py
[2024-02-21T20:02:01.324+0000] {processor.py:830} INFO - Processing file /home/airflow/.local/lib/python3.8/site-packages/airflow/example_dags/example_external_task_marker_dag.py for tasks to queue
[2024-02-21T20:02:01.325+0000] {logging_mixin.py:188} INFO - [2024-02-21T20:02:01.325+0000] {dagbag.py:538} INFO - Filling up the DagBag from /home/airflow/.local/lib/python3.8/site-packages/airflow/example_dags/example_external_task_marker_dag.py
[2024-02-21T20:02:01.331+0000] {processor.py:840} INFO - DAG(s) 'example_external_task_marker_child', 'example_external_task_marker_parent' retrieved from /home/airflow/.local/lib/python3.8/site-packages/airflow/example_dags/example_external_task_marker_dag.py
[2024-02-21T20:02:01.359+0000] {logging_mixin.py:188} INFO - [2024-02-21T20:02:01.358+0000] {dag.py:3036} INFO - Sync 2 DAGs
[2024-02-21T20:02:01.374+0000] {logging_mixin.py:188} INFO - [2024-02-21T20:02:01.373+0000] {dag.py:3823} INFO - Setting next_dagrun for example_external_task_marker_child to None, run_after=None
[2024-02-21T20:02:01.378+0000] {logging_mixin.py:188} INFO - [2024-02-21T20:02:01.378+0000] {dag.py:3823} INFO - Setting next_dagrun for example_external_task_marker_parent to None, run_after=None
[2024-02-21T20:02:01.399+0000] {processor.py:183} INFO - Processing /home/airflow/.local/lib/python3.8/site-packages/airflow/example_dags/example_external_task_marker_dag.py took 0.079 seconds
