[2024-02-21T19:50:00.915+0000] {processor.py:161} INFO - Started process (PID=78) to work on /home/airflow/.local/lib/python3.8/site-packages/airflow/example_dags/example_latest_only.py
[2024-02-21T19:50:00.916+0000] {processor.py:830} INFO - Processing file /home/airflow/.local/lib/python3.8/site-packages/airflow/example_dags/example_latest_only.py for tasks to queue
[2024-02-21T19:50:00.919+0000] {logging_mixin.py:188} INFO - [2024-02-21T19:50:00.918+0000] {dagbag.py:538} INFO - Filling up the DagBag from /home/airflow/.local/lib/python3.8/site-packages/airflow/example_dags/example_latest_only.py
[2024-02-21T19:50:00.930+0000] {processor.py:840} INFO - DAG(s) 'latest_only' retrieved from /home/airflow/.local/lib/python3.8/site-packages/airflow/example_dags/example_latest_only.py
[2024-02-21T19:50:01.291+0000] {logging_mixin.py:188} INFO - [2024-02-21T19:50:01.291+0000] {dag.py:3036} INFO - Sync 1 DAGs
[2024-02-21T19:50:01.327+0000] {logging_mixin.py:188} INFO - [2024-02-21T19:50:01.327+0000] {dag.py:3823} INFO - Setting next_dagrun for latest_only to 2024-02-21 12:00:00+00:00, run_after=2024-02-21 16:00:00+00:00
[2024-02-21T19:50:01.353+0000] {processor.py:183} INFO - Processing /home/airflow/.local/lib/python3.8/site-packages/airflow/example_dags/example_latest_only.py took 0.443 seconds
[2024-02-21T19:50:31.474+0000] {processor.py:161} INFO - Started process (PID=133) to work on /home/airflow/.local/lib/python3.8/site-packages/airflow/example_dags/example_latest_only.py
[2024-02-21T19:50:31.475+0000] {processor.py:830} INFO - Processing file /home/airflow/.local/lib/python3.8/site-packages/airflow/example_dags/example_latest_only.py for tasks to queue
[2024-02-21T19:50:31.477+0000] {logging_mixin.py:188} INFO - [2024-02-21T19:50:31.477+0000] {dagbag.py:538} INFO - Filling up the DagBag from /home/airflow/.local/lib/python3.8/site-packages/airflow/example_dags/example_latest_only.py
[2024-02-21T19:50:31.482+0000] {processor.py:840} INFO - DAG(s) 'latest_only' retrieved from /home/airflow/.local/lib/python3.8/site-packages/airflow/example_dags/example_latest_only.py
[2024-02-21T19:50:31.500+0000] {logging_mixin.py:188} INFO - [2024-02-21T19:50:31.500+0000] {dag.py:3036} INFO - Sync 1 DAGs
[2024-02-21T19:50:31.522+0000] {logging_mixin.py:188} INFO - [2024-02-21T19:50:31.522+0000] {dag.py:3823} INFO - Setting next_dagrun for latest_only to 2024-02-21 12:00:00+00:00, run_after=2024-02-21 16:00:00+00:00
[2024-02-21T19:50:31.543+0000] {processor.py:183} INFO - Processing /home/airflow/.local/lib/python3.8/site-packages/airflow/example_dags/example_latest_only.py took 0.072 seconds
[2024-02-21T19:51:01.705+0000] {processor.py:161} INFO - Started process (PID=188) to work on /home/airflow/.local/lib/python3.8/site-packages/airflow/example_dags/example_latest_only.py
[2024-02-21T19:51:01.706+0000] {processor.py:830} INFO - Processing file /home/airflow/.local/lib/python3.8/site-packages/airflow/example_dags/example_latest_only.py for tasks to queue
[2024-02-21T19:51:01.708+0000] {logging_mixin.py:188} INFO - [2024-02-21T19:51:01.707+0000] {dagbag.py:538} INFO - Filling up the DagBag from /home/airflow/.local/lib/python3.8/site-packages/airflow/example_dags/example_latest_only.py
[2024-02-21T19:51:01.712+0000] {processor.py:840} INFO - DAG(s) 'latest_only' retrieved from /home/airflow/.local/lib/python3.8/site-packages/airflow/example_dags/example_latest_only.py
[2024-02-21T19:51:01.729+0000] {logging_mixin.py:188} INFO - [2024-02-21T19:51:01.728+0000] {dag.py:3036} INFO - Sync 1 DAGs
[2024-02-21T19:51:01.749+0000] {logging_mixin.py:188} INFO - [2024-02-21T19:51:01.748+0000] {dag.py:3823} INFO - Setting next_dagrun for latest_only to 2024-02-21 12:00:00+00:00, run_after=2024-02-21 16:00:00+00:00
[2024-02-21T19:51:01.766+0000] {processor.py:183} INFO - Processing /home/airflow/.local/lib/python3.8/site-packages/airflow/example_dags/example_latest_only.py took 0.064 seconds
[2024-02-21T19:51:32.197+0000] {processor.py:161} INFO - Started process (PID=243) to work on /home/airflow/.local/lib/python3.8/site-packages/airflow/example_dags/example_latest_only.py
[2024-02-21T19:51:32.198+0000] {processor.py:830} INFO - Processing file /home/airflow/.local/lib/python3.8/site-packages/airflow/example_dags/example_latest_only.py for tasks to queue
[2024-02-21T19:51:32.201+0000] {logging_mixin.py:188} INFO - [2024-02-21T19:51:32.200+0000] {dagbag.py:538} INFO - Filling up the DagBag from /home/airflow/.local/lib/python3.8/site-packages/airflow/example_dags/example_latest_only.py
[2024-02-21T19:51:32.207+0000] {processor.py:840} INFO - DAG(s) 'latest_only' retrieved from /home/airflow/.local/lib/python3.8/site-packages/airflow/example_dags/example_latest_only.py
[2024-02-21T19:51:32.230+0000] {logging_mixin.py:188} INFO - [2024-02-21T19:51:32.230+0000] {dag.py:3036} INFO - Sync 1 DAGs
[2024-02-21T19:51:32.253+0000] {logging_mixin.py:188} INFO - [2024-02-21T19:51:32.253+0000] {dag.py:3823} INFO - Setting next_dagrun for latest_only to 2024-02-21 12:00:00+00:00, run_after=2024-02-21 16:00:00+00:00
[2024-02-21T19:51:32.271+0000] {processor.py:183} INFO - Processing /home/airflow/.local/lib/python3.8/site-packages/airflow/example_dags/example_latest_only.py took 0.079 seconds
[2024-02-21T19:52:02.884+0000] {processor.py:161} INFO - Started process (PID=298) to work on /home/airflow/.local/lib/python3.8/site-packages/airflow/example_dags/example_latest_only.py
[2024-02-21T19:52:02.885+0000] {processor.py:830} INFO - Processing file /home/airflow/.local/lib/python3.8/site-packages/airflow/example_dags/example_latest_only.py for tasks to queue
[2024-02-21T19:52:02.889+0000] {logging_mixin.py:188} INFO - [2024-02-21T19:52:02.889+0000] {dagbag.py:538} INFO - Filling up the DagBag from /home/airflow/.local/lib/python3.8/site-packages/airflow/example_dags/example_latest_only.py
[2024-02-21T19:52:02.897+0000] {processor.py:840} INFO - DAG(s) 'latest_only' retrieved from /home/airflow/.local/lib/python3.8/site-packages/airflow/example_dags/example_latest_only.py
[2024-02-21T19:52:02.921+0000] {logging_mixin.py:188} INFO - [2024-02-21T19:52:02.921+0000] {dag.py:3036} INFO - Sync 1 DAGs
[2024-02-21T19:52:02.949+0000] {logging_mixin.py:188} INFO - [2024-02-21T19:52:02.949+0000] {dag.py:3823} INFO - Setting next_dagrun for latest_only to 2024-02-21 12:00:00+00:00, run_after=2024-02-21 16:00:00+00:00
[2024-02-21T19:52:02.970+0000] {processor.py:183} INFO - Processing /home/airflow/.local/lib/python3.8/site-packages/airflow/example_dags/example_latest_only.py took 0.090 seconds
[2024-02-21T19:52:33.033+0000] {processor.py:161} INFO - Started process (PID=353) to work on /home/airflow/.local/lib/python3.8/site-packages/airflow/example_dags/example_latest_only.py
[2024-02-21T19:52:33.034+0000] {processor.py:830} INFO - Processing file /home/airflow/.local/lib/python3.8/site-packages/airflow/example_dags/example_latest_only.py for tasks to queue
[2024-02-21T19:52:33.037+0000] {logging_mixin.py:188} INFO - [2024-02-21T19:52:33.036+0000] {dagbag.py:538} INFO - Filling up the DagBag from /home/airflow/.local/lib/python3.8/site-packages/airflow/example_dags/example_latest_only.py
[2024-02-21T19:52:33.042+0000] {processor.py:840} INFO - DAG(s) 'latest_only' retrieved from /home/airflow/.local/lib/python3.8/site-packages/airflow/example_dags/example_latest_only.py
[2024-02-21T19:52:33.064+0000] {logging_mixin.py:188} INFO - [2024-02-21T19:52:33.063+0000] {dag.py:3036} INFO - Sync 1 DAGs
[2024-02-21T19:52:33.089+0000] {logging_mixin.py:188} INFO - [2024-02-21T19:52:33.088+0000] {dag.py:3823} INFO - Setting next_dagrun for latest_only to 2024-02-21 12:00:00+00:00, run_after=2024-02-21 16:00:00+00:00
[2024-02-21T19:52:33.111+0000] {processor.py:183} INFO - Processing /home/airflow/.local/lib/python3.8/site-packages/airflow/example_dags/example_latest_only.py took 0.081 seconds
[2024-02-21T19:53:04.054+0000] {processor.py:161} INFO - Started process (PID=408) to work on /home/airflow/.local/lib/python3.8/site-packages/airflow/example_dags/example_latest_only.py
[2024-02-21T19:53:04.055+0000] {processor.py:830} INFO - Processing file /home/airflow/.local/lib/python3.8/site-packages/airflow/example_dags/example_latest_only.py for tasks to queue
[2024-02-21T19:53:04.057+0000] {logging_mixin.py:188} INFO - [2024-02-21T19:53:04.056+0000] {dagbag.py:538} INFO - Filling up the DagBag from /home/airflow/.local/lib/python3.8/site-packages/airflow/example_dags/example_latest_only.py
[2024-02-21T19:53:04.061+0000] {processor.py:840} INFO - DAG(s) 'latest_only' retrieved from /home/airflow/.local/lib/python3.8/site-packages/airflow/example_dags/example_latest_only.py
[2024-02-21T19:53:04.078+0000] {logging_mixin.py:188} INFO - [2024-02-21T19:53:04.078+0000] {dag.py:3036} INFO - Sync 1 DAGs
[2024-02-21T19:53:04.105+0000] {logging_mixin.py:188} INFO - [2024-02-21T19:53:04.105+0000] {dag.py:3823} INFO - Setting next_dagrun for latest_only to 2024-02-21 12:00:00+00:00, run_after=2024-02-21 16:00:00+00:00
[2024-02-21T19:53:04.122+0000] {processor.py:183} INFO - Processing /home/airflow/.local/lib/python3.8/site-packages/airflow/example_dags/example_latest_only.py took 0.071 seconds
[2024-02-21T19:53:34.350+0000] {processor.py:161} INFO - Started process (PID=463) to work on /home/airflow/.local/lib/python3.8/site-packages/airflow/example_dags/example_latest_only.py
[2024-02-21T19:53:34.351+0000] {processor.py:830} INFO - Processing file /home/airflow/.local/lib/python3.8/site-packages/airflow/example_dags/example_latest_only.py for tasks to queue
[2024-02-21T19:53:34.353+0000] {logging_mixin.py:188} INFO - [2024-02-21T19:53:34.353+0000] {dagbag.py:538} INFO - Filling up the DagBag from /home/airflow/.local/lib/python3.8/site-packages/airflow/example_dags/example_latest_only.py
[2024-02-21T19:53:34.359+0000] {processor.py:840} INFO - DAG(s) 'latest_only' retrieved from /home/airflow/.local/lib/python3.8/site-packages/airflow/example_dags/example_latest_only.py
[2024-02-21T19:53:34.383+0000] {logging_mixin.py:188} INFO - [2024-02-21T19:53:34.383+0000] {dag.py:3036} INFO - Sync 1 DAGs
[2024-02-21T19:53:34.414+0000] {logging_mixin.py:188} INFO - [2024-02-21T19:53:34.414+0000] {dag.py:3823} INFO - Setting next_dagrun for latest_only to 2024-02-21 12:00:00+00:00, run_after=2024-02-21 16:00:00+00:00
[2024-02-21T19:53:34.443+0000] {processor.py:183} INFO - Processing /home/airflow/.local/lib/python3.8/site-packages/airflow/example_dags/example_latest_only.py took 0.096 seconds
[2024-02-21T19:54:04.649+0000] {processor.py:161} INFO - Started process (PID=518) to work on /home/airflow/.local/lib/python3.8/site-packages/airflow/example_dags/example_latest_only.py
[2024-02-21T19:54:04.650+0000] {processor.py:830} INFO - Processing file /home/airflow/.local/lib/python3.8/site-packages/airflow/example_dags/example_latest_only.py for tasks to queue
[2024-02-21T19:54:04.652+0000] {logging_mixin.py:188} INFO - [2024-02-21T19:54:04.651+0000] {dagbag.py:538} INFO - Filling up the DagBag from /home/airflow/.local/lib/python3.8/site-packages/airflow/example_dags/example_latest_only.py
[2024-02-21T19:54:04.658+0000] {processor.py:840} INFO - DAG(s) 'latest_only' retrieved from /home/airflow/.local/lib/python3.8/site-packages/airflow/example_dags/example_latest_only.py
[2024-02-21T19:54:04.676+0000] {logging_mixin.py:188} INFO - [2024-02-21T19:54:04.676+0000] {dag.py:3036} INFO - Sync 1 DAGs
[2024-02-21T19:54:04.700+0000] {logging_mixin.py:188} INFO - [2024-02-21T19:54:04.699+0000] {dag.py:3823} INFO - Setting next_dagrun for latest_only to 2024-02-21 12:00:00+00:00, run_after=2024-02-21 16:00:00+00:00
[2024-02-21T19:54:04.722+0000] {processor.py:183} INFO - Processing /home/airflow/.local/lib/python3.8/site-packages/airflow/example_dags/example_latest_only.py took 0.076 seconds
[2024-02-21T19:54:36.383+0000] {processor.py:161} INFO - Started process (PID=573) to work on /home/airflow/.local/lib/python3.8/site-packages/airflow/example_dags/example_latest_only.py
[2024-02-21T19:54:36.384+0000] {processor.py:830} INFO - Processing file /home/airflow/.local/lib/python3.8/site-packages/airflow/example_dags/example_latest_only.py for tasks to queue
[2024-02-21T19:54:36.387+0000] {logging_mixin.py:188} INFO - [2024-02-21T19:54:36.386+0000] {dagbag.py:538} INFO - Filling up the DagBag from /home/airflow/.local/lib/python3.8/site-packages/airflow/example_dags/example_latest_only.py
[2024-02-21T19:54:36.392+0000] {processor.py:840} INFO - DAG(s) 'latest_only' retrieved from /home/airflow/.local/lib/python3.8/site-packages/airflow/example_dags/example_latest_only.py
[2024-02-21T19:54:36.414+0000] {logging_mixin.py:188} INFO - [2024-02-21T19:54:36.414+0000] {dag.py:3036} INFO - Sync 1 DAGs
[2024-02-21T19:54:36.449+0000] {logging_mixin.py:188} INFO - [2024-02-21T19:54:36.444+0000] {dag.py:3823} INFO - Setting next_dagrun for latest_only to 2024-02-21 12:00:00+00:00, run_after=2024-02-21 16:00:00+00:00
[2024-02-21T19:54:36.477+0000] {processor.py:183} INFO - Processing /home/airflow/.local/lib/python3.8/site-packages/airflow/example_dags/example_latest_only.py took 0.097 seconds
[2024-02-21T19:55:06.940+0000] {processor.py:161} INFO - Started process (PID=628) to work on /home/airflow/.local/lib/python3.8/site-packages/airflow/example_dags/example_latest_only.py
[2024-02-21T19:55:06.942+0000] {processor.py:830} INFO - Processing file /home/airflow/.local/lib/python3.8/site-packages/airflow/example_dags/example_latest_only.py for tasks to queue
[2024-02-21T19:55:06.943+0000] {logging_mixin.py:188} INFO - [2024-02-21T19:55:06.943+0000] {dagbag.py:538} INFO - Filling up the DagBag from /home/airflow/.local/lib/python3.8/site-packages/airflow/example_dags/example_latest_only.py
[2024-02-21T19:55:06.947+0000] {processor.py:840} INFO - DAG(s) 'latest_only' retrieved from /home/airflow/.local/lib/python3.8/site-packages/airflow/example_dags/example_latest_only.py
[2024-02-21T19:55:06.966+0000] {logging_mixin.py:188} INFO - [2024-02-21T19:55:06.966+0000] {dag.py:3036} INFO - Sync 1 DAGs
[2024-02-21T19:55:06.988+0000] {logging_mixin.py:188} INFO - [2024-02-21T19:55:06.988+0000] {dag.py:3823} INFO - Setting next_dagrun for latest_only to 2024-02-21 12:00:00+00:00, run_after=2024-02-21 16:00:00+00:00
[2024-02-21T19:55:07.011+0000] {processor.py:183} INFO - Processing /home/airflow/.local/lib/python3.8/site-packages/airflow/example_dags/example_latest_only.py took 0.073 seconds
[2024-02-21T19:55:37.583+0000] {processor.py:161} INFO - Started process (PID=683) to work on /home/airflow/.local/lib/python3.8/site-packages/airflow/example_dags/example_latest_only.py
[2024-02-21T19:55:37.584+0000] {processor.py:830} INFO - Processing file /home/airflow/.local/lib/python3.8/site-packages/airflow/example_dags/example_latest_only.py for tasks to queue
[2024-02-21T19:55:37.586+0000] {logging_mixin.py:188} INFO - [2024-02-21T19:55:37.586+0000] {dagbag.py:538} INFO - Filling up the DagBag from /home/airflow/.local/lib/python3.8/site-packages/airflow/example_dags/example_latest_only.py
[2024-02-21T19:55:37.592+0000] {processor.py:840} INFO - DAG(s) 'latest_only' retrieved from /home/airflow/.local/lib/python3.8/site-packages/airflow/example_dags/example_latest_only.py
[2024-02-21T19:55:37.628+0000] {logging_mixin.py:188} INFO - [2024-02-21T19:55:37.627+0000] {dag.py:3036} INFO - Sync 1 DAGs
[2024-02-21T19:55:37.667+0000] {logging_mixin.py:188} INFO - [2024-02-21T19:55:37.667+0000] {dag.py:3823} INFO - Setting next_dagrun for latest_only to 2024-02-21 12:00:00+00:00, run_after=2024-02-21 16:00:00+00:00
[2024-02-21T19:55:37.688+0000] {processor.py:183} INFO - Processing /home/airflow/.local/lib/python3.8/site-packages/airflow/example_dags/example_latest_only.py took 0.109 seconds
[2024-02-21T19:56:07.795+0000] {processor.py:161} INFO - Started process (PID=744) to work on /home/airflow/.local/lib/python3.8/site-packages/airflow/example_dags/example_latest_only.py
[2024-02-21T19:56:07.796+0000] {processor.py:830} INFO - Processing file /home/airflow/.local/lib/python3.8/site-packages/airflow/example_dags/example_latest_only.py for tasks to queue
[2024-02-21T19:56:07.798+0000] {logging_mixin.py:188} INFO - [2024-02-21T19:56:07.798+0000] {dagbag.py:538} INFO - Filling up the DagBag from /home/airflow/.local/lib/python3.8/site-packages/airflow/example_dags/example_latest_only.py
[2024-02-21T19:56:07.804+0000] {processor.py:840} INFO - DAG(s) 'latest_only' retrieved from /home/airflow/.local/lib/python3.8/site-packages/airflow/example_dags/example_latest_only.py
[2024-02-21T19:56:07.825+0000] {logging_mixin.py:188} INFO - [2024-02-21T19:56:07.825+0000] {dag.py:3036} INFO - Sync 1 DAGs
[2024-02-21T19:56:07.852+0000] {logging_mixin.py:188} INFO - [2024-02-21T19:56:07.851+0000] {dag.py:3823} INFO - Setting next_dagrun for latest_only to 2024-02-21 12:00:00+00:00, run_after=2024-02-21 16:00:00+00:00
[2024-02-21T19:56:07.875+0000] {processor.py:183} INFO - Processing /home/airflow/.local/lib/python3.8/site-packages/airflow/example_dags/example_latest_only.py took 0.083 seconds
[2024-02-21T19:56:38.038+0000] {processor.py:161} INFO - Started process (PID=799) to work on /home/airflow/.local/lib/python3.8/site-packages/airflow/example_dags/example_latest_only.py
[2024-02-21T19:56:38.039+0000] {processor.py:830} INFO - Processing file /home/airflow/.local/lib/python3.8/site-packages/airflow/example_dags/example_latest_only.py for tasks to queue
[2024-02-21T19:56:38.041+0000] {logging_mixin.py:188} INFO - [2024-02-21T19:56:38.041+0000] {dagbag.py:538} INFO - Filling up the DagBag from /home/airflow/.local/lib/python3.8/site-packages/airflow/example_dags/example_latest_only.py
[2024-02-21T19:56:38.046+0000] {processor.py:840} INFO - DAG(s) 'latest_only' retrieved from /home/airflow/.local/lib/python3.8/site-packages/airflow/example_dags/example_latest_only.py
[2024-02-21T19:56:38.069+0000] {logging_mixin.py:188} INFO - [2024-02-21T19:56:38.069+0000] {dag.py:3036} INFO - Sync 1 DAGs
[2024-02-21T19:56:38.094+0000] {logging_mixin.py:188} INFO - [2024-02-21T19:56:38.094+0000] {dag.py:3823} INFO - Setting next_dagrun for latest_only to 2024-02-21 12:00:00+00:00, run_after=2024-02-21 16:00:00+00:00
[2024-02-21T19:56:38.114+0000] {processor.py:183} INFO - Processing /home/airflow/.local/lib/python3.8/site-packages/airflow/example_dags/example_latest_only.py took 0.079 seconds
[2024-02-21T19:57:08.205+0000] {processor.py:161} INFO - Started process (PID=854) to work on /home/airflow/.local/lib/python3.8/site-packages/airflow/example_dags/example_latest_only.py
[2024-02-21T19:57:08.206+0000] {processor.py:830} INFO - Processing file /home/airflow/.local/lib/python3.8/site-packages/airflow/example_dags/example_latest_only.py for tasks to queue
[2024-02-21T19:57:08.208+0000] {logging_mixin.py:188} INFO - [2024-02-21T19:57:08.208+0000] {dagbag.py:538} INFO - Filling up the DagBag from /home/airflow/.local/lib/python3.8/site-packages/airflow/example_dags/example_latest_only.py
[2024-02-21T19:57:08.214+0000] {processor.py:840} INFO - DAG(s) 'latest_only' retrieved from /home/airflow/.local/lib/python3.8/site-packages/airflow/example_dags/example_latest_only.py
[2024-02-21T19:57:08.234+0000] {logging_mixin.py:188} INFO - [2024-02-21T19:57:08.234+0000] {dag.py:3036} INFO - Sync 1 DAGs
[2024-02-21T19:57:08.256+0000] {logging_mixin.py:188} INFO - [2024-02-21T19:57:08.256+0000] {dag.py:3823} INFO - Setting next_dagrun for latest_only to 2024-02-21 12:00:00+00:00, run_after=2024-02-21 16:00:00+00:00
[2024-02-21T19:57:08.276+0000] {processor.py:183} INFO - Processing /home/airflow/.local/lib/python3.8/site-packages/airflow/example_dags/example_latest_only.py took 0.075 seconds
[2024-02-21T19:57:38.442+0000] {processor.py:161} INFO - Started process (PID=909) to work on /home/airflow/.local/lib/python3.8/site-packages/airflow/example_dags/example_latest_only.py
[2024-02-21T19:57:38.443+0000] {processor.py:830} INFO - Processing file /home/airflow/.local/lib/python3.8/site-packages/airflow/example_dags/example_latest_only.py for tasks to queue
[2024-02-21T19:57:38.445+0000] {logging_mixin.py:188} INFO - [2024-02-21T19:57:38.445+0000] {dagbag.py:538} INFO - Filling up the DagBag from /home/airflow/.local/lib/python3.8/site-packages/airflow/example_dags/example_latest_only.py
[2024-02-21T19:57:38.452+0000] {processor.py:840} INFO - DAG(s) 'latest_only' retrieved from /home/airflow/.local/lib/python3.8/site-packages/airflow/example_dags/example_latest_only.py
[2024-02-21T19:57:38.477+0000] {logging_mixin.py:188} INFO - [2024-02-21T19:57:38.477+0000] {dag.py:3036} INFO - Sync 1 DAGs
[2024-02-21T19:57:38.503+0000] {logging_mixin.py:188} INFO - [2024-02-21T19:57:38.502+0000] {dag.py:3823} INFO - Setting next_dagrun for latest_only to 2024-02-21 12:00:00+00:00, run_after=2024-02-21 16:00:00+00:00
[2024-02-21T19:57:38.529+0000] {processor.py:183} INFO - Processing /home/airflow/.local/lib/python3.8/site-packages/airflow/example_dags/example_latest_only.py took 0.090 seconds
[2024-02-21T19:58:08.899+0000] {processor.py:161} INFO - Started process (PID=964) to work on /home/airflow/.local/lib/python3.8/site-packages/airflow/example_dags/example_latest_only.py
[2024-02-21T19:58:08.900+0000] {processor.py:830} INFO - Processing file /home/airflow/.local/lib/python3.8/site-packages/airflow/example_dags/example_latest_only.py for tasks to queue
[2024-02-21T19:58:08.902+0000] {logging_mixin.py:188} INFO - [2024-02-21T19:58:08.902+0000] {dagbag.py:538} INFO - Filling up the DagBag from /home/airflow/.local/lib/python3.8/site-packages/airflow/example_dags/example_latest_only.py
[2024-02-21T19:58:08.907+0000] {processor.py:840} INFO - DAG(s) 'latest_only' retrieved from /home/airflow/.local/lib/python3.8/site-packages/airflow/example_dags/example_latest_only.py
[2024-02-21T19:58:08.929+0000] {logging_mixin.py:188} INFO - [2024-02-21T19:58:08.929+0000] {dag.py:3036} INFO - Sync 1 DAGs
[2024-02-21T19:58:08.957+0000] {logging_mixin.py:188} INFO - [2024-02-21T19:58:08.956+0000] {dag.py:3823} INFO - Setting next_dagrun for latest_only to 2024-02-21 12:00:00+00:00, run_after=2024-02-21 16:00:00+00:00
[2024-02-21T19:58:08.980+0000] {processor.py:183} INFO - Processing /home/airflow/.local/lib/python3.8/site-packages/airflow/example_dags/example_latest_only.py took 0.085 seconds
[2024-02-21T19:58:39.446+0000] {processor.py:161} INFO - Started process (PID=1019) to work on /home/airflow/.local/lib/python3.8/site-packages/airflow/example_dags/example_latest_only.py
[2024-02-21T19:58:39.447+0000] {processor.py:830} INFO - Processing file /home/airflow/.local/lib/python3.8/site-packages/airflow/example_dags/example_latest_only.py for tasks to queue
[2024-02-21T19:58:39.449+0000] {logging_mixin.py:188} INFO - [2024-02-21T19:58:39.449+0000] {dagbag.py:538} INFO - Filling up the DagBag from /home/airflow/.local/lib/python3.8/site-packages/airflow/example_dags/example_latest_only.py
[2024-02-21T19:58:39.454+0000] {processor.py:840} INFO - DAG(s) 'latest_only' retrieved from /home/airflow/.local/lib/python3.8/site-packages/airflow/example_dags/example_latest_only.py
[2024-02-21T19:58:39.476+0000] {logging_mixin.py:188} INFO - [2024-02-21T19:58:39.476+0000] {dag.py:3036} INFO - Sync 1 DAGs
[2024-02-21T19:58:39.505+0000] {logging_mixin.py:188} INFO - [2024-02-21T19:58:39.505+0000] {dag.py:3823} INFO - Setting next_dagrun for latest_only to 2024-02-21 12:00:00+00:00, run_after=2024-02-21 16:00:00+00:00
[2024-02-21T19:58:39.533+0000] {processor.py:183} INFO - Processing /home/airflow/.local/lib/python3.8/site-packages/airflow/example_dags/example_latest_only.py took 0.090 seconds
[2024-02-21T19:59:09.831+0000] {processor.py:161} INFO - Started process (PID=1074) to work on /home/airflow/.local/lib/python3.8/site-packages/airflow/example_dags/example_latest_only.py
[2024-02-21T19:59:09.832+0000] {processor.py:830} INFO - Processing file /home/airflow/.local/lib/python3.8/site-packages/airflow/example_dags/example_latest_only.py for tasks to queue
[2024-02-21T19:59:09.834+0000] {logging_mixin.py:188} INFO - [2024-02-21T19:59:09.833+0000] {dagbag.py:538} INFO - Filling up the DagBag from /home/airflow/.local/lib/python3.8/site-packages/airflow/example_dags/example_latest_only.py
[2024-02-21T19:59:09.839+0000] {processor.py:840} INFO - DAG(s) 'latest_only' retrieved from /home/airflow/.local/lib/python3.8/site-packages/airflow/example_dags/example_latest_only.py
[2024-02-21T19:59:09.861+0000] {logging_mixin.py:188} INFO - [2024-02-21T19:59:09.861+0000] {dag.py:3036} INFO - Sync 1 DAGs
[2024-02-21T19:59:09.886+0000] {logging_mixin.py:188} INFO - [2024-02-21T19:59:09.885+0000] {dag.py:3823} INFO - Setting next_dagrun for latest_only to 2024-02-21 12:00:00+00:00, run_after=2024-02-21 16:00:00+00:00
[2024-02-21T19:59:09.907+0000] {processor.py:183} INFO - Processing /home/airflow/.local/lib/python3.8/site-packages/airflow/example_dags/example_latest_only.py took 0.079 seconds
[2024-02-21T19:59:40.226+0000] {processor.py:161} INFO - Started process (PID=1129) to work on /home/airflow/.local/lib/python3.8/site-packages/airflow/example_dags/example_latest_only.py
[2024-02-21T19:59:40.227+0000] {processor.py:830} INFO - Processing file /home/airflow/.local/lib/python3.8/site-packages/airflow/example_dags/example_latest_only.py for tasks to queue
[2024-02-21T19:59:40.230+0000] {logging_mixin.py:188} INFO - [2024-02-21T19:59:40.230+0000] {dagbag.py:538} INFO - Filling up the DagBag from /home/airflow/.local/lib/python3.8/site-packages/airflow/example_dags/example_latest_only.py
[2024-02-21T19:59:40.235+0000] {processor.py:840} INFO - DAG(s) 'latest_only' retrieved from /home/airflow/.local/lib/python3.8/site-packages/airflow/example_dags/example_latest_only.py
[2024-02-21T19:59:40.257+0000] {logging_mixin.py:188} INFO - [2024-02-21T19:59:40.256+0000] {dag.py:3036} INFO - Sync 1 DAGs
[2024-02-21T19:59:40.288+0000] {logging_mixin.py:188} INFO - [2024-02-21T19:59:40.287+0000] {dag.py:3823} INFO - Setting next_dagrun for latest_only to 2024-02-21 12:00:00+00:00, run_after=2024-02-21 16:00:00+00:00
[2024-02-21T19:59:40.315+0000] {processor.py:183} INFO - Processing /home/airflow/.local/lib/python3.8/site-packages/airflow/example_dags/example_latest_only.py took 0.092 seconds
[2024-02-21T20:00:10.843+0000] {processor.py:161} INFO - Started process (PID=1184) to work on /home/airflow/.local/lib/python3.8/site-packages/airflow/example_dags/example_latest_only.py
[2024-02-21T20:00:10.845+0000] {processor.py:830} INFO - Processing file /home/airflow/.local/lib/python3.8/site-packages/airflow/example_dags/example_latest_only.py for tasks to queue
[2024-02-21T20:00:10.847+0000] {logging_mixin.py:188} INFO - [2024-02-21T20:00:10.847+0000] {dagbag.py:538} INFO - Filling up the DagBag from /home/airflow/.local/lib/python3.8/site-packages/airflow/example_dags/example_latest_only.py
[2024-02-21T20:00:10.854+0000] {processor.py:840} INFO - DAG(s) 'latest_only' retrieved from /home/airflow/.local/lib/python3.8/site-packages/airflow/example_dags/example_latest_only.py
[2024-02-21T20:00:10.879+0000] {logging_mixin.py:188} INFO - [2024-02-21T20:00:10.879+0000] {dag.py:3036} INFO - Sync 1 DAGs
[2024-02-21T20:00:10.907+0000] {logging_mixin.py:188} INFO - [2024-02-21T20:00:10.907+0000] {dag.py:3823} INFO - Setting next_dagrun for latest_only to 2024-02-21 16:00:00+00:00, run_after=2024-02-21 20:00:00+00:00
[2024-02-21T20:00:10.935+0000] {processor.py:183} INFO - Processing /home/airflow/.local/lib/python3.8/site-packages/airflow/example_dags/example_latest_only.py took 0.096 seconds
[2024-02-21T20:00:41.264+0000] {processor.py:161} INFO - Started process (PID=1239) to work on /home/airflow/.local/lib/python3.8/site-packages/airflow/example_dags/example_latest_only.py
[2024-02-21T20:00:41.266+0000] {processor.py:830} INFO - Processing file /home/airflow/.local/lib/python3.8/site-packages/airflow/example_dags/example_latest_only.py for tasks to queue
[2024-02-21T20:00:41.268+0000] {logging_mixin.py:188} INFO - [2024-02-21T20:00:41.268+0000] {dagbag.py:538} INFO - Filling up the DagBag from /home/airflow/.local/lib/python3.8/site-packages/airflow/example_dags/example_latest_only.py
[2024-02-21T20:00:41.273+0000] {processor.py:840} INFO - DAG(s) 'latest_only' retrieved from /home/airflow/.local/lib/python3.8/site-packages/airflow/example_dags/example_latest_only.py
[2024-02-21T20:00:41.295+0000] {logging_mixin.py:188} INFO - [2024-02-21T20:00:41.295+0000] {dag.py:3036} INFO - Sync 1 DAGs
[2024-02-21T20:00:41.321+0000] {logging_mixin.py:188} INFO - [2024-02-21T20:00:41.321+0000] {dag.py:3823} INFO - Setting next_dagrun for latest_only to 2024-02-21 16:00:00+00:00, run_after=2024-02-21 20:00:00+00:00
[2024-02-21T20:00:41.342+0000] {processor.py:183} INFO - Processing /home/airflow/.local/lib/python3.8/site-packages/airflow/example_dags/example_latest_only.py took 0.081 seconds
[2024-02-21T20:01:11.753+0000] {processor.py:161} INFO - Started process (PID=1294) to work on /home/airflow/.local/lib/python3.8/site-packages/airflow/example_dags/example_latest_only.py
[2024-02-21T20:01:11.754+0000] {processor.py:830} INFO - Processing file /home/airflow/.local/lib/python3.8/site-packages/airflow/example_dags/example_latest_only.py for tasks to queue
[2024-02-21T20:01:11.757+0000] {logging_mixin.py:188} INFO - [2024-02-21T20:01:11.756+0000] {dagbag.py:538} INFO - Filling up the DagBag from /home/airflow/.local/lib/python3.8/site-packages/airflow/example_dags/example_latest_only.py
[2024-02-21T20:01:11.761+0000] {processor.py:840} INFO - DAG(s) 'latest_only' retrieved from /home/airflow/.local/lib/python3.8/site-packages/airflow/example_dags/example_latest_only.py
[2024-02-21T20:01:11.781+0000] {logging_mixin.py:188} INFO - [2024-02-21T20:01:11.781+0000] {dag.py:3036} INFO - Sync 1 DAGs
[2024-02-21T20:01:11.803+0000] {logging_mixin.py:188} INFO - [2024-02-21T20:01:11.802+0000] {dag.py:3823} INFO - Setting next_dagrun for latest_only to 2024-02-21 16:00:00+00:00, run_after=2024-02-21 20:00:00+00:00
[2024-02-21T20:01:11.822+0000] {processor.py:183} INFO - Processing /home/airflow/.local/lib/python3.8/site-packages/airflow/example_dags/example_latest_only.py took 0.072 seconds
[2024-02-21T20:01:42.163+0000] {processor.py:161} INFO - Started process (PID=1349) to work on /home/airflow/.local/lib/python3.8/site-packages/airflow/example_dags/example_latest_only.py
[2024-02-21T20:01:42.165+0000] {processor.py:830} INFO - Processing file /home/airflow/.local/lib/python3.8/site-packages/airflow/example_dags/example_latest_only.py for tasks to queue
[2024-02-21T20:01:42.166+0000] {logging_mixin.py:188} INFO - [2024-02-21T20:01:42.166+0000] {dagbag.py:538} INFO - Filling up the DagBag from /home/airflow/.local/lib/python3.8/site-packages/airflow/example_dags/example_latest_only.py
[2024-02-21T20:01:42.171+0000] {processor.py:840} INFO - DAG(s) 'latest_only' retrieved from /home/airflow/.local/lib/python3.8/site-packages/airflow/example_dags/example_latest_only.py
[2024-02-21T20:01:42.189+0000] {logging_mixin.py:188} INFO - [2024-02-21T20:01:42.189+0000] {dag.py:3036} INFO - Sync 1 DAGs
[2024-02-21T20:01:42.212+0000] {logging_mixin.py:188} INFO - [2024-02-21T20:01:42.212+0000] {dag.py:3823} INFO - Setting next_dagrun for latest_only to 2024-02-21 16:00:00+00:00, run_after=2024-02-21 20:00:00+00:00
[2024-02-21T20:01:42.232+0000] {processor.py:183} INFO - Processing /home/airflow/.local/lib/python3.8/site-packages/airflow/example_dags/example_latest_only.py took 0.072 seconds
