[2024-02-21T19:49:56.272+0000] {processor.py:161} INFO - Started process (PID=65) to work on /home/airflow/.local/lib/python3.8/site-packages/airflow/example_dags/example_latest_only_with_trigger.py
[2024-02-21T19:49:56.321+0000] {processor.py:830} INFO - Processing file /home/airflow/.local/lib/python3.8/site-packages/airflow/example_dags/example_latest_only_with_trigger.py for tasks to queue
[2024-02-21T19:49:56.323+0000] {logging_mixin.py:188} INFO - [2024-02-21T19:49:56.322+0000] {dagbag.py:538} INFO - Filling up the DagBag from /home/airflow/.local/lib/python3.8/site-packages/airflow/example_dags/example_latest_only_with_trigger.py
[2024-02-21T19:49:56.447+0000] {processor.py:840} INFO - DAG(s) 'latest_only_with_trigger' retrieved from /home/airflow/.local/lib/python3.8/site-packages/airflow/example_dags/example_latest_only_with_trigger.py
[2024-02-21T19:49:56.674+0000] {logging_mixin.py:188} INFO - [2024-02-21T19:49:56.674+0000] {dag.py:3036} INFO - Sync 1 DAGs
[2024-02-21T19:49:56.699+0000] {logging_mixin.py:188} INFO - [2024-02-21T19:49:56.698+0000] {dag.py:3823} INFO - Setting next_dagrun for latest_only_with_trigger to 2024-02-21 12:00:00+00:00, run_after=2024-02-21 16:00:00+00:00
[2024-02-21T19:49:56.799+0000] {processor.py:183} INFO - Processing /home/airflow/.local/lib/python3.8/site-packages/airflow/example_dags/example_latest_only_with_trigger.py took 0.530 seconds
[2024-02-21T19:50:26.833+0000] {processor.py:161} INFO - Started process (PID=120) to work on /home/airflow/.local/lib/python3.8/site-packages/airflow/example_dags/example_latest_only_with_trigger.py
[2024-02-21T19:50:26.835+0000] {processor.py:830} INFO - Processing file /home/airflow/.local/lib/python3.8/site-packages/airflow/example_dags/example_latest_only_with_trigger.py for tasks to queue
[2024-02-21T19:50:26.837+0000] {logging_mixin.py:188} INFO - [2024-02-21T19:50:26.837+0000] {dagbag.py:538} INFO - Filling up the DagBag from /home/airflow/.local/lib/python3.8/site-packages/airflow/example_dags/example_latest_only_with_trigger.py
[2024-02-21T19:50:26.845+0000] {processor.py:840} INFO - DAG(s) 'latest_only_with_trigger' retrieved from /home/airflow/.local/lib/python3.8/site-packages/airflow/example_dags/example_latest_only_with_trigger.py
[2024-02-21T19:50:26.875+0000] {logging_mixin.py:188} INFO - [2024-02-21T19:50:26.875+0000] {dag.py:3036} INFO - Sync 1 DAGs
[2024-02-21T19:50:26.907+0000] {logging_mixin.py:188} INFO - [2024-02-21T19:50:26.907+0000] {dag.py:3823} INFO - Setting next_dagrun for latest_only_with_trigger to 2024-02-21 12:00:00+00:00, run_after=2024-02-21 16:00:00+00:00
[2024-02-21T19:50:26.933+0000] {processor.py:183} INFO - Processing /home/airflow/.local/lib/python3.8/site-packages/airflow/example_dags/example_latest_only_with_trigger.py took 0.103 seconds
[2024-02-21T19:50:57.140+0000] {processor.py:161} INFO - Started process (PID=175) to work on /home/airflow/.local/lib/python3.8/site-packages/airflow/example_dags/example_latest_only_with_trigger.py
[2024-02-21T19:50:57.142+0000] {processor.py:830} INFO - Processing file /home/airflow/.local/lib/python3.8/site-packages/airflow/example_dags/example_latest_only_with_trigger.py for tasks to queue
[2024-02-21T19:50:57.145+0000] {logging_mixin.py:188} INFO - [2024-02-21T19:50:57.144+0000] {dagbag.py:538} INFO - Filling up the DagBag from /home/airflow/.local/lib/python3.8/site-packages/airflow/example_dags/example_latest_only_with_trigger.py
[2024-02-21T19:50:57.151+0000] {processor.py:840} INFO - DAG(s) 'latest_only_with_trigger' retrieved from /home/airflow/.local/lib/python3.8/site-packages/airflow/example_dags/example_latest_only_with_trigger.py
[2024-02-21T19:50:57.170+0000] {logging_mixin.py:188} INFO - [2024-02-21T19:50:57.169+0000] {dag.py:3036} INFO - Sync 1 DAGs
[2024-02-21T19:50:57.189+0000] {logging_mixin.py:188} INFO - [2024-02-21T19:50:57.189+0000] {dag.py:3823} INFO - Setting next_dagrun for latest_only_with_trigger to 2024-02-21 12:00:00+00:00, run_after=2024-02-21 16:00:00+00:00
[2024-02-21T19:50:57.209+0000] {processor.py:183} INFO - Processing /home/airflow/.local/lib/python3.8/site-packages/airflow/example_dags/example_latest_only_with_trigger.py took 0.071 seconds
[2024-02-21T19:51:27.568+0000] {processor.py:161} INFO - Started process (PID=230) to work on /home/airflow/.local/lib/python3.8/site-packages/airflow/example_dags/example_latest_only_with_trigger.py
[2024-02-21T19:51:27.569+0000] {processor.py:830} INFO - Processing file /home/airflow/.local/lib/python3.8/site-packages/airflow/example_dags/example_latest_only_with_trigger.py for tasks to queue
[2024-02-21T19:51:27.572+0000] {logging_mixin.py:188} INFO - [2024-02-21T19:51:27.572+0000] {dagbag.py:538} INFO - Filling up the DagBag from /home/airflow/.local/lib/python3.8/site-packages/airflow/example_dags/example_latest_only_with_trigger.py
[2024-02-21T19:51:27.582+0000] {processor.py:840} INFO - DAG(s) 'latest_only_with_trigger' retrieved from /home/airflow/.local/lib/python3.8/site-packages/airflow/example_dags/example_latest_only_with_trigger.py
[2024-02-21T19:51:27.605+0000] {logging_mixin.py:188} INFO - [2024-02-21T19:51:27.604+0000] {dag.py:3036} INFO - Sync 1 DAGs
[2024-02-21T19:51:27.627+0000] {logging_mixin.py:188} INFO - [2024-02-21T19:51:27.627+0000] {dag.py:3823} INFO - Setting next_dagrun for latest_only_with_trigger to 2024-02-21 12:00:00+00:00, run_after=2024-02-21 16:00:00+00:00
[2024-02-21T19:51:27.645+0000] {processor.py:183} INFO - Processing /home/airflow/.local/lib/python3.8/site-packages/airflow/example_dags/example_latest_only_with_trigger.py took 0.080 seconds
[2024-02-21T19:51:58.138+0000] {processor.py:161} INFO - Started process (PID=285) to work on /home/airflow/.local/lib/python3.8/site-packages/airflow/example_dags/example_latest_only_with_trigger.py
[2024-02-21T19:51:58.140+0000] {processor.py:830} INFO - Processing file /home/airflow/.local/lib/python3.8/site-packages/airflow/example_dags/example_latest_only_with_trigger.py for tasks to queue
[2024-02-21T19:51:58.142+0000] {logging_mixin.py:188} INFO - [2024-02-21T19:51:58.142+0000] {dagbag.py:538} INFO - Filling up the DagBag from /home/airflow/.local/lib/python3.8/site-packages/airflow/example_dags/example_latest_only_with_trigger.py
[2024-02-21T19:51:58.149+0000] {processor.py:840} INFO - DAG(s) 'latest_only_with_trigger' retrieved from /home/airflow/.local/lib/python3.8/site-packages/airflow/example_dags/example_latest_only_with_trigger.py
[2024-02-21T19:51:58.173+0000] {logging_mixin.py:188} INFO - [2024-02-21T19:51:58.172+0000] {dag.py:3036} INFO - Sync 1 DAGs
[2024-02-21T19:51:58.196+0000] {logging_mixin.py:188} INFO - [2024-02-21T19:51:58.196+0000] {dag.py:3823} INFO - Setting next_dagrun for latest_only_with_trigger to 2024-02-21 12:00:00+00:00, run_after=2024-02-21 16:00:00+00:00
[2024-02-21T19:51:58.217+0000] {processor.py:183} INFO - Processing /home/airflow/.local/lib/python3.8/site-packages/airflow/example_dags/example_latest_only_with_trigger.py took 0.083 seconds
[2024-02-21T19:52:28.250+0000] {processor.py:161} INFO - Started process (PID=340) to work on /home/airflow/.local/lib/python3.8/site-packages/airflow/example_dags/example_latest_only_with_trigger.py
[2024-02-21T19:52:28.251+0000] {processor.py:830} INFO - Processing file /home/airflow/.local/lib/python3.8/site-packages/airflow/example_dags/example_latest_only_with_trigger.py for tasks to queue
[2024-02-21T19:52:28.253+0000] {logging_mixin.py:188} INFO - [2024-02-21T19:52:28.253+0000] {dagbag.py:538} INFO - Filling up the DagBag from /home/airflow/.local/lib/python3.8/site-packages/airflow/example_dags/example_latest_only_with_trigger.py
[2024-02-21T19:52:28.259+0000] {processor.py:840} INFO - DAG(s) 'latest_only_with_trigger' retrieved from /home/airflow/.local/lib/python3.8/site-packages/airflow/example_dags/example_latest_only_with_trigger.py
[2024-02-21T19:52:28.278+0000] {logging_mixin.py:188} INFO - [2024-02-21T19:52:28.278+0000] {dag.py:3036} INFO - Sync 1 DAGs
[2024-02-21T19:52:28.307+0000] {logging_mixin.py:188} INFO - [2024-02-21T19:52:28.307+0000] {dag.py:3823} INFO - Setting next_dagrun for latest_only_with_trigger to 2024-02-21 12:00:00+00:00, run_after=2024-02-21 16:00:00+00:00
[2024-02-21T19:52:28.329+0000] {processor.py:183} INFO - Processing /home/airflow/.local/lib/python3.8/site-packages/airflow/example_dags/example_latest_only_with_trigger.py took 0.083 seconds
[2024-02-21T19:52:58.579+0000] {processor.py:161} INFO - Started process (PID=395) to work on /home/airflow/.local/lib/python3.8/site-packages/airflow/example_dags/example_latest_only_with_trigger.py
[2024-02-21T19:52:58.580+0000] {processor.py:830} INFO - Processing file /home/airflow/.local/lib/python3.8/site-packages/airflow/example_dags/example_latest_only_with_trigger.py for tasks to queue
[2024-02-21T19:52:58.582+0000] {logging_mixin.py:188} INFO - [2024-02-21T19:52:58.582+0000] {dagbag.py:538} INFO - Filling up the DagBag from /home/airflow/.local/lib/python3.8/site-packages/airflow/example_dags/example_latest_only_with_trigger.py
[2024-02-21T19:52:58.588+0000] {processor.py:840} INFO - DAG(s) 'latest_only_with_trigger' retrieved from /home/airflow/.local/lib/python3.8/site-packages/airflow/example_dags/example_latest_only_with_trigger.py
[2024-02-21T19:52:58.614+0000] {logging_mixin.py:188} INFO - [2024-02-21T19:52:58.613+0000] {dag.py:3036} INFO - Sync 1 DAGs
[2024-02-21T19:52:58.639+0000] {logging_mixin.py:188} INFO - [2024-02-21T19:52:58.638+0000] {dag.py:3823} INFO - Setting next_dagrun for latest_only_with_trigger to 2024-02-21 12:00:00+00:00, run_after=2024-02-21 16:00:00+00:00
[2024-02-21T19:52:58.656+0000] {processor.py:183} INFO - Processing /home/airflow/.local/lib/python3.8/site-packages/airflow/example_dags/example_latest_only_with_trigger.py took 0.080 seconds
[2024-02-21T19:53:29.052+0000] {processor.py:161} INFO - Started process (PID=450) to work on /home/airflow/.local/lib/python3.8/site-packages/airflow/example_dags/example_latest_only_with_trigger.py
[2024-02-21T19:53:29.428+0000] {processor.py:830} INFO - Processing file /home/airflow/.local/lib/python3.8/site-packages/airflow/example_dags/example_latest_only_with_trigger.py for tasks to queue
[2024-02-21T19:53:29.431+0000] {logging_mixin.py:188} INFO - [2024-02-21T19:53:29.430+0000] {dagbag.py:538} INFO - Filling up the DagBag from /home/airflow/.local/lib/python3.8/site-packages/airflow/example_dags/example_latest_only_with_trigger.py
[2024-02-21T19:53:29.436+0000] {processor.py:840} INFO - DAG(s) 'latest_only_with_trigger' retrieved from /home/airflow/.local/lib/python3.8/site-packages/airflow/example_dags/example_latest_only_with_trigger.py
[2024-02-21T19:53:29.455+0000] {logging_mixin.py:188} INFO - [2024-02-21T19:53:29.454+0000] {dag.py:3036} INFO - Sync 1 DAGs
[2024-02-21T19:53:29.475+0000] {logging_mixin.py:188} INFO - [2024-02-21T19:53:29.474+0000] {dag.py:3823} INFO - Setting next_dagrun for latest_only_with_trigger to 2024-02-21 12:00:00+00:00, run_after=2024-02-21 16:00:00+00:00
[2024-02-21T19:53:29.495+0000] {processor.py:183} INFO - Processing /home/airflow/.local/lib/python3.8/site-packages/airflow/example_dags/example_latest_only_with_trigger.py took 0.447 seconds
[2024-02-21T19:53:59.736+0000] {processor.py:161} INFO - Started process (PID=505) to work on /home/airflow/.local/lib/python3.8/site-packages/airflow/example_dags/example_latest_only_with_trigger.py
[2024-02-21T19:53:59.741+0000] {processor.py:830} INFO - Processing file /home/airflow/.local/lib/python3.8/site-packages/airflow/example_dags/example_latest_only_with_trigger.py for tasks to queue
[2024-02-21T19:53:59.745+0000] {logging_mixin.py:188} INFO - [2024-02-21T19:53:59.744+0000] {dagbag.py:538} INFO - Filling up the DagBag from /home/airflow/.local/lib/python3.8/site-packages/airflow/example_dags/example_latest_only_with_trigger.py
[2024-02-21T19:53:59.753+0000] {processor.py:840} INFO - DAG(s) 'latest_only_with_trigger' retrieved from /home/airflow/.local/lib/python3.8/site-packages/airflow/example_dags/example_latest_only_with_trigger.py
[2024-02-21T19:53:59.788+0000] {logging_mixin.py:188} INFO - [2024-02-21T19:53:59.787+0000] {dag.py:3036} INFO - Sync 1 DAGs
[2024-02-21T19:53:59.821+0000] {logging_mixin.py:188} INFO - [2024-02-21T19:53:59.821+0000] {dag.py:3823} INFO - Setting next_dagrun for latest_only_with_trigger to 2024-02-21 12:00:00+00:00, run_after=2024-02-21 16:00:00+00:00
[2024-02-21T19:53:59.859+0000] {processor.py:183} INFO - Processing /home/airflow/.local/lib/python3.8/site-packages/airflow/example_dags/example_latest_only_with_trigger.py took 0.127 seconds
[2024-02-21T19:54:29.991+0000] {processor.py:161} INFO - Started process (PID=560) to work on /home/airflow/.local/lib/python3.8/site-packages/airflow/example_dags/example_latest_only_with_trigger.py
[2024-02-21T19:54:29.992+0000] {processor.py:830} INFO - Processing file /home/airflow/.local/lib/python3.8/site-packages/airflow/example_dags/example_latest_only_with_trigger.py for tasks to queue
[2024-02-21T19:54:29.994+0000] {logging_mixin.py:188} INFO - [2024-02-21T19:54:29.994+0000] {dagbag.py:538} INFO - Filling up the DagBag from /home/airflow/.local/lib/python3.8/site-packages/airflow/example_dags/example_latest_only_with_trigger.py
[2024-02-21T19:54:30.001+0000] {processor.py:840} INFO - DAG(s) 'latest_only_with_trigger' retrieved from /home/airflow/.local/lib/python3.8/site-packages/airflow/example_dags/example_latest_only_with_trigger.py
[2024-02-21T19:54:30.022+0000] {logging_mixin.py:188} INFO - [2024-02-21T19:54:30.022+0000] {dag.py:3036} INFO - Sync 1 DAGs
[2024-02-21T19:54:30.048+0000] {logging_mixin.py:188} INFO - [2024-02-21T19:54:30.048+0000] {dag.py:3823} INFO - Setting next_dagrun for latest_only_with_trigger to 2024-02-21 12:00:00+00:00, run_after=2024-02-21 16:00:00+00:00
[2024-02-21T19:54:30.068+0000] {processor.py:183} INFO - Processing /home/airflow/.local/lib/python3.8/site-packages/airflow/example_dags/example_latest_only_with_trigger.py took 0.081 seconds
[2024-02-21T19:55:00.313+0000] {processor.py:161} INFO - Started process (PID=615) to work on /home/airflow/.local/lib/python3.8/site-packages/airflow/example_dags/example_latest_only_with_trigger.py
[2024-02-21T19:55:00.314+0000] {processor.py:830} INFO - Processing file /home/airflow/.local/lib/python3.8/site-packages/airflow/example_dags/example_latest_only_with_trigger.py for tasks to queue
[2024-02-21T19:55:00.317+0000] {logging_mixin.py:188} INFO - [2024-02-21T19:55:00.316+0000] {dagbag.py:538} INFO - Filling up the DagBag from /home/airflow/.local/lib/python3.8/site-packages/airflow/example_dags/example_latest_only_with_trigger.py
[2024-02-21T19:55:00.322+0000] {processor.py:840} INFO - DAG(s) 'latest_only_with_trigger' retrieved from /home/airflow/.local/lib/python3.8/site-packages/airflow/example_dags/example_latest_only_with_trigger.py
[2024-02-21T19:55:00.344+0000] {logging_mixin.py:188} INFO - [2024-02-21T19:55:00.344+0000] {dag.py:3036} INFO - Sync 1 DAGs
[2024-02-21T19:55:00.363+0000] {logging_mixin.py:188} INFO - [2024-02-21T19:55:00.363+0000] {dag.py:3823} INFO - Setting next_dagrun for latest_only_with_trigger to 2024-02-21 12:00:00+00:00, run_after=2024-02-21 16:00:00+00:00
[2024-02-21T19:55:00.382+0000] {processor.py:183} INFO - Processing /home/airflow/.local/lib/python3.8/site-packages/airflow/example_dags/example_latest_only_with_trigger.py took 0.072 seconds
[2024-02-21T19:55:30.899+0000] {processor.py:161} INFO - Started process (PID=670) to work on /home/airflow/.local/lib/python3.8/site-packages/airflow/example_dags/example_latest_only_with_trigger.py
[2024-02-21T19:55:30.901+0000] {processor.py:830} INFO - Processing file /home/airflow/.local/lib/python3.8/site-packages/airflow/example_dags/example_latest_only_with_trigger.py for tasks to queue
[2024-02-21T19:55:30.903+0000] {logging_mixin.py:188} INFO - [2024-02-21T19:55:30.903+0000] {dagbag.py:538} INFO - Filling up the DagBag from /home/airflow/.local/lib/python3.8/site-packages/airflow/example_dags/example_latest_only_with_trigger.py
[2024-02-21T19:55:30.909+0000] {processor.py:840} INFO - DAG(s) 'latest_only_with_trigger' retrieved from /home/airflow/.local/lib/python3.8/site-packages/airflow/example_dags/example_latest_only_with_trigger.py
[2024-02-21T19:55:30.930+0000] {logging_mixin.py:188} INFO - [2024-02-21T19:55:30.930+0000] {dag.py:3036} INFO - Sync 1 DAGs
[2024-02-21T19:55:30.950+0000] {logging_mixin.py:188} INFO - [2024-02-21T19:55:30.949+0000] {dag.py:3823} INFO - Setting next_dagrun for latest_only_with_trigger to 2024-02-21 12:00:00+00:00, run_after=2024-02-21 16:00:00+00:00
[2024-02-21T19:55:30.967+0000] {processor.py:183} INFO - Processing /home/airflow/.local/lib/python3.8/site-packages/airflow/example_dags/example_latest_only_with_trigger.py took 0.072 seconds
[2024-02-21T19:56:01.210+0000] {processor.py:161} INFO - Started process (PID=725) to work on /home/airflow/.local/lib/python3.8/site-packages/airflow/example_dags/example_latest_only_with_trigger.py
[2024-02-21T19:56:01.211+0000] {processor.py:830} INFO - Processing file /home/airflow/.local/lib/python3.8/site-packages/airflow/example_dags/example_latest_only_with_trigger.py for tasks to queue
[2024-02-21T19:56:01.213+0000] {logging_mixin.py:188} INFO - [2024-02-21T19:56:01.213+0000] {dagbag.py:538} INFO - Filling up the DagBag from /home/airflow/.local/lib/python3.8/site-packages/airflow/example_dags/example_latest_only_with_trigger.py
[2024-02-21T19:56:01.220+0000] {processor.py:840} INFO - DAG(s) 'latest_only_with_trigger' retrieved from /home/airflow/.local/lib/python3.8/site-packages/airflow/example_dags/example_latest_only_with_trigger.py
[2024-02-21T19:56:01.244+0000] {logging_mixin.py:188} INFO - [2024-02-21T19:56:01.244+0000] {dag.py:3036} INFO - Sync 1 DAGs
[2024-02-21T19:56:01.269+0000] {logging_mixin.py:188} INFO - [2024-02-21T19:56:01.268+0000] {dag.py:3823} INFO - Setting next_dagrun for latest_only_with_trigger to 2024-02-21 12:00:00+00:00, run_after=2024-02-21 16:00:00+00:00
[2024-02-21T19:56:01.292+0000] {processor.py:183} INFO - Processing /home/airflow/.local/lib/python3.8/site-packages/airflow/example_dags/example_latest_only_with_trigger.py took 0.085 seconds
[2024-02-21T19:56:31.359+0000] {processor.py:161} INFO - Started process (PID=780) to work on /home/airflow/.local/lib/python3.8/site-packages/airflow/example_dags/example_latest_only_with_trigger.py
[2024-02-21T19:56:31.361+0000] {processor.py:830} INFO - Processing file /home/airflow/.local/lib/python3.8/site-packages/airflow/example_dags/example_latest_only_with_trigger.py for tasks to queue
[2024-02-21T19:56:31.363+0000] {logging_mixin.py:188} INFO - [2024-02-21T19:56:31.363+0000] {dagbag.py:538} INFO - Filling up the DagBag from /home/airflow/.local/lib/python3.8/site-packages/airflow/example_dags/example_latest_only_with_trigger.py
[2024-02-21T19:56:31.369+0000] {processor.py:840} INFO - DAG(s) 'latest_only_with_trigger' retrieved from /home/airflow/.local/lib/python3.8/site-packages/airflow/example_dags/example_latest_only_with_trigger.py
[2024-02-21T19:56:31.398+0000] {logging_mixin.py:188} INFO - [2024-02-21T19:56:31.398+0000] {dag.py:3036} INFO - Sync 1 DAGs
[2024-02-21T19:56:31.424+0000] {logging_mixin.py:188} INFO - [2024-02-21T19:56:31.423+0000] {dag.py:3823} INFO - Setting next_dagrun for latest_only_with_trigger to 2024-02-21 12:00:00+00:00, run_after=2024-02-21 16:00:00+00:00
[2024-02-21T19:56:31.446+0000] {processor.py:183} INFO - Processing /home/airflow/.local/lib/python3.8/site-packages/airflow/example_dags/example_latest_only_with_trigger.py took 0.091 seconds
[2024-02-21T19:57:01.649+0000] {processor.py:161} INFO - Started process (PID=835) to work on /home/airflow/.local/lib/python3.8/site-packages/airflow/example_dags/example_latest_only_with_trigger.py
[2024-02-21T19:57:01.651+0000] {processor.py:830} INFO - Processing file /home/airflow/.local/lib/python3.8/site-packages/airflow/example_dags/example_latest_only_with_trigger.py for tasks to queue
[2024-02-21T19:57:01.656+0000] {logging_mixin.py:188} INFO - [2024-02-21T19:57:01.655+0000] {dagbag.py:538} INFO - Filling up the DagBag from /home/airflow/.local/lib/python3.8/site-packages/airflow/example_dags/example_latest_only_with_trigger.py
[2024-02-21T19:57:01.664+0000] {processor.py:840} INFO - DAG(s) 'latest_only_with_trigger' retrieved from /home/airflow/.local/lib/python3.8/site-packages/airflow/example_dags/example_latest_only_with_trigger.py
[2024-02-21T19:57:01.699+0000] {logging_mixin.py:188} INFO - [2024-02-21T19:57:01.698+0000] {dag.py:3036} INFO - Sync 1 DAGs
[2024-02-21T19:57:01.736+0000] {logging_mixin.py:188} INFO - [2024-02-21T19:57:01.736+0000] {dag.py:3823} INFO - Setting next_dagrun for latest_only_with_trigger to 2024-02-21 12:00:00+00:00, run_after=2024-02-21 16:00:00+00:00
[2024-02-21T19:57:01.761+0000] {processor.py:183} INFO - Processing /home/airflow/.local/lib/python3.8/site-packages/airflow/example_dags/example_latest_only_with_trigger.py took 0.116 seconds
[2024-02-21T19:57:31.900+0000] {processor.py:161} INFO - Started process (PID=890) to work on /home/airflow/.local/lib/python3.8/site-packages/airflow/example_dags/example_latest_only_with_trigger.py
[2024-02-21T19:57:31.902+0000] {processor.py:830} INFO - Processing file /home/airflow/.local/lib/python3.8/site-packages/airflow/example_dags/example_latest_only_with_trigger.py for tasks to queue
[2024-02-21T19:57:31.904+0000] {logging_mixin.py:188} INFO - [2024-02-21T19:57:31.904+0000] {dagbag.py:538} INFO - Filling up the DagBag from /home/airflow/.local/lib/python3.8/site-packages/airflow/example_dags/example_latest_only_with_trigger.py
[2024-02-21T19:57:31.912+0000] {processor.py:840} INFO - DAG(s) 'latest_only_with_trigger' retrieved from /home/airflow/.local/lib/python3.8/site-packages/airflow/example_dags/example_latest_only_with_trigger.py
[2024-02-21T19:57:31.947+0000] {logging_mixin.py:188} INFO - [2024-02-21T19:57:31.947+0000] {dag.py:3036} INFO - Sync 1 DAGs
[2024-02-21T19:57:31.974+0000] {logging_mixin.py:188} INFO - [2024-02-21T19:57:31.974+0000] {dag.py:3823} INFO - Setting next_dagrun for latest_only_with_trigger to 2024-02-21 12:00:00+00:00, run_after=2024-02-21 16:00:00+00:00
[2024-02-21T19:57:32.009+0000] {processor.py:183} INFO - Processing /home/airflow/.local/lib/python3.8/site-packages/airflow/example_dags/example_latest_only_with_trigger.py took 0.113 seconds
[2024-02-21T19:58:02.364+0000] {processor.py:161} INFO - Started process (PID=945) to work on /home/airflow/.local/lib/python3.8/site-packages/airflow/example_dags/example_latest_only_with_trigger.py
[2024-02-21T19:58:02.365+0000] {processor.py:830} INFO - Processing file /home/airflow/.local/lib/python3.8/site-packages/airflow/example_dags/example_latest_only_with_trigger.py for tasks to queue
[2024-02-21T19:58:02.367+0000] {logging_mixin.py:188} INFO - [2024-02-21T19:58:02.367+0000] {dagbag.py:538} INFO - Filling up the DagBag from /home/airflow/.local/lib/python3.8/site-packages/airflow/example_dags/example_latest_only_with_trigger.py
[2024-02-21T19:58:02.380+0000] {processor.py:840} INFO - DAG(s) 'latest_only_with_trigger' retrieved from /home/airflow/.local/lib/python3.8/site-packages/airflow/example_dags/example_latest_only_with_trigger.py
[2024-02-21T19:58:02.405+0000] {logging_mixin.py:188} INFO - [2024-02-21T19:58:02.405+0000] {dag.py:3036} INFO - Sync 1 DAGs
[2024-02-21T19:58:02.432+0000] {logging_mixin.py:188} INFO - [2024-02-21T19:58:02.432+0000] {dag.py:3823} INFO - Setting next_dagrun for latest_only_with_trigger to 2024-02-21 12:00:00+00:00, run_after=2024-02-21 16:00:00+00:00
[2024-02-21T19:58:02.454+0000] {processor.py:183} INFO - Processing /home/airflow/.local/lib/python3.8/site-packages/airflow/example_dags/example_latest_only_with_trigger.py took 0.095 seconds
[2024-02-21T19:58:32.841+0000] {processor.py:161} INFO - Started process (PID=1000) to work on /home/airflow/.local/lib/python3.8/site-packages/airflow/example_dags/example_latest_only_with_trigger.py
[2024-02-21T19:58:32.842+0000] {processor.py:830} INFO - Processing file /home/airflow/.local/lib/python3.8/site-packages/airflow/example_dags/example_latest_only_with_trigger.py for tasks to queue
[2024-02-21T19:58:32.844+0000] {logging_mixin.py:188} INFO - [2024-02-21T19:58:32.844+0000] {dagbag.py:538} INFO - Filling up the DagBag from /home/airflow/.local/lib/python3.8/site-packages/airflow/example_dags/example_latest_only_with_trigger.py
[2024-02-21T19:58:32.851+0000] {processor.py:840} INFO - DAG(s) 'latest_only_with_trigger' retrieved from /home/airflow/.local/lib/python3.8/site-packages/airflow/example_dags/example_latest_only_with_trigger.py
[2024-02-21T19:58:32.876+0000] {logging_mixin.py:188} INFO - [2024-02-21T19:58:32.876+0000] {dag.py:3036} INFO - Sync 1 DAGs
[2024-02-21T19:58:32.900+0000] {logging_mixin.py:188} INFO - [2024-02-21T19:58:32.900+0000] {dag.py:3823} INFO - Setting next_dagrun for latest_only_with_trigger to 2024-02-21 12:00:00+00:00, run_after=2024-02-21 16:00:00+00:00
[2024-02-21T19:58:32.924+0000] {processor.py:183} INFO - Processing /home/airflow/.local/lib/python3.8/site-packages/airflow/example_dags/example_latest_only_with_trigger.py took 0.087 seconds
[2024-02-21T19:59:03.223+0000] {processor.py:161} INFO - Started process (PID=1055) to work on /home/airflow/.local/lib/python3.8/site-packages/airflow/example_dags/example_latest_only_with_trigger.py
[2024-02-21T19:59:03.224+0000] {processor.py:830} INFO - Processing file /home/airflow/.local/lib/python3.8/site-packages/airflow/example_dags/example_latest_only_with_trigger.py for tasks to queue
[2024-02-21T19:59:03.227+0000] {logging_mixin.py:188} INFO - [2024-02-21T19:59:03.226+0000] {dagbag.py:538} INFO - Filling up the DagBag from /home/airflow/.local/lib/python3.8/site-packages/airflow/example_dags/example_latest_only_with_trigger.py
[2024-02-21T19:59:03.233+0000] {processor.py:840} INFO - DAG(s) 'latest_only_with_trigger' retrieved from /home/airflow/.local/lib/python3.8/site-packages/airflow/example_dags/example_latest_only_with_trigger.py
[2024-02-21T19:59:03.253+0000] {logging_mixin.py:188} INFO - [2024-02-21T19:59:03.253+0000] {dag.py:3036} INFO - Sync 1 DAGs
[2024-02-21T19:59:03.276+0000] {logging_mixin.py:188} INFO - [2024-02-21T19:59:03.276+0000] {dag.py:3823} INFO - Setting next_dagrun for latest_only_with_trigger to 2024-02-21 12:00:00+00:00, run_after=2024-02-21 16:00:00+00:00
[2024-02-21T19:59:03.294+0000] {processor.py:183} INFO - Processing /home/airflow/.local/lib/python3.8/site-packages/airflow/example_dags/example_latest_only_with_trigger.py took 0.074 seconds
[2024-02-21T19:59:33.703+0000] {processor.py:161} INFO - Started process (PID=1110) to work on /home/airflow/.local/lib/python3.8/site-packages/airflow/example_dags/example_latest_only_with_trigger.py
[2024-02-21T19:59:33.704+0000] {processor.py:830} INFO - Processing file /home/airflow/.local/lib/python3.8/site-packages/airflow/example_dags/example_latest_only_with_trigger.py for tasks to queue
[2024-02-21T19:59:33.706+0000] {logging_mixin.py:188} INFO - [2024-02-21T19:59:33.706+0000] {dagbag.py:538} INFO - Filling up the DagBag from /home/airflow/.local/lib/python3.8/site-packages/airflow/example_dags/example_latest_only_with_trigger.py
[2024-02-21T19:59:33.712+0000] {processor.py:840} INFO - DAG(s) 'latest_only_with_trigger' retrieved from /home/airflow/.local/lib/python3.8/site-packages/airflow/example_dags/example_latest_only_with_trigger.py
[2024-02-21T19:59:33.733+0000] {logging_mixin.py:188} INFO - [2024-02-21T19:59:33.733+0000] {dag.py:3036} INFO - Sync 1 DAGs
[2024-02-21T19:59:33.755+0000] {logging_mixin.py:188} INFO - [2024-02-21T19:59:33.755+0000] {dag.py:3823} INFO - Setting next_dagrun for latest_only_with_trigger to 2024-02-21 12:00:00+00:00, run_after=2024-02-21 16:00:00+00:00
[2024-02-21T19:59:33.772+0000] {processor.py:183} INFO - Processing /home/airflow/.local/lib/python3.8/site-packages/airflow/example_dags/example_latest_only_with_trigger.py took 0.072 seconds
[2024-02-21T20:00:04.260+0000] {processor.py:161} INFO - Started process (PID=1165) to work on /home/airflow/.local/lib/python3.8/site-packages/airflow/example_dags/example_latest_only_with_trigger.py
[2024-02-21T20:00:04.261+0000] {processor.py:830} INFO - Processing file /home/airflow/.local/lib/python3.8/site-packages/airflow/example_dags/example_latest_only_with_trigger.py for tasks to queue
[2024-02-21T20:00:04.264+0000] {logging_mixin.py:188} INFO - [2024-02-21T20:00:04.263+0000] {dagbag.py:538} INFO - Filling up the DagBag from /home/airflow/.local/lib/python3.8/site-packages/airflow/example_dags/example_latest_only_with_trigger.py
[2024-02-21T20:00:04.272+0000] {processor.py:840} INFO - DAG(s) 'latest_only_with_trigger' retrieved from /home/airflow/.local/lib/python3.8/site-packages/airflow/example_dags/example_latest_only_with_trigger.py
[2024-02-21T20:00:04.298+0000] {logging_mixin.py:188} INFO - [2024-02-21T20:00:04.297+0000] {dag.py:3036} INFO - Sync 1 DAGs
[2024-02-21T20:00:04.320+0000] {logging_mixin.py:188} INFO - [2024-02-21T20:00:04.320+0000] {dag.py:3823} INFO - Setting next_dagrun for latest_only_with_trigger to 2024-02-21 16:00:00+00:00, run_after=2024-02-21 20:00:00+00:00
[2024-02-21T20:00:04.344+0000] {processor.py:183} INFO - Processing /home/airflow/.local/lib/python3.8/site-packages/airflow/example_dags/example_latest_only_with_trigger.py took 0.087 seconds
[2024-02-21T20:00:34.683+0000] {processor.py:161} INFO - Started process (PID=1220) to work on /home/airflow/.local/lib/python3.8/site-packages/airflow/example_dags/example_latest_only_with_trigger.py
[2024-02-21T20:00:34.685+0000] {processor.py:830} INFO - Processing file /home/airflow/.local/lib/python3.8/site-packages/airflow/example_dags/example_latest_only_with_trigger.py for tasks to queue
[2024-02-21T20:00:34.687+0000] {logging_mixin.py:188} INFO - [2024-02-21T20:00:34.687+0000] {dagbag.py:538} INFO - Filling up the DagBag from /home/airflow/.local/lib/python3.8/site-packages/airflow/example_dags/example_latest_only_with_trigger.py
[2024-02-21T20:00:34.694+0000] {processor.py:840} INFO - DAG(s) 'latest_only_with_trigger' retrieved from /home/airflow/.local/lib/python3.8/site-packages/airflow/example_dags/example_latest_only_with_trigger.py
[2024-02-21T20:00:34.717+0000] {logging_mixin.py:188} INFO - [2024-02-21T20:00:34.716+0000] {dag.py:3036} INFO - Sync 1 DAGs
[2024-02-21T20:00:34.740+0000] {logging_mixin.py:188} INFO - [2024-02-21T20:00:34.740+0000] {dag.py:3823} INFO - Setting next_dagrun for latest_only_with_trigger to 2024-02-21 16:00:00+00:00, run_after=2024-02-21 20:00:00+00:00
[2024-02-21T20:00:34.759+0000] {processor.py:183} INFO - Processing /home/airflow/.local/lib/python3.8/site-packages/airflow/example_dags/example_latest_only_with_trigger.py took 0.079 seconds
[2024-02-21T20:01:05.057+0000] {processor.py:161} INFO - Started process (PID=1275) to work on /home/airflow/.local/lib/python3.8/site-packages/airflow/example_dags/example_latest_only_with_trigger.py
[2024-02-21T20:01:05.058+0000] {processor.py:830} INFO - Processing file /home/airflow/.local/lib/python3.8/site-packages/airflow/example_dags/example_latest_only_with_trigger.py for tasks to queue
[2024-02-21T20:01:05.059+0000] {logging_mixin.py:188} INFO - [2024-02-21T20:01:05.059+0000] {dagbag.py:538} INFO - Filling up the DagBag from /home/airflow/.local/lib/python3.8/site-packages/airflow/example_dags/example_latest_only_with_trigger.py
[2024-02-21T20:01:05.065+0000] {processor.py:840} INFO - DAG(s) 'latest_only_with_trigger' retrieved from /home/airflow/.local/lib/python3.8/site-packages/airflow/example_dags/example_latest_only_with_trigger.py
[2024-02-21T20:01:05.086+0000] {logging_mixin.py:188} INFO - [2024-02-21T20:01:05.085+0000] {dag.py:3036} INFO - Sync 1 DAGs
[2024-02-21T20:01:05.105+0000] {logging_mixin.py:188} INFO - [2024-02-21T20:01:05.105+0000] {dag.py:3823} INFO - Setting next_dagrun for latest_only_with_trigger to 2024-02-21 16:00:00+00:00, run_after=2024-02-21 20:00:00+00:00
[2024-02-21T20:01:05.123+0000] {processor.py:183} INFO - Processing /home/airflow/.local/lib/python3.8/site-packages/airflow/example_dags/example_latest_only_with_trigger.py took 0.069 seconds
[2024-02-21T20:01:35.450+0000] {processor.py:161} INFO - Started process (PID=1330) to work on /home/airflow/.local/lib/python3.8/site-packages/airflow/example_dags/example_latest_only_with_trigger.py
[2024-02-21T20:01:35.452+0000] {processor.py:830} INFO - Processing file /home/airflow/.local/lib/python3.8/site-packages/airflow/example_dags/example_latest_only_with_trigger.py for tasks to queue
[2024-02-21T20:01:35.455+0000] {logging_mixin.py:188} INFO - [2024-02-21T20:01:35.455+0000] {dagbag.py:538} INFO - Filling up the DagBag from /home/airflow/.local/lib/python3.8/site-packages/airflow/example_dags/example_latest_only_with_trigger.py
[2024-02-21T20:01:35.464+0000] {processor.py:840} INFO - DAG(s) 'latest_only_with_trigger' retrieved from /home/airflow/.local/lib/python3.8/site-packages/airflow/example_dags/example_latest_only_with_trigger.py
[2024-02-21T20:01:35.493+0000] {logging_mixin.py:188} INFO - [2024-02-21T20:01:35.493+0000] {dag.py:3036} INFO - Sync 1 DAGs
[2024-02-21T20:01:35.518+0000] {logging_mixin.py:188} INFO - [2024-02-21T20:01:35.517+0000] {dag.py:3823} INFO - Setting next_dagrun for latest_only_with_trigger to 2024-02-21 16:00:00+00:00, run_after=2024-02-21 20:00:00+00:00
[2024-02-21T20:01:35.537+0000] {processor.py:183} INFO - Processing /home/airflow/.local/lib/python3.8/site-packages/airflow/example_dags/example_latest_only_with_trigger.py took 0.091 seconds
[2024-02-21T20:02:05.671+0000] {processor.py:161} INFO - Started process (PID=1385) to work on /home/airflow/.local/lib/python3.8/site-packages/airflow/example_dags/example_latest_only_with_trigger.py
[2024-02-21T20:02:05.672+0000] {processor.py:830} INFO - Processing file /home/airflow/.local/lib/python3.8/site-packages/airflow/example_dags/example_latest_only_with_trigger.py for tasks to queue
[2024-02-21T20:02:05.675+0000] {logging_mixin.py:188} INFO - [2024-02-21T20:02:05.675+0000] {dagbag.py:538} INFO - Filling up the DagBag from /home/airflow/.local/lib/python3.8/site-packages/airflow/example_dags/example_latest_only_with_trigger.py
[2024-02-21T20:02:05.682+0000] {processor.py:840} INFO - DAG(s) 'latest_only_with_trigger' retrieved from /home/airflow/.local/lib/python3.8/site-packages/airflow/example_dags/example_latest_only_with_trigger.py
[2024-02-21T20:02:05.703+0000] {logging_mixin.py:188} INFO - [2024-02-21T20:02:05.703+0000] {dag.py:3036} INFO - Sync 1 DAGs
[2024-02-21T20:02:05.723+0000] {logging_mixin.py:188} INFO - [2024-02-21T20:02:05.723+0000] {dag.py:3823} INFO - Setting next_dagrun for latest_only_with_trigger to 2024-02-21 16:00:00+00:00, run_after=2024-02-21 20:00:00+00:00
[2024-02-21T20:02:05.741+0000] {processor.py:183} INFO - Processing /home/airflow/.local/lib/python3.8/site-packages/airflow/example_dags/example_latest_only_with_trigger.py took 0.073 seconds
