[2024-02-21T19:49:59.161+0000] {processor.py:161} INFO - Started process (PID=71) to work on /home/airflow/.local/lib/python3.8/site-packages/airflow/example_dags/example_python_decorator.py
[2024-02-21T19:49:59.162+0000] {processor.py:830} INFO - Processing file /home/airflow/.local/lib/python3.8/site-packages/airflow/example_dags/example_python_decorator.py for tasks to queue
[2024-02-21T19:49:59.164+0000] {logging_mixin.py:188} INFO - [2024-02-21T19:49:59.163+0000] {dagbag.py:538} INFO - Filling up the DagBag from /home/airflow/.local/lib/python3.8/site-packages/airflow/example_dags/example_python_decorator.py
[2024-02-21T19:49:59.239+0000] {processor.py:840} INFO - DAG(s) 'example_python_decorator' retrieved from /home/airflow/.local/lib/python3.8/site-packages/airflow/example_dags/example_python_decorator.py
[2024-02-21T19:49:59.878+0000] {logging_mixin.py:188} INFO - [2024-02-21T19:49:59.878+0000] {dag.py:3036} INFO - Sync 1 DAGs
[2024-02-21T19:49:59.895+0000] {logging_mixin.py:188} INFO - [2024-02-21T19:49:59.894+0000] {dag.py:3823} INFO - Setting next_dagrun for example_python_decorator to None, run_after=None
[2024-02-21T19:49:59.928+0000] {processor.py:183} INFO - Processing /home/airflow/.local/lib/python3.8/site-packages/airflow/example_dags/example_python_decorator.py took 0.771 seconds
[2024-02-21T19:50:30.059+0000] {processor.py:161} INFO - Started process (PID=126) to work on /home/airflow/.local/lib/python3.8/site-packages/airflow/example_dags/example_python_decorator.py
[2024-02-21T19:50:30.060+0000] {processor.py:830} INFO - Processing file /home/airflow/.local/lib/python3.8/site-packages/airflow/example_dags/example_python_decorator.py for tasks to queue
[2024-02-21T19:50:30.062+0000] {logging_mixin.py:188} INFO - [2024-02-21T19:50:30.062+0000] {dagbag.py:538} INFO - Filling up the DagBag from /home/airflow/.local/lib/python3.8/site-packages/airflow/example_dags/example_python_decorator.py
[2024-02-21T19:50:30.074+0000] {processor.py:840} INFO - DAG(s) 'example_python_decorator' retrieved from /home/airflow/.local/lib/python3.8/site-packages/airflow/example_dags/example_python_decorator.py
[2024-02-21T19:50:30.095+0000] {logging_mixin.py:188} INFO - [2024-02-21T19:50:30.095+0000] {dag.py:3036} INFO - Sync 1 DAGs
[2024-02-21T19:50:30.107+0000] {logging_mixin.py:188} INFO - [2024-02-21T19:50:30.107+0000] {dag.py:3823} INFO - Setting next_dagrun for example_python_decorator to None, run_after=None
[2024-02-21T19:50:30.127+0000] {processor.py:183} INFO - Processing /home/airflow/.local/lib/python3.8/site-packages/airflow/example_dags/example_python_decorator.py took 0.071 seconds
[2024-02-21T19:51:00.302+0000] {processor.py:161} INFO - Started process (PID=181) to work on /home/airflow/.local/lib/python3.8/site-packages/airflow/example_dags/example_python_decorator.py
[2024-02-21T19:51:00.303+0000] {processor.py:830} INFO - Processing file /home/airflow/.local/lib/python3.8/site-packages/airflow/example_dags/example_python_decorator.py for tasks to queue
[2024-02-21T19:51:00.305+0000] {logging_mixin.py:188} INFO - [2024-02-21T19:51:00.305+0000] {dagbag.py:538} INFO - Filling up the DagBag from /home/airflow/.local/lib/python3.8/site-packages/airflow/example_dags/example_python_decorator.py
[2024-02-21T19:51:00.317+0000] {processor.py:840} INFO - DAG(s) 'example_python_decorator' retrieved from /home/airflow/.local/lib/python3.8/site-packages/airflow/example_dags/example_python_decorator.py
[2024-02-21T19:51:00.337+0000] {logging_mixin.py:188} INFO - [2024-02-21T19:51:00.337+0000] {dag.py:3036} INFO - Sync 1 DAGs
[2024-02-21T19:51:00.351+0000] {logging_mixin.py:188} INFO - [2024-02-21T19:51:00.351+0000] {dag.py:3823} INFO - Setting next_dagrun for example_python_decorator to None, run_after=None
[2024-02-21T19:51:00.378+0000] {processor.py:183} INFO - Processing /home/airflow/.local/lib/python3.8/site-packages/airflow/example_dags/example_python_decorator.py took 0.078 seconds
[2024-02-21T19:51:30.737+0000] {processor.py:161} INFO - Started process (PID=236) to work on /home/airflow/.local/lib/python3.8/site-packages/airflow/example_dags/example_python_decorator.py
[2024-02-21T19:51:30.739+0000] {processor.py:830} INFO - Processing file /home/airflow/.local/lib/python3.8/site-packages/airflow/example_dags/example_python_decorator.py for tasks to queue
[2024-02-21T19:51:30.741+0000] {logging_mixin.py:188} INFO - [2024-02-21T19:51:30.741+0000] {dagbag.py:538} INFO - Filling up the DagBag from /home/airflow/.local/lib/python3.8/site-packages/airflow/example_dags/example_python_decorator.py
[2024-02-21T19:51:30.755+0000] {processor.py:840} INFO - DAG(s) 'example_python_decorator' retrieved from /home/airflow/.local/lib/python3.8/site-packages/airflow/example_dags/example_python_decorator.py
[2024-02-21T19:51:30.775+0000] {logging_mixin.py:188} INFO - [2024-02-21T19:51:30.775+0000] {dag.py:3036} INFO - Sync 1 DAGs
[2024-02-21T19:51:30.791+0000] {logging_mixin.py:188} INFO - [2024-02-21T19:51:30.791+0000] {dag.py:3823} INFO - Setting next_dagrun for example_python_decorator to None, run_after=None
[2024-02-21T19:51:30.813+0000] {processor.py:183} INFO - Processing /home/airflow/.local/lib/python3.8/site-packages/airflow/example_dags/example_python_decorator.py took 0.078 seconds
[2024-02-21T19:52:01.437+0000] {processor.py:161} INFO - Started process (PID=291) to work on /home/airflow/.local/lib/python3.8/site-packages/airflow/example_dags/example_python_decorator.py
[2024-02-21T19:52:01.438+0000] {processor.py:830} INFO - Processing file /home/airflow/.local/lib/python3.8/site-packages/airflow/example_dags/example_python_decorator.py for tasks to queue
[2024-02-21T19:52:01.440+0000] {logging_mixin.py:188} INFO - [2024-02-21T19:52:01.439+0000] {dagbag.py:538} INFO - Filling up the DagBag from /home/airflow/.local/lib/python3.8/site-packages/airflow/example_dags/example_python_decorator.py
[2024-02-21T19:52:01.453+0000] {processor.py:840} INFO - DAG(s) 'example_python_decorator' retrieved from /home/airflow/.local/lib/python3.8/site-packages/airflow/example_dags/example_python_decorator.py
[2024-02-21T19:52:01.474+0000] {logging_mixin.py:188} INFO - [2024-02-21T19:52:01.474+0000] {dag.py:3036} INFO - Sync 1 DAGs
[2024-02-21T19:52:01.488+0000] {logging_mixin.py:188} INFO - [2024-02-21T19:52:01.488+0000] {dag.py:3823} INFO - Setting next_dagrun for example_python_decorator to None, run_after=None
[2024-02-21T19:52:01.514+0000] {processor.py:183} INFO - Processing /home/airflow/.local/lib/python3.8/site-packages/airflow/example_dags/example_python_decorator.py took 0.080 seconds
[2024-02-21T19:52:31.666+0000] {processor.py:161} INFO - Started process (PID=346) to work on /home/airflow/.local/lib/python3.8/site-packages/airflow/example_dags/example_python_decorator.py
[2024-02-21T19:52:31.667+0000] {processor.py:830} INFO - Processing file /home/airflow/.local/lib/python3.8/site-packages/airflow/example_dags/example_python_decorator.py for tasks to queue
[2024-02-21T19:52:31.671+0000] {logging_mixin.py:188} INFO - [2024-02-21T19:52:31.670+0000] {dagbag.py:538} INFO - Filling up the DagBag from /home/airflow/.local/lib/python3.8/site-packages/airflow/example_dags/example_python_decorator.py
[2024-02-21T19:52:31.689+0000] {processor.py:840} INFO - DAG(s) 'example_python_decorator' retrieved from /home/airflow/.local/lib/python3.8/site-packages/airflow/example_dags/example_python_decorator.py
[2024-02-21T19:52:31.716+0000] {logging_mixin.py:188} INFO - [2024-02-21T19:52:31.716+0000] {dag.py:3036} INFO - Sync 1 DAGs
[2024-02-21T19:52:31.731+0000] {logging_mixin.py:188} INFO - [2024-02-21T19:52:31.731+0000] {dag.py:3823} INFO - Setting next_dagrun for example_python_decorator to None, run_after=None
[2024-02-21T19:52:31.760+0000] {processor.py:183} INFO - Processing /home/airflow/.local/lib/python3.8/site-packages/airflow/example_dags/example_python_decorator.py took 0.098 seconds
[2024-02-21T19:53:02.578+0000] {processor.py:161} INFO - Started process (PID=401) to work on /home/airflow/.local/lib/python3.8/site-packages/airflow/example_dags/example_python_decorator.py
[2024-02-21T19:53:02.579+0000] {processor.py:830} INFO - Processing file /home/airflow/.local/lib/python3.8/site-packages/airflow/example_dags/example_python_decorator.py for tasks to queue
[2024-02-21T19:53:02.581+0000] {logging_mixin.py:188} INFO - [2024-02-21T19:53:02.581+0000] {dagbag.py:538} INFO - Filling up the DagBag from /home/airflow/.local/lib/python3.8/site-packages/airflow/example_dags/example_python_decorator.py
[2024-02-21T19:53:02.597+0000] {processor.py:840} INFO - DAG(s) 'example_python_decorator' retrieved from /home/airflow/.local/lib/python3.8/site-packages/airflow/example_dags/example_python_decorator.py
[2024-02-21T19:53:02.618+0000] {logging_mixin.py:188} INFO - [2024-02-21T19:53:02.618+0000] {dag.py:3036} INFO - Sync 1 DAGs
[2024-02-21T19:53:02.632+0000] {logging_mixin.py:188} INFO - [2024-02-21T19:53:02.631+0000] {dag.py:3823} INFO - Setting next_dagrun for example_python_decorator to None, run_after=None
[2024-02-21T19:53:02.652+0000] {processor.py:183} INFO - Processing /home/airflow/.local/lib/python3.8/site-packages/airflow/example_dags/example_python_decorator.py took 0.078 seconds
[2024-02-21T19:53:33.551+0000] {processor.py:161} INFO - Started process (PID=456) to work on /home/airflow/.local/lib/python3.8/site-packages/airflow/example_dags/example_python_decorator.py
[2024-02-21T19:53:33.606+0000] {processor.py:830} INFO - Processing file /home/airflow/.local/lib/python3.8/site-packages/airflow/example_dags/example_python_decorator.py for tasks to queue
[2024-02-21T19:53:33.609+0000] {logging_mixin.py:188} INFO - [2024-02-21T19:53:33.609+0000] {dagbag.py:538} INFO - Filling up the DagBag from /home/airflow/.local/lib/python3.8/site-packages/airflow/example_dags/example_python_decorator.py
[2024-02-21T19:53:33.637+0000] {processor.py:840} INFO - DAG(s) 'example_python_decorator' retrieved from /home/airflow/.local/lib/python3.8/site-packages/airflow/example_dags/example_python_decorator.py
[2024-02-21T19:53:33.655+0000] {logging_mixin.py:188} INFO - [2024-02-21T19:53:33.655+0000] {dag.py:3036} INFO - Sync 1 DAGs
[2024-02-21T19:53:33.666+0000] {logging_mixin.py:188} INFO - [2024-02-21T19:53:33.666+0000] {dag.py:3823} INFO - Setting next_dagrun for example_python_decorator to None, run_after=None
[2024-02-21T19:53:33.773+0000] {processor.py:183} INFO - Processing /home/airflow/.local/lib/python3.8/site-packages/airflow/example_dags/example_python_decorator.py took 0.226 seconds
[2024-02-21T19:54:03.980+0000] {processor.py:161} INFO - Started process (PID=511) to work on /home/airflow/.local/lib/python3.8/site-packages/airflow/example_dags/example_python_decorator.py
[2024-02-21T19:54:03.983+0000] {processor.py:830} INFO - Processing file /home/airflow/.local/lib/python3.8/site-packages/airflow/example_dags/example_python_decorator.py for tasks to queue
[2024-02-21T19:54:03.985+0000] {logging_mixin.py:188} INFO - [2024-02-21T19:54:03.985+0000] {dagbag.py:538} INFO - Filling up the DagBag from /home/airflow/.local/lib/python3.8/site-packages/airflow/example_dags/example_python_decorator.py
[2024-02-21T19:54:04.002+0000] {processor.py:840} INFO - DAG(s) 'example_python_decorator' retrieved from /home/airflow/.local/lib/python3.8/site-packages/airflow/example_dags/example_python_decorator.py
[2024-02-21T19:54:04.029+0000] {logging_mixin.py:188} INFO - [2024-02-21T19:54:04.029+0000] {dag.py:3036} INFO - Sync 1 DAGs
[2024-02-21T19:54:04.044+0000] {logging_mixin.py:188} INFO - [2024-02-21T19:54:04.044+0000] {dag.py:3823} INFO - Setting next_dagrun for example_python_decorator to None, run_after=None
[2024-02-21T19:54:04.065+0000] {processor.py:183} INFO - Processing /home/airflow/.local/lib/python3.8/site-packages/airflow/example_dags/example_python_decorator.py took 0.089 seconds
[2024-02-21T19:54:34.135+0000] {processor.py:161} INFO - Started process (PID=566) to work on /home/airflow/.local/lib/python3.8/site-packages/airflow/example_dags/example_python_decorator.py
[2024-02-21T19:54:34.137+0000] {processor.py:830} INFO - Processing file /home/airflow/.local/lib/python3.8/site-packages/airflow/example_dags/example_python_decorator.py for tasks to queue
[2024-02-21T19:54:34.139+0000] {logging_mixin.py:188} INFO - [2024-02-21T19:54:34.139+0000] {dagbag.py:538} INFO - Filling up the DagBag from /home/airflow/.local/lib/python3.8/site-packages/airflow/example_dags/example_python_decorator.py
[2024-02-21T19:54:34.153+0000] {processor.py:840} INFO - DAG(s) 'example_python_decorator' retrieved from /home/airflow/.local/lib/python3.8/site-packages/airflow/example_dags/example_python_decorator.py
[2024-02-21T19:54:34.175+0000] {logging_mixin.py:188} INFO - [2024-02-21T19:54:34.175+0000] {dag.py:3036} INFO - Sync 1 DAGs
[2024-02-21T19:54:34.188+0000] {logging_mixin.py:188} INFO - [2024-02-21T19:54:34.188+0000] {dag.py:3823} INFO - Setting next_dagrun for example_python_decorator to None, run_after=None
[2024-02-21T19:54:34.213+0000] {processor.py:183} INFO - Processing /home/airflow/.local/lib/python3.8/site-packages/airflow/example_dags/example_python_decorator.py took 0.082 seconds
[2024-02-21T19:55:04.522+0000] {processor.py:161} INFO - Started process (PID=621) to work on /home/airflow/.local/lib/python3.8/site-packages/airflow/example_dags/example_python_decorator.py
[2024-02-21T19:55:04.523+0000] {processor.py:830} INFO - Processing file /home/airflow/.local/lib/python3.8/site-packages/airflow/example_dags/example_python_decorator.py for tasks to queue
[2024-02-21T19:55:04.525+0000] {logging_mixin.py:188} INFO - [2024-02-21T19:55:04.525+0000] {dagbag.py:538} INFO - Filling up the DagBag from /home/airflow/.local/lib/python3.8/site-packages/airflow/example_dags/example_python_decorator.py
[2024-02-21T19:55:04.537+0000] {processor.py:840} INFO - DAG(s) 'example_python_decorator' retrieved from /home/airflow/.local/lib/python3.8/site-packages/airflow/example_dags/example_python_decorator.py
[2024-02-21T19:55:04.556+0000] {logging_mixin.py:188} INFO - [2024-02-21T19:55:04.556+0000] {dag.py:3036} INFO - Sync 1 DAGs
[2024-02-21T19:55:04.570+0000] {logging_mixin.py:188} INFO - [2024-02-21T19:55:04.569+0000] {dag.py:3823} INFO - Setting next_dagrun for example_python_decorator to None, run_after=None
[2024-02-21T19:55:04.595+0000] {processor.py:183} INFO - Processing /home/airflow/.local/lib/python3.8/site-packages/airflow/example_dags/example_python_decorator.py took 0.076 seconds
[2024-02-21T19:55:35.107+0000] {processor.py:161} INFO - Started process (PID=676) to work on /home/airflow/.local/lib/python3.8/site-packages/airflow/example_dags/example_python_decorator.py
[2024-02-21T19:55:35.109+0000] {processor.py:830} INFO - Processing file /home/airflow/.local/lib/python3.8/site-packages/airflow/example_dags/example_python_decorator.py for tasks to queue
[2024-02-21T19:55:35.111+0000] {logging_mixin.py:188} INFO - [2024-02-21T19:55:35.111+0000] {dagbag.py:538} INFO - Filling up the DagBag from /home/airflow/.local/lib/python3.8/site-packages/airflow/example_dags/example_python_decorator.py
[2024-02-21T19:55:35.124+0000] {processor.py:840} INFO - DAG(s) 'example_python_decorator' retrieved from /home/airflow/.local/lib/python3.8/site-packages/airflow/example_dags/example_python_decorator.py
[2024-02-21T19:55:35.145+0000] {logging_mixin.py:188} INFO - [2024-02-21T19:55:35.145+0000] {dag.py:3036} INFO - Sync 1 DAGs
[2024-02-21T19:55:35.157+0000] {logging_mixin.py:188} INFO - [2024-02-21T19:55:35.157+0000] {dag.py:3823} INFO - Setting next_dagrun for example_python_decorator to None, run_after=None
[2024-02-21T19:55:35.188+0000] {processor.py:183} INFO - Processing /home/airflow/.local/lib/python3.8/site-packages/airflow/example_dags/example_python_decorator.py took 0.084 seconds
[2024-02-21T19:56:05.441+0000] {processor.py:161} INFO - Started process (PID=731) to work on /home/airflow/.local/lib/python3.8/site-packages/airflow/example_dags/example_python_decorator.py
[2024-02-21T19:56:05.442+0000] {processor.py:830} INFO - Processing file /home/airflow/.local/lib/python3.8/site-packages/airflow/example_dags/example_python_decorator.py for tasks to queue
[2024-02-21T19:56:05.444+0000] {logging_mixin.py:188} INFO - [2024-02-21T19:56:05.444+0000] {dagbag.py:538} INFO - Filling up the DagBag from /home/airflow/.local/lib/python3.8/site-packages/airflow/example_dags/example_python_decorator.py
[2024-02-21T19:56:05.457+0000] {processor.py:840} INFO - DAG(s) 'example_python_decorator' retrieved from /home/airflow/.local/lib/python3.8/site-packages/airflow/example_dags/example_python_decorator.py
[2024-02-21T19:56:05.484+0000] {logging_mixin.py:188} INFO - [2024-02-21T19:56:05.483+0000] {dag.py:3036} INFO - Sync 1 DAGs
[2024-02-21T19:56:05.497+0000] {logging_mixin.py:188} INFO - [2024-02-21T19:56:05.497+0000] {dag.py:3823} INFO - Setting next_dagrun for example_python_decorator to None, run_after=None
[2024-02-21T19:56:05.520+0000] {processor.py:183} INFO - Processing /home/airflow/.local/lib/python3.8/site-packages/airflow/example_dags/example_python_decorator.py took 0.082 seconds
[2024-02-21T19:56:35.606+0000] {processor.py:161} INFO - Started process (PID=786) to work on /home/airflow/.local/lib/python3.8/site-packages/airflow/example_dags/example_python_decorator.py
[2024-02-21T19:56:35.608+0000] {processor.py:830} INFO - Processing file /home/airflow/.local/lib/python3.8/site-packages/airflow/example_dags/example_python_decorator.py for tasks to queue
[2024-02-21T19:56:35.611+0000] {logging_mixin.py:188} INFO - [2024-02-21T19:56:35.610+0000] {dagbag.py:538} INFO - Filling up the DagBag from /home/airflow/.local/lib/python3.8/site-packages/airflow/example_dags/example_python_decorator.py
[2024-02-21T19:56:35.624+0000] {processor.py:840} INFO - DAG(s) 'example_python_decorator' retrieved from /home/airflow/.local/lib/python3.8/site-packages/airflow/example_dags/example_python_decorator.py
[2024-02-21T19:56:35.646+0000] {logging_mixin.py:188} INFO - [2024-02-21T19:56:35.645+0000] {dag.py:3036} INFO - Sync 1 DAGs
[2024-02-21T19:56:35.658+0000] {logging_mixin.py:188} INFO - [2024-02-21T19:56:35.657+0000] {dag.py:3823} INFO - Setting next_dagrun for example_python_decorator to None, run_after=None
[2024-02-21T19:56:35.677+0000] {processor.py:183} INFO - Processing /home/airflow/.local/lib/python3.8/site-packages/airflow/example_dags/example_python_decorator.py took 0.074 seconds
[2024-02-21T19:57:05.876+0000] {processor.py:161} INFO - Started process (PID=841) to work on /home/airflow/.local/lib/python3.8/site-packages/airflow/example_dags/example_python_decorator.py
[2024-02-21T19:57:05.877+0000] {processor.py:830} INFO - Processing file /home/airflow/.local/lib/python3.8/site-packages/airflow/example_dags/example_python_decorator.py for tasks to queue
[2024-02-21T19:57:05.879+0000] {logging_mixin.py:188} INFO - [2024-02-21T19:57:05.878+0000] {dagbag.py:538} INFO - Filling up the DagBag from /home/airflow/.local/lib/python3.8/site-packages/airflow/example_dags/example_python_decorator.py
[2024-02-21T19:57:05.891+0000] {processor.py:840} INFO - DAG(s) 'example_python_decorator' retrieved from /home/airflow/.local/lib/python3.8/site-packages/airflow/example_dags/example_python_decorator.py
[2024-02-21T19:57:05.916+0000] {logging_mixin.py:188} INFO - [2024-02-21T19:57:05.916+0000] {dag.py:3036} INFO - Sync 1 DAGs
[2024-02-21T19:57:05.930+0000] {logging_mixin.py:188} INFO - [2024-02-21T19:57:05.930+0000] {dag.py:3823} INFO - Setting next_dagrun for example_python_decorator to None, run_after=None
[2024-02-21T19:57:05.948+0000] {processor.py:183} INFO - Processing /home/airflow/.local/lib/python3.8/site-packages/airflow/example_dags/example_python_decorator.py took 0.076 seconds
[2024-02-21T19:57:36.079+0000] {processor.py:161} INFO - Started process (PID=896) to work on /home/airflow/.local/lib/python3.8/site-packages/airflow/example_dags/example_python_decorator.py
[2024-02-21T19:57:36.080+0000] {processor.py:830} INFO - Processing file /home/airflow/.local/lib/python3.8/site-packages/airflow/example_dags/example_python_decorator.py for tasks to queue
[2024-02-21T19:57:36.082+0000] {logging_mixin.py:188} INFO - [2024-02-21T19:57:36.082+0000] {dagbag.py:538} INFO - Filling up the DagBag from /home/airflow/.local/lib/python3.8/site-packages/airflow/example_dags/example_python_decorator.py
[2024-02-21T19:57:36.094+0000] {processor.py:840} INFO - DAG(s) 'example_python_decorator' retrieved from /home/airflow/.local/lib/python3.8/site-packages/airflow/example_dags/example_python_decorator.py
[2024-02-21T19:57:36.114+0000] {logging_mixin.py:188} INFO - [2024-02-21T19:57:36.113+0000] {dag.py:3036} INFO - Sync 1 DAGs
[2024-02-21T19:57:36.126+0000] {logging_mixin.py:188} INFO - [2024-02-21T19:57:36.126+0000] {dag.py:3823} INFO - Setting next_dagrun for example_python_decorator to None, run_after=None
[2024-02-21T19:57:36.157+0000] {processor.py:183} INFO - Processing /home/airflow/.local/lib/python3.8/site-packages/airflow/example_dags/example_python_decorator.py took 0.081 seconds
[2024-02-21T19:58:06.553+0000] {processor.py:161} INFO - Started process (PID=951) to work on /home/airflow/.local/lib/python3.8/site-packages/airflow/example_dags/example_python_decorator.py
[2024-02-21T19:58:06.554+0000] {processor.py:830} INFO - Processing file /home/airflow/.local/lib/python3.8/site-packages/airflow/example_dags/example_python_decorator.py for tasks to queue
[2024-02-21T19:58:06.556+0000] {logging_mixin.py:188} INFO - [2024-02-21T19:58:06.556+0000] {dagbag.py:538} INFO - Filling up the DagBag from /home/airflow/.local/lib/python3.8/site-packages/airflow/example_dags/example_python_decorator.py
[2024-02-21T19:58:06.569+0000] {processor.py:840} INFO - DAG(s) 'example_python_decorator' retrieved from /home/airflow/.local/lib/python3.8/site-packages/airflow/example_dags/example_python_decorator.py
[2024-02-21T19:58:06.593+0000] {logging_mixin.py:188} INFO - [2024-02-21T19:58:06.593+0000] {dag.py:3036} INFO - Sync 1 DAGs
[2024-02-21T19:58:06.608+0000] {logging_mixin.py:188} INFO - [2024-02-21T19:58:06.607+0000] {dag.py:3823} INFO - Setting next_dagrun for example_python_decorator to None, run_after=None
[2024-02-21T19:58:06.636+0000] {processor.py:183} INFO - Processing /home/airflow/.local/lib/python3.8/site-packages/airflow/example_dags/example_python_decorator.py took 0.085 seconds
[2024-02-21T19:58:37.018+0000] {processor.py:161} INFO - Started process (PID=1006) to work on /home/airflow/.local/lib/python3.8/site-packages/airflow/example_dags/example_python_decorator.py
[2024-02-21T19:58:37.019+0000] {processor.py:830} INFO - Processing file /home/airflow/.local/lib/python3.8/site-packages/airflow/example_dags/example_python_decorator.py for tasks to queue
[2024-02-21T19:58:37.021+0000] {logging_mixin.py:188} INFO - [2024-02-21T19:58:37.021+0000] {dagbag.py:538} INFO - Filling up the DagBag from /home/airflow/.local/lib/python3.8/site-packages/airflow/example_dags/example_python_decorator.py
[2024-02-21T19:58:37.033+0000] {processor.py:840} INFO - DAG(s) 'example_python_decorator' retrieved from /home/airflow/.local/lib/python3.8/site-packages/airflow/example_dags/example_python_decorator.py
[2024-02-21T19:58:37.054+0000] {logging_mixin.py:188} INFO - [2024-02-21T19:58:37.054+0000] {dag.py:3036} INFO - Sync 1 DAGs
[2024-02-21T19:58:37.067+0000] {logging_mixin.py:188} INFO - [2024-02-21T19:58:37.066+0000] {dag.py:3823} INFO - Setting next_dagrun for example_python_decorator to None, run_after=None
[2024-02-21T19:58:37.085+0000] {processor.py:183} INFO - Processing /home/airflow/.local/lib/python3.8/site-packages/airflow/example_dags/example_python_decorator.py took 0.070 seconds
[2024-02-21T19:59:07.498+0000] {processor.py:161} INFO - Started process (PID=1061) to work on /home/airflow/.local/lib/python3.8/site-packages/airflow/example_dags/example_python_decorator.py
[2024-02-21T19:59:07.499+0000] {processor.py:830} INFO - Processing file /home/airflow/.local/lib/python3.8/site-packages/airflow/example_dags/example_python_decorator.py for tasks to queue
[2024-02-21T19:59:07.501+0000] {logging_mixin.py:188} INFO - [2024-02-21T19:59:07.501+0000] {dagbag.py:538} INFO - Filling up the DagBag from /home/airflow/.local/lib/python3.8/site-packages/airflow/example_dags/example_python_decorator.py
[2024-02-21T19:59:07.514+0000] {processor.py:840} INFO - DAG(s) 'example_python_decorator' retrieved from /home/airflow/.local/lib/python3.8/site-packages/airflow/example_dags/example_python_decorator.py
[2024-02-21T19:59:07.538+0000] {logging_mixin.py:188} INFO - [2024-02-21T19:59:07.537+0000] {dag.py:3036} INFO - Sync 1 DAGs
[2024-02-21T19:59:07.549+0000] {logging_mixin.py:188} INFO - [2024-02-21T19:59:07.549+0000] {dag.py:3823} INFO - Setting next_dagrun for example_python_decorator to None, run_after=None
[2024-02-21T19:59:07.575+0000] {processor.py:183} INFO - Processing /home/airflow/.local/lib/python3.8/site-packages/airflow/example_dags/example_python_decorator.py took 0.081 seconds
[2024-02-21T19:59:37.920+0000] {processor.py:161} INFO - Started process (PID=1122) to work on /home/airflow/.local/lib/python3.8/site-packages/airflow/example_dags/example_python_decorator.py
[2024-02-21T19:59:37.921+0000] {processor.py:830} INFO - Processing file /home/airflow/.local/lib/python3.8/site-packages/airflow/example_dags/example_python_decorator.py for tasks to queue
[2024-02-21T19:59:37.924+0000] {logging_mixin.py:188} INFO - [2024-02-21T19:59:37.923+0000] {dagbag.py:538} INFO - Filling up the DagBag from /home/airflow/.local/lib/python3.8/site-packages/airflow/example_dags/example_python_decorator.py
[2024-02-21T19:59:37.936+0000] {processor.py:840} INFO - DAG(s) 'example_python_decorator' retrieved from /home/airflow/.local/lib/python3.8/site-packages/airflow/example_dags/example_python_decorator.py
[2024-02-21T19:59:37.956+0000] {logging_mixin.py:188} INFO - [2024-02-21T19:59:37.956+0000] {dag.py:3036} INFO - Sync 1 DAGs
[2024-02-21T19:59:37.967+0000] {logging_mixin.py:188} INFO - [2024-02-21T19:59:37.967+0000] {dag.py:3823} INFO - Setting next_dagrun for example_python_decorator to None, run_after=None
[2024-02-21T19:59:37.987+0000] {processor.py:183} INFO - Processing /home/airflow/.local/lib/python3.8/site-packages/airflow/example_dags/example_python_decorator.py took 0.071 seconds
[2024-02-21T20:00:08.477+0000] {processor.py:161} INFO - Started process (PID=1177) to work on /home/airflow/.local/lib/python3.8/site-packages/airflow/example_dags/example_python_decorator.py
[2024-02-21T20:00:08.479+0000] {processor.py:830} INFO - Processing file /home/airflow/.local/lib/python3.8/site-packages/airflow/example_dags/example_python_decorator.py for tasks to queue
[2024-02-21T20:00:08.481+0000] {logging_mixin.py:188} INFO - [2024-02-21T20:00:08.481+0000] {dagbag.py:538} INFO - Filling up the DagBag from /home/airflow/.local/lib/python3.8/site-packages/airflow/example_dags/example_python_decorator.py
[2024-02-21T20:00:08.497+0000] {processor.py:840} INFO - DAG(s) 'example_python_decorator' retrieved from /home/airflow/.local/lib/python3.8/site-packages/airflow/example_dags/example_python_decorator.py
[2024-02-21T20:00:08.520+0000] {logging_mixin.py:188} INFO - [2024-02-21T20:00:08.519+0000] {dag.py:3036} INFO - Sync 1 DAGs
[2024-02-21T20:00:08.533+0000] {logging_mixin.py:188} INFO - [2024-02-21T20:00:08.533+0000] {dag.py:3823} INFO - Setting next_dagrun for example_python_decorator to None, run_after=None
[2024-02-21T20:00:08.563+0000] {processor.py:183} INFO - Processing /home/airflow/.local/lib/python3.8/site-packages/airflow/example_dags/example_python_decorator.py took 0.090 seconds
[2024-02-21T20:00:38.939+0000] {processor.py:161} INFO - Started process (PID=1232) to work on /home/airflow/.local/lib/python3.8/site-packages/airflow/example_dags/example_python_decorator.py
[2024-02-21T20:00:38.940+0000] {processor.py:830} INFO - Processing file /home/airflow/.local/lib/python3.8/site-packages/airflow/example_dags/example_python_decorator.py for tasks to queue
[2024-02-21T20:00:38.942+0000] {logging_mixin.py:188} INFO - [2024-02-21T20:00:38.942+0000] {dagbag.py:538} INFO - Filling up the DagBag from /home/airflow/.local/lib/python3.8/site-packages/airflow/example_dags/example_python_decorator.py
[2024-02-21T20:00:38.955+0000] {processor.py:840} INFO - DAG(s) 'example_python_decorator' retrieved from /home/airflow/.local/lib/python3.8/site-packages/airflow/example_dags/example_python_decorator.py
[2024-02-21T20:00:38.976+0000] {logging_mixin.py:188} INFO - [2024-02-21T20:00:38.976+0000] {dag.py:3036} INFO - Sync 1 DAGs
[2024-02-21T20:00:38.987+0000] {logging_mixin.py:188} INFO - [2024-02-21T20:00:38.987+0000] {dag.py:3823} INFO - Setting next_dagrun for example_python_decorator to None, run_after=None
[2024-02-21T20:00:39.007+0000] {processor.py:183} INFO - Processing /home/airflow/.local/lib/python3.8/site-packages/airflow/example_dags/example_python_decorator.py took 0.072 seconds
[2024-02-21T20:01:09.235+0000] {processor.py:161} INFO - Started process (PID=1287) to work on /home/airflow/.local/lib/python3.8/site-packages/airflow/example_dags/example_python_decorator.py
[2024-02-21T20:01:09.236+0000] {processor.py:830} INFO - Processing file /home/airflow/.local/lib/python3.8/site-packages/airflow/example_dags/example_python_decorator.py for tasks to queue
[2024-02-21T20:01:09.238+0000] {logging_mixin.py:188} INFO - [2024-02-21T20:01:09.238+0000] {dagbag.py:538} INFO - Filling up the DagBag from /home/airflow/.local/lib/python3.8/site-packages/airflow/example_dags/example_python_decorator.py
[2024-02-21T20:01:09.252+0000] {processor.py:840} INFO - DAG(s) 'example_python_decorator' retrieved from /home/airflow/.local/lib/python3.8/site-packages/airflow/example_dags/example_python_decorator.py
[2024-02-21T20:01:09.294+0000] {logging_mixin.py:188} INFO - [2024-02-21T20:01:09.294+0000] {dag.py:3036} INFO - Sync 1 DAGs
[2024-02-21T20:01:09.317+0000] {logging_mixin.py:188} INFO - [2024-02-21T20:01:09.317+0000] {dag.py:3823} INFO - Setting next_dagrun for example_python_decorator to None, run_after=None
[2024-02-21T20:01:09.340+0000] {processor.py:183} INFO - Processing /home/airflow/.local/lib/python3.8/site-packages/airflow/example_dags/example_python_decorator.py took 0.108 seconds
[2024-02-21T20:01:39.702+0000] {processor.py:161} INFO - Started process (PID=1342) to work on /home/airflow/.local/lib/python3.8/site-packages/airflow/example_dags/example_python_decorator.py
[2024-02-21T20:01:39.703+0000] {processor.py:830} INFO - Processing file /home/airflow/.local/lib/python3.8/site-packages/airflow/example_dags/example_python_decorator.py for tasks to queue
[2024-02-21T20:01:39.706+0000] {logging_mixin.py:188} INFO - [2024-02-21T20:01:39.705+0000] {dagbag.py:538} INFO - Filling up the DagBag from /home/airflow/.local/lib/python3.8/site-packages/airflow/example_dags/example_python_decorator.py
[2024-02-21T20:01:39.718+0000] {processor.py:840} INFO - DAG(s) 'example_python_decorator' retrieved from /home/airflow/.local/lib/python3.8/site-packages/airflow/example_dags/example_python_decorator.py
[2024-02-21T20:01:39.738+0000] {logging_mixin.py:188} INFO - [2024-02-21T20:01:39.738+0000] {dag.py:3036} INFO - Sync 1 DAGs
[2024-02-21T20:01:39.751+0000] {logging_mixin.py:188} INFO - [2024-02-21T20:01:39.750+0000] {dag.py:3823} INFO - Setting next_dagrun for example_python_decorator to None, run_after=None
[2024-02-21T20:01:39.772+0000] {processor.py:183} INFO - Processing /home/airflow/.local/lib/python3.8/site-packages/airflow/example_dags/example_python_decorator.py took 0.073 seconds
[2024-02-21T20:02:09.867+0000] {processor.py:161} INFO - Started process (PID=1397) to work on /home/airflow/.local/lib/python3.8/site-packages/airflow/example_dags/example_python_decorator.py
[2024-02-21T20:02:09.868+0000] {processor.py:830} INFO - Processing file /home/airflow/.local/lib/python3.8/site-packages/airflow/example_dags/example_python_decorator.py for tasks to queue
[2024-02-21T20:02:09.871+0000] {logging_mixin.py:188} INFO - [2024-02-21T20:02:09.871+0000] {dagbag.py:538} INFO - Filling up the DagBag from /home/airflow/.local/lib/python3.8/site-packages/airflow/example_dags/example_python_decorator.py
[2024-02-21T20:02:09.884+0000] {processor.py:840} INFO - DAG(s) 'example_python_decorator' retrieved from /home/airflow/.local/lib/python3.8/site-packages/airflow/example_dags/example_python_decorator.py
[2024-02-21T20:02:09.906+0000] {logging_mixin.py:188} INFO - [2024-02-21T20:02:09.906+0000] {dag.py:3036} INFO - Sync 1 DAGs
[2024-02-21T20:02:09.918+0000] {logging_mixin.py:188} INFO - [2024-02-21T20:02:09.918+0000] {dag.py:3823} INFO - Setting next_dagrun for example_python_decorator to None, run_after=None
[2024-02-21T20:02:09.941+0000] {processor.py:183} INFO - Processing /home/airflow/.local/lib/python3.8/site-packages/airflow/example_dags/example_python_decorator.py took 0.076 seconds
