[2024-02-21T19:49:45.444+0000] {processor.py:161} INFO - Started process (PID=50) to work on /home/airflow/.local/lib/python3.8/site-packages/airflow/example_dags/tutorial.py
[2024-02-21T19:49:45.656+0000] {processor.py:830} INFO - Processing file /home/airflow/.local/lib/python3.8/site-packages/airflow/example_dags/tutorial.py for tasks to queue
[2024-02-21T19:49:45.701+0000] {logging_mixin.py:188} INFO - [2024-02-21T19:49:45.701+0000] {dagbag.py:538} INFO - Filling up the DagBag from /home/airflow/.local/lib/python3.8/site-packages/airflow/example_dags/tutorial.py
[2024-02-21T19:49:46.758+0000] {processor.py:840} INFO - DAG(s) 'tutorial' retrieved from /home/airflow/.local/lib/python3.8/site-packages/airflow/example_dags/tutorial.py
[2024-02-21T19:49:48.225+0000] {logging_mixin.py:188} INFO - [2024-02-21T19:49:48.224+0000] {dag.py:3036} INFO - Sync 1 DAGs
[2024-02-21T19:49:48.838+0000] {logging_mixin.py:188} INFO - [2024-02-21T19:49:48.837+0000] {dag.py:3823} INFO - Setting next_dagrun for tutorial to 2024-02-20 00:00:00+00:00, run_after=2024-02-21 00:00:00+00:00
[2024-02-21T19:49:49.251+0000] {processor.py:183} INFO - Processing /home/airflow/.local/lib/python3.8/site-packages/airflow/example_dags/tutorial.py took 3.941 seconds
[2024-02-21T19:50:19.806+0000] {processor.py:161} INFO - Started process (PID=105) to work on /home/airflow/.local/lib/python3.8/site-packages/airflow/example_dags/tutorial.py
[2024-02-21T19:50:19.807+0000] {processor.py:830} INFO - Processing file /home/airflow/.local/lib/python3.8/site-packages/airflow/example_dags/tutorial.py for tasks to queue
[2024-02-21T19:50:19.810+0000] {logging_mixin.py:188} INFO - [2024-02-21T19:50:19.810+0000] {dagbag.py:538} INFO - Filling up the DagBag from /home/airflow/.local/lib/python3.8/site-packages/airflow/example_dags/tutorial.py
[2024-02-21T19:50:19.820+0000] {processor.py:840} INFO - DAG(s) 'tutorial' retrieved from /home/airflow/.local/lib/python3.8/site-packages/airflow/example_dags/tutorial.py
[2024-02-21T19:50:19.845+0000] {logging_mixin.py:188} INFO - [2024-02-21T19:50:19.845+0000] {dag.py:3036} INFO - Sync 1 DAGs
[2024-02-21T19:50:19.890+0000] {logging_mixin.py:188} INFO - [2024-02-21T19:50:19.890+0000] {dag.py:3823} INFO - Setting next_dagrun for tutorial to 2024-02-20 00:00:00+00:00, run_after=2024-02-21 00:00:00+00:00
[2024-02-21T19:50:19.911+0000] {processor.py:183} INFO - Processing /home/airflow/.local/lib/python3.8/site-packages/airflow/example_dags/tutorial.py took 0.109 seconds
[2024-02-21T19:50:50.349+0000] {processor.py:161} INFO - Started process (PID=160) to work on /home/airflow/.local/lib/python3.8/site-packages/airflow/example_dags/tutorial.py
[2024-02-21T19:50:50.350+0000] {processor.py:830} INFO - Processing file /home/airflow/.local/lib/python3.8/site-packages/airflow/example_dags/tutorial.py for tasks to queue
[2024-02-21T19:50:50.351+0000] {logging_mixin.py:188} INFO - [2024-02-21T19:50:50.351+0000] {dagbag.py:538} INFO - Filling up the DagBag from /home/airflow/.local/lib/python3.8/site-packages/airflow/example_dags/tutorial.py
[2024-02-21T19:50:50.356+0000] {processor.py:840} INFO - DAG(s) 'tutorial' retrieved from /home/airflow/.local/lib/python3.8/site-packages/airflow/example_dags/tutorial.py
[2024-02-21T19:50:50.374+0000] {logging_mixin.py:188} INFO - [2024-02-21T19:50:50.374+0000] {dag.py:3036} INFO - Sync 1 DAGs
[2024-02-21T19:50:50.394+0000] {logging_mixin.py:188} INFO - [2024-02-21T19:50:50.393+0000] {dag.py:3823} INFO - Setting next_dagrun for tutorial to 2024-02-20 00:00:00+00:00, run_after=2024-02-21 00:00:00+00:00
[2024-02-21T19:50:50.412+0000] {processor.py:183} INFO - Processing /home/airflow/.local/lib/python3.8/site-packages/airflow/example_dags/tutorial.py took 0.067 seconds
[2024-02-21T19:51:20.719+0000] {processor.py:161} INFO - Started process (PID=215) to work on /home/airflow/.local/lib/python3.8/site-packages/airflow/example_dags/tutorial.py
[2024-02-21T19:51:20.719+0000] {processor.py:830} INFO - Processing file /home/airflow/.local/lib/python3.8/site-packages/airflow/example_dags/tutorial.py for tasks to queue
[2024-02-21T19:51:20.721+0000] {logging_mixin.py:188} INFO - [2024-02-21T19:51:20.721+0000] {dagbag.py:538} INFO - Filling up the DagBag from /home/airflow/.local/lib/python3.8/site-packages/airflow/example_dags/tutorial.py
[2024-02-21T19:51:20.726+0000] {processor.py:840} INFO - DAG(s) 'tutorial' retrieved from /home/airflow/.local/lib/python3.8/site-packages/airflow/example_dags/tutorial.py
[2024-02-21T19:51:20.745+0000] {logging_mixin.py:188} INFO - [2024-02-21T19:51:20.745+0000] {dag.py:3036} INFO - Sync 1 DAGs
[2024-02-21T19:51:20.770+0000] {logging_mixin.py:188} INFO - [2024-02-21T19:51:20.770+0000] {dag.py:3823} INFO - Setting next_dagrun for tutorial to 2024-02-20 00:00:00+00:00, run_after=2024-02-21 00:00:00+00:00
[2024-02-21T19:51:20.792+0000] {processor.py:183} INFO - Processing /home/airflow/.local/lib/python3.8/site-packages/airflow/example_dags/tutorial.py took 0.076 seconds
[2024-02-21T19:51:51.305+0000] {processor.py:161} INFO - Started process (PID=270) to work on /home/airflow/.local/lib/python3.8/site-packages/airflow/example_dags/tutorial.py
[2024-02-21T19:51:51.336+0000] {processor.py:830} INFO - Processing file /home/airflow/.local/lib/python3.8/site-packages/airflow/example_dags/tutorial.py for tasks to queue
[2024-02-21T19:51:51.338+0000] {logging_mixin.py:188} INFO - [2024-02-21T19:51:51.338+0000] {dagbag.py:538} INFO - Filling up the DagBag from /home/airflow/.local/lib/python3.8/site-packages/airflow/example_dags/tutorial.py
[2024-02-21T19:51:51.343+0000] {processor.py:840} INFO - DAG(s) 'tutorial' retrieved from /home/airflow/.local/lib/python3.8/site-packages/airflow/example_dags/tutorial.py
[2024-02-21T19:51:51.362+0000] {logging_mixin.py:188} INFO - [2024-02-21T19:51:51.362+0000] {dag.py:3036} INFO - Sync 1 DAGs
[2024-02-21T19:51:51.381+0000] {logging_mixin.py:188} INFO - [2024-02-21T19:51:51.381+0000] {dag.py:3823} INFO - Setting next_dagrun for tutorial to 2024-02-20 00:00:00+00:00, run_after=2024-02-21 00:00:00+00:00
[2024-02-21T19:51:51.398+0000] {processor.py:183} INFO - Processing /home/airflow/.local/lib/python3.8/site-packages/airflow/example_dags/tutorial.py took 0.096 seconds
[2024-02-21T19:52:21.473+0000] {processor.py:161} INFO - Started process (PID=325) to work on /home/airflow/.local/lib/python3.8/site-packages/airflow/example_dags/tutorial.py
[2024-02-21T19:52:21.475+0000] {processor.py:830} INFO - Processing file /home/airflow/.local/lib/python3.8/site-packages/airflow/example_dags/tutorial.py for tasks to queue
[2024-02-21T19:52:21.477+0000] {logging_mixin.py:188} INFO - [2024-02-21T19:52:21.477+0000] {dagbag.py:538} INFO - Filling up the DagBag from /home/airflow/.local/lib/python3.8/site-packages/airflow/example_dags/tutorial.py
[2024-02-21T19:52:21.483+0000] {processor.py:840} INFO - DAG(s) 'tutorial' retrieved from /home/airflow/.local/lib/python3.8/site-packages/airflow/example_dags/tutorial.py
[2024-02-21T19:52:21.509+0000] {logging_mixin.py:188} INFO - [2024-02-21T19:52:21.508+0000] {dag.py:3036} INFO - Sync 1 DAGs
[2024-02-21T19:52:21.531+0000] {logging_mixin.py:188} INFO - [2024-02-21T19:52:21.531+0000] {dag.py:3823} INFO - Setting next_dagrun for tutorial to 2024-02-20 00:00:00+00:00, run_after=2024-02-21 00:00:00+00:00
[2024-02-21T19:52:21.549+0000] {processor.py:183} INFO - Processing /home/airflow/.local/lib/python3.8/site-packages/airflow/example_dags/tutorial.py took 0.079 seconds
[2024-02-21T19:52:51.717+0000] {processor.py:161} INFO - Started process (PID=380) to work on /home/airflow/.local/lib/python3.8/site-packages/airflow/example_dags/tutorial.py
[2024-02-21T19:52:51.718+0000] {processor.py:830} INFO - Processing file /home/airflow/.local/lib/python3.8/site-packages/airflow/example_dags/tutorial.py for tasks to queue
[2024-02-21T19:52:51.720+0000] {logging_mixin.py:188} INFO - [2024-02-21T19:52:51.719+0000] {dagbag.py:538} INFO - Filling up the DagBag from /home/airflow/.local/lib/python3.8/site-packages/airflow/example_dags/tutorial.py
[2024-02-21T19:52:51.725+0000] {processor.py:840} INFO - DAG(s) 'tutorial' retrieved from /home/airflow/.local/lib/python3.8/site-packages/airflow/example_dags/tutorial.py
[2024-02-21T19:52:51.742+0000] {logging_mixin.py:188} INFO - [2024-02-21T19:52:51.742+0000] {dag.py:3036} INFO - Sync 1 DAGs
[2024-02-21T19:52:51.762+0000] {logging_mixin.py:188} INFO - [2024-02-21T19:52:51.762+0000] {dag.py:3823} INFO - Setting next_dagrun for tutorial to 2024-02-20 00:00:00+00:00, run_after=2024-02-21 00:00:00+00:00
[2024-02-21T19:52:51.787+0000] {processor.py:183} INFO - Processing /home/airflow/.local/lib/python3.8/site-packages/airflow/example_dags/tutorial.py took 0.073 seconds
[2024-02-21T19:53:22.461+0000] {processor.py:161} INFO - Started process (PID=435) to work on /home/airflow/.local/lib/python3.8/site-packages/airflow/example_dags/tutorial.py
[2024-02-21T19:53:22.485+0000] {processor.py:830} INFO - Processing file /home/airflow/.local/lib/python3.8/site-packages/airflow/example_dags/tutorial.py for tasks to queue
[2024-02-21T19:53:22.487+0000] {logging_mixin.py:188} INFO - [2024-02-21T19:53:22.486+0000] {dagbag.py:538} INFO - Filling up the DagBag from /home/airflow/.local/lib/python3.8/site-packages/airflow/example_dags/tutorial.py
[2024-02-21T19:53:22.496+0000] {processor.py:840} INFO - DAG(s) 'tutorial' retrieved from /home/airflow/.local/lib/python3.8/site-packages/airflow/example_dags/tutorial.py
[2024-02-21T19:53:22.517+0000] {logging_mixin.py:188} INFO - [2024-02-21T19:53:22.517+0000] {dag.py:3036} INFO - Sync 1 DAGs
[2024-02-21T19:53:22.545+0000] {logging_mixin.py:188} INFO - [2024-02-21T19:53:22.545+0000] {dag.py:3823} INFO - Setting next_dagrun for tutorial to 2024-02-20 00:00:00+00:00, run_after=2024-02-21 00:00:00+00:00
[2024-02-21T19:53:22.577+0000] {processor.py:183} INFO - Processing /home/airflow/.local/lib/python3.8/site-packages/airflow/example_dags/tutorial.py took 0.119 seconds
[2024-02-21T19:53:52.670+0000] {processor.py:161} INFO - Started process (PID=490) to work on /home/airflow/.local/lib/python3.8/site-packages/airflow/example_dags/tutorial.py
[2024-02-21T19:53:52.671+0000] {processor.py:830} INFO - Processing file /home/airflow/.local/lib/python3.8/site-packages/airflow/example_dags/tutorial.py for tasks to queue
[2024-02-21T19:53:52.672+0000] {logging_mixin.py:188} INFO - [2024-02-21T19:53:52.672+0000] {dagbag.py:538} INFO - Filling up the DagBag from /home/airflow/.local/lib/python3.8/site-packages/airflow/example_dags/tutorial.py
[2024-02-21T19:53:52.677+0000] {processor.py:840} INFO - DAG(s) 'tutorial' retrieved from /home/airflow/.local/lib/python3.8/site-packages/airflow/example_dags/tutorial.py
[2024-02-21T19:53:52.696+0000] {logging_mixin.py:188} INFO - [2024-02-21T19:53:52.696+0000] {dag.py:3036} INFO - Sync 1 DAGs
[2024-02-21T19:53:52.716+0000] {logging_mixin.py:188} INFO - [2024-02-21T19:53:52.716+0000] {dag.py:3823} INFO - Setting next_dagrun for tutorial to 2024-02-20 00:00:00+00:00, run_after=2024-02-21 00:00:00+00:00
[2024-02-21T19:53:52.734+0000] {processor.py:183} INFO - Processing /home/airflow/.local/lib/python3.8/site-packages/airflow/example_dags/tutorial.py took 0.067 seconds
[2024-02-21T19:54:23.051+0000] {processor.py:161} INFO - Started process (PID=545) to work on /home/airflow/.local/lib/python3.8/site-packages/airflow/example_dags/tutorial.py
[2024-02-21T19:54:23.052+0000] {processor.py:830} INFO - Processing file /home/airflow/.local/lib/python3.8/site-packages/airflow/example_dags/tutorial.py for tasks to queue
[2024-02-21T19:54:23.054+0000] {logging_mixin.py:188} INFO - [2024-02-21T19:54:23.053+0000] {dagbag.py:538} INFO - Filling up the DagBag from /home/airflow/.local/lib/python3.8/site-packages/airflow/example_dags/tutorial.py
[2024-02-21T19:54:23.059+0000] {processor.py:840} INFO - DAG(s) 'tutorial' retrieved from /home/airflow/.local/lib/python3.8/site-packages/airflow/example_dags/tutorial.py
[2024-02-21T19:54:23.077+0000] {logging_mixin.py:188} INFO - [2024-02-21T19:54:23.076+0000] {dag.py:3036} INFO - Sync 1 DAGs
[2024-02-21T19:54:23.099+0000] {logging_mixin.py:188} INFO - [2024-02-21T19:54:23.098+0000] {dag.py:3823} INFO - Setting next_dagrun for tutorial to 2024-02-20 00:00:00+00:00, run_after=2024-02-21 00:00:00+00:00
[2024-02-21T19:54:23.115+0000] {processor.py:183} INFO - Processing /home/airflow/.local/lib/python3.8/site-packages/airflow/example_dags/tutorial.py took 0.067 seconds
[2024-02-21T19:54:53.442+0000] {processor.py:161} INFO - Started process (PID=600) to work on /home/airflow/.local/lib/python3.8/site-packages/airflow/example_dags/tutorial.py
[2024-02-21T19:54:53.443+0000] {processor.py:830} INFO - Processing file /home/airflow/.local/lib/python3.8/site-packages/airflow/example_dags/tutorial.py for tasks to queue
[2024-02-21T19:54:53.444+0000] {logging_mixin.py:188} INFO - [2024-02-21T19:54:53.444+0000] {dagbag.py:538} INFO - Filling up the DagBag from /home/airflow/.local/lib/python3.8/site-packages/airflow/example_dags/tutorial.py
[2024-02-21T19:54:53.449+0000] {processor.py:840} INFO - DAG(s) 'tutorial' retrieved from /home/airflow/.local/lib/python3.8/site-packages/airflow/example_dags/tutorial.py
[2024-02-21T19:54:53.469+0000] {logging_mixin.py:188} INFO - [2024-02-21T19:54:53.469+0000] {dag.py:3036} INFO - Sync 1 DAGs
[2024-02-21T19:54:53.489+0000] {logging_mixin.py:188} INFO - [2024-02-21T19:54:53.489+0000] {dag.py:3823} INFO - Setting next_dagrun for tutorial to 2024-02-20 00:00:00+00:00, run_after=2024-02-21 00:00:00+00:00
[2024-02-21T19:54:53.506+0000] {processor.py:183} INFO - Processing /home/airflow/.local/lib/python3.8/site-packages/airflow/example_dags/tutorial.py took 0.068 seconds
[2024-02-21T19:55:24.067+0000] {processor.py:161} INFO - Started process (PID=655) to work on /home/airflow/.local/lib/python3.8/site-packages/airflow/example_dags/tutorial.py
[2024-02-21T19:55:24.068+0000] {processor.py:830} INFO - Processing file /home/airflow/.local/lib/python3.8/site-packages/airflow/example_dags/tutorial.py for tasks to queue
[2024-02-21T19:55:24.070+0000] {logging_mixin.py:188} INFO - [2024-02-21T19:55:24.070+0000] {dagbag.py:538} INFO - Filling up the DagBag from /home/airflow/.local/lib/python3.8/site-packages/airflow/example_dags/tutorial.py
[2024-02-21T19:55:24.075+0000] {processor.py:840} INFO - DAG(s) 'tutorial' retrieved from /home/airflow/.local/lib/python3.8/site-packages/airflow/example_dags/tutorial.py
[2024-02-21T19:55:24.093+0000] {logging_mixin.py:188} INFO - [2024-02-21T19:55:24.093+0000] {dag.py:3036} INFO - Sync 1 DAGs
[2024-02-21T19:55:24.115+0000] {logging_mixin.py:188} INFO - [2024-02-21T19:55:24.114+0000] {dag.py:3823} INFO - Setting next_dagrun for tutorial to 2024-02-20 00:00:00+00:00, run_after=2024-02-21 00:00:00+00:00
[2024-02-21T19:55:24.132+0000] {processor.py:183} INFO - Processing /home/airflow/.local/lib/python3.8/site-packages/airflow/example_dags/tutorial.py took 0.068 seconds
[2024-02-21T19:55:54.399+0000] {processor.py:161} INFO - Started process (PID=710) to work on /home/airflow/.local/lib/python3.8/site-packages/airflow/example_dags/tutorial.py
[2024-02-21T19:55:54.400+0000] {processor.py:830} INFO - Processing file /home/airflow/.local/lib/python3.8/site-packages/airflow/example_dags/tutorial.py for tasks to queue
[2024-02-21T19:55:54.402+0000] {logging_mixin.py:188} INFO - [2024-02-21T19:55:54.402+0000] {dagbag.py:538} INFO - Filling up the DagBag from /home/airflow/.local/lib/python3.8/site-packages/airflow/example_dags/tutorial.py
[2024-02-21T19:55:54.407+0000] {processor.py:840} INFO - DAG(s) 'tutorial' retrieved from /home/airflow/.local/lib/python3.8/site-packages/airflow/example_dags/tutorial.py
[2024-02-21T19:55:54.423+0000] {logging_mixin.py:188} INFO - [2024-02-21T19:55:54.423+0000] {dag.py:3036} INFO - Sync 1 DAGs
[2024-02-21T19:55:54.444+0000] {logging_mixin.py:188} INFO - [2024-02-21T19:55:54.444+0000] {dag.py:3823} INFO - Setting next_dagrun for tutorial to 2024-02-20 00:00:00+00:00, run_after=2024-02-21 00:00:00+00:00
[2024-02-21T19:55:54.463+0000] {processor.py:183} INFO - Processing /home/airflow/.local/lib/python3.8/site-packages/airflow/example_dags/tutorial.py took 0.066 seconds
[2024-02-21T19:56:24.525+0000] {processor.py:161} INFO - Started process (PID=765) to work on /home/airflow/.local/lib/python3.8/site-packages/airflow/example_dags/tutorial.py
[2024-02-21T19:56:24.526+0000] {processor.py:830} INFO - Processing file /home/airflow/.local/lib/python3.8/site-packages/airflow/example_dags/tutorial.py for tasks to queue
[2024-02-21T19:56:24.528+0000] {logging_mixin.py:188} INFO - [2024-02-21T19:56:24.527+0000] {dagbag.py:538} INFO - Filling up the DagBag from /home/airflow/.local/lib/python3.8/site-packages/airflow/example_dags/tutorial.py
[2024-02-21T19:56:24.532+0000] {processor.py:840} INFO - DAG(s) 'tutorial' retrieved from /home/airflow/.local/lib/python3.8/site-packages/airflow/example_dags/tutorial.py
[2024-02-21T19:56:24.551+0000] {logging_mixin.py:188} INFO - [2024-02-21T19:56:24.550+0000] {dag.py:3036} INFO - Sync 1 DAGs
[2024-02-21T19:56:24.573+0000] {logging_mixin.py:188} INFO - [2024-02-21T19:56:24.573+0000] {dag.py:3823} INFO - Setting next_dagrun for tutorial to 2024-02-20 00:00:00+00:00, run_after=2024-02-21 00:00:00+00:00
[2024-02-21T19:56:24.601+0000] {processor.py:183} INFO - Processing /home/airflow/.local/lib/python3.8/site-packages/airflow/example_dags/tutorial.py took 0.079 seconds
[2024-02-21T19:56:54.858+0000] {processor.py:161} INFO - Started process (PID=820) to work on /home/airflow/.local/lib/python3.8/site-packages/airflow/example_dags/tutorial.py
[2024-02-21T19:56:54.859+0000] {processor.py:830} INFO - Processing file /home/airflow/.local/lib/python3.8/site-packages/airflow/example_dags/tutorial.py for tasks to queue
[2024-02-21T19:56:54.860+0000] {logging_mixin.py:188} INFO - [2024-02-21T19:56:54.860+0000] {dagbag.py:538} INFO - Filling up the DagBag from /home/airflow/.local/lib/python3.8/site-packages/airflow/example_dags/tutorial.py
[2024-02-21T19:56:54.865+0000] {processor.py:840} INFO - DAG(s) 'tutorial' retrieved from /home/airflow/.local/lib/python3.8/site-packages/airflow/example_dags/tutorial.py
[2024-02-21T19:56:54.883+0000] {logging_mixin.py:188} INFO - [2024-02-21T19:56:54.883+0000] {dag.py:3036} INFO - Sync 1 DAGs
[2024-02-21T19:56:54.906+0000] {logging_mixin.py:188} INFO - [2024-02-21T19:56:54.906+0000] {dag.py:3823} INFO - Setting next_dagrun for tutorial to 2024-02-20 00:00:00+00:00, run_after=2024-02-21 00:00:00+00:00
[2024-02-21T19:56:54.925+0000] {processor.py:183} INFO - Processing /home/airflow/.local/lib/python3.8/site-packages/airflow/example_dags/tutorial.py took 0.070 seconds
[2024-02-21T19:57:25.055+0000] {processor.py:161} INFO - Started process (PID=875) to work on /home/airflow/.local/lib/python3.8/site-packages/airflow/example_dags/tutorial.py
[2024-02-21T19:57:25.056+0000] {processor.py:830} INFO - Processing file /home/airflow/.local/lib/python3.8/site-packages/airflow/example_dags/tutorial.py for tasks to queue
[2024-02-21T19:57:25.058+0000] {logging_mixin.py:188} INFO - [2024-02-21T19:57:25.058+0000] {dagbag.py:538} INFO - Filling up the DagBag from /home/airflow/.local/lib/python3.8/site-packages/airflow/example_dags/tutorial.py
[2024-02-21T19:57:25.063+0000] {processor.py:840} INFO - DAG(s) 'tutorial' retrieved from /home/airflow/.local/lib/python3.8/site-packages/airflow/example_dags/tutorial.py
[2024-02-21T19:57:25.080+0000] {logging_mixin.py:188} INFO - [2024-02-21T19:57:25.080+0000] {dag.py:3036} INFO - Sync 1 DAGs
[2024-02-21T19:57:25.102+0000] {logging_mixin.py:188} INFO - [2024-02-21T19:57:25.102+0000] {dag.py:3823} INFO - Setting next_dagrun for tutorial to 2024-02-20 00:00:00+00:00, run_after=2024-02-21 00:00:00+00:00
[2024-02-21T19:57:25.129+0000] {processor.py:183} INFO - Processing /home/airflow/.local/lib/python3.8/site-packages/airflow/example_dags/tutorial.py took 0.077 seconds
[2024-02-21T19:57:55.527+0000] {processor.py:161} INFO - Started process (PID=930) to work on /home/airflow/.local/lib/python3.8/site-packages/airflow/example_dags/tutorial.py
[2024-02-21T19:57:55.528+0000] {processor.py:830} INFO - Processing file /home/airflow/.local/lib/python3.8/site-packages/airflow/example_dags/tutorial.py for tasks to queue
[2024-02-21T19:57:55.531+0000] {logging_mixin.py:188} INFO - [2024-02-21T19:57:55.530+0000] {dagbag.py:538} INFO - Filling up the DagBag from /home/airflow/.local/lib/python3.8/site-packages/airflow/example_dags/tutorial.py
[2024-02-21T19:57:55.538+0000] {processor.py:840} INFO - DAG(s) 'tutorial' retrieved from /home/airflow/.local/lib/python3.8/site-packages/airflow/example_dags/tutorial.py
[2024-02-21T19:57:55.562+0000] {logging_mixin.py:188} INFO - [2024-02-21T19:57:55.562+0000] {dag.py:3036} INFO - Sync 1 DAGs
[2024-02-21T19:57:55.598+0000] {logging_mixin.py:188} INFO - [2024-02-21T19:57:55.597+0000] {dag.py:3823} INFO - Setting next_dagrun for tutorial to 2024-02-20 00:00:00+00:00, run_after=2024-02-21 00:00:00+00:00
[2024-02-21T19:57:55.628+0000] {processor.py:183} INFO - Processing /home/airflow/.local/lib/python3.8/site-packages/airflow/example_dags/tutorial.py took 0.107 seconds
[2024-02-21T19:58:25.963+0000] {processor.py:161} INFO - Started process (PID=985) to work on /home/airflow/.local/lib/python3.8/site-packages/airflow/example_dags/tutorial.py
[2024-02-21T19:58:25.964+0000] {processor.py:830} INFO - Processing file /home/airflow/.local/lib/python3.8/site-packages/airflow/example_dags/tutorial.py for tasks to queue
[2024-02-21T19:58:25.966+0000] {logging_mixin.py:188} INFO - [2024-02-21T19:58:25.965+0000] {dagbag.py:538} INFO - Filling up the DagBag from /home/airflow/.local/lib/python3.8/site-packages/airflow/example_dags/tutorial.py
[2024-02-21T19:58:25.971+0000] {processor.py:840} INFO - DAG(s) 'tutorial' retrieved from /home/airflow/.local/lib/python3.8/site-packages/airflow/example_dags/tutorial.py
[2024-02-21T19:58:25.991+0000] {logging_mixin.py:188} INFO - [2024-02-21T19:58:25.990+0000] {dag.py:3036} INFO - Sync 1 DAGs
[2024-02-21T19:58:26.012+0000] {logging_mixin.py:188} INFO - [2024-02-21T19:58:26.012+0000] {dag.py:3823} INFO - Setting next_dagrun for tutorial to 2024-02-20 00:00:00+00:00, run_after=2024-02-21 00:00:00+00:00
[2024-02-21T19:58:26.033+0000] {processor.py:183} INFO - Processing /home/airflow/.local/lib/python3.8/site-packages/airflow/example_dags/tutorial.py took 0.073 seconds
[2024-02-21T19:58:56.358+0000] {processor.py:161} INFO - Started process (PID=1040) to work on /home/airflow/.local/lib/python3.8/site-packages/airflow/example_dags/tutorial.py
[2024-02-21T19:58:56.359+0000] {processor.py:830} INFO - Processing file /home/airflow/.local/lib/python3.8/site-packages/airflow/example_dags/tutorial.py for tasks to queue
[2024-02-21T19:58:56.361+0000] {logging_mixin.py:188} INFO - [2024-02-21T19:58:56.360+0000] {dagbag.py:538} INFO - Filling up the DagBag from /home/airflow/.local/lib/python3.8/site-packages/airflow/example_dags/tutorial.py
[2024-02-21T19:58:56.366+0000] {processor.py:840} INFO - DAG(s) 'tutorial' retrieved from /home/airflow/.local/lib/python3.8/site-packages/airflow/example_dags/tutorial.py
[2024-02-21T19:58:56.385+0000] {logging_mixin.py:188} INFO - [2024-02-21T19:58:56.385+0000] {dag.py:3036} INFO - Sync 1 DAGs
[2024-02-21T19:58:56.407+0000] {logging_mixin.py:188} INFO - [2024-02-21T19:58:56.406+0000] {dag.py:3823} INFO - Setting next_dagrun for tutorial to 2024-02-20 00:00:00+00:00, run_after=2024-02-21 00:00:00+00:00
[2024-02-21T19:58:56.432+0000] {processor.py:183} INFO - Processing /home/airflow/.local/lib/python3.8/site-packages/airflow/example_dags/tutorial.py took 0.078 seconds
[2024-02-21T19:59:26.820+0000] {processor.py:161} INFO - Started process (PID=1095) to work on /home/airflow/.local/lib/python3.8/site-packages/airflow/example_dags/tutorial.py
[2024-02-21T19:59:26.822+0000] {processor.py:830} INFO - Processing file /home/airflow/.local/lib/python3.8/site-packages/airflow/example_dags/tutorial.py for tasks to queue
[2024-02-21T19:59:26.823+0000] {logging_mixin.py:188} INFO - [2024-02-21T19:59:26.823+0000] {dagbag.py:538} INFO - Filling up the DagBag from /home/airflow/.local/lib/python3.8/site-packages/airflow/example_dags/tutorial.py
[2024-02-21T19:59:26.829+0000] {processor.py:840} INFO - DAG(s) 'tutorial' retrieved from /home/airflow/.local/lib/python3.8/site-packages/airflow/example_dags/tutorial.py
[2024-02-21T19:59:26.848+0000] {logging_mixin.py:188} INFO - [2024-02-21T19:59:26.848+0000] {dag.py:3036} INFO - Sync 1 DAGs
[2024-02-21T19:59:26.869+0000] {logging_mixin.py:188} INFO - [2024-02-21T19:59:26.868+0000] {dag.py:3823} INFO - Setting next_dagrun for tutorial to 2024-02-20 00:00:00+00:00, run_after=2024-02-21 00:00:00+00:00
[2024-02-21T19:59:26.886+0000] {processor.py:183} INFO - Processing /home/airflow/.local/lib/python3.8/site-packages/airflow/example_dags/tutorial.py took 0.069 seconds
[2024-02-21T19:59:57.371+0000] {processor.py:161} INFO - Started process (PID=1150) to work on /home/airflow/.local/lib/python3.8/site-packages/airflow/example_dags/tutorial.py
[2024-02-21T19:59:57.372+0000] {processor.py:830} INFO - Processing file /home/airflow/.local/lib/python3.8/site-packages/airflow/example_dags/tutorial.py for tasks to queue
[2024-02-21T19:59:57.373+0000] {logging_mixin.py:188} INFO - [2024-02-21T19:59:57.373+0000] {dagbag.py:538} INFO - Filling up the DagBag from /home/airflow/.local/lib/python3.8/site-packages/airflow/example_dags/tutorial.py
[2024-02-21T19:59:57.378+0000] {processor.py:840} INFO - DAG(s) 'tutorial' retrieved from /home/airflow/.local/lib/python3.8/site-packages/airflow/example_dags/tutorial.py
[2024-02-21T19:59:57.397+0000] {logging_mixin.py:188} INFO - [2024-02-21T19:59:57.397+0000] {dag.py:3036} INFO - Sync 1 DAGs
[2024-02-21T19:59:57.416+0000] {logging_mixin.py:188} INFO - [2024-02-21T19:59:57.416+0000] {dag.py:3823} INFO - Setting next_dagrun for tutorial to 2024-02-20 00:00:00+00:00, run_after=2024-02-21 00:00:00+00:00
[2024-02-21T19:59:57.441+0000] {processor.py:183} INFO - Processing /home/airflow/.local/lib/python3.8/site-packages/airflow/example_dags/tutorial.py took 0.074 seconds
[2024-02-21T20:00:27.752+0000] {processor.py:161} INFO - Started process (PID=1205) to work on /home/airflow/.local/lib/python3.8/site-packages/airflow/example_dags/tutorial.py
[2024-02-21T20:00:27.753+0000] {processor.py:830} INFO - Processing file /home/airflow/.local/lib/python3.8/site-packages/airflow/example_dags/tutorial.py for tasks to queue
[2024-02-21T20:00:27.754+0000] {logging_mixin.py:188} INFO - [2024-02-21T20:00:27.754+0000] {dagbag.py:538} INFO - Filling up the DagBag from /home/airflow/.local/lib/python3.8/site-packages/airflow/example_dags/tutorial.py
[2024-02-21T20:00:27.760+0000] {processor.py:840} INFO - DAG(s) 'tutorial' retrieved from /home/airflow/.local/lib/python3.8/site-packages/airflow/example_dags/tutorial.py
[2024-02-21T20:00:27.779+0000] {logging_mixin.py:188} INFO - [2024-02-21T20:00:27.779+0000] {dag.py:3036} INFO - Sync 1 DAGs
[2024-02-21T20:00:27.801+0000] {logging_mixin.py:188} INFO - [2024-02-21T20:00:27.800+0000] {dag.py:3823} INFO - Setting next_dagrun for tutorial to 2024-02-20 00:00:00+00:00, run_after=2024-02-21 00:00:00+00:00
[2024-02-21T20:00:27.819+0000] {processor.py:183} INFO - Processing /home/airflow/.local/lib/python3.8/site-packages/airflow/example_dags/tutorial.py took 0.070 seconds
[2024-02-21T20:00:58.212+0000] {processor.py:161} INFO - Started process (PID=1260) to work on /home/airflow/.local/lib/python3.8/site-packages/airflow/example_dags/tutorial.py
[2024-02-21T20:00:58.213+0000] {processor.py:830} INFO - Processing file /home/airflow/.local/lib/python3.8/site-packages/airflow/example_dags/tutorial.py for tasks to queue
[2024-02-21T20:00:58.215+0000] {logging_mixin.py:188} INFO - [2024-02-21T20:00:58.214+0000] {dagbag.py:538} INFO - Filling up the DagBag from /home/airflow/.local/lib/python3.8/site-packages/airflow/example_dags/tutorial.py
[2024-02-21T20:00:58.220+0000] {processor.py:840} INFO - DAG(s) 'tutorial' retrieved from /home/airflow/.local/lib/python3.8/site-packages/airflow/example_dags/tutorial.py
[2024-02-21T20:00:58.238+0000] {logging_mixin.py:188} INFO - [2024-02-21T20:00:58.237+0000] {dag.py:3036} INFO - Sync 1 DAGs
[2024-02-21T20:00:58.262+0000] {logging_mixin.py:188} INFO - [2024-02-21T20:00:58.261+0000] {dag.py:3823} INFO - Setting next_dagrun for tutorial to 2024-02-20 00:00:00+00:00, run_after=2024-02-21 00:00:00+00:00
[2024-02-21T20:00:58.289+0000] {processor.py:183} INFO - Processing /home/airflow/.local/lib/python3.8/site-packages/airflow/example_dags/tutorial.py took 0.082 seconds
[2024-02-21T20:01:28.649+0000] {processor.py:161} INFO - Started process (PID=1315) to work on /home/airflow/.local/lib/python3.8/site-packages/airflow/example_dags/tutorial.py
[2024-02-21T20:01:28.650+0000] {processor.py:830} INFO - Processing file /home/airflow/.local/lib/python3.8/site-packages/airflow/example_dags/tutorial.py for tasks to queue
[2024-02-21T20:01:28.653+0000] {logging_mixin.py:188} INFO - [2024-02-21T20:01:28.652+0000] {dagbag.py:538} INFO - Filling up the DagBag from /home/airflow/.local/lib/python3.8/site-packages/airflow/example_dags/tutorial.py
[2024-02-21T20:01:28.663+0000] {processor.py:840} INFO - DAG(s) 'tutorial' retrieved from /home/airflow/.local/lib/python3.8/site-packages/airflow/example_dags/tutorial.py
[2024-02-21T20:01:28.695+0000] {logging_mixin.py:188} INFO - [2024-02-21T20:01:28.695+0000] {dag.py:3036} INFO - Sync 1 DAGs
[2024-02-21T20:01:28.721+0000] {logging_mixin.py:188} INFO - [2024-02-21T20:01:28.721+0000] {dag.py:3823} INFO - Setting next_dagrun for tutorial to 2024-02-20 00:00:00+00:00, run_after=2024-02-21 00:00:00+00:00
[2024-02-21T20:01:28.753+0000] {processor.py:183} INFO - Processing /home/airflow/.local/lib/python3.8/site-packages/airflow/example_dags/tutorial.py took 0.107 seconds
[2024-02-21T20:01:58.965+0000] {processor.py:161} INFO - Started process (PID=1370) to work on /home/airflow/.local/lib/python3.8/site-packages/airflow/example_dags/tutorial.py
[2024-02-21T20:01:58.965+0000] {processor.py:830} INFO - Processing file /home/airflow/.local/lib/python3.8/site-packages/airflow/example_dags/tutorial.py for tasks to queue
[2024-02-21T20:01:58.967+0000] {logging_mixin.py:188} INFO - [2024-02-21T20:01:58.967+0000] {dagbag.py:538} INFO - Filling up the DagBag from /home/airflow/.local/lib/python3.8/site-packages/airflow/example_dags/tutorial.py
[2024-02-21T20:01:58.972+0000] {processor.py:840} INFO - DAG(s) 'tutorial' retrieved from /home/airflow/.local/lib/python3.8/site-packages/airflow/example_dags/tutorial.py
[2024-02-21T20:01:58.991+0000] {logging_mixin.py:188} INFO - [2024-02-21T20:01:58.990+0000] {dag.py:3036} INFO - Sync 1 DAGs
[2024-02-21T20:01:59.012+0000] {logging_mixin.py:188} INFO - [2024-02-21T20:01:59.012+0000] {dag.py:3823} INFO - Setting next_dagrun for tutorial to 2024-02-20 00:00:00+00:00, run_after=2024-02-21 00:00:00+00:00
[2024-02-21T20:01:59.029+0000] {processor.py:183} INFO - Processing /home/airflow/.local/lib/python3.8/site-packages/airflow/example_dags/tutorial.py took 0.068 seconds
