[2024-02-21T19:49:55.491+0000] {processor.py:161} INFO - Started process (PID=63) to work on /home/airflow/.local/lib/python3.8/site-packages/airflow/example_dags/tutorial_dag.py
[2024-02-21T19:49:55.492+0000] {processor.py:830} INFO - Processing file /home/airflow/.local/lib/python3.8/site-packages/airflow/example_dags/tutorial_dag.py for tasks to queue
[2024-02-21T19:49:55.495+0000] {logging_mixin.py:188} INFO - [2024-02-21T19:49:55.495+0000] {dagbag.py:538} INFO - Filling up the DagBag from /home/airflow/.local/lib/python3.8/site-packages/airflow/example_dags/tutorial_dag.py
[2024-02-21T19:49:55.503+0000] {processor.py:840} INFO - DAG(s) 'tutorial_dag' retrieved from /home/airflow/.local/lib/python3.8/site-packages/airflow/example_dags/tutorial_dag.py
[2024-02-21T19:49:55.986+0000] {logging_mixin.py:188} INFO - [2024-02-21T19:49:55.986+0000] {dag.py:3036} INFO - Sync 1 DAGs
[2024-02-21T19:49:56.011+0000] {logging_mixin.py:188} INFO - [2024-02-21T19:49:56.010+0000] {dag.py:3823} INFO - Setting next_dagrun for tutorial_dag to None, run_after=None
[2024-02-21T19:49:56.219+0000] {processor.py:183} INFO - Processing /home/airflow/.local/lib/python3.8/site-packages/airflow/example_dags/tutorial_dag.py took 0.732 seconds
[2024-02-21T19:50:26.735+0000] {processor.py:161} INFO - Started process (PID=118) to work on /home/airflow/.local/lib/python3.8/site-packages/airflow/example_dags/tutorial_dag.py
[2024-02-21T19:50:26.736+0000] {processor.py:830} INFO - Processing file /home/airflow/.local/lib/python3.8/site-packages/airflow/example_dags/tutorial_dag.py for tasks to queue
[2024-02-21T19:50:26.738+0000] {logging_mixin.py:188} INFO - [2024-02-21T19:50:26.738+0000] {dagbag.py:538} INFO - Filling up the DagBag from /home/airflow/.local/lib/python3.8/site-packages/airflow/example_dags/tutorial_dag.py
[2024-02-21T19:50:26.745+0000] {processor.py:840} INFO - DAG(s) 'tutorial_dag' retrieved from /home/airflow/.local/lib/python3.8/site-packages/airflow/example_dags/tutorial_dag.py
[2024-02-21T19:50:26.768+0000] {logging_mixin.py:188} INFO - [2024-02-21T19:50:26.768+0000] {dag.py:3036} INFO - Sync 1 DAGs
[2024-02-21T19:50:26.786+0000] {logging_mixin.py:188} INFO - [2024-02-21T19:50:26.786+0000] {dag.py:3823} INFO - Setting next_dagrun for tutorial_dag to None, run_after=None
[2024-02-21T19:50:26.808+0000] {processor.py:183} INFO - Processing /home/airflow/.local/lib/python3.8/site-packages/airflow/example_dags/tutorial_dag.py took 0.076 seconds
[2024-02-21T19:50:57.047+0000] {processor.py:161} INFO - Started process (PID=173) to work on /home/airflow/.local/lib/python3.8/site-packages/airflow/example_dags/tutorial_dag.py
[2024-02-21T19:50:57.048+0000] {processor.py:830} INFO - Processing file /home/airflow/.local/lib/python3.8/site-packages/airflow/example_dags/tutorial_dag.py for tasks to queue
[2024-02-21T19:50:57.050+0000] {logging_mixin.py:188} INFO - [2024-02-21T19:50:57.050+0000] {dagbag.py:538} INFO - Filling up the DagBag from /home/airflow/.local/lib/python3.8/site-packages/airflow/example_dags/tutorial_dag.py
[2024-02-21T19:50:57.055+0000] {processor.py:840} INFO - DAG(s) 'tutorial_dag' retrieved from /home/airflow/.local/lib/python3.8/site-packages/airflow/example_dags/tutorial_dag.py
[2024-02-21T19:50:57.074+0000] {logging_mixin.py:188} INFO - [2024-02-21T19:50:57.073+0000] {dag.py:3036} INFO - Sync 1 DAGs
[2024-02-21T19:50:57.088+0000] {logging_mixin.py:188} INFO - [2024-02-21T19:50:57.088+0000] {dag.py:3823} INFO - Setting next_dagrun for tutorial_dag to None, run_after=None
[2024-02-21T19:50:57.114+0000] {processor.py:183} INFO - Processing /home/airflow/.local/lib/python3.8/site-packages/airflow/example_dags/tutorial_dag.py took 0.070 seconds
[2024-02-21T19:51:27.473+0000] {processor.py:161} INFO - Started process (PID=228) to work on /home/airflow/.local/lib/python3.8/site-packages/airflow/example_dags/tutorial_dag.py
[2024-02-21T19:51:27.474+0000] {processor.py:830} INFO - Processing file /home/airflow/.local/lib/python3.8/site-packages/airflow/example_dags/tutorial_dag.py for tasks to queue
[2024-02-21T19:51:27.477+0000] {logging_mixin.py:188} INFO - [2024-02-21T19:51:27.476+0000] {dagbag.py:538} INFO - Filling up the DagBag from /home/airflow/.local/lib/python3.8/site-packages/airflow/example_dags/tutorial_dag.py
[2024-02-21T19:51:27.482+0000] {processor.py:840} INFO - DAG(s) 'tutorial_dag' retrieved from /home/airflow/.local/lib/python3.8/site-packages/airflow/example_dags/tutorial_dag.py
[2024-02-21T19:51:27.504+0000] {logging_mixin.py:188} INFO - [2024-02-21T19:51:27.504+0000] {dag.py:3036} INFO - Sync 1 DAGs
[2024-02-21T19:51:27.517+0000] {logging_mixin.py:188} INFO - [2024-02-21T19:51:27.516+0000] {dag.py:3823} INFO - Setting next_dagrun for tutorial_dag to None, run_after=None
[2024-02-21T19:51:27.536+0000] {processor.py:183} INFO - Processing /home/airflow/.local/lib/python3.8/site-packages/airflow/example_dags/tutorial_dag.py took 0.066 seconds
[2024-02-21T19:51:58.003+0000] {processor.py:161} INFO - Started process (PID=283) to work on /home/airflow/.local/lib/python3.8/site-packages/airflow/example_dags/tutorial_dag.py
[2024-02-21T19:51:58.005+0000] {processor.py:830} INFO - Processing file /home/airflow/.local/lib/python3.8/site-packages/airflow/example_dags/tutorial_dag.py for tasks to queue
[2024-02-21T19:51:58.009+0000] {logging_mixin.py:188} INFO - [2024-02-21T19:51:58.009+0000] {dagbag.py:538} INFO - Filling up the DagBag from /home/airflow/.local/lib/python3.8/site-packages/airflow/example_dags/tutorial_dag.py
[2024-02-21T19:51:58.017+0000] {processor.py:840} INFO - DAG(s) 'tutorial_dag' retrieved from /home/airflow/.local/lib/python3.8/site-packages/airflow/example_dags/tutorial_dag.py
[2024-02-21T19:51:58.057+0000] {logging_mixin.py:188} INFO - [2024-02-21T19:51:58.056+0000] {dag.py:3036} INFO - Sync 1 DAGs
[2024-02-21T19:51:58.076+0000] {logging_mixin.py:188} INFO - [2024-02-21T19:51:58.075+0000] {dag.py:3823} INFO - Setting next_dagrun for tutorial_dag to None, run_after=None
[2024-02-21T19:51:58.102+0000] {processor.py:183} INFO - Processing /home/airflow/.local/lib/python3.8/site-packages/airflow/example_dags/tutorial_dag.py took 0.105 seconds
[2024-02-21T19:52:28.152+0000] {processor.py:161} INFO - Started process (PID=338) to work on /home/airflow/.local/lib/python3.8/site-packages/airflow/example_dags/tutorial_dag.py
[2024-02-21T19:52:28.153+0000] {processor.py:830} INFO - Processing file /home/airflow/.local/lib/python3.8/site-packages/airflow/example_dags/tutorial_dag.py for tasks to queue
[2024-02-21T19:52:28.156+0000] {logging_mixin.py:188} INFO - [2024-02-21T19:52:28.156+0000] {dagbag.py:538} INFO - Filling up the DagBag from /home/airflow/.local/lib/python3.8/site-packages/airflow/example_dags/tutorial_dag.py
[2024-02-21T19:52:28.163+0000] {processor.py:840} INFO - DAG(s) 'tutorial_dag' retrieved from /home/airflow/.local/lib/python3.8/site-packages/airflow/example_dags/tutorial_dag.py
[2024-02-21T19:52:28.187+0000] {logging_mixin.py:188} INFO - [2024-02-21T19:52:28.186+0000] {dag.py:3036} INFO - Sync 1 DAGs
[2024-02-21T19:52:28.200+0000] {logging_mixin.py:188} INFO - [2024-02-21T19:52:28.199+0000] {dag.py:3823} INFO - Setting next_dagrun for tutorial_dag to None, run_after=None
[2024-02-21T19:52:28.224+0000] {processor.py:183} INFO - Processing /home/airflow/.local/lib/python3.8/site-packages/airflow/example_dags/tutorial_dag.py took 0.076 seconds
[2024-02-21T19:52:58.455+0000] {processor.py:161} INFO - Started process (PID=393) to work on /home/airflow/.local/lib/python3.8/site-packages/airflow/example_dags/tutorial_dag.py
[2024-02-21T19:52:58.456+0000] {processor.py:830} INFO - Processing file /home/airflow/.local/lib/python3.8/site-packages/airflow/example_dags/tutorial_dag.py for tasks to queue
[2024-02-21T19:52:58.458+0000] {logging_mixin.py:188} INFO - [2024-02-21T19:52:58.457+0000] {dagbag.py:538} INFO - Filling up the DagBag from /home/airflow/.local/lib/python3.8/site-packages/airflow/example_dags/tutorial_dag.py
[2024-02-21T19:52:58.463+0000] {processor.py:840} INFO - DAG(s) 'tutorial_dag' retrieved from /home/airflow/.local/lib/python3.8/site-packages/airflow/example_dags/tutorial_dag.py
[2024-02-21T19:52:58.495+0000] {logging_mixin.py:188} INFO - [2024-02-21T19:52:58.495+0000] {dag.py:3036} INFO - Sync 1 DAGs
[2024-02-21T19:52:58.519+0000] {logging_mixin.py:188} INFO - [2024-02-21T19:52:58.519+0000] {dag.py:3823} INFO - Setting next_dagrun for tutorial_dag to None, run_after=None
[2024-02-21T19:52:58.547+0000] {processor.py:183} INFO - Processing /home/airflow/.local/lib/python3.8/site-packages/airflow/example_dags/tutorial_dag.py took 0.095 seconds
[2024-02-21T19:53:28.939+0000] {processor.py:161} INFO - Started process (PID=448) to work on /home/airflow/.local/lib/python3.8/site-packages/airflow/example_dags/tutorial_dag.py
[2024-02-21T19:53:28.973+0000] {processor.py:830} INFO - Processing file /home/airflow/.local/lib/python3.8/site-packages/airflow/example_dags/tutorial_dag.py for tasks to queue
[2024-02-21T19:53:28.975+0000] {logging_mixin.py:188} INFO - [2024-02-21T19:53:28.974+0000] {dagbag.py:538} INFO - Filling up the DagBag from /home/airflow/.local/lib/python3.8/site-packages/airflow/example_dags/tutorial_dag.py
[2024-02-21T19:53:28.980+0000] {processor.py:840} INFO - DAG(s) 'tutorial_dag' retrieved from /home/airflow/.local/lib/python3.8/site-packages/airflow/example_dags/tutorial_dag.py
[2024-02-21T19:53:28.997+0000] {logging_mixin.py:188} INFO - [2024-02-21T19:53:28.997+0000] {dag.py:3036} INFO - Sync 1 DAGs
[2024-02-21T19:53:29.010+0000] {logging_mixin.py:188} INFO - [2024-02-21T19:53:29.009+0000] {dag.py:3823} INFO - Setting next_dagrun for tutorial_dag to None, run_after=None
[2024-02-21T19:53:29.030+0000] {processor.py:183} INFO - Processing /home/airflow/.local/lib/python3.8/site-packages/airflow/example_dags/tutorial_dag.py took 0.093 seconds
[2024-02-21T19:53:59.577+0000] {processor.py:161} INFO - Started process (PID=503) to work on /home/airflow/.local/lib/python3.8/site-packages/airflow/example_dags/tutorial_dag.py
[2024-02-21T19:53:59.579+0000] {processor.py:830} INFO - Processing file /home/airflow/.local/lib/python3.8/site-packages/airflow/example_dags/tutorial_dag.py for tasks to queue
[2024-02-21T19:53:59.581+0000] {logging_mixin.py:188} INFO - [2024-02-21T19:53:59.581+0000] {dagbag.py:538} INFO - Filling up the DagBag from /home/airflow/.local/lib/python3.8/site-packages/airflow/example_dags/tutorial_dag.py
[2024-02-21T19:53:59.587+0000] {processor.py:840} INFO - DAG(s) 'tutorial_dag' retrieved from /home/airflow/.local/lib/python3.8/site-packages/airflow/example_dags/tutorial_dag.py
[2024-02-21T19:53:59.614+0000] {logging_mixin.py:188} INFO - [2024-02-21T19:53:59.614+0000] {dag.py:3036} INFO - Sync 1 DAGs
[2024-02-21T19:53:59.632+0000] {logging_mixin.py:188} INFO - [2024-02-21T19:53:59.632+0000] {dag.py:3823} INFO - Setting next_dagrun for tutorial_dag to None, run_after=None
[2024-02-21T19:53:59.670+0000] {processor.py:183} INFO - Processing /home/airflow/.local/lib/python3.8/site-packages/airflow/example_dags/tutorial_dag.py took 0.097 seconds
[2024-02-21T19:54:29.858+0000] {processor.py:161} INFO - Started process (PID=558) to work on /home/airflow/.local/lib/python3.8/site-packages/airflow/example_dags/tutorial_dag.py
[2024-02-21T19:54:29.859+0000] {processor.py:830} INFO - Processing file /home/airflow/.local/lib/python3.8/site-packages/airflow/example_dags/tutorial_dag.py for tasks to queue
[2024-02-21T19:54:29.862+0000] {logging_mixin.py:188} INFO - [2024-02-21T19:54:29.861+0000] {dagbag.py:538} INFO - Filling up the DagBag from /home/airflow/.local/lib/python3.8/site-packages/airflow/example_dags/tutorial_dag.py
[2024-02-21T19:54:29.867+0000] {processor.py:840} INFO - DAG(s) 'tutorial_dag' retrieved from /home/airflow/.local/lib/python3.8/site-packages/airflow/example_dags/tutorial_dag.py
[2024-02-21T19:54:29.886+0000] {logging_mixin.py:188} INFO - [2024-02-21T19:54:29.886+0000] {dag.py:3036} INFO - Sync 1 DAGs
[2024-02-21T19:54:29.901+0000] {logging_mixin.py:188} INFO - [2024-02-21T19:54:29.901+0000] {dag.py:3823} INFO - Setting next_dagrun for tutorial_dag to None, run_after=None
[2024-02-21T19:54:29.922+0000] {processor.py:183} INFO - Processing /home/airflow/.local/lib/python3.8/site-packages/airflow/example_dags/tutorial_dag.py took 0.067 seconds
[2024-02-21T19:55:00.221+0000] {processor.py:161} INFO - Started process (PID=613) to work on /home/airflow/.local/lib/python3.8/site-packages/airflow/example_dags/tutorial_dag.py
[2024-02-21T19:55:00.222+0000] {processor.py:830} INFO - Processing file /home/airflow/.local/lib/python3.8/site-packages/airflow/example_dags/tutorial_dag.py for tasks to queue
[2024-02-21T19:55:00.224+0000] {logging_mixin.py:188} INFO - [2024-02-21T19:55:00.224+0000] {dagbag.py:538} INFO - Filling up the DagBag from /home/airflow/.local/lib/python3.8/site-packages/airflow/example_dags/tutorial_dag.py
[2024-02-21T19:55:00.232+0000] {processor.py:840} INFO - DAG(s) 'tutorial_dag' retrieved from /home/airflow/.local/lib/python3.8/site-packages/airflow/example_dags/tutorial_dag.py
[2024-02-21T19:55:00.252+0000] {logging_mixin.py:188} INFO - [2024-02-21T19:55:00.251+0000] {dag.py:3036} INFO - Sync 1 DAGs
[2024-02-21T19:55:00.264+0000] {logging_mixin.py:188} INFO - [2024-02-21T19:55:00.264+0000] {dag.py:3823} INFO - Setting next_dagrun for tutorial_dag to None, run_after=None
[2024-02-21T19:55:00.283+0000] {processor.py:183} INFO - Processing /home/airflow/.local/lib/python3.8/site-packages/airflow/example_dags/tutorial_dag.py took 0.066 seconds
[2024-02-21T19:55:30.810+0000] {processor.py:161} INFO - Started process (PID=668) to work on /home/airflow/.local/lib/python3.8/site-packages/airflow/example_dags/tutorial_dag.py
[2024-02-21T19:55:30.811+0000] {processor.py:830} INFO - Processing file /home/airflow/.local/lib/python3.8/site-packages/airflow/example_dags/tutorial_dag.py for tasks to queue
[2024-02-21T19:55:30.812+0000] {logging_mixin.py:188} INFO - [2024-02-21T19:55:30.812+0000] {dagbag.py:538} INFO - Filling up the DagBag from /home/airflow/.local/lib/python3.8/site-packages/airflow/example_dags/tutorial_dag.py
[2024-02-21T19:55:30.817+0000] {processor.py:840} INFO - DAG(s) 'tutorial_dag' retrieved from /home/airflow/.local/lib/python3.8/site-packages/airflow/example_dags/tutorial_dag.py
[2024-02-21T19:55:30.835+0000] {logging_mixin.py:188} INFO - [2024-02-21T19:55:30.835+0000] {dag.py:3036} INFO - Sync 1 DAGs
[2024-02-21T19:55:30.848+0000] {logging_mixin.py:188} INFO - [2024-02-21T19:55:30.848+0000] {dag.py:3823} INFO - Setting next_dagrun for tutorial_dag to None, run_after=None
[2024-02-21T19:55:30.874+0000] {processor.py:183} INFO - Processing /home/airflow/.local/lib/python3.8/site-packages/airflow/example_dags/tutorial_dag.py took 0.067 seconds
[2024-02-21T19:56:01.120+0000] {processor.py:161} INFO - Started process (PID=723) to work on /home/airflow/.local/lib/python3.8/site-packages/airflow/example_dags/tutorial_dag.py
[2024-02-21T19:56:01.121+0000] {processor.py:830} INFO - Processing file /home/airflow/.local/lib/python3.8/site-packages/airflow/example_dags/tutorial_dag.py for tasks to queue
[2024-02-21T19:56:01.123+0000] {logging_mixin.py:188} INFO - [2024-02-21T19:56:01.123+0000] {dagbag.py:538} INFO - Filling up the DagBag from /home/airflow/.local/lib/python3.8/site-packages/airflow/example_dags/tutorial_dag.py
[2024-02-21T19:56:01.132+0000] {processor.py:840} INFO - DAG(s) 'tutorial_dag' retrieved from /home/airflow/.local/lib/python3.8/site-packages/airflow/example_dags/tutorial_dag.py
[2024-02-21T19:56:01.153+0000] {logging_mixin.py:188} INFO - [2024-02-21T19:56:01.153+0000] {dag.py:3036} INFO - Sync 1 DAGs
[2024-02-21T19:56:01.165+0000] {logging_mixin.py:188} INFO - [2024-02-21T19:56:01.164+0000] {dag.py:3823} INFO - Setting next_dagrun for tutorial_dag to None, run_after=None
[2024-02-21T19:56:01.185+0000] {processor.py:183} INFO - Processing /home/airflow/.local/lib/python3.8/site-packages/airflow/example_dags/tutorial_dag.py took 0.068 seconds
[2024-02-21T19:56:31.275+0000] {processor.py:161} INFO - Started process (PID=778) to work on /home/airflow/.local/lib/python3.8/site-packages/airflow/example_dags/tutorial_dag.py
[2024-02-21T19:56:31.276+0000] {processor.py:830} INFO - Processing file /home/airflow/.local/lib/python3.8/site-packages/airflow/example_dags/tutorial_dag.py for tasks to queue
[2024-02-21T19:56:31.278+0000] {logging_mixin.py:188} INFO - [2024-02-21T19:56:31.278+0000] {dagbag.py:538} INFO - Filling up the DagBag from /home/airflow/.local/lib/python3.8/site-packages/airflow/example_dags/tutorial_dag.py
[2024-02-21T19:56:31.283+0000] {processor.py:840} INFO - DAG(s) 'tutorial_dag' retrieved from /home/airflow/.local/lib/python3.8/site-packages/airflow/example_dags/tutorial_dag.py
[2024-02-21T19:56:31.303+0000] {logging_mixin.py:188} INFO - [2024-02-21T19:56:31.303+0000] {dag.py:3036} INFO - Sync 1 DAGs
[2024-02-21T19:56:31.315+0000] {logging_mixin.py:188} INFO - [2024-02-21T19:56:31.315+0000] {dag.py:3823} INFO - Setting next_dagrun for tutorial_dag to None, run_after=None
[2024-02-21T19:56:31.335+0000] {processor.py:183} INFO - Processing /home/airflow/.local/lib/python3.8/site-packages/airflow/example_dags/tutorial_dag.py took 0.063 seconds
[2024-02-21T19:57:01.531+0000] {processor.py:161} INFO - Started process (PID=833) to work on /home/airflow/.local/lib/python3.8/site-packages/airflow/example_dags/tutorial_dag.py
[2024-02-21T19:57:01.533+0000] {processor.py:830} INFO - Processing file /home/airflow/.local/lib/python3.8/site-packages/airflow/example_dags/tutorial_dag.py for tasks to queue
[2024-02-21T19:57:01.536+0000] {logging_mixin.py:188} INFO - [2024-02-21T19:57:01.535+0000] {dagbag.py:538} INFO - Filling up the DagBag from /home/airflow/.local/lib/python3.8/site-packages/airflow/example_dags/tutorial_dag.py
[2024-02-21T19:57:01.545+0000] {processor.py:840} INFO - DAG(s) 'tutorial_dag' retrieved from /home/airflow/.local/lib/python3.8/site-packages/airflow/example_dags/tutorial_dag.py
[2024-02-21T19:57:01.570+0000] {logging_mixin.py:188} INFO - [2024-02-21T19:57:01.570+0000] {dag.py:3036} INFO - Sync 1 DAGs
[2024-02-21T19:57:01.586+0000] {logging_mixin.py:188} INFO - [2024-02-21T19:57:01.585+0000] {dag.py:3823} INFO - Setting next_dagrun for tutorial_dag to None, run_after=None
[2024-02-21T19:57:01.619+0000] {processor.py:183} INFO - Processing /home/airflow/.local/lib/python3.8/site-packages/airflow/example_dags/tutorial_dag.py took 0.093 seconds
[2024-02-21T19:57:31.797+0000] {processor.py:161} INFO - Started process (PID=888) to work on /home/airflow/.local/lib/python3.8/site-packages/airflow/example_dags/tutorial_dag.py
[2024-02-21T19:57:31.798+0000] {processor.py:830} INFO - Processing file /home/airflow/.local/lib/python3.8/site-packages/airflow/example_dags/tutorial_dag.py for tasks to queue
[2024-02-21T19:57:31.801+0000] {logging_mixin.py:188} INFO - [2024-02-21T19:57:31.800+0000] {dagbag.py:538} INFO - Filling up the DagBag from /home/airflow/.local/lib/python3.8/site-packages/airflow/example_dags/tutorial_dag.py
[2024-02-21T19:57:31.807+0000] {processor.py:840} INFO - DAG(s) 'tutorial_dag' retrieved from /home/airflow/.local/lib/python3.8/site-packages/airflow/example_dags/tutorial_dag.py
[2024-02-21T19:57:31.829+0000] {logging_mixin.py:188} INFO - [2024-02-21T19:57:31.828+0000] {dag.py:3036} INFO - Sync 1 DAGs
[2024-02-21T19:57:31.844+0000] {logging_mixin.py:188} INFO - [2024-02-21T19:57:31.843+0000] {dag.py:3823} INFO - Setting next_dagrun for tutorial_dag to None, run_after=None
[2024-02-21T19:57:31.869+0000] {processor.py:183} INFO - Processing /home/airflow/.local/lib/python3.8/site-packages/airflow/example_dags/tutorial_dag.py took 0.075 seconds
[2024-02-21T19:58:02.252+0000] {processor.py:161} INFO - Started process (PID=943) to work on /home/airflow/.local/lib/python3.8/site-packages/airflow/example_dags/tutorial_dag.py
[2024-02-21T19:58:02.253+0000] {processor.py:830} INFO - Processing file /home/airflow/.local/lib/python3.8/site-packages/airflow/example_dags/tutorial_dag.py for tasks to queue
[2024-02-21T19:58:02.255+0000] {logging_mixin.py:188} INFO - [2024-02-21T19:58:02.254+0000] {dagbag.py:538} INFO - Filling up the DagBag from /home/airflow/.local/lib/python3.8/site-packages/airflow/example_dags/tutorial_dag.py
[2024-02-21T19:58:02.262+0000] {processor.py:840} INFO - DAG(s) 'tutorial_dag' retrieved from /home/airflow/.local/lib/python3.8/site-packages/airflow/example_dags/tutorial_dag.py
[2024-02-21T19:58:02.285+0000] {logging_mixin.py:188} INFO - [2024-02-21T19:58:02.284+0000] {dag.py:3036} INFO - Sync 1 DAGs
[2024-02-21T19:58:02.299+0000] {logging_mixin.py:188} INFO - [2024-02-21T19:58:02.299+0000] {dag.py:3823} INFO - Setting next_dagrun for tutorial_dag to None, run_after=None
[2024-02-21T19:58:02.333+0000] {processor.py:183} INFO - Processing /home/airflow/.local/lib/python3.8/site-packages/airflow/example_dags/tutorial_dag.py took 0.084 seconds
[2024-02-21T19:58:32.744+0000] {processor.py:161} INFO - Started process (PID=998) to work on /home/airflow/.local/lib/python3.8/site-packages/airflow/example_dags/tutorial_dag.py
[2024-02-21T19:58:32.746+0000] {processor.py:830} INFO - Processing file /home/airflow/.local/lib/python3.8/site-packages/airflow/example_dags/tutorial_dag.py for tasks to queue
[2024-02-21T19:58:32.748+0000] {logging_mixin.py:188} INFO - [2024-02-21T19:58:32.748+0000] {dagbag.py:538} INFO - Filling up the DagBag from /home/airflow/.local/lib/python3.8/site-packages/airflow/example_dags/tutorial_dag.py
[2024-02-21T19:58:32.754+0000] {processor.py:840} INFO - DAG(s) 'tutorial_dag' retrieved from /home/airflow/.local/lib/python3.8/site-packages/airflow/example_dags/tutorial_dag.py
[2024-02-21T19:58:32.776+0000] {logging_mixin.py:188} INFO - [2024-02-21T19:58:32.776+0000] {dag.py:3036} INFO - Sync 1 DAGs
[2024-02-21T19:58:32.793+0000] {logging_mixin.py:188} INFO - [2024-02-21T19:58:32.793+0000] {dag.py:3823} INFO - Setting next_dagrun for tutorial_dag to None, run_after=None
[2024-02-21T19:58:32.815+0000] {processor.py:183} INFO - Processing /home/airflow/.local/lib/python3.8/site-packages/airflow/example_dags/tutorial_dag.py took 0.074 seconds
[2024-02-21T19:59:03.126+0000] {processor.py:161} INFO - Started process (PID=1053) to work on /home/airflow/.local/lib/python3.8/site-packages/airflow/example_dags/tutorial_dag.py
[2024-02-21T19:59:03.127+0000] {processor.py:830} INFO - Processing file /home/airflow/.local/lib/python3.8/site-packages/airflow/example_dags/tutorial_dag.py for tasks to queue
[2024-02-21T19:59:03.130+0000] {logging_mixin.py:188} INFO - [2024-02-21T19:59:03.129+0000] {dagbag.py:538} INFO - Filling up the DagBag from /home/airflow/.local/lib/python3.8/site-packages/airflow/example_dags/tutorial_dag.py
[2024-02-21T19:59:03.135+0000] {processor.py:840} INFO - DAG(s) 'tutorial_dag' retrieved from /home/airflow/.local/lib/python3.8/site-packages/airflow/example_dags/tutorial_dag.py
[2024-02-21T19:59:03.157+0000] {logging_mixin.py:188} INFO - [2024-02-21T19:59:03.156+0000] {dag.py:3036} INFO - Sync 1 DAGs
[2024-02-21T19:59:03.171+0000] {logging_mixin.py:188} INFO - [2024-02-21T19:59:03.170+0000] {dag.py:3823} INFO - Setting next_dagrun for tutorial_dag to None, run_after=None
[2024-02-21T19:59:03.201+0000] {processor.py:183} INFO - Processing /home/airflow/.local/lib/python3.8/site-packages/airflow/example_dags/tutorial_dag.py took 0.079 seconds
[2024-02-21T19:59:33.602+0000] {processor.py:161} INFO - Started process (PID=1108) to work on /home/airflow/.local/lib/python3.8/site-packages/airflow/example_dags/tutorial_dag.py
[2024-02-21T19:59:33.604+0000] {processor.py:830} INFO - Processing file /home/airflow/.local/lib/python3.8/site-packages/airflow/example_dags/tutorial_dag.py for tasks to queue
[2024-02-21T19:59:33.609+0000] {logging_mixin.py:188} INFO - [2024-02-21T19:59:33.608+0000] {dagbag.py:538} INFO - Filling up the DagBag from /home/airflow/.local/lib/python3.8/site-packages/airflow/example_dags/tutorial_dag.py
[2024-02-21T19:59:33.614+0000] {processor.py:840} INFO - DAG(s) 'tutorial_dag' retrieved from /home/airflow/.local/lib/python3.8/site-packages/airflow/example_dags/tutorial_dag.py
[2024-02-21T19:59:33.640+0000] {logging_mixin.py:188} INFO - [2024-02-21T19:59:33.639+0000] {dag.py:3036} INFO - Sync 1 DAGs
[2024-02-21T19:59:33.653+0000] {logging_mixin.py:188} INFO - [2024-02-21T19:59:33.653+0000] {dag.py:3823} INFO - Setting next_dagrun for tutorial_dag to None, run_after=None
[2024-02-21T19:59:33.679+0000] {processor.py:183} INFO - Processing /home/airflow/.local/lib/python3.8/site-packages/airflow/example_dags/tutorial_dag.py took 0.080 seconds
[2024-02-21T20:00:04.173+0000] {processor.py:161} INFO - Started process (PID=1163) to work on /home/airflow/.local/lib/python3.8/site-packages/airflow/example_dags/tutorial_dag.py
[2024-02-21T20:00:04.174+0000] {processor.py:830} INFO - Processing file /home/airflow/.local/lib/python3.8/site-packages/airflow/example_dags/tutorial_dag.py for tasks to queue
[2024-02-21T20:00:04.176+0000] {logging_mixin.py:188} INFO - [2024-02-21T20:00:04.176+0000] {dagbag.py:538} INFO - Filling up the DagBag from /home/airflow/.local/lib/python3.8/site-packages/airflow/example_dags/tutorial_dag.py
[2024-02-21T20:00:04.181+0000] {processor.py:840} INFO - DAG(s) 'tutorial_dag' retrieved from /home/airflow/.local/lib/python3.8/site-packages/airflow/example_dags/tutorial_dag.py
[2024-02-21T20:00:04.203+0000] {logging_mixin.py:188} INFO - [2024-02-21T20:00:04.202+0000] {dag.py:3036} INFO - Sync 1 DAGs
[2024-02-21T20:00:04.215+0000] {logging_mixin.py:188} INFO - [2024-02-21T20:00:04.214+0000] {dag.py:3823} INFO - Setting next_dagrun for tutorial_dag to None, run_after=None
[2024-02-21T20:00:04.234+0000] {processor.py:183} INFO - Processing /home/airflow/.local/lib/python3.8/site-packages/airflow/example_dags/tutorial_dag.py took 0.063 seconds
[2024-02-21T20:00:34.600+0000] {processor.py:161} INFO - Started process (PID=1218) to work on /home/airflow/.local/lib/python3.8/site-packages/airflow/example_dags/tutorial_dag.py
[2024-02-21T20:00:34.601+0000] {processor.py:830} INFO - Processing file /home/airflow/.local/lib/python3.8/site-packages/airflow/example_dags/tutorial_dag.py for tasks to queue
[2024-02-21T20:00:34.603+0000] {logging_mixin.py:188} INFO - [2024-02-21T20:00:34.603+0000] {dagbag.py:538} INFO - Filling up the DagBag from /home/airflow/.local/lib/python3.8/site-packages/airflow/example_dags/tutorial_dag.py
[2024-02-21T20:00:34.608+0000] {processor.py:840} INFO - DAG(s) 'tutorial_dag' retrieved from /home/airflow/.local/lib/python3.8/site-packages/airflow/example_dags/tutorial_dag.py
[2024-02-21T20:00:34.628+0000] {logging_mixin.py:188} INFO - [2024-02-21T20:00:34.627+0000] {dag.py:3036} INFO - Sync 1 DAGs
[2024-02-21T20:00:34.639+0000] {logging_mixin.py:188} INFO - [2024-02-21T20:00:34.639+0000] {dag.py:3823} INFO - Setting next_dagrun for tutorial_dag to None, run_after=None
[2024-02-21T20:00:34.657+0000] {processor.py:183} INFO - Processing /home/airflow/.local/lib/python3.8/site-packages/airflow/example_dags/tutorial_dag.py took 0.059 seconds
[2024-02-21T20:01:04.974+0000] {processor.py:161} INFO - Started process (PID=1273) to work on /home/airflow/.local/lib/python3.8/site-packages/airflow/example_dags/tutorial_dag.py
[2024-02-21T20:01:04.975+0000] {processor.py:830} INFO - Processing file /home/airflow/.local/lib/python3.8/site-packages/airflow/example_dags/tutorial_dag.py for tasks to queue
[2024-02-21T20:01:04.977+0000] {logging_mixin.py:188} INFO - [2024-02-21T20:01:04.977+0000] {dagbag.py:538} INFO - Filling up the DagBag from /home/airflow/.local/lib/python3.8/site-packages/airflow/example_dags/tutorial_dag.py
[2024-02-21T20:01:04.983+0000] {processor.py:840} INFO - DAG(s) 'tutorial_dag' retrieved from /home/airflow/.local/lib/python3.8/site-packages/airflow/example_dags/tutorial_dag.py
[2024-02-21T20:01:05.002+0000] {logging_mixin.py:188} INFO - [2024-02-21T20:01:05.002+0000] {dag.py:3036} INFO - Sync 1 DAGs
[2024-02-21T20:01:05.015+0000] {logging_mixin.py:188} INFO - [2024-02-21T20:01:05.015+0000] {dag.py:3823} INFO - Setting next_dagrun for tutorial_dag to None, run_after=None
[2024-02-21T20:01:05.034+0000] {processor.py:183} INFO - Processing /home/airflow/.local/lib/python3.8/site-packages/airflow/example_dags/tutorial_dag.py took 0.063 seconds
[2024-02-21T20:01:35.358+0000] {processor.py:161} INFO - Started process (PID=1328) to work on /home/airflow/.local/lib/python3.8/site-packages/airflow/example_dags/tutorial_dag.py
[2024-02-21T20:01:35.359+0000] {processor.py:830} INFO - Processing file /home/airflow/.local/lib/python3.8/site-packages/airflow/example_dags/tutorial_dag.py for tasks to queue
[2024-02-21T20:01:35.361+0000] {logging_mixin.py:188} INFO - [2024-02-21T20:01:35.360+0000] {dagbag.py:538} INFO - Filling up the DagBag from /home/airflow/.local/lib/python3.8/site-packages/airflow/example_dags/tutorial_dag.py
[2024-02-21T20:01:35.366+0000] {processor.py:840} INFO - DAG(s) 'tutorial_dag' retrieved from /home/airflow/.local/lib/python3.8/site-packages/airflow/example_dags/tutorial_dag.py
[2024-02-21T20:01:35.387+0000] {logging_mixin.py:188} INFO - [2024-02-21T20:01:35.387+0000] {dag.py:3036} INFO - Sync 1 DAGs
[2024-02-21T20:01:35.400+0000] {logging_mixin.py:188} INFO - [2024-02-21T20:01:35.400+0000] {dag.py:3823} INFO - Setting next_dagrun for tutorial_dag to None, run_after=None
[2024-02-21T20:01:35.421+0000] {processor.py:183} INFO - Processing /home/airflow/.local/lib/python3.8/site-packages/airflow/example_dags/tutorial_dag.py took 0.067 seconds
[2024-02-21T20:02:05.590+0000] {processor.py:161} INFO - Started process (PID=1383) to work on /home/airflow/.local/lib/python3.8/site-packages/airflow/example_dags/tutorial_dag.py
[2024-02-21T20:02:05.591+0000] {processor.py:830} INFO - Processing file /home/airflow/.local/lib/python3.8/site-packages/airflow/example_dags/tutorial_dag.py for tasks to queue
[2024-02-21T20:02:05.593+0000] {logging_mixin.py:188} INFO - [2024-02-21T20:02:05.593+0000] {dagbag.py:538} INFO - Filling up the DagBag from /home/airflow/.local/lib/python3.8/site-packages/airflow/example_dags/tutorial_dag.py
[2024-02-21T20:02:05.598+0000] {processor.py:840} INFO - DAG(s) 'tutorial_dag' retrieved from /home/airflow/.local/lib/python3.8/site-packages/airflow/example_dags/tutorial_dag.py
[2024-02-21T20:02:05.618+0000] {logging_mixin.py:188} INFO - [2024-02-21T20:02:05.617+0000] {dag.py:3036} INFO - Sync 1 DAGs
[2024-02-21T20:02:05.630+0000] {logging_mixin.py:188} INFO - [2024-02-21T20:02:05.630+0000] {dag.py:3823} INFO - Setting next_dagrun for tutorial_dag to None, run_after=None
[2024-02-21T20:02:05.649+0000] {processor.py:183} INFO - Processing /home/airflow/.local/lib/python3.8/site-packages/airflow/example_dags/tutorial_dag.py took 0.062 seconds
