[2024-03-02T22:46:08.163+0000] {processor.py:161} INFO - Started process (PID=70) to work on /home/airflow/.local/lib/python3.8/site-packages/airflow/example_dags/example_branch_python_dop_operator_3.py
[2024-03-02T22:46:08.165+0000] {processor.py:830} INFO - Processing file /home/airflow/.local/lib/python3.8/site-packages/airflow/example_dags/example_branch_python_dop_operator_3.py for tasks to queue
[2024-03-02T22:46:08.173+0000] {logging_mixin.py:188} INFO - [2024-03-02T22:46:08.173+0000] {dagbag.py:538} INFO - Filling up the DagBag from /home/airflow/.local/lib/python3.8/site-packages/airflow/example_dags/example_branch_python_dop_operator_3.py
[2024-03-02T22:46:08.203+0000] {processor.py:840} INFO - DAG(s) 'example_branch_dop_operator_v3' retrieved from /home/airflow/.local/lib/python3.8/site-packages/airflow/example_dags/example_branch_python_dop_operator_3.py
[2024-03-02T22:46:08.841+0000] {logging_mixin.py:188} INFO - [2024-03-02T22:46:08.840+0000] {dag.py:3036} INFO - Sync 1 DAGs
[2024-03-02T22:46:08.933+0000] {logging_mixin.py:188} INFO - [2024-03-02T22:46:08.933+0000] {dag.py:3823} INFO - Setting next_dagrun for example_branch_dop_operator_v3 to 2024-03-02 22:45:00+00:00, run_after=2024-03-02 22:46:00+00:00
[2024-03-02T22:46:09.023+0000] {processor.py:183} INFO - Processing /home/airflow/.local/lib/python3.8/site-packages/airflow/example_dags/example_branch_python_dop_operator_3.py took 0.866 seconds
[2024-03-02T22:46:39.205+0000] {processor.py:161} INFO - Started process (PID=126) to work on /home/airflow/.local/lib/python3.8/site-packages/airflow/example_dags/example_branch_python_dop_operator_3.py
[2024-03-02T22:46:39.206+0000] {processor.py:830} INFO - Processing file /home/airflow/.local/lib/python3.8/site-packages/airflow/example_dags/example_branch_python_dop_operator_3.py for tasks to queue
[2024-03-02T22:46:39.208+0000] {logging_mixin.py:188} INFO - [2024-03-02T22:46:39.208+0000] {dagbag.py:538} INFO - Filling up the DagBag from /home/airflow/.local/lib/python3.8/site-packages/airflow/example_dags/example_branch_python_dop_operator_3.py
[2024-03-02T22:46:39.218+0000] {processor.py:840} INFO - DAG(s) 'example_branch_dop_operator_v3' retrieved from /home/airflow/.local/lib/python3.8/site-packages/airflow/example_dags/example_branch_python_dop_operator_3.py
[2024-03-02T22:46:39.241+0000] {logging_mixin.py:188} INFO - [2024-03-02T22:46:39.241+0000] {dag.py:3036} INFO - Sync 1 DAGs
[2024-03-02T22:46:39.268+0000] {logging_mixin.py:188} INFO - [2024-03-02T22:46:39.268+0000] {dag.py:3823} INFO - Setting next_dagrun for example_branch_dop_operator_v3 to 2024-03-02 22:45:00+00:00, run_after=2024-03-02 22:46:00+00:00
[2024-03-02T22:46:39.293+0000] {processor.py:183} INFO - Processing /home/airflow/.local/lib/python3.8/site-packages/airflow/example_dags/example_branch_python_dop_operator_3.py took 0.091 seconds
[2024-03-02T22:47:09.413+0000] {processor.py:161} INFO - Started process (PID=182) to work on /home/airflow/.local/lib/python3.8/site-packages/airflow/example_dags/example_branch_python_dop_operator_3.py
[2024-03-02T22:47:09.416+0000] {processor.py:830} INFO - Processing file /home/airflow/.local/lib/python3.8/site-packages/airflow/example_dags/example_branch_python_dop_operator_3.py for tasks to queue
[2024-03-02T22:47:09.420+0000] {logging_mixin.py:188} INFO - [2024-03-02T22:47:09.419+0000] {dagbag.py:538} INFO - Filling up the DagBag from /home/airflow/.local/lib/python3.8/site-packages/airflow/example_dags/example_branch_python_dop_operator_3.py
[2024-03-02T22:47:09.434+0000] {processor.py:840} INFO - DAG(s) 'example_branch_dop_operator_v3' retrieved from /home/airflow/.local/lib/python3.8/site-packages/airflow/example_dags/example_branch_python_dop_operator_3.py
[2024-03-02T22:47:09.464+0000] {logging_mixin.py:188} INFO - [2024-03-02T22:47:09.463+0000] {dag.py:3036} INFO - Sync 1 DAGs
[2024-03-02T22:47:09.499+0000] {logging_mixin.py:188} INFO - [2024-03-02T22:47:09.499+0000] {dag.py:3823} INFO - Setting next_dagrun for example_branch_dop_operator_v3 to 2024-03-02 22:46:00+00:00, run_after=2024-03-02 22:47:00+00:00
[2024-03-02T22:47:09.523+0000] {processor.py:183} INFO - Processing /home/airflow/.local/lib/python3.8/site-packages/airflow/example_dags/example_branch_python_dop_operator_3.py took 0.117 seconds
[2024-03-02T22:47:39.715+0000] {processor.py:161} INFO - Started process (PID=238) to work on /home/airflow/.local/lib/python3.8/site-packages/airflow/example_dags/example_branch_python_dop_operator_3.py
[2024-03-02T22:47:39.716+0000] {processor.py:830} INFO - Processing file /home/airflow/.local/lib/python3.8/site-packages/airflow/example_dags/example_branch_python_dop_operator_3.py for tasks to queue
[2024-03-02T22:47:39.718+0000] {logging_mixin.py:188} INFO - [2024-03-02T22:47:39.718+0000] {dagbag.py:538} INFO - Filling up the DagBag from /home/airflow/.local/lib/python3.8/site-packages/airflow/example_dags/example_branch_python_dop_operator_3.py
[2024-03-02T22:47:39.729+0000] {processor.py:840} INFO - DAG(s) 'example_branch_dop_operator_v3' retrieved from /home/airflow/.local/lib/python3.8/site-packages/airflow/example_dags/example_branch_python_dop_operator_3.py
[2024-03-02T22:47:39.757+0000] {logging_mixin.py:188} INFO - [2024-03-02T22:47:39.757+0000] {dag.py:3036} INFO - Sync 1 DAGs
[2024-03-02T22:47:39.794+0000] {logging_mixin.py:188} INFO - [2024-03-02T22:47:39.794+0000] {dag.py:3823} INFO - Setting next_dagrun for example_branch_dop_operator_v3 to 2024-03-02 22:46:00+00:00, run_after=2024-03-02 22:47:00+00:00
[2024-03-02T22:47:39.816+0000] {processor.py:183} INFO - Processing /home/airflow/.local/lib/python3.8/site-packages/airflow/example_dags/example_branch_python_dop_operator_3.py took 0.105 seconds
[2024-03-02T22:48:10.065+0000] {processor.py:161} INFO - Started process (PID=294) to work on /home/airflow/.local/lib/python3.8/site-packages/airflow/example_dags/example_branch_python_dop_operator_3.py
[2024-03-02T22:48:10.066+0000] {processor.py:830} INFO - Processing file /home/airflow/.local/lib/python3.8/site-packages/airflow/example_dags/example_branch_python_dop_operator_3.py for tasks to queue
[2024-03-02T22:48:10.069+0000] {logging_mixin.py:188} INFO - [2024-03-02T22:48:10.068+0000] {dagbag.py:538} INFO - Filling up the DagBag from /home/airflow/.local/lib/python3.8/site-packages/airflow/example_dags/example_branch_python_dop_operator_3.py
[2024-03-02T22:48:10.081+0000] {processor.py:840} INFO - DAG(s) 'example_branch_dop_operator_v3' retrieved from /home/airflow/.local/lib/python3.8/site-packages/airflow/example_dags/example_branch_python_dop_operator_3.py
[2024-03-02T22:48:10.110+0000] {logging_mixin.py:188} INFO - [2024-03-02T22:48:10.110+0000] {dag.py:3036} INFO - Sync 1 DAGs
[2024-03-02T22:48:10.153+0000] {logging_mixin.py:188} INFO - [2024-03-02T22:48:10.153+0000] {dag.py:3823} INFO - Setting next_dagrun for example_branch_dop_operator_v3 to 2024-03-02 22:47:00+00:00, run_after=2024-03-02 22:48:00+00:00
[2024-03-02T22:48:10.183+0000] {processor.py:183} INFO - Processing /home/airflow/.local/lib/python3.8/site-packages/airflow/example_dags/example_branch_python_dop_operator_3.py took 0.124 seconds
[2024-03-02T22:48:40.543+0000] {processor.py:161} INFO - Started process (PID=350) to work on /home/airflow/.local/lib/python3.8/site-packages/airflow/example_dags/example_branch_python_dop_operator_3.py
[2024-03-02T22:48:40.544+0000] {processor.py:830} INFO - Processing file /home/airflow/.local/lib/python3.8/site-packages/airflow/example_dags/example_branch_python_dop_operator_3.py for tasks to queue
[2024-03-02T22:48:40.546+0000] {logging_mixin.py:188} INFO - [2024-03-02T22:48:40.546+0000] {dagbag.py:538} INFO - Filling up the DagBag from /home/airflow/.local/lib/python3.8/site-packages/airflow/example_dags/example_branch_python_dop_operator_3.py
[2024-03-02T22:48:40.560+0000] {processor.py:840} INFO - DAG(s) 'example_branch_dop_operator_v3' retrieved from /home/airflow/.local/lib/python3.8/site-packages/airflow/example_dags/example_branch_python_dop_operator_3.py
[2024-03-02T22:48:40.586+0000] {logging_mixin.py:188} INFO - [2024-03-02T22:48:40.585+0000] {dag.py:3036} INFO - Sync 1 DAGs
[2024-03-02T22:48:40.621+0000] {logging_mixin.py:188} INFO - [2024-03-02T22:48:40.621+0000] {dag.py:3823} INFO - Setting next_dagrun for example_branch_dop_operator_v3 to 2024-03-02 22:47:00+00:00, run_after=2024-03-02 22:48:00+00:00
[2024-03-02T22:48:40.641+0000] {processor.py:183} INFO - Processing /home/airflow/.local/lib/python3.8/site-packages/airflow/example_dags/example_branch_python_dop_operator_3.py took 0.102 seconds
[2024-03-02T22:49:11.076+0000] {processor.py:161} INFO - Started process (PID=406) to work on /home/airflow/.local/lib/python3.8/site-packages/airflow/example_dags/example_branch_python_dop_operator_3.py
[2024-03-02T22:49:11.077+0000] {processor.py:830} INFO - Processing file /home/airflow/.local/lib/python3.8/site-packages/airflow/example_dags/example_branch_python_dop_operator_3.py for tasks to queue
[2024-03-02T22:49:11.079+0000] {logging_mixin.py:188} INFO - [2024-03-02T22:49:11.079+0000] {dagbag.py:538} INFO - Filling up the DagBag from /home/airflow/.local/lib/python3.8/site-packages/airflow/example_dags/example_branch_python_dop_operator_3.py
[2024-03-02T22:49:11.088+0000] {processor.py:840} INFO - DAG(s) 'example_branch_dop_operator_v3' retrieved from /home/airflow/.local/lib/python3.8/site-packages/airflow/example_dags/example_branch_python_dop_operator_3.py
[2024-03-02T22:49:11.113+0000] {logging_mixin.py:188} INFO - [2024-03-02T22:49:11.113+0000] {dag.py:3036} INFO - Sync 1 DAGs
[2024-03-02T22:49:11.147+0000] {logging_mixin.py:188} INFO - [2024-03-02T22:49:11.146+0000] {dag.py:3823} INFO - Setting next_dagrun for example_branch_dop_operator_v3 to 2024-03-02 22:48:00+00:00, run_after=2024-03-02 22:49:00+00:00
[2024-03-02T22:49:11.166+0000] {processor.py:183} INFO - Processing /home/airflow/.local/lib/python3.8/site-packages/airflow/example_dags/example_branch_python_dop_operator_3.py took 0.094 seconds
[2024-03-02T22:49:41.676+0000] {processor.py:161} INFO - Started process (PID=462) to work on /home/airflow/.local/lib/python3.8/site-packages/airflow/example_dags/example_branch_python_dop_operator_3.py
[2024-03-02T22:49:41.678+0000] {processor.py:830} INFO - Processing file /home/airflow/.local/lib/python3.8/site-packages/airflow/example_dags/example_branch_python_dop_operator_3.py for tasks to queue
[2024-03-02T22:49:41.682+0000] {logging_mixin.py:188} INFO - [2024-03-02T22:49:41.681+0000] {dagbag.py:538} INFO - Filling up the DagBag from /home/airflow/.local/lib/python3.8/site-packages/airflow/example_dags/example_branch_python_dop_operator_3.py
[2024-03-02T22:49:41.695+0000] {processor.py:840} INFO - DAG(s) 'example_branch_dop_operator_v3' retrieved from /home/airflow/.local/lib/python3.8/site-packages/airflow/example_dags/example_branch_python_dop_operator_3.py
[2024-03-02T22:49:41.723+0000] {logging_mixin.py:188} INFO - [2024-03-02T22:49:41.723+0000] {dag.py:3036} INFO - Sync 1 DAGs
[2024-03-02T22:49:41.760+0000] {logging_mixin.py:188} INFO - [2024-03-02T22:49:41.760+0000] {dag.py:3823} INFO - Setting next_dagrun for example_branch_dop_operator_v3 to 2024-03-02 22:48:00+00:00, run_after=2024-03-02 22:49:00+00:00
[2024-03-02T22:49:41.786+0000] {processor.py:183} INFO - Processing /home/airflow/.local/lib/python3.8/site-packages/airflow/example_dags/example_branch_python_dop_operator_3.py took 0.114 seconds
[2024-03-02T22:50:11.961+0000] {processor.py:161} INFO - Started process (PID=518) to work on /home/airflow/.local/lib/python3.8/site-packages/airflow/example_dags/example_branch_python_dop_operator_3.py
[2024-03-02T22:50:11.962+0000] {processor.py:830} INFO - Processing file /home/airflow/.local/lib/python3.8/site-packages/airflow/example_dags/example_branch_python_dop_operator_3.py for tasks to queue
[2024-03-02T22:50:11.965+0000] {logging_mixin.py:188} INFO - [2024-03-02T22:50:11.964+0000] {dagbag.py:538} INFO - Filling up the DagBag from /home/airflow/.local/lib/python3.8/site-packages/airflow/example_dags/example_branch_python_dop_operator_3.py
[2024-03-02T22:50:11.979+0000] {processor.py:840} INFO - DAG(s) 'example_branch_dop_operator_v3' retrieved from /home/airflow/.local/lib/python3.8/site-packages/airflow/example_dags/example_branch_python_dop_operator_3.py
[2024-03-02T22:50:12.005+0000] {logging_mixin.py:188} INFO - [2024-03-02T22:50:12.005+0000] {dag.py:3036} INFO - Sync 1 DAGs
[2024-03-02T22:50:12.040+0000] {logging_mixin.py:188} INFO - [2024-03-02T22:50:12.040+0000] {dag.py:3823} INFO - Setting next_dagrun for example_branch_dop_operator_v3 to 2024-03-02 22:49:00+00:00, run_after=2024-03-02 22:50:00+00:00
[2024-03-02T22:50:12.065+0000] {processor.py:183} INFO - Processing /home/airflow/.local/lib/python3.8/site-packages/airflow/example_dags/example_branch_python_dop_operator_3.py took 0.110 seconds
[2024-03-02T22:50:53.741+0000] {processor.py:161} INFO - Started process (PID=574) to work on /home/airflow/.local/lib/python3.8/site-packages/airflow/example_dags/example_branch_python_dop_operator_3.py
[2024-03-02T22:50:53.744+0000] {processor.py:830} INFO - Processing file /home/airflow/.local/lib/python3.8/site-packages/airflow/example_dags/example_branch_python_dop_operator_3.py for tasks to queue
[2024-03-02T22:50:53.746+0000] {logging_mixin.py:188} INFO - [2024-03-02T22:50:53.746+0000] {dagbag.py:538} INFO - Filling up the DagBag from /home/airflow/.local/lib/python3.8/site-packages/airflow/example_dags/example_branch_python_dop_operator_3.py
[2024-03-02T22:50:53.847+0000] {processor.py:840} INFO - DAG(s) 'example_branch_dop_operator_v3' retrieved from /home/airflow/.local/lib/python3.8/site-packages/airflow/example_dags/example_branch_python_dop_operator_3.py
[2024-03-02T22:50:53.869+0000] {logging_mixin.py:188} INFO - [2024-03-02T22:50:53.869+0000] {dag.py:3036} INFO - Sync 1 DAGs
[2024-03-02T22:50:54.089+0000] {logging_mixin.py:188} INFO - [2024-03-02T22:50:54.089+0000] {dag.py:3823} INFO - Setting next_dagrun for example_branch_dop_operator_v3 to 2024-03-02 22:49:00+00:00, run_after=2024-03-02 22:50:00+00:00
[2024-03-02T22:50:54.316+0000] {processor.py:183} INFO - Processing /home/airflow/.local/lib/python3.8/site-packages/airflow/example_dags/example_branch_python_dop_operator_3.py took 0.580 seconds
[2024-03-02T22:51:24.865+0000] {processor.py:161} INFO - Started process (PID=630) to work on /home/airflow/.local/lib/python3.8/site-packages/airflow/example_dags/example_branch_python_dop_operator_3.py
[2024-03-02T22:51:24.865+0000] {processor.py:830} INFO - Processing file /home/airflow/.local/lib/python3.8/site-packages/airflow/example_dags/example_branch_python_dop_operator_3.py for tasks to queue
[2024-03-02T22:51:24.867+0000] {logging_mixin.py:188} INFO - [2024-03-02T22:51:24.867+0000] {dagbag.py:538} INFO - Filling up the DagBag from /home/airflow/.local/lib/python3.8/site-packages/airflow/example_dags/example_branch_python_dop_operator_3.py
[2024-03-02T22:51:24.876+0000] {processor.py:840} INFO - DAG(s) 'example_branch_dop_operator_v3' retrieved from /home/airflow/.local/lib/python3.8/site-packages/airflow/example_dags/example_branch_python_dop_operator_3.py
[2024-03-02T22:51:24.897+0000] {logging_mixin.py:188} INFO - [2024-03-02T22:51:24.897+0000] {dag.py:3036} INFO - Sync 1 DAGs
[2024-03-02T22:51:24.924+0000] {logging_mixin.py:188} INFO - [2024-03-02T22:51:24.924+0000] {dag.py:3823} INFO - Setting next_dagrun for example_branch_dop_operator_v3 to 2024-03-02 22:50:00+00:00, run_after=2024-03-02 22:51:00+00:00
[2024-03-02T22:51:24.943+0000] {processor.py:183} INFO - Processing /home/airflow/.local/lib/python3.8/site-packages/airflow/example_dags/example_branch_python_dop_operator_3.py took 0.081 seconds
[2024-03-02T22:52:14.572+0000] {processor.py:161} INFO - Started process (PID=701) to work on /home/airflow/.local/lib/python3.8/site-packages/airflow/example_dags/example_branch_python_dop_operator_3.py
[2024-03-02T22:52:14.573+0000] {processor.py:830} INFO - Processing file /home/airflow/.local/lib/python3.8/site-packages/airflow/example_dags/example_branch_python_dop_operator_3.py for tasks to queue
[2024-03-02T22:52:14.575+0000] {logging_mixin.py:188} INFO - [2024-03-02T22:52:14.575+0000] {dagbag.py:538} INFO - Filling up the DagBag from /home/airflow/.local/lib/python3.8/site-packages/airflow/example_dags/example_branch_python_dop_operator_3.py
[2024-03-02T22:52:14.585+0000] {processor.py:840} INFO - DAG(s) 'example_branch_dop_operator_v3' retrieved from /home/airflow/.local/lib/python3.8/site-packages/airflow/example_dags/example_branch_python_dop_operator_3.py
[2024-03-02T22:52:14.610+0000] {logging_mixin.py:188} INFO - [2024-03-02T22:52:14.609+0000] {dag.py:3036} INFO - Sync 1 DAGs
[2024-03-02T22:52:14.656+0000] {logging_mixin.py:188} INFO - [2024-03-02T22:52:14.655+0000] {dag.py:3823} INFO - Setting next_dagrun for example_branch_dop_operator_v3 to 2024-03-02 22:51:00+00:00, run_after=2024-03-02 22:52:00+00:00
[2024-03-02T22:52:14.714+0000] {processor.py:183} INFO - Processing /home/airflow/.local/lib/python3.8/site-packages/airflow/example_dags/example_branch_python_dop_operator_3.py took 0.147 seconds
[2024-03-02T22:52:45.121+0000] {processor.py:161} INFO - Started process (PID=757) to work on /home/airflow/.local/lib/python3.8/site-packages/airflow/example_dags/example_branch_python_dop_operator_3.py
[2024-03-02T22:52:45.122+0000] {processor.py:830} INFO - Processing file /home/airflow/.local/lib/python3.8/site-packages/airflow/example_dags/example_branch_python_dop_operator_3.py for tasks to queue
[2024-03-02T22:52:45.123+0000] {logging_mixin.py:188} INFO - [2024-03-02T22:52:45.123+0000] {dagbag.py:538} INFO - Filling up the DagBag from /home/airflow/.local/lib/python3.8/site-packages/airflow/example_dags/example_branch_python_dop_operator_3.py
[2024-03-02T22:52:45.132+0000] {processor.py:840} INFO - DAG(s) 'example_branch_dop_operator_v3' retrieved from /home/airflow/.local/lib/python3.8/site-packages/airflow/example_dags/example_branch_python_dop_operator_3.py
[2024-03-02T22:52:45.153+0000] {logging_mixin.py:188} INFO - [2024-03-02T22:52:45.153+0000] {dag.py:3036} INFO - Sync 1 DAGs
[2024-03-02T22:52:45.185+0000] {logging_mixin.py:188} INFO - [2024-03-02T22:52:45.185+0000] {dag.py:3823} INFO - Setting next_dagrun for example_branch_dop_operator_v3 to 2024-03-02 22:51:00+00:00, run_after=2024-03-02 22:52:00+00:00
[2024-03-02T22:52:45.209+0000] {processor.py:183} INFO - Processing /home/airflow/.local/lib/python3.8/site-packages/airflow/example_dags/example_branch_python_dop_operator_3.py took 0.091 seconds
[2024-03-02T22:53:16.153+0000] {processor.py:161} INFO - Started process (PID=813) to work on /home/airflow/.local/lib/python3.8/site-packages/airflow/example_dags/example_branch_python_dop_operator_3.py
[2024-03-02T22:53:16.192+0000] {processor.py:830} INFO - Processing file /home/airflow/.local/lib/python3.8/site-packages/airflow/example_dags/example_branch_python_dop_operator_3.py for tasks to queue
[2024-03-02T22:53:16.194+0000] {logging_mixin.py:188} INFO - [2024-03-02T22:53:16.193+0000] {dagbag.py:538} INFO - Filling up the DagBag from /home/airflow/.local/lib/python3.8/site-packages/airflow/example_dags/example_branch_python_dop_operator_3.py
[2024-03-02T22:53:16.202+0000] {processor.py:840} INFO - DAG(s) 'example_branch_dop_operator_v3' retrieved from /home/airflow/.local/lib/python3.8/site-packages/airflow/example_dags/example_branch_python_dop_operator_3.py
[2024-03-02T22:53:16.221+0000] {logging_mixin.py:188} INFO - [2024-03-02T22:53:16.221+0000] {dag.py:3036} INFO - Sync 1 DAGs
[2024-03-02T22:53:16.247+0000] {logging_mixin.py:188} INFO - [2024-03-02T22:53:16.247+0000] {dag.py:3823} INFO - Setting next_dagrun for example_branch_dop_operator_v3 to 2024-03-02 22:52:00+00:00, run_after=2024-03-02 22:53:00+00:00
[2024-03-02T22:53:16.274+0000] {processor.py:183} INFO - Processing /home/airflow/.local/lib/python3.8/site-packages/airflow/example_dags/example_branch_python_dop_operator_3.py took 0.124 seconds
[2024-03-02T22:56:03.057+0000] {processor.py:161} INFO - Started process (PID=880) to work on /home/airflow/.local/lib/python3.8/site-packages/airflow/example_dags/example_branch_python_dop_operator_3.py
[2024-03-02T22:56:03.146+0000] {processor.py:830} INFO - Processing file /home/airflow/.local/lib/python3.8/site-packages/airflow/example_dags/example_branch_python_dop_operator_3.py for tasks to queue
[2024-03-02T22:56:03.148+0000] {logging_mixin.py:188} INFO - [2024-03-02T22:56:03.148+0000] {dagbag.py:538} INFO - Filling up the DagBag from /home/airflow/.local/lib/python3.8/site-packages/airflow/example_dags/example_branch_python_dop_operator_3.py
[2024-03-02T22:56:03.162+0000] {processor.py:840} INFO - DAG(s) 'example_branch_dop_operator_v3' retrieved from /home/airflow/.local/lib/python3.8/site-packages/airflow/example_dags/example_branch_python_dop_operator_3.py
[2024-03-02T22:56:23.248+0000] {logging_mixin.py:188} INFO - [2024-03-02T22:56:23.248+0000] {dag.py:3036} INFO - Sync 1 DAGs
[2024-03-02T22:56:25.683+0000] {logging_mixin.py:188} INFO - [2024-03-02T22:56:25.682+0000] {dag.py:3823} INFO - Setting next_dagrun for example_branch_dop_operator_v3 to 2024-03-02 22:55:00+00:00, run_after=2024-03-02 22:56:00+00:00
[2024-03-02T22:56:26.445+0000] {processor.py:183} INFO - Processing /home/airflow/.local/lib/python3.8/site-packages/airflow/example_dags/example_branch_python_dop_operator_3.py took 23.391 seconds
[2024-03-02T22:57:56.601+0000] {processor.py:161} INFO - Started process (PID=942) to work on /home/airflow/.local/lib/python3.8/site-packages/airflow/example_dags/example_branch_python_dop_operator_3.py
[2024-03-02T22:57:56.603+0000] {processor.py:830} INFO - Processing file /home/airflow/.local/lib/python3.8/site-packages/airflow/example_dags/example_branch_python_dop_operator_3.py for tasks to queue
[2024-03-02T22:57:56.605+0000] {logging_mixin.py:188} INFO - [2024-03-02T22:57:56.604+0000] {dagbag.py:538} INFO - Filling up the DagBag from /home/airflow/.local/lib/python3.8/site-packages/airflow/example_dags/example_branch_python_dop_operator_3.py
[2024-03-02T22:57:56.622+0000] {processor.py:840} INFO - DAG(s) 'example_branch_dop_operator_v3' retrieved from /home/airflow/.local/lib/python3.8/site-packages/airflow/example_dags/example_branch_python_dop_operator_3.py
[2024-03-02T22:57:56.676+0000] {logging_mixin.py:188} INFO - [2024-03-02T22:57:56.676+0000] {dag.py:3036} INFO - Sync 1 DAGs
[2024-03-02T22:57:56.719+0000] {logging_mixin.py:188} INFO - [2024-03-02T22:57:56.718+0000] {dag.py:3823} INFO - Setting next_dagrun for example_branch_dop_operator_v3 to 2024-03-02 22:56:00+00:00, run_after=2024-03-02 22:57:00+00:00
[2024-03-02T22:57:56.755+0000] {processor.py:183} INFO - Processing /home/airflow/.local/lib/python3.8/site-packages/airflow/example_dags/example_branch_python_dop_operator_3.py took 0.159 seconds
