[2024-03-02T22:46:09.075+0000] {processor.py:161} INFO - Started process (PID=72) to work on /home/airflow/.local/lib/python3.8/site-packages/airflow/example_dags/example_external_task_marker_dag.py
[2024-03-02T22:46:09.076+0000] {processor.py:830} INFO - Processing file /home/airflow/.local/lib/python3.8/site-packages/airflow/example_dags/example_external_task_marker_dag.py for tasks to queue
[2024-03-02T22:46:09.077+0000] {logging_mixin.py:188} INFO - [2024-03-02T22:46:09.077+0000] {dagbag.py:538} INFO - Filling up the DagBag from /home/airflow/.local/lib/python3.8/site-packages/airflow/example_dags/example_external_task_marker_dag.py
[2024-03-02T22:46:09.088+0000] {processor.py:840} INFO - DAG(s) 'example_external_task_marker_parent', 'example_external_task_marker_child' retrieved from /home/airflow/.local/lib/python3.8/site-packages/airflow/example_dags/example_external_task_marker_dag.py
[2024-03-02T22:46:09.345+0000] {logging_mixin.py:188} INFO - [2024-03-02T22:46:09.345+0000] {dag.py:3036} INFO - Sync 2 DAGs
[2024-03-02T22:46:09.355+0000] {logging_mixin.py:188} INFO - [2024-03-02T22:46:09.355+0000] {dag.py:3823} INFO - Setting next_dagrun for example_external_task_marker_child to None, run_after=None
[2024-03-02T22:46:09.358+0000] {logging_mixin.py:188} INFO - [2024-03-02T22:46:09.358+0000] {dag.py:3823} INFO - Setting next_dagrun for example_external_task_marker_parent to None, run_after=None
[2024-03-02T22:46:09.407+0000] {processor.py:183} INFO - Processing /home/airflow/.local/lib/python3.8/site-packages/airflow/example_dags/example_external_task_marker_dag.py took 0.336 seconds
[2024-03-02T22:46:40.385+0000] {processor.py:161} INFO - Started process (PID=128) to work on /home/airflow/.local/lib/python3.8/site-packages/airflow/example_dags/example_external_task_marker_dag.py
[2024-03-02T22:46:40.386+0000] {processor.py:830} INFO - Processing file /home/airflow/.local/lib/python3.8/site-packages/airflow/example_dags/example_external_task_marker_dag.py for tasks to queue
[2024-03-02T22:46:40.389+0000] {logging_mixin.py:188} INFO - [2024-03-02T22:46:40.388+0000] {dagbag.py:538} INFO - Filling up the DagBag from /home/airflow/.local/lib/python3.8/site-packages/airflow/example_dags/example_external_task_marker_dag.py
[2024-03-02T22:46:40.396+0000] {processor.py:840} INFO - DAG(s) 'example_external_task_marker_child', 'example_external_task_marker_parent' retrieved from /home/airflow/.local/lib/python3.8/site-packages/airflow/example_dags/example_external_task_marker_dag.py
[2024-03-02T22:46:40.441+0000] {logging_mixin.py:188} INFO - [2024-03-02T22:46:40.441+0000] {dag.py:3036} INFO - Sync 2 DAGs
[2024-03-02T22:46:40.460+0000] {logging_mixin.py:188} INFO - [2024-03-02T22:46:40.460+0000] {dag.py:3823} INFO - Setting next_dagrun for example_external_task_marker_child to None, run_after=None
[2024-03-02T22:46:40.467+0000] {logging_mixin.py:188} INFO - [2024-03-02T22:46:40.466+0000] {dag.py:3823} INFO - Setting next_dagrun for example_external_task_marker_parent to None, run_after=None
[2024-03-02T22:46:40.488+0000] {processor.py:183} INFO - Processing /home/airflow/.local/lib/python3.8/site-packages/airflow/example_dags/example_external_task_marker_dag.py took 0.110 seconds
[2024-03-02T22:47:10.586+0000] {processor.py:161} INFO - Started process (PID=184) to work on /home/airflow/.local/lib/python3.8/site-packages/airflow/example_dags/example_external_task_marker_dag.py
[2024-03-02T22:47:10.587+0000] {processor.py:830} INFO - Processing file /home/airflow/.local/lib/python3.8/site-packages/airflow/example_dags/example_external_task_marker_dag.py for tasks to queue
[2024-03-02T22:47:10.591+0000] {logging_mixin.py:188} INFO - [2024-03-02T22:47:10.590+0000] {dagbag.py:538} INFO - Filling up the DagBag from /home/airflow/.local/lib/python3.8/site-packages/airflow/example_dags/example_external_task_marker_dag.py
[2024-03-02T22:47:10.601+0000] {processor.py:840} INFO - DAG(s) 'example_external_task_marker_child', 'example_external_task_marker_parent' retrieved from /home/airflow/.local/lib/python3.8/site-packages/airflow/example_dags/example_external_task_marker_dag.py
[2024-03-02T22:47:10.637+0000] {logging_mixin.py:188} INFO - [2024-03-02T22:47:10.637+0000] {dag.py:3036} INFO - Sync 2 DAGs
[2024-03-02T22:47:10.654+0000] {logging_mixin.py:188} INFO - [2024-03-02T22:47:10.654+0000] {dag.py:3823} INFO - Setting next_dagrun for example_external_task_marker_child to None, run_after=None
[2024-03-02T22:47:10.659+0000] {logging_mixin.py:188} INFO - [2024-03-02T22:47:10.659+0000] {dag.py:3823} INFO - Setting next_dagrun for example_external_task_marker_parent to None, run_after=None
[2024-03-02T22:47:10.682+0000] {processor.py:183} INFO - Processing /home/airflow/.local/lib/python3.8/site-packages/airflow/example_dags/example_external_task_marker_dag.py took 0.100 seconds
[2024-03-02T22:47:40.853+0000] {processor.py:161} INFO - Started process (PID=240) to work on /home/airflow/.local/lib/python3.8/site-packages/airflow/example_dags/example_external_task_marker_dag.py
[2024-03-02T22:47:40.854+0000] {processor.py:830} INFO - Processing file /home/airflow/.local/lib/python3.8/site-packages/airflow/example_dags/example_external_task_marker_dag.py for tasks to queue
[2024-03-02T22:47:40.856+0000] {logging_mixin.py:188} INFO - [2024-03-02T22:47:40.855+0000] {dagbag.py:538} INFO - Filling up the DagBag from /home/airflow/.local/lib/python3.8/site-packages/airflow/example_dags/example_external_task_marker_dag.py
[2024-03-02T22:47:40.861+0000] {processor.py:840} INFO - DAG(s) 'example_external_task_marker_parent', 'example_external_task_marker_child' retrieved from /home/airflow/.local/lib/python3.8/site-packages/airflow/example_dags/example_external_task_marker_dag.py
[2024-03-02T22:47:40.883+0000] {logging_mixin.py:188} INFO - [2024-03-02T22:47:40.882+0000] {dag.py:3036} INFO - Sync 2 DAGs
[2024-03-02T22:47:40.895+0000] {logging_mixin.py:188} INFO - [2024-03-02T22:47:40.894+0000] {dag.py:3823} INFO - Setting next_dagrun for example_external_task_marker_child to None, run_after=None
[2024-03-02T22:47:40.898+0000] {logging_mixin.py:188} INFO - [2024-03-02T22:47:40.898+0000] {dag.py:3823} INFO - Setting next_dagrun for example_external_task_marker_parent to None, run_after=None
[2024-03-02T22:47:40.912+0000] {processor.py:183} INFO - Processing /home/airflow/.local/lib/python3.8/site-packages/airflow/example_dags/example_external_task_marker_dag.py took 0.063 seconds
[2024-03-02T22:48:11.239+0000] {processor.py:161} INFO - Started process (PID=296) to work on /home/airflow/.local/lib/python3.8/site-packages/airflow/example_dags/example_external_task_marker_dag.py
[2024-03-02T22:48:11.240+0000] {processor.py:830} INFO - Processing file /home/airflow/.local/lib/python3.8/site-packages/airflow/example_dags/example_external_task_marker_dag.py for tasks to queue
[2024-03-02T22:48:11.243+0000] {logging_mixin.py:188} INFO - [2024-03-02T22:48:11.242+0000] {dagbag.py:538} INFO - Filling up the DagBag from /home/airflow/.local/lib/python3.8/site-packages/airflow/example_dags/example_external_task_marker_dag.py
[2024-03-02T22:48:11.250+0000] {processor.py:840} INFO - DAG(s) 'example_external_task_marker_parent', 'example_external_task_marker_child' retrieved from /home/airflow/.local/lib/python3.8/site-packages/airflow/example_dags/example_external_task_marker_dag.py
[2024-03-02T22:48:11.278+0000] {logging_mixin.py:188} INFO - [2024-03-02T22:48:11.278+0000] {dag.py:3036} INFO - Sync 2 DAGs
[2024-03-02T22:48:11.294+0000] {logging_mixin.py:188} INFO - [2024-03-02T22:48:11.294+0000] {dag.py:3823} INFO - Setting next_dagrun for example_external_task_marker_child to None, run_after=None
[2024-03-02T22:48:11.300+0000] {logging_mixin.py:188} INFO - [2024-03-02T22:48:11.300+0000] {dag.py:3823} INFO - Setting next_dagrun for example_external_task_marker_parent to None, run_after=None
[2024-03-02T22:48:11.322+0000] {processor.py:183} INFO - Processing /home/airflow/.local/lib/python3.8/site-packages/airflow/example_dags/example_external_task_marker_dag.py took 0.087 seconds
[2024-03-02T22:48:41.683+0000] {processor.py:161} INFO - Started process (PID=352) to work on /home/airflow/.local/lib/python3.8/site-packages/airflow/example_dags/example_external_task_marker_dag.py
[2024-03-02T22:48:41.684+0000] {processor.py:830} INFO - Processing file /home/airflow/.local/lib/python3.8/site-packages/airflow/example_dags/example_external_task_marker_dag.py for tasks to queue
[2024-03-02T22:48:41.685+0000] {logging_mixin.py:188} INFO - [2024-03-02T22:48:41.685+0000] {dagbag.py:538} INFO - Filling up the DagBag from /home/airflow/.local/lib/python3.8/site-packages/airflow/example_dags/example_external_task_marker_dag.py
[2024-03-02T22:48:41.692+0000] {processor.py:840} INFO - DAG(s) 'example_external_task_marker_child', 'example_external_task_marker_parent' retrieved from /home/airflow/.local/lib/python3.8/site-packages/airflow/example_dags/example_external_task_marker_dag.py
[2024-03-02T22:48:41.713+0000] {logging_mixin.py:188} INFO - [2024-03-02T22:48:41.713+0000] {dag.py:3036} INFO - Sync 2 DAGs
[2024-03-02T22:48:41.726+0000] {logging_mixin.py:188} INFO - [2024-03-02T22:48:41.725+0000] {dag.py:3823} INFO - Setting next_dagrun for example_external_task_marker_child to None, run_after=None
[2024-03-02T22:48:41.729+0000] {logging_mixin.py:188} INFO - [2024-03-02T22:48:41.729+0000] {dag.py:3823} INFO - Setting next_dagrun for example_external_task_marker_parent to None, run_after=None
[2024-03-02T22:48:41.746+0000] {processor.py:183} INFO - Processing /home/airflow/.local/lib/python3.8/site-packages/airflow/example_dags/example_external_task_marker_dag.py took 0.066 seconds
[2024-03-02T22:49:12.228+0000] {processor.py:161} INFO - Started process (PID=408) to work on /home/airflow/.local/lib/python3.8/site-packages/airflow/example_dags/example_external_task_marker_dag.py
[2024-03-02T22:49:12.229+0000] {processor.py:830} INFO - Processing file /home/airflow/.local/lib/python3.8/site-packages/airflow/example_dags/example_external_task_marker_dag.py for tasks to queue
[2024-03-02T22:49:12.231+0000] {logging_mixin.py:188} INFO - [2024-03-02T22:49:12.231+0000] {dagbag.py:538} INFO - Filling up the DagBag from /home/airflow/.local/lib/python3.8/site-packages/airflow/example_dags/example_external_task_marker_dag.py
[2024-03-02T22:49:12.237+0000] {processor.py:840} INFO - DAG(s) 'example_external_task_marker_parent', 'example_external_task_marker_child' retrieved from /home/airflow/.local/lib/python3.8/site-packages/airflow/example_dags/example_external_task_marker_dag.py
[2024-03-02T22:49:12.260+0000] {logging_mixin.py:188} INFO - [2024-03-02T22:49:12.259+0000] {dag.py:3036} INFO - Sync 2 DAGs
[2024-03-02T22:49:12.273+0000] {logging_mixin.py:188} INFO - [2024-03-02T22:49:12.273+0000] {dag.py:3823} INFO - Setting next_dagrun for example_external_task_marker_child to None, run_after=None
[2024-03-02T22:49:12.277+0000] {logging_mixin.py:188} INFO - [2024-03-02T22:49:12.277+0000] {dag.py:3823} INFO - Setting next_dagrun for example_external_task_marker_parent to None, run_after=None
[2024-03-02T22:49:12.294+0000] {processor.py:183} INFO - Processing /home/airflow/.local/lib/python3.8/site-packages/airflow/example_dags/example_external_task_marker_dag.py took 0.069 seconds
[2024-03-02T22:49:42.843+0000] {processor.py:161} INFO - Started process (PID=464) to work on /home/airflow/.local/lib/python3.8/site-packages/airflow/example_dags/example_external_task_marker_dag.py
[2024-03-02T22:49:42.844+0000] {processor.py:830} INFO - Processing file /home/airflow/.local/lib/python3.8/site-packages/airflow/example_dags/example_external_task_marker_dag.py for tasks to queue
[2024-03-02T22:49:42.847+0000] {logging_mixin.py:188} INFO - [2024-03-02T22:49:42.846+0000] {dagbag.py:538} INFO - Filling up the DagBag from /home/airflow/.local/lib/python3.8/site-packages/airflow/example_dags/example_external_task_marker_dag.py
[2024-03-02T22:49:42.855+0000] {processor.py:840} INFO - DAG(s) 'example_external_task_marker_parent', 'example_external_task_marker_child' retrieved from /home/airflow/.local/lib/python3.8/site-packages/airflow/example_dags/example_external_task_marker_dag.py
[2024-03-02T22:49:42.879+0000] {logging_mixin.py:188} INFO - [2024-03-02T22:49:42.879+0000] {dag.py:3036} INFO - Sync 2 DAGs
[2024-03-02T22:49:42.892+0000] {logging_mixin.py:188} INFO - [2024-03-02T22:49:42.892+0000] {dag.py:3823} INFO - Setting next_dagrun for example_external_task_marker_child to None, run_after=None
[2024-03-02T22:49:42.896+0000] {logging_mixin.py:188} INFO - [2024-03-02T22:49:42.896+0000] {dag.py:3823} INFO - Setting next_dagrun for example_external_task_marker_parent to None, run_after=None
[2024-03-02T22:49:42.920+0000] {processor.py:183} INFO - Processing /home/airflow/.local/lib/python3.8/site-packages/airflow/example_dags/example_external_task_marker_dag.py took 0.080 seconds
[2024-03-02T22:50:13.133+0000] {processor.py:161} INFO - Started process (PID=520) to work on /home/airflow/.local/lib/python3.8/site-packages/airflow/example_dags/example_external_task_marker_dag.py
[2024-03-02T22:50:13.134+0000] {processor.py:830} INFO - Processing file /home/airflow/.local/lib/python3.8/site-packages/airflow/example_dags/example_external_task_marker_dag.py for tasks to queue
[2024-03-02T22:50:13.136+0000] {logging_mixin.py:188} INFO - [2024-03-02T22:50:13.135+0000] {dagbag.py:538} INFO - Filling up the DagBag from /home/airflow/.local/lib/python3.8/site-packages/airflow/example_dags/example_external_task_marker_dag.py
[2024-03-02T22:50:13.143+0000] {processor.py:840} INFO - DAG(s) 'example_external_task_marker_parent', 'example_external_task_marker_child' retrieved from /home/airflow/.local/lib/python3.8/site-packages/airflow/example_dags/example_external_task_marker_dag.py
[2024-03-02T22:50:13.167+0000] {logging_mixin.py:188} INFO - [2024-03-02T22:50:13.166+0000] {dag.py:3036} INFO - Sync 2 DAGs
[2024-03-02T22:50:13.180+0000] {logging_mixin.py:188} INFO - [2024-03-02T22:50:13.179+0000] {dag.py:3823} INFO - Setting next_dagrun for example_external_task_marker_child to None, run_after=None
[2024-03-02T22:50:13.183+0000] {logging_mixin.py:188} INFO - [2024-03-02T22:50:13.183+0000] {dag.py:3823} INFO - Setting next_dagrun for example_external_task_marker_parent to None, run_after=None
[2024-03-02T22:50:13.201+0000] {processor.py:183} INFO - Processing /home/airflow/.local/lib/python3.8/site-packages/airflow/example_dags/example_external_task_marker_dag.py took 0.071 seconds
[2024-03-02T22:50:54.553+0000] {processor.py:161} INFO - Started process (PID=576) to work on /home/airflow/.local/lib/python3.8/site-packages/airflow/example_dags/example_external_task_marker_dag.py
[2024-03-02T22:50:54.555+0000] {processor.py:830} INFO - Processing file /home/airflow/.local/lib/python3.8/site-packages/airflow/example_dags/example_external_task_marker_dag.py for tasks to queue
[2024-03-02T22:50:54.558+0000] {logging_mixin.py:188} INFO - [2024-03-02T22:50:54.557+0000] {dagbag.py:538} INFO - Filling up the DagBag from /home/airflow/.local/lib/python3.8/site-packages/airflow/example_dags/example_external_task_marker_dag.py
[2024-03-02T22:50:54.566+0000] {processor.py:840} INFO - DAG(s) 'example_external_task_marker_child', 'example_external_task_marker_parent' retrieved from /home/airflow/.local/lib/python3.8/site-packages/airflow/example_dags/example_external_task_marker_dag.py
[2024-03-02T22:50:54.684+0000] {logging_mixin.py:188} INFO - [2024-03-02T22:50:54.684+0000] {dag.py:3036} INFO - Sync 2 DAGs
[2024-03-02T22:50:54.699+0000] {logging_mixin.py:188} INFO - [2024-03-02T22:50:54.699+0000] {dag.py:3823} INFO - Setting next_dagrun for example_external_task_marker_child to None, run_after=None
[2024-03-02T22:50:54.703+0000] {logging_mixin.py:188} INFO - [2024-03-02T22:50:54.702+0000] {dag.py:3823} INFO - Setting next_dagrun for example_external_task_marker_parent to None, run_after=None
[2024-03-02T22:50:54.720+0000] {processor.py:183} INFO - Processing /home/airflow/.local/lib/python3.8/site-packages/airflow/example_dags/example_external_task_marker_dag.py took 0.171 seconds
[2024-03-02T22:51:24.979+0000] {processor.py:161} INFO - Started process (PID=632) to work on /home/airflow/.local/lib/python3.8/site-packages/airflow/example_dags/example_external_task_marker_dag.py
[2024-03-02T22:51:24.980+0000] {processor.py:830} INFO - Processing file /home/airflow/.local/lib/python3.8/site-packages/airflow/example_dags/example_external_task_marker_dag.py for tasks to queue
[2024-03-02T22:51:24.983+0000] {logging_mixin.py:188} INFO - [2024-03-02T22:51:24.982+0000] {dagbag.py:538} INFO - Filling up the DagBag from /home/airflow/.local/lib/python3.8/site-packages/airflow/example_dags/example_external_task_marker_dag.py
[2024-03-02T22:51:24.988+0000] {processor.py:840} INFO - DAG(s) 'example_external_task_marker_child', 'example_external_task_marker_parent' retrieved from /home/airflow/.local/lib/python3.8/site-packages/airflow/example_dags/example_external_task_marker_dag.py
[2024-03-02T22:51:25.049+0000] {logging_mixin.py:188} INFO - [2024-03-02T22:51:25.049+0000] {dag.py:3036} INFO - Sync 2 DAGs
[2024-03-02T22:51:25.061+0000] {logging_mixin.py:188} INFO - [2024-03-02T22:51:25.061+0000] {dag.py:3823} INFO - Setting next_dagrun for example_external_task_marker_child to None, run_after=None
[2024-03-02T22:51:25.065+0000] {logging_mixin.py:188} INFO - [2024-03-02T22:51:25.065+0000] {dag.py:3823} INFO - Setting next_dagrun for example_external_task_marker_parent to None, run_after=None
[2024-03-02T22:51:25.082+0000] {processor.py:183} INFO - Processing /home/airflow/.local/lib/python3.8/site-packages/airflow/example_dags/example_external_task_marker_dag.py took 0.106 seconds
[2024-03-02T22:52:14.746+0000] {processor.py:161} INFO - Started process (PID=703) to work on /home/airflow/.local/lib/python3.8/site-packages/airflow/example_dags/example_external_task_marker_dag.py
[2024-03-02T22:52:14.747+0000] {processor.py:830} INFO - Processing file /home/airflow/.local/lib/python3.8/site-packages/airflow/example_dags/example_external_task_marker_dag.py for tasks to queue
[2024-03-02T22:52:14.749+0000] {logging_mixin.py:188} INFO - [2024-03-02T22:52:14.749+0000] {dagbag.py:538} INFO - Filling up the DagBag from /home/airflow/.local/lib/python3.8/site-packages/airflow/example_dags/example_external_task_marker_dag.py
[2024-03-02T22:52:14.758+0000] {processor.py:840} INFO - DAG(s) 'example_external_task_marker_parent', 'example_external_task_marker_child' retrieved from /home/airflow/.local/lib/python3.8/site-packages/airflow/example_dags/example_external_task_marker_dag.py
[2024-03-02T22:52:14.798+0000] {logging_mixin.py:188} INFO - [2024-03-02T22:52:14.798+0000] {dag.py:3036} INFO - Sync 2 DAGs
[2024-03-02T22:52:14.821+0000] {logging_mixin.py:188} INFO - [2024-03-02T22:52:14.821+0000] {dag.py:3823} INFO - Setting next_dagrun for example_external_task_marker_child to None, run_after=None
[2024-03-02T22:52:14.831+0000] {logging_mixin.py:188} INFO - [2024-03-02T22:52:14.831+0000] {dag.py:3823} INFO - Setting next_dagrun for example_external_task_marker_parent to None, run_after=None
[2024-03-02T22:52:14.927+0000] {processor.py:183} INFO - Processing /home/airflow/.local/lib/python3.8/site-packages/airflow/example_dags/example_external_task_marker_dag.py took 0.186 seconds
[2024-03-02T22:52:45.241+0000] {processor.py:161} INFO - Started process (PID=759) to work on /home/airflow/.local/lib/python3.8/site-packages/airflow/example_dags/example_external_task_marker_dag.py
[2024-03-02T22:52:45.243+0000] {processor.py:830} INFO - Processing file /home/airflow/.local/lib/python3.8/site-packages/airflow/example_dags/example_external_task_marker_dag.py for tasks to queue
[2024-03-02T22:52:45.245+0000] {logging_mixin.py:188} INFO - [2024-03-02T22:52:45.244+0000] {dagbag.py:538} INFO - Filling up the DagBag from /home/airflow/.local/lib/python3.8/site-packages/airflow/example_dags/example_external_task_marker_dag.py
[2024-03-02T22:52:45.253+0000] {processor.py:840} INFO - DAG(s) 'example_external_task_marker_parent', 'example_external_task_marker_child' retrieved from /home/airflow/.local/lib/python3.8/site-packages/airflow/example_dags/example_external_task_marker_dag.py
[2024-03-02T22:52:45.283+0000] {logging_mixin.py:188} INFO - [2024-03-02T22:52:45.282+0000] {dag.py:3036} INFO - Sync 2 DAGs
[2024-03-02T22:52:45.298+0000] {logging_mixin.py:188} INFO - [2024-03-02T22:52:45.298+0000] {dag.py:3823} INFO - Setting next_dagrun for example_external_task_marker_child to None, run_after=None
[2024-03-02T22:52:45.304+0000] {logging_mixin.py:188} INFO - [2024-03-02T22:52:45.303+0000] {dag.py:3823} INFO - Setting next_dagrun for example_external_task_marker_parent to None, run_after=None
[2024-03-02T22:52:45.327+0000] {processor.py:183} INFO - Processing /home/airflow/.local/lib/python3.8/site-packages/airflow/example_dags/example_external_task_marker_dag.py took 0.089 seconds
[2024-03-02T22:53:16.402+0000] {processor.py:161} INFO - Started process (PID=815) to work on /home/airflow/.local/lib/python3.8/site-packages/airflow/example_dags/example_external_task_marker_dag.py
[2024-03-02T22:53:16.427+0000] {processor.py:830} INFO - Processing file /home/airflow/.local/lib/python3.8/site-packages/airflow/example_dags/example_external_task_marker_dag.py for tasks to queue
[2024-03-02T22:53:16.429+0000] {logging_mixin.py:188} INFO - [2024-03-02T22:53:16.429+0000] {dagbag.py:538} INFO - Filling up the DagBag from /home/airflow/.local/lib/python3.8/site-packages/airflow/example_dags/example_external_task_marker_dag.py
[2024-03-02T22:53:16.436+0000] {processor.py:840} INFO - DAG(s) 'example_external_task_marker_child', 'example_external_task_marker_parent' retrieved from /home/airflow/.local/lib/python3.8/site-packages/airflow/example_dags/example_external_task_marker_dag.py
[2024-03-02T22:53:16.466+0000] {logging_mixin.py:188} INFO - [2024-03-02T22:53:16.466+0000] {dag.py:3036} INFO - Sync 2 DAGs
[2024-03-02T22:53:16.478+0000] {logging_mixin.py:188} INFO - [2024-03-02T22:53:16.478+0000] {dag.py:3823} INFO - Setting next_dagrun for example_external_task_marker_child to None, run_after=None
[2024-03-02T22:53:16.482+0000] {logging_mixin.py:188} INFO - [2024-03-02T22:53:16.481+0000] {dag.py:3823} INFO - Setting next_dagrun for example_external_task_marker_parent to None, run_after=None
[2024-03-02T22:53:16.497+0000] {processor.py:183} INFO - Processing /home/airflow/.local/lib/python3.8/site-packages/airflow/example_dags/example_external_task_marker_dag.py took 0.098 seconds
[2024-03-02T22:56:26.838+0000] {processor.py:161} INFO - Started process (PID=882) to work on /home/airflow/.local/lib/python3.8/site-packages/airflow/example_dags/example_external_task_marker_dag.py
[2024-03-02T22:56:26.865+0000] {processor.py:830} INFO - Processing file /home/airflow/.local/lib/python3.8/site-packages/airflow/example_dags/example_external_task_marker_dag.py for tasks to queue
[2024-03-02T22:56:27.834+0000] {logging_mixin.py:188} INFO - [2024-03-02T22:56:27.728+0000] {dagbag.py:538} INFO - Filling up the DagBag from /home/airflow/.local/lib/python3.8/site-packages/airflow/example_dags/example_external_task_marker_dag.py
[2024-03-02T22:56:28.233+0000] {processor.py:840} INFO - DAG(s) 'example_external_task_marker_child', 'example_external_task_marker_parent' retrieved from /home/airflow/.local/lib/python3.8/site-packages/airflow/example_dags/example_external_task_marker_dag.py
[2024-03-02T22:56:39.651+0000] {logging_mixin.py:188} INFO - [2024-03-02T22:56:39.651+0000] {dag.py:3036} INFO - Sync 2 DAGs
[2024-03-02T22:56:39.973+0000] {logging_mixin.py:188} INFO - [2024-03-02T22:56:39.972+0000] {dag.py:3823} INFO - Setting next_dagrun for example_external_task_marker_child to None, run_after=None
[2024-03-02T22:56:40.501+0000] {logging_mixin.py:188} INFO - [2024-03-02T22:56:40.500+0000] {dag.py:3823} INFO - Setting next_dagrun for example_external_task_marker_parent to None, run_after=None
[2024-03-02T22:56:41.585+0000] {processor.py:183} INFO - Processing /home/airflow/.local/lib/python3.8/site-packages/airflow/example_dags/example_external_task_marker_dag.py took 14.775 seconds
[2024-03-02T22:57:56.817+0000] {processor.py:161} INFO - Started process (PID=944) to work on /home/airflow/.local/lib/python3.8/site-packages/airflow/example_dags/example_external_task_marker_dag.py
[2024-03-02T22:57:56.820+0000] {processor.py:830} INFO - Processing file /home/airflow/.local/lib/python3.8/site-packages/airflow/example_dags/example_external_task_marker_dag.py for tasks to queue
[2024-03-02T22:57:56.822+0000] {logging_mixin.py:188} INFO - [2024-03-02T22:57:56.821+0000] {dagbag.py:538} INFO - Filling up the DagBag from /home/airflow/.local/lib/python3.8/site-packages/airflow/example_dags/example_external_task_marker_dag.py
[2024-03-02T22:57:56.835+0000] {processor.py:840} INFO - DAG(s) 'example_external_task_marker_parent', 'example_external_task_marker_child' retrieved from /home/airflow/.local/lib/python3.8/site-packages/airflow/example_dags/example_external_task_marker_dag.py
[2024-03-02T22:57:56.876+0000] {logging_mixin.py:188} INFO - [2024-03-02T22:57:56.875+0000] {dag.py:3036} INFO - Sync 2 DAGs
[2024-03-02T22:57:56.893+0000] {logging_mixin.py:188} INFO - [2024-03-02T22:57:56.893+0000] {dag.py:3823} INFO - Setting next_dagrun for example_external_task_marker_child to None, run_after=None
[2024-03-02T22:57:56.897+0000] {logging_mixin.py:188} INFO - [2024-03-02T22:57:56.897+0000] {dag.py:3823} INFO - Setting next_dagrun for example_external_task_marker_parent to None, run_after=None
[2024-03-02T22:57:57.085+0000] {processor.py:183} INFO - Processing /home/airflow/.local/lib/python3.8/site-packages/airflow/example_dags/example_external_task_marker_dag.py took 0.275 seconds
