[2024-03-02T22:46:19.578+0000] {processor.py:161} INFO - Started process (PID=100) to work on /home/airflow/.local/lib/python3.8/site-packages/airflow/example_dags/example_datasets.py
[2024-03-02T22:46:19.581+0000] {processor.py:830} INFO - Processing file /home/airflow/.local/lib/python3.8/site-packages/airflow/example_dags/example_datasets.py for tasks to queue
[2024-03-02T22:46:19.589+0000] {logging_mixin.py:188} INFO - [2024-03-02T22:46:19.589+0000] {dagbag.py:538} INFO - Filling up the DagBag from /home/airflow/.local/lib/python3.8/site-packages/airflow/example_dags/example_datasets.py
[2024-03-02T22:46:19.631+0000] {processor.py:840} INFO - DAG(s) 'dataset_consumes_1_and_2', 'dataset_produces_1', 'dataset_produces_2', 'dataset_consumes_unknown_never_scheduled', 'dataset_consumes_1_never_scheduled', 'dataset_consumes_1' retrieved from /home/airflow/.local/lib/python3.8/site-packages/airflow/example_dags/example_datasets.py
[2024-03-02T22:46:20.456+0000] {logging_mixin.py:188} INFO - [2024-03-02T22:46:20.454+0000] {dag.py:3036} INFO - Sync 6 DAGs
[2024-03-02T22:46:20.602+0000] {logging_mixin.py:188} INFO - [2024-03-02T22:46:20.601+0000] {dag.py:3823} INFO - Setting next_dagrun for dataset_consumes_1 to None, run_after=None
[2024-03-02T22:46:20.650+0000] {logging_mixin.py:188} INFO - [2024-03-02T22:46:20.650+0000] {dag.py:3823} INFO - Setting next_dagrun for dataset_consumes_1_and_2 to None, run_after=None
[2024-03-02T22:46:20.665+0000] {logging_mixin.py:188} INFO - [2024-03-02T22:46:20.665+0000] {dag.py:3823} INFO - Setting next_dagrun for dataset_consumes_1_never_scheduled to None, run_after=None
[2024-03-02T22:46:20.705+0000] {logging_mixin.py:188} INFO - [2024-03-02T22:46:20.705+0000] {dag.py:3823} INFO - Setting next_dagrun for dataset_consumes_unknown_never_scheduled to None, run_after=None
[2024-03-02T22:46:20.740+0000] {logging_mixin.py:188} INFO - [2024-03-02T22:46:20.740+0000] {dag.py:3823} INFO - Setting next_dagrun for dataset_produces_1 to 2024-03-01 00:00:00+00:00, run_after=2024-03-02 00:00:00+00:00
[2024-03-02T22:46:20.745+0000] {logging_mixin.py:188} INFO - [2024-03-02T22:46:20.745+0000] {dag.py:3823} INFO - Setting next_dagrun for dataset_produces_2 to None, run_after=None
[2024-03-02T22:46:20.830+0000] {processor.py:183} INFO - Processing /home/airflow/.local/lib/python3.8/site-packages/airflow/example_dags/example_datasets.py took 1.256 seconds
[2024-03-02T22:46:51.467+0000] {processor.py:161} INFO - Started process (PID=157) to work on /home/airflow/.local/lib/python3.8/site-packages/airflow/example_dags/example_datasets.py
[2024-03-02T22:46:51.468+0000] {processor.py:830} INFO - Processing file /home/airflow/.local/lib/python3.8/site-packages/airflow/example_dags/example_datasets.py for tasks to queue
[2024-03-02T22:46:51.470+0000] {logging_mixin.py:188} INFO - [2024-03-02T22:46:51.470+0000] {dagbag.py:538} INFO - Filling up the DagBag from /home/airflow/.local/lib/python3.8/site-packages/airflow/example_dags/example_datasets.py
[2024-03-02T22:46:51.484+0000] {processor.py:840} INFO - DAG(s) 'dataset_consumes_1_never_scheduled', 'dataset_consumes_1_and_2', 'dataset_consumes_unknown_never_scheduled', 'dataset_produces_1', 'dataset_produces_2', 'dataset_consumes_1' retrieved from /home/airflow/.local/lib/python3.8/site-packages/airflow/example_dags/example_datasets.py
[2024-03-02T22:46:51.541+0000] {logging_mixin.py:188} INFO - [2024-03-02T22:46:51.541+0000] {dag.py:3036} INFO - Sync 6 DAGs
[2024-03-02T22:46:51.575+0000] {logging_mixin.py:188} INFO - [2024-03-02T22:46:51.574+0000] {dag.py:3823} INFO - Setting next_dagrun for dataset_consumes_1 to None, run_after=None
[2024-03-02T22:46:51.580+0000] {logging_mixin.py:188} INFO - [2024-03-02T22:46:51.579+0000] {dag.py:3823} INFO - Setting next_dagrun for dataset_consumes_1_and_2 to None, run_after=None
[2024-03-02T22:46:51.582+0000] {logging_mixin.py:188} INFO - [2024-03-02T22:46:51.581+0000] {dag.py:3823} INFO - Setting next_dagrun for dataset_consumes_1_never_scheduled to None, run_after=None
[2024-03-02T22:46:51.583+0000] {logging_mixin.py:188} INFO - [2024-03-02T22:46:51.583+0000] {dag.py:3823} INFO - Setting next_dagrun for dataset_consumes_unknown_never_scheduled to None, run_after=None
[2024-03-02T22:46:51.587+0000] {logging_mixin.py:188} INFO - [2024-03-02T22:46:51.587+0000] {dag.py:3823} INFO - Setting next_dagrun for dataset_produces_1 to 2024-03-01 00:00:00+00:00, run_after=2024-03-02 00:00:00+00:00
[2024-03-02T22:46:51.589+0000] {logging_mixin.py:188} INFO - [2024-03-02T22:46:51.589+0000] {dag.py:3823} INFO - Setting next_dagrun for dataset_produces_2 to None, run_after=None
[2024-03-02T22:46:51.619+0000] {processor.py:183} INFO - Processing /home/airflow/.local/lib/python3.8/site-packages/airflow/example_dags/example_datasets.py took 0.156 seconds
[2024-03-02T22:47:22.245+0000] {processor.py:161} INFO - Started process (PID=213) to work on /home/airflow/.local/lib/python3.8/site-packages/airflow/example_dags/example_datasets.py
[2024-03-02T22:47:22.246+0000] {processor.py:830} INFO - Processing file /home/airflow/.local/lib/python3.8/site-packages/airflow/example_dags/example_datasets.py for tasks to queue
[2024-03-02T22:47:22.249+0000] {logging_mixin.py:188} INFO - [2024-03-02T22:47:22.248+0000] {dagbag.py:538} INFO - Filling up the DagBag from /home/airflow/.local/lib/python3.8/site-packages/airflow/example_dags/example_datasets.py
[2024-03-02T22:47:22.262+0000] {processor.py:840} INFO - DAG(s) 'dataset_consumes_1_and_2', 'dataset_produces_1', 'dataset_consumes_1', 'dataset_produces_2', 'dataset_consumes_1_never_scheduled', 'dataset_consumes_unknown_never_scheduled' retrieved from /home/airflow/.local/lib/python3.8/site-packages/airflow/example_dags/example_datasets.py
[2024-03-02T22:47:22.342+0000] {logging_mixin.py:188} INFO - [2024-03-02T22:47:22.342+0000] {dag.py:3036} INFO - Sync 6 DAGs
[2024-03-02T22:47:22.402+0000] {logging_mixin.py:188} INFO - [2024-03-02T22:47:22.401+0000] {dag.py:3823} INFO - Setting next_dagrun for dataset_consumes_1 to None, run_after=None
[2024-03-02T22:47:22.412+0000] {logging_mixin.py:188} INFO - [2024-03-02T22:47:22.411+0000] {dag.py:3823} INFO - Setting next_dagrun for dataset_consumes_1_and_2 to None, run_after=None
[2024-03-02T22:47:22.414+0000] {logging_mixin.py:188} INFO - [2024-03-02T22:47:22.414+0000] {dag.py:3823} INFO - Setting next_dagrun for dataset_consumes_1_never_scheduled to None, run_after=None
[2024-03-02T22:47:22.418+0000] {logging_mixin.py:188} INFO - [2024-03-02T22:47:22.418+0000] {dag.py:3823} INFO - Setting next_dagrun for dataset_consumes_unknown_never_scheduled to None, run_after=None
[2024-03-02T22:47:22.422+0000] {logging_mixin.py:188} INFO - [2024-03-02T22:47:22.422+0000] {dag.py:3823} INFO - Setting next_dagrun for dataset_produces_1 to 2024-03-01 00:00:00+00:00, run_after=2024-03-02 00:00:00+00:00
[2024-03-02T22:47:22.425+0000] {logging_mixin.py:188} INFO - [2024-03-02T22:47:22.425+0000] {dag.py:3823} INFO - Setting next_dagrun for dataset_produces_2 to None, run_after=None
[2024-03-02T22:47:22.464+0000] {processor.py:183} INFO - Processing /home/airflow/.local/lib/python3.8/site-packages/airflow/example_dags/example_datasets.py took 0.223 seconds
[2024-03-02T22:47:52.857+0000] {processor.py:161} INFO - Started process (PID=269) to work on /home/airflow/.local/lib/python3.8/site-packages/airflow/example_dags/example_datasets.py
[2024-03-02T22:47:52.859+0000] {processor.py:830} INFO - Processing file /home/airflow/.local/lib/python3.8/site-packages/airflow/example_dags/example_datasets.py for tasks to queue
[2024-03-02T22:47:52.862+0000] {logging_mixin.py:188} INFO - [2024-03-02T22:47:52.861+0000] {dagbag.py:538} INFO - Filling up the DagBag from /home/airflow/.local/lib/python3.8/site-packages/airflow/example_dags/example_datasets.py
[2024-03-02T22:47:52.874+0000] {processor.py:840} INFO - DAG(s) 'dataset_consumes_unknown_never_scheduled', 'dataset_consumes_1', 'dataset_consumes_1_never_scheduled', 'dataset_produces_1', 'dataset_consumes_1_and_2', 'dataset_produces_2' retrieved from /home/airflow/.local/lib/python3.8/site-packages/airflow/example_dags/example_datasets.py
[2024-03-02T22:47:52.927+0000] {logging_mixin.py:188} INFO - [2024-03-02T22:47:52.926+0000] {dag.py:3036} INFO - Sync 6 DAGs
[2024-03-02T22:47:52.953+0000] {logging_mixin.py:188} INFO - [2024-03-02T22:47:52.952+0000] {dag.py:3823} INFO - Setting next_dagrun for dataset_consumes_1 to None, run_after=None
[2024-03-02T22:47:52.958+0000] {logging_mixin.py:188} INFO - [2024-03-02T22:47:52.958+0000] {dag.py:3823} INFO - Setting next_dagrun for dataset_consumes_1_and_2 to None, run_after=None
[2024-03-02T22:47:52.960+0000] {logging_mixin.py:188} INFO - [2024-03-02T22:47:52.960+0000] {dag.py:3823} INFO - Setting next_dagrun for dataset_consumes_1_never_scheduled to None, run_after=None
[2024-03-02T22:47:52.961+0000] {logging_mixin.py:188} INFO - [2024-03-02T22:47:52.961+0000] {dag.py:3823} INFO - Setting next_dagrun for dataset_consumes_unknown_never_scheduled to None, run_after=None
[2024-03-02T22:47:52.964+0000] {logging_mixin.py:188} INFO - [2024-03-02T22:47:52.964+0000] {dag.py:3823} INFO - Setting next_dagrun for dataset_produces_1 to 2024-03-01 00:00:00+00:00, run_after=2024-03-02 00:00:00+00:00
[2024-03-02T22:47:52.966+0000] {logging_mixin.py:188} INFO - [2024-03-02T22:47:52.965+0000] {dag.py:3823} INFO - Setting next_dagrun for dataset_produces_2 to None, run_after=None
[2024-03-02T22:47:52.999+0000] {processor.py:183} INFO - Processing /home/airflow/.local/lib/python3.8/site-packages/airflow/example_dags/example_datasets.py took 0.147 seconds
[2024-03-02T22:48:23.451+0000] {processor.py:161} INFO - Started process (PID=325) to work on /home/airflow/.local/lib/python3.8/site-packages/airflow/example_dags/example_datasets.py
[2024-03-02T22:48:23.452+0000] {processor.py:830} INFO - Processing file /home/airflow/.local/lib/python3.8/site-packages/airflow/example_dags/example_datasets.py for tasks to queue
[2024-03-02T22:48:23.454+0000] {logging_mixin.py:188} INFO - [2024-03-02T22:48:23.454+0000] {dagbag.py:538} INFO - Filling up the DagBag from /home/airflow/.local/lib/python3.8/site-packages/airflow/example_dags/example_datasets.py
[2024-03-02T22:48:23.463+0000] {processor.py:840} INFO - DAG(s) 'dataset_produces_1', 'dataset_consumes_1', 'dataset_consumes_1_never_scheduled', 'dataset_consumes_unknown_never_scheduled', 'dataset_consumes_1_and_2', 'dataset_produces_2' retrieved from /home/airflow/.local/lib/python3.8/site-packages/airflow/example_dags/example_datasets.py
[2024-03-02T22:48:23.503+0000] {logging_mixin.py:188} INFO - [2024-03-02T22:48:23.503+0000] {dag.py:3036} INFO - Sync 6 DAGs
[2024-03-02T22:48:23.528+0000] {logging_mixin.py:188} INFO - [2024-03-02T22:48:23.527+0000] {dag.py:3823} INFO - Setting next_dagrun for dataset_consumes_1 to None, run_after=None
[2024-03-02T22:48:23.532+0000] {logging_mixin.py:188} INFO - [2024-03-02T22:48:23.532+0000] {dag.py:3823} INFO - Setting next_dagrun for dataset_consumes_1_and_2 to None, run_after=None
[2024-03-02T22:48:23.535+0000] {logging_mixin.py:188} INFO - [2024-03-02T22:48:23.535+0000] {dag.py:3823} INFO - Setting next_dagrun for dataset_consumes_1_never_scheduled to None, run_after=None
[2024-03-02T22:48:23.537+0000] {logging_mixin.py:188} INFO - [2024-03-02T22:48:23.537+0000] {dag.py:3823} INFO - Setting next_dagrun for dataset_consumes_unknown_never_scheduled to None, run_after=None
[2024-03-02T22:48:23.541+0000] {logging_mixin.py:188} INFO - [2024-03-02T22:48:23.541+0000] {dag.py:3823} INFO - Setting next_dagrun for dataset_produces_1 to 2024-03-01 00:00:00+00:00, run_after=2024-03-02 00:00:00+00:00
[2024-03-02T22:48:23.543+0000] {logging_mixin.py:188} INFO - [2024-03-02T22:48:23.543+0000] {dag.py:3823} INFO - Setting next_dagrun for dataset_produces_2 to None, run_after=None
[2024-03-02T22:48:23.583+0000] {processor.py:183} INFO - Processing /home/airflow/.local/lib/python3.8/site-packages/airflow/example_dags/example_datasets.py took 0.135 seconds
[2024-03-02T22:48:53.664+0000] {processor.py:161} INFO - Started process (PID=381) to work on /home/airflow/.local/lib/python3.8/site-packages/airflow/example_dags/example_datasets.py
[2024-03-02T22:48:53.665+0000] {processor.py:830} INFO - Processing file /home/airflow/.local/lib/python3.8/site-packages/airflow/example_dags/example_datasets.py for tasks to queue
[2024-03-02T22:48:53.667+0000] {logging_mixin.py:188} INFO - [2024-03-02T22:48:53.667+0000] {dagbag.py:538} INFO - Filling up the DagBag from /home/airflow/.local/lib/python3.8/site-packages/airflow/example_dags/example_datasets.py
[2024-03-02T22:48:53.678+0000] {processor.py:840} INFO - DAG(s) 'dataset_consumes_1_and_2', 'dataset_produces_2', 'dataset_produces_1', 'dataset_consumes_1_never_scheduled', 'dataset_consumes_1', 'dataset_consumes_unknown_never_scheduled' retrieved from /home/airflow/.local/lib/python3.8/site-packages/airflow/example_dags/example_datasets.py
[2024-03-02T22:48:53.718+0000] {logging_mixin.py:188} INFO - [2024-03-02T22:48:53.718+0000] {dag.py:3036} INFO - Sync 6 DAGs
[2024-03-02T22:48:53.743+0000] {logging_mixin.py:188} INFO - [2024-03-02T22:48:53.742+0000] {dag.py:3823} INFO - Setting next_dagrun for dataset_consumes_1 to None, run_after=None
[2024-03-02T22:48:53.747+0000] {logging_mixin.py:188} INFO - [2024-03-02T22:48:53.747+0000] {dag.py:3823} INFO - Setting next_dagrun for dataset_consumes_1_and_2 to None, run_after=None
[2024-03-02T22:48:53.750+0000] {logging_mixin.py:188} INFO - [2024-03-02T22:48:53.749+0000] {dag.py:3823} INFO - Setting next_dagrun for dataset_consumes_1_never_scheduled to None, run_after=None
[2024-03-02T22:48:53.751+0000] {logging_mixin.py:188} INFO - [2024-03-02T22:48:53.751+0000] {dag.py:3823} INFO - Setting next_dagrun for dataset_consumes_unknown_never_scheduled to None, run_after=None
[2024-03-02T22:48:53.754+0000] {logging_mixin.py:188} INFO - [2024-03-02T22:48:53.754+0000] {dag.py:3823} INFO - Setting next_dagrun for dataset_produces_1 to 2024-03-01 00:00:00+00:00, run_after=2024-03-02 00:00:00+00:00
[2024-03-02T22:48:53.755+0000] {logging_mixin.py:188} INFO - [2024-03-02T22:48:53.755+0000] {dag.py:3823} INFO - Setting next_dagrun for dataset_produces_2 to None, run_after=None
[2024-03-02T22:48:53.781+0000] {processor.py:183} INFO - Processing /home/airflow/.local/lib/python3.8/site-packages/airflow/example_dags/example_datasets.py took 0.122 seconds
[2024-03-02T22:49:24.080+0000] {processor.py:161} INFO - Started process (PID=437) to work on /home/airflow/.local/lib/python3.8/site-packages/airflow/example_dags/example_datasets.py
[2024-03-02T22:49:24.082+0000] {processor.py:830} INFO - Processing file /home/airflow/.local/lib/python3.8/site-packages/airflow/example_dags/example_datasets.py for tasks to queue
[2024-03-02T22:49:24.084+0000] {logging_mixin.py:188} INFO - [2024-03-02T22:49:24.084+0000] {dagbag.py:538} INFO - Filling up the DagBag from /home/airflow/.local/lib/python3.8/site-packages/airflow/example_dags/example_datasets.py
[2024-03-02T22:49:24.097+0000] {processor.py:840} INFO - DAG(s) 'dataset_produces_1', 'dataset_consumes_unknown_never_scheduled', 'dataset_consumes_1_and_2', 'dataset_consumes_1', 'dataset_consumes_1_never_scheduled', 'dataset_produces_2' retrieved from /home/airflow/.local/lib/python3.8/site-packages/airflow/example_dags/example_datasets.py
[2024-03-02T22:49:24.143+0000] {logging_mixin.py:188} INFO - [2024-03-02T22:49:24.142+0000] {dag.py:3036} INFO - Sync 6 DAGs
[2024-03-02T22:49:24.172+0000] {logging_mixin.py:188} INFO - [2024-03-02T22:49:24.171+0000] {dag.py:3823} INFO - Setting next_dagrun for dataset_consumes_1 to None, run_after=None
[2024-03-02T22:49:24.179+0000] {logging_mixin.py:188} INFO - [2024-03-02T22:49:24.178+0000] {dag.py:3823} INFO - Setting next_dagrun for dataset_consumes_1_and_2 to None, run_after=None
[2024-03-02T22:49:24.181+0000] {logging_mixin.py:188} INFO - [2024-03-02T22:49:24.181+0000] {dag.py:3823} INFO - Setting next_dagrun for dataset_consumes_1_never_scheduled to None, run_after=None
[2024-03-02T22:49:24.183+0000] {logging_mixin.py:188} INFO - [2024-03-02T22:49:24.183+0000] {dag.py:3823} INFO - Setting next_dagrun for dataset_consumes_unknown_never_scheduled to None, run_after=None
[2024-03-02T22:49:24.186+0000] {logging_mixin.py:188} INFO - [2024-03-02T22:49:24.186+0000] {dag.py:3823} INFO - Setting next_dagrun for dataset_produces_1 to 2024-03-01 00:00:00+00:00, run_after=2024-03-02 00:00:00+00:00
[2024-03-02T22:49:24.208+0000] {logging_mixin.py:188} INFO - [2024-03-02T22:49:24.208+0000] {dag.py:3823} INFO - Setting next_dagrun for dataset_produces_2 to None, run_after=None
[2024-03-02T22:49:24.250+0000] {processor.py:183} INFO - Processing /home/airflow/.local/lib/python3.8/site-packages/airflow/example_dags/example_datasets.py took 0.175 seconds
[2024-03-02T22:49:54.820+0000] {processor.py:161} INFO - Started process (PID=493) to work on /home/airflow/.local/lib/python3.8/site-packages/airflow/example_dags/example_datasets.py
[2024-03-02T22:49:54.821+0000] {processor.py:830} INFO - Processing file /home/airflow/.local/lib/python3.8/site-packages/airflow/example_dags/example_datasets.py for tasks to queue
[2024-03-02T22:49:54.823+0000] {logging_mixin.py:188} INFO - [2024-03-02T22:49:54.823+0000] {dagbag.py:538} INFO - Filling up the DagBag from /home/airflow/.local/lib/python3.8/site-packages/airflow/example_dags/example_datasets.py
[2024-03-02T22:49:54.832+0000] {processor.py:840} INFO - DAG(s) 'dataset_consumes_1_never_scheduled', 'dataset_consumes_1', 'dataset_consumes_1_and_2', 'dataset_consumes_unknown_never_scheduled', 'dataset_produces_1', 'dataset_produces_2' retrieved from /home/airflow/.local/lib/python3.8/site-packages/airflow/example_dags/example_datasets.py
[2024-03-02T22:49:54.872+0000] {logging_mixin.py:188} INFO - [2024-03-02T22:49:54.872+0000] {dag.py:3036} INFO - Sync 6 DAGs
[2024-03-02T22:49:54.895+0000] {logging_mixin.py:188} INFO - [2024-03-02T22:49:54.895+0000] {dag.py:3823} INFO - Setting next_dagrun for dataset_consumes_1 to None, run_after=None
[2024-03-02T22:49:54.899+0000] {logging_mixin.py:188} INFO - [2024-03-02T22:49:54.899+0000] {dag.py:3823} INFO - Setting next_dagrun for dataset_consumes_1_and_2 to None, run_after=None
[2024-03-02T22:49:54.901+0000] {logging_mixin.py:188} INFO - [2024-03-02T22:49:54.901+0000] {dag.py:3823} INFO - Setting next_dagrun for dataset_consumes_1_never_scheduled to None, run_after=None
[2024-03-02T22:49:54.903+0000] {logging_mixin.py:188} INFO - [2024-03-02T22:49:54.903+0000] {dag.py:3823} INFO - Setting next_dagrun for dataset_consumes_unknown_never_scheduled to None, run_after=None
[2024-03-02T22:49:54.906+0000] {logging_mixin.py:188} INFO - [2024-03-02T22:49:54.906+0000] {dag.py:3823} INFO - Setting next_dagrun for dataset_produces_1 to 2024-03-01 00:00:00+00:00, run_after=2024-03-02 00:00:00+00:00
[2024-03-02T22:49:54.907+0000] {logging_mixin.py:188} INFO - [2024-03-02T22:49:54.907+0000] {dag.py:3823} INFO - Setting next_dagrun for dataset_produces_2 to None, run_after=None
[2024-03-02T22:49:54.937+0000] {processor.py:183} INFO - Processing /home/airflow/.local/lib/python3.8/site-packages/airflow/example_dags/example_datasets.py took 0.120 seconds
[2024-03-02T22:50:25.007+0000] {processor.py:161} INFO - Started process (PID=549) to work on /home/airflow/.local/lib/python3.8/site-packages/airflow/example_dags/example_datasets.py
[2024-03-02T22:50:25.008+0000] {processor.py:830} INFO - Processing file /home/airflow/.local/lib/python3.8/site-packages/airflow/example_dags/example_datasets.py for tasks to queue
[2024-03-02T22:50:25.011+0000] {logging_mixin.py:188} INFO - [2024-03-02T22:50:25.010+0000] {dagbag.py:538} INFO - Filling up the DagBag from /home/airflow/.local/lib/python3.8/site-packages/airflow/example_dags/example_datasets.py
[2024-03-02T22:50:25.021+0000] {processor.py:840} INFO - DAG(s) 'dataset_produces_1', 'dataset_consumes_1_never_scheduled', 'dataset_consumes_unknown_never_scheduled', 'dataset_consumes_1_and_2', 'dataset_produces_2', 'dataset_consumes_1' retrieved from /home/airflow/.local/lib/python3.8/site-packages/airflow/example_dags/example_datasets.py
[2024-03-02T22:50:25.065+0000] {logging_mixin.py:188} INFO - [2024-03-02T22:50:25.065+0000] {dag.py:3036} INFO - Sync 6 DAGs
[2024-03-02T22:50:25.092+0000] {logging_mixin.py:188} INFO - [2024-03-02T22:50:25.092+0000] {dag.py:3823} INFO - Setting next_dagrun for dataset_consumes_1 to None, run_after=None
[2024-03-02T22:50:25.097+0000] {logging_mixin.py:188} INFO - [2024-03-02T22:50:25.097+0000] {dag.py:3823} INFO - Setting next_dagrun for dataset_consumes_1_and_2 to None, run_after=None
[2024-03-02T22:50:25.099+0000] {logging_mixin.py:188} INFO - [2024-03-02T22:50:25.099+0000] {dag.py:3823} INFO - Setting next_dagrun for dataset_consumes_1_never_scheduled to None, run_after=None
[2024-03-02T22:50:25.101+0000] {logging_mixin.py:188} INFO - [2024-03-02T22:50:25.100+0000] {dag.py:3823} INFO - Setting next_dagrun for dataset_consumes_unknown_never_scheduled to None, run_after=None
[2024-03-02T22:50:25.104+0000] {logging_mixin.py:188} INFO - [2024-03-02T22:50:25.104+0000] {dag.py:3823} INFO - Setting next_dagrun for dataset_produces_1 to 2024-03-01 00:00:00+00:00, run_after=2024-03-02 00:00:00+00:00
[2024-03-02T22:50:25.105+0000] {logging_mixin.py:188} INFO - [2024-03-02T22:50:25.105+0000] {dag.py:3823} INFO - Setting next_dagrun for dataset_produces_2 to None, run_after=None
[2024-03-02T22:50:25.134+0000] {processor.py:183} INFO - Processing /home/airflow/.local/lib/python3.8/site-packages/airflow/example_dags/example_datasets.py took 0.131 seconds
[2024-03-02T22:50:58.748+0000] {processor.py:161} INFO - Started process (PID=610) to work on /home/airflow/.local/lib/python3.8/site-packages/airflow/example_dags/example_datasets.py
[2024-03-02T22:50:58.749+0000] {processor.py:830} INFO - Processing file /home/airflow/.local/lib/python3.8/site-packages/airflow/example_dags/example_datasets.py for tasks to queue
[2024-03-02T22:50:58.751+0000] {logging_mixin.py:188} INFO - [2024-03-02T22:50:58.751+0000] {dagbag.py:538} INFO - Filling up the DagBag from /home/airflow/.local/lib/python3.8/site-packages/airflow/example_dags/example_datasets.py
[2024-03-02T22:50:58.761+0000] {processor.py:840} INFO - DAG(s) 'dataset_produces_2', 'dataset_produces_1', 'dataset_consumes_unknown_never_scheduled', 'dataset_consumes_1_never_scheduled', 'dataset_consumes_1_and_2', 'dataset_consumes_1' retrieved from /home/airflow/.local/lib/python3.8/site-packages/airflow/example_dags/example_datasets.py
[2024-03-02T22:50:58.797+0000] {logging_mixin.py:188} INFO - [2024-03-02T22:50:58.797+0000] {dag.py:3036} INFO - Sync 6 DAGs
[2024-03-02T22:50:58.821+0000] {logging_mixin.py:188} INFO - [2024-03-02T22:50:58.821+0000] {dag.py:3823} INFO - Setting next_dagrun for dataset_consumes_1 to None, run_after=None
[2024-03-02T22:50:58.825+0000] {logging_mixin.py:188} INFO - [2024-03-02T22:50:58.824+0000] {dag.py:3823} INFO - Setting next_dagrun for dataset_consumes_1_and_2 to None, run_after=None
[2024-03-02T22:50:58.826+0000] {logging_mixin.py:188} INFO - [2024-03-02T22:50:58.826+0000] {dag.py:3823} INFO - Setting next_dagrun for dataset_consumes_1_never_scheduled to None, run_after=None
[2024-03-02T22:50:58.828+0000] {logging_mixin.py:188} INFO - [2024-03-02T22:50:58.828+0000] {dag.py:3823} INFO - Setting next_dagrun for dataset_consumes_unknown_never_scheduled to None, run_after=None
[2024-03-02T22:50:58.831+0000] {logging_mixin.py:188} INFO - [2024-03-02T22:50:58.831+0000] {dag.py:3823} INFO - Setting next_dagrun for dataset_produces_1 to 2024-03-01 00:00:00+00:00, run_after=2024-03-02 00:00:00+00:00
[2024-03-02T22:50:58.833+0000] {logging_mixin.py:188} INFO - [2024-03-02T22:50:58.833+0000] {dag.py:3823} INFO - Setting next_dagrun for dataset_produces_2 to None, run_after=None
[2024-03-02T22:50:59.027+0000] {processor.py:183} INFO - Processing /home/airflow/.local/lib/python3.8/site-packages/airflow/example_dags/example_datasets.py took 0.283 seconds
[2024-03-02T22:51:29.447+0000] {processor.py:161} INFO - Started process (PID=667) to work on /home/airflow/.local/lib/python3.8/site-packages/airflow/example_dags/example_datasets.py
[2024-03-02T22:51:29.448+0000] {processor.py:830} INFO - Processing file /home/airflow/.local/lib/python3.8/site-packages/airflow/example_dags/example_datasets.py for tasks to queue
[2024-03-02T22:51:29.451+0000] {logging_mixin.py:188} INFO - [2024-03-02T22:51:29.450+0000] {dagbag.py:538} INFO - Filling up the DagBag from /home/airflow/.local/lib/python3.8/site-packages/airflow/example_dags/example_datasets.py
[2024-03-02T22:51:29.463+0000] {processor.py:840} INFO - DAG(s) 'dataset_consumes_1_never_scheduled', 'dataset_produces_1', 'dataset_produces_2', 'dataset_consumes_1_and_2', 'dataset_consumes_unknown_never_scheduled', 'dataset_consumes_1' retrieved from /home/airflow/.local/lib/python3.8/site-packages/airflow/example_dags/example_datasets.py
[2024-03-02T22:51:29.505+0000] {logging_mixin.py:188} INFO - [2024-03-02T22:51:29.505+0000] {dag.py:3036} INFO - Sync 6 DAGs
[2024-03-02T22:51:29.531+0000] {logging_mixin.py:188} INFO - [2024-03-02T22:51:29.531+0000] {dag.py:3823} INFO - Setting next_dagrun for dataset_consumes_1 to None, run_after=None
[2024-03-02T22:51:29.535+0000] {logging_mixin.py:188} INFO - [2024-03-02T22:51:29.535+0000] {dag.py:3823} INFO - Setting next_dagrun for dataset_consumes_1_and_2 to None, run_after=None
[2024-03-02T22:51:29.537+0000] {logging_mixin.py:188} INFO - [2024-03-02T22:51:29.537+0000] {dag.py:3823} INFO - Setting next_dagrun for dataset_consumes_1_never_scheduled to None, run_after=None
[2024-03-02T22:51:29.539+0000] {logging_mixin.py:188} INFO - [2024-03-02T22:51:29.538+0000] {dag.py:3823} INFO - Setting next_dagrun for dataset_consumes_unknown_never_scheduled to None, run_after=None
[2024-03-02T22:51:29.542+0000] {logging_mixin.py:188} INFO - [2024-03-02T22:51:29.542+0000] {dag.py:3823} INFO - Setting next_dagrun for dataset_produces_1 to 2024-03-01 00:00:00+00:00, run_after=2024-03-02 00:00:00+00:00
[2024-03-02T22:51:29.544+0000] {logging_mixin.py:188} INFO - [2024-03-02T22:51:29.544+0000] {dag.py:3823} INFO - Setting next_dagrun for dataset_produces_2 to None, run_after=None
[2024-03-02T22:51:29.575+0000] {processor.py:183} INFO - Processing /home/airflow/.local/lib/python3.8/site-packages/airflow/example_dags/example_datasets.py took 0.131 seconds
[2024-03-02T22:52:17.763+0000] {processor.py:161} INFO - Started process (PID=731) to work on /home/airflow/.local/lib/python3.8/site-packages/airflow/example_dags/example_datasets.py
[2024-03-02T22:52:17.764+0000] {processor.py:830} INFO - Processing file /home/airflow/.local/lib/python3.8/site-packages/airflow/example_dags/example_datasets.py for tasks to queue
[2024-03-02T22:52:17.767+0000] {logging_mixin.py:188} INFO - [2024-03-02T22:52:17.766+0000] {dagbag.py:538} INFO - Filling up the DagBag from /home/airflow/.local/lib/python3.8/site-packages/airflow/example_dags/example_datasets.py
[2024-03-02T22:52:17.776+0000] {processor.py:840} INFO - DAG(s) 'dataset_consumes_1_and_2', 'dataset_consumes_1_never_scheduled', 'dataset_produces_2', 'dataset_consumes_1', 'dataset_consumes_unknown_never_scheduled', 'dataset_produces_1' retrieved from /home/airflow/.local/lib/python3.8/site-packages/airflow/example_dags/example_datasets.py
[2024-03-02T22:52:17.815+0000] {logging_mixin.py:188} INFO - [2024-03-02T22:52:17.815+0000] {dag.py:3036} INFO - Sync 6 DAGs
[2024-03-02T22:52:17.879+0000] {logging_mixin.py:188} INFO - [2024-03-02T22:52:17.879+0000] {dag.py:3823} INFO - Setting next_dagrun for dataset_consumes_1 to None, run_after=None
[2024-03-02T22:52:17.888+0000] {logging_mixin.py:188} INFO - [2024-03-02T22:52:17.887+0000] {dag.py:3823} INFO - Setting next_dagrun for dataset_consumes_1_and_2 to None, run_after=None
[2024-03-02T22:52:17.892+0000] {logging_mixin.py:188} INFO - [2024-03-02T22:52:17.891+0000] {dag.py:3823} INFO - Setting next_dagrun for dataset_consumes_1_never_scheduled to None, run_after=None
[2024-03-02T22:52:17.894+0000] {logging_mixin.py:188} INFO - [2024-03-02T22:52:17.894+0000] {dag.py:3823} INFO - Setting next_dagrun for dataset_consumes_unknown_never_scheduled to None, run_after=None
[2024-03-02T22:52:17.898+0000] {logging_mixin.py:188} INFO - [2024-03-02T22:52:17.898+0000] {dag.py:3823} INFO - Setting next_dagrun for dataset_produces_1 to 2024-03-01 00:00:00+00:00, run_after=2024-03-02 00:00:00+00:00
[2024-03-02T22:52:17.900+0000] {logging_mixin.py:188} INFO - [2024-03-02T22:52:17.900+0000] {dag.py:3823} INFO - Setting next_dagrun for dataset_produces_2 to None, run_after=None
[2024-03-02T22:52:18.147+0000] {processor.py:183} INFO - Processing /home/airflow/.local/lib/python3.8/site-packages/airflow/example_dags/example_datasets.py took 0.388 seconds
[2024-03-02T22:52:48.216+0000] {processor.py:161} INFO - Started process (PID=790) to work on /home/airflow/.local/lib/python3.8/site-packages/airflow/example_dags/example_datasets.py
[2024-03-02T22:52:48.217+0000] {processor.py:830} INFO - Processing file /home/airflow/.local/lib/python3.8/site-packages/airflow/example_dags/example_datasets.py for tasks to queue
[2024-03-02T22:52:48.219+0000] {logging_mixin.py:188} INFO - [2024-03-02T22:52:48.219+0000] {dagbag.py:538} INFO - Filling up the DagBag from /home/airflow/.local/lib/python3.8/site-packages/airflow/example_dags/example_datasets.py
[2024-03-02T22:52:48.229+0000] {processor.py:840} INFO - DAG(s) 'dataset_consumes_1_and_2', 'dataset_consumes_1_never_scheduled', 'dataset_produces_2', 'dataset_consumes_1', 'dataset_produces_1', 'dataset_consumes_unknown_never_scheduled' retrieved from /home/airflow/.local/lib/python3.8/site-packages/airflow/example_dags/example_datasets.py
[2024-03-02T22:52:48.264+0000] {logging_mixin.py:188} INFO - [2024-03-02T22:52:48.263+0000] {dag.py:3036} INFO - Sync 6 DAGs
[2024-03-02T22:52:48.287+0000] {logging_mixin.py:188} INFO - [2024-03-02T22:52:48.287+0000] {dag.py:3823} INFO - Setting next_dagrun for dataset_consumes_1 to None, run_after=None
[2024-03-02T22:52:48.291+0000] {logging_mixin.py:188} INFO - [2024-03-02T22:52:48.291+0000] {dag.py:3823} INFO - Setting next_dagrun for dataset_consumes_1_and_2 to None, run_after=None
[2024-03-02T22:52:48.293+0000] {logging_mixin.py:188} INFO - [2024-03-02T22:52:48.293+0000] {dag.py:3823} INFO - Setting next_dagrun for dataset_consumes_1_never_scheduled to None, run_after=None
[2024-03-02T22:52:48.295+0000] {logging_mixin.py:188} INFO - [2024-03-02T22:52:48.295+0000] {dag.py:3823} INFO - Setting next_dagrun for dataset_consumes_unknown_never_scheduled to None, run_after=None
[2024-03-02T22:52:48.298+0000] {logging_mixin.py:188} INFO - [2024-03-02T22:52:48.298+0000] {dag.py:3823} INFO - Setting next_dagrun for dataset_produces_1 to 2024-03-01 00:00:00+00:00, run_after=2024-03-02 00:00:00+00:00
[2024-03-02T22:52:48.300+0000] {logging_mixin.py:188} INFO - [2024-03-02T22:52:48.300+0000] {dag.py:3823} INFO - Setting next_dagrun for dataset_produces_2 to None, run_after=None
[2024-03-02T22:52:48.333+0000] {processor.py:183} INFO - Processing /home/airflow/.local/lib/python3.8/site-packages/airflow/example_dags/example_datasets.py took 0.121 seconds
[2024-03-02T22:53:18.842+0000] {processor.py:161} INFO - Started process (PID=843) to work on /home/airflow/.local/lib/python3.8/site-packages/airflow/example_dags/example_datasets.py
[2024-03-02T22:53:18.886+0000] {processor.py:830} INFO - Processing file /home/airflow/.local/lib/python3.8/site-packages/airflow/example_dags/example_datasets.py for tasks to queue
[2024-03-02T22:53:18.888+0000] {logging_mixin.py:188} INFO - [2024-03-02T22:53:18.888+0000] {dagbag.py:538} INFO - Filling up the DagBag from /home/airflow/.local/lib/python3.8/site-packages/airflow/example_dags/example_datasets.py
[2024-03-02T22:53:18.899+0000] {processor.py:840} INFO - DAG(s) 'dataset_consumes_unknown_never_scheduled', 'dataset_consumes_1_and_2', 'dataset_consumes_1_never_scheduled', 'dataset_produces_1', 'dataset_produces_2', 'dataset_consumes_1' retrieved from /home/airflow/.local/lib/python3.8/site-packages/airflow/example_dags/example_datasets.py
[2024-03-02T22:53:18.943+0000] {logging_mixin.py:188} INFO - [2024-03-02T22:53:18.942+0000] {dag.py:3036} INFO - Sync 6 DAGs
[2024-03-02T22:53:18.977+0000] {logging_mixin.py:188} INFO - [2024-03-02T22:53:18.976+0000] {dag.py:3823} INFO - Setting next_dagrun for dataset_consumes_1 to None, run_after=None
[2024-03-02T22:53:18.981+0000] {logging_mixin.py:188} INFO - [2024-03-02T22:53:18.981+0000] {dag.py:3823} INFO - Setting next_dagrun for dataset_consumes_1_and_2 to None, run_after=None
[2024-03-02T22:53:18.983+0000] {logging_mixin.py:188} INFO - [2024-03-02T22:53:18.983+0000] {dag.py:3823} INFO - Setting next_dagrun for dataset_consumes_1_never_scheduled to None, run_after=None
[2024-03-02T22:53:18.986+0000] {logging_mixin.py:188} INFO - [2024-03-02T22:53:18.986+0000] {dag.py:3823} INFO - Setting next_dagrun for dataset_consumes_unknown_never_scheduled to None, run_after=None
[2024-03-02T22:53:18.991+0000] {logging_mixin.py:188} INFO - [2024-03-02T22:53:18.990+0000] {dag.py:3823} INFO - Setting next_dagrun for dataset_produces_1 to 2024-03-01 00:00:00+00:00, run_after=2024-03-02 00:00:00+00:00
[2024-03-02T22:53:18.993+0000] {logging_mixin.py:188} INFO - [2024-03-02T22:53:18.993+0000] {dag.py:3823} INFO - Setting next_dagrun for dataset_produces_2 to None, run_after=None
[2024-03-02T22:53:19.040+0000] {processor.py:183} INFO - Processing /home/airflow/.local/lib/python3.8/site-packages/airflow/example_dags/example_datasets.py took 0.202 seconds
[2024-03-02T22:57:48.674+0000] {processor.py:161} INFO - Started process (PID=922) to work on /home/airflow/.local/lib/python3.8/site-packages/airflow/example_dags/example_datasets.py
[2024-03-02T22:57:48.686+0000] {processor.py:830} INFO - Processing file /home/airflow/.local/lib/python3.8/site-packages/airflow/example_dags/example_datasets.py for tasks to queue
[2024-03-02T22:57:48.688+0000] {logging_mixin.py:188} INFO - [2024-03-02T22:57:48.688+0000] {dagbag.py:538} INFO - Filling up the DagBag from /home/airflow/.local/lib/python3.8/site-packages/airflow/example_dags/example_datasets.py
[2024-03-02T22:57:48.712+0000] {processor.py:840} INFO - DAG(s) 'dataset_consumes_unknown_never_scheduled', 'dataset_produces_2', 'dataset_consumes_1_never_scheduled', 'dataset_consumes_1', 'dataset_produces_1', 'dataset_consumes_1_and_2' retrieved from /home/airflow/.local/lib/python3.8/site-packages/airflow/example_dags/example_datasets.py
[2024-03-02T22:57:48.780+0000] {logging_mixin.py:188} INFO - [2024-03-02T22:57:48.780+0000] {dag.py:3036} INFO - Sync 6 DAGs
[2024-03-02T22:57:48.811+0000] {logging_mixin.py:188} INFO - [2024-03-02T22:57:48.811+0000] {dag.py:3823} INFO - Setting next_dagrun for dataset_consumes_1 to None, run_after=None
[2024-03-02T22:57:48.818+0000] {logging_mixin.py:188} INFO - [2024-03-02T22:57:48.818+0000] {dag.py:3823} INFO - Setting next_dagrun for dataset_consumes_1_and_2 to None, run_after=None
[2024-03-02T22:57:48.821+0000] {logging_mixin.py:188} INFO - [2024-03-02T22:57:48.821+0000] {dag.py:3823} INFO - Setting next_dagrun for dataset_consumes_1_never_scheduled to None, run_after=None
[2024-03-02T22:57:48.824+0000] {logging_mixin.py:188} INFO - [2024-03-02T22:57:48.824+0000] {dag.py:3823} INFO - Setting next_dagrun for dataset_consumes_unknown_never_scheduled to None, run_after=None
[2024-03-02T22:57:48.830+0000] {logging_mixin.py:188} INFO - [2024-03-02T22:57:48.830+0000] {dag.py:3823} INFO - Setting next_dagrun for dataset_produces_1 to 2024-03-01 00:00:00+00:00, run_after=2024-03-02 00:00:00+00:00
[2024-03-02T22:57:48.833+0000] {logging_mixin.py:188} INFO - [2024-03-02T22:57:48.833+0000] {dag.py:3823} INFO - Setting next_dagrun for dataset_produces_2 to None, run_after=None
[2024-03-02T22:57:49.219+0000] {processor.py:183} INFO - Processing /home/airflow/.local/lib/python3.8/site-packages/airflow/example_dags/example_datasets.py took 0.551 seconds
