[2024-03-02T22:46:19.340+0000] {processor.py:161} INFO - Started process (PID=99) to work on /home/airflow/.local/lib/python3.8/site-packages/airflow/example_dags/example_trigger_target_dag.py
[2024-03-02T22:46:19.341+0000] {processor.py:830} INFO - Processing file /home/airflow/.local/lib/python3.8/site-packages/airflow/example_dags/example_trigger_target_dag.py for tasks to queue
[2024-03-02T22:46:19.343+0000] {logging_mixin.py:188} INFO - [2024-03-02T22:46:19.343+0000] {dagbag.py:538} INFO - Filling up the DagBag from /home/airflow/.local/lib/python3.8/site-packages/airflow/example_dags/example_trigger_target_dag.py
[2024-03-02T22:46:19.356+0000] {processor.py:840} INFO - DAG(s) 'example_trigger_target_dag' retrieved from /home/airflow/.local/lib/python3.8/site-packages/airflow/example_dags/example_trigger_target_dag.py
[2024-03-02T22:46:19.494+0000] {logging_mixin.py:188} INFO - [2024-03-02T22:46:19.493+0000] {dag.py:3036} INFO - Sync 1 DAGs
[2024-03-02T22:46:19.513+0000] {logging_mixin.py:188} INFO - [2024-03-02T22:46:19.512+0000] {dag.py:3823} INFO - Setting next_dagrun for example_trigger_target_dag to None, run_after=None
[2024-03-02T22:46:19.543+0000] {processor.py:183} INFO - Processing /home/airflow/.local/lib/python3.8/site-packages/airflow/example_dags/example_trigger_target_dag.py took 0.208 seconds
[2024-03-02T22:46:50.352+0000] {processor.py:161} INFO - Started process (PID=155) to work on /home/airflow/.local/lib/python3.8/site-packages/airflow/example_dags/example_trigger_target_dag.py
[2024-03-02T22:46:50.353+0000] {processor.py:830} INFO - Processing file /home/airflow/.local/lib/python3.8/site-packages/airflow/example_dags/example_trigger_target_dag.py for tasks to queue
[2024-03-02T22:46:50.356+0000] {logging_mixin.py:188} INFO - [2024-03-02T22:46:50.356+0000] {dagbag.py:538} INFO - Filling up the DagBag from /home/airflow/.local/lib/python3.8/site-packages/airflow/example_dags/example_trigger_target_dag.py
[2024-03-02T22:46:50.363+0000] {processor.py:840} INFO - DAG(s) 'example_trigger_target_dag' retrieved from /home/airflow/.local/lib/python3.8/site-packages/airflow/example_dags/example_trigger_target_dag.py
[2024-03-02T22:46:50.387+0000] {logging_mixin.py:188} INFO - [2024-03-02T22:46:50.387+0000] {dag.py:3036} INFO - Sync 1 DAGs
[2024-03-02T22:46:50.409+0000] {logging_mixin.py:188} INFO - [2024-03-02T22:46:50.409+0000] {dag.py:3823} INFO - Setting next_dagrun for example_trigger_target_dag to None, run_after=None
[2024-03-02T22:46:50.439+0000] {processor.py:183} INFO - Processing /home/airflow/.local/lib/python3.8/site-packages/airflow/example_dags/example_trigger_target_dag.py took 0.091 seconds
[2024-03-02T22:47:21.044+0000] {processor.py:161} INFO - Started process (PID=211) to work on /home/airflow/.local/lib/python3.8/site-packages/airflow/example_dags/example_trigger_target_dag.py
[2024-03-02T22:47:21.046+0000] {processor.py:830} INFO - Processing file /home/airflow/.local/lib/python3.8/site-packages/airflow/example_dags/example_trigger_target_dag.py for tasks to queue
[2024-03-02T22:47:21.049+0000] {logging_mixin.py:188} INFO - [2024-03-02T22:47:21.048+0000] {dagbag.py:538} INFO - Filling up the DagBag from /home/airflow/.local/lib/python3.8/site-packages/airflow/example_dags/example_trigger_target_dag.py
[2024-03-02T22:47:21.061+0000] {processor.py:840} INFO - DAG(s) 'example_trigger_target_dag' retrieved from /home/airflow/.local/lib/python3.8/site-packages/airflow/example_dags/example_trigger_target_dag.py
[2024-03-02T22:47:21.088+0000] {logging_mixin.py:188} INFO - [2024-03-02T22:47:21.088+0000] {dag.py:3036} INFO - Sync 1 DAGs
[2024-03-02T22:47:21.122+0000] {logging_mixin.py:188} INFO - [2024-03-02T22:47:21.121+0000] {dag.py:3823} INFO - Setting next_dagrun for example_trigger_target_dag to None, run_after=None
[2024-03-02T22:47:21.176+0000] {processor.py:183} INFO - Processing /home/airflow/.local/lib/python3.8/site-packages/airflow/example_dags/example_trigger_target_dag.py took 0.137 seconds
[2024-03-02T22:47:51.734+0000] {processor.py:161} INFO - Started process (PID=267) to work on /home/airflow/.local/lib/python3.8/site-packages/airflow/example_dags/example_trigger_target_dag.py
[2024-03-02T22:47:51.736+0000] {processor.py:830} INFO - Processing file /home/airflow/.local/lib/python3.8/site-packages/airflow/example_dags/example_trigger_target_dag.py for tasks to queue
[2024-03-02T22:47:51.738+0000] {logging_mixin.py:188} INFO - [2024-03-02T22:47:51.738+0000] {dagbag.py:538} INFO - Filling up the DagBag from /home/airflow/.local/lib/python3.8/site-packages/airflow/example_dags/example_trigger_target_dag.py
[2024-03-02T22:47:51.745+0000] {processor.py:840} INFO - DAG(s) 'example_trigger_target_dag' retrieved from /home/airflow/.local/lib/python3.8/site-packages/airflow/example_dags/example_trigger_target_dag.py
[2024-03-02T22:47:51.765+0000] {logging_mixin.py:188} INFO - [2024-03-02T22:47:51.765+0000] {dag.py:3036} INFO - Sync 1 DAGs
[2024-03-02T22:47:51.779+0000] {logging_mixin.py:188} INFO - [2024-03-02T22:47:51.779+0000] {dag.py:3823} INFO - Setting next_dagrun for example_trigger_target_dag to None, run_after=None
[2024-03-02T22:47:51.802+0000] {processor.py:183} INFO - Processing /home/airflow/.local/lib/python3.8/site-packages/airflow/example_dags/example_trigger_target_dag.py took 0.072 seconds
[2024-03-02T22:48:22.319+0000] {processor.py:161} INFO - Started process (PID=323) to work on /home/airflow/.local/lib/python3.8/site-packages/airflow/example_dags/example_trigger_target_dag.py
[2024-03-02T22:48:22.321+0000] {processor.py:830} INFO - Processing file /home/airflow/.local/lib/python3.8/site-packages/airflow/example_dags/example_trigger_target_dag.py for tasks to queue
[2024-03-02T22:48:22.323+0000] {logging_mixin.py:188} INFO - [2024-03-02T22:48:22.323+0000] {dagbag.py:538} INFO - Filling up the DagBag from /home/airflow/.local/lib/python3.8/site-packages/airflow/example_dags/example_trigger_target_dag.py
[2024-03-02T22:48:22.331+0000] {processor.py:840} INFO - DAG(s) 'example_trigger_target_dag' retrieved from /home/airflow/.local/lib/python3.8/site-packages/airflow/example_dags/example_trigger_target_dag.py
[2024-03-02T22:48:22.358+0000] {logging_mixin.py:188} INFO - [2024-03-02T22:48:22.357+0000] {dag.py:3036} INFO - Sync 1 DAGs
[2024-03-02T22:48:22.374+0000] {logging_mixin.py:188} INFO - [2024-03-02T22:48:22.374+0000] {dag.py:3823} INFO - Setting next_dagrun for example_trigger_target_dag to None, run_after=None
[2024-03-02T22:48:22.399+0000] {processor.py:183} INFO - Processing /home/airflow/.local/lib/python3.8/site-packages/airflow/example_dags/example_trigger_target_dag.py took 0.085 seconds
[2024-03-02T22:48:52.545+0000] {processor.py:161} INFO - Started process (PID=379) to work on /home/airflow/.local/lib/python3.8/site-packages/airflow/example_dags/example_trigger_target_dag.py
[2024-03-02T22:48:52.546+0000] {processor.py:830} INFO - Processing file /home/airflow/.local/lib/python3.8/site-packages/airflow/example_dags/example_trigger_target_dag.py for tasks to queue
[2024-03-02T22:48:52.548+0000] {logging_mixin.py:188} INFO - [2024-03-02T22:48:52.548+0000] {dagbag.py:538} INFO - Filling up the DagBag from /home/airflow/.local/lib/python3.8/site-packages/airflow/example_dags/example_trigger_target_dag.py
[2024-03-02T22:48:52.555+0000] {processor.py:840} INFO - DAG(s) 'example_trigger_target_dag' retrieved from /home/airflow/.local/lib/python3.8/site-packages/airflow/example_dags/example_trigger_target_dag.py
[2024-03-02T22:48:52.575+0000] {logging_mixin.py:188} INFO - [2024-03-02T22:48:52.575+0000] {dag.py:3036} INFO - Sync 1 DAGs
[2024-03-02T22:48:52.589+0000] {logging_mixin.py:188} INFO - [2024-03-02T22:48:52.589+0000] {dag.py:3823} INFO - Setting next_dagrun for example_trigger_target_dag to None, run_after=None
[2024-03-02T22:48:52.609+0000] {processor.py:183} INFO - Processing /home/airflow/.local/lib/python3.8/site-packages/airflow/example_dags/example_trigger_target_dag.py took 0.068 seconds
[2024-03-02T22:49:22.993+0000] {processor.py:161} INFO - Started process (PID=435) to work on /home/airflow/.local/lib/python3.8/site-packages/airflow/example_dags/example_trigger_target_dag.py
[2024-03-02T22:49:22.995+0000] {processor.py:830} INFO - Processing file /home/airflow/.local/lib/python3.8/site-packages/airflow/example_dags/example_trigger_target_dag.py for tasks to queue
[2024-03-02T22:49:22.997+0000] {logging_mixin.py:188} INFO - [2024-03-02T22:49:22.997+0000] {dagbag.py:538} INFO - Filling up the DagBag from /home/airflow/.local/lib/python3.8/site-packages/airflow/example_dags/example_trigger_target_dag.py
[2024-03-02T22:49:23.004+0000] {processor.py:840} INFO - DAG(s) 'example_trigger_target_dag' retrieved from /home/airflow/.local/lib/python3.8/site-packages/airflow/example_dags/example_trigger_target_dag.py
[2024-03-02T22:49:23.024+0000] {logging_mixin.py:188} INFO - [2024-03-02T22:49:23.024+0000] {dag.py:3036} INFO - Sync 1 DAGs
[2024-03-02T22:49:23.038+0000] {logging_mixin.py:188} INFO - [2024-03-02T22:49:23.038+0000] {dag.py:3823} INFO - Setting next_dagrun for example_trigger_target_dag to None, run_after=None
[2024-03-02T22:49:23.059+0000] {processor.py:183} INFO - Processing /home/airflow/.local/lib/python3.8/site-packages/airflow/example_dags/example_trigger_target_dag.py took 0.070 seconds
[2024-03-02T22:49:53.740+0000] {processor.py:161} INFO - Started process (PID=491) to work on /home/airflow/.local/lib/python3.8/site-packages/airflow/example_dags/example_trigger_target_dag.py
[2024-03-02T22:49:53.742+0000] {processor.py:830} INFO - Processing file /home/airflow/.local/lib/python3.8/site-packages/airflow/example_dags/example_trigger_target_dag.py for tasks to queue
[2024-03-02T22:49:53.744+0000] {logging_mixin.py:188} INFO - [2024-03-02T22:49:53.744+0000] {dagbag.py:538} INFO - Filling up the DagBag from /home/airflow/.local/lib/python3.8/site-packages/airflow/example_dags/example_trigger_target_dag.py
[2024-03-02T22:49:53.753+0000] {processor.py:840} INFO - DAG(s) 'example_trigger_target_dag' retrieved from /home/airflow/.local/lib/python3.8/site-packages/airflow/example_dags/example_trigger_target_dag.py
[2024-03-02T22:49:53.779+0000] {logging_mixin.py:188} INFO - [2024-03-02T22:49:53.778+0000] {dag.py:3036} INFO - Sync 1 DAGs
[2024-03-02T22:49:53.798+0000] {logging_mixin.py:188} INFO - [2024-03-02T22:49:53.798+0000] {dag.py:3823} INFO - Setting next_dagrun for example_trigger_target_dag to None, run_after=None
[2024-03-02T22:49:53.822+0000] {processor.py:183} INFO - Processing /home/airflow/.local/lib/python3.8/site-packages/airflow/example_dags/example_trigger_target_dag.py took 0.087 seconds
[2024-03-02T22:50:23.894+0000] {processor.py:161} INFO - Started process (PID=547) to work on /home/airflow/.local/lib/python3.8/site-packages/airflow/example_dags/example_trigger_target_dag.py
[2024-03-02T22:50:23.895+0000] {processor.py:830} INFO - Processing file /home/airflow/.local/lib/python3.8/site-packages/airflow/example_dags/example_trigger_target_dag.py for tasks to queue
[2024-03-02T22:50:23.898+0000] {logging_mixin.py:188} INFO - [2024-03-02T22:50:23.897+0000] {dagbag.py:538} INFO - Filling up the DagBag from /home/airflow/.local/lib/python3.8/site-packages/airflow/example_dags/example_trigger_target_dag.py
[2024-03-02T22:50:23.904+0000] {processor.py:840} INFO - DAG(s) 'example_trigger_target_dag' retrieved from /home/airflow/.local/lib/python3.8/site-packages/airflow/example_dags/example_trigger_target_dag.py
[2024-03-02T22:50:23.924+0000] {logging_mixin.py:188} INFO - [2024-03-02T22:50:23.924+0000] {dag.py:3036} INFO - Sync 1 DAGs
[2024-03-02T22:50:23.937+0000] {logging_mixin.py:188} INFO - [2024-03-02T22:50:23.937+0000] {dag.py:3823} INFO - Setting next_dagrun for example_trigger_target_dag to None, run_after=None
[2024-03-02T22:50:23.956+0000] {processor.py:183} INFO - Processing /home/airflow/.local/lib/python3.8/site-packages/airflow/example_dags/example_trigger_target_dag.py took 0.065 seconds
[2024-03-02T22:50:58.238+0000] {processor.py:161} INFO - Started process (PID=603) to work on /home/airflow/.local/lib/python3.8/site-packages/airflow/example_dags/example_trigger_target_dag.py
[2024-03-02T22:50:58.240+0000] {processor.py:830} INFO - Processing file /home/airflow/.local/lib/python3.8/site-packages/airflow/example_dags/example_trigger_target_dag.py for tasks to queue
[2024-03-02T22:50:58.242+0000] {logging_mixin.py:188} INFO - [2024-03-02T22:50:58.242+0000] {dagbag.py:538} INFO - Filling up the DagBag from /home/airflow/.local/lib/python3.8/site-packages/airflow/example_dags/example_trigger_target_dag.py
[2024-03-02T22:50:58.252+0000] {processor.py:840} INFO - DAG(s) 'example_trigger_target_dag' retrieved from /home/airflow/.local/lib/python3.8/site-packages/airflow/example_dags/example_trigger_target_dag.py
[2024-03-02T22:50:58.284+0000] {logging_mixin.py:188} INFO - [2024-03-02T22:50:58.284+0000] {dag.py:3036} INFO - Sync 1 DAGs
[2024-03-02T22:50:58.298+0000] {logging_mixin.py:188} INFO - [2024-03-02T22:50:58.298+0000] {dag.py:3823} INFO - Setting next_dagrun for example_trigger_target_dag to None, run_after=None
[2024-03-02T22:50:58.353+0000] {processor.py:183} INFO - Processing /home/airflow/.local/lib/python3.8/site-packages/airflow/example_dags/example_trigger_target_dag.py took 0.118 seconds
[2024-03-02T22:51:29.337+0000] {processor.py:161} INFO - Started process (PID=664) to work on /home/airflow/.local/lib/python3.8/site-packages/airflow/example_dags/example_trigger_target_dag.py
[2024-03-02T22:51:29.338+0000] {processor.py:830} INFO - Processing file /home/airflow/.local/lib/python3.8/site-packages/airflow/example_dags/example_trigger_target_dag.py for tasks to queue
[2024-03-02T22:51:29.339+0000] {logging_mixin.py:188} INFO - [2024-03-02T22:51:29.339+0000] {dagbag.py:538} INFO - Filling up the DagBag from /home/airflow/.local/lib/python3.8/site-packages/airflow/example_dags/example_trigger_target_dag.py
[2024-03-02T22:51:29.345+0000] {processor.py:840} INFO - DAG(s) 'example_trigger_target_dag' retrieved from /home/airflow/.local/lib/python3.8/site-packages/airflow/example_dags/example_trigger_target_dag.py
[2024-03-02T22:51:29.365+0000] {logging_mixin.py:188} INFO - [2024-03-02T22:51:29.364+0000] {dag.py:3036} INFO - Sync 1 DAGs
[2024-03-02T22:51:29.378+0000] {logging_mixin.py:188} INFO - [2024-03-02T22:51:29.377+0000] {dag.py:3823} INFO - Setting next_dagrun for example_trigger_target_dag to None, run_after=None
[2024-03-02T22:51:29.414+0000] {processor.py:183} INFO - Processing /home/airflow/.local/lib/python3.8/site-packages/airflow/example_dags/example_trigger_target_dag.py took 0.080 seconds
[2024-03-02T22:52:17.740+0000] {processor.py:161} INFO - Started process (PID=730) to work on /home/airflow/.local/lib/python3.8/site-packages/airflow/example_dags/example_trigger_target_dag.py
[2024-03-02T22:52:17.742+0000] {processor.py:830} INFO - Processing file /home/airflow/.local/lib/python3.8/site-packages/airflow/example_dags/example_trigger_target_dag.py for tasks to queue
[2024-03-02T22:52:17.744+0000] {logging_mixin.py:188} INFO - [2024-03-02T22:52:17.744+0000] {dagbag.py:538} INFO - Filling up the DagBag from /home/airflow/.local/lib/python3.8/site-packages/airflow/example_dags/example_trigger_target_dag.py
[2024-03-02T22:52:17.750+0000] {processor.py:840} INFO - DAG(s) 'example_trigger_target_dag' retrieved from /home/airflow/.local/lib/python3.8/site-packages/airflow/example_dags/example_trigger_target_dag.py
[2024-03-02T22:52:17.770+0000] {logging_mixin.py:188} INFO - [2024-03-02T22:52:17.770+0000] {dag.py:3036} INFO - Sync 1 DAGs
[2024-03-02T22:52:17.783+0000] {logging_mixin.py:188} INFO - [2024-03-02T22:52:17.783+0000] {dag.py:3823} INFO - Setting next_dagrun for example_trigger_target_dag to None, run_after=None
[2024-03-02T22:52:17.842+0000] {processor.py:183} INFO - Processing /home/airflow/.local/lib/python3.8/site-packages/airflow/example_dags/example_trigger_target_dag.py took 0.106 seconds
[2024-03-02T22:52:47.980+0000] {processor.py:161} INFO - Started process (PID=786) to work on /home/airflow/.local/lib/python3.8/site-packages/airflow/example_dags/example_trigger_target_dag.py
[2024-03-02T22:52:47.981+0000] {processor.py:830} INFO - Processing file /home/airflow/.local/lib/python3.8/site-packages/airflow/example_dags/example_trigger_target_dag.py for tasks to queue
[2024-03-02T22:52:47.983+0000] {logging_mixin.py:188} INFO - [2024-03-02T22:52:47.983+0000] {dagbag.py:538} INFO - Filling up the DagBag from /home/airflow/.local/lib/python3.8/site-packages/airflow/example_dags/example_trigger_target_dag.py
[2024-03-02T22:52:47.990+0000] {processor.py:840} INFO - DAG(s) 'example_trigger_target_dag' retrieved from /home/airflow/.local/lib/python3.8/site-packages/airflow/example_dags/example_trigger_target_dag.py
[2024-03-02T22:52:48.016+0000] {logging_mixin.py:188} INFO - [2024-03-02T22:52:48.016+0000] {dag.py:3036} INFO - Sync 1 DAGs
[2024-03-02T22:52:48.036+0000] {logging_mixin.py:188} INFO - [2024-03-02T22:52:48.035+0000] {dag.py:3823} INFO - Setting next_dagrun for example_trigger_target_dag to None, run_after=None
[2024-03-02T22:52:48.064+0000] {processor.py:183} INFO - Processing /home/airflow/.local/lib/python3.8/site-packages/airflow/example_dags/example_trigger_target_dag.py took 0.087 seconds
[2024-03-02T22:53:18.716+0000] {processor.py:161} INFO - Started process (PID=842) to work on /home/airflow/.local/lib/python3.8/site-packages/airflow/example_dags/example_trigger_target_dag.py
[2024-03-02T22:53:18.764+0000] {processor.py:830} INFO - Processing file /home/airflow/.local/lib/python3.8/site-packages/airflow/example_dags/example_trigger_target_dag.py for tasks to queue
[2024-03-02T22:53:18.766+0000] {logging_mixin.py:188} INFO - [2024-03-02T22:53:18.766+0000] {dagbag.py:538} INFO - Filling up the DagBag from /home/airflow/.local/lib/python3.8/site-packages/airflow/example_dags/example_trigger_target_dag.py
[2024-03-02T22:53:18.772+0000] {processor.py:840} INFO - DAG(s) 'example_trigger_target_dag' retrieved from /home/airflow/.local/lib/python3.8/site-packages/airflow/example_dags/example_trigger_target_dag.py
[2024-03-02T22:53:18.792+0000] {logging_mixin.py:188} INFO - [2024-03-02T22:53:18.792+0000] {dag.py:3036} INFO - Sync 1 DAGs
[2024-03-02T22:53:18.806+0000] {logging_mixin.py:188} INFO - [2024-03-02T22:53:18.805+0000] {dag.py:3823} INFO - Setting next_dagrun for example_trigger_target_dag to None, run_after=None
[2024-03-02T22:53:18.830+0000] {processor.py:183} INFO - Processing /home/airflow/.local/lib/python3.8/site-packages/airflow/example_dags/example_trigger_target_dag.py took 0.117 seconds
[2024-03-02T22:57:48.570+0000] {processor.py:161} INFO - Started process (PID=921) to work on /home/airflow/.local/lib/python3.8/site-packages/airflow/example_dags/example_trigger_target_dag.py
[2024-03-02T22:57:48.597+0000] {processor.py:830} INFO - Processing file /home/airflow/.local/lib/python3.8/site-packages/airflow/example_dags/example_trigger_target_dag.py for tasks to queue
[2024-03-02T22:57:48.599+0000] {logging_mixin.py:188} INFO - [2024-03-02T22:57:48.598+0000] {dagbag.py:538} INFO - Filling up the DagBag from /home/airflow/.local/lib/python3.8/site-packages/airflow/example_dags/example_trigger_target_dag.py
[2024-03-02T22:57:48.612+0000] {processor.py:840} INFO - DAG(s) 'example_trigger_target_dag' retrieved from /home/airflow/.local/lib/python3.8/site-packages/airflow/example_dags/example_trigger_target_dag.py
[2024-03-02T22:57:48.645+0000] {logging_mixin.py:188} INFO - [2024-03-02T22:57:48.645+0000] {dag.py:3036} INFO - Sync 1 DAGs
[2024-03-02T22:57:48.676+0000] {logging_mixin.py:188} INFO - [2024-03-02T22:57:48.676+0000] {dag.py:3823} INFO - Setting next_dagrun for example_trigger_target_dag to None, run_after=None
[2024-03-02T22:57:48.757+0000] {processor.py:183} INFO - Processing /home/airflow/.local/lib/python3.8/site-packages/airflow/example_dags/example_trigger_target_dag.py took 0.192 seconds
