[2024-03-02T22:46:18.015+0000] {processor.py:161} INFO - Started process (PID=91) to work on /home/airflow/.local/lib/python3.8/site-packages/airflow/example_dags/example_complex.py
[2024-03-02T22:46:18.017+0000] {processor.py:830} INFO - Processing file /home/airflow/.local/lib/python3.8/site-packages/airflow/example_dags/example_complex.py for tasks to queue
[2024-03-02T22:46:18.020+0000] {logging_mixin.py:188} INFO - [2024-03-02T22:46:18.020+0000] {dagbag.py:538} INFO - Filling up the DagBag from /home/airflow/.local/lib/python3.8/site-packages/airflow/example_dags/example_complex.py
[2024-03-02T22:46:18.043+0000] {processor.py:840} INFO - DAG(s) 'example_complex' retrieved from /home/airflow/.local/lib/python3.8/site-packages/airflow/example_dags/example_complex.py
[2024-03-02T22:46:18.193+0000] {logging_mixin.py:188} INFO - [2024-03-02T22:46:18.193+0000] {dag.py:3036} INFO - Sync 1 DAGs
[2024-03-02T22:46:18.210+0000] {logging_mixin.py:188} INFO - [2024-03-02T22:46:18.209+0000] {dag.py:3823} INFO - Setting next_dagrun for example_complex to None, run_after=None
[2024-03-02T22:46:18.239+0000] {processor.py:183} INFO - Processing /home/airflow/.local/lib/python3.8/site-packages/airflow/example_dags/example_complex.py took 0.231 seconds
[2024-03-02T22:46:49.440+0000] {processor.py:161} INFO - Started process (PID=147) to work on /home/airflow/.local/lib/python3.8/site-packages/airflow/example_dags/example_complex.py
[2024-03-02T22:46:49.441+0000] {processor.py:830} INFO - Processing file /home/airflow/.local/lib/python3.8/site-packages/airflow/example_dags/example_complex.py for tasks to queue
[2024-03-02T22:46:49.443+0000] {logging_mixin.py:188} INFO - [2024-03-02T22:46:49.443+0000] {dagbag.py:538} INFO - Filling up the DagBag from /home/airflow/.local/lib/python3.8/site-packages/airflow/example_dags/example_complex.py
[2024-03-02T22:46:49.455+0000] {processor.py:840} INFO - DAG(s) 'example_complex' retrieved from /home/airflow/.local/lib/python3.8/site-packages/airflow/example_dags/example_complex.py
[2024-03-02T22:46:49.486+0000] {logging_mixin.py:188} INFO - [2024-03-02T22:46:49.485+0000] {dag.py:3036} INFO - Sync 1 DAGs
[2024-03-02T22:46:49.501+0000] {logging_mixin.py:188} INFO - [2024-03-02T22:46:49.501+0000] {dag.py:3823} INFO - Setting next_dagrun for example_complex to None, run_after=None
[2024-03-02T22:46:49.530+0000] {processor.py:183} INFO - Processing /home/airflow/.local/lib/python3.8/site-packages/airflow/example_dags/example_complex.py took 0.095 seconds
[2024-03-02T22:47:20.402+0000] {processor.py:161} INFO - Started process (PID=203) to work on /home/airflow/.local/lib/python3.8/site-packages/airflow/example_dags/example_complex.py
[2024-03-02T22:47:20.403+0000] {processor.py:830} INFO - Processing file /home/airflow/.local/lib/python3.8/site-packages/airflow/example_dags/example_complex.py for tasks to queue
[2024-03-02T22:47:20.407+0000] {logging_mixin.py:188} INFO - [2024-03-02T22:47:20.407+0000] {dagbag.py:538} INFO - Filling up the DagBag from /home/airflow/.local/lib/python3.8/site-packages/airflow/example_dags/example_complex.py
[2024-03-02T22:47:20.428+0000] {processor.py:840} INFO - DAG(s) 'example_complex' retrieved from /home/airflow/.local/lib/python3.8/site-packages/airflow/example_dags/example_complex.py
[2024-03-02T22:47:20.477+0000] {logging_mixin.py:188} INFO - [2024-03-02T22:47:20.476+0000] {dag.py:3036} INFO - Sync 1 DAGs
[2024-03-02T22:47:20.494+0000] {logging_mixin.py:188} INFO - [2024-03-02T22:47:20.494+0000] {dag.py:3823} INFO - Setting next_dagrun for example_complex to None, run_after=None
[2024-03-02T22:47:20.531+0000] {processor.py:183} INFO - Processing /home/airflow/.local/lib/python3.8/site-packages/airflow/example_dags/example_complex.py took 0.134 seconds
[2024-03-02T22:47:51.097+0000] {processor.py:161} INFO - Started process (PID=259) to work on /home/airflow/.local/lib/python3.8/site-packages/airflow/example_dags/example_complex.py
[2024-03-02T22:47:51.098+0000] {processor.py:830} INFO - Processing file /home/airflow/.local/lib/python3.8/site-packages/airflow/example_dags/example_complex.py for tasks to queue
[2024-03-02T22:47:51.101+0000] {logging_mixin.py:188} INFO - [2024-03-02T22:47:51.101+0000] {dagbag.py:538} INFO - Filling up the DagBag from /home/airflow/.local/lib/python3.8/site-packages/airflow/example_dags/example_complex.py
[2024-03-02T22:47:51.119+0000] {processor.py:840} INFO - DAG(s) 'example_complex' retrieved from /home/airflow/.local/lib/python3.8/site-packages/airflow/example_dags/example_complex.py
[2024-03-02T22:47:51.159+0000] {logging_mixin.py:188} INFO - [2024-03-02T22:47:51.159+0000] {dag.py:3036} INFO - Sync 1 DAGs
[2024-03-02T22:47:51.176+0000] {logging_mixin.py:188} INFO - [2024-03-02T22:47:51.175+0000] {dag.py:3823} INFO - Setting next_dagrun for example_complex to None, run_after=None
[2024-03-02T22:47:51.208+0000] {processor.py:183} INFO - Processing /home/airflow/.local/lib/python3.8/site-packages/airflow/example_dags/example_complex.py took 0.115 seconds
[2024-03-02T22:48:21.629+0000] {processor.py:161} INFO - Started process (PID=315) to work on /home/airflow/.local/lib/python3.8/site-packages/airflow/example_dags/example_complex.py
[2024-03-02T22:48:21.630+0000] {processor.py:830} INFO - Processing file /home/airflow/.local/lib/python3.8/site-packages/airflow/example_dags/example_complex.py for tasks to queue
[2024-03-02T22:48:21.634+0000] {logging_mixin.py:188} INFO - [2024-03-02T22:48:21.633+0000] {dagbag.py:538} INFO - Filling up the DagBag from /home/airflow/.local/lib/python3.8/site-packages/airflow/example_dags/example_complex.py
[2024-03-02T22:48:21.648+0000] {processor.py:840} INFO - DAG(s) 'example_complex' retrieved from /home/airflow/.local/lib/python3.8/site-packages/airflow/example_dags/example_complex.py
[2024-03-02T22:48:21.685+0000] {logging_mixin.py:188} INFO - [2024-03-02T22:48:21.685+0000] {dag.py:3036} INFO - Sync 1 DAGs
[2024-03-02T22:48:21.701+0000] {logging_mixin.py:188} INFO - [2024-03-02T22:48:21.700+0000] {dag.py:3823} INFO - Setting next_dagrun for example_complex to None, run_after=None
[2024-03-02T22:48:21.727+0000] {processor.py:183} INFO - Processing /home/airflow/.local/lib/python3.8/site-packages/airflow/example_dags/example_complex.py took 0.102 seconds
[2024-03-02T22:48:51.935+0000] {processor.py:161} INFO - Started process (PID=371) to work on /home/airflow/.local/lib/python3.8/site-packages/airflow/example_dags/example_complex.py
[2024-03-02T22:48:51.936+0000] {processor.py:830} INFO - Processing file /home/airflow/.local/lib/python3.8/site-packages/airflow/example_dags/example_complex.py for tasks to queue
[2024-03-02T22:48:51.938+0000] {logging_mixin.py:188} INFO - [2024-03-02T22:48:51.938+0000] {dagbag.py:538} INFO - Filling up the DagBag from /home/airflow/.local/lib/python3.8/site-packages/airflow/example_dags/example_complex.py
[2024-03-02T22:48:51.952+0000] {processor.py:840} INFO - DAG(s) 'example_complex' retrieved from /home/airflow/.local/lib/python3.8/site-packages/airflow/example_dags/example_complex.py
[2024-03-02T22:48:51.989+0000] {logging_mixin.py:188} INFO - [2024-03-02T22:48:51.989+0000] {dag.py:3036} INFO - Sync 1 DAGs
[2024-03-02T22:48:52.005+0000] {logging_mixin.py:188} INFO - [2024-03-02T22:48:52.005+0000] {dag.py:3823} INFO - Setting next_dagrun for example_complex to None, run_after=None
[2024-03-02T22:48:52.034+0000] {processor.py:183} INFO - Processing /home/airflow/.local/lib/python3.8/site-packages/airflow/example_dags/example_complex.py took 0.103 seconds
[2024-03-02T22:49:22.504+0000] {processor.py:161} INFO - Started process (PID=427) to work on /home/airflow/.local/lib/python3.8/site-packages/airflow/example_dags/example_complex.py
[2024-03-02T22:49:22.506+0000] {processor.py:830} INFO - Processing file /home/airflow/.local/lib/python3.8/site-packages/airflow/example_dags/example_complex.py for tasks to queue
[2024-03-02T22:49:22.508+0000] {logging_mixin.py:188} INFO - [2024-03-02T22:49:22.507+0000] {dagbag.py:538} INFO - Filling up the DagBag from /home/airflow/.local/lib/python3.8/site-packages/airflow/example_dags/example_complex.py
[2024-03-02T22:49:22.518+0000] {processor.py:840} INFO - DAG(s) 'example_complex' retrieved from /home/airflow/.local/lib/python3.8/site-packages/airflow/example_dags/example_complex.py
[2024-03-02T22:49:22.547+0000] {logging_mixin.py:188} INFO - [2024-03-02T22:49:22.547+0000] {dag.py:3036} INFO - Sync 1 DAGs
[2024-03-02T22:49:22.560+0000] {logging_mixin.py:188} INFO - [2024-03-02T22:49:22.559+0000] {dag.py:3823} INFO - Setting next_dagrun for example_complex to None, run_after=None
[2024-03-02T22:49:22.579+0000] {processor.py:183} INFO - Processing /home/airflow/.local/lib/python3.8/site-packages/airflow/example_dags/example_complex.py took 0.078 seconds
[2024-03-02T22:49:53.076+0000] {processor.py:161} INFO - Started process (PID=483) to work on /home/airflow/.local/lib/python3.8/site-packages/airflow/example_dags/example_complex.py
[2024-03-02T22:49:53.077+0000] {processor.py:830} INFO - Processing file /home/airflow/.local/lib/python3.8/site-packages/airflow/example_dags/example_complex.py for tasks to queue
[2024-03-02T22:49:53.079+0000] {logging_mixin.py:188} INFO - [2024-03-02T22:49:53.079+0000] {dagbag.py:538} INFO - Filling up the DagBag from /home/airflow/.local/lib/python3.8/site-packages/airflow/example_dags/example_complex.py
[2024-03-02T22:49:53.093+0000] {processor.py:840} INFO - DAG(s) 'example_complex' retrieved from /home/airflow/.local/lib/python3.8/site-packages/airflow/example_dags/example_complex.py
[2024-03-02T22:49:53.133+0000] {logging_mixin.py:188} INFO - [2024-03-02T22:49:53.132+0000] {dag.py:3036} INFO - Sync 1 DAGs
[2024-03-02T22:49:53.150+0000] {logging_mixin.py:188} INFO - [2024-03-02T22:49:53.149+0000] {dag.py:3823} INFO - Setting next_dagrun for example_complex to None, run_after=None
[2024-03-02T22:49:53.178+0000] {processor.py:183} INFO - Processing /home/airflow/.local/lib/python3.8/site-packages/airflow/example_dags/example_complex.py took 0.106 seconds
[2024-03-02T22:50:23.388+0000] {processor.py:161} INFO - Started process (PID=539) to work on /home/airflow/.local/lib/python3.8/site-packages/airflow/example_dags/example_complex.py
[2024-03-02T22:50:23.389+0000] {processor.py:830} INFO - Processing file /home/airflow/.local/lib/python3.8/site-packages/airflow/example_dags/example_complex.py for tasks to queue
[2024-03-02T22:50:23.390+0000] {logging_mixin.py:188} INFO - [2024-03-02T22:50:23.390+0000] {dagbag.py:538} INFO - Filling up the DagBag from /home/airflow/.local/lib/python3.8/site-packages/airflow/example_dags/example_complex.py
[2024-03-02T22:50:23.402+0000] {processor.py:840} INFO - DAG(s) 'example_complex' retrieved from /home/airflow/.local/lib/python3.8/site-packages/airflow/example_dags/example_complex.py
[2024-03-02T22:50:23.431+0000] {logging_mixin.py:188} INFO - [2024-03-02T22:50:23.431+0000] {dag.py:3036} INFO - Sync 1 DAGs
[2024-03-02T22:50:23.443+0000] {logging_mixin.py:188} INFO - [2024-03-02T22:50:23.443+0000] {dag.py:3823} INFO - Setting next_dagrun for example_complex to None, run_after=None
[2024-03-02T22:50:23.461+0000] {processor.py:183} INFO - Processing /home/airflow/.local/lib/python3.8/site-packages/airflow/example_dags/example_complex.py took 0.077 seconds
[2024-03-02T22:50:57.306+0000] {processor.py:161} INFO - Started process (PID=595) to work on /home/airflow/.local/lib/python3.8/site-packages/airflow/example_dags/example_complex.py
[2024-03-02T22:50:57.310+0000] {processor.py:830} INFO - Processing file /home/airflow/.local/lib/python3.8/site-packages/airflow/example_dags/example_complex.py for tasks to queue
[2024-03-02T22:50:57.316+0000] {logging_mixin.py:188} INFO - [2024-03-02T22:50:57.315+0000] {dagbag.py:538} INFO - Filling up the DagBag from /home/airflow/.local/lib/python3.8/site-packages/airflow/example_dags/example_complex.py
[2024-03-02T22:50:57.329+0000] {processor.py:840} INFO - DAG(s) 'example_complex' retrieved from /home/airflow/.local/lib/python3.8/site-packages/airflow/example_dags/example_complex.py
[2024-03-02T22:50:57.364+0000] {logging_mixin.py:188} INFO - [2024-03-02T22:50:57.364+0000] {dag.py:3036} INFO - Sync 1 DAGs
[2024-03-02T22:50:57.378+0000] {logging_mixin.py:188} INFO - [2024-03-02T22:50:57.377+0000] {dag.py:3823} INFO - Setting next_dagrun for example_complex to None, run_after=None
[2024-03-02T22:50:57.414+0000] {processor.py:183} INFO - Processing /home/airflow/.local/lib/python3.8/site-packages/airflow/example_dags/example_complex.py took 0.113 seconds
[2024-03-02T22:51:28.373+0000] {processor.py:161} INFO - Started process (PID=651) to work on /home/airflow/.local/lib/python3.8/site-packages/airflow/example_dags/example_complex.py
[2024-03-02T22:51:28.374+0000] {processor.py:830} INFO - Processing file /home/airflow/.local/lib/python3.8/site-packages/airflow/example_dags/example_complex.py for tasks to queue
[2024-03-02T22:51:28.376+0000] {logging_mixin.py:188} INFO - [2024-03-02T22:51:28.375+0000] {dagbag.py:538} INFO - Filling up the DagBag from /home/airflow/.local/lib/python3.8/site-packages/airflow/example_dags/example_complex.py
[2024-03-02T22:51:28.386+0000] {processor.py:840} INFO - DAG(s) 'example_complex' retrieved from /home/airflow/.local/lib/python3.8/site-packages/airflow/example_dags/example_complex.py
[2024-03-02T22:51:28.416+0000] {logging_mixin.py:188} INFO - [2024-03-02T22:51:28.416+0000] {dag.py:3036} INFO - Sync 1 DAGs
[2024-03-02T22:51:28.429+0000] {logging_mixin.py:188} INFO - [2024-03-02T22:51:28.428+0000] {dag.py:3823} INFO - Setting next_dagrun for example_complex to None, run_after=None
[2024-03-02T22:51:28.584+0000] {processor.py:183} INFO - Processing /home/airflow/.local/lib/python3.8/site-packages/airflow/example_dags/example_complex.py took 0.214 seconds
[2024-03-02T22:52:16.726+0000] {processor.py:161} INFO - Started process (PID=722) to work on /home/airflow/.local/lib/python3.8/site-packages/airflow/example_dags/example_complex.py
[2024-03-02T22:52:16.727+0000] {processor.py:830} INFO - Processing file /home/airflow/.local/lib/python3.8/site-packages/airflow/example_dags/example_complex.py for tasks to queue
[2024-03-02T22:52:16.729+0000] {logging_mixin.py:188} INFO - [2024-03-02T22:52:16.729+0000] {dagbag.py:538} INFO - Filling up the DagBag from /home/airflow/.local/lib/python3.8/site-packages/airflow/example_dags/example_complex.py
[2024-03-02T22:52:16.747+0000] {processor.py:840} INFO - DAG(s) 'example_complex' retrieved from /home/airflow/.local/lib/python3.8/site-packages/airflow/example_dags/example_complex.py
[2024-03-02T22:52:16.779+0000] {logging_mixin.py:188} INFO - [2024-03-02T22:52:16.778+0000] {dag.py:3036} INFO - Sync 1 DAGs
[2024-03-02T22:52:16.792+0000] {logging_mixin.py:188} INFO - [2024-03-02T22:52:16.791+0000] {dag.py:3823} INFO - Setting next_dagrun for example_complex to None, run_after=None
[2024-03-02T22:52:16.812+0000] {processor.py:183} INFO - Processing /home/airflow/.local/lib/python3.8/site-packages/airflow/example_dags/example_complex.py took 0.090 seconds
[2024-03-02T22:52:47.505+0000] {processor.py:161} INFO - Started process (PID=778) to work on /home/airflow/.local/lib/python3.8/site-packages/airflow/example_dags/example_complex.py
[2024-03-02T22:52:47.506+0000] {processor.py:830} INFO - Processing file /home/airflow/.local/lib/python3.8/site-packages/airflow/example_dags/example_complex.py for tasks to queue
[2024-03-02T22:52:47.508+0000] {logging_mixin.py:188} INFO - [2024-03-02T22:52:47.508+0000] {dagbag.py:538} INFO - Filling up the DagBag from /home/airflow/.local/lib/python3.8/site-packages/airflow/example_dags/example_complex.py
[2024-03-02T22:52:47.525+0000] {processor.py:840} INFO - DAG(s) 'example_complex' retrieved from /home/airflow/.local/lib/python3.8/site-packages/airflow/example_dags/example_complex.py
[2024-03-02T22:52:47.559+0000] {logging_mixin.py:188} INFO - [2024-03-02T22:52:47.559+0000] {dag.py:3036} INFO - Sync 1 DAGs
[2024-03-02T22:52:47.572+0000] {logging_mixin.py:188} INFO - [2024-03-02T22:52:47.572+0000] {dag.py:3823} INFO - Setting next_dagrun for example_complex to None, run_after=None
[2024-03-02T22:52:47.598+0000] {processor.py:183} INFO - Processing /home/airflow/.local/lib/python3.8/site-packages/airflow/example_dags/example_complex.py took 0.097 seconds
[2024-03-02T22:53:18.128+0000] {processor.py:161} INFO - Started process (PID=834) to work on /home/airflow/.local/lib/python3.8/site-packages/airflow/example_dags/example_complex.py
[2024-03-02T22:53:18.140+0000] {processor.py:830} INFO - Processing file /home/airflow/.local/lib/python3.8/site-packages/airflow/example_dags/example_complex.py for tasks to queue
[2024-03-02T22:53:18.142+0000] {logging_mixin.py:188} INFO - [2024-03-02T22:53:18.142+0000] {dagbag.py:538} INFO - Filling up the DagBag from /home/airflow/.local/lib/python3.8/site-packages/airflow/example_dags/example_complex.py
[2024-03-02T22:53:18.155+0000] {processor.py:840} INFO - DAG(s) 'example_complex' retrieved from /home/airflow/.local/lib/python3.8/site-packages/airflow/example_dags/example_complex.py
[2024-03-02T22:53:18.187+0000] {logging_mixin.py:188} INFO - [2024-03-02T22:53:18.186+0000] {dag.py:3036} INFO - Sync 1 DAGs
[2024-03-02T22:53:18.200+0000] {logging_mixin.py:188} INFO - [2024-03-02T22:53:18.199+0000] {dag.py:3823} INFO - Setting next_dagrun for example_complex to None, run_after=None
[2024-03-02T22:53:18.228+0000] {processor.py:183} INFO - Processing /home/airflow/.local/lib/python3.8/site-packages/airflow/example_dags/example_complex.py took 0.104 seconds
[2024-03-02T22:57:41.178+0000] {processor.py:161} INFO - Started process (PID=913) to work on /home/airflow/.local/lib/python3.8/site-packages/airflow/example_dags/example_complex.py
[2024-03-02T22:57:41.514+0000] {processor.py:830} INFO - Processing file /home/airflow/.local/lib/python3.8/site-packages/airflow/example_dags/example_complex.py for tasks to queue
[2024-03-02T22:57:41.702+0000] {logging_mixin.py:188} INFO - [2024-03-02T22:57:41.653+0000] {dagbag.py:538} INFO - Filling up the DagBag from /home/airflow/.local/lib/python3.8/site-packages/airflow/example_dags/example_complex.py
[2024-03-02T22:57:42.173+0000] {processor.py:840} INFO - DAG(s) 'example_complex' retrieved from /home/airflow/.local/lib/python3.8/site-packages/airflow/example_dags/example_complex.py
[2024-03-02T22:57:42.933+0000] {logging_mixin.py:188} INFO - [2024-03-02T22:57:42.933+0000] {dag.py:3036} INFO - Sync 1 DAGs
[2024-03-02T22:57:43.218+0000] {logging_mixin.py:188} INFO - [2024-03-02T22:57:43.217+0000] {dag.py:3823} INFO - Setting next_dagrun for example_complex to None, run_after=None
[2024-03-02T22:57:44.086+0000] {processor.py:183} INFO - Processing /home/airflow/.local/lib/python3.8/site-packages/airflow/example_dags/example_complex.py took 4.215 seconds
