[2024-03-02T22:46:10.128+0000] {processor.py:161} INFO - Started process (PID=73) to work on /home/airflow/.local/lib/python3.8/site-packages/airflow/example_dags/example_short_circuit_operator.py
[2024-03-02T22:46:10.131+0000] {processor.py:830} INFO - Processing file /home/airflow/.local/lib/python3.8/site-packages/airflow/example_dags/example_short_circuit_operator.py for tasks to queue
[2024-03-02T22:46:10.136+0000] {logging_mixin.py:188} INFO - [2024-03-02T22:46:10.135+0000] {dagbag.py:538} INFO - Filling up the DagBag from /home/airflow/.local/lib/python3.8/site-packages/airflow/example_dags/example_short_circuit_operator.py
[2024-03-02T22:46:10.154+0000] {processor.py:840} INFO - DAG(s) 'example_short_circuit_operator' retrieved from /home/airflow/.local/lib/python3.8/site-packages/airflow/example_dags/example_short_circuit_operator.py
[2024-03-02T22:46:10.811+0000] {logging_mixin.py:188} INFO - [2024-03-02T22:46:10.811+0000] {dag.py:3036} INFO - Sync 1 DAGs
[2024-03-02T22:46:10.853+0000] {logging_mixin.py:188} INFO - [2024-03-02T22:46:10.852+0000] {dag.py:3823} INFO - Setting next_dagrun for example_short_circuit_operator to 2024-03-01 00:00:00+00:00, run_after=2024-03-02 00:00:00+00:00
[2024-03-02T22:46:12.160+0000] {processor.py:183} INFO - Processing /home/airflow/.local/lib/python3.8/site-packages/airflow/example_dags/example_short_circuit_operator.py took 2.183 seconds
[2024-03-02T22:46:42.496+0000] {processor.py:161} INFO - Started process (PID=129) to work on /home/airflow/.local/lib/python3.8/site-packages/airflow/example_dags/example_short_circuit_operator.py
[2024-03-02T22:46:42.498+0000] {processor.py:830} INFO - Processing file /home/airflow/.local/lib/python3.8/site-packages/airflow/example_dags/example_short_circuit_operator.py for tasks to queue
[2024-03-02T22:46:42.501+0000] {logging_mixin.py:188} INFO - [2024-03-02T22:46:42.500+0000] {dagbag.py:538} INFO - Filling up the DagBag from /home/airflow/.local/lib/python3.8/site-packages/airflow/example_dags/example_short_circuit_operator.py
[2024-03-02T22:46:42.509+0000] {processor.py:840} INFO - DAG(s) 'example_short_circuit_operator' retrieved from /home/airflow/.local/lib/python3.8/site-packages/airflow/example_dags/example_short_circuit_operator.py
[2024-03-02T22:46:42.537+0000] {logging_mixin.py:188} INFO - [2024-03-02T22:46:42.537+0000] {dag.py:3036} INFO - Sync 1 DAGs
[2024-03-02T22:46:42.561+0000] {logging_mixin.py:188} INFO - [2024-03-02T22:46:42.560+0000] {dag.py:3823} INFO - Setting next_dagrun for example_short_circuit_operator to 2024-03-01 00:00:00+00:00, run_after=2024-03-02 00:00:00+00:00
[2024-03-02T22:46:42.580+0000] {processor.py:183} INFO - Processing /home/airflow/.local/lib/python3.8/site-packages/airflow/example_dags/example_short_circuit_operator.py took 0.087 seconds
[2024-03-02T22:47:12.676+0000] {processor.py:161} INFO - Started process (PID=185) to work on /home/airflow/.local/lib/python3.8/site-packages/airflow/example_dags/example_short_circuit_operator.py
[2024-03-02T22:47:12.678+0000] {processor.py:830} INFO - Processing file /home/airflow/.local/lib/python3.8/site-packages/airflow/example_dags/example_short_circuit_operator.py for tasks to queue
[2024-03-02T22:47:12.680+0000] {logging_mixin.py:188} INFO - [2024-03-02T22:47:12.679+0000] {dagbag.py:538} INFO - Filling up the DagBag from /home/airflow/.local/lib/python3.8/site-packages/airflow/example_dags/example_short_circuit_operator.py
[2024-03-02T22:47:12.688+0000] {processor.py:840} INFO - DAG(s) 'example_short_circuit_operator' retrieved from /home/airflow/.local/lib/python3.8/site-packages/airflow/example_dags/example_short_circuit_operator.py
[2024-03-02T22:47:12.710+0000] {logging_mixin.py:188} INFO - [2024-03-02T22:47:12.710+0000] {dag.py:3036} INFO - Sync 1 DAGs
[2024-03-02T22:47:12.730+0000] {logging_mixin.py:188} INFO - [2024-03-02T22:47:12.730+0000] {dag.py:3823} INFO - Setting next_dagrun for example_short_circuit_operator to 2024-03-01 00:00:00+00:00, run_after=2024-03-02 00:00:00+00:00
[2024-03-02T22:47:12.748+0000] {processor.py:183} INFO - Processing /home/airflow/.local/lib/python3.8/site-packages/airflow/example_dags/example_short_circuit_operator.py took 0.076 seconds
[2024-03-02T22:47:42.908+0000] {processor.py:161} INFO - Started process (PID=241) to work on /home/airflow/.local/lib/python3.8/site-packages/airflow/example_dags/example_short_circuit_operator.py
[2024-03-02T22:47:42.909+0000] {processor.py:830} INFO - Processing file /home/airflow/.local/lib/python3.8/site-packages/airflow/example_dags/example_short_circuit_operator.py for tasks to queue
[2024-03-02T22:47:42.912+0000] {logging_mixin.py:188} INFO - [2024-03-02T22:47:42.912+0000] {dagbag.py:538} INFO - Filling up the DagBag from /home/airflow/.local/lib/python3.8/site-packages/airflow/example_dags/example_short_circuit_operator.py
[2024-03-02T22:47:42.920+0000] {processor.py:840} INFO - DAG(s) 'example_short_circuit_operator' retrieved from /home/airflow/.local/lib/python3.8/site-packages/airflow/example_dags/example_short_circuit_operator.py
[2024-03-02T22:47:42.944+0000] {logging_mixin.py:188} INFO - [2024-03-02T22:47:42.944+0000] {dag.py:3036} INFO - Sync 1 DAGs
[2024-03-02T22:47:42.986+0000] {logging_mixin.py:188} INFO - [2024-03-02T22:47:42.986+0000] {dag.py:3823} INFO - Setting next_dagrun for example_short_circuit_operator to 2024-03-01 00:00:00+00:00, run_after=2024-03-02 00:00:00+00:00
[2024-03-02T22:47:43.011+0000] {processor.py:183} INFO - Processing /home/airflow/.local/lib/python3.8/site-packages/airflow/example_dags/example_short_circuit_operator.py took 0.106 seconds
[2024-03-02T22:48:13.276+0000] {processor.py:161} INFO - Started process (PID=297) to work on /home/airflow/.local/lib/python3.8/site-packages/airflow/example_dags/example_short_circuit_operator.py
[2024-03-02T22:48:13.277+0000] {processor.py:830} INFO - Processing file /home/airflow/.local/lib/python3.8/site-packages/airflow/example_dags/example_short_circuit_operator.py for tasks to queue
[2024-03-02T22:48:13.279+0000] {logging_mixin.py:188} INFO - [2024-03-02T22:48:13.279+0000] {dagbag.py:538} INFO - Filling up the DagBag from /home/airflow/.local/lib/python3.8/site-packages/airflow/example_dags/example_short_circuit_operator.py
[2024-03-02T22:48:13.287+0000] {processor.py:840} INFO - DAG(s) 'example_short_circuit_operator' retrieved from /home/airflow/.local/lib/python3.8/site-packages/airflow/example_dags/example_short_circuit_operator.py
[2024-03-02T22:48:13.309+0000] {logging_mixin.py:188} INFO - [2024-03-02T22:48:13.309+0000] {dag.py:3036} INFO - Sync 1 DAGs
[2024-03-02T22:48:13.331+0000] {logging_mixin.py:188} INFO - [2024-03-02T22:48:13.331+0000] {dag.py:3823} INFO - Setting next_dagrun for example_short_circuit_operator to 2024-03-01 00:00:00+00:00, run_after=2024-03-02 00:00:00+00:00
[2024-03-02T22:48:13.349+0000] {processor.py:183} INFO - Processing /home/airflow/.local/lib/python3.8/site-packages/airflow/example_dags/example_short_circuit_operator.py took 0.075 seconds
[2024-03-02T22:48:43.736+0000] {processor.py:161} INFO - Started process (PID=353) to work on /home/airflow/.local/lib/python3.8/site-packages/airflow/example_dags/example_short_circuit_operator.py
[2024-03-02T22:48:43.738+0000] {processor.py:830} INFO - Processing file /home/airflow/.local/lib/python3.8/site-packages/airflow/example_dags/example_short_circuit_operator.py for tasks to queue
[2024-03-02T22:48:43.739+0000] {logging_mixin.py:188} INFO - [2024-03-02T22:48:43.739+0000] {dagbag.py:538} INFO - Filling up the DagBag from /home/airflow/.local/lib/python3.8/site-packages/airflow/example_dags/example_short_circuit_operator.py
[2024-03-02T22:48:43.747+0000] {processor.py:840} INFO - DAG(s) 'example_short_circuit_operator' retrieved from /home/airflow/.local/lib/python3.8/site-packages/airflow/example_dags/example_short_circuit_operator.py
[2024-03-02T22:48:43.768+0000] {logging_mixin.py:188} INFO - [2024-03-02T22:48:43.768+0000] {dag.py:3036} INFO - Sync 1 DAGs
[2024-03-02T22:48:43.790+0000] {logging_mixin.py:188} INFO - [2024-03-02T22:48:43.790+0000] {dag.py:3823} INFO - Setting next_dagrun for example_short_circuit_operator to 2024-03-01 00:00:00+00:00, run_after=2024-03-02 00:00:00+00:00
[2024-03-02T22:48:43.807+0000] {processor.py:183} INFO - Processing /home/airflow/.local/lib/python3.8/site-packages/airflow/example_dags/example_short_circuit_operator.py took 0.074 seconds
[2024-03-02T22:49:14.285+0000] {processor.py:161} INFO - Started process (PID=409) to work on /home/airflow/.local/lib/python3.8/site-packages/airflow/example_dags/example_short_circuit_operator.py
[2024-03-02T22:49:14.287+0000] {processor.py:830} INFO - Processing file /home/airflow/.local/lib/python3.8/site-packages/airflow/example_dags/example_short_circuit_operator.py for tasks to queue
[2024-03-02T22:49:14.289+0000] {logging_mixin.py:188} INFO - [2024-03-02T22:49:14.288+0000] {dagbag.py:538} INFO - Filling up the DagBag from /home/airflow/.local/lib/python3.8/site-packages/airflow/example_dags/example_short_circuit_operator.py
[2024-03-02T22:49:14.297+0000] {processor.py:840} INFO - DAG(s) 'example_short_circuit_operator' retrieved from /home/airflow/.local/lib/python3.8/site-packages/airflow/example_dags/example_short_circuit_operator.py
[2024-03-02T22:49:14.321+0000] {logging_mixin.py:188} INFO - [2024-03-02T22:49:14.320+0000] {dag.py:3036} INFO - Sync 1 DAGs
[2024-03-02T22:49:14.343+0000] {logging_mixin.py:188} INFO - [2024-03-02T22:49:14.343+0000] {dag.py:3823} INFO - Setting next_dagrun for example_short_circuit_operator to 2024-03-01 00:00:00+00:00, run_after=2024-03-02 00:00:00+00:00
[2024-03-02T22:49:14.362+0000] {processor.py:183} INFO - Processing /home/airflow/.local/lib/python3.8/site-packages/airflow/example_dags/example_short_circuit_operator.py took 0.080 seconds
[2024-03-02T22:49:44.891+0000] {processor.py:161} INFO - Started process (PID=465) to work on /home/airflow/.local/lib/python3.8/site-packages/airflow/example_dags/example_short_circuit_operator.py
[2024-03-02T22:49:44.893+0000] {processor.py:830} INFO - Processing file /home/airflow/.local/lib/python3.8/site-packages/airflow/example_dags/example_short_circuit_operator.py for tasks to queue
[2024-03-02T22:49:44.895+0000] {logging_mixin.py:188} INFO - [2024-03-02T22:49:44.894+0000] {dagbag.py:538} INFO - Filling up the DagBag from /home/airflow/.local/lib/python3.8/site-packages/airflow/example_dags/example_short_circuit_operator.py
[2024-03-02T22:49:44.904+0000] {processor.py:840} INFO - DAG(s) 'example_short_circuit_operator' retrieved from /home/airflow/.local/lib/python3.8/site-packages/airflow/example_dags/example_short_circuit_operator.py
[2024-03-02T22:49:44.930+0000] {logging_mixin.py:188} INFO - [2024-03-02T22:49:44.929+0000] {dag.py:3036} INFO - Sync 1 DAGs
[2024-03-02T22:49:44.955+0000] {logging_mixin.py:188} INFO - [2024-03-02T22:49:44.955+0000] {dag.py:3823} INFO - Setting next_dagrun for example_short_circuit_operator to 2024-03-01 00:00:00+00:00, run_after=2024-03-02 00:00:00+00:00
[2024-03-02T22:49:44.986+0000] {processor.py:183} INFO - Processing /home/airflow/.local/lib/python3.8/site-packages/airflow/example_dags/example_short_circuit_operator.py took 0.098 seconds
[2024-03-02T22:50:15.191+0000] {processor.py:161} INFO - Started process (PID=521) to work on /home/airflow/.local/lib/python3.8/site-packages/airflow/example_dags/example_short_circuit_operator.py
[2024-03-02T22:50:15.192+0000] {processor.py:830} INFO - Processing file /home/airflow/.local/lib/python3.8/site-packages/airflow/example_dags/example_short_circuit_operator.py for tasks to queue
[2024-03-02T22:50:15.194+0000] {logging_mixin.py:188} INFO - [2024-03-02T22:50:15.194+0000] {dagbag.py:538} INFO - Filling up the DagBag from /home/airflow/.local/lib/python3.8/site-packages/airflow/example_dags/example_short_circuit_operator.py
[2024-03-02T22:50:15.203+0000] {processor.py:840} INFO - DAG(s) 'example_short_circuit_operator' retrieved from /home/airflow/.local/lib/python3.8/site-packages/airflow/example_dags/example_short_circuit_operator.py
[2024-03-02T22:50:15.226+0000] {logging_mixin.py:188} INFO - [2024-03-02T22:50:15.225+0000] {dag.py:3036} INFO - Sync 1 DAGs
[2024-03-02T22:50:15.246+0000] {logging_mixin.py:188} INFO - [2024-03-02T22:50:15.245+0000] {dag.py:3823} INFO - Setting next_dagrun for example_short_circuit_operator to 2024-03-01 00:00:00+00:00, run_after=2024-03-02 00:00:00+00:00
[2024-03-02T22:50:15.264+0000] {processor.py:183} INFO - Processing /home/airflow/.local/lib/python3.8/site-packages/airflow/example_dags/example_short_circuit_operator.py took 0.076 seconds
[2024-03-02T22:50:54.555+0000] {processor.py:161} INFO - Started process (PID=577) to work on /home/airflow/.local/lib/python3.8/site-packages/airflow/example_dags/example_short_circuit_operator.py
[2024-03-02T22:50:54.557+0000] {processor.py:830} INFO - Processing file /home/airflow/.local/lib/python3.8/site-packages/airflow/example_dags/example_short_circuit_operator.py for tasks to queue
[2024-03-02T22:50:54.561+0000] {logging_mixin.py:188} INFO - [2024-03-02T22:50:54.560+0000] {dagbag.py:538} INFO - Filling up the DagBag from /home/airflow/.local/lib/python3.8/site-packages/airflow/example_dags/example_short_circuit_operator.py
[2024-03-02T22:50:54.569+0000] {processor.py:840} INFO - DAG(s) 'example_short_circuit_operator' retrieved from /home/airflow/.local/lib/python3.8/site-packages/airflow/example_dags/example_short_circuit_operator.py
[2024-03-02T22:50:54.596+0000] {logging_mixin.py:188} INFO - [2024-03-02T22:50:54.596+0000] {dag.py:3036} INFO - Sync 1 DAGs
[2024-03-02T22:50:54.618+0000] {logging_mixin.py:188} INFO - [2024-03-02T22:50:54.618+0000] {dag.py:3823} INFO - Setting next_dagrun for example_short_circuit_operator to 2024-03-01 00:00:00+00:00, run_after=2024-03-02 00:00:00+00:00
[2024-03-02T22:50:54.685+0000] {processor.py:183} INFO - Processing /home/airflow/.local/lib/python3.8/site-packages/airflow/example_dags/example_short_circuit_operator.py took 0.134 seconds
[2024-03-02T22:51:25.117+0000] {processor.py:161} INFO - Started process (PID=633) to work on /home/airflow/.local/lib/python3.8/site-packages/airflow/example_dags/example_short_circuit_operator.py
[2024-03-02T22:51:25.118+0000] {processor.py:830} INFO - Processing file /home/airflow/.local/lib/python3.8/site-packages/airflow/example_dags/example_short_circuit_operator.py for tasks to queue
[2024-03-02T22:51:25.120+0000] {logging_mixin.py:188} INFO - [2024-03-02T22:51:25.119+0000] {dagbag.py:538} INFO - Filling up the DagBag from /home/airflow/.local/lib/python3.8/site-packages/airflow/example_dags/example_short_circuit_operator.py
[2024-03-02T22:51:25.126+0000] {processor.py:840} INFO - DAG(s) 'example_short_circuit_operator' retrieved from /home/airflow/.local/lib/python3.8/site-packages/airflow/example_dags/example_short_circuit_operator.py
[2024-03-02T22:51:25.148+0000] {logging_mixin.py:188} INFO - [2024-03-02T22:51:25.148+0000] {dag.py:3036} INFO - Sync 1 DAGs
[2024-03-02T22:51:25.169+0000] {logging_mixin.py:188} INFO - [2024-03-02T22:51:25.168+0000] {dag.py:3823} INFO - Setting next_dagrun for example_short_circuit_operator to 2024-03-01 00:00:00+00:00, run_after=2024-03-02 00:00:00+00:00
[2024-03-02T22:51:25.262+0000] {processor.py:183} INFO - Processing /home/airflow/.local/lib/python3.8/site-packages/airflow/example_dags/example_short_circuit_operator.py took 0.148 seconds
[2024-03-02T22:52:14.818+0000] {processor.py:161} INFO - Started process (PID=704) to work on /home/airflow/.local/lib/python3.8/site-packages/airflow/example_dags/example_short_circuit_operator.py
[2024-03-02T22:52:14.819+0000] {processor.py:830} INFO - Processing file /home/airflow/.local/lib/python3.8/site-packages/airflow/example_dags/example_short_circuit_operator.py for tasks to queue
[2024-03-02T22:52:14.821+0000] {logging_mixin.py:188} INFO - [2024-03-02T22:52:14.821+0000] {dagbag.py:538} INFO - Filling up the DagBag from /home/airflow/.local/lib/python3.8/site-packages/airflow/example_dags/example_short_circuit_operator.py
[2024-03-02T22:52:14.836+0000] {processor.py:840} INFO - DAG(s) 'example_short_circuit_operator' retrieved from /home/airflow/.local/lib/python3.8/site-packages/airflow/example_dags/example_short_circuit_operator.py
[2024-03-02T22:52:14.864+0000] {logging_mixin.py:188} INFO - [2024-03-02T22:52:14.864+0000] {dag.py:3036} INFO - Sync 1 DAGs
[2024-03-02T22:52:14.887+0000] {logging_mixin.py:188} INFO - [2024-03-02T22:52:14.886+0000] {dag.py:3823} INFO - Setting next_dagrun for example_short_circuit_operator to 2024-03-01 00:00:00+00:00, run_after=2024-03-02 00:00:00+00:00
[2024-03-02T22:52:14.928+0000] {processor.py:183} INFO - Processing /home/airflow/.local/lib/python3.8/site-packages/airflow/example_dags/example_short_circuit_operator.py took 0.114 seconds
[2024-03-02T22:52:45.298+0000] {processor.py:161} INFO - Started process (PID=760) to work on /home/airflow/.local/lib/python3.8/site-packages/airflow/example_dags/example_short_circuit_operator.py
[2024-03-02T22:52:45.299+0000] {processor.py:830} INFO - Processing file /home/airflow/.local/lib/python3.8/site-packages/airflow/example_dags/example_short_circuit_operator.py for tasks to queue
[2024-03-02T22:52:45.302+0000] {logging_mixin.py:188} INFO - [2024-03-02T22:52:45.301+0000] {dagbag.py:538} INFO - Filling up the DagBag from /home/airflow/.local/lib/python3.8/site-packages/airflow/example_dags/example_short_circuit_operator.py
[2024-03-02T22:52:45.311+0000] {processor.py:840} INFO - DAG(s) 'example_short_circuit_operator' retrieved from /home/airflow/.local/lib/python3.8/site-packages/airflow/example_dags/example_short_circuit_operator.py
[2024-03-02T22:52:45.341+0000] {logging_mixin.py:188} INFO - [2024-03-02T22:52:45.341+0000] {dag.py:3036} INFO - Sync 1 DAGs
[2024-03-02T22:52:45.368+0000] {logging_mixin.py:188} INFO - [2024-03-02T22:52:45.368+0000] {dag.py:3823} INFO - Setting next_dagrun for example_short_circuit_operator to 2024-03-01 00:00:00+00:00, run_after=2024-03-02 00:00:00+00:00
[2024-03-02T22:52:45.390+0000] {processor.py:183} INFO - Processing /home/airflow/.local/lib/python3.8/site-packages/airflow/example_dags/example_short_circuit_operator.py took 0.096 seconds
[2024-03-02T22:53:16.467+0000] {processor.py:161} INFO - Started process (PID=816) to work on /home/airflow/.local/lib/python3.8/site-packages/airflow/example_dags/example_short_circuit_operator.py
[2024-03-02T22:53:16.517+0000] {processor.py:830} INFO - Processing file /home/airflow/.local/lib/python3.8/site-packages/airflow/example_dags/example_short_circuit_operator.py for tasks to queue
[2024-03-02T22:53:16.522+0000] {logging_mixin.py:188} INFO - [2024-03-02T22:53:16.521+0000] {dagbag.py:538} INFO - Filling up the DagBag from /home/airflow/.local/lib/python3.8/site-packages/airflow/example_dags/example_short_circuit_operator.py
[2024-03-02T22:53:16.537+0000] {processor.py:840} INFO - DAG(s) 'example_short_circuit_operator' retrieved from /home/airflow/.local/lib/python3.8/site-packages/airflow/example_dags/example_short_circuit_operator.py
[2024-03-02T22:53:16.573+0000] {logging_mixin.py:188} INFO - [2024-03-02T22:53:16.573+0000] {dag.py:3036} INFO - Sync 1 DAGs
[2024-03-02T22:53:16.595+0000] {logging_mixin.py:188} INFO - [2024-03-02T22:53:16.595+0000] {dag.py:3823} INFO - Setting next_dagrun for example_short_circuit_operator to 2024-03-01 00:00:00+00:00, run_after=2024-03-02 00:00:00+00:00
[2024-03-02T22:53:16.614+0000] {processor.py:183} INFO - Processing /home/airflow/.local/lib/python3.8/site-packages/airflow/example_dags/example_short_circuit_operator.py took 0.150 seconds
[2024-03-02T22:56:32.235+0000] {processor.py:161} INFO - Started process (PID=883) to work on /home/airflow/.local/lib/python3.8/site-packages/airflow/example_dags/example_short_circuit_operator.py
[2024-03-02T22:56:32.289+0000] {processor.py:830} INFO - Processing file /home/airflow/.local/lib/python3.8/site-packages/airflow/example_dags/example_short_circuit_operator.py for tasks to queue
[2024-03-02T22:56:32.291+0000] {logging_mixin.py:188} INFO - [2024-03-02T22:56:32.290+0000] {dagbag.py:538} INFO - Filling up the DagBag from /home/airflow/.local/lib/python3.8/site-packages/airflow/example_dags/example_short_circuit_operator.py
[2024-03-02T22:56:32.299+0000] {processor.py:840} INFO - DAG(s) 'example_short_circuit_operator' retrieved from /home/airflow/.local/lib/python3.8/site-packages/airflow/example_dags/example_short_circuit_operator.py
[2024-03-02T22:56:39.110+0000] {logging_mixin.py:188} INFO - [2024-03-02T22:56:39.110+0000] {dag.py:3036} INFO - Sync 1 DAGs
[2024-03-02T22:56:41.652+0000] {logging_mixin.py:188} INFO - [2024-03-02T22:56:41.652+0000] {dag.py:3823} INFO - Setting next_dagrun for example_short_circuit_operator to 2024-03-01 00:00:00+00:00, run_after=2024-03-02 00:00:00+00:00
[2024-03-02T22:56:41.816+0000] {processor.py:183} INFO - Processing /home/airflow/.local/lib/python3.8/site-packages/airflow/example_dags/example_short_circuit_operator.py took 9.586 seconds
[2024-03-02T22:57:57.077+0000] {processor.py:161} INFO - Started process (PID=945) to work on /home/airflow/.local/lib/python3.8/site-packages/airflow/example_dags/example_short_circuit_operator.py
[2024-03-02T22:57:57.079+0000] {processor.py:830} INFO - Processing file /home/airflow/.local/lib/python3.8/site-packages/airflow/example_dags/example_short_circuit_operator.py for tasks to queue
[2024-03-02T22:57:57.081+0000] {logging_mixin.py:188} INFO - [2024-03-02T22:57:57.080+0000] {dagbag.py:538} INFO - Filling up the DagBag from /home/airflow/.local/lib/python3.8/site-packages/airflow/example_dags/example_short_circuit_operator.py
[2024-03-02T22:57:57.095+0000] {processor.py:840} INFO - DAG(s) 'example_short_circuit_operator' retrieved from /home/airflow/.local/lib/python3.8/site-packages/airflow/example_dags/example_short_circuit_operator.py
[2024-03-02T22:57:57.135+0000] {logging_mixin.py:188} INFO - [2024-03-02T22:57:57.135+0000] {dag.py:3036} INFO - Sync 1 DAGs
[2024-03-02T22:57:57.238+0000] {logging_mixin.py:188} INFO - [2024-03-02T22:57:57.237+0000] {dag.py:3823} INFO - Setting next_dagrun for example_short_circuit_operator to 2024-03-01 00:00:00+00:00, run_after=2024-03-02 00:00:00+00:00
[2024-03-02T22:57:57.288+0000] {processor.py:183} INFO - Processing /home/airflow/.local/lib/python3.8/site-packages/airflow/example_dags/example_short_circuit_operator.py took 0.221 seconds
