[2024-03-02T22:45:55.585+0000] {processor.py:161} INFO - Started process (PID=58) to work on /home/airflow/.local/lib/python3.8/site-packages/airflow/example_dags/example_task_group_decorator.py
[2024-03-02T22:45:55.823+0000] {processor.py:830} INFO - Processing file /home/airflow/.local/lib/python3.8/site-packages/airflow/example_dags/example_task_group_decorator.py for tasks to queue
[2024-03-02T22:45:56.263+0000] {logging_mixin.py:188} INFO - [2024-03-02T22:45:56.224+0000] {dagbag.py:538} INFO - Filling up the DagBag from /home/airflow/.local/lib/python3.8/site-packages/airflow/example_dags/example_task_group_decorator.py
[2024-03-02T22:45:57.074+0000] {processor.py:840} INFO - DAG(s) 'example_task_group_decorator' retrieved from /home/airflow/.local/lib/python3.8/site-packages/airflow/example_dags/example_task_group_decorator.py
[2024-03-02T22:45:58.608+0000] {logging_mixin.py:188} INFO - [2024-03-02T22:45:58.607+0000] {dag.py:3036} INFO - Sync 1 DAGs
[2024-03-02T22:45:58.647+0000] {logging_mixin.py:188} INFO - [2024-03-02T22:45:58.647+0000] {dag.py:3823} INFO - Setting next_dagrun for example_task_group_decorator to 2024-03-01 00:00:00+00:00, run_after=2024-03-02 00:00:00+00:00
[2024-03-02T22:45:58.672+0000] {processor.py:183} INFO - Processing /home/airflow/.local/lib/python3.8/site-packages/airflow/example_dags/example_task_group_decorator.py took 3.383 seconds
[2024-03-02T22:46:29.517+0000] {processor.py:161} INFO - Started process (PID=120) to work on /home/airflow/.local/lib/python3.8/site-packages/airflow/example_dags/example_task_group_decorator.py
[2024-03-02T22:46:29.524+0000] {processor.py:830} INFO - Processing file /home/airflow/.local/lib/python3.8/site-packages/airflow/example_dags/example_task_group_decorator.py for tasks to queue
[2024-03-02T22:46:29.528+0000] {logging_mixin.py:188} INFO - [2024-03-02T22:46:29.527+0000] {dagbag.py:538} INFO - Filling up the DagBag from /home/airflow/.local/lib/python3.8/site-packages/airflow/example_dags/example_task_group_decorator.py
[2024-03-02T22:46:29.550+0000] {processor.py:840} INFO - DAG(s) 'example_task_group_decorator' retrieved from /home/airflow/.local/lib/python3.8/site-packages/airflow/example_dags/example_task_group_decorator.py
[2024-03-02T22:46:29.596+0000] {logging_mixin.py:188} INFO - [2024-03-02T22:46:29.595+0000] {dag.py:3036} INFO - Sync 1 DAGs
[2024-03-02T22:46:29.641+0000] {logging_mixin.py:188} INFO - [2024-03-02T22:46:29.639+0000] {dag.py:3823} INFO - Setting next_dagrun for example_task_group_decorator to 2024-03-01 00:00:00+00:00, run_after=2024-03-02 00:00:00+00:00
[2024-03-02T22:46:29.670+0000] {processor.py:183} INFO - Processing /home/airflow/.local/lib/python3.8/site-packages/airflow/example_dags/example_task_group_decorator.py took 0.157 seconds
[2024-03-02T22:46:59.866+0000] {processor.py:161} INFO - Started process (PID=176) to work on /home/airflow/.local/lib/python3.8/site-packages/airflow/example_dags/example_task_group_decorator.py
[2024-03-02T22:46:59.868+0000] {processor.py:830} INFO - Processing file /home/airflow/.local/lib/python3.8/site-packages/airflow/example_dags/example_task_group_decorator.py for tasks to queue
[2024-03-02T22:46:59.870+0000] {logging_mixin.py:188} INFO - [2024-03-02T22:46:59.869+0000] {dagbag.py:538} INFO - Filling up the DagBag from /home/airflow/.local/lib/python3.8/site-packages/airflow/example_dags/example_task_group_decorator.py
[2024-03-02T22:46:59.885+0000] {processor.py:840} INFO - DAG(s) 'example_task_group_decorator' retrieved from /home/airflow/.local/lib/python3.8/site-packages/airflow/example_dags/example_task_group_decorator.py
[2024-03-02T22:46:59.912+0000] {logging_mixin.py:188} INFO - [2024-03-02T22:46:59.912+0000] {dag.py:3036} INFO - Sync 1 DAGs
[2024-03-02T22:46:59.934+0000] {logging_mixin.py:188} INFO - [2024-03-02T22:46:59.934+0000] {dag.py:3823} INFO - Setting next_dagrun for example_task_group_decorator to 2024-03-01 00:00:00+00:00, run_after=2024-03-02 00:00:00+00:00
[2024-03-02T22:46:59.959+0000] {processor.py:183} INFO - Processing /home/airflow/.local/lib/python3.8/site-packages/airflow/example_dags/example_task_group_decorator.py took 0.096 seconds
[2024-03-02T22:47:30.300+0000] {processor.py:161} INFO - Started process (PID=232) to work on /home/airflow/.local/lib/python3.8/site-packages/airflow/example_dags/example_task_group_decorator.py
[2024-03-02T22:47:30.302+0000] {processor.py:830} INFO - Processing file /home/airflow/.local/lib/python3.8/site-packages/airflow/example_dags/example_task_group_decorator.py for tasks to queue
[2024-03-02T22:47:30.304+0000] {logging_mixin.py:188} INFO - [2024-03-02T22:47:30.303+0000] {dagbag.py:538} INFO - Filling up the DagBag from /home/airflow/.local/lib/python3.8/site-packages/airflow/example_dags/example_task_group_decorator.py
[2024-03-02T22:47:30.320+0000] {processor.py:840} INFO - DAG(s) 'example_task_group_decorator' retrieved from /home/airflow/.local/lib/python3.8/site-packages/airflow/example_dags/example_task_group_decorator.py
[2024-03-02T22:47:30.343+0000] {logging_mixin.py:188} INFO - [2024-03-02T22:47:30.343+0000] {dag.py:3036} INFO - Sync 1 DAGs
[2024-03-02T22:47:30.364+0000] {logging_mixin.py:188} INFO - [2024-03-02T22:47:30.364+0000] {dag.py:3823} INFO - Setting next_dagrun for example_task_group_decorator to 2024-03-01 00:00:00+00:00, run_after=2024-03-02 00:00:00+00:00
[2024-03-02T22:47:30.381+0000] {processor.py:183} INFO - Processing /home/airflow/.local/lib/python3.8/site-packages/airflow/example_dags/example_task_group_decorator.py took 0.084 seconds
[2024-03-02T22:48:00.578+0000] {processor.py:161} INFO - Started process (PID=288) to work on /home/airflow/.local/lib/python3.8/site-packages/airflow/example_dags/example_task_group_decorator.py
[2024-03-02T22:48:00.579+0000] {processor.py:830} INFO - Processing file /home/airflow/.local/lib/python3.8/site-packages/airflow/example_dags/example_task_group_decorator.py for tasks to queue
[2024-03-02T22:48:00.581+0000] {logging_mixin.py:188} INFO - [2024-03-02T22:48:00.580+0000] {dagbag.py:538} INFO - Filling up the DagBag from /home/airflow/.local/lib/python3.8/site-packages/airflow/example_dags/example_task_group_decorator.py
[2024-03-02T22:48:00.594+0000] {processor.py:840} INFO - DAG(s) 'example_task_group_decorator' retrieved from /home/airflow/.local/lib/python3.8/site-packages/airflow/example_dags/example_task_group_decorator.py
[2024-03-02T22:48:00.618+0000] {logging_mixin.py:188} INFO - [2024-03-02T22:48:00.618+0000] {dag.py:3036} INFO - Sync 1 DAGs
[2024-03-02T22:48:00.639+0000] {logging_mixin.py:188} INFO - [2024-03-02T22:48:00.639+0000] {dag.py:3823} INFO - Setting next_dagrun for example_task_group_decorator to 2024-03-01 00:00:00+00:00, run_after=2024-03-02 00:00:00+00:00
[2024-03-02T22:48:00.657+0000] {processor.py:183} INFO - Processing /home/airflow/.local/lib/python3.8/site-packages/airflow/example_dags/example_task_group_decorator.py took 0.082 seconds
[2024-03-02T22:48:31.228+0000] {processor.py:161} INFO - Started process (PID=344) to work on /home/airflow/.local/lib/python3.8/site-packages/airflow/example_dags/example_task_group_decorator.py
[2024-03-02T22:48:31.229+0000] {processor.py:830} INFO - Processing file /home/airflow/.local/lib/python3.8/site-packages/airflow/example_dags/example_task_group_decorator.py for tasks to queue
[2024-03-02T22:48:31.232+0000] {logging_mixin.py:188} INFO - [2024-03-02T22:48:31.231+0000] {dagbag.py:538} INFO - Filling up the DagBag from /home/airflow/.local/lib/python3.8/site-packages/airflow/example_dags/example_task_group_decorator.py
[2024-03-02T22:48:31.248+0000] {processor.py:840} INFO - DAG(s) 'example_task_group_decorator' retrieved from /home/airflow/.local/lib/python3.8/site-packages/airflow/example_dags/example_task_group_decorator.py
[2024-03-02T22:48:31.275+0000] {logging_mixin.py:188} INFO - [2024-03-02T22:48:31.275+0000] {dag.py:3036} INFO - Sync 1 DAGs
[2024-03-02T22:48:31.297+0000] {logging_mixin.py:188} INFO - [2024-03-02T22:48:31.297+0000] {dag.py:3823} INFO - Setting next_dagrun for example_task_group_decorator to 2024-03-01 00:00:00+00:00, run_after=2024-03-02 00:00:00+00:00
[2024-03-02T22:48:31.330+0000] {processor.py:183} INFO - Processing /home/airflow/.local/lib/python3.8/site-packages/airflow/example_dags/example_task_group_decorator.py took 0.105 seconds
[2024-03-02T22:49:01.610+0000] {processor.py:161} INFO - Started process (PID=400) to work on /home/airflow/.local/lib/python3.8/site-packages/airflow/example_dags/example_task_group_decorator.py
[2024-03-02T22:49:01.611+0000] {processor.py:830} INFO - Processing file /home/airflow/.local/lib/python3.8/site-packages/airflow/example_dags/example_task_group_decorator.py for tasks to queue
[2024-03-02T22:49:01.614+0000] {logging_mixin.py:188} INFO - [2024-03-02T22:49:01.613+0000] {dagbag.py:538} INFO - Filling up the DagBag from /home/airflow/.local/lib/python3.8/site-packages/airflow/example_dags/example_task_group_decorator.py
[2024-03-02T22:49:01.634+0000] {processor.py:840} INFO - DAG(s) 'example_task_group_decorator' retrieved from /home/airflow/.local/lib/python3.8/site-packages/airflow/example_dags/example_task_group_decorator.py
[2024-03-02T22:49:01.670+0000] {logging_mixin.py:188} INFO - [2024-03-02T22:49:01.670+0000] {dag.py:3036} INFO - Sync 1 DAGs
[2024-03-02T22:49:01.694+0000] {logging_mixin.py:188} INFO - [2024-03-02T22:49:01.693+0000] {dag.py:3823} INFO - Setting next_dagrun for example_task_group_decorator to 2024-03-01 00:00:00+00:00, run_after=2024-03-02 00:00:00+00:00
[2024-03-02T22:49:01.716+0000] {processor.py:183} INFO - Processing /home/airflow/.local/lib/python3.8/site-packages/airflow/example_dags/example_task_group_decorator.py took 0.110 seconds
[2024-03-02T22:49:32.171+0000] {processor.py:161} INFO - Started process (PID=456) to work on /home/airflow/.local/lib/python3.8/site-packages/airflow/example_dags/example_task_group_decorator.py
[2024-03-02T22:49:32.172+0000] {processor.py:830} INFO - Processing file /home/airflow/.local/lib/python3.8/site-packages/airflow/example_dags/example_task_group_decorator.py for tasks to queue
[2024-03-02T22:49:32.174+0000] {logging_mixin.py:188} INFO - [2024-03-02T22:49:32.174+0000] {dagbag.py:538} INFO - Filling up the DagBag from /home/airflow/.local/lib/python3.8/site-packages/airflow/example_dags/example_task_group_decorator.py
[2024-03-02T22:49:32.195+0000] {processor.py:840} INFO - DAG(s) 'example_task_group_decorator' retrieved from /home/airflow/.local/lib/python3.8/site-packages/airflow/example_dags/example_task_group_decorator.py
[2024-03-02T22:49:32.230+0000] {logging_mixin.py:188} INFO - [2024-03-02T22:49:32.230+0000] {dag.py:3036} INFO - Sync 1 DAGs
[2024-03-02T22:49:32.259+0000] {logging_mixin.py:188} INFO - [2024-03-02T22:49:32.259+0000] {dag.py:3823} INFO - Setting next_dagrun for example_task_group_decorator to 2024-03-01 00:00:00+00:00, run_after=2024-03-02 00:00:00+00:00
[2024-03-02T22:49:32.282+0000] {processor.py:183} INFO - Processing /home/airflow/.local/lib/python3.8/site-packages/airflow/example_dags/example_task_group_decorator.py took 0.116 seconds
[2024-03-02T22:50:02.488+0000] {processor.py:161} INFO - Started process (PID=510) to work on /home/airflow/.local/lib/python3.8/site-packages/airflow/example_dags/example_task_group_decorator.py
[2024-03-02T22:50:02.489+0000] {processor.py:830} INFO - Processing file /home/airflow/.local/lib/python3.8/site-packages/airflow/example_dags/example_task_group_decorator.py for tasks to queue
[2024-03-02T22:50:02.491+0000] {logging_mixin.py:188} INFO - [2024-03-02T22:50:02.491+0000] {dagbag.py:538} INFO - Filling up the DagBag from /home/airflow/.local/lib/python3.8/site-packages/airflow/example_dags/example_task_group_decorator.py
[2024-03-02T22:50:02.506+0000] {processor.py:840} INFO - DAG(s) 'example_task_group_decorator' retrieved from /home/airflow/.local/lib/python3.8/site-packages/airflow/example_dags/example_task_group_decorator.py
[2024-03-02T22:50:02.536+0000] {logging_mixin.py:188} INFO - [2024-03-02T22:50:02.536+0000] {dag.py:3036} INFO - Sync 1 DAGs
[2024-03-02T22:50:02.557+0000] {logging_mixin.py:188} INFO - [2024-03-02T22:50:02.557+0000] {dag.py:3823} INFO - Setting next_dagrun for example_task_group_decorator to 2024-03-01 00:00:00+00:00, run_after=2024-03-02 00:00:00+00:00
[2024-03-02T22:50:02.585+0000] {processor.py:183} INFO - Processing /home/airflow/.local/lib/python3.8/site-packages/airflow/example_dags/example_task_group_decorator.py took 0.100 seconds
[2024-03-02T22:50:32.631+0000] {processor.py:161} INFO - Started process (PID=565) to work on /home/airflow/.local/lib/python3.8/site-packages/airflow/example_dags/example_task_group_decorator.py
[2024-03-02T22:50:32.632+0000] {processor.py:830} INFO - Processing file /home/airflow/.local/lib/python3.8/site-packages/airflow/example_dags/example_task_group_decorator.py for tasks to queue
[2024-03-02T22:50:32.634+0000] {logging_mixin.py:188} INFO - [2024-03-02T22:50:32.634+0000] {dagbag.py:538} INFO - Filling up the DagBag from /home/airflow/.local/lib/python3.8/site-packages/airflow/example_dags/example_task_group_decorator.py
[2024-03-02T22:50:32.648+0000] {processor.py:840} INFO - DAG(s) 'example_task_group_decorator' retrieved from /home/airflow/.local/lib/python3.8/site-packages/airflow/example_dags/example_task_group_decorator.py
[2024-03-02T22:50:32.672+0000] {logging_mixin.py:188} INFO - [2024-03-02T22:50:32.672+0000] {dag.py:3036} INFO - Sync 1 DAGs
[2024-03-02T22:50:32.693+0000] {logging_mixin.py:188} INFO - [2024-03-02T22:50:32.693+0000] {dag.py:3823} INFO - Setting next_dagrun for example_task_group_decorator to 2024-03-01 00:00:00+00:00, run_after=2024-03-02 00:00:00+00:00
[2024-03-02T22:50:32.720+0000] {processor.py:183} INFO - Processing /home/airflow/.local/lib/python3.8/site-packages/airflow/example_dags/example_task_group_decorator.py took 0.092 seconds
[2024-03-02T22:51:03.164+0000] {processor.py:161} INFO - Started process (PID=622) to work on /home/airflow/.local/lib/python3.8/site-packages/airflow/example_dags/example_task_group_decorator.py
[2024-03-02T22:51:03.165+0000] {processor.py:830} INFO - Processing file /home/airflow/.local/lib/python3.8/site-packages/airflow/example_dags/example_task_group_decorator.py for tasks to queue
[2024-03-02T22:51:03.167+0000] {logging_mixin.py:188} INFO - [2024-03-02T22:51:03.167+0000] {dagbag.py:538} INFO - Filling up the DagBag from /home/airflow/.local/lib/python3.8/site-packages/airflow/example_dags/example_task_group_decorator.py
[2024-03-02T22:51:03.184+0000] {processor.py:840} INFO - DAG(s) 'example_task_group_decorator' retrieved from /home/airflow/.local/lib/python3.8/site-packages/airflow/example_dags/example_task_group_decorator.py
[2024-03-02T22:51:03.214+0000] {logging_mixin.py:188} INFO - [2024-03-02T22:51:03.214+0000] {dag.py:3036} INFO - Sync 1 DAGs
[2024-03-02T22:51:03.236+0000] {logging_mixin.py:188} INFO - [2024-03-02T22:51:03.236+0000] {dag.py:3823} INFO - Setting next_dagrun for example_task_group_decorator to 2024-03-01 00:00:00+00:00, run_after=2024-03-02 00:00:00+00:00
[2024-03-02T22:51:03.254+0000] {processor.py:183} INFO - Processing /home/airflow/.local/lib/python3.8/site-packages/airflow/example_dags/example_task_group_decorator.py took 0.094 seconds
[2024-03-02T22:51:33.797+0000] {processor.py:161} INFO - Started process (PID=678) to work on /home/airflow/.local/lib/python3.8/site-packages/airflow/example_dags/example_task_group_decorator.py
[2024-03-02T22:51:33.798+0000] {processor.py:830} INFO - Processing file /home/airflow/.local/lib/python3.8/site-packages/airflow/example_dags/example_task_group_decorator.py for tasks to queue
[2024-03-02T22:51:33.800+0000] {logging_mixin.py:188} INFO - [2024-03-02T22:51:33.800+0000] {dagbag.py:538} INFO - Filling up the DagBag from /home/airflow/.local/lib/python3.8/site-packages/airflow/example_dags/example_task_group_decorator.py
[2024-03-02T22:51:33.814+0000] {processor.py:840} INFO - DAG(s) 'example_task_group_decorator' retrieved from /home/airflow/.local/lib/python3.8/site-packages/airflow/example_dags/example_task_group_decorator.py
[2024-03-02T22:51:33.841+0000] {logging_mixin.py:188} INFO - [2024-03-02T22:51:33.840+0000] {dag.py:3036} INFO - Sync 1 DAGs
[2024-03-02T22:51:33.936+0000] {logging_mixin.py:188} INFO - [2024-03-02T22:51:33.935+0000] {dag.py:3823} INFO - Setting next_dagrun for example_task_group_decorator to 2024-03-01 00:00:00+00:00, run_after=2024-03-02 00:00:00+00:00
[2024-03-02T22:51:34.089+0000] {processor.py:183} INFO - Processing /home/airflow/.local/lib/python3.8/site-packages/airflow/example_dags/example_task_group_decorator.py took 0.296 seconds
[2024-03-02T22:52:14.329+0000] {processor.py:161} INFO - Started process (PID=698) to work on /home/airflow/.local/lib/python3.8/site-packages/airflow/example_dags/example_task_group_decorator.py
[2024-03-02T22:52:14.330+0000] {processor.py:830} INFO - Processing file /home/airflow/.local/lib/python3.8/site-packages/airflow/example_dags/example_task_group_decorator.py for tasks to queue
[2024-03-02T22:52:14.332+0000] {logging_mixin.py:188} INFO - [2024-03-02T22:52:14.332+0000] {dagbag.py:538} INFO - Filling up the DagBag from /home/airflow/.local/lib/python3.8/site-packages/airflow/example_dags/example_task_group_decorator.py
[2024-03-02T22:52:14.350+0000] {processor.py:840} INFO - DAG(s) 'example_task_group_decorator' retrieved from /home/airflow/.local/lib/python3.8/site-packages/airflow/example_dags/example_task_group_decorator.py
[2024-03-02T22:52:14.385+0000] {logging_mixin.py:188} INFO - [2024-03-02T22:52:14.384+0000] {dag.py:3036} INFO - Sync 1 DAGs
[2024-03-02T22:52:14.430+0000] {logging_mixin.py:188} INFO - [2024-03-02T22:52:14.430+0000] {dag.py:3823} INFO - Setting next_dagrun for example_task_group_decorator to 2024-03-01 00:00:00+00:00, run_after=2024-03-02 00:00:00+00:00
[2024-03-02T22:52:14.465+0000] {processor.py:183} INFO - Processing /home/airflow/.local/lib/python3.8/site-packages/airflow/example_dags/example_task_group_decorator.py took 0.140 seconds
[2024-03-02T22:52:44.974+0000] {processor.py:161} INFO - Started process (PID=754) to work on /home/airflow/.local/lib/python3.8/site-packages/airflow/example_dags/example_task_group_decorator.py
[2024-03-02T22:52:44.975+0000] {processor.py:830} INFO - Processing file /home/airflow/.local/lib/python3.8/site-packages/airflow/example_dags/example_task_group_decorator.py for tasks to queue
[2024-03-02T22:52:44.977+0000] {logging_mixin.py:188} INFO - [2024-03-02T22:52:44.977+0000] {dagbag.py:538} INFO - Filling up the DagBag from /home/airflow/.local/lib/python3.8/site-packages/airflow/example_dags/example_task_group_decorator.py
[2024-03-02T22:52:44.991+0000] {processor.py:840} INFO - DAG(s) 'example_task_group_decorator' retrieved from /home/airflow/.local/lib/python3.8/site-packages/airflow/example_dags/example_task_group_decorator.py
[2024-03-02T22:52:45.015+0000] {logging_mixin.py:188} INFO - [2024-03-02T22:52:45.015+0000] {dag.py:3036} INFO - Sync 1 DAGs
[2024-03-02T22:52:45.037+0000] {logging_mixin.py:188} INFO - [2024-03-02T22:52:45.037+0000] {dag.py:3823} INFO - Setting next_dagrun for example_task_group_decorator to 2024-03-01 00:00:00+00:00, run_after=2024-03-02 00:00:00+00:00
[2024-03-02T22:52:45.055+0000] {processor.py:183} INFO - Processing /home/airflow/.local/lib/python3.8/site-packages/airflow/example_dags/example_task_group_decorator.py took 0.084 seconds
[2024-03-02T22:53:15.800+0000] {processor.py:161} INFO - Started process (PID=810) to work on /home/airflow/.local/lib/python3.8/site-packages/airflow/example_dags/example_task_group_decorator.py
[2024-03-02T22:53:15.825+0000] {processor.py:830} INFO - Processing file /home/airflow/.local/lib/python3.8/site-packages/airflow/example_dags/example_task_group_decorator.py for tasks to queue
[2024-03-02T22:53:15.827+0000] {logging_mixin.py:188} INFO - [2024-03-02T22:53:15.827+0000] {dagbag.py:538} INFO - Filling up the DagBag from /home/airflow/.local/lib/python3.8/site-packages/airflow/example_dags/example_task_group_decorator.py
[2024-03-02T22:53:15.840+0000] {processor.py:840} INFO - DAG(s) 'example_task_group_decorator' retrieved from /home/airflow/.local/lib/python3.8/site-packages/airflow/example_dags/example_task_group_decorator.py
[2024-03-02T22:53:15.864+0000] {logging_mixin.py:188} INFO - [2024-03-02T22:53:15.864+0000] {dag.py:3036} INFO - Sync 1 DAGs
[2024-03-02T22:53:15.890+0000] {logging_mixin.py:188} INFO - [2024-03-02T22:53:15.890+0000] {dag.py:3823} INFO - Setting next_dagrun for example_task_group_decorator to 2024-03-01 00:00:00+00:00, run_after=2024-03-02 00:00:00+00:00
[2024-03-02T22:53:15.915+0000] {processor.py:183} INFO - Processing /home/airflow/.local/lib/python3.8/site-packages/airflow/example_dags/example_task_group_decorator.py took 0.119 seconds
[2024-03-02T22:55:06.428+0000] {processor.py:161} INFO - Started process (PID=869) to work on /home/airflow/.local/lib/python3.8/site-packages/airflow/example_dags/example_task_group_decorator.py
[2024-03-02T22:55:06.533+0000] {processor.py:830} INFO - Processing file /home/airflow/.local/lib/python3.8/site-packages/airflow/example_dags/example_task_group_decorator.py for tasks to queue
[2024-03-02T22:55:06.564+0000] {logging_mixin.py:188} INFO - [2024-03-02T22:55:06.564+0000] {dagbag.py:538} INFO - Filling up the DagBag from /home/airflow/.local/lib/python3.8/site-packages/airflow/example_dags/example_task_group_decorator.py
[2024-03-02T22:55:27.686+0000] {processor.py:840} INFO - DAG(s) 'example_task_group_decorator' retrieved from /home/airflow/.local/lib/python3.8/site-packages/airflow/example_dags/example_task_group_decorator.py
[2024-03-02T22:55:36.725+0000] {logging_mixin.py:188} INFO - [2024-03-02T22:55:36.724+0000] {dag.py:3036} INFO - Sync 1 DAGs
[2024-03-02T22:55:38.781+0000] {logging_mixin.py:188} INFO - [2024-03-02T22:55:38.780+0000] {dag.py:3823} INFO - Setting next_dagrun for example_task_group_decorator to 2024-03-01 00:00:00+00:00, run_after=2024-03-02 00:00:00+00:00
[2024-03-02T22:55:42.064+0000] {processor.py:183} INFO - Processing /home/airflow/.local/lib/python3.8/site-packages/airflow/example_dags/example_task_group_decorator.py took 35.762 seconds
[2024-03-02T22:57:55.358+0000] {processor.py:161} INFO - Started process (PID=936) to work on /home/airflow/.local/lib/python3.8/site-packages/airflow/example_dags/example_task_group_decorator.py
[2024-03-02T22:57:55.410+0000] {processor.py:830} INFO - Processing file /home/airflow/.local/lib/python3.8/site-packages/airflow/example_dags/example_task_group_decorator.py for tasks to queue
[2024-03-02T22:57:55.411+0000] {logging_mixin.py:188} INFO - [2024-03-02T22:57:55.411+0000] {dagbag.py:538} INFO - Filling up the DagBag from /home/airflow/.local/lib/python3.8/site-packages/airflow/example_dags/example_task_group_decorator.py
[2024-03-02T22:57:55.492+0000] {processor.py:840} INFO - DAG(s) 'example_task_group_decorator' retrieved from /home/airflow/.local/lib/python3.8/site-packages/airflow/example_dags/example_task_group_decorator.py
[2024-03-02T22:57:55.519+0000] {logging_mixin.py:188} INFO - [2024-03-02T22:57:55.519+0000] {dag.py:3036} INFO - Sync 1 DAGs
[2024-03-02T22:57:55.550+0000] {logging_mixin.py:188} INFO - [2024-03-02T22:57:55.549+0000] {dag.py:3823} INFO - Setting next_dagrun for example_task_group_decorator to 2024-03-01 00:00:00+00:00, run_after=2024-03-02 00:00:00+00:00
[2024-03-02T22:57:55.593+0000] {processor.py:183} INFO - Processing /home/airflow/.local/lib/python3.8/site-packages/airflow/example_dags/example_task_group_decorator.py took 0.239 seconds
