[2024-03-02T22:46:15.161+0000] {processor.py:161} INFO - Started process (PID=81) to work on /home/airflow/.local/lib/python3.8/site-packages/airflow/example_dags/example_branch_operator.py
[2024-03-02T22:46:15.166+0000] {processor.py:830} INFO - Processing file /home/airflow/.local/lib/python3.8/site-packages/airflow/example_dags/example_branch_operator.py for tasks to queue
[2024-03-02T22:46:15.169+0000] {logging_mixin.py:188} INFO - [2024-03-02T22:46:15.169+0000] {dagbag.py:538} INFO - Filling up the DagBag from /home/airflow/.local/lib/python3.8/site-packages/airflow/example_dags/example_branch_operator.py
[2024-03-02T22:46:15.226+0000] {processor.py:840} INFO - DAG(s) 'example_branch_operator' retrieved from /home/airflow/.local/lib/python3.8/site-packages/airflow/example_dags/example_branch_operator.py
[2024-03-02T22:46:15.443+0000] {logging_mixin.py:188} INFO - [2024-03-02T22:46:15.442+0000] {dag.py:3036} INFO - Sync 1 DAGs
[2024-03-02T22:46:15.496+0000] {logging_mixin.py:188} INFO - [2024-03-02T22:46:15.495+0000] {dag.py:3823} INFO - Setting next_dagrun for example_branch_operator to 2024-03-01 00:00:00+00:00, run_after=2024-03-02 00:00:00+00:00
[2024-03-02T22:46:15.550+0000] {processor.py:183} INFO - Processing /home/airflow/.local/lib/python3.8/site-packages/airflow/example_dags/example_branch_operator.py took 0.394 seconds
[2024-03-02T22:46:46.000+0000] {processor.py:161} INFO - Started process (PID=137) to work on /home/airflow/.local/lib/python3.8/site-packages/airflow/example_dags/example_branch_operator.py
[2024-03-02T22:46:46.001+0000] {processor.py:830} INFO - Processing file /home/airflow/.local/lib/python3.8/site-packages/airflow/example_dags/example_branch_operator.py for tasks to queue
[2024-03-02T22:46:46.004+0000] {logging_mixin.py:188} INFO - [2024-03-02T22:46:46.003+0000] {dagbag.py:538} INFO - Filling up the DagBag from /home/airflow/.local/lib/python3.8/site-packages/airflow/example_dags/example_branch_operator.py
[2024-03-02T22:46:46.026+0000] {processor.py:840} INFO - DAG(s) 'example_branch_operator' retrieved from /home/airflow/.local/lib/python3.8/site-packages/airflow/example_dags/example_branch_operator.py
[2024-03-02T22:46:46.069+0000] {logging_mixin.py:188} INFO - [2024-03-02T22:46:46.067+0000] {dag.py:3036} INFO - Sync 1 DAGs
[2024-03-02T22:46:46.105+0000] {logging_mixin.py:188} INFO - [2024-03-02T22:46:46.104+0000] {dag.py:3823} INFO - Setting next_dagrun for example_branch_operator to 2024-03-01 00:00:00+00:00, run_after=2024-03-02 00:00:00+00:00
[2024-03-02T22:46:46.127+0000] {processor.py:183} INFO - Processing /home/airflow/.local/lib/python3.8/site-packages/airflow/example_dags/example_branch_operator.py took 0.133 seconds
[2024-03-02T22:47:16.933+0000] {processor.py:161} INFO - Started process (PID=193) to work on /home/airflow/.local/lib/python3.8/site-packages/airflow/example_dags/example_branch_operator.py
[2024-03-02T22:47:16.943+0000] {processor.py:830} INFO - Processing file /home/airflow/.local/lib/python3.8/site-packages/airflow/example_dags/example_branch_operator.py for tasks to queue
[2024-03-02T22:47:16.949+0000] {logging_mixin.py:188} INFO - [2024-03-02T22:47:16.948+0000] {dagbag.py:538} INFO - Filling up the DagBag from /home/airflow/.local/lib/python3.8/site-packages/airflow/example_dags/example_branch_operator.py
[2024-03-02T22:47:17.017+0000] {processor.py:840} INFO - DAG(s) 'example_branch_operator' retrieved from /home/airflow/.local/lib/python3.8/site-packages/airflow/example_dags/example_branch_operator.py
[2024-03-02T22:47:17.072+0000] {logging_mixin.py:188} INFO - [2024-03-02T22:47:17.071+0000] {dag.py:3036} INFO - Sync 1 DAGs
[2024-03-02T22:47:17.111+0000] {logging_mixin.py:188} INFO - [2024-03-02T22:47:17.111+0000] {dag.py:3823} INFO - Setting next_dagrun for example_branch_operator to 2024-03-01 00:00:00+00:00, run_after=2024-03-02 00:00:00+00:00
[2024-03-02T22:47:17.143+0000] {processor.py:183} INFO - Processing /home/airflow/.local/lib/python3.8/site-packages/airflow/example_dags/example_branch_operator.py took 0.225 seconds
[2024-03-02T22:47:47.438+0000] {processor.py:161} INFO - Started process (PID=249) to work on /home/airflow/.local/lib/python3.8/site-packages/airflow/example_dags/example_branch_operator.py
[2024-03-02T22:47:47.440+0000] {processor.py:830} INFO - Processing file /home/airflow/.local/lib/python3.8/site-packages/airflow/example_dags/example_branch_operator.py for tasks to queue
[2024-03-02T22:47:47.442+0000] {logging_mixin.py:188} INFO - [2024-03-02T22:47:47.442+0000] {dagbag.py:538} INFO - Filling up the DagBag from /home/airflow/.local/lib/python3.8/site-packages/airflow/example_dags/example_branch_operator.py
[2024-03-02T22:47:47.471+0000] {processor.py:840} INFO - DAG(s) 'example_branch_operator' retrieved from /home/airflow/.local/lib/python3.8/site-packages/airflow/example_dags/example_branch_operator.py
[2024-03-02T22:47:47.508+0000] {logging_mixin.py:188} INFO - [2024-03-02T22:47:47.508+0000] {dag.py:3036} INFO - Sync 1 DAGs
[2024-03-02T22:47:47.544+0000] {logging_mixin.py:188} INFO - [2024-03-02T22:47:47.544+0000] {dag.py:3823} INFO - Setting next_dagrun for example_branch_operator to 2024-03-01 00:00:00+00:00, run_after=2024-03-02 00:00:00+00:00
[2024-03-02T22:47:47.576+0000] {processor.py:183} INFO - Processing /home/airflow/.local/lib/python3.8/site-packages/airflow/example_dags/example_branch_operator.py took 0.144 seconds
[2024-03-02T22:48:17.799+0000] {processor.py:161} INFO - Started process (PID=305) to work on /home/airflow/.local/lib/python3.8/site-packages/airflow/example_dags/example_branch_operator.py
[2024-03-02T22:48:17.800+0000] {processor.py:830} INFO - Processing file /home/airflow/.local/lib/python3.8/site-packages/airflow/example_dags/example_branch_operator.py for tasks to queue
[2024-03-02T22:48:17.802+0000] {logging_mixin.py:188} INFO - [2024-03-02T22:48:17.802+0000] {dagbag.py:538} INFO - Filling up the DagBag from /home/airflow/.local/lib/python3.8/site-packages/airflow/example_dags/example_branch_operator.py
[2024-03-02T22:48:17.823+0000] {processor.py:840} INFO - DAG(s) 'example_branch_operator' retrieved from /home/airflow/.local/lib/python3.8/site-packages/airflow/example_dags/example_branch_operator.py
[2024-03-02T22:48:17.850+0000] {logging_mixin.py:188} INFO - [2024-03-02T22:48:17.849+0000] {dag.py:3036} INFO - Sync 1 DAGs
[2024-03-02T22:48:17.873+0000] {logging_mixin.py:188} INFO - [2024-03-02T22:48:17.873+0000] {dag.py:3823} INFO - Setting next_dagrun for example_branch_operator to 2024-03-01 00:00:00+00:00, run_after=2024-03-02 00:00:00+00:00
[2024-03-02T22:48:17.890+0000] {processor.py:183} INFO - Processing /home/airflow/.local/lib/python3.8/site-packages/airflow/example_dags/example_branch_operator.py took 0.094 seconds
[2024-03-02T22:48:48.217+0000] {processor.py:161} INFO - Started process (PID=361) to work on /home/airflow/.local/lib/python3.8/site-packages/airflow/example_dags/example_branch_operator.py
[2024-03-02T22:48:48.218+0000] {processor.py:830} INFO - Processing file /home/airflow/.local/lib/python3.8/site-packages/airflow/example_dags/example_branch_operator.py for tasks to queue
[2024-03-02T22:48:48.221+0000] {logging_mixin.py:188} INFO - [2024-03-02T22:48:48.220+0000] {dagbag.py:538} INFO - Filling up the DagBag from /home/airflow/.local/lib/python3.8/site-packages/airflow/example_dags/example_branch_operator.py
[2024-03-02T22:48:48.243+0000] {processor.py:840} INFO - DAG(s) 'example_branch_operator' retrieved from /home/airflow/.local/lib/python3.8/site-packages/airflow/example_dags/example_branch_operator.py
[2024-03-02T22:48:48.279+0000] {logging_mixin.py:188} INFO - [2024-03-02T22:48:48.279+0000] {dag.py:3036} INFO - Sync 1 DAGs
[2024-03-02T22:48:48.306+0000] {logging_mixin.py:188} INFO - [2024-03-02T22:48:48.306+0000] {dag.py:3823} INFO - Setting next_dagrun for example_branch_operator to 2024-03-01 00:00:00+00:00, run_after=2024-03-02 00:00:00+00:00
[2024-03-02T22:48:48.330+0000] {processor.py:183} INFO - Processing /home/airflow/.local/lib/python3.8/site-packages/airflow/example_dags/example_branch_operator.py took 0.118 seconds
[2024-03-02T22:49:18.856+0000] {processor.py:161} INFO - Started process (PID=417) to work on /home/airflow/.local/lib/python3.8/site-packages/airflow/example_dags/example_branch_operator.py
[2024-03-02T22:49:18.857+0000] {processor.py:830} INFO - Processing file /home/airflow/.local/lib/python3.8/site-packages/airflow/example_dags/example_branch_operator.py for tasks to queue
[2024-03-02T22:49:18.859+0000] {logging_mixin.py:188} INFO - [2024-03-02T22:49:18.859+0000] {dagbag.py:538} INFO - Filling up the DagBag from /home/airflow/.local/lib/python3.8/site-packages/airflow/example_dags/example_branch_operator.py
[2024-03-02T22:49:18.877+0000] {processor.py:840} INFO - DAG(s) 'example_branch_operator' retrieved from /home/airflow/.local/lib/python3.8/site-packages/airflow/example_dags/example_branch_operator.py
[2024-03-02T22:49:18.903+0000] {logging_mixin.py:188} INFO - [2024-03-02T22:49:18.903+0000] {dag.py:3036} INFO - Sync 1 DAGs
[2024-03-02T22:49:18.926+0000] {logging_mixin.py:188} INFO - [2024-03-02T22:49:18.925+0000] {dag.py:3823} INFO - Setting next_dagrun for example_branch_operator to 2024-03-01 00:00:00+00:00, run_after=2024-03-02 00:00:00+00:00
[2024-03-02T22:49:18.944+0000] {processor.py:183} INFO - Processing /home/airflow/.local/lib/python3.8/site-packages/airflow/example_dags/example_branch_operator.py took 0.092 seconds
[2024-03-02T22:49:49.389+0000] {processor.py:161} INFO - Started process (PID=473) to work on /home/airflow/.local/lib/python3.8/site-packages/airflow/example_dags/example_branch_operator.py
[2024-03-02T22:49:49.390+0000] {processor.py:830} INFO - Processing file /home/airflow/.local/lib/python3.8/site-packages/airflow/example_dags/example_branch_operator.py for tasks to queue
[2024-03-02T22:49:49.392+0000] {logging_mixin.py:188} INFO - [2024-03-02T22:49:49.391+0000] {dagbag.py:538} INFO - Filling up the DagBag from /home/airflow/.local/lib/python3.8/site-packages/airflow/example_dags/example_branch_operator.py
[2024-03-02T22:49:49.409+0000] {processor.py:840} INFO - DAG(s) 'example_branch_operator' retrieved from /home/airflow/.local/lib/python3.8/site-packages/airflow/example_dags/example_branch_operator.py
[2024-03-02T22:49:49.435+0000] {logging_mixin.py:188} INFO - [2024-03-02T22:49:49.435+0000] {dag.py:3036} INFO - Sync 1 DAGs
[2024-03-02T22:49:49.457+0000] {logging_mixin.py:188} INFO - [2024-03-02T22:49:49.457+0000] {dag.py:3823} INFO - Setting next_dagrun for example_branch_operator to 2024-03-01 00:00:00+00:00, run_after=2024-03-02 00:00:00+00:00
[2024-03-02T22:49:49.474+0000] {processor.py:183} INFO - Processing /home/airflow/.local/lib/python3.8/site-packages/airflow/example_dags/example_branch_operator.py took 0.089 seconds
[2024-03-02T22:50:19.752+0000] {processor.py:161} INFO - Started process (PID=529) to work on /home/airflow/.local/lib/python3.8/site-packages/airflow/example_dags/example_branch_operator.py
[2024-03-02T22:50:19.753+0000] {processor.py:830} INFO - Processing file /home/airflow/.local/lib/python3.8/site-packages/airflow/example_dags/example_branch_operator.py for tasks to queue
[2024-03-02T22:50:19.755+0000] {logging_mixin.py:188} INFO - [2024-03-02T22:50:19.755+0000] {dagbag.py:538} INFO - Filling up the DagBag from /home/airflow/.local/lib/python3.8/site-packages/airflow/example_dags/example_branch_operator.py
[2024-03-02T22:50:19.775+0000] {processor.py:840} INFO - DAG(s) 'example_branch_operator' retrieved from /home/airflow/.local/lib/python3.8/site-packages/airflow/example_dags/example_branch_operator.py
[2024-03-02T22:50:19.801+0000] {logging_mixin.py:188} INFO - [2024-03-02T22:50:19.801+0000] {dag.py:3036} INFO - Sync 1 DAGs
[2024-03-02T22:50:19.823+0000] {logging_mixin.py:188} INFO - [2024-03-02T22:50:19.823+0000] {dag.py:3823} INFO - Setting next_dagrun for example_branch_operator to 2024-03-01 00:00:00+00:00, run_after=2024-03-02 00:00:00+00:00
[2024-03-02T22:50:19.842+0000] {processor.py:183} INFO - Processing /home/airflow/.local/lib/python3.8/site-packages/airflow/example_dags/example_branch_operator.py took 0.093 seconds
[2024-03-02T22:50:56.022+0000] {processor.py:161} INFO - Started process (PID=585) to work on /home/airflow/.local/lib/python3.8/site-packages/airflow/example_dags/example_branch_operator.py
[2024-03-02T22:50:56.023+0000] {processor.py:830} INFO - Processing file /home/airflow/.local/lib/python3.8/site-packages/airflow/example_dags/example_branch_operator.py for tasks to queue
[2024-03-02T22:50:56.025+0000] {logging_mixin.py:188} INFO - [2024-03-02T22:50:56.024+0000] {dagbag.py:538} INFO - Filling up the DagBag from /home/airflow/.local/lib/python3.8/site-packages/airflow/example_dags/example_branch_operator.py
[2024-03-02T22:50:56.042+0000] {processor.py:840} INFO - DAG(s) 'example_branch_operator' retrieved from /home/airflow/.local/lib/python3.8/site-packages/airflow/example_dags/example_branch_operator.py
[2024-03-02T22:50:56.068+0000] {logging_mixin.py:188} INFO - [2024-03-02T22:50:56.068+0000] {dag.py:3036} INFO - Sync 1 DAGs
[2024-03-02T22:50:56.089+0000] {logging_mixin.py:188} INFO - [2024-03-02T22:50:56.089+0000] {dag.py:3823} INFO - Setting next_dagrun for example_branch_operator to 2024-03-01 00:00:00+00:00, run_after=2024-03-02 00:00:00+00:00
[2024-03-02T22:50:56.108+0000] {processor.py:183} INFO - Processing /home/airflow/.local/lib/python3.8/site-packages/airflow/example_dags/example_branch_operator.py took 0.089 seconds
[2024-03-02T22:51:27.282+0000] {processor.py:161} INFO - Started process (PID=640) to work on /home/airflow/.local/lib/python3.8/site-packages/airflow/example_dags/example_branch_operator.py
[2024-03-02T22:51:27.283+0000] {processor.py:830} INFO - Processing file /home/airflow/.local/lib/python3.8/site-packages/airflow/example_dags/example_branch_operator.py for tasks to queue
[2024-03-02T22:51:27.285+0000] {logging_mixin.py:188} INFO - [2024-03-02T22:51:27.285+0000] {dagbag.py:538} INFO - Filling up the DagBag from /home/airflow/.local/lib/python3.8/site-packages/airflow/example_dags/example_branch_operator.py
[2024-03-02T22:51:27.302+0000] {processor.py:840} INFO - DAG(s) 'example_branch_operator' retrieved from /home/airflow/.local/lib/python3.8/site-packages/airflow/example_dags/example_branch_operator.py
[2024-03-02T22:51:27.327+0000] {logging_mixin.py:188} INFO - [2024-03-02T22:51:27.327+0000] {dag.py:3036} INFO - Sync 1 DAGs
[2024-03-02T22:51:27.350+0000] {logging_mixin.py:188} INFO - [2024-03-02T22:51:27.350+0000] {dag.py:3823} INFO - Setting next_dagrun for example_branch_operator to 2024-03-01 00:00:00+00:00, run_after=2024-03-02 00:00:00+00:00
[2024-03-02T22:51:27.370+0000] {processor.py:183} INFO - Processing /home/airflow/.local/lib/python3.8/site-packages/airflow/example_dags/example_branch_operator.py took 0.090 seconds
[2024-03-02T22:52:15.784+0000] {processor.py:161} INFO - Started process (PID=712) to work on /home/airflow/.local/lib/python3.8/site-packages/airflow/example_dags/example_branch_operator.py
[2024-03-02T22:52:15.786+0000] {processor.py:830} INFO - Processing file /home/airflow/.local/lib/python3.8/site-packages/airflow/example_dags/example_branch_operator.py for tasks to queue
[2024-03-02T22:52:15.788+0000] {logging_mixin.py:188} INFO - [2024-03-02T22:52:15.788+0000] {dagbag.py:538} INFO - Filling up the DagBag from /home/airflow/.local/lib/python3.8/site-packages/airflow/example_dags/example_branch_operator.py
[2024-03-02T22:52:15.814+0000] {processor.py:840} INFO - DAG(s) 'example_branch_operator' retrieved from /home/airflow/.local/lib/python3.8/site-packages/airflow/example_dags/example_branch_operator.py
[2024-03-02T22:52:15.860+0000] {logging_mixin.py:188} INFO - [2024-03-02T22:52:15.860+0000] {dag.py:3036} INFO - Sync 1 DAGs
[2024-03-02T22:52:15.904+0000] {logging_mixin.py:188} INFO - [2024-03-02T22:52:15.903+0000] {dag.py:3823} INFO - Setting next_dagrun for example_branch_operator to 2024-03-01 00:00:00+00:00, run_after=2024-03-02 00:00:00+00:00
[2024-03-02T22:52:15.924+0000] {processor.py:183} INFO - Processing /home/airflow/.local/lib/python3.8/site-packages/airflow/example_dags/example_branch_operator.py took 0.143 seconds
[2024-03-02T22:52:46.836+0000] {processor.py:161} INFO - Started process (PID=768) to work on /home/airflow/.local/lib/python3.8/site-packages/airflow/example_dags/example_branch_operator.py
[2024-03-02T22:52:46.837+0000] {processor.py:830} INFO - Processing file /home/airflow/.local/lib/python3.8/site-packages/airflow/example_dags/example_branch_operator.py for tasks to queue
[2024-03-02T22:52:46.839+0000] {logging_mixin.py:188} INFO - [2024-03-02T22:52:46.839+0000] {dagbag.py:538} INFO - Filling up the DagBag from /home/airflow/.local/lib/python3.8/site-packages/airflow/example_dags/example_branch_operator.py
[2024-03-02T22:52:46.880+0000] {processor.py:840} INFO - DAG(s) 'example_branch_operator' retrieved from /home/airflow/.local/lib/python3.8/site-packages/airflow/example_dags/example_branch_operator.py
[2024-03-02T22:52:46.912+0000] {logging_mixin.py:188} INFO - [2024-03-02T22:52:46.912+0000] {dag.py:3036} INFO - Sync 1 DAGs
[2024-03-02T22:52:46.936+0000] {logging_mixin.py:188} INFO - [2024-03-02T22:52:46.936+0000] {dag.py:3823} INFO - Setting next_dagrun for example_branch_operator to 2024-03-01 00:00:00+00:00, run_after=2024-03-02 00:00:00+00:00
[2024-03-02T22:52:46.957+0000] {processor.py:183} INFO - Processing /home/airflow/.local/lib/python3.8/site-packages/airflow/example_dags/example_branch_operator.py took 0.124 seconds
[2024-03-02T22:53:17.155+0000] {processor.py:161} INFO - Started process (PID=824) to work on /home/airflow/.local/lib/python3.8/site-packages/airflow/example_dags/example_branch_operator.py
[2024-03-02T22:53:17.172+0000] {processor.py:830} INFO - Processing file /home/airflow/.local/lib/python3.8/site-packages/airflow/example_dags/example_branch_operator.py for tasks to queue
[2024-03-02T22:53:17.175+0000] {logging_mixin.py:188} INFO - [2024-03-02T22:53:17.174+0000] {dagbag.py:538} INFO - Filling up the DagBag from /home/airflow/.local/lib/python3.8/site-packages/airflow/example_dags/example_branch_operator.py
[2024-03-02T22:53:17.210+0000] {processor.py:840} INFO - DAG(s) 'example_branch_operator' retrieved from /home/airflow/.local/lib/python3.8/site-packages/airflow/example_dags/example_branch_operator.py
[2024-03-02T22:53:17.240+0000] {logging_mixin.py:188} INFO - [2024-03-02T22:53:17.240+0000] {dag.py:3036} INFO - Sync 1 DAGs
[2024-03-02T22:53:17.278+0000] {logging_mixin.py:188} INFO - [2024-03-02T22:53:17.277+0000] {dag.py:3823} INFO - Setting next_dagrun for example_branch_operator to 2024-03-01 00:00:00+00:00, run_after=2024-03-02 00:00:00+00:00
[2024-03-02T22:53:17.301+0000] {processor.py:183} INFO - Processing /home/airflow/.local/lib/python3.8/site-packages/airflow/example_dags/example_branch_operator.py took 0.149 seconds
[2024-03-02T22:57:27.373+0000] {processor.py:161} INFO - Started process (PID=891) to work on /home/airflow/.local/lib/python3.8/site-packages/airflow/example_dags/example_branch_operator.py
[2024-03-02T22:57:27.819+0000] {processor.py:830} INFO - Processing file /home/airflow/.local/lib/python3.8/site-packages/airflow/example_dags/example_branch_operator.py for tasks to queue
[2024-03-02T22:57:27.851+0000] {logging_mixin.py:188} INFO - [2024-03-02T22:57:27.850+0000] {dagbag.py:538} INFO - Filling up the DagBag from /home/airflow/.local/lib/python3.8/site-packages/airflow/example_dags/example_branch_operator.py
[2024-03-02T22:57:28.710+0000] {processor.py:840} INFO - DAG(s) 'example_branch_operator' retrieved from /home/airflow/.local/lib/python3.8/site-packages/airflow/example_dags/example_branch_operator.py
[2024-03-02T22:57:29.224+0000] {logging_mixin.py:188} INFO - [2024-03-02T22:57:29.223+0000] {dag.py:3036} INFO - Sync 1 DAGs
[2024-03-02T22:57:29.276+0000] {logging_mixin.py:188} INFO - [2024-03-02T22:57:29.276+0000] {dag.py:3823} INFO - Setting next_dagrun for example_branch_operator to 2024-03-01 00:00:00+00:00, run_after=2024-03-02 00:00:00+00:00
[2024-03-02T22:57:29.381+0000] {processor.py:183} INFO - Processing /home/airflow/.local/lib/python3.8/site-packages/airflow/example_dags/example_branch_operator.py took 2.010 seconds
[2024-03-02T22:58:00.159+0000] {processor.py:161} INFO - Started process (PID=953) to work on /home/airflow/.local/lib/python3.8/site-packages/airflow/example_dags/example_branch_operator.py
[2024-03-02T22:58:00.165+0000] {processor.py:830} INFO - Processing file /home/airflow/.local/lib/python3.8/site-packages/airflow/example_dags/example_branch_operator.py for tasks to queue
[2024-03-02T22:58:00.168+0000] {logging_mixin.py:188} INFO - [2024-03-02T22:58:00.167+0000] {dagbag.py:538} INFO - Filling up the DagBag from /home/airflow/.local/lib/python3.8/site-packages/airflow/example_dags/example_branch_operator.py
[2024-03-02T22:58:00.213+0000] {processor.py:840} INFO - DAG(s) 'example_branch_operator' retrieved from /home/airflow/.local/lib/python3.8/site-packages/airflow/example_dags/example_branch_operator.py
[2024-03-02T22:58:00.284+0000] {logging_mixin.py:188} INFO - [2024-03-02T22:58:00.283+0000] {dag.py:3036} INFO - Sync 1 DAGs
[2024-03-02T22:58:00.335+0000] {logging_mixin.py:188} INFO - [2024-03-02T22:58:00.335+0000] {dag.py:3823} INFO - Setting next_dagrun for example_branch_operator to 2024-03-01 00:00:00+00:00, run_after=2024-03-02 00:00:00+00:00
[2024-03-02T22:58:00.376+0000] {processor.py:183} INFO - Processing /home/airflow/.local/lib/python3.8/site-packages/airflow/example_dags/example_branch_operator.py took 0.279 seconds
