[2024-03-02T22:44:39.986+0000] {processor.py:161} INFO - Started process (PID=43) to work on /home/airflow/.local/lib/python3.8/site-packages/airflow/example_dags/example_branch_labels.py
[2024-03-02T22:44:39.991+0000] {processor.py:830} INFO - Processing file /home/airflow/.local/lib/python3.8/site-packages/airflow/example_dags/example_branch_labels.py for tasks to queue
[2024-03-02T22:44:39.995+0000] {logging_mixin.py:188} INFO - [2024-03-02T22:44:39.994+0000] {dagbag.py:538} INFO - Filling up the DagBag from /home/airflow/.local/lib/python3.8/site-packages/airflow/example_dags/example_branch_labels.py
[2024-03-02T22:44:40.317+0000] {processor.py:840} INFO - DAG(s) 'example_branch_labels' retrieved from /home/airflow/.local/lib/python3.8/site-packages/airflow/example_dags/example_branch_labels.py
[2024-03-02T22:44:44.273+0000] {logging_mixin.py:188} INFO - [2024-03-02T22:44:44.273+0000] {process_utils.py:262} INFO - Waiting up to 5 seconds for processes to exit...
[2024-03-02T22:45:48.433+0000] {processor.py:161} INFO - Started process (PID=53) to work on /home/airflow/.local/lib/python3.8/site-packages/airflow/example_dags/example_branch_labels.py
[2024-03-02T22:45:48.588+0000] {processor.py:830} INFO - Processing file /home/airflow/.local/lib/python3.8/site-packages/airflow/example_dags/example_branch_labels.py for tasks to queue
[2024-03-02T22:45:48.592+0000] {logging_mixin.py:188} INFO - [2024-03-02T22:45:48.592+0000] {dagbag.py:538} INFO - Filling up the DagBag from /home/airflow/.local/lib/python3.8/site-packages/airflow/example_dags/example_branch_labels.py
[2024-03-02T22:45:48.632+0000] {processor.py:840} INFO - DAG(s) 'example_branch_labels' retrieved from /home/airflow/.local/lib/python3.8/site-packages/airflow/example_dags/example_branch_labels.py
[2024-03-02T22:45:48.839+0000] {logging_mixin.py:188} INFO - [2024-03-02T22:45:48.838+0000] {dag.py:3036} INFO - Sync 1 DAGs
[2024-03-02T22:45:48.862+0000] {logging_mixin.py:188} INFO - [2024-03-02T22:45:48.862+0000] {dag.py:3823} INFO - Setting next_dagrun for example_branch_labels to 2024-03-01 00:00:00+00:00, run_after=2024-03-02 00:00:00+00:00
[2024-03-02T22:45:48.938+0000] {processor.py:183} INFO - Processing /home/airflow/.local/lib/python3.8/site-packages/airflow/example_dags/example_branch_labels.py took 0.509 seconds
[2024-03-02T22:46:22.306+0000] {processor.py:161} INFO - Started process (PID=109) to work on /home/airflow/.local/lib/python3.8/site-packages/airflow/example_dags/example_branch_labels.py
[2024-03-02T22:46:22.477+0000] {processor.py:830} INFO - Processing file /home/airflow/.local/lib/python3.8/site-packages/airflow/example_dags/example_branch_labels.py for tasks to queue
[2024-03-02T22:46:22.479+0000] {logging_mixin.py:188} INFO - [2024-03-02T22:46:22.479+0000] {dagbag.py:538} INFO - Filling up the DagBag from /home/airflow/.local/lib/python3.8/site-packages/airflow/example_dags/example_branch_labels.py
[2024-03-02T22:46:22.492+0000] {processor.py:840} INFO - DAG(s) 'example_branch_labels' retrieved from /home/airflow/.local/lib/python3.8/site-packages/airflow/example_dags/example_branch_labels.py
[2024-03-02T22:46:22.518+0000] {logging_mixin.py:188} INFO - [2024-03-02T22:46:22.518+0000] {dag.py:3036} INFO - Sync 1 DAGs
[2024-03-02T22:46:22.542+0000] {logging_mixin.py:188} INFO - [2024-03-02T22:46:22.542+0000] {dag.py:3823} INFO - Setting next_dagrun for example_branch_labels to 2024-03-01 00:00:00+00:00, run_after=2024-03-02 00:00:00+00:00
[2024-03-02T22:46:22.563+0000] {processor.py:183} INFO - Processing /home/airflow/.local/lib/python3.8/site-packages/airflow/example_dags/example_branch_labels.py took 0.261 seconds
[2024-03-02T22:46:52.860+0000] {processor.py:161} INFO - Started process (PID=163) to work on /home/airflow/.local/lib/python3.8/site-packages/airflow/example_dags/example_branch_labels.py
[2024-03-02T22:46:52.861+0000] {processor.py:830} INFO - Processing file /home/airflow/.local/lib/python3.8/site-packages/airflow/example_dags/example_branch_labels.py for tasks to queue
[2024-03-02T22:46:52.863+0000] {logging_mixin.py:188} INFO - [2024-03-02T22:46:52.863+0000] {dagbag.py:538} INFO - Filling up the DagBag from /home/airflow/.local/lib/python3.8/site-packages/airflow/example_dags/example_branch_labels.py
[2024-03-02T22:46:52.871+0000] {processor.py:840} INFO - DAG(s) 'example_branch_labels' retrieved from /home/airflow/.local/lib/python3.8/site-packages/airflow/example_dags/example_branch_labels.py
[2024-03-02T22:46:52.890+0000] {logging_mixin.py:188} INFO - [2024-03-02T22:46:52.890+0000] {dag.py:3036} INFO - Sync 1 DAGs
[2024-03-02T22:46:52.920+0000] {logging_mixin.py:188} INFO - [2024-03-02T22:46:52.919+0000] {dag.py:3823} INFO - Setting next_dagrun for example_branch_labels to 2024-03-01 00:00:00+00:00, run_after=2024-03-02 00:00:00+00:00
[2024-03-02T22:46:52.942+0000] {processor.py:183} INFO - Processing /home/airflow/.local/lib/python3.8/site-packages/airflow/example_dags/example_branch_labels.py took 0.085 seconds
[2024-03-02T22:47:23.764+0000] {processor.py:161} INFO - Started process (PID=219) to work on /home/airflow/.local/lib/python3.8/site-packages/airflow/example_dags/example_branch_labels.py
[2024-03-02T22:47:23.766+0000] {processor.py:830} INFO - Processing file /home/airflow/.local/lib/python3.8/site-packages/airflow/example_dags/example_branch_labels.py for tasks to queue
[2024-03-02T22:47:23.769+0000] {logging_mixin.py:188} INFO - [2024-03-02T22:47:23.769+0000] {dagbag.py:538} INFO - Filling up the DagBag from /home/airflow/.local/lib/python3.8/site-packages/airflow/example_dags/example_branch_labels.py
[2024-03-02T22:47:23.782+0000] {processor.py:840} INFO - DAG(s) 'example_branch_labels' retrieved from /home/airflow/.local/lib/python3.8/site-packages/airflow/example_dags/example_branch_labels.py
[2024-03-02T22:47:23.810+0000] {logging_mixin.py:188} INFO - [2024-03-02T22:47:23.810+0000] {dag.py:3036} INFO - Sync 1 DAGs
[2024-03-02T22:47:23.844+0000] {logging_mixin.py:188} INFO - [2024-03-02T22:47:23.844+0000] {dag.py:3823} INFO - Setting next_dagrun for example_branch_labels to 2024-03-01 00:00:00+00:00, run_after=2024-03-02 00:00:00+00:00
[2024-03-02T22:47:23.875+0000] {processor.py:183} INFO - Processing /home/airflow/.local/lib/python3.8/site-packages/airflow/example_dags/example_branch_labels.py took 0.116 seconds
[2024-03-02T22:47:54.130+0000] {processor.py:161} INFO - Started process (PID=275) to work on /home/airflow/.local/lib/python3.8/site-packages/airflow/example_dags/example_branch_labels.py
[2024-03-02T22:47:54.131+0000] {processor.py:830} INFO - Processing file /home/airflow/.local/lib/python3.8/site-packages/airflow/example_dags/example_branch_labels.py for tasks to queue
[2024-03-02T22:47:54.133+0000] {logging_mixin.py:188} INFO - [2024-03-02T22:47:54.133+0000] {dagbag.py:538} INFO - Filling up the DagBag from /home/airflow/.local/lib/python3.8/site-packages/airflow/example_dags/example_branch_labels.py
[2024-03-02T22:47:54.145+0000] {processor.py:840} INFO - DAG(s) 'example_branch_labels' retrieved from /home/airflow/.local/lib/python3.8/site-packages/airflow/example_dags/example_branch_labels.py
[2024-03-02T22:47:54.171+0000] {logging_mixin.py:188} INFO - [2024-03-02T22:47:54.170+0000] {dag.py:3036} INFO - Sync 1 DAGs
[2024-03-02T22:47:54.197+0000] {logging_mixin.py:188} INFO - [2024-03-02T22:47:54.197+0000] {dag.py:3823} INFO - Setting next_dagrun for example_branch_labels to 2024-03-01 00:00:00+00:00, run_after=2024-03-02 00:00:00+00:00
[2024-03-02T22:47:54.216+0000] {processor.py:183} INFO - Processing /home/airflow/.local/lib/python3.8/site-packages/airflow/example_dags/example_branch_labels.py took 0.090 seconds
[2024-03-02T22:48:24.884+0000] {processor.py:161} INFO - Started process (PID=331) to work on /home/airflow/.local/lib/python3.8/site-packages/airflow/example_dags/example_branch_labels.py
[2024-03-02T22:48:24.885+0000] {processor.py:830} INFO - Processing file /home/airflow/.local/lib/python3.8/site-packages/airflow/example_dags/example_branch_labels.py for tasks to queue
[2024-03-02T22:48:24.887+0000] {logging_mixin.py:188} INFO - [2024-03-02T22:48:24.886+0000] {dagbag.py:538} INFO - Filling up the DagBag from /home/airflow/.local/lib/python3.8/site-packages/airflow/example_dags/example_branch_labels.py
[2024-03-02T22:48:24.895+0000] {processor.py:840} INFO - DAG(s) 'example_branch_labels' retrieved from /home/airflow/.local/lib/python3.8/site-packages/airflow/example_dags/example_branch_labels.py
[2024-03-02T22:48:24.921+0000] {logging_mixin.py:188} INFO - [2024-03-02T22:48:24.921+0000] {dag.py:3036} INFO - Sync 1 DAGs
[2024-03-02T22:48:24.945+0000] {logging_mixin.py:188} INFO - [2024-03-02T22:48:24.945+0000] {dag.py:3823} INFO - Setting next_dagrun for example_branch_labels to 2024-03-01 00:00:00+00:00, run_after=2024-03-02 00:00:00+00:00
[2024-03-02T22:48:24.965+0000] {processor.py:183} INFO - Processing /home/airflow/.local/lib/python3.8/site-packages/airflow/example_dags/example_branch_labels.py took 0.084 seconds
[2024-03-02T22:48:55.024+0000] {processor.py:161} INFO - Started process (PID=387) to work on /home/airflow/.local/lib/python3.8/site-packages/airflow/example_dags/example_branch_labels.py
[2024-03-02T22:48:55.037+0000] {processor.py:830} INFO - Processing file /home/airflow/.local/lib/python3.8/site-packages/airflow/example_dags/example_branch_labels.py for tasks to queue
[2024-03-02T22:48:55.039+0000] {logging_mixin.py:188} INFO - [2024-03-02T22:48:55.039+0000] {dagbag.py:538} INFO - Filling up the DagBag from /home/airflow/.local/lib/python3.8/site-packages/airflow/example_dags/example_branch_labels.py
[2024-03-02T22:48:55.047+0000] {processor.py:840} INFO - DAG(s) 'example_branch_labels' retrieved from /home/airflow/.local/lib/python3.8/site-packages/airflow/example_dags/example_branch_labels.py
[2024-03-02T22:48:55.065+0000] {logging_mixin.py:188} INFO - [2024-03-02T22:48:55.065+0000] {dag.py:3036} INFO - Sync 1 DAGs
[2024-03-02T22:48:55.086+0000] {logging_mixin.py:188} INFO - [2024-03-02T22:48:55.086+0000] {dag.py:3823} INFO - Setting next_dagrun for example_branch_labels to 2024-03-01 00:00:00+00:00, run_after=2024-03-02 00:00:00+00:00
[2024-03-02T22:48:55.121+0000] {processor.py:183} INFO - Processing /home/airflow/.local/lib/python3.8/site-packages/airflow/example_dags/example_branch_labels.py took 0.100 seconds
[2024-03-02T22:49:25.366+0000] {processor.py:161} INFO - Started process (PID=443) to work on /home/airflow/.local/lib/python3.8/site-packages/airflow/example_dags/example_branch_labels.py
[2024-03-02T22:49:25.367+0000] {processor.py:830} INFO - Processing file /home/airflow/.local/lib/python3.8/site-packages/airflow/example_dags/example_branch_labels.py for tasks to queue
[2024-03-02T22:49:25.369+0000] {logging_mixin.py:188} INFO - [2024-03-02T22:49:25.368+0000] {dagbag.py:538} INFO - Filling up the DagBag from /home/airflow/.local/lib/python3.8/site-packages/airflow/example_dags/example_branch_labels.py
[2024-03-02T22:49:25.376+0000] {processor.py:840} INFO - DAG(s) 'example_branch_labels' retrieved from /home/airflow/.local/lib/python3.8/site-packages/airflow/example_dags/example_branch_labels.py
[2024-03-02T22:49:25.395+0000] {logging_mixin.py:188} INFO - [2024-03-02T22:49:25.395+0000] {dag.py:3036} INFO - Sync 1 DAGs
[2024-03-02T22:49:25.418+0000] {logging_mixin.py:188} INFO - [2024-03-02T22:49:25.418+0000] {dag.py:3823} INFO - Setting next_dagrun for example_branch_labels to 2024-03-01 00:00:00+00:00, run_after=2024-03-02 00:00:00+00:00
[2024-03-02T22:49:25.436+0000] {processor.py:183} INFO - Processing /home/airflow/.local/lib/python3.8/site-packages/airflow/example_dags/example_branch_labels.py took 0.074 seconds
[2024-03-02T22:49:56.201+0000] {processor.py:161} INFO - Started process (PID=499) to work on /home/airflow/.local/lib/python3.8/site-packages/airflow/example_dags/example_branch_labels.py
[2024-03-02T22:49:56.203+0000] {processor.py:830} INFO - Processing file /home/airflow/.local/lib/python3.8/site-packages/airflow/example_dags/example_branch_labels.py for tasks to queue
[2024-03-02T22:49:56.204+0000] {logging_mixin.py:188} INFO - [2024-03-02T22:49:56.204+0000] {dagbag.py:538} INFO - Filling up the DagBag from /home/airflow/.local/lib/python3.8/site-packages/airflow/example_dags/example_branch_labels.py
[2024-03-02T22:49:56.212+0000] {processor.py:840} INFO - DAG(s) 'example_branch_labels' retrieved from /home/airflow/.local/lib/python3.8/site-packages/airflow/example_dags/example_branch_labels.py
[2024-03-02T22:49:56.234+0000] {logging_mixin.py:188} INFO - [2024-03-02T22:49:56.234+0000] {dag.py:3036} INFO - Sync 1 DAGs
[2024-03-02T22:49:56.257+0000] {logging_mixin.py:188} INFO - [2024-03-02T22:49:56.257+0000] {dag.py:3823} INFO - Setting next_dagrun for example_branch_labels to 2024-03-01 00:00:00+00:00, run_after=2024-03-02 00:00:00+00:00
[2024-03-02T22:49:56.275+0000] {processor.py:183} INFO - Processing /home/airflow/.local/lib/python3.8/site-packages/airflow/example_dags/example_branch_labels.py took 0.077 seconds
[2024-03-02T22:50:26.362+0000] {processor.py:161} INFO - Started process (PID=555) to work on /home/airflow/.local/lib/python3.8/site-packages/airflow/example_dags/example_branch_labels.py
[2024-03-02T22:50:26.363+0000] {processor.py:830} INFO - Processing file /home/airflow/.local/lib/python3.8/site-packages/airflow/example_dags/example_branch_labels.py for tasks to queue
[2024-03-02T22:50:26.365+0000] {logging_mixin.py:188} INFO - [2024-03-02T22:50:26.364+0000] {dagbag.py:538} INFO - Filling up the DagBag from /home/airflow/.local/lib/python3.8/site-packages/airflow/example_dags/example_branch_labels.py
[2024-03-02T22:50:26.372+0000] {processor.py:840} INFO - DAG(s) 'example_branch_labels' retrieved from /home/airflow/.local/lib/python3.8/site-packages/airflow/example_dags/example_branch_labels.py
[2024-03-02T22:50:26.392+0000] {logging_mixin.py:188} INFO - [2024-03-02T22:50:26.392+0000] {dag.py:3036} INFO - Sync 1 DAGs
[2024-03-02T22:50:26.413+0000] {logging_mixin.py:188} INFO - [2024-03-02T22:50:26.413+0000] {dag.py:3823} INFO - Setting next_dagrun for example_branch_labels to 2024-03-01 00:00:00+00:00, run_after=2024-03-02 00:00:00+00:00
[2024-03-02T22:50:26.429+0000] {processor.py:183} INFO - Processing /home/airflow/.local/lib/python3.8/site-packages/airflow/example_dags/example_branch_labels.py took 0.071 seconds
[2024-03-02T22:50:58.545+0000] {processor.py:161} INFO - Started process (PID=608) to work on /home/airflow/.local/lib/python3.8/site-packages/airflow/example_dags/example_branch_labels.py
[2024-03-02T22:50:58.547+0000] {processor.py:830} INFO - Processing file /home/airflow/.local/lib/python3.8/site-packages/airflow/example_dags/example_branch_labels.py for tasks to queue
[2024-03-02T22:50:58.549+0000] {logging_mixin.py:188} INFO - [2024-03-02T22:50:58.548+0000] {dagbag.py:538} INFO - Filling up the DagBag from /home/airflow/.local/lib/python3.8/site-packages/airflow/example_dags/example_branch_labels.py
[2024-03-02T22:50:58.556+0000] {processor.py:840} INFO - DAG(s) 'example_branch_labels' retrieved from /home/airflow/.local/lib/python3.8/site-packages/airflow/example_dags/example_branch_labels.py
[2024-03-02T22:50:58.575+0000] {logging_mixin.py:188} INFO - [2024-03-02T22:50:58.575+0000] {dag.py:3036} INFO - Sync 1 DAGs
[2024-03-02T22:50:58.597+0000] {logging_mixin.py:188} INFO - [2024-03-02T22:50:58.597+0000] {dag.py:3823} INFO - Setting next_dagrun for example_branch_labels to 2024-03-01 00:00:00+00:00, run_after=2024-03-02 00:00:00+00:00
[2024-03-02T22:50:58.614+0000] {processor.py:183} INFO - Processing /home/airflow/.local/lib/python3.8/site-packages/airflow/example_dags/example_branch_labels.py took 0.072 seconds
[2024-03-02T22:51:29.060+0000] {processor.py:161} INFO - Started process (PID=661) to work on /home/airflow/.local/lib/python3.8/site-packages/airflow/example_dags/example_branch_labels.py
[2024-03-02T22:51:29.061+0000] {processor.py:830} INFO - Processing file /home/airflow/.local/lib/python3.8/site-packages/airflow/example_dags/example_branch_labels.py for tasks to queue
[2024-03-02T22:51:29.063+0000] {logging_mixin.py:188} INFO - [2024-03-02T22:51:29.063+0000] {dagbag.py:538} INFO - Filling up the DagBag from /home/airflow/.local/lib/python3.8/site-packages/airflow/example_dags/example_branch_labels.py
[2024-03-02T22:51:29.072+0000] {processor.py:840} INFO - DAG(s) 'example_branch_labels' retrieved from /home/airflow/.local/lib/python3.8/site-packages/airflow/example_dags/example_branch_labels.py
[2024-03-02T22:51:29.096+0000] {logging_mixin.py:188} INFO - [2024-03-02T22:51:29.095+0000] {dag.py:3036} INFO - Sync 1 DAGs
[2024-03-02T22:51:29.183+0000] {logging_mixin.py:188} INFO - [2024-03-02T22:51:29.183+0000] {dag.py:3823} INFO - Setting next_dagrun for example_branch_labels to 2024-03-01 00:00:00+00:00, run_after=2024-03-02 00:00:00+00:00
[2024-03-02T22:51:29.204+0000] {processor.py:183} INFO - Processing /home/airflow/.local/lib/python3.8/site-packages/airflow/example_dags/example_branch_labels.py took 0.147 seconds
[2024-03-02T22:52:13.701+0000] {processor.py:161} INFO - Started process (PID=693) to work on /home/airflow/.local/lib/python3.8/site-packages/airflow/example_dags/example_branch_labels.py
[2024-03-02T22:52:13.702+0000] {processor.py:830} INFO - Processing file /home/airflow/.local/lib/python3.8/site-packages/airflow/example_dags/example_branch_labels.py for tasks to queue
[2024-03-02T22:52:13.705+0000] {logging_mixin.py:188} INFO - [2024-03-02T22:52:13.704+0000] {dagbag.py:538} INFO - Filling up the DagBag from /home/airflow/.local/lib/python3.8/site-packages/airflow/example_dags/example_branch_labels.py
[2024-03-02T22:52:13.715+0000] {processor.py:840} INFO - DAG(s) 'example_branch_labels' retrieved from /home/airflow/.local/lib/python3.8/site-packages/airflow/example_dags/example_branch_labels.py
[2024-03-02T22:52:13.748+0000] {logging_mixin.py:188} INFO - [2024-03-02T22:52:13.748+0000] {dag.py:3036} INFO - Sync 1 DAGs
[2024-03-02T22:52:13.775+0000] {logging_mixin.py:188} INFO - [2024-03-02T22:52:13.775+0000] {dag.py:3823} INFO - Setting next_dagrun for example_branch_labels to 2024-03-01 00:00:00+00:00, run_after=2024-03-02 00:00:00+00:00
[2024-03-02T22:52:13.830+0000] {processor.py:183} INFO - Processing /home/airflow/.local/lib/python3.8/site-packages/airflow/example_dags/example_branch_labels.py took 0.132 seconds
[2024-03-02T22:52:44.601+0000] {processor.py:161} INFO - Started process (PID=749) to work on /home/airflow/.local/lib/python3.8/site-packages/airflow/example_dags/example_branch_labels.py
[2024-03-02T22:52:44.603+0000] {processor.py:830} INFO - Processing file /home/airflow/.local/lib/python3.8/site-packages/airflow/example_dags/example_branch_labels.py for tasks to queue
[2024-03-02T22:52:44.605+0000] {logging_mixin.py:188} INFO - [2024-03-02T22:52:44.605+0000] {dagbag.py:538} INFO - Filling up the DagBag from /home/airflow/.local/lib/python3.8/site-packages/airflow/example_dags/example_branch_labels.py
[2024-03-02T22:52:44.614+0000] {processor.py:840} INFO - DAG(s) 'example_branch_labels' retrieved from /home/airflow/.local/lib/python3.8/site-packages/airflow/example_dags/example_branch_labels.py
[2024-03-02T22:52:44.634+0000] {logging_mixin.py:188} INFO - [2024-03-02T22:52:44.634+0000] {dag.py:3036} INFO - Sync 1 DAGs
[2024-03-02T22:52:44.657+0000] {logging_mixin.py:188} INFO - [2024-03-02T22:52:44.656+0000] {dag.py:3823} INFO - Setting next_dagrun for example_branch_labels to 2024-03-01 00:00:00+00:00, run_after=2024-03-02 00:00:00+00:00
[2024-03-02T22:52:44.676+0000] {processor.py:183} INFO - Processing /home/airflow/.local/lib/python3.8/site-packages/airflow/example_dags/example_branch_labels.py took 0.078 seconds
[2024-03-02T22:53:15.191+0000] {processor.py:161} INFO - Started process (PID=805) to work on /home/airflow/.local/lib/python3.8/site-packages/airflow/example_dags/example_branch_labels.py
[2024-03-02T22:53:15.214+0000] {processor.py:830} INFO - Processing file /home/airflow/.local/lib/python3.8/site-packages/airflow/example_dags/example_branch_labels.py for tasks to queue
[2024-03-02T22:53:15.216+0000] {logging_mixin.py:188} INFO - [2024-03-02T22:53:15.215+0000] {dagbag.py:538} INFO - Filling up the DagBag from /home/airflow/.local/lib/python3.8/site-packages/airflow/example_dags/example_branch_labels.py
[2024-03-02T22:53:15.224+0000] {processor.py:840} INFO - DAG(s) 'example_branch_labels' retrieved from /home/airflow/.local/lib/python3.8/site-packages/airflow/example_dags/example_branch_labels.py
[2024-03-02T22:53:15.246+0000] {logging_mixin.py:188} INFO - [2024-03-02T22:53:15.245+0000] {dag.py:3036} INFO - Sync 1 DAGs
[2024-03-02T22:53:15.267+0000] {logging_mixin.py:188} INFO - [2024-03-02T22:53:15.267+0000] {dag.py:3823} INFO - Setting next_dagrun for example_branch_labels to 2024-03-01 00:00:00+00:00, run_after=2024-03-02 00:00:00+00:00
[2024-03-02T22:53:15.284+0000] {processor.py:183} INFO - Processing /home/airflow/.local/lib/python3.8/site-packages/airflow/example_dags/example_branch_labels.py took 0.098 seconds
[2024-03-02T22:54:48.552+0000] {processor.py:161} INFO - Started process (PID=864) to work on /home/airflow/.local/lib/python3.8/site-packages/airflow/example_dags/example_branch_labels.py
[2024-03-02T22:54:48.585+0000] {processor.py:830} INFO - Processing file /home/airflow/.local/lib/python3.8/site-packages/airflow/example_dags/example_branch_labels.py for tasks to queue
[2024-03-02T22:54:51.118+0000] {logging_mixin.py:188} INFO - [2024-03-02T22:54:51.003+0000] {dagbag.py:538} INFO - Filling up the DagBag from /home/airflow/.local/lib/python3.8/site-packages/airflow/example_dags/example_branch_labels.py
[2024-03-02T22:54:51.714+0000] {processor.py:840} INFO - DAG(s) 'example_branch_labels' retrieved from /home/airflow/.local/lib/python3.8/site-packages/airflow/example_dags/example_branch_labels.py
[2024-03-02T22:54:52.632+0000] {logging_mixin.py:188} INFO - [2024-03-02T22:54:52.632+0000] {dag.py:3036} INFO - Sync 1 DAGs
[2024-03-02T22:54:52.679+0000] {logging_mixin.py:188} INFO - [2024-03-02T22:54:52.678+0000] {dag.py:3823} INFO - Setting next_dagrun for example_branch_labels to 2024-03-01 00:00:00+00:00, run_after=2024-03-02 00:00:00+00:00
[2024-03-02T22:54:52.723+0000] {processor.py:183} INFO - Processing /home/airflow/.local/lib/python3.8/site-packages/airflow/example_dags/example_branch_labels.py took 4.878 seconds
[2024-03-02T22:57:53.510+0000] {processor.py:161} INFO - Started process (PID=931) to work on /home/airflow/.local/lib/python3.8/site-packages/airflow/example_dags/example_branch_labels.py
[2024-03-02T22:57:53.517+0000] {processor.py:830} INFO - Processing file /home/airflow/.local/lib/python3.8/site-packages/airflow/example_dags/example_branch_labels.py for tasks to queue
[2024-03-02T22:57:53.519+0000] {logging_mixin.py:188} INFO - [2024-03-02T22:57:53.518+0000] {dagbag.py:538} INFO - Filling up the DagBag from /home/airflow/.local/lib/python3.8/site-packages/airflow/example_dags/example_branch_labels.py
[2024-03-02T22:57:53.532+0000] {processor.py:840} INFO - DAG(s) 'example_branch_labels' retrieved from /home/airflow/.local/lib/python3.8/site-packages/airflow/example_dags/example_branch_labels.py
[2024-03-02T22:57:53.557+0000] {logging_mixin.py:188} INFO - [2024-03-02T22:57:53.557+0000] {dag.py:3036} INFO - Sync 1 DAGs
[2024-03-02T22:57:53.581+0000] {logging_mixin.py:188} INFO - [2024-03-02T22:57:53.581+0000] {dag.py:3823} INFO - Setting next_dagrun for example_branch_labels to 2024-03-01 00:00:00+00:00, run_after=2024-03-02 00:00:00+00:00
[2024-03-02T22:57:53.951+0000] {processor.py:183} INFO - Processing /home/airflow/.local/lib/python3.8/site-packages/airflow/example_dags/example_branch_labels.py took 0.445 seconds
