[2024-03-02T22:46:18.878+0000] {processor.py:161} INFO - Started process (PID=96) to work on /home/airflow/.local/lib/python3.8/site-packages/airflow/example_dags/example_python_operator.py
[2024-03-02T22:46:18.881+0000] {processor.py:830} INFO - Processing file /home/airflow/.local/lib/python3.8/site-packages/airflow/example_dags/example_python_operator.py for tasks to queue
[2024-03-02T22:46:18.884+0000] {logging_mixin.py:188} INFO - [2024-03-02T22:46:18.884+0000] {dagbag.py:538} INFO - Filling up the DagBag from /home/airflow/.local/lib/python3.8/site-packages/airflow/example_dags/example_python_operator.py
[2024-03-02T22:46:18.918+0000] {processor.py:840} INFO - DAG(s) 'example_python_operator' retrieved from /home/airflow/.local/lib/python3.8/site-packages/airflow/example_dags/example_python_operator.py
[2024-03-02T22:46:19.118+0000] {logging_mixin.py:188} INFO - [2024-03-02T22:46:19.117+0000] {dag.py:3036} INFO - Sync 1 DAGs
[2024-03-02T22:46:19.137+0000] {logging_mixin.py:188} INFO - [2024-03-02T22:46:19.136+0000] {dag.py:3823} INFO - Setting next_dagrun for example_python_operator to None, run_after=None
[2024-03-02T22:46:19.185+0000] {processor.py:183} INFO - Processing /home/airflow/.local/lib/python3.8/site-packages/airflow/example_dags/example_python_operator.py took 0.313 seconds
[2024-03-02T22:46:50.100+0000] {processor.py:161} INFO - Started process (PID=152) to work on /home/airflow/.local/lib/python3.8/site-packages/airflow/example_dags/example_python_operator.py
[2024-03-02T22:46:50.101+0000] {processor.py:830} INFO - Processing file /home/airflow/.local/lib/python3.8/site-packages/airflow/example_dags/example_python_operator.py for tasks to queue
[2024-03-02T22:46:50.104+0000] {logging_mixin.py:188} INFO - [2024-03-02T22:46:50.103+0000] {dagbag.py:538} INFO - Filling up the DagBag from /home/airflow/.local/lib/python3.8/site-packages/airflow/example_dags/example_python_operator.py
[2024-03-02T22:46:50.117+0000] {processor.py:840} INFO - DAG(s) 'example_python_operator' retrieved from /home/airflow/.local/lib/python3.8/site-packages/airflow/example_dags/example_python_operator.py
[2024-03-02T22:46:50.146+0000] {logging_mixin.py:188} INFO - [2024-03-02T22:46:50.145+0000] {dag.py:3036} INFO - Sync 1 DAGs
[2024-03-02T22:46:50.160+0000] {logging_mixin.py:188} INFO - [2024-03-02T22:46:50.160+0000] {dag.py:3823} INFO - Setting next_dagrun for example_python_operator to None, run_after=None
[2024-03-02T22:46:50.185+0000] {processor.py:183} INFO - Processing /home/airflow/.local/lib/python3.8/site-packages/airflow/example_dags/example_python_operator.py took 0.089 seconds
[2024-03-02T22:47:20.827+0000] {processor.py:161} INFO - Started process (PID=208) to work on /home/airflow/.local/lib/python3.8/site-packages/airflow/example_dags/example_python_operator.py
[2024-03-02T22:47:20.828+0000] {processor.py:830} INFO - Processing file /home/airflow/.local/lib/python3.8/site-packages/airflow/example_dags/example_python_operator.py for tasks to queue
[2024-03-02T22:47:20.830+0000] {logging_mixin.py:188} INFO - [2024-03-02T22:47:20.830+0000] {dagbag.py:538} INFO - Filling up the DagBag from /home/airflow/.local/lib/python3.8/site-packages/airflow/example_dags/example_python_operator.py
[2024-03-02T22:47:20.842+0000] {processor.py:840} INFO - DAG(s) 'example_python_operator' retrieved from /home/airflow/.local/lib/python3.8/site-packages/airflow/example_dags/example_python_operator.py
[2024-03-02T22:47:20.871+0000] {logging_mixin.py:188} INFO - [2024-03-02T22:47:20.870+0000] {dag.py:3036} INFO - Sync 1 DAGs
[2024-03-02T22:47:20.888+0000] {logging_mixin.py:188} INFO - [2024-03-02T22:47:20.888+0000] {dag.py:3823} INFO - Setting next_dagrun for example_python_operator to None, run_after=None
[2024-03-02T22:47:20.918+0000] {processor.py:183} INFO - Processing /home/airflow/.local/lib/python3.8/site-packages/airflow/example_dags/example_python_operator.py took 0.095 seconds
[2024-03-02T22:47:51.545+0000] {processor.py:161} INFO - Started process (PID=264) to work on /home/airflow/.local/lib/python3.8/site-packages/airflow/example_dags/example_python_operator.py
[2024-03-02T22:47:51.547+0000] {processor.py:830} INFO - Processing file /home/airflow/.local/lib/python3.8/site-packages/airflow/example_dags/example_python_operator.py for tasks to queue
[2024-03-02T22:47:51.554+0000] {logging_mixin.py:188} INFO - [2024-03-02T22:47:51.553+0000] {dagbag.py:538} INFO - Filling up the DagBag from /home/airflow/.local/lib/python3.8/site-packages/airflow/example_dags/example_python_operator.py
[2024-03-02T22:47:51.577+0000] {processor.py:840} INFO - DAG(s) 'example_python_operator' retrieved from /home/airflow/.local/lib/python3.8/site-packages/airflow/example_dags/example_python_operator.py
[2024-03-02T22:47:51.618+0000] {logging_mixin.py:188} INFO - [2024-03-02T22:47:51.617+0000] {dag.py:3036} INFO - Sync 1 DAGs
[2024-03-02T22:47:51.637+0000] {logging_mixin.py:188} INFO - [2024-03-02T22:47:51.637+0000] {dag.py:3823} INFO - Setting next_dagrun for example_python_operator to None, run_after=None
[2024-03-02T22:47:51.668+0000] {processor.py:183} INFO - Processing /home/airflow/.local/lib/python3.8/site-packages/airflow/example_dags/example_python_operator.py took 0.129 seconds
[2024-03-02T22:48:22.040+0000] {processor.py:161} INFO - Started process (PID=320) to work on /home/airflow/.local/lib/python3.8/site-packages/airflow/example_dags/example_python_operator.py
[2024-03-02T22:48:22.041+0000] {processor.py:830} INFO - Processing file /home/airflow/.local/lib/python3.8/site-packages/airflow/example_dags/example_python_operator.py for tasks to queue
[2024-03-02T22:48:22.043+0000] {logging_mixin.py:188} INFO - [2024-03-02T22:48:22.043+0000] {dagbag.py:538} INFO - Filling up the DagBag from /home/airflow/.local/lib/python3.8/site-packages/airflow/example_dags/example_python_operator.py
[2024-03-02T22:48:22.057+0000] {processor.py:840} INFO - DAG(s) 'example_python_operator' retrieved from /home/airflow/.local/lib/python3.8/site-packages/airflow/example_dags/example_python_operator.py
[2024-03-02T22:48:22.088+0000] {logging_mixin.py:188} INFO - [2024-03-02T22:48:22.087+0000] {dag.py:3036} INFO - Sync 1 DAGs
[2024-03-02T22:48:22.103+0000] {logging_mixin.py:188} INFO - [2024-03-02T22:48:22.103+0000] {dag.py:3823} INFO - Setting next_dagrun for example_python_operator to None, run_after=None
[2024-03-02T22:48:22.127+0000] {processor.py:183} INFO - Processing /home/airflow/.local/lib/python3.8/site-packages/airflow/example_dags/example_python_operator.py took 0.091 seconds
[2024-03-02T22:48:52.317+0000] {processor.py:161} INFO - Started process (PID=376) to work on /home/airflow/.local/lib/python3.8/site-packages/airflow/example_dags/example_python_operator.py
[2024-03-02T22:48:52.319+0000] {processor.py:830} INFO - Processing file /home/airflow/.local/lib/python3.8/site-packages/airflow/example_dags/example_python_operator.py for tasks to queue
[2024-03-02T22:48:52.321+0000] {logging_mixin.py:188} INFO - [2024-03-02T22:48:52.321+0000] {dagbag.py:538} INFO - Filling up the DagBag from /home/airflow/.local/lib/python3.8/site-packages/airflow/example_dags/example_python_operator.py
[2024-03-02T22:48:52.334+0000] {processor.py:840} INFO - DAG(s) 'example_python_operator' retrieved from /home/airflow/.local/lib/python3.8/site-packages/airflow/example_dags/example_python_operator.py
[2024-03-02T22:48:52.357+0000] {logging_mixin.py:188} INFO - [2024-03-02T22:48:52.357+0000] {dag.py:3036} INFO - Sync 1 DAGs
[2024-03-02T22:48:52.370+0000] {logging_mixin.py:188} INFO - [2024-03-02T22:48:52.370+0000] {dag.py:3823} INFO - Setting next_dagrun for example_python_operator to None, run_after=None
[2024-03-02T22:48:52.391+0000] {processor.py:183} INFO - Processing /home/airflow/.local/lib/python3.8/site-packages/airflow/example_dags/example_python_operator.py took 0.079 seconds
[2024-03-02T22:49:22.809+0000] {processor.py:161} INFO - Started process (PID=432) to work on /home/airflow/.local/lib/python3.8/site-packages/airflow/example_dags/example_python_operator.py
[2024-03-02T22:49:22.810+0000] {processor.py:830} INFO - Processing file /home/airflow/.local/lib/python3.8/site-packages/airflow/example_dags/example_python_operator.py for tasks to queue
[2024-03-02T22:49:22.812+0000] {logging_mixin.py:188} INFO - [2024-03-02T22:49:22.812+0000] {dagbag.py:538} INFO - Filling up the DagBag from /home/airflow/.local/lib/python3.8/site-packages/airflow/example_dags/example_python_operator.py
[2024-03-02T22:49:22.822+0000] {processor.py:840} INFO - DAG(s) 'example_python_operator' retrieved from /home/airflow/.local/lib/python3.8/site-packages/airflow/example_dags/example_python_operator.py
[2024-03-02T22:49:22.842+0000] {logging_mixin.py:188} INFO - [2024-03-02T22:49:22.842+0000] {dag.py:3036} INFO - Sync 1 DAGs
[2024-03-02T22:49:22.854+0000] {logging_mixin.py:188} INFO - [2024-03-02T22:49:22.854+0000] {dag.py:3823} INFO - Setting next_dagrun for example_python_operator to None, run_after=None
[2024-03-02T22:49:22.871+0000] {processor.py:183} INFO - Processing /home/airflow/.local/lib/python3.8/site-packages/airflow/example_dags/example_python_operator.py took 0.065 seconds
[2024-03-02T22:49:53.482+0000] {processor.py:161} INFO - Started process (PID=488) to work on /home/airflow/.local/lib/python3.8/site-packages/airflow/example_dags/example_python_operator.py
[2024-03-02T22:49:53.483+0000] {processor.py:830} INFO - Processing file /home/airflow/.local/lib/python3.8/site-packages/airflow/example_dags/example_python_operator.py for tasks to queue
[2024-03-02T22:49:53.486+0000] {logging_mixin.py:188} INFO - [2024-03-02T22:49:53.485+0000] {dagbag.py:538} INFO - Filling up the DagBag from /home/airflow/.local/lib/python3.8/site-packages/airflow/example_dags/example_python_operator.py
[2024-03-02T22:49:53.500+0000] {processor.py:840} INFO - DAG(s) 'example_python_operator' retrieved from /home/airflow/.local/lib/python3.8/site-packages/airflow/example_dags/example_python_operator.py
[2024-03-02T22:49:53.527+0000] {logging_mixin.py:188} INFO - [2024-03-02T22:49:53.526+0000] {dag.py:3036} INFO - Sync 1 DAGs
[2024-03-02T22:49:53.543+0000] {logging_mixin.py:188} INFO - [2024-03-02T22:49:53.542+0000] {dag.py:3823} INFO - Setting next_dagrun for example_python_operator to None, run_after=None
[2024-03-02T22:49:53.566+0000] {processor.py:183} INFO - Processing /home/airflow/.local/lib/python3.8/site-packages/airflow/example_dags/example_python_operator.py took 0.089 seconds
[2024-03-02T22:50:23.692+0000] {processor.py:161} INFO - Started process (PID=544) to work on /home/airflow/.local/lib/python3.8/site-packages/airflow/example_dags/example_python_operator.py
[2024-03-02T22:50:23.693+0000] {processor.py:830} INFO - Processing file /home/airflow/.local/lib/python3.8/site-packages/airflow/example_dags/example_python_operator.py for tasks to queue
[2024-03-02T22:50:23.695+0000] {logging_mixin.py:188} INFO - [2024-03-02T22:50:23.695+0000] {dagbag.py:538} INFO - Filling up the DagBag from /home/airflow/.local/lib/python3.8/site-packages/airflow/example_dags/example_python_operator.py
[2024-03-02T22:50:23.707+0000] {processor.py:840} INFO - DAG(s) 'example_python_operator' retrieved from /home/airflow/.local/lib/python3.8/site-packages/airflow/example_dags/example_python_operator.py
[2024-03-02T22:50:23.728+0000] {logging_mixin.py:188} INFO - [2024-03-02T22:50:23.728+0000] {dag.py:3036} INFO - Sync 1 DAGs
[2024-03-02T22:50:23.740+0000] {logging_mixin.py:188} INFO - [2024-03-02T22:50:23.740+0000] {dag.py:3823} INFO - Setting next_dagrun for example_python_operator to None, run_after=None
[2024-03-02T22:50:23.757+0000] {processor.py:183} INFO - Processing /home/airflow/.local/lib/python3.8/site-packages/airflow/example_dags/example_python_operator.py took 0.069 seconds
[2024-03-02T22:50:57.906+0000] {processor.py:161} INFO - Started process (PID=600) to work on /home/airflow/.local/lib/python3.8/site-packages/airflow/example_dags/example_python_operator.py
[2024-03-02T22:50:57.907+0000] {processor.py:830} INFO - Processing file /home/airflow/.local/lib/python3.8/site-packages/airflow/example_dags/example_python_operator.py for tasks to queue
[2024-03-02T22:50:57.910+0000] {logging_mixin.py:188} INFO - [2024-03-02T22:50:57.909+0000] {dagbag.py:538} INFO - Filling up the DagBag from /home/airflow/.local/lib/python3.8/site-packages/airflow/example_dags/example_python_operator.py
[2024-03-02T22:50:57.922+0000] {processor.py:840} INFO - DAG(s) 'example_python_operator' retrieved from /home/airflow/.local/lib/python3.8/site-packages/airflow/example_dags/example_python_operator.py
[2024-03-02T22:50:57.945+0000] {logging_mixin.py:188} INFO - [2024-03-02T22:50:57.945+0000] {dag.py:3036} INFO - Sync 1 DAGs
[2024-03-02T22:50:57.957+0000] {logging_mixin.py:188} INFO - [2024-03-02T22:50:57.957+0000] {dag.py:3823} INFO - Setting next_dagrun for example_python_operator to None, run_after=None
[2024-03-02T22:50:58.041+0000] {processor.py:183} INFO - Processing /home/airflow/.local/lib/python3.8/site-packages/airflow/example_dags/example_python_operator.py took 0.138 seconds
[2024-03-02T22:51:28.735+0000] {processor.py:161} INFO - Started process (PID=656) to work on /home/airflow/.local/lib/python3.8/site-packages/airflow/example_dags/example_python_operator.py
[2024-03-02T22:51:28.737+0000] {processor.py:830} INFO - Processing file /home/airflow/.local/lib/python3.8/site-packages/airflow/example_dags/example_python_operator.py for tasks to queue
[2024-03-02T22:51:28.741+0000] {logging_mixin.py:188} INFO - [2024-03-02T22:51:28.740+0000] {dagbag.py:538} INFO - Filling up the DagBag from /home/airflow/.local/lib/python3.8/site-packages/airflow/example_dags/example_python_operator.py
[2024-03-02T22:51:28.752+0000] {processor.py:840} INFO - DAG(s) 'example_python_operator' retrieved from /home/airflow/.local/lib/python3.8/site-packages/airflow/example_dags/example_python_operator.py
[2024-03-02T22:51:28.781+0000] {logging_mixin.py:188} INFO - [2024-03-02T22:51:28.781+0000] {dag.py:3036} INFO - Sync 1 DAGs
[2024-03-02T22:51:28.793+0000] {logging_mixin.py:188} INFO - [2024-03-02T22:51:28.793+0000] {dag.py:3823} INFO - Setting next_dagrun for example_python_operator to None, run_after=None
[2024-03-02T22:51:28.813+0000] {processor.py:183} INFO - Processing /home/airflow/.local/lib/python3.8/site-packages/airflow/example_dags/example_python_operator.py took 0.082 seconds
[2024-03-02T22:52:17.022+0000] {processor.py:161} INFO - Started process (PID=727) to work on /home/airflow/.local/lib/python3.8/site-packages/airflow/example_dags/example_python_operator.py
[2024-03-02T22:52:17.023+0000] {processor.py:830} INFO - Processing file /home/airflow/.local/lib/python3.8/site-packages/airflow/example_dags/example_python_operator.py for tasks to queue
[2024-03-02T22:52:17.025+0000] {logging_mixin.py:188} INFO - [2024-03-02T22:52:17.025+0000] {dagbag.py:538} INFO - Filling up the DagBag from /home/airflow/.local/lib/python3.8/site-packages/airflow/example_dags/example_python_operator.py
[2024-03-02T22:52:17.039+0000] {processor.py:840} INFO - DAG(s) 'example_python_operator' retrieved from /home/airflow/.local/lib/python3.8/site-packages/airflow/example_dags/example_python_operator.py
[2024-03-02T22:52:17.078+0000] {logging_mixin.py:188} INFO - [2024-03-02T22:52:17.077+0000] {dag.py:3036} INFO - Sync 1 DAGs
[2024-03-02T22:52:17.104+0000] {logging_mixin.py:188} INFO - [2024-03-02T22:52:17.104+0000] {dag.py:3823} INFO - Setting next_dagrun for example_python_operator to None, run_after=None
[2024-03-02T22:52:17.148+0000] {processor.py:183} INFO - Processing /home/airflow/.local/lib/python3.8/site-packages/airflow/example_dags/example_python_operator.py took 0.130 seconds
[2024-03-02T22:52:47.826+0000] {processor.py:161} INFO - Started process (PID=783) to work on /home/airflow/.local/lib/python3.8/site-packages/airflow/example_dags/example_python_operator.py
[2024-03-02T22:52:47.828+0000] {processor.py:830} INFO - Processing file /home/airflow/.local/lib/python3.8/site-packages/airflow/example_dags/example_python_operator.py for tasks to queue
[2024-03-02T22:52:47.830+0000] {logging_mixin.py:188} INFO - [2024-03-02T22:52:47.830+0000] {dagbag.py:538} INFO - Filling up the DagBag from /home/airflow/.local/lib/python3.8/site-packages/airflow/example_dags/example_python_operator.py
[2024-03-02T22:52:47.845+0000] {processor.py:840} INFO - DAG(s) 'example_python_operator' retrieved from /home/airflow/.local/lib/python3.8/site-packages/airflow/example_dags/example_python_operator.py
[2024-03-02T22:52:47.873+0000] {logging_mixin.py:188} INFO - [2024-03-02T22:52:47.873+0000] {dag.py:3036} INFO - Sync 1 DAGs
[2024-03-02T22:52:47.887+0000] {logging_mixin.py:188} INFO - [2024-03-02T22:52:47.887+0000] {dag.py:3823} INFO - Setting next_dagrun for example_python_operator to None, run_after=None
[2024-03-02T22:52:47.911+0000] {processor.py:183} INFO - Processing /home/airflow/.local/lib/python3.8/site-packages/airflow/example_dags/example_python_operator.py took 0.089 seconds
[2024-03-02T22:53:18.557+0000] {processor.py:161} INFO - Started process (PID=839) to work on /home/airflow/.local/lib/python3.8/site-packages/airflow/example_dags/example_python_operator.py
[2024-03-02T22:53:18.580+0000] {processor.py:830} INFO - Processing file /home/airflow/.local/lib/python3.8/site-packages/airflow/example_dags/example_python_operator.py for tasks to queue
[2024-03-02T22:53:18.583+0000] {logging_mixin.py:188} INFO - [2024-03-02T22:53:18.583+0000] {dagbag.py:538} INFO - Filling up the DagBag from /home/airflow/.local/lib/python3.8/site-packages/airflow/example_dags/example_python_operator.py
[2024-03-02T22:53:18.599+0000] {processor.py:840} INFO - DAG(s) 'example_python_operator' retrieved from /home/airflow/.local/lib/python3.8/site-packages/airflow/example_dags/example_python_operator.py
[2024-03-02T22:53:18.623+0000] {logging_mixin.py:188} INFO - [2024-03-02T22:53:18.623+0000] {dag.py:3036} INFO - Sync 1 DAGs
[2024-03-02T22:53:18.636+0000] {logging_mixin.py:188} INFO - [2024-03-02T22:53:18.636+0000] {dag.py:3823} INFO - Setting next_dagrun for example_python_operator to None, run_after=None
[2024-03-02T22:53:18.660+0000] {processor.py:183} INFO - Processing /home/airflow/.local/lib/python3.8/site-packages/airflow/example_dags/example_python_operator.py took 0.107 seconds
[2024-03-02T22:57:47.810+0000] {processor.py:161} INFO - Started process (PID=918) to work on /home/airflow/.local/lib/python3.8/site-packages/airflow/example_dags/example_python_operator.py
[2024-03-02T22:57:47.841+0000] {processor.py:830} INFO - Processing file /home/airflow/.local/lib/python3.8/site-packages/airflow/example_dags/example_python_operator.py for tasks to queue
[2024-03-02T22:57:47.843+0000] {logging_mixin.py:188} INFO - [2024-03-02T22:57:47.842+0000] {dagbag.py:538} INFO - Filling up the DagBag from /home/airflow/.local/lib/python3.8/site-packages/airflow/example_dags/example_python_operator.py
[2024-03-02T22:57:47.868+0000] {processor.py:840} INFO - DAG(s) 'example_python_operator' retrieved from /home/airflow/.local/lib/python3.8/site-packages/airflow/example_dags/example_python_operator.py
[2024-03-02T22:57:47.945+0000] {logging_mixin.py:188} INFO - [2024-03-02T22:57:47.945+0000] {dag.py:3036} INFO - Sync 1 DAGs
[2024-03-02T22:57:47.967+0000] {logging_mixin.py:188} INFO - [2024-03-02T22:57:47.966+0000] {dag.py:3823} INFO - Setting next_dagrun for example_python_operator to None, run_after=None
[2024-03-02T22:57:48.069+0000] {processor.py:183} INFO - Processing /home/airflow/.local/lib/python3.8/site-packages/airflow/example_dags/example_python_operator.py took 0.265 seconds
