[2024-03-02T22:46:18.973+0000] {processor.py:161} INFO - Started process (PID=97) to work on /home/airflow/.local/lib/python3.8/site-packages/airflow/example_dags/example_branch_day_of_week_operator.py
[2024-03-02T22:46:18.977+0000] {processor.py:830} INFO - Processing file /home/airflow/.local/lib/python3.8/site-packages/airflow/example_dags/example_branch_day_of_week_operator.py for tasks to queue
[2024-03-02T22:46:18.983+0000] {logging_mixin.py:188} INFO - [2024-03-02T22:46:18.982+0000] {dagbag.py:538} INFO - Filling up the DagBag from /home/airflow/.local/lib/python3.8/site-packages/airflow/example_dags/example_branch_day_of_week_operator.py
[2024-03-02T22:46:19.008+0000] {processor.py:840} INFO - DAG(s) 'example_weekday_branch_operator' retrieved from /home/airflow/.local/lib/python3.8/site-packages/airflow/example_dags/example_branch_day_of_week_operator.py
[2024-03-02T22:46:19.182+0000] {logging_mixin.py:188} INFO - [2024-03-02T22:46:19.181+0000] {dag.py:3036} INFO - Sync 1 DAGs
[2024-03-02T22:46:19.248+0000] {logging_mixin.py:188} INFO - [2024-03-02T22:46:19.247+0000] {dag.py:3823} INFO - Setting next_dagrun for example_weekday_branch_operator to 2024-03-01 00:00:00+00:00, run_after=2024-03-02 00:00:00+00:00
[2024-03-02T22:46:19.301+0000] {processor.py:183} INFO - Processing /home/airflow/.local/lib/python3.8/site-packages/airflow/example_dags/example_branch_day_of_week_operator.py took 0.334 seconds
[2024-03-02T22:46:50.222+0000] {processor.py:161} INFO - Started process (PID=153) to work on /home/airflow/.local/lib/python3.8/site-packages/airflow/example_dags/example_branch_day_of_week_operator.py
[2024-03-02T22:46:50.224+0000] {processor.py:830} INFO - Processing file /home/airflow/.local/lib/python3.8/site-packages/airflow/example_dags/example_branch_day_of_week_operator.py for tasks to queue
[2024-03-02T22:46:50.226+0000] {logging_mixin.py:188} INFO - [2024-03-02T22:46:50.226+0000] {dagbag.py:538} INFO - Filling up the DagBag from /home/airflow/.local/lib/python3.8/site-packages/airflow/example_dags/example_branch_day_of_week_operator.py
[2024-03-02T22:46:50.236+0000] {processor.py:840} INFO - DAG(s) 'example_weekday_branch_operator' retrieved from /home/airflow/.local/lib/python3.8/site-packages/airflow/example_dags/example_branch_day_of_week_operator.py
[2024-03-02T22:46:50.262+0000] {logging_mixin.py:188} INFO - [2024-03-02T22:46:50.261+0000] {dag.py:3036} INFO - Sync 1 DAGs
[2024-03-02T22:46:50.292+0000] {logging_mixin.py:188} INFO - [2024-03-02T22:46:50.292+0000] {dag.py:3823} INFO - Setting next_dagrun for example_weekday_branch_operator to 2024-03-01 00:00:00+00:00, run_after=2024-03-02 00:00:00+00:00
[2024-03-02T22:46:50.320+0000] {processor.py:183} INFO - Processing /home/airflow/.local/lib/python3.8/site-packages/airflow/example_dags/example_branch_day_of_week_operator.py took 0.102 seconds
[2024-03-02T22:47:20.891+0000] {processor.py:161} INFO - Started process (PID=209) to work on /home/airflow/.local/lib/python3.8/site-packages/airflow/example_dags/example_branch_day_of_week_operator.py
[2024-03-02T22:47:20.893+0000] {processor.py:830} INFO - Processing file /home/airflow/.local/lib/python3.8/site-packages/airflow/example_dags/example_branch_day_of_week_operator.py for tasks to queue
[2024-03-02T22:47:20.896+0000] {logging_mixin.py:188} INFO - [2024-03-02T22:47:20.895+0000] {dagbag.py:538} INFO - Filling up the DagBag from /home/airflow/.local/lib/python3.8/site-packages/airflow/example_dags/example_branch_day_of_week_operator.py
[2024-03-02T22:47:20.905+0000] {processor.py:840} INFO - DAG(s) 'example_weekday_branch_operator' retrieved from /home/airflow/.local/lib/python3.8/site-packages/airflow/example_dags/example_branch_day_of_week_operator.py
[2024-03-02T22:47:20.938+0000] {logging_mixin.py:188} INFO - [2024-03-02T22:47:20.938+0000] {dag.py:3036} INFO - Sync 1 DAGs
[2024-03-02T22:47:20.978+0000] {logging_mixin.py:188} INFO - [2024-03-02T22:47:20.978+0000] {dag.py:3823} INFO - Setting next_dagrun for example_weekday_branch_operator to 2024-03-01 00:00:00+00:00, run_after=2024-03-02 00:00:00+00:00
[2024-03-02T22:47:21.002+0000] {processor.py:183} INFO - Processing /home/airflow/.local/lib/python3.8/site-packages/airflow/example_dags/example_branch_day_of_week_operator.py took 0.116 seconds
[2024-03-02T22:47:51.586+0000] {processor.py:161} INFO - Started process (PID=265) to work on /home/airflow/.local/lib/python3.8/site-packages/airflow/example_dags/example_branch_day_of_week_operator.py
[2024-03-02T22:47:51.588+0000] {processor.py:830} INFO - Processing file /home/airflow/.local/lib/python3.8/site-packages/airflow/example_dags/example_branch_day_of_week_operator.py for tasks to queue
[2024-03-02T22:47:51.596+0000] {logging_mixin.py:188} INFO - [2024-03-02T22:47:51.595+0000] {dagbag.py:538} INFO - Filling up the DagBag from /home/airflow/.local/lib/python3.8/site-packages/airflow/example_dags/example_branch_day_of_week_operator.py
[2024-03-02T22:47:51.609+0000] {processor.py:840} INFO - DAG(s) 'example_weekday_branch_operator' retrieved from /home/airflow/.local/lib/python3.8/site-packages/airflow/example_dags/example_branch_day_of_week_operator.py
[2024-03-02T22:47:51.641+0000] {logging_mixin.py:188} INFO - [2024-03-02T22:47:51.640+0000] {dag.py:3036} INFO - Sync 1 DAGs
[2024-03-02T22:47:51.678+0000] {logging_mixin.py:188} INFO - [2024-03-02T22:47:51.678+0000] {dag.py:3823} INFO - Setting next_dagrun for example_weekday_branch_operator to 2024-03-01 00:00:00+00:00, run_after=2024-03-02 00:00:00+00:00
[2024-03-02T22:47:51.703+0000] {processor.py:183} INFO - Processing /home/airflow/.local/lib/python3.8/site-packages/airflow/example_dags/example_branch_day_of_week_operator.py took 0.123 seconds
[2024-03-02T22:48:22.172+0000] {processor.py:161} INFO - Started process (PID=321) to work on /home/airflow/.local/lib/python3.8/site-packages/airflow/example_dags/example_branch_day_of_week_operator.py
[2024-03-02T22:48:22.173+0000] {processor.py:830} INFO - Processing file /home/airflow/.local/lib/python3.8/site-packages/airflow/example_dags/example_branch_day_of_week_operator.py for tasks to queue
[2024-03-02T22:48:22.175+0000] {logging_mixin.py:188} INFO - [2024-03-02T22:48:22.175+0000] {dagbag.py:538} INFO - Filling up the DagBag from /home/airflow/.local/lib/python3.8/site-packages/airflow/example_dags/example_branch_day_of_week_operator.py
[2024-03-02T22:48:22.185+0000] {processor.py:840} INFO - DAG(s) 'example_weekday_branch_operator' retrieved from /home/airflow/.local/lib/python3.8/site-packages/airflow/example_dags/example_branch_day_of_week_operator.py
[2024-03-02T22:48:22.209+0000] {logging_mixin.py:188} INFO - [2024-03-02T22:48:22.208+0000] {dag.py:3036} INFO - Sync 1 DAGs
[2024-03-02T22:48:22.237+0000] {logging_mixin.py:188} INFO - [2024-03-02T22:48:22.237+0000] {dag.py:3823} INFO - Setting next_dagrun for example_weekday_branch_operator to 2024-03-01 00:00:00+00:00, run_after=2024-03-02 00:00:00+00:00
[2024-03-02T22:48:22.269+0000] {processor.py:183} INFO - Processing /home/airflow/.local/lib/python3.8/site-packages/airflow/example_dags/example_branch_day_of_week_operator.py took 0.101 seconds
[2024-03-02T22:48:52.436+0000] {processor.py:161} INFO - Started process (PID=377) to work on /home/airflow/.local/lib/python3.8/site-packages/airflow/example_dags/example_branch_day_of_week_operator.py
[2024-03-02T22:48:52.437+0000] {processor.py:830} INFO - Processing file /home/airflow/.local/lib/python3.8/site-packages/airflow/example_dags/example_branch_day_of_week_operator.py for tasks to queue
[2024-03-02T22:48:52.439+0000] {logging_mixin.py:188} INFO - [2024-03-02T22:48:52.438+0000] {dagbag.py:538} INFO - Filling up the DagBag from /home/airflow/.local/lib/python3.8/site-packages/airflow/example_dags/example_branch_day_of_week_operator.py
[2024-03-02T22:48:52.447+0000] {processor.py:840} INFO - DAG(s) 'example_weekday_branch_operator' retrieved from /home/airflow/.local/lib/python3.8/site-packages/airflow/example_dags/example_branch_day_of_week_operator.py
[2024-03-02T22:48:52.468+0000] {logging_mixin.py:188} INFO - [2024-03-02T22:48:52.467+0000] {dag.py:3036} INFO - Sync 1 DAGs
[2024-03-02T22:48:52.489+0000] {logging_mixin.py:188} INFO - [2024-03-02T22:48:52.489+0000] {dag.py:3823} INFO - Setting next_dagrun for example_weekday_branch_operator to 2024-03-01 00:00:00+00:00, run_after=2024-03-02 00:00:00+00:00
[2024-03-02T22:48:52.507+0000] {processor.py:183} INFO - Processing /home/airflow/.local/lib/python3.8/site-packages/airflow/example_dags/example_branch_day_of_week_operator.py took 0.074 seconds
[2024-03-02T22:49:22.904+0000] {processor.py:161} INFO - Started process (PID=433) to work on /home/airflow/.local/lib/python3.8/site-packages/airflow/example_dags/example_branch_day_of_week_operator.py
[2024-03-02T22:49:22.905+0000] {processor.py:830} INFO - Processing file /home/airflow/.local/lib/python3.8/site-packages/airflow/example_dags/example_branch_day_of_week_operator.py for tasks to queue
[2024-03-02T22:49:22.907+0000] {logging_mixin.py:188} INFO - [2024-03-02T22:49:22.907+0000] {dagbag.py:538} INFO - Filling up the DagBag from /home/airflow/.local/lib/python3.8/site-packages/airflow/example_dags/example_branch_day_of_week_operator.py
[2024-03-02T22:49:22.915+0000] {processor.py:840} INFO - DAG(s) 'example_weekday_branch_operator' retrieved from /home/airflow/.local/lib/python3.8/site-packages/airflow/example_dags/example_branch_day_of_week_operator.py
[2024-03-02T22:49:22.934+0000] {logging_mixin.py:188} INFO - [2024-03-02T22:49:22.934+0000] {dag.py:3036} INFO - Sync 1 DAGs
[2024-03-02T22:49:22.956+0000] {logging_mixin.py:188} INFO - [2024-03-02T22:49:22.956+0000] {dag.py:3823} INFO - Setting next_dagrun for example_weekday_branch_operator to 2024-03-01 00:00:00+00:00, run_after=2024-03-02 00:00:00+00:00
[2024-03-02T22:49:22.976+0000] {processor.py:183} INFO - Processing /home/airflow/.local/lib/python3.8/site-packages/airflow/example_dags/example_branch_day_of_week_operator.py took 0.075 seconds
[2024-03-02T22:49:53.482+0000] {processor.py:161} INFO - Started process (PID=489) to work on /home/airflow/.local/lib/python3.8/site-packages/airflow/example_dags/example_branch_day_of_week_operator.py
[2024-03-02T22:49:53.483+0000] {processor.py:830} INFO - Processing file /home/airflow/.local/lib/python3.8/site-packages/airflow/example_dags/example_branch_day_of_week_operator.py for tasks to queue
[2024-03-02T22:49:53.486+0000] {logging_mixin.py:188} INFO - [2024-03-02T22:49:53.485+0000] {dagbag.py:538} INFO - Filling up the DagBag from /home/airflow/.local/lib/python3.8/site-packages/airflow/example_dags/example_branch_day_of_week_operator.py
[2024-03-02T22:49:53.497+0000] {processor.py:840} INFO - DAG(s) 'example_weekday_branch_operator' retrieved from /home/airflow/.local/lib/python3.8/site-packages/airflow/example_dags/example_branch_day_of_week_operator.py
[2024-03-02T22:49:53.523+0000] {logging_mixin.py:188} INFO - [2024-03-02T22:49:53.523+0000] {dag.py:3036} INFO - Sync 1 DAGs
[2024-03-02T22:49:53.552+0000] {logging_mixin.py:188} INFO - [2024-03-02T22:49:53.552+0000] {dag.py:3823} INFO - Setting next_dagrun for example_weekday_branch_operator to 2024-03-01 00:00:00+00:00, run_after=2024-03-02 00:00:00+00:00
[2024-03-02T22:49:53.579+0000] {processor.py:183} INFO - Processing /home/airflow/.local/lib/python3.8/site-packages/airflow/example_dags/example_branch_day_of_week_operator.py took 0.101 seconds
[2024-03-02T22:50:23.789+0000] {processor.py:161} INFO - Started process (PID=545) to work on /home/airflow/.local/lib/python3.8/site-packages/airflow/example_dags/example_branch_day_of_week_operator.py
[2024-03-02T22:50:23.790+0000] {processor.py:830} INFO - Processing file /home/airflow/.local/lib/python3.8/site-packages/airflow/example_dags/example_branch_day_of_week_operator.py for tasks to queue
[2024-03-02T22:50:23.792+0000] {logging_mixin.py:188} INFO - [2024-03-02T22:50:23.791+0000] {dagbag.py:538} INFO - Filling up the DagBag from /home/airflow/.local/lib/python3.8/site-packages/airflow/example_dags/example_branch_day_of_week_operator.py
[2024-03-02T22:50:23.799+0000] {processor.py:840} INFO - DAG(s) 'example_weekday_branch_operator' retrieved from /home/airflow/.local/lib/python3.8/site-packages/airflow/example_dags/example_branch_day_of_week_operator.py
[2024-03-02T22:50:23.819+0000] {logging_mixin.py:188} INFO - [2024-03-02T22:50:23.819+0000] {dag.py:3036} INFO - Sync 1 DAGs
[2024-03-02T22:50:23.841+0000] {logging_mixin.py:188} INFO - [2024-03-02T22:50:23.841+0000] {dag.py:3823} INFO - Setting next_dagrun for example_weekday_branch_operator to 2024-03-01 00:00:00+00:00, run_after=2024-03-02 00:00:00+00:00
[2024-03-02T22:50:23.858+0000] {processor.py:183} INFO - Processing /home/airflow/.local/lib/python3.8/site-packages/airflow/example_dags/example_branch_day_of_week_operator.py took 0.073 seconds
[2024-03-02T22:50:58.086+0000] {processor.py:161} INFO - Started process (PID=601) to work on /home/airflow/.local/lib/python3.8/site-packages/airflow/example_dags/example_branch_day_of_week_operator.py
[2024-03-02T22:50:58.087+0000] {processor.py:830} INFO - Processing file /home/airflow/.local/lib/python3.8/site-packages/airflow/example_dags/example_branch_day_of_week_operator.py for tasks to queue
[2024-03-02T22:50:58.089+0000] {logging_mixin.py:188} INFO - [2024-03-02T22:50:58.089+0000] {dagbag.py:538} INFO - Filling up the DagBag from /home/airflow/.local/lib/python3.8/site-packages/airflow/example_dags/example_branch_day_of_week_operator.py
[2024-03-02T22:50:58.100+0000] {processor.py:840} INFO - DAG(s) 'example_weekday_branch_operator' retrieved from /home/airflow/.local/lib/python3.8/site-packages/airflow/example_dags/example_branch_day_of_week_operator.py
[2024-03-02T22:50:58.132+0000] {logging_mixin.py:188} INFO - [2024-03-02T22:50:58.132+0000] {dag.py:3036} INFO - Sync 1 DAGs
[2024-03-02T22:50:58.165+0000] {logging_mixin.py:188} INFO - [2024-03-02T22:50:58.164+0000] {dag.py:3823} INFO - Setting next_dagrun for example_weekday_branch_operator to 2024-03-01 00:00:00+00:00, run_after=2024-03-02 00:00:00+00:00
[2024-03-02T22:50:58.189+0000] {processor.py:183} INFO - Processing /home/airflow/.local/lib/python3.8/site-packages/airflow/example_dags/example_branch_day_of_week_operator.py took 0.107 seconds
[2024-03-02T22:51:28.827+0000] {processor.py:161} INFO - Started process (PID=657) to work on /home/airflow/.local/lib/python3.8/site-packages/airflow/example_dags/example_branch_day_of_week_operator.py
[2024-03-02T22:51:28.828+0000] {processor.py:830} INFO - Processing file /home/airflow/.local/lib/python3.8/site-packages/airflow/example_dags/example_branch_day_of_week_operator.py for tasks to queue
[2024-03-02T22:51:28.831+0000] {logging_mixin.py:188} INFO - [2024-03-02T22:51:28.830+0000] {dagbag.py:538} INFO - Filling up the DagBag from /home/airflow/.local/lib/python3.8/site-packages/airflow/example_dags/example_branch_day_of_week_operator.py
[2024-03-02T22:51:28.841+0000] {processor.py:840} INFO - DAG(s) 'example_weekday_branch_operator' retrieved from /home/airflow/.local/lib/python3.8/site-packages/airflow/example_dags/example_branch_day_of_week_operator.py
[2024-03-02T22:51:28.867+0000] {logging_mixin.py:188} INFO - [2024-03-02T22:51:28.867+0000] {dag.py:3036} INFO - Sync 1 DAGs
[2024-03-02T22:51:28.894+0000] {logging_mixin.py:188} INFO - [2024-03-02T22:51:28.894+0000] {dag.py:3823} INFO - Setting next_dagrun for example_weekday_branch_operator to 2024-03-01 00:00:00+00:00, run_after=2024-03-02 00:00:00+00:00
[2024-03-02T22:51:28.914+0000] {processor.py:183} INFO - Processing /home/airflow/.local/lib/python3.8/site-packages/airflow/example_dags/example_branch_day_of_week_operator.py took 0.090 seconds
[2024-03-02T22:52:17.570+0000] {processor.py:161} INFO - Started process (PID=728) to work on /home/airflow/.local/lib/python3.8/site-packages/airflow/example_dags/example_branch_day_of_week_operator.py
[2024-03-02T22:52:17.571+0000] {processor.py:830} INFO - Processing file /home/airflow/.local/lib/python3.8/site-packages/airflow/example_dags/example_branch_day_of_week_operator.py for tasks to queue
[2024-03-02T22:52:17.575+0000] {logging_mixin.py:188} INFO - [2024-03-02T22:52:17.574+0000] {dagbag.py:538} INFO - Filling up the DagBag from /home/airflow/.local/lib/python3.8/site-packages/airflow/example_dags/example_branch_day_of_week_operator.py
[2024-03-02T22:52:17.583+0000] {processor.py:840} INFO - DAG(s) 'example_weekday_branch_operator' retrieved from /home/airflow/.local/lib/python3.8/site-packages/airflow/example_dags/example_branch_day_of_week_operator.py
[2024-03-02T22:52:17.609+0000] {logging_mixin.py:188} INFO - [2024-03-02T22:52:17.609+0000] {dag.py:3036} INFO - Sync 1 DAGs
[2024-03-02T22:52:17.632+0000] {logging_mixin.py:188} INFO - [2024-03-02T22:52:17.631+0000] {dag.py:3823} INFO - Setting next_dagrun for example_weekday_branch_operator to 2024-03-01 00:00:00+00:00, run_after=2024-03-02 00:00:00+00:00
[2024-03-02T22:52:17.730+0000] {processor.py:183} INFO - Processing /home/airflow/.local/lib/python3.8/site-packages/airflow/example_dags/example_branch_day_of_week_operator.py took 0.164 seconds
[2024-03-02T22:52:47.863+0000] {processor.py:161} INFO - Started process (PID=784) to work on /home/airflow/.local/lib/python3.8/site-packages/airflow/example_dags/example_branch_day_of_week_operator.py
[2024-03-02T22:52:47.864+0000] {processor.py:830} INFO - Processing file /home/airflow/.local/lib/python3.8/site-packages/airflow/example_dags/example_branch_day_of_week_operator.py for tasks to queue
[2024-03-02T22:52:47.868+0000] {logging_mixin.py:188} INFO - [2024-03-02T22:52:47.868+0000] {dagbag.py:538} INFO - Filling up the DagBag from /home/airflow/.local/lib/python3.8/site-packages/airflow/example_dags/example_branch_day_of_week_operator.py
[2024-03-02T22:52:47.877+0000] {processor.py:840} INFO - DAG(s) 'example_weekday_branch_operator' retrieved from /home/airflow/.local/lib/python3.8/site-packages/airflow/example_dags/example_branch_day_of_week_operator.py
[2024-03-02T22:52:47.900+0000] {logging_mixin.py:188} INFO - [2024-03-02T22:52:47.900+0000] {dag.py:3036} INFO - Sync 1 DAGs
[2024-03-02T22:52:47.926+0000] {logging_mixin.py:188} INFO - [2024-03-02T22:52:47.925+0000] {dag.py:3823} INFO - Setting next_dagrun for example_weekday_branch_operator to 2024-03-01 00:00:00+00:00, run_after=2024-03-02 00:00:00+00:00
[2024-03-02T22:52:47.948+0000] {processor.py:183} INFO - Processing /home/airflow/.local/lib/python3.8/site-packages/airflow/example_dags/example_branch_day_of_week_operator.py took 0.090 seconds
[2024-03-02T22:53:18.569+0000] {processor.py:161} INFO - Started process (PID=840) to work on /home/airflow/.local/lib/python3.8/site-packages/airflow/example_dags/example_branch_day_of_week_operator.py
[2024-03-02T22:53:18.580+0000] {processor.py:830} INFO - Processing file /home/airflow/.local/lib/python3.8/site-packages/airflow/example_dags/example_branch_day_of_week_operator.py for tasks to queue
[2024-03-02T22:53:18.583+0000] {logging_mixin.py:188} INFO - [2024-03-02T22:53:18.583+0000] {dagbag.py:538} INFO - Filling up the DagBag from /home/airflow/.local/lib/python3.8/site-packages/airflow/example_dags/example_branch_day_of_week_operator.py
[2024-03-02T22:53:18.594+0000] {processor.py:840} INFO - DAG(s) 'example_weekday_branch_operator' retrieved from /home/airflow/.local/lib/python3.8/site-packages/airflow/example_dags/example_branch_day_of_week_operator.py
[2024-03-02T22:53:18.621+0000] {logging_mixin.py:188} INFO - [2024-03-02T22:53:18.621+0000] {dag.py:3036} INFO - Sync 1 DAGs
[2024-03-02T22:53:18.651+0000] {logging_mixin.py:188} INFO - [2024-03-02T22:53:18.651+0000] {dag.py:3823} INFO - Setting next_dagrun for example_weekday_branch_operator to 2024-03-01 00:00:00+00:00, run_after=2024-03-02 00:00:00+00:00
[2024-03-02T22:53:18.679+0000] {processor.py:183} INFO - Processing /home/airflow/.local/lib/python3.8/site-packages/airflow/example_dags/example_branch_day_of_week_operator.py took 0.116 seconds
[2024-03-02T22:57:48.073+0000] {processor.py:161} INFO - Started process (PID=919) to work on /home/airflow/.local/lib/python3.8/site-packages/airflow/example_dags/example_branch_day_of_week_operator.py
[2024-03-02T22:57:48.253+0000] {processor.py:830} INFO - Processing file /home/airflow/.local/lib/python3.8/site-packages/airflow/example_dags/example_branch_day_of_week_operator.py for tasks to queue
[2024-03-02T22:57:48.254+0000] {logging_mixin.py:188} INFO - [2024-03-02T22:57:48.254+0000] {dagbag.py:538} INFO - Filling up the DagBag from /home/airflow/.local/lib/python3.8/site-packages/airflow/example_dags/example_branch_day_of_week_operator.py
[2024-03-02T22:57:48.265+0000] {processor.py:840} INFO - DAG(s) 'example_weekday_branch_operator' retrieved from /home/airflow/.local/lib/python3.8/site-packages/airflow/example_dags/example_branch_day_of_week_operator.py
[2024-03-02T22:57:48.289+0000] {logging_mixin.py:188} INFO - [2024-03-02T22:57:48.289+0000] {dag.py:3036} INFO - Sync 1 DAGs
[2024-03-02T22:57:48.315+0000] {logging_mixin.py:188} INFO - [2024-03-02T22:57:48.314+0000] {dag.py:3823} INFO - Setting next_dagrun for example_weekday_branch_operator to 2024-03-01 00:00:00+00:00, run_after=2024-03-02 00:00:00+00:00
[2024-03-02T22:57:48.443+0000] {processor.py:183} INFO - Processing /home/airflow/.local/lib/python3.8/site-packages/airflow/example_dags/example_branch_day_of_week_operator.py took 0.374 seconds
