[2024-03-02T22:46:18.154+0000] {processor.py:161} INFO - Started process (PID=92) to work on /home/airflow/.local/lib/python3.8/site-packages/airflow/example_dags/example_skip_dag.py
[2024-03-02T22:46:18.156+0000] {processor.py:830} INFO - Processing file /home/airflow/.local/lib/python3.8/site-packages/airflow/example_dags/example_skip_dag.py for tasks to queue
[2024-03-02T22:46:18.158+0000] {logging_mixin.py:188} INFO - [2024-03-02T22:46:18.158+0000] {dagbag.py:538} INFO - Filling up the DagBag from /home/airflow/.local/lib/python3.8/site-packages/airflow/example_dags/example_skip_dag.py
[2024-03-02T22:46:18.172+0000] {processor.py:840} INFO - DAG(s) 'example_skip_dag' retrieved from /home/airflow/.local/lib/python3.8/site-packages/airflow/example_dags/example_skip_dag.py
[2024-03-02T22:46:18.323+0000] {logging_mixin.py:188} INFO - [2024-03-02T22:46:18.323+0000] {dag.py:3036} INFO - Sync 1 DAGs
[2024-03-02T22:46:18.353+0000] {logging_mixin.py:188} INFO - [2024-03-02T22:46:18.353+0000] {dag.py:3823} INFO - Setting next_dagrun for example_skip_dag to 2024-03-01 00:00:00+00:00, run_after=2024-03-02 00:00:00+00:00
[2024-03-02T22:46:18.379+0000] {processor.py:183} INFO - Processing /home/airflow/.local/lib/python3.8/site-packages/airflow/example_dags/example_skip_dag.py took 0.231 seconds
[2024-03-02T22:46:49.717+0000] {processor.py:161} INFO - Started process (PID=148) to work on /home/airflow/.local/lib/python3.8/site-packages/airflow/example_dags/example_skip_dag.py
[2024-03-02T22:46:49.718+0000] {processor.py:830} INFO - Processing file /home/airflow/.local/lib/python3.8/site-packages/airflow/example_dags/example_skip_dag.py for tasks to queue
[2024-03-02T22:46:49.721+0000] {logging_mixin.py:188} INFO - [2024-03-02T22:46:49.720+0000] {dagbag.py:538} INFO - Filling up the DagBag from /home/airflow/.local/lib/python3.8/site-packages/airflow/example_dags/example_skip_dag.py
[2024-03-02T22:46:49.728+0000] {processor.py:840} INFO - DAG(s) 'example_skip_dag' retrieved from /home/airflow/.local/lib/python3.8/site-packages/airflow/example_dags/example_skip_dag.py
[2024-03-02T22:46:49.750+0000] {logging_mixin.py:188} INFO - [2024-03-02T22:46:49.750+0000] {dag.py:3036} INFO - Sync 1 DAGs
[2024-03-02T22:46:49.775+0000] {logging_mixin.py:188} INFO - [2024-03-02T22:46:49.775+0000] {dag.py:3823} INFO - Setting next_dagrun for example_skip_dag to 2024-03-01 00:00:00+00:00, run_after=2024-03-02 00:00:00+00:00
[2024-03-02T22:46:49.808+0000] {processor.py:183} INFO - Processing /home/airflow/.local/lib/python3.8/site-packages/airflow/example_dags/example_skip_dag.py took 0.095 seconds
[2024-03-02T22:47:20.494+0000] {processor.py:161} INFO - Started process (PID=204) to work on /home/airflow/.local/lib/python3.8/site-packages/airflow/example_dags/example_skip_dag.py
[2024-03-02T22:47:20.495+0000] {processor.py:830} INFO - Processing file /home/airflow/.local/lib/python3.8/site-packages/airflow/example_dags/example_skip_dag.py for tasks to queue
[2024-03-02T22:47:20.498+0000] {logging_mixin.py:188} INFO - [2024-03-02T22:47:20.497+0000] {dagbag.py:538} INFO - Filling up the DagBag from /home/airflow/.local/lib/python3.8/site-packages/airflow/example_dags/example_skip_dag.py
[2024-03-02T22:47:20.510+0000] {processor.py:840} INFO - DAG(s) 'example_skip_dag' retrieved from /home/airflow/.local/lib/python3.8/site-packages/airflow/example_dags/example_skip_dag.py
[2024-03-02T22:47:20.542+0000] {logging_mixin.py:188} INFO - [2024-03-02T22:47:20.542+0000] {dag.py:3036} INFO - Sync 1 DAGs
[2024-03-02T22:47:20.580+0000] {logging_mixin.py:188} INFO - [2024-03-02T22:47:20.580+0000] {dag.py:3823} INFO - Setting next_dagrun for example_skip_dag to 2024-03-01 00:00:00+00:00, run_after=2024-03-02 00:00:00+00:00
[2024-03-02T22:47:20.609+0000] {processor.py:183} INFO - Processing /home/airflow/.local/lib/python3.8/site-packages/airflow/example_dags/example_skip_dag.py took 0.120 seconds
[2024-03-02T22:47:51.213+0000] {processor.py:161} INFO - Started process (PID=260) to work on /home/airflow/.local/lib/python3.8/site-packages/airflow/example_dags/example_skip_dag.py
[2024-03-02T22:47:51.215+0000] {processor.py:830} INFO - Processing file /home/airflow/.local/lib/python3.8/site-packages/airflow/example_dags/example_skip_dag.py for tasks to queue
[2024-03-02T22:47:51.218+0000] {logging_mixin.py:188} INFO - [2024-03-02T22:47:51.218+0000] {dagbag.py:538} INFO - Filling up the DagBag from /home/airflow/.local/lib/python3.8/site-packages/airflow/example_dags/example_skip_dag.py
[2024-03-02T22:47:51.230+0000] {processor.py:840} INFO - DAG(s) 'example_skip_dag' retrieved from /home/airflow/.local/lib/python3.8/site-packages/airflow/example_dags/example_skip_dag.py
[2024-03-02T22:47:51.264+0000] {logging_mixin.py:188} INFO - [2024-03-02T22:47:51.264+0000] {dag.py:3036} INFO - Sync 1 DAGs
[2024-03-02T22:47:51.300+0000] {logging_mixin.py:188} INFO - [2024-03-02T22:47:51.299+0000] {dag.py:3823} INFO - Setting next_dagrun for example_skip_dag to 2024-03-01 00:00:00+00:00, run_after=2024-03-02 00:00:00+00:00
[2024-03-02T22:47:51.335+0000] {processor.py:183} INFO - Processing /home/airflow/.local/lib/python3.8/site-packages/airflow/example_dags/example_skip_dag.py took 0.127 seconds
[2024-03-02T22:48:21.785+0000] {processor.py:161} INFO - Started process (PID=316) to work on /home/airflow/.local/lib/python3.8/site-packages/airflow/example_dags/example_skip_dag.py
[2024-03-02T22:48:21.787+0000] {processor.py:830} INFO - Processing file /home/airflow/.local/lib/python3.8/site-packages/airflow/example_dags/example_skip_dag.py for tasks to queue
[2024-03-02T22:48:21.789+0000] {logging_mixin.py:188} INFO - [2024-03-02T22:48:21.789+0000] {dagbag.py:538} INFO - Filling up the DagBag from /home/airflow/.local/lib/python3.8/site-packages/airflow/example_dags/example_skip_dag.py
[2024-03-02T22:48:21.799+0000] {processor.py:840} INFO - DAG(s) 'example_skip_dag' retrieved from /home/airflow/.local/lib/python3.8/site-packages/airflow/example_dags/example_skip_dag.py
[2024-03-02T22:48:21.828+0000] {logging_mixin.py:188} INFO - [2024-03-02T22:48:21.828+0000] {dag.py:3036} INFO - Sync 1 DAGs
[2024-03-02T22:48:21.856+0000] {logging_mixin.py:188} INFO - [2024-03-02T22:48:21.855+0000] {dag.py:3823} INFO - Setting next_dagrun for example_skip_dag to 2024-03-01 00:00:00+00:00, run_after=2024-03-02 00:00:00+00:00
[2024-03-02T22:48:21.879+0000] {processor.py:183} INFO - Processing /home/airflow/.local/lib/python3.8/site-packages/airflow/example_dags/example_skip_dag.py took 0.101 seconds
[2024-03-02T22:48:51.936+0000] {processor.py:161} INFO - Started process (PID=372) to work on /home/airflow/.local/lib/python3.8/site-packages/airflow/example_dags/example_skip_dag.py
[2024-03-02T22:48:51.937+0000] {processor.py:830} INFO - Processing file /home/airflow/.local/lib/python3.8/site-packages/airflow/example_dags/example_skip_dag.py for tasks to queue
[2024-03-02T22:48:51.940+0000] {logging_mixin.py:188} INFO - [2024-03-02T22:48:51.939+0000] {dagbag.py:538} INFO - Filling up the DagBag from /home/airflow/.local/lib/python3.8/site-packages/airflow/example_dags/example_skip_dag.py
[2024-03-02T22:48:51.946+0000] {processor.py:840} INFO - DAG(s) 'example_skip_dag' retrieved from /home/airflow/.local/lib/python3.8/site-packages/airflow/example_dags/example_skip_dag.py
[2024-03-02T22:48:51.970+0000] {logging_mixin.py:188} INFO - [2024-03-02T22:48:51.969+0000] {dag.py:3036} INFO - Sync 1 DAGs
[2024-03-02T22:48:51.998+0000] {logging_mixin.py:188} INFO - [2024-03-02T22:48:51.997+0000] {dag.py:3823} INFO - Setting next_dagrun for example_skip_dag to 2024-03-01 00:00:00+00:00, run_after=2024-03-02 00:00:00+00:00
[2024-03-02T22:48:52.023+0000] {processor.py:183} INFO - Processing /home/airflow/.local/lib/python3.8/site-packages/airflow/example_dags/example_skip_dag.py took 0.089 seconds
[2024-03-02T22:49:22.505+0000] {processor.py:161} INFO - Started process (PID=428) to work on /home/airflow/.local/lib/python3.8/site-packages/airflow/example_dags/example_skip_dag.py
[2024-03-02T22:49:22.507+0000] {processor.py:830} INFO - Processing file /home/airflow/.local/lib/python3.8/site-packages/airflow/example_dags/example_skip_dag.py for tasks to queue
[2024-03-02T22:49:22.509+0000] {logging_mixin.py:188} INFO - [2024-03-02T22:49:22.508+0000] {dagbag.py:538} INFO - Filling up the DagBag from /home/airflow/.local/lib/python3.8/site-packages/airflow/example_dags/example_skip_dag.py
[2024-03-02T22:49:22.515+0000] {processor.py:840} INFO - DAG(s) 'example_skip_dag' retrieved from /home/airflow/.local/lib/python3.8/site-packages/airflow/example_dags/example_skip_dag.py
[2024-03-02T22:49:22.536+0000] {logging_mixin.py:188} INFO - [2024-03-02T22:49:22.535+0000] {dag.py:3036} INFO - Sync 1 DAGs
[2024-03-02T22:49:22.557+0000] {logging_mixin.py:188} INFO - [2024-03-02T22:49:22.557+0000] {dag.py:3823} INFO - Setting next_dagrun for example_skip_dag to 2024-03-01 00:00:00+00:00, run_after=2024-03-02 00:00:00+00:00
[2024-03-02T22:49:22.576+0000] {processor.py:183} INFO - Processing /home/airflow/.local/lib/python3.8/site-packages/airflow/example_dags/example_skip_dag.py took 0.074 seconds
[2024-03-02T22:49:53.076+0000] {processor.py:161} INFO - Started process (PID=484) to work on /home/airflow/.local/lib/python3.8/site-packages/airflow/example_dags/example_skip_dag.py
[2024-03-02T22:49:53.077+0000] {processor.py:830} INFO - Processing file /home/airflow/.local/lib/python3.8/site-packages/airflow/example_dags/example_skip_dag.py for tasks to queue
[2024-03-02T22:49:53.079+0000] {logging_mixin.py:188} INFO - [2024-03-02T22:49:53.079+0000] {dagbag.py:538} INFO - Filling up the DagBag from /home/airflow/.local/lib/python3.8/site-packages/airflow/example_dags/example_skip_dag.py
[2024-03-02T22:49:53.087+0000] {processor.py:840} INFO - DAG(s) 'example_skip_dag' retrieved from /home/airflow/.local/lib/python3.8/site-packages/airflow/example_dags/example_skip_dag.py
[2024-03-02T22:49:53.113+0000] {logging_mixin.py:188} INFO - [2024-03-02T22:49:53.113+0000] {dag.py:3036} INFO - Sync 1 DAGs
[2024-03-02T22:49:53.145+0000] {logging_mixin.py:188} INFO - [2024-03-02T22:49:53.144+0000] {dag.py:3823} INFO - Setting next_dagrun for example_skip_dag to 2024-03-01 00:00:00+00:00, run_after=2024-03-02 00:00:00+00:00
[2024-03-02T22:49:53.171+0000] {processor.py:183} INFO - Processing /home/airflow/.local/lib/python3.8/site-packages/airflow/example_dags/example_skip_dag.py took 0.098 seconds
[2024-03-02T22:50:23.388+0000] {processor.py:161} INFO - Started process (PID=540) to work on /home/airflow/.local/lib/python3.8/site-packages/airflow/example_dags/example_skip_dag.py
[2024-03-02T22:50:23.389+0000] {processor.py:830} INFO - Processing file /home/airflow/.local/lib/python3.8/site-packages/airflow/example_dags/example_skip_dag.py for tasks to queue
[2024-03-02T22:50:23.391+0000] {logging_mixin.py:188} INFO - [2024-03-02T22:50:23.391+0000] {dagbag.py:538} INFO - Filling up the DagBag from /home/airflow/.local/lib/python3.8/site-packages/airflow/example_dags/example_skip_dag.py
[2024-03-02T22:50:23.397+0000] {processor.py:840} INFO - DAG(s) 'example_skip_dag' retrieved from /home/airflow/.local/lib/python3.8/site-packages/airflow/example_dags/example_skip_dag.py
[2024-03-02T22:50:23.418+0000] {logging_mixin.py:188} INFO - [2024-03-02T22:50:23.418+0000] {dag.py:3036} INFO - Sync 1 DAGs
[2024-03-02T22:50:23.443+0000] {logging_mixin.py:188} INFO - [2024-03-02T22:50:23.442+0000] {dag.py:3823} INFO - Setting next_dagrun for example_skip_dag to 2024-03-01 00:00:00+00:00, run_after=2024-03-02 00:00:00+00:00
[2024-03-02T22:50:23.461+0000] {processor.py:183} INFO - Processing /home/airflow/.local/lib/python3.8/site-packages/airflow/example_dags/example_skip_dag.py took 0.077 seconds
[2024-03-02T22:50:57.306+0000] {processor.py:161} INFO - Started process (PID=596) to work on /home/airflow/.local/lib/python3.8/site-packages/airflow/example_dags/example_skip_dag.py
[2024-03-02T22:50:57.307+0000] {processor.py:830} INFO - Processing file /home/airflow/.local/lib/python3.8/site-packages/airflow/example_dags/example_skip_dag.py for tasks to queue
[2024-03-02T22:50:57.309+0000] {logging_mixin.py:188} INFO - [2024-03-02T22:50:57.309+0000] {dagbag.py:538} INFO - Filling up the DagBag from /home/airflow/.local/lib/python3.8/site-packages/airflow/example_dags/example_skip_dag.py
[2024-03-02T22:50:57.317+0000] {processor.py:840} INFO - DAG(s) 'example_skip_dag' retrieved from /home/airflow/.local/lib/python3.8/site-packages/airflow/example_dags/example_skip_dag.py
[2024-03-02T22:50:57.346+0000] {logging_mixin.py:188} INFO - [2024-03-02T22:50:57.346+0000] {dag.py:3036} INFO - Sync 1 DAGs
[2024-03-02T22:50:57.377+0000] {logging_mixin.py:188} INFO - [2024-03-02T22:50:57.377+0000] {dag.py:3823} INFO - Setting next_dagrun for example_skip_dag to 2024-03-01 00:00:00+00:00, run_after=2024-03-02 00:00:00+00:00
[2024-03-02T22:50:57.396+0000] {processor.py:183} INFO - Processing /home/airflow/.local/lib/python3.8/site-packages/airflow/example_dags/example_skip_dag.py took 0.094 seconds
[2024-03-02T22:51:28.373+0000] {processor.py:161} INFO - Started process (PID=652) to work on /home/airflow/.local/lib/python3.8/site-packages/airflow/example_dags/example_skip_dag.py
[2024-03-02T22:51:28.374+0000] {processor.py:830} INFO - Processing file /home/airflow/.local/lib/python3.8/site-packages/airflow/example_dags/example_skip_dag.py for tasks to queue
[2024-03-02T22:51:28.376+0000] {logging_mixin.py:188} INFO - [2024-03-02T22:51:28.375+0000] {dagbag.py:538} INFO - Filling up the DagBag from /home/airflow/.local/lib/python3.8/site-packages/airflow/example_dags/example_skip_dag.py
[2024-03-02T22:51:28.382+0000] {processor.py:840} INFO - DAG(s) 'example_skip_dag' retrieved from /home/airflow/.local/lib/python3.8/site-packages/airflow/example_dags/example_skip_dag.py
[2024-03-02T22:51:28.404+0000] {logging_mixin.py:188} INFO - [2024-03-02T22:51:28.404+0000] {dag.py:3036} INFO - Sync 1 DAGs
[2024-03-02T22:51:28.425+0000] {logging_mixin.py:188} INFO - [2024-03-02T22:51:28.425+0000] {dag.py:3823} INFO - Setting next_dagrun for example_skip_dag to 2024-03-01 00:00:00+00:00, run_after=2024-03-02 00:00:00+00:00
[2024-03-02T22:51:28.444+0000] {processor.py:183} INFO - Processing /home/airflow/.local/lib/python3.8/site-packages/airflow/example_dags/example_skip_dag.py took 0.074 seconds
[2024-03-02T22:52:16.777+0000] {processor.py:161} INFO - Started process (PID=723) to work on /home/airflow/.local/lib/python3.8/site-packages/airflow/example_dags/example_skip_dag.py
[2024-03-02T22:52:16.778+0000] {processor.py:830} INFO - Processing file /home/airflow/.local/lib/python3.8/site-packages/airflow/example_dags/example_skip_dag.py for tasks to queue
[2024-03-02T22:52:16.781+0000] {logging_mixin.py:188} INFO - [2024-03-02T22:52:16.781+0000] {dagbag.py:538} INFO - Filling up the DagBag from /home/airflow/.local/lib/python3.8/site-packages/airflow/example_dags/example_skip_dag.py
[2024-03-02T22:52:16.787+0000] {processor.py:840} INFO - DAG(s) 'example_skip_dag' retrieved from /home/airflow/.local/lib/python3.8/site-packages/airflow/example_dags/example_skip_dag.py
[2024-03-02T22:52:16.809+0000] {logging_mixin.py:188} INFO - [2024-03-02T22:52:16.808+0000] {dag.py:3036} INFO - Sync 1 DAGs
[2024-03-02T22:52:16.838+0000] {logging_mixin.py:188} INFO - [2024-03-02T22:52:16.837+0000] {dag.py:3823} INFO - Setting next_dagrun for example_skip_dag to 2024-03-01 00:00:00+00:00, run_after=2024-03-02 00:00:00+00:00
[2024-03-02T22:52:16.866+0000] {processor.py:183} INFO - Processing /home/airflow/.local/lib/python3.8/site-packages/airflow/example_dags/example_skip_dag.py took 0.092 seconds
[2024-03-02T22:52:47.599+0000] {processor.py:161} INFO - Started process (PID=779) to work on /home/airflow/.local/lib/python3.8/site-packages/airflow/example_dags/example_skip_dag.py
[2024-03-02T22:52:47.601+0000] {processor.py:830} INFO - Processing file /home/airflow/.local/lib/python3.8/site-packages/airflow/example_dags/example_skip_dag.py for tasks to queue
[2024-03-02T22:52:47.603+0000] {logging_mixin.py:188} INFO - [2024-03-02T22:52:47.603+0000] {dagbag.py:538} INFO - Filling up the DagBag from /home/airflow/.local/lib/python3.8/site-packages/airflow/example_dags/example_skip_dag.py
[2024-03-02T22:52:47.612+0000] {processor.py:840} INFO - DAG(s) 'example_skip_dag' retrieved from /home/airflow/.local/lib/python3.8/site-packages/airflow/example_dags/example_skip_dag.py
[2024-03-02T22:52:47.637+0000] {logging_mixin.py:188} INFO - [2024-03-02T22:52:47.637+0000] {dag.py:3036} INFO - Sync 1 DAGs
[2024-03-02T22:52:47.662+0000] {logging_mixin.py:188} INFO - [2024-03-02T22:52:47.662+0000] {dag.py:3823} INFO - Setting next_dagrun for example_skip_dag to 2024-03-01 00:00:00+00:00, run_after=2024-03-02 00:00:00+00:00
[2024-03-02T22:52:47.680+0000] {processor.py:183} INFO - Processing /home/airflow/.local/lib/python3.8/site-packages/airflow/example_dags/example_skip_dag.py took 0.084 seconds
[2024-03-02T22:53:18.236+0000] {processor.py:161} INFO - Started process (PID=835) to work on /home/airflow/.local/lib/python3.8/site-packages/airflow/example_dags/example_skip_dag.py
[2024-03-02T22:53:18.302+0000] {processor.py:830} INFO - Processing file /home/airflow/.local/lib/python3.8/site-packages/airflow/example_dags/example_skip_dag.py for tasks to queue
[2024-03-02T22:53:18.305+0000] {logging_mixin.py:188} INFO - [2024-03-02T22:53:18.304+0000] {dagbag.py:538} INFO - Filling up the DagBag from /home/airflow/.local/lib/python3.8/site-packages/airflow/example_dags/example_skip_dag.py
[2024-03-02T22:53:18.311+0000] {processor.py:840} INFO - DAG(s) 'example_skip_dag' retrieved from /home/airflow/.local/lib/python3.8/site-packages/airflow/example_dags/example_skip_dag.py
[2024-03-02T22:53:18.339+0000] {logging_mixin.py:188} INFO - [2024-03-02T22:53:18.339+0000] {dag.py:3036} INFO - Sync 1 DAGs
[2024-03-02T22:53:18.364+0000] {logging_mixin.py:188} INFO - [2024-03-02T22:53:18.363+0000] {dag.py:3823} INFO - Setting next_dagrun for example_skip_dag to 2024-03-01 00:00:00+00:00, run_after=2024-03-02 00:00:00+00:00
[2024-03-02T22:53:18.383+0000] {processor.py:183} INFO - Processing /home/airflow/.local/lib/python3.8/site-packages/airflow/example_dags/example_skip_dag.py took 0.152 seconds
[2024-03-02T22:57:42.418+0000] {processor.py:161} INFO - Started process (PID=914) to work on /home/airflow/.local/lib/python3.8/site-packages/airflow/example_dags/example_skip_dag.py
[2024-03-02T22:57:42.521+0000] {processor.py:830} INFO - Processing file /home/airflow/.local/lib/python3.8/site-packages/airflow/example_dags/example_skip_dag.py for tasks to queue
[2024-03-02T22:57:42.522+0000] {logging_mixin.py:188} INFO - [2024-03-02T22:57:42.522+0000] {dagbag.py:538} INFO - Filling up the DagBag from /home/airflow/.local/lib/python3.8/site-packages/airflow/example_dags/example_skip_dag.py
[2024-03-02T22:57:43.073+0000] {processor.py:840} INFO - DAG(s) 'example_skip_dag' retrieved from /home/airflow/.local/lib/python3.8/site-packages/airflow/example_dags/example_skip_dag.py
[2024-03-02T22:57:43.141+0000] {logging_mixin.py:188} INFO - [2024-03-02T22:57:43.141+0000] {dag.py:3036} INFO - Sync 1 DAGs
[2024-03-02T22:57:43.405+0000] {logging_mixin.py:188} INFO - [2024-03-02T22:57:43.405+0000] {dag.py:3823} INFO - Setting next_dagrun for example_skip_dag to 2024-03-01 00:00:00+00:00, run_after=2024-03-02 00:00:00+00:00
[2024-03-02T22:57:44.081+0000] {processor.py:183} INFO - Processing /home/airflow/.local/lib/python3.8/site-packages/airflow/example_dags/example_skip_dag.py took 2.076 seconds
