[2024-03-02T22:46:17.254+0000] {processor.py:161} INFO - Started process (PID=87) to work on /home/airflow/.local/lib/python3.8/site-packages/airflow/example_dags/example_short_circuit_decorator.py
[2024-03-02T22:46:17.255+0000] {processor.py:830} INFO - Processing file /home/airflow/.local/lib/python3.8/site-packages/airflow/example_dags/example_short_circuit_decorator.py for tasks to queue
[2024-03-02T22:46:17.258+0000] {logging_mixin.py:188} INFO - [2024-03-02T22:46:17.258+0000] {dagbag.py:538} INFO - Filling up the DagBag from /home/airflow/.local/lib/python3.8/site-packages/airflow/example_dags/example_short_circuit_decorator.py
[2024-03-02T22:46:17.388+0000] {processor.py:840} INFO - DAG(s) 'example_short_circuit_decorator' retrieved from /home/airflow/.local/lib/python3.8/site-packages/airflow/example_dags/example_short_circuit_decorator.py
[2024-03-02T22:46:17.555+0000] {logging_mixin.py:188} INFO - [2024-03-02T22:46:17.555+0000] {dag.py:3036} INFO - Sync 1 DAGs
[2024-03-02T22:46:17.599+0000] {logging_mixin.py:188} INFO - [2024-03-02T22:46:17.599+0000] {dag.py:3823} INFO - Setting next_dagrun for example_short_circuit_decorator to 2024-03-01 00:00:00+00:00, run_after=2024-03-02 00:00:00+00:00
[2024-03-02T22:46:17.652+0000] {processor.py:183} INFO - Processing /home/airflow/.local/lib/python3.8/site-packages/airflow/example_dags/example_short_circuit_decorator.py took 0.403 seconds
[2024-03-02T22:46:48.565+0000] {processor.py:161} INFO - Started process (PID=143) to work on /home/airflow/.local/lib/python3.8/site-packages/airflow/example_dags/example_short_circuit_decorator.py
[2024-03-02T22:46:48.567+0000] {processor.py:830} INFO - Processing file /home/airflow/.local/lib/python3.8/site-packages/airflow/example_dags/example_short_circuit_decorator.py for tasks to queue
[2024-03-02T22:46:48.569+0000] {logging_mixin.py:188} INFO - [2024-03-02T22:46:48.569+0000] {dagbag.py:538} INFO - Filling up the DagBag from /home/airflow/.local/lib/python3.8/site-packages/airflow/example_dags/example_short_circuit_decorator.py
[2024-03-02T22:46:48.586+0000] {processor.py:840} INFO - DAG(s) 'example_short_circuit_decorator' retrieved from /home/airflow/.local/lib/python3.8/site-packages/airflow/example_dags/example_short_circuit_decorator.py
[2024-03-02T22:46:48.616+0000] {logging_mixin.py:188} INFO - [2024-03-02T22:46:48.616+0000] {dag.py:3036} INFO - Sync 1 DAGs
[2024-03-02T22:46:48.647+0000] {logging_mixin.py:188} INFO - [2024-03-02T22:46:48.647+0000] {dag.py:3823} INFO - Setting next_dagrun for example_short_circuit_decorator to 2024-03-01 00:00:00+00:00, run_after=2024-03-02 00:00:00+00:00
[2024-03-02T22:46:48.677+0000] {processor.py:183} INFO - Processing /home/airflow/.local/lib/python3.8/site-packages/airflow/example_dags/example_short_circuit_decorator.py took 0.116 seconds
[2024-03-02T22:47:19.654+0000] {processor.py:161} INFO - Started process (PID=199) to work on /home/airflow/.local/lib/python3.8/site-packages/airflow/example_dags/example_short_circuit_decorator.py
[2024-03-02T22:47:19.670+0000] {processor.py:830} INFO - Processing file /home/airflow/.local/lib/python3.8/site-packages/airflow/example_dags/example_short_circuit_decorator.py for tasks to queue
[2024-03-02T22:47:19.734+0000] {logging_mixin.py:188} INFO - [2024-03-02T22:47:19.733+0000] {dagbag.py:538} INFO - Filling up the DagBag from /home/airflow/.local/lib/python3.8/site-packages/airflow/example_dags/example_short_circuit_decorator.py
[2024-03-02T22:47:19.772+0000] {processor.py:840} INFO - DAG(s) 'example_short_circuit_decorator' retrieved from /home/airflow/.local/lib/python3.8/site-packages/airflow/example_dags/example_short_circuit_decorator.py
[2024-03-02T22:47:19.858+0000] {logging_mixin.py:188} INFO - [2024-03-02T22:47:19.858+0000] {dag.py:3036} INFO - Sync 1 DAGs
[2024-03-02T22:47:19.915+0000] {logging_mixin.py:188} INFO - [2024-03-02T22:47:19.915+0000] {dag.py:3823} INFO - Setting next_dagrun for example_short_circuit_decorator to 2024-03-01 00:00:00+00:00, run_after=2024-03-02 00:00:00+00:00
[2024-03-02T22:47:19.993+0000] {processor.py:183} INFO - Processing /home/airflow/.local/lib/python3.8/site-packages/airflow/example_dags/example_short_circuit_decorator.py took 0.444 seconds
[2024-03-02T22:47:50.963+0000] {processor.py:161} INFO - Started process (PID=256) to work on /home/airflow/.local/lib/python3.8/site-packages/airflow/example_dags/example_short_circuit_decorator.py
[2024-03-02T22:47:50.964+0000] {processor.py:830} INFO - Processing file /home/airflow/.local/lib/python3.8/site-packages/airflow/example_dags/example_short_circuit_decorator.py for tasks to queue
[2024-03-02T22:47:50.966+0000] {logging_mixin.py:188} INFO - [2024-03-02T22:47:50.966+0000] {dagbag.py:538} INFO - Filling up the DagBag from /home/airflow/.local/lib/python3.8/site-packages/airflow/example_dags/example_short_circuit_decorator.py
[2024-03-02T22:47:50.976+0000] {processor.py:840} INFO - DAG(s) 'example_short_circuit_decorator' retrieved from /home/airflow/.local/lib/python3.8/site-packages/airflow/example_dags/example_short_circuit_decorator.py
[2024-03-02T22:47:51.004+0000] {logging_mixin.py:188} INFO - [2024-03-02T22:47:51.004+0000] {dag.py:3036} INFO - Sync 1 DAGs
[2024-03-02T22:47:51.031+0000] {logging_mixin.py:188} INFO - [2024-03-02T22:47:51.031+0000] {dag.py:3823} INFO - Setting next_dagrun for example_short_circuit_decorator to 2024-03-01 00:00:00+00:00, run_after=2024-03-02 00:00:00+00:00
[2024-03-02T22:47:51.062+0000] {processor.py:183} INFO - Processing /home/airflow/.local/lib/python3.8/site-packages/airflow/example_dags/example_short_circuit_decorator.py took 0.103 seconds
[2024-03-02T22:48:21.297+0000] {processor.py:161} INFO - Started process (PID=312) to work on /home/airflow/.local/lib/python3.8/site-packages/airflow/example_dags/example_short_circuit_decorator.py
[2024-03-02T22:48:21.299+0000] {processor.py:830} INFO - Processing file /home/airflow/.local/lib/python3.8/site-packages/airflow/example_dags/example_short_circuit_decorator.py for tasks to queue
[2024-03-02T22:48:21.302+0000] {logging_mixin.py:188} INFO - [2024-03-02T22:48:21.302+0000] {dagbag.py:538} INFO - Filling up the DagBag from /home/airflow/.local/lib/python3.8/site-packages/airflow/example_dags/example_short_circuit_decorator.py
[2024-03-02T22:48:21.316+0000] {processor.py:840} INFO - DAG(s) 'example_short_circuit_decorator' retrieved from /home/airflow/.local/lib/python3.8/site-packages/airflow/example_dags/example_short_circuit_decorator.py
[2024-03-02T22:48:21.345+0000] {logging_mixin.py:188} INFO - [2024-03-02T22:48:21.345+0000] {dag.py:3036} INFO - Sync 1 DAGs
[2024-03-02T22:48:21.382+0000] {logging_mixin.py:188} INFO - [2024-03-02T22:48:21.381+0000] {dag.py:3823} INFO - Setting next_dagrun for example_short_circuit_decorator to 2024-03-01 00:00:00+00:00, run_after=2024-03-02 00:00:00+00:00
[2024-03-02T22:48:21.427+0000] {processor.py:183} INFO - Processing /home/airflow/.local/lib/python3.8/site-packages/airflow/example_dags/example_short_circuit_decorator.py took 0.133 seconds
[2024-03-02T22:48:51.705+0000] {processor.py:161} INFO - Started process (PID=368) to work on /home/airflow/.local/lib/python3.8/site-packages/airflow/example_dags/example_short_circuit_decorator.py
[2024-03-02T22:48:51.706+0000] {processor.py:830} INFO - Processing file /home/airflow/.local/lib/python3.8/site-packages/airflow/example_dags/example_short_circuit_decorator.py for tasks to queue
[2024-03-02T22:48:51.708+0000] {logging_mixin.py:188} INFO - [2024-03-02T22:48:51.708+0000] {dagbag.py:538} INFO - Filling up the DagBag from /home/airflow/.local/lib/python3.8/site-packages/airflow/example_dags/example_short_circuit_decorator.py
[2024-03-02T22:48:51.719+0000] {processor.py:840} INFO - DAG(s) 'example_short_circuit_decorator' retrieved from /home/airflow/.local/lib/python3.8/site-packages/airflow/example_dags/example_short_circuit_decorator.py
[2024-03-02T22:48:51.742+0000] {logging_mixin.py:188} INFO - [2024-03-02T22:48:51.742+0000] {dag.py:3036} INFO - Sync 1 DAGs
[2024-03-02T22:48:51.770+0000] {logging_mixin.py:188} INFO - [2024-03-02T22:48:51.770+0000] {dag.py:3823} INFO - Setting next_dagrun for example_short_circuit_decorator to 2024-03-01 00:00:00+00:00, run_after=2024-03-02 00:00:00+00:00
[2024-03-02T22:48:51.791+0000] {processor.py:183} INFO - Processing /home/airflow/.local/lib/python3.8/site-packages/airflow/example_dags/example_short_circuit_decorator.py took 0.089 seconds
[2024-03-02T22:49:22.289+0000] {processor.py:161} INFO - Started process (PID=424) to work on /home/airflow/.local/lib/python3.8/site-packages/airflow/example_dags/example_short_circuit_decorator.py
[2024-03-02T22:49:22.291+0000] {processor.py:830} INFO - Processing file /home/airflow/.local/lib/python3.8/site-packages/airflow/example_dags/example_short_circuit_decorator.py for tasks to queue
[2024-03-02T22:49:22.293+0000] {logging_mixin.py:188} INFO - [2024-03-02T22:49:22.293+0000] {dagbag.py:538} INFO - Filling up the DagBag from /home/airflow/.local/lib/python3.8/site-packages/airflow/example_dags/example_short_circuit_decorator.py
[2024-03-02T22:49:22.304+0000] {processor.py:840} INFO - DAG(s) 'example_short_circuit_decorator' retrieved from /home/airflow/.local/lib/python3.8/site-packages/airflow/example_dags/example_short_circuit_decorator.py
[2024-03-02T22:49:22.328+0000] {logging_mixin.py:188} INFO - [2024-03-02T22:49:22.327+0000] {dag.py:3036} INFO - Sync 1 DAGs
[2024-03-02T22:49:22.349+0000] {logging_mixin.py:188} INFO - [2024-03-02T22:49:22.349+0000] {dag.py:3823} INFO - Setting next_dagrun for example_short_circuit_decorator to 2024-03-01 00:00:00+00:00, run_after=2024-03-02 00:00:00+00:00
[2024-03-02T22:49:22.366+0000] {processor.py:183} INFO - Processing /home/airflow/.local/lib/python3.8/site-packages/airflow/example_dags/example_short_circuit_decorator.py took 0.081 seconds
[2024-03-02T22:49:52.860+0000] {processor.py:161} INFO - Started process (PID=480) to work on /home/airflow/.local/lib/python3.8/site-packages/airflow/example_dags/example_short_circuit_decorator.py
[2024-03-02T22:49:52.861+0000] {processor.py:830} INFO - Processing file /home/airflow/.local/lib/python3.8/site-packages/airflow/example_dags/example_short_circuit_decorator.py for tasks to queue
[2024-03-02T22:49:52.863+0000] {logging_mixin.py:188} INFO - [2024-03-02T22:49:52.863+0000] {dagbag.py:538} INFO - Filling up the DagBag from /home/airflow/.local/lib/python3.8/site-packages/airflow/example_dags/example_short_circuit_decorator.py
[2024-03-02T22:49:52.873+0000] {processor.py:840} INFO - DAG(s) 'example_short_circuit_decorator' retrieved from /home/airflow/.local/lib/python3.8/site-packages/airflow/example_dags/example_short_circuit_decorator.py
[2024-03-02T22:49:52.894+0000] {logging_mixin.py:188} INFO - [2024-03-02T22:49:52.894+0000] {dag.py:3036} INFO - Sync 1 DAGs
[2024-03-02T22:49:52.917+0000] {logging_mixin.py:188} INFO - [2024-03-02T22:49:52.916+0000] {dag.py:3823} INFO - Setting next_dagrun for example_short_circuit_decorator to 2024-03-01 00:00:00+00:00, run_after=2024-03-02 00:00:00+00:00
[2024-03-02T22:49:52.937+0000] {processor.py:183} INFO - Processing /home/airflow/.local/lib/python3.8/site-packages/airflow/example_dags/example_short_circuit_decorator.py took 0.081 seconds
[2024-03-02T22:50:23.175+0000] {processor.py:161} INFO - Started process (PID=536) to work on /home/airflow/.local/lib/python3.8/site-packages/airflow/example_dags/example_short_circuit_decorator.py
[2024-03-02T22:50:23.176+0000] {processor.py:830} INFO - Processing file /home/airflow/.local/lib/python3.8/site-packages/airflow/example_dags/example_short_circuit_decorator.py for tasks to queue
[2024-03-02T22:50:23.178+0000] {logging_mixin.py:188} INFO - [2024-03-02T22:50:23.178+0000] {dagbag.py:538} INFO - Filling up the DagBag from /home/airflow/.local/lib/python3.8/site-packages/airflow/example_dags/example_short_circuit_decorator.py
[2024-03-02T22:50:23.188+0000] {processor.py:840} INFO - DAG(s) 'example_short_circuit_decorator' retrieved from /home/airflow/.local/lib/python3.8/site-packages/airflow/example_dags/example_short_circuit_decorator.py
[2024-03-02T22:50:23.211+0000] {logging_mixin.py:188} INFO - [2024-03-02T22:50:23.210+0000] {dag.py:3036} INFO - Sync 1 DAGs
[2024-03-02T22:50:23.232+0000] {logging_mixin.py:188} INFO - [2024-03-02T22:50:23.231+0000] {dag.py:3823} INFO - Setting next_dagrun for example_short_circuit_decorator to 2024-03-01 00:00:00+00:00, run_after=2024-03-02 00:00:00+00:00
[2024-03-02T22:50:23.251+0000] {processor.py:183} INFO - Processing /home/airflow/.local/lib/python3.8/site-packages/airflow/example_dags/example_short_circuit_decorator.py took 0.080 seconds
[2024-03-02T22:50:56.724+0000] {processor.py:161} INFO - Started process (PID=591) to work on /home/airflow/.local/lib/python3.8/site-packages/airflow/example_dags/example_short_circuit_decorator.py
[2024-03-02T22:50:56.725+0000] {processor.py:830} INFO - Processing file /home/airflow/.local/lib/python3.8/site-packages/airflow/example_dags/example_short_circuit_decorator.py for tasks to queue
[2024-03-02T22:50:56.728+0000] {logging_mixin.py:188} INFO - [2024-03-02T22:50:56.727+0000] {dagbag.py:538} INFO - Filling up the DagBag from /home/airflow/.local/lib/python3.8/site-packages/airflow/example_dags/example_short_circuit_decorator.py
[2024-03-02T22:50:56.739+0000] {processor.py:840} INFO - DAG(s) 'example_short_circuit_decorator' retrieved from /home/airflow/.local/lib/python3.8/site-packages/airflow/example_dags/example_short_circuit_decorator.py
[2024-03-02T22:50:56.771+0000] {logging_mixin.py:188} INFO - [2024-03-02T22:50:56.770+0000] {dag.py:3036} INFO - Sync 1 DAGs
[2024-03-02T22:50:56.799+0000] {logging_mixin.py:188} INFO - [2024-03-02T22:50:56.799+0000] {dag.py:3823} INFO - Setting next_dagrun for example_short_circuit_decorator to 2024-03-01 00:00:00+00:00, run_after=2024-03-02 00:00:00+00:00
[2024-03-02T22:50:56.828+0000] {processor.py:183} INFO - Processing /home/airflow/.local/lib/python3.8/site-packages/airflow/example_dags/example_short_circuit_decorator.py took 0.108 seconds
[2024-03-02T22:51:27.982+0000] {processor.py:161} INFO - Started process (PID=647) to work on /home/airflow/.local/lib/python3.8/site-packages/airflow/example_dags/example_short_circuit_decorator.py
[2024-03-02T22:51:27.983+0000] {processor.py:830} INFO - Processing file /home/airflow/.local/lib/python3.8/site-packages/airflow/example_dags/example_short_circuit_decorator.py for tasks to queue
[2024-03-02T22:51:27.985+0000] {logging_mixin.py:188} INFO - [2024-03-02T22:51:27.985+0000] {dagbag.py:538} INFO - Filling up the DagBag from /home/airflow/.local/lib/python3.8/site-packages/airflow/example_dags/example_short_circuit_decorator.py
[2024-03-02T22:51:27.994+0000] {processor.py:840} INFO - DAG(s) 'example_short_circuit_decorator' retrieved from /home/airflow/.local/lib/python3.8/site-packages/airflow/example_dags/example_short_circuit_decorator.py
[2024-03-02T22:51:28.017+0000] {logging_mixin.py:188} INFO - [2024-03-02T22:51:28.017+0000] {dag.py:3036} INFO - Sync 1 DAGs
[2024-03-02T22:51:28.039+0000] {logging_mixin.py:188} INFO - [2024-03-02T22:51:28.039+0000] {dag.py:3823} INFO - Setting next_dagrun for example_short_circuit_decorator to 2024-03-01 00:00:00+00:00, run_after=2024-03-02 00:00:00+00:00
[2024-03-02T22:51:28.057+0000] {processor.py:183} INFO - Processing /home/airflow/.local/lib/python3.8/site-packages/airflow/example_dags/example_short_circuit_decorator.py took 0.078 seconds
[2024-03-02T22:52:16.367+0000] {processor.py:161} INFO - Started process (PID=718) to work on /home/airflow/.local/lib/python3.8/site-packages/airflow/example_dags/example_short_circuit_decorator.py
[2024-03-02T22:52:16.369+0000] {processor.py:830} INFO - Processing file /home/airflow/.local/lib/python3.8/site-packages/airflow/example_dags/example_short_circuit_decorator.py for tasks to queue
[2024-03-02T22:52:16.371+0000] {logging_mixin.py:188} INFO - [2024-03-02T22:52:16.371+0000] {dagbag.py:538} INFO - Filling up the DagBag from /home/airflow/.local/lib/python3.8/site-packages/airflow/example_dags/example_short_circuit_decorator.py
[2024-03-02T22:52:16.383+0000] {processor.py:840} INFO - DAG(s) 'example_short_circuit_decorator' retrieved from /home/airflow/.local/lib/python3.8/site-packages/airflow/example_dags/example_short_circuit_decorator.py
[2024-03-02T22:52:16.417+0000] {logging_mixin.py:188} INFO - [2024-03-02T22:52:16.417+0000] {dag.py:3036} INFO - Sync 1 DAGs
[2024-03-02T22:52:16.452+0000] {logging_mixin.py:188} INFO - [2024-03-02T22:52:16.451+0000] {dag.py:3823} INFO - Setting next_dagrun for example_short_circuit_decorator to 2024-03-01 00:00:00+00:00, run_after=2024-03-02 00:00:00+00:00
[2024-03-02T22:52:16.517+0000] {processor.py:183} INFO - Processing /home/airflow/.local/lib/python3.8/site-packages/airflow/example_dags/example_short_circuit_decorator.py took 0.154 seconds
[2024-03-02T22:52:47.257+0000] {processor.py:161} INFO - Started process (PID=774) to work on /home/airflow/.local/lib/python3.8/site-packages/airflow/example_dags/example_short_circuit_decorator.py
[2024-03-02T22:52:47.258+0000] {processor.py:830} INFO - Processing file /home/airflow/.local/lib/python3.8/site-packages/airflow/example_dags/example_short_circuit_decorator.py for tasks to queue
[2024-03-02T22:52:47.260+0000] {logging_mixin.py:188} INFO - [2024-03-02T22:52:47.260+0000] {dagbag.py:538} INFO - Filling up the DagBag from /home/airflow/.local/lib/python3.8/site-packages/airflow/example_dags/example_short_circuit_decorator.py
[2024-03-02T22:52:47.270+0000] {processor.py:840} INFO - DAG(s) 'example_short_circuit_decorator' retrieved from /home/airflow/.local/lib/python3.8/site-packages/airflow/example_dags/example_short_circuit_decorator.py
[2024-03-02T22:52:47.298+0000] {logging_mixin.py:188} INFO - [2024-03-02T22:52:47.297+0000] {dag.py:3036} INFO - Sync 1 DAGs
[2024-03-02T22:52:47.321+0000] {logging_mixin.py:188} INFO - [2024-03-02T22:52:47.321+0000] {dag.py:3823} INFO - Setting next_dagrun for example_short_circuit_decorator to 2024-03-01 00:00:00+00:00, run_after=2024-03-02 00:00:00+00:00
[2024-03-02T22:52:47.344+0000] {processor.py:183} INFO - Processing /home/airflow/.local/lib/python3.8/site-packages/airflow/example_dags/example_short_circuit_decorator.py took 0.091 seconds
[2024-03-02T22:53:17.822+0000] {processor.py:161} INFO - Started process (PID=830) to work on /home/airflow/.local/lib/python3.8/site-packages/airflow/example_dags/example_short_circuit_decorator.py
[2024-03-02T22:53:17.850+0000] {processor.py:830} INFO - Processing file /home/airflow/.local/lib/python3.8/site-packages/airflow/example_dags/example_short_circuit_decorator.py for tasks to queue
[2024-03-02T22:53:17.852+0000] {logging_mixin.py:188} INFO - [2024-03-02T22:53:17.851+0000] {dagbag.py:538} INFO - Filling up the DagBag from /home/airflow/.local/lib/python3.8/site-packages/airflow/example_dags/example_short_circuit_decorator.py
[2024-03-02T22:53:17.861+0000] {processor.py:840} INFO - DAG(s) 'example_short_circuit_decorator' retrieved from /home/airflow/.local/lib/python3.8/site-packages/airflow/example_dags/example_short_circuit_decorator.py
[2024-03-02T22:53:17.884+0000] {logging_mixin.py:188} INFO - [2024-03-02T22:53:17.883+0000] {dag.py:3036} INFO - Sync 1 DAGs
[2024-03-02T22:53:17.909+0000] {logging_mixin.py:188} INFO - [2024-03-02T22:53:17.908+0000] {dag.py:3823} INFO - Setting next_dagrun for example_short_circuit_decorator to 2024-03-01 00:00:00+00:00, run_after=2024-03-02 00:00:00+00:00
[2024-03-02T22:53:17.931+0000] {processor.py:183} INFO - Processing /home/airflow/.local/lib/python3.8/site-packages/airflow/example_dags/example_short_circuit_decorator.py took 0.112 seconds
[2024-03-02T22:57:33.490+0000] {processor.py:161} INFO - Started process (PID=897) to work on /home/airflow/.local/lib/python3.8/site-packages/airflow/example_dags/example_short_circuit_decorator.py
[2024-03-02T22:57:33.588+0000] {processor.py:830} INFO - Processing file /home/airflow/.local/lib/python3.8/site-packages/airflow/example_dags/example_short_circuit_decorator.py for tasks to queue
[2024-03-02T22:57:33.596+0000] {logging_mixin.py:188} INFO - [2024-03-02T22:57:33.596+0000] {dagbag.py:538} INFO - Filling up the DagBag from /home/airflow/.local/lib/python3.8/site-packages/airflow/example_dags/example_short_circuit_decorator.py
[2024-03-02T22:57:33.927+0000] {processor.py:840} INFO - DAG(s) 'example_short_circuit_decorator' retrieved from /home/airflow/.local/lib/python3.8/site-packages/airflow/example_dags/example_short_circuit_decorator.py
[2024-03-02T22:57:34.529+0000] {logging_mixin.py:188} INFO - [2024-03-02T22:57:34.529+0000] {dag.py:3036} INFO - Sync 1 DAGs
[2024-03-02T22:57:35.185+0000] {logging_mixin.py:188} INFO - [2024-03-02T22:57:35.184+0000] {dag.py:3823} INFO - Setting next_dagrun for example_short_circuit_decorator to 2024-03-01 00:00:00+00:00, run_after=2024-03-02 00:00:00+00:00
[2024-03-02T22:57:35.571+0000] {processor.py:183} INFO - Processing /home/airflow/.local/lib/python3.8/site-packages/airflow/example_dags/example_short_circuit_decorator.py took 2.092 seconds
[2024-03-02T22:58:06.562+0000] {processor.py:161} INFO - Started process (PID=959) to work on /home/airflow/.local/lib/python3.8/site-packages/airflow/example_dags/example_short_circuit_decorator.py
[2024-03-02T22:58:06.564+0000] {processor.py:830} INFO - Processing file /home/airflow/.local/lib/python3.8/site-packages/airflow/example_dags/example_short_circuit_decorator.py for tasks to queue
[2024-03-02T22:58:06.565+0000] {logging_mixin.py:188} INFO - [2024-03-02T22:58:06.565+0000] {dagbag.py:538} INFO - Filling up the DagBag from /home/airflow/.local/lib/python3.8/site-packages/airflow/example_dags/example_short_circuit_decorator.py
[2024-03-02T22:58:06.580+0000] {processor.py:840} INFO - DAG(s) 'example_short_circuit_decorator' retrieved from /home/airflow/.local/lib/python3.8/site-packages/airflow/example_dags/example_short_circuit_decorator.py
[2024-03-02T22:58:06.603+0000] {logging_mixin.py:188} INFO - [2024-03-02T22:58:06.603+0000] {dag.py:3036} INFO - Sync 1 DAGs
[2024-03-02T22:58:06.627+0000] {logging_mixin.py:188} INFO - [2024-03-02T22:58:06.627+0000] {dag.py:3823} INFO - Setting next_dagrun for example_short_circuit_decorator to 2024-03-01 00:00:00+00:00, run_after=2024-03-02 00:00:00+00:00
[2024-03-02T22:58:06.646+0000] {processor.py:183} INFO - Processing /home/airflow/.local/lib/python3.8/site-packages/airflow/example_dags/example_short_circuit_decorator.py took 0.087 seconds
