[2024-03-02T22:44:39.907+0000] {processor.py:161} INFO - Started process (PID=42) to work on /home/airflow/.local/lib/python3.8/site-packages/airflow/example_dags/example_bash_operator.py
[2024-03-02T22:44:39.908+0000] {processor.py:830} INFO - Processing file /home/airflow/.local/lib/python3.8/site-packages/airflow/example_dags/example_bash_operator.py for tasks to queue
[2024-03-02T22:44:39.911+0000] {logging_mixin.py:188} INFO - [2024-03-02T22:44:39.911+0000] {dagbag.py:538} INFO - Filling up the DagBag from /home/airflow/.local/lib/python3.8/site-packages/airflow/example_dags/example_bash_operator.py
[2024-03-02T22:44:40.448+0000] {processor.py:840} INFO - DAG(s) 'example_bash_operator' retrieved from /home/airflow/.local/lib/python3.8/site-packages/airflow/example_dags/example_bash_operator.py
[2024-03-02T22:44:44.000+0000] {logging_mixin.py:188} INFO - [2024-03-02T22:44:44.000+0000] {process_utils.py:262} INFO - Waiting up to 5 seconds for processes to exit...
[2024-03-02T22:45:48.361+0000] {processor.py:161} INFO - Started process (PID=52) to work on /home/airflow/.local/lib/python3.8/site-packages/airflow/example_dags/example_bash_operator.py
[2024-03-02T22:45:48.410+0000] {processor.py:830} INFO - Processing file /home/airflow/.local/lib/python3.8/site-packages/airflow/example_dags/example_bash_operator.py for tasks to queue
[2024-03-02T22:45:48.412+0000] {logging_mixin.py:188} INFO - [2024-03-02T22:45:48.412+0000] {dagbag.py:538} INFO - Filling up the DagBag from /home/airflow/.local/lib/python3.8/site-packages/airflow/example_dags/example_bash_operator.py
[2024-03-02T22:45:48.439+0000] {processor.py:840} INFO - DAG(s) 'example_bash_operator' retrieved from /home/airflow/.local/lib/python3.8/site-packages/airflow/example_dags/example_bash_operator.py
[2024-03-02T22:45:48.812+0000] {logging_mixin.py:188} INFO - [2024-03-02T22:45:48.811+0000] {dag.py:3036} INFO - Sync 1 DAGs
[2024-03-02T22:45:48.839+0000] {logging_mixin.py:188} INFO - [2024-03-02T22:45:48.839+0000] {dag.py:3823} INFO - Setting next_dagrun for example_bash_operator to 2024-03-01 00:00:00+00:00, run_after=2024-03-02 00:00:00+00:00
[2024-03-02T22:45:48.940+0000] {processor.py:183} INFO - Processing /home/airflow/.local/lib/python3.8/site-packages/airflow/example_dags/example_bash_operator.py took 0.584 seconds
[2024-03-02T22:46:22.057+0000] {processor.py:161} INFO - Started process (PID=108) to work on /home/airflow/.local/lib/python3.8/site-packages/airflow/example_dags/example_bash_operator.py
[2024-03-02T22:46:22.125+0000] {processor.py:830} INFO - Processing file /home/airflow/.local/lib/python3.8/site-packages/airflow/example_dags/example_bash_operator.py for tasks to queue
[2024-03-02T22:46:22.127+0000] {logging_mixin.py:188} INFO - [2024-03-02T22:46:22.127+0000] {dagbag.py:538} INFO - Filling up the DagBag from /home/airflow/.local/lib/python3.8/site-packages/airflow/example_dags/example_bash_operator.py
[2024-03-02T22:46:22.140+0000] {processor.py:840} INFO - DAG(s) 'example_bash_operator' retrieved from /home/airflow/.local/lib/python3.8/site-packages/airflow/example_dags/example_bash_operator.py
[2024-03-02T22:46:22.198+0000] {logging_mixin.py:188} INFO - [2024-03-02T22:46:22.197+0000] {dag.py:3036} INFO - Sync 1 DAGs
[2024-03-02T22:46:22.228+0000] {logging_mixin.py:188} INFO - [2024-03-02T22:46:22.228+0000] {dag.py:3823} INFO - Setting next_dagrun for example_bash_operator to 2024-03-01 00:00:00+00:00, run_after=2024-03-02 00:00:00+00:00
[2024-03-02T22:46:22.268+0000] {processor.py:183} INFO - Processing /home/airflow/.local/lib/python3.8/site-packages/airflow/example_dags/example_bash_operator.py took 0.214 seconds
[2024-03-02T22:46:52.745+0000] {processor.py:161} INFO - Started process (PID=162) to work on /home/airflow/.local/lib/python3.8/site-packages/airflow/example_dags/example_bash_operator.py
[2024-03-02T22:46:52.747+0000] {processor.py:830} INFO - Processing file /home/airflow/.local/lib/python3.8/site-packages/airflow/example_dags/example_bash_operator.py for tasks to queue
[2024-03-02T22:46:52.748+0000] {logging_mixin.py:188} INFO - [2024-03-02T22:46:52.748+0000] {dagbag.py:538} INFO - Filling up the DagBag from /home/airflow/.local/lib/python3.8/site-packages/airflow/example_dags/example_bash_operator.py
[2024-03-02T22:46:52.761+0000] {processor.py:840} INFO - DAG(s) 'example_bash_operator' retrieved from /home/airflow/.local/lib/python3.8/site-packages/airflow/example_dags/example_bash_operator.py
[2024-03-02T22:46:52.788+0000] {logging_mixin.py:188} INFO - [2024-03-02T22:46:52.788+0000] {dag.py:3036} INFO - Sync 1 DAGs
[2024-03-02T22:46:52.810+0000] {logging_mixin.py:188} INFO - [2024-03-02T22:46:52.810+0000] {dag.py:3823} INFO - Setting next_dagrun for example_bash_operator to 2024-03-01 00:00:00+00:00, run_after=2024-03-02 00:00:00+00:00
[2024-03-02T22:46:52.829+0000] {processor.py:183} INFO - Processing /home/airflow/.local/lib/python3.8/site-packages/airflow/example_dags/example_bash_operator.py took 0.087 seconds
[2024-03-02T22:47:23.623+0000] {processor.py:161} INFO - Started process (PID=218) to work on /home/airflow/.local/lib/python3.8/site-packages/airflow/example_dags/example_bash_operator.py
[2024-03-02T22:47:23.625+0000] {processor.py:830} INFO - Processing file /home/airflow/.local/lib/python3.8/site-packages/airflow/example_dags/example_bash_operator.py for tasks to queue
[2024-03-02T22:47:23.627+0000] {logging_mixin.py:188} INFO - [2024-03-02T22:47:23.627+0000] {dagbag.py:538} INFO - Filling up the DagBag from /home/airflow/.local/lib/python3.8/site-packages/airflow/example_dags/example_bash_operator.py
[2024-03-02T22:47:23.640+0000] {processor.py:840} INFO - DAG(s) 'example_bash_operator' retrieved from /home/airflow/.local/lib/python3.8/site-packages/airflow/example_dags/example_bash_operator.py
[2024-03-02T22:47:23.672+0000] {logging_mixin.py:188} INFO - [2024-03-02T22:47:23.672+0000] {dag.py:3036} INFO - Sync 1 DAGs
[2024-03-02T22:47:23.698+0000] {logging_mixin.py:188} INFO - [2024-03-02T22:47:23.697+0000] {dag.py:3823} INFO - Setting next_dagrun for example_bash_operator to 2024-03-01 00:00:00+00:00, run_after=2024-03-02 00:00:00+00:00
[2024-03-02T22:47:23.719+0000] {processor.py:183} INFO - Processing /home/airflow/.local/lib/python3.8/site-packages/airflow/example_dags/example_bash_operator.py took 0.100 seconds
[2024-03-02T22:47:54.121+0000] {processor.py:161} INFO - Started process (PID=274) to work on /home/airflow/.local/lib/python3.8/site-packages/airflow/example_dags/example_bash_operator.py
[2024-03-02T22:47:54.122+0000] {processor.py:830} INFO - Processing file /home/airflow/.local/lib/python3.8/site-packages/airflow/example_dags/example_bash_operator.py for tasks to queue
[2024-03-02T22:47:54.125+0000] {logging_mixin.py:188} INFO - [2024-03-02T22:47:54.125+0000] {dagbag.py:538} INFO - Filling up the DagBag from /home/airflow/.local/lib/python3.8/site-packages/airflow/example_dags/example_bash_operator.py
[2024-03-02T22:47:54.139+0000] {processor.py:840} INFO - DAG(s) 'example_bash_operator' retrieved from /home/airflow/.local/lib/python3.8/site-packages/airflow/example_dags/example_bash_operator.py
[2024-03-02T22:47:54.175+0000] {logging_mixin.py:188} INFO - [2024-03-02T22:47:54.175+0000] {dag.py:3036} INFO - Sync 1 DAGs
[2024-03-02T22:47:54.203+0000] {logging_mixin.py:188} INFO - [2024-03-02T22:47:54.202+0000] {dag.py:3823} INFO - Setting next_dagrun for example_bash_operator to 2024-03-01 00:00:00+00:00, run_after=2024-03-02 00:00:00+00:00
[2024-03-02T22:47:54.227+0000] {processor.py:183} INFO - Processing /home/airflow/.local/lib/python3.8/site-packages/airflow/example_dags/example_bash_operator.py took 0.109 seconds
[2024-03-02T22:48:24.759+0000] {processor.py:161} INFO - Started process (PID=330) to work on /home/airflow/.local/lib/python3.8/site-packages/airflow/example_dags/example_bash_operator.py
[2024-03-02T22:48:24.760+0000] {processor.py:830} INFO - Processing file /home/airflow/.local/lib/python3.8/site-packages/airflow/example_dags/example_bash_operator.py for tasks to queue
[2024-03-02T22:48:24.763+0000] {logging_mixin.py:188} INFO - [2024-03-02T22:48:24.763+0000] {dagbag.py:538} INFO - Filling up the DagBag from /home/airflow/.local/lib/python3.8/site-packages/airflow/example_dags/example_bash_operator.py
[2024-03-02T22:48:24.775+0000] {processor.py:840} INFO - DAG(s) 'example_bash_operator' retrieved from /home/airflow/.local/lib/python3.8/site-packages/airflow/example_dags/example_bash_operator.py
[2024-03-02T22:48:24.803+0000] {logging_mixin.py:188} INFO - [2024-03-02T22:48:24.803+0000] {dag.py:3036} INFO - Sync 1 DAGs
[2024-03-02T22:48:24.827+0000] {logging_mixin.py:188} INFO - [2024-03-02T22:48:24.827+0000] {dag.py:3823} INFO - Setting next_dagrun for example_bash_operator to 2024-03-01 00:00:00+00:00, run_after=2024-03-02 00:00:00+00:00
[2024-03-02T22:48:24.846+0000] {processor.py:183} INFO - Processing /home/airflow/.local/lib/python3.8/site-packages/airflow/example_dags/example_bash_operator.py took 0.091 seconds
[2024-03-02T22:48:54.908+0000] {processor.py:161} INFO - Started process (PID=386) to work on /home/airflow/.local/lib/python3.8/site-packages/airflow/example_dags/example_bash_operator.py
[2024-03-02T22:48:54.909+0000] {processor.py:830} INFO - Processing file /home/airflow/.local/lib/python3.8/site-packages/airflow/example_dags/example_bash_operator.py for tasks to queue
[2024-03-02T22:48:54.911+0000] {logging_mixin.py:188} INFO - [2024-03-02T22:48:54.911+0000] {dagbag.py:538} INFO - Filling up the DagBag from /home/airflow/.local/lib/python3.8/site-packages/airflow/example_dags/example_bash_operator.py
[2024-03-02T22:48:54.922+0000] {processor.py:840} INFO - DAG(s) 'example_bash_operator' retrieved from /home/airflow/.local/lib/python3.8/site-packages/airflow/example_dags/example_bash_operator.py
[2024-03-02T22:48:54.949+0000] {logging_mixin.py:188} INFO - [2024-03-02T22:48:54.949+0000] {dag.py:3036} INFO - Sync 1 DAGs
[2024-03-02T22:48:54.971+0000] {logging_mixin.py:188} INFO - [2024-03-02T22:48:54.971+0000] {dag.py:3823} INFO - Setting next_dagrun for example_bash_operator to 2024-03-01 00:00:00+00:00, run_after=2024-03-02 00:00:00+00:00
[2024-03-02T22:48:54.989+0000] {processor.py:183} INFO - Processing /home/airflow/.local/lib/python3.8/site-packages/airflow/example_dags/example_bash_operator.py took 0.083 seconds
[2024-03-02T22:49:25.366+0000] {processor.py:161} INFO - Started process (PID=442) to work on /home/airflow/.local/lib/python3.8/site-packages/airflow/example_dags/example_bash_operator.py
[2024-03-02T22:49:25.367+0000] {processor.py:830} INFO - Processing file /home/airflow/.local/lib/python3.8/site-packages/airflow/example_dags/example_bash_operator.py for tasks to queue
[2024-03-02T22:49:25.368+0000] {logging_mixin.py:188} INFO - [2024-03-02T22:49:25.368+0000] {dagbag.py:538} INFO - Filling up the DagBag from /home/airflow/.local/lib/python3.8/site-packages/airflow/example_dags/example_bash_operator.py
[2024-03-02T22:49:25.380+0000] {processor.py:840} INFO - DAG(s) 'example_bash_operator' retrieved from /home/airflow/.local/lib/python3.8/site-packages/airflow/example_dags/example_bash_operator.py
[2024-03-02T22:49:25.408+0000] {logging_mixin.py:188} INFO - [2024-03-02T22:49:25.407+0000] {dag.py:3036} INFO - Sync 1 DAGs
[2024-03-02T22:49:25.430+0000] {logging_mixin.py:188} INFO - [2024-03-02T22:49:25.430+0000] {dag.py:3823} INFO - Setting next_dagrun for example_bash_operator to 2024-03-01 00:00:00+00:00, run_after=2024-03-02 00:00:00+00:00
[2024-03-02T22:49:25.450+0000] {processor.py:183} INFO - Processing /home/airflow/.local/lib/python3.8/site-packages/airflow/example_dags/example_bash_operator.py took 0.088 seconds
[2024-03-02T22:49:56.083+0000] {processor.py:161} INFO - Started process (PID=498) to work on /home/airflow/.local/lib/python3.8/site-packages/airflow/example_dags/example_bash_operator.py
[2024-03-02T22:49:56.084+0000] {processor.py:830} INFO - Processing file /home/airflow/.local/lib/python3.8/site-packages/airflow/example_dags/example_bash_operator.py for tasks to queue
[2024-03-02T22:49:56.086+0000] {logging_mixin.py:188} INFO - [2024-03-02T22:49:56.086+0000] {dagbag.py:538} INFO - Filling up the DagBag from /home/airflow/.local/lib/python3.8/site-packages/airflow/example_dags/example_bash_operator.py
[2024-03-02T22:49:56.099+0000] {processor.py:840} INFO - DAG(s) 'example_bash_operator' retrieved from /home/airflow/.local/lib/python3.8/site-packages/airflow/example_dags/example_bash_operator.py
[2024-03-02T22:49:56.127+0000] {logging_mixin.py:188} INFO - [2024-03-02T22:49:56.127+0000] {dag.py:3036} INFO - Sync 1 DAGs
[2024-03-02T22:49:56.152+0000] {logging_mixin.py:188} INFO - [2024-03-02T22:49:56.152+0000] {dag.py:3823} INFO - Setting next_dagrun for example_bash_operator to 2024-03-01 00:00:00+00:00, run_after=2024-03-02 00:00:00+00:00
[2024-03-02T22:49:56.169+0000] {processor.py:183} INFO - Processing /home/airflow/.local/lib/python3.8/site-packages/airflow/example_dags/example_bash_operator.py took 0.090 seconds
[2024-03-02T22:50:26.243+0000] {processor.py:161} INFO - Started process (PID=554) to work on /home/airflow/.local/lib/python3.8/site-packages/airflow/example_dags/example_bash_operator.py
[2024-03-02T22:50:26.244+0000] {processor.py:830} INFO - Processing file /home/airflow/.local/lib/python3.8/site-packages/airflow/example_dags/example_bash_operator.py for tasks to queue
[2024-03-02T22:50:26.246+0000] {logging_mixin.py:188} INFO - [2024-03-02T22:50:26.246+0000] {dagbag.py:538} INFO - Filling up the DagBag from /home/airflow/.local/lib/python3.8/site-packages/airflow/example_dags/example_bash_operator.py
[2024-03-02T22:50:26.259+0000] {processor.py:840} INFO - DAG(s) 'example_bash_operator' retrieved from /home/airflow/.local/lib/python3.8/site-packages/airflow/example_dags/example_bash_operator.py
[2024-03-02T22:50:26.286+0000] {logging_mixin.py:188} INFO - [2024-03-02T22:50:26.286+0000] {dag.py:3036} INFO - Sync 1 DAGs
[2024-03-02T22:50:26.310+0000] {logging_mixin.py:188} INFO - [2024-03-02T22:50:26.309+0000] {dag.py:3823} INFO - Setting next_dagrun for example_bash_operator to 2024-03-01 00:00:00+00:00, run_after=2024-03-02 00:00:00+00:00
[2024-03-02T22:50:26.326+0000] {processor.py:183} INFO - Processing /home/airflow/.local/lib/python3.8/site-packages/airflow/example_dags/example_bash_operator.py took 0.087 seconds
[2024-03-02T22:50:58.526+0000] {processor.py:161} INFO - Started process (PID=607) to work on /home/airflow/.local/lib/python3.8/site-packages/airflow/example_dags/example_bash_operator.py
[2024-03-02T22:50:58.527+0000] {processor.py:830} INFO - Processing file /home/airflow/.local/lib/python3.8/site-packages/airflow/example_dags/example_bash_operator.py for tasks to queue
[2024-03-02T22:50:58.529+0000] {logging_mixin.py:188} INFO - [2024-03-02T22:50:58.529+0000] {dagbag.py:538} INFO - Filling up the DagBag from /home/airflow/.local/lib/python3.8/site-packages/airflow/example_dags/example_bash_operator.py
[2024-03-02T22:50:58.541+0000] {processor.py:840} INFO - DAG(s) 'example_bash_operator' retrieved from /home/airflow/.local/lib/python3.8/site-packages/airflow/example_dags/example_bash_operator.py
[2024-03-02T22:50:58.657+0000] {logging_mixin.py:188} INFO - [2024-03-02T22:50:58.657+0000] {dag.py:3036} INFO - Sync 1 DAGs
[2024-03-02T22:50:58.680+0000] {logging_mixin.py:188} INFO - [2024-03-02T22:50:58.679+0000] {dag.py:3823} INFO - Setting next_dagrun for example_bash_operator to 2024-03-01 00:00:00+00:00, run_after=2024-03-02 00:00:00+00:00
[2024-03-02T22:50:58.698+0000] {processor.py:183} INFO - Processing /home/airflow/.local/lib/python3.8/site-packages/airflow/example_dags/example_bash_operator.py took 0.176 seconds
[2024-03-02T22:51:28.978+0000] {processor.py:161} INFO - Started process (PID=660) to work on /home/airflow/.local/lib/python3.8/site-packages/airflow/example_dags/example_bash_operator.py
[2024-03-02T22:51:28.979+0000] {processor.py:830} INFO - Processing file /home/airflow/.local/lib/python3.8/site-packages/airflow/example_dags/example_bash_operator.py for tasks to queue
[2024-03-02T22:51:28.981+0000] {logging_mixin.py:188} INFO - [2024-03-02T22:51:28.981+0000] {dagbag.py:538} INFO - Filling up the DagBag from /home/airflow/.local/lib/python3.8/site-packages/airflow/example_dags/example_bash_operator.py
[2024-03-02T22:51:28.992+0000] {processor.py:840} INFO - DAG(s) 'example_bash_operator' retrieved from /home/airflow/.local/lib/python3.8/site-packages/airflow/example_dags/example_bash_operator.py
[2024-03-02T22:51:29.024+0000] {logging_mixin.py:188} INFO - [2024-03-02T22:51:29.024+0000] {dag.py:3036} INFO - Sync 1 DAGs
[2024-03-02T22:51:29.051+0000] {logging_mixin.py:188} INFO - [2024-03-02T22:51:29.051+0000] {dag.py:3823} INFO - Setting next_dagrun for example_bash_operator to 2024-03-01 00:00:00+00:00, run_after=2024-03-02 00:00:00+00:00
[2024-03-02T22:51:29.072+0000] {processor.py:183} INFO - Processing /home/airflow/.local/lib/python3.8/site-packages/airflow/example_dags/example_bash_operator.py took 0.097 seconds
[2024-03-02T22:52:13.269+0000] {processor.py:161} INFO - Started process (PID=692) to work on /home/airflow/.local/lib/python3.8/site-packages/airflow/example_dags/example_bash_operator.py
[2024-03-02T22:52:13.270+0000] {processor.py:830} INFO - Processing file /home/airflow/.local/lib/python3.8/site-packages/airflow/example_dags/example_bash_operator.py for tasks to queue
[2024-03-02T22:52:13.272+0000] {logging_mixin.py:188} INFO - [2024-03-02T22:52:13.272+0000] {dagbag.py:538} INFO - Filling up the DagBag from /home/airflow/.local/lib/python3.8/site-packages/airflow/example_dags/example_bash_operator.py
[2024-03-02T22:52:13.391+0000] {processor.py:840} INFO - DAG(s) 'example_bash_operator' retrieved from /home/airflow/.local/lib/python3.8/site-packages/airflow/example_dags/example_bash_operator.py
[2024-03-02T22:52:13.425+0000] {logging_mixin.py:188} INFO - [2024-03-02T22:52:13.425+0000] {dag.py:3036} INFO - Sync 1 DAGs
[2024-03-02T22:52:13.614+0000] {logging_mixin.py:188} INFO - [2024-03-02T22:52:13.614+0000] {dag.py:3823} INFO - Setting next_dagrun for example_bash_operator to 2024-03-01 00:00:00+00:00, run_after=2024-03-02 00:00:00+00:00
[2024-03-02T22:52:13.653+0000] {processor.py:183} INFO - Processing /home/airflow/.local/lib/python3.8/site-packages/airflow/example_dags/example_bash_operator.py took 0.388 seconds
[2024-03-02T22:52:44.600+0000] {processor.py:161} INFO - Started process (PID=748) to work on /home/airflow/.local/lib/python3.8/site-packages/airflow/example_dags/example_bash_operator.py
[2024-03-02T22:52:44.601+0000] {processor.py:830} INFO - Processing file /home/airflow/.local/lib/python3.8/site-packages/airflow/example_dags/example_bash_operator.py for tasks to queue
[2024-03-02T22:52:44.603+0000] {logging_mixin.py:188} INFO - [2024-03-02T22:52:44.603+0000] {dagbag.py:538} INFO - Filling up the DagBag from /home/airflow/.local/lib/python3.8/site-packages/airflow/example_dags/example_bash_operator.py
[2024-03-02T22:52:44.615+0000] {processor.py:840} INFO - DAG(s) 'example_bash_operator' retrieved from /home/airflow/.local/lib/python3.8/site-packages/airflow/example_dags/example_bash_operator.py
[2024-03-02T22:52:44.644+0000] {logging_mixin.py:188} INFO - [2024-03-02T22:52:44.644+0000] {dag.py:3036} INFO - Sync 1 DAGs
[2024-03-02T22:52:44.666+0000] {logging_mixin.py:188} INFO - [2024-03-02T22:52:44.666+0000] {dag.py:3823} INFO - Setting next_dagrun for example_bash_operator to 2024-03-01 00:00:00+00:00, run_after=2024-03-02 00:00:00+00:00
[2024-03-02T22:52:44.687+0000] {processor.py:183} INFO - Processing /home/airflow/.local/lib/python3.8/site-packages/airflow/example_dags/example_bash_operator.py took 0.090 seconds
[2024-03-02T22:53:15.190+0000] {processor.py:161} INFO - Started process (PID=804) to work on /home/airflow/.local/lib/python3.8/site-packages/airflow/example_dags/example_bash_operator.py
[2024-03-02T22:53:15.203+0000] {processor.py:830} INFO - Processing file /home/airflow/.local/lib/python3.8/site-packages/airflow/example_dags/example_bash_operator.py for tasks to queue
[2024-03-02T22:53:15.205+0000] {logging_mixin.py:188} INFO - [2024-03-02T22:53:15.204+0000] {dagbag.py:538} INFO - Filling up the DagBag from /home/airflow/.local/lib/python3.8/site-packages/airflow/example_dags/example_bash_operator.py
[2024-03-02T22:53:15.216+0000] {processor.py:840} INFO - DAG(s) 'example_bash_operator' retrieved from /home/airflow/.local/lib/python3.8/site-packages/airflow/example_dags/example_bash_operator.py
[2024-03-02T22:53:15.248+0000] {logging_mixin.py:188} INFO - [2024-03-02T22:53:15.247+0000] {dag.py:3036} INFO - Sync 1 DAGs
[2024-03-02T22:53:15.269+0000] {logging_mixin.py:188} INFO - [2024-03-02T22:53:15.269+0000] {dag.py:3823} INFO - Setting next_dagrun for example_bash_operator to 2024-03-01 00:00:00+00:00, run_after=2024-03-02 00:00:00+00:00
[2024-03-02T22:53:15.286+0000] {processor.py:183} INFO - Processing /home/airflow/.local/lib/python3.8/site-packages/airflow/example_dags/example_bash_operator.py took 0.100 seconds
[2024-03-02T22:54:45.851+0000] {processor.py:161} INFO - Started process (PID=863) to work on /home/airflow/.local/lib/python3.8/site-packages/airflow/example_dags/example_bash_operator.py
[2024-03-02T22:54:46.205+0000] {processor.py:830} INFO - Processing file /home/airflow/.local/lib/python3.8/site-packages/airflow/example_dags/example_bash_operator.py for tasks to queue
[2024-03-02T22:54:46.509+0000] {logging_mixin.py:188} INFO - [2024-03-02T22:54:46.508+0000] {dagbag.py:538} INFO - Filling up the DagBag from /home/airflow/.local/lib/python3.8/site-packages/airflow/example_dags/example_bash_operator.py
[2024-03-02T22:54:47.410+0000] {processor.py:840} INFO - DAG(s) 'example_bash_operator' retrieved from /home/airflow/.local/lib/python3.8/site-packages/airflow/example_dags/example_bash_operator.py
[2024-03-02T22:54:48.513+0000] {logging_mixin.py:188} INFO - [2024-03-02T22:54:48.513+0000] {dag.py:3036} INFO - Sync 1 DAGs
[2024-03-02T22:54:50.945+0000] {logging_mixin.py:188} INFO - [2024-03-02T22:54:50.944+0000] {dag.py:3823} INFO - Setting next_dagrun for example_bash_operator to 2024-03-01 00:00:00+00:00, run_after=2024-03-02 00:00:00+00:00
[2024-03-02T22:54:51.199+0000] {processor.py:183} INFO - Processing /home/airflow/.local/lib/python3.8/site-packages/airflow/example_dags/example_bash_operator.py took 7.260 seconds
[2024-03-02T22:57:52.533+0000] {processor.py:161} INFO - Started process (PID=930) to work on /home/airflow/.local/lib/python3.8/site-packages/airflow/example_dags/example_bash_operator.py
[2024-03-02T22:57:52.628+0000] {processor.py:830} INFO - Processing file /home/airflow/.local/lib/python3.8/site-packages/airflow/example_dags/example_bash_operator.py for tasks to queue
[2024-03-02T22:57:52.926+0000] {logging_mixin.py:188} INFO - [2024-03-02T22:57:52.630+0000] {dagbag.py:538} INFO - Filling up the DagBag from /home/airflow/.local/lib/python3.8/site-packages/airflow/example_dags/example_bash_operator.py
[2024-03-02T22:57:52.958+0000] {processor.py:840} INFO - DAG(s) 'example_bash_operator' retrieved from /home/airflow/.local/lib/python3.8/site-packages/airflow/example_dags/example_bash_operator.py
[2024-03-02T22:57:53.014+0000] {logging_mixin.py:188} INFO - [2024-03-02T22:57:53.014+0000] {dag.py:3036} INFO - Sync 1 DAGs
[2024-03-02T22:57:53.260+0000] {logging_mixin.py:188} INFO - [2024-03-02T22:57:53.260+0000] {dag.py:3823} INFO - Setting next_dagrun for example_bash_operator to 2024-03-01 00:00:00+00:00, run_after=2024-03-02 00:00:00+00:00
[2024-03-02T22:57:53.520+0000] {processor.py:183} INFO - Processing /home/airflow/.local/lib/python3.8/site-packages/airflow/example_dags/example_bash_operator.py took 0.990 seconds
