[2024-03-02T22:46:17.398+0000] {processor.py:161} INFO - Started process (PID=88) to work on /home/airflow/.local/lib/python3.8/site-packages/airflow/example_dags/example_python_decorator.py
[2024-03-02T22:46:17.431+0000] {processor.py:830} INFO - Processing file /home/airflow/.local/lib/python3.8/site-packages/airflow/example_dags/example_python_decorator.py for tasks to queue
[2024-03-02T22:46:17.434+0000] {logging_mixin.py:188} INFO - [2024-03-02T22:46:17.434+0000] {dagbag.py:538} INFO - Filling up the DagBag from /home/airflow/.local/lib/python3.8/site-packages/airflow/example_dags/example_python_decorator.py
[2024-03-02T22:46:17.463+0000] {processor.py:840} INFO - DAG(s) 'example_python_decorator' retrieved from /home/airflow/.local/lib/python3.8/site-packages/airflow/example_dags/example_python_decorator.py
[2024-03-02T22:46:17.639+0000] {logging_mixin.py:188} INFO - [2024-03-02T22:46:17.639+0000] {dag.py:3036} INFO - Sync 1 DAGs
[2024-03-02T22:46:17.659+0000] {logging_mixin.py:188} INFO - [2024-03-02T22:46:17.659+0000] {dag.py:3823} INFO - Setting next_dagrun for example_python_decorator to None, run_after=None
[2024-03-02T22:46:17.700+0000] {processor.py:183} INFO - Processing /home/airflow/.local/lib/python3.8/site-packages/airflow/example_dags/example_python_decorator.py took 0.308 seconds
[2024-03-02T22:46:48.567+0000] {processor.py:161} INFO - Started process (PID=144) to work on /home/airflow/.local/lib/python3.8/site-packages/airflow/example_dags/example_python_decorator.py
[2024-03-02T22:46:48.568+0000] {processor.py:830} INFO - Processing file /home/airflow/.local/lib/python3.8/site-packages/airflow/example_dags/example_python_decorator.py for tasks to queue
[2024-03-02T22:46:48.571+0000] {logging_mixin.py:188} INFO - [2024-03-02T22:46:48.570+0000] {dagbag.py:538} INFO - Filling up the DagBag from /home/airflow/.local/lib/python3.8/site-packages/airflow/example_dags/example_python_decorator.py
[2024-03-02T22:46:48.593+0000] {processor.py:840} INFO - DAG(s) 'example_python_decorator' retrieved from /home/airflow/.local/lib/python3.8/site-packages/airflow/example_dags/example_python_decorator.py
[2024-03-02T22:46:48.621+0000] {logging_mixin.py:188} INFO - [2024-03-02T22:46:48.620+0000] {dag.py:3036} INFO - Sync 1 DAGs
[2024-03-02T22:46:48.637+0000] {logging_mixin.py:188} INFO - [2024-03-02T22:46:48.636+0000] {dag.py:3823} INFO - Setting next_dagrun for example_python_decorator to None, run_after=None
[2024-03-02T22:46:48.668+0000] {processor.py:183} INFO - Processing /home/airflow/.local/lib/python3.8/site-packages/airflow/example_dags/example_python_decorator.py took 0.106 seconds
[2024-03-02T22:47:19.552+0000] {processor.py:161} INFO - Started process (PID=200) to work on /home/airflow/.local/lib/python3.8/site-packages/airflow/example_dags/example_python_decorator.py
[2024-03-02T22:47:19.555+0000] {processor.py:830} INFO - Processing file /home/airflow/.local/lib/python3.8/site-packages/airflow/example_dags/example_python_decorator.py for tasks to queue
[2024-03-02T22:47:19.573+0000] {logging_mixin.py:188} INFO - [2024-03-02T22:47:19.571+0000] {dagbag.py:538} INFO - Filling up the DagBag from /home/airflow/.local/lib/python3.8/site-packages/airflow/example_dags/example_python_decorator.py
[2024-03-02T22:47:19.654+0000] {processor.py:840} INFO - DAG(s) 'example_python_decorator' retrieved from /home/airflow/.local/lib/python3.8/site-packages/airflow/example_dags/example_python_decorator.py
[2024-03-02T22:47:19.721+0000] {logging_mixin.py:188} INFO - [2024-03-02T22:47:19.721+0000] {dag.py:3036} INFO - Sync 1 DAGs
[2024-03-02T22:47:19.739+0000] {logging_mixin.py:188} INFO - [2024-03-02T22:47:19.738+0000] {dag.py:3823} INFO - Setting next_dagrun for example_python_decorator to None, run_after=None
[2024-03-02T22:47:19.803+0000] {processor.py:183} INFO - Processing /home/airflow/.local/lib/python3.8/site-packages/airflow/example_dags/example_python_decorator.py took 0.259 seconds
[2024-03-02T22:47:49.852+0000] {processor.py:161} INFO - Started process (PID=255) to work on /home/airflow/.local/lib/python3.8/site-packages/airflow/example_dags/example_python_decorator.py
[2024-03-02T22:47:49.853+0000] {processor.py:830} INFO - Processing file /home/airflow/.local/lib/python3.8/site-packages/airflow/example_dags/example_python_decorator.py for tasks to queue
[2024-03-02T22:47:49.855+0000] {logging_mixin.py:188} INFO - [2024-03-02T22:47:49.855+0000] {dagbag.py:538} INFO - Filling up the DagBag from /home/airflow/.local/lib/python3.8/site-packages/airflow/example_dags/example_python_decorator.py
[2024-03-02T22:47:49.868+0000] {processor.py:840} INFO - DAG(s) 'example_python_decorator' retrieved from /home/airflow/.local/lib/python3.8/site-packages/airflow/example_dags/example_python_decorator.py
[2024-03-02T22:47:49.889+0000] {logging_mixin.py:188} INFO - [2024-03-02T22:47:49.888+0000] {dag.py:3036} INFO - Sync 1 DAGs
[2024-03-02T22:47:49.901+0000] {logging_mixin.py:188} INFO - [2024-03-02T22:47:49.900+0000] {dag.py:3823} INFO - Setting next_dagrun for example_python_decorator to None, run_after=None
[2024-03-02T22:47:49.940+0000] {processor.py:183} INFO - Processing /home/airflow/.local/lib/python3.8/site-packages/airflow/example_dags/example_python_decorator.py took 0.092 seconds
[2024-03-02T22:48:20.201+0000] {processor.py:161} INFO - Started process (PID=311) to work on /home/airflow/.local/lib/python3.8/site-packages/airflow/example_dags/example_python_decorator.py
[2024-03-02T22:48:20.202+0000] {processor.py:830} INFO - Processing file /home/airflow/.local/lib/python3.8/site-packages/airflow/example_dags/example_python_decorator.py for tasks to queue
[2024-03-02T22:48:20.205+0000] {logging_mixin.py:188} INFO - [2024-03-02T22:48:20.204+0000] {dagbag.py:538} INFO - Filling up the DagBag from /home/airflow/.local/lib/python3.8/site-packages/airflow/example_dags/example_python_decorator.py
[2024-03-02T22:48:20.219+0000] {processor.py:840} INFO - DAG(s) 'example_python_decorator' retrieved from /home/airflow/.local/lib/python3.8/site-packages/airflow/example_dags/example_python_decorator.py
[2024-03-02T22:48:20.242+0000] {logging_mixin.py:188} INFO - [2024-03-02T22:48:20.242+0000] {dag.py:3036} INFO - Sync 1 DAGs
[2024-03-02T22:48:20.254+0000] {logging_mixin.py:188} INFO - [2024-03-02T22:48:20.254+0000] {dag.py:3823} INFO - Setting next_dagrun for example_python_decorator to None, run_after=None
[2024-03-02T22:48:20.272+0000] {processor.py:183} INFO - Processing /home/airflow/.local/lib/python3.8/site-packages/airflow/example_dags/example_python_decorator.py took 0.075 seconds
[2024-03-02T22:48:50.598+0000] {processor.py:161} INFO - Started process (PID=367) to work on /home/airflow/.local/lib/python3.8/site-packages/airflow/example_dags/example_python_decorator.py
[2024-03-02T22:48:50.599+0000] {processor.py:830} INFO - Processing file /home/airflow/.local/lib/python3.8/site-packages/airflow/example_dags/example_python_decorator.py for tasks to queue
[2024-03-02T22:48:50.601+0000] {logging_mixin.py:188} INFO - [2024-03-02T22:48:50.600+0000] {dagbag.py:538} INFO - Filling up the DagBag from /home/airflow/.local/lib/python3.8/site-packages/airflow/example_dags/example_python_decorator.py
[2024-03-02T22:48:50.614+0000] {processor.py:840} INFO - DAG(s) 'example_python_decorator' retrieved from /home/airflow/.local/lib/python3.8/site-packages/airflow/example_dags/example_python_decorator.py
[2024-03-02T22:48:50.637+0000] {logging_mixin.py:188} INFO - [2024-03-02T22:48:50.636+0000] {dag.py:3036} INFO - Sync 1 DAGs
[2024-03-02T22:48:50.650+0000] {logging_mixin.py:188} INFO - [2024-03-02T22:48:50.650+0000] {dag.py:3823} INFO - Setting next_dagrun for example_python_decorator to None, run_after=None
[2024-03-02T22:48:50.683+0000] {processor.py:183} INFO - Processing /home/airflow/.local/lib/python3.8/site-packages/airflow/example_dags/example_python_decorator.py took 0.088 seconds
[2024-03-02T22:49:21.174+0000] {processor.py:161} INFO - Started process (PID=423) to work on /home/airflow/.local/lib/python3.8/site-packages/airflow/example_dags/example_python_decorator.py
[2024-03-02T22:49:21.175+0000] {processor.py:830} INFO - Processing file /home/airflow/.local/lib/python3.8/site-packages/airflow/example_dags/example_python_decorator.py for tasks to queue
[2024-03-02T22:49:21.180+0000] {logging_mixin.py:188} INFO - [2024-03-02T22:49:21.178+0000] {dagbag.py:538} INFO - Filling up the DagBag from /home/airflow/.local/lib/python3.8/site-packages/airflow/example_dags/example_python_decorator.py
[2024-03-02T22:49:21.200+0000] {processor.py:840} INFO - DAG(s) 'example_python_decorator' retrieved from /home/airflow/.local/lib/python3.8/site-packages/airflow/example_dags/example_python_decorator.py
[2024-03-02T22:49:21.231+0000] {logging_mixin.py:188} INFO - [2024-03-02T22:49:21.231+0000] {dag.py:3036} INFO - Sync 1 DAGs
[2024-03-02T22:49:21.248+0000] {logging_mixin.py:188} INFO - [2024-03-02T22:49:21.248+0000] {dag.py:3823} INFO - Setting next_dagrun for example_python_decorator to None, run_after=None
[2024-03-02T22:49:21.271+0000] {processor.py:183} INFO - Processing /home/airflow/.local/lib/python3.8/site-packages/airflow/example_dags/example_python_decorator.py took 0.102 seconds
[2024-03-02T22:49:51.778+0000] {processor.py:161} INFO - Started process (PID=479) to work on /home/airflow/.local/lib/python3.8/site-packages/airflow/example_dags/example_python_decorator.py
[2024-03-02T22:49:51.779+0000] {processor.py:830} INFO - Processing file /home/airflow/.local/lib/python3.8/site-packages/airflow/example_dags/example_python_decorator.py for tasks to queue
[2024-03-02T22:49:51.781+0000] {logging_mixin.py:188} INFO - [2024-03-02T22:49:51.781+0000] {dagbag.py:538} INFO - Filling up the DagBag from /home/airflow/.local/lib/python3.8/site-packages/airflow/example_dags/example_python_decorator.py
[2024-03-02T22:49:51.796+0000] {processor.py:840} INFO - DAG(s) 'example_python_decorator' retrieved from /home/airflow/.local/lib/python3.8/site-packages/airflow/example_dags/example_python_decorator.py
[2024-03-02T22:49:51.819+0000] {logging_mixin.py:188} INFO - [2024-03-02T22:49:51.819+0000] {dag.py:3036} INFO - Sync 1 DAGs
[2024-03-02T22:49:51.831+0000] {logging_mixin.py:188} INFO - [2024-03-02T22:49:51.831+0000] {dag.py:3823} INFO - Setting next_dagrun for example_python_decorator to None, run_after=None
[2024-03-02T22:49:51.850+0000] {processor.py:183} INFO - Processing /home/airflow/.local/lib/python3.8/site-packages/airflow/example_dags/example_python_decorator.py took 0.076 seconds
[2024-03-02T22:50:22.163+0000] {processor.py:161} INFO - Started process (PID=535) to work on /home/airflow/.local/lib/python3.8/site-packages/airflow/example_dags/example_python_decorator.py
[2024-03-02T22:50:22.164+0000] {processor.py:830} INFO - Processing file /home/airflow/.local/lib/python3.8/site-packages/airflow/example_dags/example_python_decorator.py for tasks to queue
[2024-03-02T22:50:22.166+0000] {logging_mixin.py:188} INFO - [2024-03-02T22:50:22.165+0000] {dagbag.py:538} INFO - Filling up the DagBag from /home/airflow/.local/lib/python3.8/site-packages/airflow/example_dags/example_python_decorator.py
[2024-03-02T22:50:22.179+0000] {processor.py:840} INFO - DAG(s) 'example_python_decorator' retrieved from /home/airflow/.local/lib/python3.8/site-packages/airflow/example_dags/example_python_decorator.py
[2024-03-02T22:50:22.201+0000] {logging_mixin.py:188} INFO - [2024-03-02T22:50:22.200+0000] {dag.py:3036} INFO - Sync 1 DAGs
[2024-03-02T22:50:22.213+0000] {logging_mixin.py:188} INFO - [2024-03-02T22:50:22.213+0000] {dag.py:3823} INFO - Setting next_dagrun for example_python_decorator to None, run_after=None
[2024-03-02T22:50:22.230+0000] {processor.py:183} INFO - Processing /home/airflow/.local/lib/python3.8/site-packages/airflow/example_dags/example_python_decorator.py took 0.071 seconds
[2024-03-02T22:50:56.876+0000] {processor.py:161} INFO - Started process (PID=592) to work on /home/airflow/.local/lib/python3.8/site-packages/airflow/example_dags/example_python_decorator.py
[2024-03-02T22:50:56.878+0000] {processor.py:830} INFO - Processing file /home/airflow/.local/lib/python3.8/site-packages/airflow/example_dags/example_python_decorator.py for tasks to queue
[2024-03-02T22:50:56.880+0000] {logging_mixin.py:188} INFO - [2024-03-02T22:50:56.879+0000] {dagbag.py:538} INFO - Filling up the DagBag from /home/airflow/.local/lib/python3.8/site-packages/airflow/example_dags/example_python_decorator.py
[2024-03-02T22:50:56.895+0000] {processor.py:840} INFO - DAG(s) 'example_python_decorator' retrieved from /home/airflow/.local/lib/python3.8/site-packages/airflow/example_dags/example_python_decorator.py
[2024-03-02T22:50:56.922+0000] {logging_mixin.py:188} INFO - [2024-03-02T22:50:56.921+0000] {dag.py:3036} INFO - Sync 1 DAGs
[2024-03-02T22:50:56.934+0000] {logging_mixin.py:188} INFO - [2024-03-02T22:50:56.934+0000] {dag.py:3823} INFO - Setting next_dagrun for example_python_decorator to None, run_after=None
[2024-03-02T22:50:56.957+0000] {processor.py:183} INFO - Processing /home/airflow/.local/lib/python3.8/site-packages/airflow/example_dags/example_python_decorator.py took 0.160 seconds
[2024-03-02T22:51:27.984+0000] {processor.py:161} INFO - Started process (PID=648) to work on /home/airflow/.local/lib/python3.8/site-packages/airflow/example_dags/example_python_decorator.py
[2024-03-02T22:51:27.985+0000] {processor.py:830} INFO - Processing file /home/airflow/.local/lib/python3.8/site-packages/airflow/example_dags/example_python_decorator.py for tasks to queue
[2024-03-02T22:51:27.986+0000] {logging_mixin.py:188} INFO - [2024-03-02T22:51:27.986+0000] {dagbag.py:538} INFO - Filling up the DagBag from /home/airflow/.local/lib/python3.8/site-packages/airflow/example_dags/example_python_decorator.py
[2024-03-02T22:51:28.000+0000] {processor.py:840} INFO - DAG(s) 'example_python_decorator' retrieved from /home/airflow/.local/lib/python3.8/site-packages/airflow/example_dags/example_python_decorator.py
[2024-03-02T22:51:28.021+0000] {logging_mixin.py:188} INFO - [2024-03-02T22:51:28.021+0000] {dag.py:3036} INFO - Sync 1 DAGs
[2024-03-02T22:51:28.033+0000] {logging_mixin.py:188} INFO - [2024-03-02T22:51:28.033+0000] {dag.py:3823} INFO - Setting next_dagrun for example_python_decorator to None, run_after=None
[2024-03-02T22:51:28.051+0000] {processor.py:183} INFO - Processing /home/airflow/.local/lib/python3.8/site-packages/airflow/example_dags/example_python_decorator.py took 0.071 seconds
[2024-03-02T22:52:16.475+0000] {processor.py:161} INFO - Started process (PID=719) to work on /home/airflow/.local/lib/python3.8/site-packages/airflow/example_dags/example_python_decorator.py
[2024-03-02T22:52:16.476+0000] {processor.py:830} INFO - Processing file /home/airflow/.local/lib/python3.8/site-packages/airflow/example_dags/example_python_decorator.py for tasks to queue
[2024-03-02T22:52:16.479+0000] {logging_mixin.py:188} INFO - [2024-03-02T22:52:16.479+0000] {dagbag.py:538} INFO - Filling up the DagBag from /home/airflow/.local/lib/python3.8/site-packages/airflow/example_dags/example_python_decorator.py
[2024-03-02T22:52:16.495+0000] {processor.py:840} INFO - DAG(s) 'example_python_decorator' retrieved from /home/airflow/.local/lib/python3.8/site-packages/airflow/example_dags/example_python_decorator.py
[2024-03-02T22:52:16.552+0000] {logging_mixin.py:188} INFO - [2024-03-02T22:52:16.551+0000] {dag.py:3036} INFO - Sync 1 DAGs
[2024-03-02T22:52:16.569+0000] {logging_mixin.py:188} INFO - [2024-03-02T22:52:16.569+0000] {dag.py:3823} INFO - Setting next_dagrun for example_python_decorator to None, run_after=None
[2024-03-02T22:52:16.615+0000] {processor.py:183} INFO - Processing /home/airflow/.local/lib/python3.8/site-packages/airflow/example_dags/example_python_decorator.py took 0.144 seconds
[2024-03-02T22:52:47.360+0000] {processor.py:161} INFO - Started process (PID=775) to work on /home/airflow/.local/lib/python3.8/site-packages/airflow/example_dags/example_python_decorator.py
[2024-03-02T22:52:47.362+0000] {processor.py:830} INFO - Processing file /home/airflow/.local/lib/python3.8/site-packages/airflow/example_dags/example_python_decorator.py for tasks to queue
[2024-03-02T22:52:47.364+0000] {logging_mixin.py:188} INFO - [2024-03-02T22:52:47.364+0000] {dagbag.py:538} INFO - Filling up the DagBag from /home/airflow/.local/lib/python3.8/site-packages/airflow/example_dags/example_python_decorator.py
[2024-03-02T22:52:47.379+0000] {processor.py:840} INFO - DAG(s) 'example_python_decorator' retrieved from /home/airflow/.local/lib/python3.8/site-packages/airflow/example_dags/example_python_decorator.py
[2024-03-02T22:52:47.400+0000] {logging_mixin.py:188} INFO - [2024-03-02T22:52:47.400+0000] {dag.py:3036} INFO - Sync 1 DAGs
[2024-03-02T22:52:47.417+0000] {logging_mixin.py:188} INFO - [2024-03-02T22:52:47.417+0000] {dag.py:3823} INFO - Setting next_dagrun for example_python_decorator to None, run_after=None
[2024-03-02T22:52:47.444+0000] {processor.py:183} INFO - Processing /home/airflow/.local/lib/python3.8/site-packages/airflow/example_dags/example_python_decorator.py took 0.087 seconds
[2024-03-02T22:53:17.973+0000] {processor.py:161} INFO - Started process (PID=831) to work on /home/airflow/.local/lib/python3.8/site-packages/airflow/example_dags/example_python_decorator.py
[2024-03-02T22:53:17.996+0000] {processor.py:830} INFO - Processing file /home/airflow/.local/lib/python3.8/site-packages/airflow/example_dags/example_python_decorator.py for tasks to queue
[2024-03-02T22:53:17.999+0000] {logging_mixin.py:188} INFO - [2024-03-02T22:53:17.998+0000] {dagbag.py:538} INFO - Filling up the DagBag from /home/airflow/.local/lib/python3.8/site-packages/airflow/example_dags/example_python_decorator.py
[2024-03-02T22:53:18.011+0000] {processor.py:840} INFO - DAG(s) 'example_python_decorator' retrieved from /home/airflow/.local/lib/python3.8/site-packages/airflow/example_dags/example_python_decorator.py
[2024-03-02T22:53:18.034+0000] {logging_mixin.py:188} INFO - [2024-03-02T22:53:18.033+0000] {dag.py:3036} INFO - Sync 1 DAGs
[2024-03-02T22:53:18.046+0000] {logging_mixin.py:188} INFO - [2024-03-02T22:53:18.045+0000] {dag.py:3823} INFO - Setting next_dagrun for example_python_decorator to None, run_after=None
[2024-03-02T22:53:18.068+0000] {processor.py:183} INFO - Processing /home/airflow/.local/lib/python3.8/site-packages/airflow/example_dags/example_python_decorator.py took 0.098 seconds
[2024-03-02T22:57:36.619+0000] {processor.py:161} INFO - Started process (PID=910) to work on /home/airflow/.local/lib/python3.8/site-packages/airflow/example_dags/example_python_decorator.py
[2024-03-02T22:57:36.680+0000] {processor.py:830} INFO - Processing file /home/airflow/.local/lib/python3.8/site-packages/airflow/example_dags/example_python_decorator.py for tasks to queue
[2024-03-02T22:57:36.681+0000] {logging_mixin.py:188} INFO - [2024-03-02T22:57:36.681+0000] {dagbag.py:538} INFO - Filling up the DagBag from /home/airflow/.local/lib/python3.8/site-packages/airflow/example_dags/example_python_decorator.py
[2024-03-02T22:57:36.874+0000] {processor.py:840} INFO - DAG(s) 'example_python_decorator' retrieved from /home/airflow/.local/lib/python3.8/site-packages/airflow/example_dags/example_python_decorator.py
[2024-03-02T22:57:36.971+0000] {logging_mixin.py:188} INFO - [2024-03-02T22:57:36.970+0000] {dag.py:3036} INFO - Sync 1 DAGs
[2024-03-02T22:57:37.020+0000] {logging_mixin.py:188} INFO - [2024-03-02T22:57:37.020+0000] {dag.py:3823} INFO - Setting next_dagrun for example_python_decorator to None, run_after=None
[2024-03-02T22:57:37.413+0000] {processor.py:183} INFO - Processing /home/airflow/.local/lib/python3.8/site-packages/airflow/example_dags/example_python_decorator.py took 0.902 seconds
[2024-03-02T22:58:07.586+0000] {processor.py:161} INFO - Started process (PID=960) to work on /home/airflow/.local/lib/python3.8/site-packages/airflow/example_dags/example_python_decorator.py
[2024-03-02T22:58:07.587+0000] {processor.py:830} INFO - Processing file /home/airflow/.local/lib/python3.8/site-packages/airflow/example_dags/example_python_decorator.py for tasks to queue
[2024-03-02T22:58:07.588+0000] {logging_mixin.py:188} INFO - [2024-03-02T22:58:07.588+0000] {dagbag.py:538} INFO - Filling up the DagBag from /home/airflow/.local/lib/python3.8/site-packages/airflow/example_dags/example_python_decorator.py
[2024-03-02T22:58:07.602+0000] {processor.py:840} INFO - DAG(s) 'example_python_decorator' retrieved from /home/airflow/.local/lib/python3.8/site-packages/airflow/example_dags/example_python_decorator.py
[2024-03-02T22:58:07.625+0000] {logging_mixin.py:188} INFO - [2024-03-02T22:58:07.624+0000] {dag.py:3036} INFO - Sync 1 DAGs
[2024-03-02T22:58:07.637+0000] {logging_mixin.py:188} INFO - [2024-03-02T22:58:07.637+0000] {dag.py:3823} INFO - Setting next_dagrun for example_python_decorator to None, run_after=None
[2024-03-02T22:58:07.655+0000] {processor.py:183} INFO - Processing /home/airflow/.local/lib/python3.8/site-packages/airflow/example_dags/example_python_decorator.py took 0.072 seconds
