[2024-03-02T22:44:35.607+0000] {processor.py:161} INFO - Started process (PID=35) to work on /home/airflow/.local/lib/python3.8/site-packages/airflow/example_dags/example_task_group.py
[2024-03-02T22:44:35.608+0000] {processor.py:830} INFO - Processing file /home/airflow/.local/lib/python3.8/site-packages/airflow/example_dags/example_task_group.py for tasks to queue
[2024-03-02T22:44:35.611+0000] {logging_mixin.py:188} INFO - [2024-03-02T22:44:35.610+0000] {dagbag.py:538} INFO - Filling up the DagBag from /home/airflow/.local/lib/python3.8/site-packages/airflow/example_dags/example_task_group.py
[2024-03-02T22:44:35.988+0000] {processor.py:840} INFO - DAG(s) 'example_task_group' retrieved from /home/airflow/.local/lib/python3.8/site-packages/airflow/example_dags/example_task_group.py
[2024-03-02T22:44:37.782+0000] {logging_mixin.py:188} INFO - [2024-03-02T22:44:37.782+0000] {dag.py:3036} INFO - Sync 1 DAGs
[2024-03-02T22:44:38.384+0000] {logging_mixin.py:188} INFO - [2024-03-02T22:44:38.384+0000] {dag.py:3823} INFO - Setting next_dagrun for example_task_group to 2024-03-01 00:00:00+00:00, run_after=2024-03-02 00:00:00+00:00
[2024-03-02T22:44:39.063+0000] {processor.py:183} INFO - Processing /home/airflow/.local/lib/python3.8/site-packages/airflow/example_dags/example_task_group.py took 3.507 seconds
[2024-03-02T22:45:42.489+0000] {processor.py:161} INFO - Started process (PID=46) to work on /home/airflow/.local/lib/python3.8/site-packages/airflow/example_dags/example_task_group.py
[2024-03-02T22:45:42.514+0000] {processor.py:830} INFO - Processing file /home/airflow/.local/lib/python3.8/site-packages/airflow/example_dags/example_task_group.py for tasks to queue
[2024-03-02T22:45:42.515+0000] {logging_mixin.py:188} INFO - [2024-03-02T22:45:42.515+0000] {dagbag.py:538} INFO - Filling up the DagBag from /home/airflow/.local/lib/python3.8/site-packages/airflow/example_dags/example_task_group.py
[2024-03-02T22:45:43.627+0000] {processor.py:840} INFO - DAG(s) 'example_task_group' retrieved from /home/airflow/.local/lib/python3.8/site-packages/airflow/example_dags/example_task_group.py
[2024-03-02T22:45:46.522+0000] {logging_mixin.py:188} INFO - [2024-03-02T22:45:46.521+0000] {dag.py:3036} INFO - Sync 1 DAGs
[2024-03-02T22:45:47.249+0000] {logging_mixin.py:188} INFO - [2024-03-02T22:45:47.249+0000] {dag.py:3823} INFO - Setting next_dagrun for example_task_group to 2024-03-01 00:00:00+00:00, run_after=2024-03-02 00:00:00+00:00
[2024-03-02T22:45:47.406+0000] {processor.py:183} INFO - Processing /home/airflow/.local/lib/python3.8/site-packages/airflow/example_dags/example_task_group.py took 4.920 seconds
[2024-03-02T22:46:21.934+0000] {processor.py:161} INFO - Started process (PID=107) to work on /home/airflow/.local/lib/python3.8/site-packages/airflow/example_dags/example_task_group.py
[2024-03-02T22:46:21.939+0000] {processor.py:830} INFO - Processing file /home/airflow/.local/lib/python3.8/site-packages/airflow/example_dags/example_task_group.py for tasks to queue
[2024-03-02T22:46:21.941+0000] {logging_mixin.py:188} INFO - [2024-03-02T22:46:21.941+0000] {dagbag.py:538} INFO - Filling up the DagBag from /home/airflow/.local/lib/python3.8/site-packages/airflow/example_dags/example_task_group.py
[2024-03-02T22:46:21.950+0000] {processor.py:840} INFO - DAG(s) 'example_task_group' retrieved from /home/airflow/.local/lib/python3.8/site-packages/airflow/example_dags/example_task_group.py
[2024-03-02T22:46:21.979+0000] {logging_mixin.py:188} INFO - [2024-03-02T22:46:21.979+0000] {dag.py:3036} INFO - Sync 1 DAGs
[2024-03-02T22:46:22.009+0000] {logging_mixin.py:188} INFO - [2024-03-02T22:46:22.009+0000] {dag.py:3823} INFO - Setting next_dagrun for example_task_group to 2024-03-01 00:00:00+00:00, run_after=2024-03-02 00:00:00+00:00
[2024-03-02T22:46:22.029+0000] {processor.py:183} INFO - Processing /home/airflow/.local/lib/python3.8/site-packages/airflow/example_dags/example_task_group.py took 0.099 seconds
[2024-03-02T22:46:52.621+0000] {processor.py:161} INFO - Started process (PID=161) to work on /home/airflow/.local/lib/python3.8/site-packages/airflow/example_dags/example_task_group.py
[2024-03-02T22:46:52.622+0000] {processor.py:830} INFO - Processing file /home/airflow/.local/lib/python3.8/site-packages/airflow/example_dags/example_task_group.py for tasks to queue
[2024-03-02T22:46:52.625+0000] {logging_mixin.py:188} INFO - [2024-03-02T22:46:52.624+0000] {dagbag.py:538} INFO - Filling up the DagBag from /home/airflow/.local/lib/python3.8/site-packages/airflow/example_dags/example_task_group.py
[2024-03-02T22:46:52.634+0000] {processor.py:840} INFO - DAG(s) 'example_task_group' retrieved from /home/airflow/.local/lib/python3.8/site-packages/airflow/example_dags/example_task_group.py
[2024-03-02T22:46:52.654+0000] {logging_mixin.py:188} INFO - [2024-03-02T22:46:52.654+0000] {dag.py:3036} INFO - Sync 1 DAGs
[2024-03-02T22:46:52.676+0000] {logging_mixin.py:188} INFO - [2024-03-02T22:46:52.676+0000] {dag.py:3823} INFO - Setting next_dagrun for example_task_group to 2024-03-01 00:00:00+00:00, run_after=2024-03-02 00:00:00+00:00
[2024-03-02T22:46:52.712+0000] {processor.py:183} INFO - Processing /home/airflow/.local/lib/python3.8/site-packages/airflow/example_dags/example_task_group.py took 0.095 seconds
[2024-03-02T22:47:23.460+0000] {processor.py:161} INFO - Started process (PID=217) to work on /home/airflow/.local/lib/python3.8/site-packages/airflow/example_dags/example_task_group.py
[2024-03-02T22:47:23.462+0000] {processor.py:830} INFO - Processing file /home/airflow/.local/lib/python3.8/site-packages/airflow/example_dags/example_task_group.py for tasks to queue
[2024-03-02T22:47:23.468+0000] {logging_mixin.py:188} INFO - [2024-03-02T22:47:23.467+0000] {dagbag.py:538} INFO - Filling up the DagBag from /home/airflow/.local/lib/python3.8/site-packages/airflow/example_dags/example_task_group.py
[2024-03-02T22:47:23.480+0000] {processor.py:840} INFO - DAG(s) 'example_task_group' retrieved from /home/airflow/.local/lib/python3.8/site-packages/airflow/example_dags/example_task_group.py
[2024-03-02T22:47:23.510+0000] {logging_mixin.py:188} INFO - [2024-03-02T22:47:23.509+0000] {dag.py:3036} INFO - Sync 1 DAGs
[2024-03-02T22:47:23.542+0000] {logging_mixin.py:188} INFO - [2024-03-02T22:47:23.542+0000] {dag.py:3823} INFO - Setting next_dagrun for example_task_group to 2024-03-01 00:00:00+00:00, run_after=2024-03-02 00:00:00+00:00
[2024-03-02T22:47:23.571+0000] {processor.py:183} INFO - Processing /home/airflow/.local/lib/python3.8/site-packages/airflow/example_dags/example_task_group.py took 0.116 seconds
[2024-03-02T22:47:53.999+0000] {processor.py:161} INFO - Started process (PID=273) to work on /home/airflow/.local/lib/python3.8/site-packages/airflow/example_dags/example_task_group.py
[2024-03-02T22:47:54.000+0000] {processor.py:830} INFO - Processing file /home/airflow/.local/lib/python3.8/site-packages/airflow/example_dags/example_task_group.py for tasks to queue
[2024-03-02T22:47:54.002+0000] {logging_mixin.py:188} INFO - [2024-03-02T22:47:54.002+0000] {dagbag.py:538} INFO - Filling up the DagBag from /home/airflow/.local/lib/python3.8/site-packages/airflow/example_dags/example_task_group.py
[2024-03-02T22:47:54.010+0000] {processor.py:840} INFO - DAG(s) 'example_task_group' retrieved from /home/airflow/.local/lib/python3.8/site-packages/airflow/example_dags/example_task_group.py
[2024-03-02T22:47:54.033+0000] {logging_mixin.py:188} INFO - [2024-03-02T22:47:54.033+0000] {dag.py:3036} INFO - Sync 1 DAGs
[2024-03-02T22:47:54.056+0000] {logging_mixin.py:188} INFO - [2024-03-02T22:47:54.056+0000] {dag.py:3823} INFO - Setting next_dagrun for example_task_group to 2024-03-01 00:00:00+00:00, run_after=2024-03-02 00:00:00+00:00
[2024-03-02T22:47:54.079+0000] {processor.py:183} INFO - Processing /home/airflow/.local/lib/python3.8/site-packages/airflow/example_dags/example_task_group.py took 0.084 seconds
[2024-03-02T22:48:24.593+0000] {processor.py:161} INFO - Started process (PID=329) to work on /home/airflow/.local/lib/python3.8/site-packages/airflow/example_dags/example_task_group.py
[2024-03-02T22:48:24.595+0000] {processor.py:830} INFO - Processing file /home/airflow/.local/lib/python3.8/site-packages/airflow/example_dags/example_task_group.py for tasks to queue
[2024-03-02T22:48:24.598+0000] {logging_mixin.py:188} INFO - [2024-03-02T22:48:24.597+0000] {dagbag.py:538} INFO - Filling up the DagBag from /home/airflow/.local/lib/python3.8/site-packages/airflow/example_dags/example_task_group.py
[2024-03-02T22:48:24.619+0000] {processor.py:840} INFO - DAG(s) 'example_task_group' retrieved from /home/airflow/.local/lib/python3.8/site-packages/airflow/example_dags/example_task_group.py
[2024-03-02T22:48:24.658+0000] {logging_mixin.py:188} INFO - [2024-03-02T22:48:24.657+0000] {dag.py:3036} INFO - Sync 1 DAGs
[2024-03-02T22:48:24.693+0000] {logging_mixin.py:188} INFO - [2024-03-02T22:48:24.693+0000] {dag.py:3823} INFO - Setting next_dagrun for example_task_group to 2024-03-01 00:00:00+00:00, run_after=2024-03-02 00:00:00+00:00
[2024-03-02T22:48:24.723+0000] {processor.py:183} INFO - Processing /home/airflow/.local/lib/python3.8/site-packages/airflow/example_dags/example_task_group.py took 0.134 seconds
[2024-03-02T22:48:54.781+0000] {processor.py:161} INFO - Started process (PID=385) to work on /home/airflow/.local/lib/python3.8/site-packages/airflow/example_dags/example_task_group.py
[2024-03-02T22:48:54.783+0000] {processor.py:830} INFO - Processing file /home/airflow/.local/lib/python3.8/site-packages/airflow/example_dags/example_task_group.py for tasks to queue
[2024-03-02T22:48:54.785+0000] {logging_mixin.py:188} INFO - [2024-03-02T22:48:54.785+0000] {dagbag.py:538} INFO - Filling up the DagBag from /home/airflow/.local/lib/python3.8/site-packages/airflow/example_dags/example_task_group.py
[2024-03-02T22:48:54.795+0000] {processor.py:840} INFO - DAG(s) 'example_task_group' retrieved from /home/airflow/.local/lib/python3.8/site-packages/airflow/example_dags/example_task_group.py
[2024-03-02T22:48:54.820+0000] {logging_mixin.py:188} INFO - [2024-03-02T22:48:54.820+0000] {dag.py:3036} INFO - Sync 1 DAGs
[2024-03-02T22:48:54.847+0000] {logging_mixin.py:188} INFO - [2024-03-02T22:48:54.847+0000] {dag.py:3823} INFO - Setting next_dagrun for example_task_group to 2024-03-01 00:00:00+00:00, run_after=2024-03-02 00:00:00+00:00
[2024-03-02T22:48:54.870+0000] {processor.py:183} INFO - Processing /home/airflow/.local/lib/python3.8/site-packages/airflow/example_dags/example_task_group.py took 0.093 seconds
[2024-03-02T22:49:25.247+0000] {processor.py:161} INFO - Started process (PID=441) to work on /home/airflow/.local/lib/python3.8/site-packages/airflow/example_dags/example_task_group.py
[2024-03-02T22:49:25.248+0000] {processor.py:830} INFO - Processing file /home/airflow/.local/lib/python3.8/site-packages/airflow/example_dags/example_task_group.py for tasks to queue
[2024-03-02T22:49:25.250+0000] {logging_mixin.py:188} INFO - [2024-03-02T22:49:25.250+0000] {dagbag.py:538} INFO - Filling up the DagBag from /home/airflow/.local/lib/python3.8/site-packages/airflow/example_dags/example_task_group.py
[2024-03-02T22:49:25.262+0000] {processor.py:840} INFO - DAG(s) 'example_task_group' retrieved from /home/airflow/.local/lib/python3.8/site-packages/airflow/example_dags/example_task_group.py
[2024-03-02T22:49:25.284+0000] {logging_mixin.py:188} INFO - [2024-03-02T22:49:25.284+0000] {dag.py:3036} INFO - Sync 1 DAGs
[2024-03-02T22:49:25.307+0000] {logging_mixin.py:188} INFO - [2024-03-02T22:49:25.307+0000] {dag.py:3823} INFO - Setting next_dagrun for example_task_group to 2024-03-01 00:00:00+00:00, run_after=2024-03-02 00:00:00+00:00
[2024-03-02T22:49:25.333+0000] {processor.py:183} INFO - Processing /home/airflow/.local/lib/python3.8/site-packages/airflow/example_dags/example_task_group.py took 0.090 seconds
[2024-03-02T22:49:55.958+0000] {processor.py:161} INFO - Started process (PID=497) to work on /home/airflow/.local/lib/python3.8/site-packages/airflow/example_dags/example_task_group.py
[2024-03-02T22:49:55.960+0000] {processor.py:830} INFO - Processing file /home/airflow/.local/lib/python3.8/site-packages/airflow/example_dags/example_task_group.py for tasks to queue
[2024-03-02T22:49:55.962+0000] {logging_mixin.py:188} INFO - [2024-03-02T22:49:55.962+0000] {dagbag.py:538} INFO - Filling up the DagBag from /home/airflow/.local/lib/python3.8/site-packages/airflow/example_dags/example_task_group.py
[2024-03-02T22:49:55.971+0000] {processor.py:840} INFO - DAG(s) 'example_task_group' retrieved from /home/airflow/.local/lib/python3.8/site-packages/airflow/example_dags/example_task_group.py
[2024-03-02T22:49:55.999+0000] {logging_mixin.py:188} INFO - [2024-03-02T22:49:55.998+0000] {dag.py:3036} INFO - Sync 1 DAGs
[2024-03-02T22:49:56.024+0000] {logging_mixin.py:188} INFO - [2024-03-02T22:49:56.024+0000] {dag.py:3823} INFO - Setting next_dagrun for example_task_group to 2024-03-01 00:00:00+00:00, run_after=2024-03-02 00:00:00+00:00
[2024-03-02T22:49:56.044+0000] {processor.py:183} INFO - Processing /home/airflow/.local/lib/python3.8/site-packages/airflow/example_dags/example_task_group.py took 0.090 seconds
[2024-03-02T22:50:26.132+0000] {processor.py:161} INFO - Started process (PID=553) to work on /home/airflow/.local/lib/python3.8/site-packages/airflow/example_dags/example_task_group.py
[2024-03-02T22:50:26.133+0000] {processor.py:830} INFO - Processing file /home/airflow/.local/lib/python3.8/site-packages/airflow/example_dags/example_task_group.py for tasks to queue
[2024-03-02T22:50:26.135+0000] {logging_mixin.py:188} INFO - [2024-03-02T22:50:26.135+0000] {dagbag.py:538} INFO - Filling up the DagBag from /home/airflow/.local/lib/python3.8/site-packages/airflow/example_dags/example_task_group.py
[2024-03-02T22:50:26.143+0000] {processor.py:840} INFO - DAG(s) 'example_task_group' retrieved from /home/airflow/.local/lib/python3.8/site-packages/airflow/example_dags/example_task_group.py
[2024-03-02T22:50:26.164+0000] {logging_mixin.py:188} INFO - [2024-03-02T22:50:26.164+0000] {dag.py:3036} INFO - Sync 1 DAGs
[2024-03-02T22:50:26.186+0000] {logging_mixin.py:188} INFO - [2024-03-02T22:50:26.186+0000] {dag.py:3823} INFO - Setting next_dagrun for example_task_group to 2024-03-01 00:00:00+00:00, run_after=2024-03-02 00:00:00+00:00
[2024-03-02T22:50:26.205+0000] {processor.py:183} INFO - Processing /home/airflow/.local/lib/python3.8/site-packages/airflow/example_dags/example_task_group.py took 0.077 seconds
[2024-03-02T22:50:58.445+0000] {processor.py:161} INFO - Started process (PID=606) to work on /home/airflow/.local/lib/python3.8/site-packages/airflow/example_dags/example_task_group.py
[2024-03-02T22:50:58.446+0000] {processor.py:830} INFO - Processing file /home/airflow/.local/lib/python3.8/site-packages/airflow/example_dags/example_task_group.py for tasks to queue
[2024-03-02T22:50:58.448+0000] {logging_mixin.py:188} INFO - [2024-03-02T22:50:58.448+0000] {dagbag.py:538} INFO - Filling up the DagBag from /home/airflow/.local/lib/python3.8/site-packages/airflow/example_dags/example_task_group.py
[2024-03-02T22:50:58.456+0000] {processor.py:840} INFO - DAG(s) 'example_task_group' retrieved from /home/airflow/.local/lib/python3.8/site-packages/airflow/example_dags/example_task_group.py
[2024-03-02T22:50:58.477+0000] {logging_mixin.py:188} INFO - [2024-03-02T22:50:58.476+0000] {dag.py:3036} INFO - Sync 1 DAGs
[2024-03-02T22:50:58.498+0000] {logging_mixin.py:188} INFO - [2024-03-02T22:50:58.498+0000] {dag.py:3823} INFO - Setting next_dagrun for example_task_group to 2024-03-01 00:00:00+00:00, run_after=2024-03-02 00:00:00+00:00
[2024-03-02T22:50:58.518+0000] {processor.py:183} INFO - Processing /home/airflow/.local/lib/python3.8/site-packages/airflow/example_dags/example_task_group.py took 0.077 seconds
[2024-03-02T22:51:28.948+0000] {processor.py:161} INFO - Started process (PID=659) to work on /home/airflow/.local/lib/python3.8/site-packages/airflow/example_dags/example_task_group.py
[2024-03-02T22:51:28.949+0000] {processor.py:830} INFO - Processing file /home/airflow/.local/lib/python3.8/site-packages/airflow/example_dags/example_task_group.py for tasks to queue
[2024-03-02T22:51:28.951+0000] {logging_mixin.py:188} INFO - [2024-03-02T22:51:28.951+0000] {dagbag.py:538} INFO - Filling up the DagBag from /home/airflow/.local/lib/python3.8/site-packages/airflow/example_dags/example_task_group.py
[2024-03-02T22:51:28.961+0000] {processor.py:840} INFO - DAG(s) 'example_task_group' retrieved from /home/airflow/.local/lib/python3.8/site-packages/airflow/example_dags/example_task_group.py
[2024-03-02T22:51:28.988+0000] {logging_mixin.py:188} INFO - [2024-03-02T22:51:28.987+0000] {dag.py:3036} INFO - Sync 1 DAGs
[2024-03-02T22:51:29.010+0000] {logging_mixin.py:188} INFO - [2024-03-02T22:51:29.010+0000] {dag.py:3823} INFO - Setting next_dagrun for example_task_group to 2024-03-01 00:00:00+00:00, run_after=2024-03-02 00:00:00+00:00
[2024-03-02T22:51:29.032+0000] {processor.py:183} INFO - Processing /home/airflow/.local/lib/python3.8/site-packages/airflow/example_dags/example_task_group.py took 0.087 seconds
[2024-03-02T22:52:13.243+0000] {processor.py:161} INFO - Started process (PID=691) to work on /home/airflow/.local/lib/python3.8/site-packages/airflow/example_dags/example_task_group.py
[2024-03-02T22:52:13.244+0000] {processor.py:830} INFO - Processing file /home/airflow/.local/lib/python3.8/site-packages/airflow/example_dags/example_task_group.py for tasks to queue
[2024-03-02T22:52:13.247+0000] {logging_mixin.py:188} INFO - [2024-03-02T22:52:13.247+0000] {dagbag.py:538} INFO - Filling up the DagBag from /home/airflow/.local/lib/python3.8/site-packages/airflow/example_dags/example_task_group.py
[2024-03-02T22:52:13.255+0000] {processor.py:840} INFO - DAG(s) 'example_task_group' retrieved from /home/airflow/.local/lib/python3.8/site-packages/airflow/example_dags/example_task_group.py
[2024-03-02T22:52:13.276+0000] {logging_mixin.py:188} INFO - [2024-03-02T22:52:13.276+0000] {dag.py:3036} INFO - Sync 1 DAGs
[2024-03-02T22:52:13.302+0000] {logging_mixin.py:188} INFO - [2024-03-02T22:52:13.301+0000] {dag.py:3823} INFO - Setting next_dagrun for example_task_group to 2024-03-01 00:00:00+00:00, run_after=2024-03-02 00:00:00+00:00
[2024-03-02T22:52:13.397+0000] {processor.py:183} INFO - Processing /home/airflow/.local/lib/python3.8/site-packages/airflow/example_dags/example_task_group.py took 0.158 seconds
[2024-03-02T22:52:43.508+0000] {processor.py:161} INFO - Started process (PID=747) to work on /home/airflow/.local/lib/python3.8/site-packages/airflow/example_dags/example_task_group.py
[2024-03-02T22:52:43.510+0000] {processor.py:830} INFO - Processing file /home/airflow/.local/lib/python3.8/site-packages/airflow/example_dags/example_task_group.py for tasks to queue
[2024-03-02T22:52:43.513+0000] {logging_mixin.py:188} INFO - [2024-03-02T22:52:43.512+0000] {dagbag.py:538} INFO - Filling up the DagBag from /home/airflow/.local/lib/python3.8/site-packages/airflow/example_dags/example_task_group.py
[2024-03-02T22:52:43.522+0000] {processor.py:840} INFO - DAG(s) 'example_task_group' retrieved from /home/airflow/.local/lib/python3.8/site-packages/airflow/example_dags/example_task_group.py
[2024-03-02T22:52:43.544+0000] {logging_mixin.py:188} INFO - [2024-03-02T22:52:43.544+0000] {dag.py:3036} INFO - Sync 1 DAGs
[2024-03-02T22:52:43.568+0000] {logging_mixin.py:188} INFO - [2024-03-02T22:52:43.568+0000] {dag.py:3823} INFO - Setting next_dagrun for example_task_group to 2024-03-01 00:00:00+00:00, run_after=2024-03-02 00:00:00+00:00
[2024-03-02T22:52:43.587+0000] {processor.py:183} INFO - Processing /home/airflow/.local/lib/python3.8/site-packages/airflow/example_dags/example_task_group.py took 0.083 seconds
[2024-03-02T22:53:14.017+0000] {processor.py:161} INFO - Started process (PID=803) to work on /home/airflow/.local/lib/python3.8/site-packages/airflow/example_dags/example_task_group.py
[2024-03-02T22:53:14.036+0000] {processor.py:830} INFO - Processing file /home/airflow/.local/lib/python3.8/site-packages/airflow/example_dags/example_task_group.py for tasks to queue
[2024-03-02T22:53:14.038+0000] {logging_mixin.py:188} INFO - [2024-03-02T22:53:14.037+0000] {dagbag.py:538} INFO - Filling up the DagBag from /home/airflow/.local/lib/python3.8/site-packages/airflow/example_dags/example_task_group.py
[2024-03-02T22:53:14.045+0000] {processor.py:840} INFO - DAG(s) 'example_task_group' retrieved from /home/airflow/.local/lib/python3.8/site-packages/airflow/example_dags/example_task_group.py
[2024-03-02T22:53:14.064+0000] {logging_mixin.py:188} INFO - [2024-03-02T22:53:14.064+0000] {dag.py:3036} INFO - Sync 1 DAGs
[2024-03-02T22:53:14.085+0000] {logging_mixin.py:188} INFO - [2024-03-02T22:53:14.085+0000] {dag.py:3823} INFO - Setting next_dagrun for example_task_group to 2024-03-01 00:00:00+00:00, run_after=2024-03-02 00:00:00+00:00
[2024-03-02T22:53:14.104+0000] {processor.py:183} INFO - Processing /home/airflow/.local/lib/python3.8/site-packages/airflow/example_dags/example_task_group.py took 0.090 seconds
[2024-03-02T22:54:03.634+0000] {processor.py:161} INFO - Started process (PID=856) to work on /home/airflow/.local/lib/python3.8/site-packages/airflow/example_dags/example_task_group.py
[2024-03-02T22:54:03.650+0000] {processor.py:830} INFO - Processing file /home/airflow/.local/lib/python3.8/site-packages/airflow/example_dags/example_task_group.py for tasks to queue
[2024-03-02T22:54:03.652+0000] {logging_mixin.py:188} INFO - [2024-03-02T22:54:03.652+0000] {dagbag.py:538} INFO - Filling up the DagBag from /home/airflow/.local/lib/python3.8/site-packages/airflow/example_dags/example_task_group.py
[2024-03-02T22:54:14.863+0000] {processor.py:840} INFO - DAG(s) 'example_task_group' retrieved from /home/airflow/.local/lib/python3.8/site-packages/airflow/example_dags/example_task_group.py
[2024-03-02T22:54:15.594+0000] {logging_mixin.py:188} INFO - [2024-03-02T22:54:15.594+0000] {dag.py:3036} INFO - Sync 1 DAGs
[2024-03-02T22:54:15.633+0000] {logging_mixin.py:188} INFO - [2024-03-02T22:54:15.633+0000] {dag.py:3823} INFO - Setting next_dagrun for example_task_group to 2024-03-01 00:00:00+00:00, run_after=2024-03-02 00:00:00+00:00
[2024-03-02T22:54:41.404+0000] {processor.py:183} INFO - Processing /home/airflow/.local/lib/python3.8/site-packages/airflow/example_dags/example_task_group.py took 40.644 seconds
[2024-03-02T22:57:51.722+0000] {processor.py:161} INFO - Started process (PID=929) to work on /home/airflow/.local/lib/python3.8/site-packages/airflow/example_dags/example_task_group.py
[2024-03-02T22:57:51.754+0000] {processor.py:830} INFO - Processing file /home/airflow/.local/lib/python3.8/site-packages/airflow/example_dags/example_task_group.py for tasks to queue
[2024-03-02T22:57:51.756+0000] {logging_mixin.py:188} INFO - [2024-03-02T22:57:51.755+0000] {dagbag.py:538} INFO - Filling up the DagBag from /home/airflow/.local/lib/python3.8/site-packages/airflow/example_dags/example_task_group.py
[2024-03-02T22:57:51.864+0000] {processor.py:840} INFO - DAG(s) 'example_task_group' retrieved from /home/airflow/.local/lib/python3.8/site-packages/airflow/example_dags/example_task_group.py
[2024-03-02T22:57:51.906+0000] {logging_mixin.py:188} INFO - [2024-03-02T22:57:51.906+0000] {dag.py:3036} INFO - Sync 1 DAGs
[2024-03-02T22:57:51.981+0000] {logging_mixin.py:188} INFO - [2024-03-02T22:57:51.980+0000] {dag.py:3823} INFO - Setting next_dagrun for example_task_group to 2024-03-01 00:00:00+00:00, run_after=2024-03-02 00:00:00+00:00
[2024-03-02T22:57:52.485+0000] {processor.py:183} INFO - Processing /home/airflow/.local/lib/python3.8/site-packages/airflow/example_dags/example_task_group.py took 0.772 seconds
