[2024-03-02T22:46:10.915+0000] {processor.py:161} INFO - Started process (PID=74) to work on /home/airflow/.local/lib/python3.8/site-packages/airflow/example_dags/example_branch_datetime_operator.py
[2024-03-02T22:46:10.919+0000] {processor.py:830} INFO - Processing file /home/airflow/.local/lib/python3.8/site-packages/airflow/example_dags/example_branch_datetime_operator.py for tasks to queue
[2024-03-02T22:46:10.926+0000] {logging_mixin.py:188} INFO - [2024-03-02T22:46:10.925+0000] {dagbag.py:538} INFO - Filling up the DagBag from /home/airflow/.local/lib/python3.8/site-packages/airflow/example_dags/example_branch_datetime_operator.py
[2024-03-02T22:46:10.952+0000] {processor.py:840} INFO - DAG(s) 'example_branch_datetime_operator', 'example_branch_datetime_operator_3', 'example_branch_datetime_operator_2' retrieved from /home/airflow/.local/lib/python3.8/site-packages/airflow/example_dags/example_branch_datetime_operator.py
[2024-03-02T22:46:12.258+0000] {logging_mixin.py:188} INFO - [2024-03-02T22:46:12.257+0000] {dag.py:3036} INFO - Sync 3 DAGs
[2024-03-02T22:46:12.278+0000] {logging_mixin.py:188} INFO - [2024-03-02T22:46:12.278+0000] {dag.py:3823} INFO - Setting next_dagrun for example_branch_datetime_operator to 2024-03-01 00:00:00+00:00, run_after=2024-03-02 00:00:00+00:00
[2024-03-02T22:46:12.284+0000] {logging_mixin.py:188} INFO - [2024-03-02T22:46:12.284+0000] {dag.py:3823} INFO - Setting next_dagrun for example_branch_datetime_operator_2 to 2024-03-01 00:00:00+00:00, run_after=2024-03-02 00:00:00+00:00
[2024-03-02T22:46:12.289+0000] {logging_mixin.py:188} INFO - [2024-03-02T22:46:12.289+0000] {dag.py:3823} INFO - Setting next_dagrun for example_branch_datetime_operator_3 to 2024-03-01 00:00:00+00:00, run_after=2024-03-02 00:00:00+00:00
[2024-03-02T22:46:12.625+0000] {processor.py:183} INFO - Processing /home/airflow/.local/lib/python3.8/site-packages/airflow/example_dags/example_branch_datetime_operator.py took 1.721 seconds
[2024-03-02T22:46:43.544+0000] {processor.py:161} INFO - Started process (PID=130) to work on /home/airflow/.local/lib/python3.8/site-packages/airflow/example_dags/example_branch_datetime_operator.py
[2024-03-02T22:46:43.545+0000] {processor.py:830} INFO - Processing file /home/airflow/.local/lib/python3.8/site-packages/airflow/example_dags/example_branch_datetime_operator.py for tasks to queue
[2024-03-02T22:46:43.547+0000] {logging_mixin.py:188} INFO - [2024-03-02T22:46:43.547+0000] {dagbag.py:538} INFO - Filling up the DagBag from /home/airflow/.local/lib/python3.8/site-packages/airflow/example_dags/example_branch_datetime_operator.py
[2024-03-02T22:46:43.557+0000] {processor.py:840} INFO - DAG(s) 'example_branch_datetime_operator_2', 'example_branch_datetime_operator', 'example_branch_datetime_operator_3' retrieved from /home/airflow/.local/lib/python3.8/site-packages/airflow/example_dags/example_branch_datetime_operator.py
[2024-03-02T22:46:43.590+0000] {logging_mixin.py:188} INFO - [2024-03-02T22:46:43.590+0000] {dag.py:3036} INFO - Sync 3 DAGs
[2024-03-02T22:46:43.623+0000] {logging_mixin.py:188} INFO - [2024-03-02T22:46:43.622+0000] {dag.py:3823} INFO - Setting next_dagrun for example_branch_datetime_operator to 2024-03-01 00:00:00+00:00, run_after=2024-03-02 00:00:00+00:00
[2024-03-02T22:46:43.629+0000] {logging_mixin.py:188} INFO - [2024-03-02T22:46:43.629+0000] {dag.py:3823} INFO - Setting next_dagrun for example_branch_datetime_operator_2 to 2024-03-01 00:00:00+00:00, run_after=2024-03-02 00:00:00+00:00
[2024-03-02T22:46:43.632+0000] {logging_mixin.py:188} INFO - [2024-03-02T22:46:43.632+0000] {dag.py:3823} INFO - Setting next_dagrun for example_branch_datetime_operator_3 to 2024-03-01 00:00:00+00:00, run_after=2024-03-02 00:00:00+00:00
[2024-03-02T22:46:43.654+0000] {processor.py:183} INFO - Processing /home/airflow/.local/lib/python3.8/site-packages/airflow/example_dags/example_branch_datetime_operator.py took 0.114 seconds
[2024-03-02T22:47:14.396+0000] {processor.py:161} INFO - Started process (PID=186) to work on /home/airflow/.local/lib/python3.8/site-packages/airflow/example_dags/example_branch_datetime_operator.py
[2024-03-02T22:47:14.397+0000] {processor.py:830} INFO - Processing file /home/airflow/.local/lib/python3.8/site-packages/airflow/example_dags/example_branch_datetime_operator.py for tasks to queue
[2024-03-02T22:47:14.399+0000] {logging_mixin.py:188} INFO - [2024-03-02T22:47:14.399+0000] {dagbag.py:538} INFO - Filling up the DagBag from /home/airflow/.local/lib/python3.8/site-packages/airflow/example_dags/example_branch_datetime_operator.py
[2024-03-02T22:47:14.409+0000] {processor.py:840} INFO - DAG(s) 'example_branch_datetime_operator_3', 'example_branch_datetime_operator_2', 'example_branch_datetime_operator' retrieved from /home/airflow/.local/lib/python3.8/site-packages/airflow/example_dags/example_branch_datetime_operator.py
[2024-03-02T22:47:14.446+0000] {logging_mixin.py:188} INFO - [2024-03-02T22:47:14.446+0000] {dag.py:3036} INFO - Sync 3 DAGs
[2024-03-02T22:47:14.488+0000] {logging_mixin.py:188} INFO - [2024-03-02T22:47:14.487+0000] {dag.py:3823} INFO - Setting next_dagrun for example_branch_datetime_operator to 2024-03-01 00:00:00+00:00, run_after=2024-03-02 00:00:00+00:00
[2024-03-02T22:47:14.498+0000] {logging_mixin.py:188} INFO - [2024-03-02T22:47:14.498+0000] {dag.py:3823} INFO - Setting next_dagrun for example_branch_datetime_operator_2 to 2024-03-01 00:00:00+00:00, run_after=2024-03-02 00:00:00+00:00
[2024-03-02T22:47:14.506+0000] {logging_mixin.py:188} INFO - [2024-03-02T22:47:14.505+0000] {dag.py:3823} INFO - Setting next_dagrun for example_branch_datetime_operator_3 to 2024-03-01 00:00:00+00:00, run_after=2024-03-02 00:00:00+00:00
[2024-03-02T22:47:14.529+0000] {processor.py:183} INFO - Processing /home/airflow/.local/lib/python3.8/site-packages/airflow/example_dags/example_branch_datetime_operator.py took 0.138 seconds
[2024-03-02T22:47:44.975+0000] {processor.py:161} INFO - Started process (PID=242) to work on /home/airflow/.local/lib/python3.8/site-packages/airflow/example_dags/example_branch_datetime_operator.py
[2024-03-02T22:47:44.976+0000] {processor.py:830} INFO - Processing file /home/airflow/.local/lib/python3.8/site-packages/airflow/example_dags/example_branch_datetime_operator.py for tasks to queue
[2024-03-02T22:47:44.978+0000] {logging_mixin.py:188} INFO - [2024-03-02T22:47:44.978+0000] {dagbag.py:538} INFO - Filling up the DagBag from /home/airflow/.local/lib/python3.8/site-packages/airflow/example_dags/example_branch_datetime_operator.py
[2024-03-02T22:47:44.989+0000] {processor.py:840} INFO - DAG(s) 'example_branch_datetime_operator', 'example_branch_datetime_operator_3', 'example_branch_datetime_operator_2' retrieved from /home/airflow/.local/lib/python3.8/site-packages/airflow/example_dags/example_branch_datetime_operator.py
[2024-03-02T22:47:45.025+0000] {logging_mixin.py:188} INFO - [2024-03-02T22:47:45.024+0000] {dag.py:3036} INFO - Sync 3 DAGs
[2024-03-02T22:47:45.049+0000] {logging_mixin.py:188} INFO - [2024-03-02T22:47:45.048+0000] {dag.py:3823} INFO - Setting next_dagrun for example_branch_datetime_operator to 2024-03-01 00:00:00+00:00, run_after=2024-03-02 00:00:00+00:00
[2024-03-02T22:47:45.055+0000] {logging_mixin.py:188} INFO - [2024-03-02T22:47:45.054+0000] {dag.py:3823} INFO - Setting next_dagrun for example_branch_datetime_operator_2 to 2024-03-01 00:00:00+00:00, run_after=2024-03-02 00:00:00+00:00
[2024-03-02T22:47:45.058+0000] {logging_mixin.py:188} INFO - [2024-03-02T22:47:45.058+0000] {dag.py:3823} INFO - Setting next_dagrun for example_branch_datetime_operator_3 to 2024-03-01 00:00:00+00:00, run_after=2024-03-02 00:00:00+00:00
[2024-03-02T22:47:45.076+0000] {processor.py:183} INFO - Processing /home/airflow/.local/lib/python3.8/site-packages/airflow/example_dags/example_branch_datetime_operator.py took 0.105 seconds
[2024-03-02T22:48:15.403+0000] {processor.py:161} INFO - Started process (PID=298) to work on /home/airflow/.local/lib/python3.8/site-packages/airflow/example_dags/example_branch_datetime_operator.py
[2024-03-02T22:48:15.404+0000] {processor.py:830} INFO - Processing file /home/airflow/.local/lib/python3.8/site-packages/airflow/example_dags/example_branch_datetime_operator.py for tasks to queue
[2024-03-02T22:48:15.406+0000] {logging_mixin.py:188} INFO - [2024-03-02T22:48:15.406+0000] {dagbag.py:538} INFO - Filling up the DagBag from /home/airflow/.local/lib/python3.8/site-packages/airflow/example_dags/example_branch_datetime_operator.py
[2024-03-02T22:48:15.417+0000] {processor.py:840} INFO - DAG(s) 'example_branch_datetime_operator', 'example_branch_datetime_operator_2', 'example_branch_datetime_operator_3' retrieved from /home/airflow/.local/lib/python3.8/site-packages/airflow/example_dags/example_branch_datetime_operator.py
[2024-03-02T22:48:15.445+0000] {logging_mixin.py:188} INFO - [2024-03-02T22:48:15.445+0000] {dag.py:3036} INFO - Sync 3 DAGs
[2024-03-02T22:48:15.468+0000] {logging_mixin.py:188} INFO - [2024-03-02T22:48:15.467+0000] {dag.py:3823} INFO - Setting next_dagrun for example_branch_datetime_operator to 2024-03-01 00:00:00+00:00, run_after=2024-03-02 00:00:00+00:00
[2024-03-02T22:48:15.472+0000] {logging_mixin.py:188} INFO - [2024-03-02T22:48:15.472+0000] {dag.py:3823} INFO - Setting next_dagrun for example_branch_datetime_operator_2 to 2024-03-01 00:00:00+00:00, run_after=2024-03-02 00:00:00+00:00
[2024-03-02T22:48:15.475+0000] {logging_mixin.py:188} INFO - [2024-03-02T22:48:15.475+0000] {dag.py:3823} INFO - Setting next_dagrun for example_branch_datetime_operator_3 to 2024-03-01 00:00:00+00:00, run_after=2024-03-02 00:00:00+00:00
[2024-03-02T22:48:15.499+0000] {processor.py:183} INFO - Processing /home/airflow/.local/lib/python3.8/site-packages/airflow/example_dags/example_branch_datetime_operator.py took 0.100 seconds
[2024-03-02T22:48:45.842+0000] {processor.py:161} INFO - Started process (PID=354) to work on /home/airflow/.local/lib/python3.8/site-packages/airflow/example_dags/example_branch_datetime_operator.py
[2024-03-02T22:48:45.843+0000] {processor.py:830} INFO - Processing file /home/airflow/.local/lib/python3.8/site-packages/airflow/example_dags/example_branch_datetime_operator.py for tasks to queue
[2024-03-02T22:48:45.846+0000] {logging_mixin.py:188} INFO - [2024-03-02T22:48:45.845+0000] {dagbag.py:538} INFO - Filling up the DagBag from /home/airflow/.local/lib/python3.8/site-packages/airflow/example_dags/example_branch_datetime_operator.py
[2024-03-02T22:48:45.857+0000] {processor.py:840} INFO - DAG(s) 'example_branch_datetime_operator_2', 'example_branch_datetime_operator_3', 'example_branch_datetime_operator' retrieved from /home/airflow/.local/lib/python3.8/site-packages/airflow/example_dags/example_branch_datetime_operator.py
[2024-03-02T22:48:45.885+0000] {logging_mixin.py:188} INFO - [2024-03-02T22:48:45.884+0000] {dag.py:3036} INFO - Sync 3 DAGs
[2024-03-02T22:48:45.907+0000] {logging_mixin.py:188} INFO - [2024-03-02T22:48:45.907+0000] {dag.py:3823} INFO - Setting next_dagrun for example_branch_datetime_operator to 2024-03-01 00:00:00+00:00, run_after=2024-03-02 00:00:00+00:00
[2024-03-02T22:48:45.912+0000] {logging_mixin.py:188} INFO - [2024-03-02T22:48:45.912+0000] {dag.py:3823} INFO - Setting next_dagrun for example_branch_datetime_operator_2 to 2024-03-01 00:00:00+00:00, run_after=2024-03-02 00:00:00+00:00
[2024-03-02T22:48:45.915+0000] {logging_mixin.py:188} INFO - [2024-03-02T22:48:45.915+0000] {dag.py:3823} INFO - Setting next_dagrun for example_branch_datetime_operator_3 to 2024-03-01 00:00:00+00:00, run_after=2024-03-02 00:00:00+00:00
[2024-03-02T22:48:45.932+0000] {processor.py:183} INFO - Processing /home/airflow/.local/lib/python3.8/site-packages/airflow/example_dags/example_branch_datetime_operator.py took 0.093 seconds
[2024-03-02T22:49:16.365+0000] {processor.py:161} INFO - Started process (PID=410) to work on /home/airflow/.local/lib/python3.8/site-packages/airflow/example_dags/example_branch_datetime_operator.py
[2024-03-02T22:49:16.366+0000] {processor.py:830} INFO - Processing file /home/airflow/.local/lib/python3.8/site-packages/airflow/example_dags/example_branch_datetime_operator.py for tasks to queue
[2024-03-02T22:49:16.368+0000] {logging_mixin.py:188} INFO - [2024-03-02T22:49:16.368+0000] {dagbag.py:538} INFO - Filling up the DagBag from /home/airflow/.local/lib/python3.8/site-packages/airflow/example_dags/example_branch_datetime_operator.py
[2024-03-02T22:49:16.381+0000] {processor.py:840} INFO - DAG(s) 'example_branch_datetime_operator', 'example_branch_datetime_operator_2', 'example_branch_datetime_operator_3' retrieved from /home/airflow/.local/lib/python3.8/site-packages/airflow/example_dags/example_branch_datetime_operator.py
[2024-03-02T22:49:16.416+0000] {logging_mixin.py:188} INFO - [2024-03-02T22:49:16.416+0000] {dag.py:3036} INFO - Sync 3 DAGs
[2024-03-02T22:49:16.440+0000] {logging_mixin.py:188} INFO - [2024-03-02T22:49:16.440+0000] {dag.py:3823} INFO - Setting next_dagrun for example_branch_datetime_operator to 2024-03-01 00:00:00+00:00, run_after=2024-03-02 00:00:00+00:00
[2024-03-02T22:49:16.445+0000] {logging_mixin.py:188} INFO - [2024-03-02T22:49:16.445+0000] {dag.py:3823} INFO - Setting next_dagrun for example_branch_datetime_operator_2 to 2024-03-01 00:00:00+00:00, run_after=2024-03-02 00:00:00+00:00
[2024-03-02T22:49:16.448+0000] {logging_mixin.py:188} INFO - [2024-03-02T22:49:16.448+0000] {dag.py:3823} INFO - Setting next_dagrun for example_branch_datetime_operator_3 to 2024-03-01 00:00:00+00:00, run_after=2024-03-02 00:00:00+00:00
[2024-03-02T22:49:16.476+0000] {processor.py:183} INFO - Processing /home/airflow/.local/lib/python3.8/site-packages/airflow/example_dags/example_branch_datetime_operator.py took 0.114 seconds
[2024-03-02T22:49:47.012+0000] {processor.py:161} INFO - Started process (PID=466) to work on /home/airflow/.local/lib/python3.8/site-packages/airflow/example_dags/example_branch_datetime_operator.py
[2024-03-02T22:49:47.013+0000] {processor.py:830} INFO - Processing file /home/airflow/.local/lib/python3.8/site-packages/airflow/example_dags/example_branch_datetime_operator.py for tasks to queue
[2024-03-02T22:49:47.016+0000] {logging_mixin.py:188} INFO - [2024-03-02T22:49:47.015+0000] {dagbag.py:538} INFO - Filling up the DagBag from /home/airflow/.local/lib/python3.8/site-packages/airflow/example_dags/example_branch_datetime_operator.py
[2024-03-02T22:49:47.026+0000] {processor.py:840} INFO - DAG(s) 'example_branch_datetime_operator', 'example_branch_datetime_operator_3', 'example_branch_datetime_operator_2' retrieved from /home/airflow/.local/lib/python3.8/site-packages/airflow/example_dags/example_branch_datetime_operator.py
[2024-03-02T22:49:47.057+0000] {logging_mixin.py:188} INFO - [2024-03-02T22:49:47.056+0000] {dag.py:3036} INFO - Sync 3 DAGs
[2024-03-02T22:49:47.079+0000] {logging_mixin.py:188} INFO - [2024-03-02T22:49:47.079+0000] {dag.py:3823} INFO - Setting next_dagrun for example_branch_datetime_operator to 2024-03-01 00:00:00+00:00, run_after=2024-03-02 00:00:00+00:00
[2024-03-02T22:49:47.084+0000] {logging_mixin.py:188} INFO - [2024-03-02T22:49:47.084+0000] {dag.py:3823} INFO - Setting next_dagrun for example_branch_datetime_operator_2 to 2024-03-01 00:00:00+00:00, run_after=2024-03-02 00:00:00+00:00
[2024-03-02T22:49:47.087+0000] {logging_mixin.py:188} INFO - [2024-03-02T22:49:47.087+0000] {dag.py:3823} INFO - Setting next_dagrun for example_branch_datetime_operator_3 to 2024-03-01 00:00:00+00:00, run_after=2024-03-02 00:00:00+00:00
[2024-03-02T22:49:47.112+0000] {processor.py:183} INFO - Processing /home/airflow/.local/lib/python3.8/site-packages/airflow/example_dags/example_branch_datetime_operator.py took 0.104 seconds
[2024-03-02T22:50:17.270+0000] {processor.py:161} INFO - Started process (PID=522) to work on /home/airflow/.local/lib/python3.8/site-packages/airflow/example_dags/example_branch_datetime_operator.py
[2024-03-02T22:50:17.272+0000] {processor.py:830} INFO - Processing file /home/airflow/.local/lib/python3.8/site-packages/airflow/example_dags/example_branch_datetime_operator.py for tasks to queue
[2024-03-02T22:50:17.275+0000] {logging_mixin.py:188} INFO - [2024-03-02T22:50:17.275+0000] {dagbag.py:538} INFO - Filling up the DagBag from /home/airflow/.local/lib/python3.8/site-packages/airflow/example_dags/example_branch_datetime_operator.py
[2024-03-02T22:50:17.292+0000] {processor.py:840} INFO - DAG(s) 'example_branch_datetime_operator_3', 'example_branch_datetime_operator', 'example_branch_datetime_operator_2' retrieved from /home/airflow/.local/lib/python3.8/site-packages/airflow/example_dags/example_branch_datetime_operator.py
[2024-03-02T22:50:17.330+0000] {logging_mixin.py:188} INFO - [2024-03-02T22:50:17.330+0000] {dag.py:3036} INFO - Sync 3 DAGs
[2024-03-02T22:50:17.372+0000] {logging_mixin.py:188} INFO - [2024-03-02T22:50:17.372+0000] {dag.py:3823} INFO - Setting next_dagrun for example_branch_datetime_operator to 2024-03-01 00:00:00+00:00, run_after=2024-03-02 00:00:00+00:00
[2024-03-02T22:50:17.380+0000] {logging_mixin.py:188} INFO - [2024-03-02T22:50:17.380+0000] {dag.py:3823} INFO - Setting next_dagrun for example_branch_datetime_operator_2 to 2024-03-01 00:00:00+00:00, run_after=2024-03-02 00:00:00+00:00
[2024-03-02T22:50:17.384+0000] {logging_mixin.py:188} INFO - [2024-03-02T22:50:17.384+0000] {dag.py:3823} INFO - Setting next_dagrun for example_branch_datetime_operator_3 to 2024-03-01 00:00:00+00:00, run_after=2024-03-02 00:00:00+00:00
[2024-03-02T22:50:17.407+0000] {processor.py:183} INFO - Processing /home/airflow/.local/lib/python3.8/site-packages/airflow/example_dags/example_branch_datetime_operator.py took 0.143 seconds
[2024-03-02T22:50:54.715+0000] {processor.py:161} INFO - Started process (PID=578) to work on /home/airflow/.local/lib/python3.8/site-packages/airflow/example_dags/example_branch_datetime_operator.py
[2024-03-02T22:50:54.716+0000] {processor.py:830} INFO - Processing file /home/airflow/.local/lib/python3.8/site-packages/airflow/example_dags/example_branch_datetime_operator.py for tasks to queue
[2024-03-02T22:50:54.718+0000] {logging_mixin.py:188} INFO - [2024-03-02T22:50:54.718+0000] {dagbag.py:538} INFO - Filling up the DagBag from /home/airflow/.local/lib/python3.8/site-packages/airflow/example_dags/example_branch_datetime_operator.py
[2024-03-02T22:50:54.729+0000] {processor.py:840} INFO - DAG(s) 'example_branch_datetime_operator_2', 'example_branch_datetime_operator_3', 'example_branch_datetime_operator' retrieved from /home/airflow/.local/lib/python3.8/site-packages/airflow/example_dags/example_branch_datetime_operator.py
[2024-03-02T22:50:54.764+0000] {logging_mixin.py:188} INFO - [2024-03-02T22:50:54.764+0000] {dag.py:3036} INFO - Sync 3 DAGs
[2024-03-02T22:50:54.790+0000] {logging_mixin.py:188} INFO - [2024-03-02T22:50:54.790+0000] {dag.py:3823} INFO - Setting next_dagrun for example_branch_datetime_operator to 2024-03-01 00:00:00+00:00, run_after=2024-03-02 00:00:00+00:00
[2024-03-02T22:50:54.796+0000] {logging_mixin.py:188} INFO - [2024-03-02T22:50:54.796+0000] {dag.py:3823} INFO - Setting next_dagrun for example_branch_datetime_operator_2 to 2024-03-01 00:00:00+00:00, run_after=2024-03-02 00:00:00+00:00
[2024-03-02T22:50:54.799+0000] {logging_mixin.py:188} INFO - [2024-03-02T22:50:54.799+0000] {dag.py:3823} INFO - Setting next_dagrun for example_branch_datetime_operator_3 to 2024-03-01 00:00:00+00:00, run_after=2024-03-02 00:00:00+00:00
[2024-03-02T22:50:54.956+0000] {processor.py:183} INFO - Processing /home/airflow/.local/lib/python3.8/site-packages/airflow/example_dags/example_branch_datetime_operator.py took 0.244 seconds
[2024-03-02T22:51:25.298+0000] {processor.py:161} INFO - Started process (PID=634) to work on /home/airflow/.local/lib/python3.8/site-packages/airflow/example_dags/example_branch_datetime_operator.py
[2024-03-02T22:51:25.299+0000] {processor.py:830} INFO - Processing file /home/airflow/.local/lib/python3.8/site-packages/airflow/example_dags/example_branch_datetime_operator.py for tasks to queue
[2024-03-02T22:51:25.301+0000] {logging_mixin.py:188} INFO - [2024-03-02T22:51:25.300+0000] {dagbag.py:538} INFO - Filling up the DagBag from /home/airflow/.local/lib/python3.8/site-packages/airflow/example_dags/example_branch_datetime_operator.py
[2024-03-02T22:51:25.310+0000] {processor.py:840} INFO - DAG(s) 'example_branch_datetime_operator', 'example_branch_datetime_operator_3', 'example_branch_datetime_operator_2' retrieved from /home/airflow/.local/lib/python3.8/site-packages/airflow/example_dags/example_branch_datetime_operator.py
[2024-03-02T22:51:25.337+0000] {logging_mixin.py:188} INFO - [2024-03-02T22:51:25.337+0000] {dag.py:3036} INFO - Sync 3 DAGs
[2024-03-02T22:51:25.360+0000] {logging_mixin.py:188} INFO - [2024-03-02T22:51:25.360+0000] {dag.py:3823} INFO - Setting next_dagrun for example_branch_datetime_operator to 2024-03-01 00:00:00+00:00, run_after=2024-03-02 00:00:00+00:00
[2024-03-02T22:51:25.365+0000] {logging_mixin.py:188} INFO - [2024-03-02T22:51:25.365+0000] {dag.py:3823} INFO - Setting next_dagrun for example_branch_datetime_operator_2 to 2024-03-01 00:00:00+00:00, run_after=2024-03-02 00:00:00+00:00
[2024-03-02T22:51:25.368+0000] {logging_mixin.py:188} INFO - [2024-03-02T22:51:25.368+0000] {dag.py:3823} INFO - Setting next_dagrun for example_branch_datetime_operator_3 to 2024-03-01 00:00:00+00:00, run_after=2024-03-02 00:00:00+00:00
[2024-03-02T22:51:25.385+0000] {processor.py:183} INFO - Processing /home/airflow/.local/lib/python3.8/site-packages/airflow/example_dags/example_branch_datetime_operator.py took 0.091 seconds
[2024-03-02T22:52:14.978+0000] {processor.py:161} INFO - Started process (PID=705) to work on /home/airflow/.local/lib/python3.8/site-packages/airflow/example_dags/example_branch_datetime_operator.py
[2024-03-02T22:52:14.980+0000] {processor.py:830} INFO - Processing file /home/airflow/.local/lib/python3.8/site-packages/airflow/example_dags/example_branch_datetime_operator.py for tasks to queue
[2024-03-02T22:52:14.982+0000] {logging_mixin.py:188} INFO - [2024-03-02T22:52:14.982+0000] {dagbag.py:538} INFO - Filling up the DagBag from /home/airflow/.local/lib/python3.8/site-packages/airflow/example_dags/example_branch_datetime_operator.py
[2024-03-02T22:52:14.998+0000] {processor.py:840} INFO - DAG(s) 'example_branch_datetime_operator_3', 'example_branch_datetime_operator_2', 'example_branch_datetime_operator' retrieved from /home/airflow/.local/lib/python3.8/site-packages/airflow/example_dags/example_branch_datetime_operator.py
[2024-03-02T22:52:15.036+0000] {logging_mixin.py:188} INFO - [2024-03-02T22:52:15.036+0000] {dag.py:3036} INFO - Sync 3 DAGs
[2024-03-02T22:52:15.075+0000] {logging_mixin.py:188} INFO - [2024-03-02T22:52:15.074+0000] {dag.py:3823} INFO - Setting next_dagrun for example_branch_datetime_operator to 2024-03-01 00:00:00+00:00, run_after=2024-03-02 00:00:00+00:00
[2024-03-02T22:52:15.081+0000] {logging_mixin.py:188} INFO - [2024-03-02T22:52:15.080+0000] {dag.py:3823} INFO - Setting next_dagrun for example_branch_datetime_operator_2 to 2024-03-01 00:00:00+00:00, run_after=2024-03-02 00:00:00+00:00
[2024-03-02T22:52:15.084+0000] {logging_mixin.py:188} INFO - [2024-03-02T22:52:15.084+0000] {dag.py:3823} INFO - Setting next_dagrun for example_branch_datetime_operator_3 to 2024-03-01 00:00:00+00:00, run_after=2024-03-02 00:00:00+00:00
[2024-03-02T22:52:15.128+0000] {processor.py:183} INFO - Processing /home/airflow/.local/lib/python3.8/site-packages/airflow/example_dags/example_branch_datetime_operator.py took 0.154 seconds
[2024-03-02T22:52:45.358+0000] {processor.py:161} INFO - Started process (PID=761) to work on /home/airflow/.local/lib/python3.8/site-packages/airflow/example_dags/example_branch_datetime_operator.py
[2024-03-02T22:52:45.359+0000] {processor.py:830} INFO - Processing file /home/airflow/.local/lib/python3.8/site-packages/airflow/example_dags/example_branch_datetime_operator.py for tasks to queue
[2024-03-02T22:52:45.361+0000] {logging_mixin.py:188} INFO - [2024-03-02T22:52:45.361+0000] {dagbag.py:538} INFO - Filling up the DagBag from /home/airflow/.local/lib/python3.8/site-packages/airflow/example_dags/example_branch_datetime_operator.py
[2024-03-02T22:52:45.372+0000] {processor.py:840} INFO - DAG(s) 'example_branch_datetime_operator', 'example_branch_datetime_operator_3', 'example_branch_datetime_operator_2' retrieved from /home/airflow/.local/lib/python3.8/site-packages/airflow/example_dags/example_branch_datetime_operator.py
[2024-03-02T22:52:45.423+0000] {logging_mixin.py:188} INFO - [2024-03-02T22:52:45.422+0000] {dag.py:3036} INFO - Sync 3 DAGs
[2024-03-02T22:52:45.452+0000] {logging_mixin.py:188} INFO - [2024-03-02T22:52:45.452+0000] {dag.py:3823} INFO - Setting next_dagrun for example_branch_datetime_operator to 2024-03-01 00:00:00+00:00, run_after=2024-03-02 00:00:00+00:00
[2024-03-02T22:52:45.458+0000] {logging_mixin.py:188} INFO - [2024-03-02T22:52:45.458+0000] {dag.py:3823} INFO - Setting next_dagrun for example_branch_datetime_operator_2 to 2024-03-01 00:00:00+00:00, run_after=2024-03-02 00:00:00+00:00
[2024-03-02T22:52:45.462+0000] {logging_mixin.py:188} INFO - [2024-03-02T22:52:45.462+0000] {dag.py:3823} INFO - Setting next_dagrun for example_branch_datetime_operator_3 to 2024-03-01 00:00:00+00:00, run_after=2024-03-02 00:00:00+00:00
[2024-03-02T22:52:45.481+0000] {processor.py:183} INFO - Processing /home/airflow/.local/lib/python3.8/site-packages/airflow/example_dags/example_branch_datetime_operator.py took 0.127 seconds
[2024-03-02T22:53:16.571+0000] {processor.py:161} INFO - Started process (PID=817) to work on /home/airflow/.local/lib/python3.8/site-packages/airflow/example_dags/example_branch_datetime_operator.py
[2024-03-02T22:53:16.583+0000] {processor.py:830} INFO - Processing file /home/airflow/.local/lib/python3.8/site-packages/airflow/example_dags/example_branch_datetime_operator.py for tasks to queue
[2024-03-02T22:53:16.585+0000] {logging_mixin.py:188} INFO - [2024-03-02T22:53:16.585+0000] {dagbag.py:538} INFO - Filling up the DagBag from /home/airflow/.local/lib/python3.8/site-packages/airflow/example_dags/example_branch_datetime_operator.py
[2024-03-02T22:53:16.595+0000] {processor.py:840} INFO - DAG(s) 'example_branch_datetime_operator_2', 'example_branch_datetime_operator_3', 'example_branch_datetime_operator' retrieved from /home/airflow/.local/lib/python3.8/site-packages/airflow/example_dags/example_branch_datetime_operator.py
[2024-03-02T22:53:16.623+0000] {logging_mixin.py:188} INFO - [2024-03-02T22:53:16.623+0000] {dag.py:3036} INFO - Sync 3 DAGs
[2024-03-02T22:53:16.648+0000] {logging_mixin.py:188} INFO - [2024-03-02T22:53:16.647+0000] {dag.py:3823} INFO - Setting next_dagrun for example_branch_datetime_operator to 2024-03-01 00:00:00+00:00, run_after=2024-03-02 00:00:00+00:00
[2024-03-02T22:53:16.654+0000] {logging_mixin.py:188} INFO - [2024-03-02T22:53:16.654+0000] {dag.py:3823} INFO - Setting next_dagrun for example_branch_datetime_operator_2 to 2024-03-01 00:00:00+00:00, run_after=2024-03-02 00:00:00+00:00
[2024-03-02T22:53:16.658+0000] {logging_mixin.py:188} INFO - [2024-03-02T22:53:16.657+0000] {dag.py:3823} INFO - Setting next_dagrun for example_branch_datetime_operator_3 to 2024-03-01 00:00:00+00:00, run_after=2024-03-02 00:00:00+00:00
[2024-03-02T22:53:16.680+0000] {processor.py:183} INFO - Processing /home/airflow/.local/lib/python3.8/site-packages/airflow/example_dags/example_branch_datetime_operator.py took 0.113 seconds
[2024-03-02T22:56:42.835+0000] {processor.py:161} INFO - Started process (PID=884) to work on /home/airflow/.local/lib/python3.8/site-packages/airflow/example_dags/example_branch_datetime_operator.py
[2024-03-02T22:56:42.859+0000] {processor.py:830} INFO - Processing file /home/airflow/.local/lib/python3.8/site-packages/airflow/example_dags/example_branch_datetime_operator.py for tasks to queue
[2024-03-02T22:56:42.903+0000] {logging_mixin.py:188} INFO - [2024-03-02T22:56:42.902+0000] {dagbag.py:538} INFO - Filling up the DagBag from /home/airflow/.local/lib/python3.8/site-packages/airflow/example_dags/example_branch_datetime_operator.py
[2024-03-02T22:56:43.954+0000] {processor.py:840} INFO - DAG(s) 'example_branch_datetime_operator', 'example_branch_datetime_operator_3', 'example_branch_datetime_operator_2' retrieved from /home/airflow/.local/lib/python3.8/site-packages/airflow/example_dags/example_branch_datetime_operator.py
[2024-03-02T22:56:44.553+0000] {logging_mixin.py:188} INFO - [2024-03-02T22:56:44.553+0000] {dag.py:3036} INFO - Sync 3 DAGs
[2024-03-02T22:56:46.025+0000] {logging_mixin.py:188} INFO - [2024-03-02T22:56:46.025+0000] {dag.py:3823} INFO - Setting next_dagrun for example_branch_datetime_operator to 2024-03-01 00:00:00+00:00, run_after=2024-03-02 00:00:00+00:00
[2024-03-02T22:56:46.778+0000] {logging_mixin.py:188} INFO - [2024-03-02T22:56:46.776+0000] {dag.py:3823} INFO - Setting next_dagrun for example_branch_datetime_operator_2 to 2024-03-01 00:00:00+00:00, run_after=2024-03-02 00:00:00+00:00
[2024-03-02T22:56:46.797+0000] {logging_mixin.py:188} INFO - [2024-03-02T22:56:46.796+0000] {dag.py:3823} INFO - Setting next_dagrun for example_branch_datetime_operator_3 to 2024-03-01 00:00:00+00:00, run_after=2024-03-02 00:00:00+00:00
[2024-03-02T22:56:49.891+0000] {processor.py:183} INFO - Processing /home/airflow/.local/lib/python3.8/site-packages/airflow/example_dags/example_branch_datetime_operator.py took 7.059 seconds
[2024-03-02T22:57:57.140+0000] {processor.py:161} INFO - Started process (PID=946) to work on /home/airflow/.local/lib/python3.8/site-packages/airflow/example_dags/example_branch_datetime_operator.py
[2024-03-02T22:57:57.143+0000] {processor.py:830} INFO - Processing file /home/airflow/.local/lib/python3.8/site-packages/airflow/example_dags/example_branch_datetime_operator.py for tasks to queue
[2024-03-02T22:57:57.146+0000] {logging_mixin.py:188} INFO - [2024-03-02T22:57:57.145+0000] {dagbag.py:538} INFO - Filling up the DagBag from /home/airflow/.local/lib/python3.8/site-packages/airflow/example_dags/example_branch_datetime_operator.py
[2024-03-02T22:57:57.173+0000] {processor.py:840} INFO - DAG(s) 'example_branch_datetime_operator_3', 'example_branch_datetime_operator_2', 'example_branch_datetime_operator' retrieved from /home/airflow/.local/lib/python3.8/site-packages/airflow/example_dags/example_branch_datetime_operator.py
[2024-03-02T22:57:57.243+0000] {logging_mixin.py:188} INFO - [2024-03-02T22:57:57.242+0000] {dag.py:3036} INFO - Sync 3 DAGs
[2024-03-02T22:57:57.303+0000] {logging_mixin.py:188} INFO - [2024-03-02T22:57:57.302+0000] {dag.py:3823} INFO - Setting next_dagrun for example_branch_datetime_operator to 2024-03-01 00:00:00+00:00, run_after=2024-03-02 00:00:00+00:00
[2024-03-02T22:57:57.319+0000] {logging_mixin.py:188} INFO - [2024-03-02T22:57:57.318+0000] {dag.py:3823} INFO - Setting next_dagrun for example_branch_datetime_operator_2 to 2024-03-01 00:00:00+00:00, run_after=2024-03-02 00:00:00+00:00
[2024-03-02T22:57:57.329+0000] {logging_mixin.py:188} INFO - [2024-03-02T22:57:57.329+0000] {dag.py:3823} INFO - Setting next_dagrun for example_branch_datetime_operator_3 to 2024-03-01 00:00:00+00:00, run_after=2024-03-02 00:00:00+00:00
[2024-03-02T22:57:57.360+0000] {processor.py:183} INFO - Processing /home/airflow/.local/lib/python3.8/site-packages/airflow/example_dags/example_branch_datetime_operator.py took 0.227 seconds
