[2024-03-02T22:46:16.745+0000] {processor.py:161} INFO - Started process (PID=86) to work on /home/airflow/.local/lib/python3.8/site-packages/airflow/example_dags/example_sla_dag.py
[2024-03-02T22:46:16.747+0000] {processor.py:830} INFO - Processing file /home/airflow/.local/lib/python3.8/site-packages/airflow/example_dags/example_sla_dag.py for tasks to queue
[2024-03-02T22:46:16.750+0000] {logging_mixin.py:188} INFO - [2024-03-02T22:46:16.750+0000] {dagbag.py:538} INFO - Filling up the DagBag from /home/airflow/.local/lib/python3.8/site-packages/airflow/example_dags/example_sla_dag.py
[2024-03-02T22:46:16.929+0000] {processor.py:840} INFO - DAG(s) 'example_sla_dag' retrieved from /home/airflow/.local/lib/python3.8/site-packages/airflow/example_dags/example_sla_dag.py
[2024-03-02T22:46:17.154+0000] {logging_mixin.py:188} INFO - [2024-03-02T22:46:17.153+0000] {dag.py:3036} INFO - Sync 1 DAGs
[2024-03-02T22:46:17.199+0000] {logging_mixin.py:188} INFO - [2024-03-02T22:46:17.199+0000] {dag.py:3823} INFO - Setting next_dagrun for example_sla_dag to 2024-03-02 22:44:00+00:00, run_after=2024-03-02 22:46:00+00:00
[2024-03-02T22:46:17.235+0000] {processor.py:183} INFO - Processing /home/airflow/.local/lib/python3.8/site-packages/airflow/example_dags/example_sla_dag.py took 0.495 seconds
[2024-03-02T22:46:47.544+0000] {processor.py:161} INFO - Started process (PID=142) to work on /home/airflow/.local/lib/python3.8/site-packages/airflow/example_dags/example_sla_dag.py
[2024-03-02T22:46:47.545+0000] {processor.py:830} INFO - Processing file /home/airflow/.local/lib/python3.8/site-packages/airflow/example_dags/example_sla_dag.py for tasks to queue
[2024-03-02T22:46:47.547+0000] {logging_mixin.py:188} INFO - [2024-03-02T22:46:47.547+0000] {dagbag.py:538} INFO - Filling up the DagBag from /home/airflow/.local/lib/python3.8/site-packages/airflow/example_dags/example_sla_dag.py
[2024-03-02T22:46:47.555+0000] {processor.py:840} INFO - DAG(s) 'example_sla_dag' retrieved from /home/airflow/.local/lib/python3.8/site-packages/airflow/example_dags/example_sla_dag.py
[2024-03-02T22:46:47.575+0000] {logging_mixin.py:188} INFO - [2024-03-02T22:46:47.574+0000] {dag.py:3036} INFO - Sync 1 DAGs
[2024-03-02T22:46:47.600+0000] {logging_mixin.py:188} INFO - [2024-03-02T22:46:47.600+0000] {dag.py:3823} INFO - Setting next_dagrun for example_sla_dag to 2024-03-02 22:44:00+00:00, run_after=2024-03-02 22:46:00+00:00
[2024-03-02T22:46:47.621+0000] {processor.py:183} INFO - Processing /home/airflow/.local/lib/python3.8/site-packages/airflow/example_dags/example_sla_dag.py took 0.080 seconds
[2024-03-02T22:47:18.512+0000] {processor.py:161} INFO - Started process (PID=198) to work on /home/airflow/.local/lib/python3.8/site-packages/airflow/example_dags/example_sla_dag.py
[2024-03-02T22:47:18.513+0000] {processor.py:830} INFO - Processing file /home/airflow/.local/lib/python3.8/site-packages/airflow/example_dags/example_sla_dag.py for tasks to queue
[2024-03-02T22:47:18.515+0000] {logging_mixin.py:188} INFO - [2024-03-02T22:47:18.515+0000] {dagbag.py:538} INFO - Filling up the DagBag from /home/airflow/.local/lib/python3.8/site-packages/airflow/example_dags/example_sla_dag.py
[2024-03-02T22:47:18.524+0000] {processor.py:840} INFO - DAG(s) 'example_sla_dag' retrieved from /home/airflow/.local/lib/python3.8/site-packages/airflow/example_dags/example_sla_dag.py
[2024-03-02T22:47:18.543+0000] {logging_mixin.py:188} INFO - [2024-03-02T22:47:18.543+0000] {dag.py:3036} INFO - Sync 1 DAGs
[2024-03-02T22:47:18.569+0000] {logging_mixin.py:188} INFO - [2024-03-02T22:47:18.569+0000] {dag.py:3823} INFO - Setting next_dagrun for example_sla_dag to 2024-03-02 22:44:00+00:00, run_after=2024-03-02 22:46:00+00:00
[2024-03-02T22:47:18.601+0000] {processor.py:183} INFO - Processing /home/airflow/.local/lib/python3.8/site-packages/airflow/example_dags/example_sla_dag.py took 0.092 seconds
[2024-03-02T22:47:48.842+0000] {processor.py:161} INFO - Started process (PID=254) to work on /home/airflow/.local/lib/python3.8/site-packages/airflow/example_dags/example_sla_dag.py
[2024-03-02T22:47:48.843+0000] {processor.py:830} INFO - Processing file /home/airflow/.local/lib/python3.8/site-packages/airflow/example_dags/example_sla_dag.py for tasks to queue
[2024-03-02T22:47:48.845+0000] {logging_mixin.py:188} INFO - [2024-03-02T22:47:48.844+0000] {dagbag.py:538} INFO - Filling up the DagBag from /home/airflow/.local/lib/python3.8/site-packages/airflow/example_dags/example_sla_dag.py
[2024-03-02T22:47:48.855+0000] {processor.py:840} INFO - DAG(s) 'example_sla_dag' retrieved from /home/airflow/.local/lib/python3.8/site-packages/airflow/example_dags/example_sla_dag.py
[2024-03-02T22:47:48.875+0000] {logging_mixin.py:188} INFO - [2024-03-02T22:47:48.875+0000] {dag.py:3036} INFO - Sync 1 DAGs
[2024-03-02T22:47:48.899+0000] {logging_mixin.py:188} INFO - [2024-03-02T22:47:48.898+0000] {dag.py:3823} INFO - Setting next_dagrun for example_sla_dag to 2024-03-02 22:44:00+00:00, run_after=2024-03-02 22:46:00+00:00
[2024-03-02T22:47:48.916+0000] {processor.py:183} INFO - Processing /home/airflow/.local/lib/python3.8/site-packages/airflow/example_dags/example_sla_dag.py took 0.078 seconds
[2024-03-02T22:48:19.170+0000] {processor.py:161} INFO - Started process (PID=310) to work on /home/airflow/.local/lib/python3.8/site-packages/airflow/example_dags/example_sla_dag.py
[2024-03-02T22:48:19.171+0000] {processor.py:830} INFO - Processing file /home/airflow/.local/lib/python3.8/site-packages/airflow/example_dags/example_sla_dag.py for tasks to queue
[2024-03-02T22:48:19.173+0000] {logging_mixin.py:188} INFO - [2024-03-02T22:48:19.173+0000] {dagbag.py:538} INFO - Filling up the DagBag from /home/airflow/.local/lib/python3.8/site-packages/airflow/example_dags/example_sla_dag.py
[2024-03-02T22:48:19.181+0000] {processor.py:840} INFO - DAG(s) 'example_sla_dag' retrieved from /home/airflow/.local/lib/python3.8/site-packages/airflow/example_dags/example_sla_dag.py
[2024-03-02T22:48:19.199+0000] {logging_mixin.py:188} INFO - [2024-03-02T22:48:19.199+0000] {dag.py:3036} INFO - Sync 1 DAGs
[2024-03-02T22:48:19.222+0000] {logging_mixin.py:188} INFO - [2024-03-02T22:48:19.222+0000] {dag.py:3823} INFO - Setting next_dagrun for example_sla_dag to 2024-03-02 22:46:00+00:00, run_after=2024-03-02 22:48:00+00:00
[2024-03-02T22:48:19.240+0000] {processor.py:183} INFO - Processing /home/airflow/.local/lib/python3.8/site-packages/airflow/example_dags/example_sla_dag.py took 0.073 seconds
[2024-03-02T22:48:49.589+0000] {processor.py:161} INFO - Started process (PID=366) to work on /home/airflow/.local/lib/python3.8/site-packages/airflow/example_dags/example_sla_dag.py
[2024-03-02T22:48:49.590+0000] {processor.py:830} INFO - Processing file /home/airflow/.local/lib/python3.8/site-packages/airflow/example_dags/example_sla_dag.py for tasks to queue
[2024-03-02T22:48:49.591+0000] {logging_mixin.py:188} INFO - [2024-03-02T22:48:49.591+0000] {dagbag.py:538} INFO - Filling up the DagBag from /home/airflow/.local/lib/python3.8/site-packages/airflow/example_dags/example_sla_dag.py
[2024-03-02T22:48:49.599+0000] {processor.py:840} INFO - DAG(s) 'example_sla_dag' retrieved from /home/airflow/.local/lib/python3.8/site-packages/airflow/example_dags/example_sla_dag.py
[2024-03-02T22:48:49.617+0000] {logging_mixin.py:188} INFO - [2024-03-02T22:48:49.617+0000] {dag.py:3036} INFO - Sync 1 DAGs
[2024-03-02T22:48:49.640+0000] {logging_mixin.py:188} INFO - [2024-03-02T22:48:49.640+0000] {dag.py:3823} INFO - Setting next_dagrun for example_sla_dag to 2024-03-02 22:46:00+00:00, run_after=2024-03-02 22:48:00+00:00
[2024-03-02T22:48:49.658+0000] {processor.py:183} INFO - Processing /home/airflow/.local/lib/python3.8/site-packages/airflow/example_dags/example_sla_dag.py took 0.072 seconds
[2024-03-02T22:49:20.135+0000] {processor.py:161} INFO - Started process (PID=422) to work on /home/airflow/.local/lib/python3.8/site-packages/airflow/example_dags/example_sla_dag.py
[2024-03-02T22:49:20.137+0000] {processor.py:830} INFO - Processing file /home/airflow/.local/lib/python3.8/site-packages/airflow/example_dags/example_sla_dag.py for tasks to queue
[2024-03-02T22:49:20.140+0000] {logging_mixin.py:188} INFO - [2024-03-02T22:49:20.140+0000] {dagbag.py:538} INFO - Filling up the DagBag from /home/airflow/.local/lib/python3.8/site-packages/airflow/example_dags/example_sla_dag.py
[2024-03-02T22:49:20.152+0000] {processor.py:840} INFO - DAG(s) 'example_sla_dag' retrieved from /home/airflow/.local/lib/python3.8/site-packages/airflow/example_dags/example_sla_dag.py
[2024-03-02T22:49:20.175+0000] {logging_mixin.py:188} INFO - [2024-03-02T22:49:20.175+0000] {dag.py:3036} INFO - Sync 1 DAGs
[2024-03-02T22:49:20.206+0000] {logging_mixin.py:188} INFO - [2024-03-02T22:49:20.205+0000] {dag.py:3823} INFO - Setting next_dagrun for example_sla_dag to 2024-03-02 22:46:00+00:00, run_after=2024-03-02 22:48:00+00:00
[2024-03-02T22:49:20.227+0000] {processor.py:183} INFO - Processing /home/airflow/.local/lib/python3.8/site-packages/airflow/example_dags/example_sla_dag.py took 0.095 seconds
[2024-03-02T22:49:50.746+0000] {processor.py:161} INFO - Started process (PID=478) to work on /home/airflow/.local/lib/python3.8/site-packages/airflow/example_dags/example_sla_dag.py
[2024-03-02T22:49:50.747+0000] {processor.py:830} INFO - Processing file /home/airflow/.local/lib/python3.8/site-packages/airflow/example_dags/example_sla_dag.py for tasks to queue
[2024-03-02T22:49:50.749+0000] {logging_mixin.py:188} INFO - [2024-03-02T22:49:50.748+0000] {dagbag.py:538} INFO - Filling up the DagBag from /home/airflow/.local/lib/python3.8/site-packages/airflow/example_dags/example_sla_dag.py
[2024-03-02T22:49:50.757+0000] {processor.py:840} INFO - DAG(s) 'example_sla_dag' retrieved from /home/airflow/.local/lib/python3.8/site-packages/airflow/example_dags/example_sla_dag.py
[2024-03-02T22:49:50.775+0000] {logging_mixin.py:188} INFO - [2024-03-02T22:49:50.774+0000] {dag.py:3036} INFO - Sync 1 DAGs
[2024-03-02T22:49:50.798+0000] {logging_mixin.py:188} INFO - [2024-03-02T22:49:50.798+0000] {dag.py:3823} INFO - Setting next_dagrun for example_sla_dag to 2024-03-02 22:46:00+00:00, run_after=2024-03-02 22:48:00+00:00
[2024-03-02T22:49:50.815+0000] {processor.py:183} INFO - Processing /home/airflow/.local/lib/python3.8/site-packages/airflow/example_dags/example_sla_dag.py took 0.072 seconds
[2024-03-02T22:50:21.159+0000] {processor.py:161} INFO - Started process (PID=534) to work on /home/airflow/.local/lib/python3.8/site-packages/airflow/example_dags/example_sla_dag.py
[2024-03-02T22:50:21.160+0000] {processor.py:830} INFO - Processing file /home/airflow/.local/lib/python3.8/site-packages/airflow/example_dags/example_sla_dag.py for tasks to queue
[2024-03-02T22:50:21.162+0000] {logging_mixin.py:188} INFO - [2024-03-02T22:50:21.161+0000] {dagbag.py:538} INFO - Filling up the DagBag from /home/airflow/.local/lib/python3.8/site-packages/airflow/example_dags/example_sla_dag.py
[2024-03-02T22:50:21.171+0000] {processor.py:840} INFO - DAG(s) 'example_sla_dag' retrieved from /home/airflow/.local/lib/python3.8/site-packages/airflow/example_dags/example_sla_dag.py
[2024-03-02T22:50:21.190+0000] {logging_mixin.py:188} INFO - [2024-03-02T22:50:21.190+0000] {dag.py:3036} INFO - Sync 1 DAGs
[2024-03-02T22:50:21.221+0000] {logging_mixin.py:188} INFO - [2024-03-02T22:50:21.221+0000] {dag.py:3823} INFO - Setting next_dagrun for example_sla_dag to 2024-03-02 22:48:00+00:00, run_after=2024-03-02 22:50:00+00:00
[2024-03-02T22:50:21.241+0000] {processor.py:183} INFO - Processing /home/airflow/.local/lib/python3.8/site-packages/airflow/example_dags/example_sla_dag.py took 0.086 seconds
[2024-03-02T22:50:56.676+0000] {processor.py:161} INFO - Started process (PID=590) to work on /home/airflow/.local/lib/python3.8/site-packages/airflow/example_dags/example_sla_dag.py
[2024-03-02T22:50:56.677+0000] {processor.py:830} INFO - Processing file /home/airflow/.local/lib/python3.8/site-packages/airflow/example_dags/example_sla_dag.py for tasks to queue
[2024-03-02T22:50:56.679+0000] {logging_mixin.py:188} INFO - [2024-03-02T22:50:56.679+0000] {dagbag.py:538} INFO - Filling up the DagBag from /home/airflow/.local/lib/python3.8/site-packages/airflow/example_dags/example_sla_dag.py
[2024-03-02T22:50:56.688+0000] {processor.py:840} INFO - DAG(s) 'example_sla_dag' retrieved from /home/airflow/.local/lib/python3.8/site-packages/airflow/example_dags/example_sla_dag.py
[2024-03-02T22:50:56.708+0000] {logging_mixin.py:188} INFO - [2024-03-02T22:50:56.708+0000] {dag.py:3036} INFO - Sync 1 DAGs
[2024-03-02T22:50:56.740+0000] {logging_mixin.py:188} INFO - [2024-03-02T22:50:56.740+0000] {dag.py:3823} INFO - Setting next_dagrun for example_sla_dag to 2024-03-02 22:48:00+00:00, run_after=2024-03-02 22:50:00+00:00
[2024-03-02T22:50:56.763+0000] {processor.py:183} INFO - Processing /home/airflow/.local/lib/python3.8/site-packages/airflow/example_dags/example_sla_dag.py took 0.091 seconds
[2024-03-02T22:51:27.783+0000] {processor.py:161} INFO - Started process (PID=646) to work on /home/airflow/.local/lib/python3.8/site-packages/airflow/example_dags/example_sla_dag.py
[2024-03-02T22:51:27.784+0000] {processor.py:830} INFO - Processing file /home/airflow/.local/lib/python3.8/site-packages/airflow/example_dags/example_sla_dag.py for tasks to queue
[2024-03-02T22:51:27.786+0000] {logging_mixin.py:188} INFO - [2024-03-02T22:51:27.786+0000] {dagbag.py:538} INFO - Filling up the DagBag from /home/airflow/.local/lib/python3.8/site-packages/airflow/example_dags/example_sla_dag.py
[2024-03-02T22:51:27.794+0000] {processor.py:840} INFO - DAG(s) 'example_sla_dag' retrieved from /home/airflow/.local/lib/python3.8/site-packages/airflow/example_dags/example_sla_dag.py
[2024-03-02T22:51:27.893+0000] {logging_mixin.py:188} INFO - [2024-03-02T22:51:27.892+0000] {dag.py:3036} INFO - Sync 1 DAGs
[2024-03-02T22:51:27.931+0000] {logging_mixin.py:188} INFO - [2024-03-02T22:51:27.930+0000] {dag.py:3823} INFO - Setting next_dagrun for example_sla_dag to 2024-03-02 22:48:00+00:00, run_after=2024-03-02 22:50:00+00:00
[2024-03-02T22:51:27.949+0000] {processor.py:183} INFO - Processing /home/airflow/.local/lib/python3.8/site-packages/airflow/example_dags/example_sla_dag.py took 0.169 seconds
[2024-03-02T22:52:16.301+0000] {processor.py:161} INFO - Started process (PID=717) to work on /home/airflow/.local/lib/python3.8/site-packages/airflow/example_dags/example_sla_dag.py
[2024-03-02T22:52:16.303+0000] {processor.py:830} INFO - Processing file /home/airflow/.local/lib/python3.8/site-packages/airflow/example_dags/example_sla_dag.py for tasks to queue
[2024-03-02T22:52:16.307+0000] {logging_mixin.py:188} INFO - [2024-03-02T22:52:16.306+0000] {dagbag.py:538} INFO - Filling up the DagBag from /home/airflow/.local/lib/python3.8/site-packages/airflow/example_dags/example_sla_dag.py
[2024-03-02T22:52:16.328+0000] {processor.py:840} INFO - DAG(s) 'example_sla_dag' retrieved from /home/airflow/.local/lib/python3.8/site-packages/airflow/example_dags/example_sla_dag.py
[2024-03-02T22:52:16.359+0000] {logging_mixin.py:188} INFO - [2024-03-02T22:52:16.358+0000] {dag.py:3036} INFO - Sync 1 DAGs
[2024-03-02T22:52:16.395+0000] {logging_mixin.py:188} INFO - [2024-03-02T22:52:16.395+0000] {dag.py:3823} INFO - Setting next_dagrun for example_sla_dag to 2024-03-02 22:50:00+00:00, run_after=2024-03-02 22:52:00+00:00
[2024-03-02T22:52:16.439+0000] {processor.py:183} INFO - Processing /home/airflow/.local/lib/python3.8/site-packages/airflow/example_dags/example_sla_dag.py took 0.142 seconds
[2024-03-02T22:52:47.253+0000] {processor.py:161} INFO - Started process (PID=773) to work on /home/airflow/.local/lib/python3.8/site-packages/airflow/example_dags/example_sla_dag.py
[2024-03-02T22:52:47.254+0000] {processor.py:830} INFO - Processing file /home/airflow/.local/lib/python3.8/site-packages/airflow/example_dags/example_sla_dag.py for tasks to queue
[2024-03-02T22:52:47.256+0000] {logging_mixin.py:188} INFO - [2024-03-02T22:52:47.256+0000] {dagbag.py:538} INFO - Filling up the DagBag from /home/airflow/.local/lib/python3.8/site-packages/airflow/example_dags/example_sla_dag.py
[2024-03-02T22:52:47.265+0000] {processor.py:840} INFO - DAG(s) 'example_sla_dag' retrieved from /home/airflow/.local/lib/python3.8/site-packages/airflow/example_dags/example_sla_dag.py
[2024-03-02T22:52:47.285+0000] {logging_mixin.py:188} INFO - [2024-03-02T22:52:47.285+0000] {dag.py:3036} INFO - Sync 1 DAGs
[2024-03-02T22:52:47.311+0000] {logging_mixin.py:188} INFO - [2024-03-02T22:52:47.311+0000] {dag.py:3823} INFO - Setting next_dagrun for example_sla_dag to 2024-03-02 22:50:00+00:00, run_after=2024-03-02 22:52:00+00:00
[2024-03-02T22:52:47.330+0000] {processor.py:183} INFO - Processing /home/airflow/.local/lib/python3.8/site-packages/airflow/example_dags/example_sla_dag.py took 0.081 seconds
[2024-03-02T22:53:17.709+0000] {processor.py:161} INFO - Started process (PID=829) to work on /home/airflow/.local/lib/python3.8/site-packages/airflow/example_dags/example_sla_dag.py
[2024-03-02T22:53:17.716+0000] {processor.py:830} INFO - Processing file /home/airflow/.local/lib/python3.8/site-packages/airflow/example_dags/example_sla_dag.py for tasks to queue
[2024-03-02T22:53:17.718+0000] {logging_mixin.py:188} INFO - [2024-03-02T22:53:17.718+0000] {dagbag.py:538} INFO - Filling up the DagBag from /home/airflow/.local/lib/python3.8/site-packages/airflow/example_dags/example_sla_dag.py
[2024-03-02T22:53:17.726+0000] {processor.py:840} INFO - DAG(s) 'example_sla_dag' retrieved from /home/airflow/.local/lib/python3.8/site-packages/airflow/example_dags/example_sla_dag.py
[2024-03-02T22:53:17.743+0000] {logging_mixin.py:188} INFO - [2024-03-02T22:53:17.743+0000] {dag.py:3036} INFO - Sync 1 DAGs
[2024-03-02T22:53:17.765+0000] {logging_mixin.py:188} INFO - [2024-03-02T22:53:17.765+0000] {dag.py:3823} INFO - Setting next_dagrun for example_sla_dag to 2024-03-02 22:50:00+00:00, run_after=2024-03-02 22:52:00+00:00
[2024-03-02T22:53:17.781+0000] {processor.py:183} INFO - Processing /home/airflow/.local/lib/python3.8/site-packages/airflow/example_dags/example_sla_dag.py took 0.076 seconds
[2024-03-02T22:57:33.279+0000] {processor.py:161} INFO - Started process (PID=896) to work on /home/airflow/.local/lib/python3.8/site-packages/airflow/example_dags/example_sla_dag.py
[2024-03-02T22:57:33.447+0000] {processor.py:830} INFO - Processing file /home/airflow/.local/lib/python3.8/site-packages/airflow/example_dags/example_sla_dag.py for tasks to queue
[2024-03-02T22:57:33.448+0000] {logging_mixin.py:188} INFO - [2024-03-02T22:57:33.448+0000] {dagbag.py:538} INFO - Filling up the DagBag from /home/airflow/.local/lib/python3.8/site-packages/airflow/example_dags/example_sla_dag.py
[2024-03-02T22:57:33.481+0000] {processor.py:840} INFO - DAG(s) 'example_sla_dag' retrieved from /home/airflow/.local/lib/python3.8/site-packages/airflow/example_dags/example_sla_dag.py
[2024-03-02T22:57:34.200+0000] {logging_mixin.py:188} INFO - [2024-03-02T22:57:34.200+0000] {dag.py:3036} INFO - Sync 1 DAGs
[2024-03-02T22:57:34.734+0000] {logging_mixin.py:188} INFO - [2024-03-02T22:57:34.734+0000] {dag.py:3823} INFO - Setting next_dagrun for example_sla_dag to 2024-03-02 22:54:00+00:00, run_after=2024-03-02 22:56:00+00:00
[2024-03-02T22:57:35.561+0000] {processor.py:183} INFO - Processing /home/airflow/.local/lib/python3.8/site-packages/airflow/example_dags/example_sla_dag.py took 2.286 seconds
[2024-03-02T22:58:06.562+0000] {processor.py:161} INFO - Started process (PID=958) to work on /home/airflow/.local/lib/python3.8/site-packages/airflow/example_dags/example_sla_dag.py
[2024-03-02T22:58:06.563+0000] {processor.py:830} INFO - Processing file /home/airflow/.local/lib/python3.8/site-packages/airflow/example_dags/example_sla_dag.py for tasks to queue
[2024-03-02T22:58:06.565+0000] {logging_mixin.py:188} INFO - [2024-03-02T22:58:06.564+0000] {dagbag.py:538} INFO - Filling up the DagBag from /home/airflow/.local/lib/python3.8/site-packages/airflow/example_dags/example_sla_dag.py
[2024-03-02T22:58:06.577+0000] {processor.py:840} INFO - DAG(s) 'example_sla_dag' retrieved from /home/airflow/.local/lib/python3.8/site-packages/airflow/example_dags/example_sla_dag.py
[2024-03-02T22:58:06.599+0000] {logging_mixin.py:188} INFO - [2024-03-02T22:58:06.599+0000] {dag.py:3036} INFO - Sync 1 DAGs
[2024-03-02T22:58:06.627+0000] {logging_mixin.py:188} INFO - [2024-03-02T22:58:06.626+0000] {dag.py:3823} INFO - Setting next_dagrun for example_sla_dag to 2024-03-02 22:56:00+00:00, run_after=2024-03-02 22:58:00+00:00
[2024-03-02T22:58:06.646+0000] {processor.py:183} INFO - Processing /home/airflow/.local/lib/python3.8/site-packages/airflow/example_dags/example_sla_dag.py took 0.089 seconds
