[2024-03-02T22:45:49.344+0000] {processor.py:161} INFO - Started process (PID=54) to work on /home/airflow/.local/lib/python3.8/site-packages/airflow/example_dags/example_setup_teardown.py
[2024-03-02T22:45:49.408+0000] {processor.py:830} INFO - Processing file /home/airflow/.local/lib/python3.8/site-packages/airflow/example_dags/example_setup_teardown.py for tasks to queue
[2024-03-02T22:45:49.457+0000] {logging_mixin.py:188} INFO - [2024-03-02T22:45:49.457+0000] {dagbag.py:538} INFO - Filling up the DagBag from /home/airflow/.local/lib/python3.8/site-packages/airflow/example_dags/example_setup_teardown.py
[2024-03-02T22:45:49.701+0000] {processor.py:840} INFO - DAG(s) 'example_setup_teardown' retrieved from /home/airflow/.local/lib/python3.8/site-packages/airflow/example_dags/example_setup_teardown.py
[2024-03-02T22:45:50.100+0000] {logging_mixin.py:188} INFO - [2024-03-02T22:45:50.100+0000] {dag.py:3036} INFO - Sync 1 DAGs
[2024-03-02T22:45:50.538+0000] {logging_mixin.py:188} INFO - [2024-03-02T22:45:50.537+0000] {dag.py:3823} INFO - Setting next_dagrun for example_setup_teardown to 2024-03-01 00:00:00+00:00, run_after=2024-03-02 00:00:00+00:00
[2024-03-02T22:45:50.753+0000] {processor.py:183} INFO - Processing /home/airflow/.local/lib/python3.8/site-packages/airflow/example_dags/example_setup_teardown.py took 1.447 seconds
[2024-03-02T22:46:22.591+0000] {processor.py:161} INFO - Started process (PID=110) to work on /home/airflow/.local/lib/python3.8/site-packages/airflow/example_dags/example_setup_teardown.py
[2024-03-02T22:46:22.599+0000] {processor.py:830} INFO - Processing file /home/airflow/.local/lib/python3.8/site-packages/airflow/example_dags/example_setup_teardown.py for tasks to queue
[2024-03-02T22:46:22.602+0000] {logging_mixin.py:188} INFO - [2024-03-02T22:46:22.601+0000] {dagbag.py:538} INFO - Filling up the DagBag from /home/airflow/.local/lib/python3.8/site-packages/airflow/example_dags/example_setup_teardown.py
[2024-03-02T22:46:22.612+0000] {processor.py:840} INFO - DAG(s) 'example_setup_teardown' retrieved from /home/airflow/.local/lib/python3.8/site-packages/airflow/example_dags/example_setup_teardown.py
[2024-03-02T22:46:22.634+0000] {logging_mixin.py:188} INFO - [2024-03-02T22:46:22.634+0000] {dag.py:3036} INFO - Sync 1 DAGs
[2024-03-02T22:46:22.660+0000] {logging_mixin.py:188} INFO - [2024-03-02T22:46:22.659+0000] {dag.py:3823} INFO - Setting next_dagrun for example_setup_teardown to 2024-03-01 00:00:00+00:00, run_after=2024-03-02 00:00:00+00:00
[2024-03-02T22:46:22.682+0000] {processor.py:183} INFO - Processing /home/airflow/.local/lib/python3.8/site-packages/airflow/example_dags/example_setup_teardown.py took 0.094 seconds
[2024-03-02T22:46:52.992+0000] {processor.py:161} INFO - Started process (PID=164) to work on /home/airflow/.local/lib/python3.8/site-packages/airflow/example_dags/example_setup_teardown.py
[2024-03-02T22:46:52.993+0000] {processor.py:830} INFO - Processing file /home/airflow/.local/lib/python3.8/site-packages/airflow/example_dags/example_setup_teardown.py for tasks to queue
[2024-03-02T22:46:52.995+0000] {logging_mixin.py:188} INFO - [2024-03-02T22:46:52.995+0000] {dagbag.py:538} INFO - Filling up the DagBag from /home/airflow/.local/lib/python3.8/site-packages/airflow/example_dags/example_setup_teardown.py
[2024-03-02T22:46:53.003+0000] {processor.py:840} INFO - DAG(s) 'example_setup_teardown' retrieved from /home/airflow/.local/lib/python3.8/site-packages/airflow/example_dags/example_setup_teardown.py
[2024-03-02T22:46:53.031+0000] {logging_mixin.py:188} INFO - [2024-03-02T22:46:53.031+0000] {dag.py:3036} INFO - Sync 1 DAGs
[2024-03-02T22:46:53.054+0000] {logging_mixin.py:188} INFO - [2024-03-02T22:46:53.054+0000] {dag.py:3823} INFO - Setting next_dagrun for example_setup_teardown to 2024-03-01 00:00:00+00:00, run_after=2024-03-02 00:00:00+00:00
[2024-03-02T22:46:53.073+0000] {processor.py:183} INFO - Processing /home/airflow/.local/lib/python3.8/site-packages/airflow/example_dags/example_setup_teardown.py took 0.085 seconds
[2024-03-02T22:47:23.771+0000] {processor.py:161} INFO - Started process (PID=220) to work on /home/airflow/.local/lib/python3.8/site-packages/airflow/example_dags/example_setup_teardown.py
[2024-03-02T22:47:23.772+0000] {processor.py:830} INFO - Processing file /home/airflow/.local/lib/python3.8/site-packages/airflow/example_dags/example_setup_teardown.py for tasks to queue
[2024-03-02T22:47:23.776+0000] {logging_mixin.py:188} INFO - [2024-03-02T22:47:23.775+0000] {dagbag.py:538} INFO - Filling up the DagBag from /home/airflow/.local/lib/python3.8/site-packages/airflow/example_dags/example_setup_teardown.py
[2024-03-02T22:47:23.786+0000] {processor.py:840} INFO - DAG(s) 'example_setup_teardown' retrieved from /home/airflow/.local/lib/python3.8/site-packages/airflow/example_dags/example_setup_teardown.py
[2024-03-02T22:47:23.812+0000] {logging_mixin.py:188} INFO - [2024-03-02T22:47:23.811+0000] {dag.py:3036} INFO - Sync 1 DAGs
[2024-03-02T22:47:23.842+0000] {logging_mixin.py:188} INFO - [2024-03-02T22:47:23.842+0000] {dag.py:3823} INFO - Setting next_dagrun for example_setup_teardown to 2024-03-01 00:00:00+00:00, run_after=2024-03-02 00:00:00+00:00
[2024-03-02T22:47:23.876+0000] {processor.py:183} INFO - Processing /home/airflow/.local/lib/python3.8/site-packages/airflow/example_dags/example_setup_teardown.py took 0.112 seconds
[2024-03-02T22:47:55.260+0000] {processor.py:161} INFO - Started process (PID=276) to work on /home/airflow/.local/lib/python3.8/site-packages/airflow/example_dags/example_setup_teardown.py
[2024-03-02T22:47:55.261+0000] {processor.py:830} INFO - Processing file /home/airflow/.local/lib/python3.8/site-packages/airflow/example_dags/example_setup_teardown.py for tasks to queue
[2024-03-02T22:47:55.262+0000] {logging_mixin.py:188} INFO - [2024-03-02T22:47:55.262+0000] {dagbag.py:538} INFO - Filling up the DagBag from /home/airflow/.local/lib/python3.8/site-packages/airflow/example_dags/example_setup_teardown.py
[2024-03-02T22:47:55.269+0000] {processor.py:840} INFO - DAG(s) 'example_setup_teardown' retrieved from /home/airflow/.local/lib/python3.8/site-packages/airflow/example_dags/example_setup_teardown.py
[2024-03-02T22:47:55.287+0000] {logging_mixin.py:188} INFO - [2024-03-02T22:47:55.287+0000] {dag.py:3036} INFO - Sync 1 DAGs
[2024-03-02T22:47:55.311+0000] {logging_mixin.py:188} INFO - [2024-03-02T22:47:55.311+0000] {dag.py:3823} INFO - Setting next_dagrun for example_setup_teardown to 2024-03-01 00:00:00+00:00, run_after=2024-03-02 00:00:00+00:00
[2024-03-02T22:47:55.335+0000] {processor.py:183} INFO - Processing /home/airflow/.local/lib/python3.8/site-packages/airflow/example_dags/example_setup_teardown.py took 0.078 seconds
[2024-03-02T22:48:25.896+0000] {processor.py:161} INFO - Started process (PID=332) to work on /home/airflow/.local/lib/python3.8/site-packages/airflow/example_dags/example_setup_teardown.py
[2024-03-02T22:48:25.897+0000] {processor.py:830} INFO - Processing file /home/airflow/.local/lib/python3.8/site-packages/airflow/example_dags/example_setup_teardown.py for tasks to queue
[2024-03-02T22:48:25.899+0000] {logging_mixin.py:188} INFO - [2024-03-02T22:48:25.898+0000] {dagbag.py:538} INFO - Filling up the DagBag from /home/airflow/.local/lib/python3.8/site-packages/airflow/example_dags/example_setup_teardown.py
[2024-03-02T22:48:25.906+0000] {processor.py:840} INFO - DAG(s) 'example_setup_teardown' retrieved from /home/airflow/.local/lib/python3.8/site-packages/airflow/example_dags/example_setup_teardown.py
[2024-03-02T22:48:25.926+0000] {logging_mixin.py:188} INFO - [2024-03-02T22:48:25.926+0000] {dag.py:3036} INFO - Sync 1 DAGs
[2024-03-02T22:48:25.949+0000] {logging_mixin.py:188} INFO - [2024-03-02T22:48:25.949+0000] {dag.py:3823} INFO - Setting next_dagrun for example_setup_teardown to 2024-03-01 00:00:00+00:00, run_after=2024-03-02 00:00:00+00:00
[2024-03-02T22:48:25.968+0000] {processor.py:183} INFO - Processing /home/airflow/.local/lib/python3.8/site-packages/airflow/example_dags/example_setup_teardown.py took 0.076 seconds
[2024-03-02T22:48:56.032+0000] {processor.py:161} INFO - Started process (PID=388) to work on /home/airflow/.local/lib/python3.8/site-packages/airflow/example_dags/example_setup_teardown.py
[2024-03-02T22:48:56.033+0000] {processor.py:830} INFO - Processing file /home/airflow/.local/lib/python3.8/site-packages/airflow/example_dags/example_setup_teardown.py for tasks to queue
[2024-03-02T22:48:56.035+0000] {logging_mixin.py:188} INFO - [2024-03-02T22:48:56.035+0000] {dagbag.py:538} INFO - Filling up the DagBag from /home/airflow/.local/lib/python3.8/site-packages/airflow/example_dags/example_setup_teardown.py
[2024-03-02T22:48:56.042+0000] {processor.py:840} INFO - DAG(s) 'example_setup_teardown' retrieved from /home/airflow/.local/lib/python3.8/site-packages/airflow/example_dags/example_setup_teardown.py
[2024-03-02T22:48:56.064+0000] {logging_mixin.py:188} INFO - [2024-03-02T22:48:56.064+0000] {dag.py:3036} INFO - Sync 1 DAGs
[2024-03-02T22:48:56.087+0000] {logging_mixin.py:188} INFO - [2024-03-02T22:48:56.087+0000] {dag.py:3823} INFO - Setting next_dagrun for example_setup_teardown to 2024-03-01 00:00:00+00:00, run_after=2024-03-02 00:00:00+00:00
[2024-03-02T22:48:56.116+0000] {processor.py:183} INFO - Processing /home/airflow/.local/lib/python3.8/site-packages/airflow/example_dags/example_setup_teardown.py took 0.087 seconds
[2024-03-02T22:49:26.503+0000] {processor.py:161} INFO - Started process (PID=444) to work on /home/airflow/.local/lib/python3.8/site-packages/airflow/example_dags/example_setup_teardown.py
[2024-03-02T22:49:26.504+0000] {processor.py:830} INFO - Processing file /home/airflow/.local/lib/python3.8/site-packages/airflow/example_dags/example_setup_teardown.py for tasks to queue
[2024-03-02T22:49:26.506+0000] {logging_mixin.py:188} INFO - [2024-03-02T22:49:26.505+0000] {dagbag.py:538} INFO - Filling up the DagBag from /home/airflow/.local/lib/python3.8/site-packages/airflow/example_dags/example_setup_teardown.py
[2024-03-02T22:49:26.513+0000] {processor.py:840} INFO - DAG(s) 'example_setup_teardown' retrieved from /home/airflow/.local/lib/python3.8/site-packages/airflow/example_dags/example_setup_teardown.py
[2024-03-02T22:49:26.535+0000] {logging_mixin.py:188} INFO - [2024-03-02T22:49:26.534+0000] {dag.py:3036} INFO - Sync 1 DAGs
[2024-03-02T22:49:26.558+0000] {logging_mixin.py:188} INFO - [2024-03-02T22:49:26.558+0000] {dag.py:3823} INFO - Setting next_dagrun for example_setup_teardown to 2024-03-01 00:00:00+00:00, run_after=2024-03-02 00:00:00+00:00
[2024-03-02T22:49:26.576+0000] {processor.py:183} INFO - Processing /home/airflow/.local/lib/python3.8/site-packages/airflow/example_dags/example_setup_teardown.py took 0.076 seconds
[2024-03-02T22:49:57.218+0000] {processor.py:161} INFO - Started process (PID=500) to work on /home/airflow/.local/lib/python3.8/site-packages/airflow/example_dags/example_setup_teardown.py
[2024-03-02T22:49:57.220+0000] {processor.py:830} INFO - Processing file /home/airflow/.local/lib/python3.8/site-packages/airflow/example_dags/example_setup_teardown.py for tasks to queue
[2024-03-02T22:49:57.222+0000] {logging_mixin.py:188} INFO - [2024-03-02T22:49:57.222+0000] {dagbag.py:538} INFO - Filling up the DagBag from /home/airflow/.local/lib/python3.8/site-packages/airflow/example_dags/example_setup_teardown.py
[2024-03-02T22:49:57.231+0000] {processor.py:840} INFO - DAG(s) 'example_setup_teardown' retrieved from /home/airflow/.local/lib/python3.8/site-packages/airflow/example_dags/example_setup_teardown.py
[2024-03-02T22:49:57.254+0000] {logging_mixin.py:188} INFO - [2024-03-02T22:49:57.254+0000] {dag.py:3036} INFO - Sync 1 DAGs
[2024-03-02T22:49:57.282+0000] {logging_mixin.py:188} INFO - [2024-03-02T22:49:57.281+0000] {dag.py:3823} INFO - Setting next_dagrun for example_setup_teardown to 2024-03-01 00:00:00+00:00, run_after=2024-03-02 00:00:00+00:00
[2024-03-02T22:49:57.311+0000] {processor.py:183} INFO - Processing /home/airflow/.local/lib/python3.8/site-packages/airflow/example_dags/example_setup_teardown.py took 0.097 seconds
[2024-03-02T22:50:27.373+0000] {processor.py:161} INFO - Started process (PID=556) to work on /home/airflow/.local/lib/python3.8/site-packages/airflow/example_dags/example_setup_teardown.py
[2024-03-02T22:50:27.374+0000] {processor.py:830} INFO - Processing file /home/airflow/.local/lib/python3.8/site-packages/airflow/example_dags/example_setup_teardown.py for tasks to queue
[2024-03-02T22:50:27.376+0000] {logging_mixin.py:188} INFO - [2024-03-02T22:50:27.375+0000] {dagbag.py:538} INFO - Filling up the DagBag from /home/airflow/.local/lib/python3.8/site-packages/airflow/example_dags/example_setup_teardown.py
[2024-03-02T22:50:27.382+0000] {processor.py:840} INFO - DAG(s) 'example_setup_teardown' retrieved from /home/airflow/.local/lib/python3.8/site-packages/airflow/example_dags/example_setup_teardown.py
[2024-03-02T22:50:27.400+0000] {logging_mixin.py:188} INFO - [2024-03-02T22:50:27.400+0000] {dag.py:3036} INFO - Sync 1 DAGs
[2024-03-02T22:50:27.421+0000] {logging_mixin.py:188} INFO - [2024-03-02T22:50:27.421+0000] {dag.py:3823} INFO - Setting next_dagrun for example_setup_teardown to 2024-03-01 00:00:00+00:00, run_after=2024-03-02 00:00:00+00:00
[2024-03-02T22:50:27.438+0000] {processor.py:183} INFO - Processing /home/airflow/.local/lib/python3.8/site-packages/airflow/example_dags/example_setup_teardown.py took 0.069 seconds
[2024-03-02T22:50:58.639+0000] {processor.py:161} INFO - Started process (PID=609) to work on /home/airflow/.local/lib/python3.8/site-packages/airflow/example_dags/example_setup_teardown.py
[2024-03-02T22:50:58.640+0000] {processor.py:830} INFO - Processing file /home/airflow/.local/lib/python3.8/site-packages/airflow/example_dags/example_setup_teardown.py for tasks to queue
[2024-03-02T22:50:58.642+0000] {logging_mixin.py:188} INFO - [2024-03-02T22:50:58.642+0000] {dagbag.py:538} INFO - Filling up the DagBag from /home/airflow/.local/lib/python3.8/site-packages/airflow/example_dags/example_setup_teardown.py
[2024-03-02T22:50:58.649+0000] {processor.py:840} INFO - DAG(s) 'example_setup_teardown' retrieved from /home/airflow/.local/lib/python3.8/site-packages/airflow/example_dags/example_setup_teardown.py
[2024-03-02T22:50:58.669+0000] {logging_mixin.py:188} INFO - [2024-03-02T22:50:58.668+0000] {dag.py:3036} INFO - Sync 1 DAGs
[2024-03-02T22:50:58.690+0000] {logging_mixin.py:188} INFO - [2024-03-02T22:50:58.690+0000] {dag.py:3823} INFO - Setting next_dagrun for example_setup_teardown to 2024-03-01 00:00:00+00:00, run_after=2024-03-02 00:00:00+00:00
[2024-03-02T22:50:58.711+0000] {processor.py:183} INFO - Processing /home/airflow/.local/lib/python3.8/site-packages/airflow/example_dags/example_setup_teardown.py took 0.075 seconds
[2024-03-02T22:51:29.185+0000] {processor.py:161} INFO - Started process (PID=662) to work on /home/airflow/.local/lib/python3.8/site-packages/airflow/example_dags/example_setup_teardown.py
[2024-03-02T22:51:29.186+0000] {processor.py:830} INFO - Processing file /home/airflow/.local/lib/python3.8/site-packages/airflow/example_dags/example_setup_teardown.py for tasks to queue
[2024-03-02T22:51:29.188+0000] {logging_mixin.py:188} INFO - [2024-03-02T22:51:29.188+0000] {dagbag.py:538} INFO - Filling up the DagBag from /home/airflow/.local/lib/python3.8/site-packages/airflow/example_dags/example_setup_teardown.py
[2024-03-02T22:51:29.196+0000] {processor.py:840} INFO - DAG(s) 'example_setup_teardown' retrieved from /home/airflow/.local/lib/python3.8/site-packages/airflow/example_dags/example_setup_teardown.py
[2024-03-02T22:51:29.218+0000] {logging_mixin.py:188} INFO - [2024-03-02T22:51:29.218+0000] {dag.py:3036} INFO - Sync 1 DAGs
[2024-03-02T22:51:29.247+0000] {logging_mixin.py:188} INFO - [2024-03-02T22:51:29.247+0000] {dag.py:3823} INFO - Setting next_dagrun for example_setup_teardown to 2024-03-01 00:00:00+00:00, run_after=2024-03-02 00:00:00+00:00
[2024-03-02T22:51:29.276+0000] {processor.py:183} INFO - Processing /home/airflow/.local/lib/python3.8/site-packages/airflow/example_dags/example_setup_teardown.py took 0.095 seconds
[2024-03-02T22:52:13.714+0000] {processor.py:161} INFO - Started process (PID=694) to work on /home/airflow/.local/lib/python3.8/site-packages/airflow/example_dags/example_setup_teardown.py
[2024-03-02T22:52:13.715+0000] {processor.py:830} INFO - Processing file /home/airflow/.local/lib/python3.8/site-packages/airflow/example_dags/example_setup_teardown.py for tasks to queue
[2024-03-02T22:52:13.718+0000] {logging_mixin.py:188} INFO - [2024-03-02T22:52:13.718+0000] {dagbag.py:538} INFO - Filling up the DagBag from /home/airflow/.local/lib/python3.8/site-packages/airflow/example_dags/example_setup_teardown.py
[2024-03-02T22:52:13.732+0000] {processor.py:840} INFO - DAG(s) 'example_setup_teardown' retrieved from /home/airflow/.local/lib/python3.8/site-packages/airflow/example_dags/example_setup_teardown.py
[2024-03-02T22:52:13.762+0000] {logging_mixin.py:188} INFO - [2024-03-02T22:52:13.762+0000] {dag.py:3036} INFO - Sync 1 DAGs
[2024-03-02T22:52:13.786+0000] {logging_mixin.py:188} INFO - [2024-03-02T22:52:13.786+0000] {dag.py:3823} INFO - Setting next_dagrun for example_setup_teardown to 2024-03-01 00:00:00+00:00, run_after=2024-03-02 00:00:00+00:00
[2024-03-02T22:52:13.830+0000] {processor.py:183} INFO - Processing /home/airflow/.local/lib/python3.8/site-packages/airflow/example_dags/example_setup_teardown.py took 0.120 seconds
[2024-03-02T22:52:44.703+0000] {processor.py:161} INFO - Started process (PID=750) to work on /home/airflow/.local/lib/python3.8/site-packages/airflow/example_dags/example_setup_teardown.py
[2024-03-02T22:52:44.704+0000] {processor.py:830} INFO - Processing file /home/airflow/.local/lib/python3.8/site-packages/airflow/example_dags/example_setup_teardown.py for tasks to queue
[2024-03-02T22:52:44.707+0000] {logging_mixin.py:188} INFO - [2024-03-02T22:52:44.707+0000] {dagbag.py:538} INFO - Filling up the DagBag from /home/airflow/.local/lib/python3.8/site-packages/airflow/example_dags/example_setup_teardown.py
[2024-03-02T22:52:44.717+0000] {processor.py:840} INFO - DAG(s) 'example_setup_teardown' retrieved from /home/airflow/.local/lib/python3.8/site-packages/airflow/example_dags/example_setup_teardown.py
[2024-03-02T22:52:44.740+0000] {logging_mixin.py:188} INFO - [2024-03-02T22:52:44.740+0000] {dag.py:3036} INFO - Sync 1 DAGs
[2024-03-02T22:52:44.768+0000] {logging_mixin.py:188} INFO - [2024-03-02T22:52:44.767+0000] {dag.py:3823} INFO - Setting next_dagrun for example_setup_teardown to 2024-03-01 00:00:00+00:00, run_after=2024-03-02 00:00:00+00:00
[2024-03-02T22:52:44.789+0000] {processor.py:183} INFO - Processing /home/airflow/.local/lib/python3.8/site-packages/airflow/example_dags/example_setup_teardown.py took 0.089 seconds
[2024-03-02T22:53:15.325+0000] {processor.py:161} INFO - Started process (PID=806) to work on /home/airflow/.local/lib/python3.8/site-packages/airflow/example_dags/example_setup_teardown.py
[2024-03-02T22:53:15.347+0000] {processor.py:830} INFO - Processing file /home/airflow/.local/lib/python3.8/site-packages/airflow/example_dags/example_setup_teardown.py for tasks to queue
[2024-03-02T22:53:15.349+0000] {logging_mixin.py:188} INFO - [2024-03-02T22:53:15.349+0000] {dagbag.py:538} INFO - Filling up the DagBag from /home/airflow/.local/lib/python3.8/site-packages/airflow/example_dags/example_setup_teardown.py
[2024-03-02T22:53:15.356+0000] {processor.py:840} INFO - DAG(s) 'example_setup_teardown' retrieved from /home/airflow/.local/lib/python3.8/site-packages/airflow/example_dags/example_setup_teardown.py
[2024-03-02T22:53:15.376+0000] {logging_mixin.py:188} INFO - [2024-03-02T22:53:15.376+0000] {dag.py:3036} INFO - Sync 1 DAGs
[2024-03-02T22:53:15.399+0000] {logging_mixin.py:188} INFO - [2024-03-02T22:53:15.398+0000] {dag.py:3823} INFO - Setting next_dagrun for example_setup_teardown to 2024-03-01 00:00:00+00:00, run_after=2024-03-02 00:00:00+00:00
[2024-03-02T22:53:15.417+0000] {processor.py:183} INFO - Processing /home/airflow/.local/lib/python3.8/site-packages/airflow/example_dags/example_setup_teardown.py took 0.095 seconds
[2024-03-02T22:54:51.463+0000] {processor.py:161} INFO - Started process (PID=865) to work on /home/airflow/.local/lib/python3.8/site-packages/airflow/example_dags/example_setup_teardown.py
[2024-03-02T22:54:51.492+0000] {processor.py:830} INFO - Processing file /home/airflow/.local/lib/python3.8/site-packages/airflow/example_dags/example_setup_teardown.py for tasks to queue
[2024-03-02T22:54:51.494+0000] {logging_mixin.py:188} INFO - [2024-03-02T22:54:51.494+0000] {dagbag.py:538} INFO - Filling up the DagBag from /home/airflow/.local/lib/python3.8/site-packages/airflow/example_dags/example_setup_teardown.py
[2024-03-02T22:54:51.503+0000] {processor.py:840} INFO - DAG(s) 'example_setup_teardown' retrieved from /home/airflow/.local/lib/python3.8/site-packages/airflow/example_dags/example_setup_teardown.py
[2024-03-02T22:54:54.508+0000] {logging_mixin.py:188} INFO - [2024-03-02T22:54:54.508+0000] {dag.py:3036} INFO - Sync 1 DAGs
[2024-03-02T22:54:55.149+0000] {logging_mixin.py:188} INFO - [2024-03-02T22:54:55.149+0000] {dag.py:3823} INFO - Setting next_dagrun for example_setup_teardown to 2024-03-01 00:00:00+00:00, run_after=2024-03-02 00:00:00+00:00
[2024-03-02T22:54:55.272+0000] {processor.py:183} INFO - Processing /home/airflow/.local/lib/python3.8/site-packages/airflow/example_dags/example_setup_teardown.py took 3.812 seconds
[2024-03-02T22:57:53.554+0000] {processor.py:161} INFO - Started process (PID=932) to work on /home/airflow/.local/lib/python3.8/site-packages/airflow/example_dags/example_setup_teardown.py
[2024-03-02T22:57:53.607+0000] {processor.py:830} INFO - Processing file /home/airflow/.local/lib/python3.8/site-packages/airflow/example_dags/example_setup_teardown.py for tasks to queue
[2024-03-02T22:57:53.608+0000] {logging_mixin.py:188} INFO - [2024-03-02T22:57:53.608+0000] {dagbag.py:538} INFO - Filling up the DagBag from /home/airflow/.local/lib/python3.8/site-packages/airflow/example_dags/example_setup_teardown.py
[2024-03-02T22:57:53.616+0000] {processor.py:840} INFO - DAG(s) 'example_setup_teardown' retrieved from /home/airflow/.local/lib/python3.8/site-packages/airflow/example_dags/example_setup_teardown.py
[2024-03-02T22:57:53.637+0000] {logging_mixin.py:188} INFO - [2024-03-02T22:57:53.637+0000] {dag.py:3036} INFO - Sync 1 DAGs
[2024-03-02T22:57:53.660+0000] {logging_mixin.py:188} INFO - [2024-03-02T22:57:53.659+0000] {dag.py:3823} INFO - Setting next_dagrun for example_setup_teardown to 2024-03-01 00:00:00+00:00, run_after=2024-03-02 00:00:00+00:00
[2024-03-02T22:57:53.952+0000] {processor.py:183} INFO - Processing /home/airflow/.local/lib/python3.8/site-packages/airflow/example_dags/example_setup_teardown.py took 0.402 seconds
