[2024-03-02T22:46:07.481+0000] {processor.py:161} INFO - Started process (PID=69) to work on /home/airflow/.local/lib/python3.8/site-packages/airflow/example_dags/example_sensor_decorator.py
[2024-03-02T22:46:07.486+0000] {processor.py:830} INFO - Processing file /home/airflow/.local/lib/python3.8/site-packages/airflow/example_dags/example_sensor_decorator.py for tasks to queue
[2024-03-02T22:46:07.505+0000] {logging_mixin.py:188} INFO - [2024-03-02T22:46:07.505+0000] {dagbag.py:538} INFO - Filling up the DagBag from /home/airflow/.local/lib/python3.8/site-packages/airflow/example_dags/example_sensor_decorator.py
[2024-03-02T22:46:07.589+0000] {processor.py:840} INFO - DAG(s) 'example_sensor_decorator' retrieved from /home/airflow/.local/lib/python3.8/site-packages/airflow/example_dags/example_sensor_decorator.py
[2024-03-02T22:46:08.252+0000] {logging_mixin.py:188} INFO - [2024-03-02T22:46:08.252+0000] {dag.py:3036} INFO - Sync 1 DAGs
[2024-03-02T22:46:08.286+0000] {logging_mixin.py:188} INFO - [2024-03-02T22:46:08.286+0000] {dag.py:3823} INFO - Setting next_dagrun for example_sensor_decorator to None, run_after=None
[2024-03-02T22:46:08.673+0000] {processor.py:183} INFO - Processing /home/airflow/.local/lib/python3.8/site-packages/airflow/example_dags/example_sensor_decorator.py took 1.216 seconds
[2024-03-02T22:46:38.942+0000] {processor.py:161} INFO - Started process (PID=125) to work on /home/airflow/.local/lib/python3.8/site-packages/airflow/example_dags/example_sensor_decorator.py
[2024-03-02T22:46:39.257+0000] {processor.py:830} INFO - Processing file /home/airflow/.local/lib/python3.8/site-packages/airflow/example_dags/example_sensor_decorator.py for tasks to queue
[2024-03-02T22:46:39.259+0000] {logging_mixin.py:188} INFO - [2024-03-02T22:46:39.258+0000] {dagbag.py:538} INFO - Filling up the DagBag from /home/airflow/.local/lib/python3.8/site-packages/airflow/example_dags/example_sensor_decorator.py
[2024-03-02T22:46:39.267+0000] {processor.py:840} INFO - DAG(s) 'example_sensor_decorator' retrieved from /home/airflow/.local/lib/python3.8/site-packages/airflow/example_dags/example_sensor_decorator.py
[2024-03-02T22:46:39.297+0000] {logging_mixin.py:188} INFO - [2024-03-02T22:46:39.297+0000] {dag.py:3036} INFO - Sync 1 DAGs
[2024-03-02T22:46:39.311+0000] {logging_mixin.py:188} INFO - [2024-03-02T22:46:39.311+0000] {dag.py:3823} INFO - Setting next_dagrun for example_sensor_decorator to None, run_after=None
[2024-03-02T22:46:39.330+0000] {processor.py:183} INFO - Processing /home/airflow/.local/lib/python3.8/site-packages/airflow/example_dags/example_sensor_decorator.py took 0.391 seconds
[2024-03-02T22:47:09.415+0000] {processor.py:161} INFO - Started process (PID=181) to work on /home/airflow/.local/lib/python3.8/site-packages/airflow/example_dags/example_sensor_decorator.py
[2024-03-02T22:47:09.417+0000] {processor.py:830} INFO - Processing file /home/airflow/.local/lib/python3.8/site-packages/airflow/example_dags/example_sensor_decorator.py for tasks to queue
[2024-03-02T22:47:09.420+0000] {logging_mixin.py:188} INFO - [2024-03-02T22:47:09.419+0000] {dagbag.py:538} INFO - Filling up the DagBag from /home/airflow/.local/lib/python3.8/site-packages/airflow/example_dags/example_sensor_decorator.py
[2024-03-02T22:47:09.430+0000] {processor.py:840} INFO - DAG(s) 'example_sensor_decorator' retrieved from /home/airflow/.local/lib/python3.8/site-packages/airflow/example_dags/example_sensor_decorator.py
[2024-03-02T22:47:09.458+0000] {logging_mixin.py:188} INFO - [2024-03-02T22:47:09.458+0000] {dag.py:3036} INFO - Sync 1 DAGs
[2024-03-02T22:47:09.474+0000] {logging_mixin.py:188} INFO - [2024-03-02T22:47:09.473+0000] {dag.py:3823} INFO - Setting next_dagrun for example_sensor_decorator to None, run_after=None
[2024-03-02T22:47:09.498+0000] {processor.py:183} INFO - Processing /home/airflow/.local/lib/python3.8/site-packages/airflow/example_dags/example_sensor_decorator.py took 0.100 seconds
[2024-03-02T22:47:39.612+0000] {processor.py:161} INFO - Started process (PID=237) to work on /home/airflow/.local/lib/python3.8/site-packages/airflow/example_dags/example_sensor_decorator.py
[2024-03-02T22:47:39.614+0000] {processor.py:830} INFO - Processing file /home/airflow/.local/lib/python3.8/site-packages/airflow/example_dags/example_sensor_decorator.py for tasks to queue
[2024-03-02T22:47:39.616+0000] {logging_mixin.py:188} INFO - [2024-03-02T22:47:39.616+0000] {dagbag.py:538} INFO - Filling up the DagBag from /home/airflow/.local/lib/python3.8/site-packages/airflow/example_dags/example_sensor_decorator.py
[2024-03-02T22:47:39.624+0000] {processor.py:840} INFO - DAG(s) 'example_sensor_decorator' retrieved from /home/airflow/.local/lib/python3.8/site-packages/airflow/example_dags/example_sensor_decorator.py
[2024-03-02T22:47:39.646+0000] {logging_mixin.py:188} INFO - [2024-03-02T22:47:39.646+0000] {dag.py:3036} INFO - Sync 1 DAGs
[2024-03-02T22:47:39.659+0000] {logging_mixin.py:188} INFO - [2024-03-02T22:47:39.659+0000] {dag.py:3823} INFO - Setting next_dagrun for example_sensor_decorator to None, run_after=None
[2024-03-02T22:47:39.680+0000] {processor.py:183} INFO - Processing /home/airflow/.local/lib/python3.8/site-packages/airflow/example_dags/example_sensor_decorator.py took 0.072 seconds
[2024-03-02T22:48:09.943+0000] {processor.py:161} INFO - Started process (PID=293) to work on /home/airflow/.local/lib/python3.8/site-packages/airflow/example_dags/example_sensor_decorator.py
[2024-03-02T22:48:09.944+0000] {processor.py:830} INFO - Processing file /home/airflow/.local/lib/python3.8/site-packages/airflow/example_dags/example_sensor_decorator.py for tasks to queue
[2024-03-02T22:48:09.949+0000] {logging_mixin.py:188} INFO - [2024-03-02T22:48:09.948+0000] {dagbag.py:538} INFO - Filling up the DagBag from /home/airflow/.local/lib/python3.8/site-packages/airflow/example_dags/example_sensor_decorator.py
[2024-03-02T22:48:09.955+0000] {processor.py:840} INFO - DAG(s) 'example_sensor_decorator' retrieved from /home/airflow/.local/lib/python3.8/site-packages/airflow/example_dags/example_sensor_decorator.py
[2024-03-02T22:48:09.982+0000] {logging_mixin.py:188} INFO - [2024-03-02T22:48:09.982+0000] {dag.py:3036} INFO - Sync 1 DAGs
[2024-03-02T22:48:09.999+0000] {logging_mixin.py:188} INFO - [2024-03-02T22:48:09.998+0000] {dag.py:3823} INFO - Setting next_dagrun for example_sensor_decorator to None, run_after=None
[2024-03-02T22:48:10.027+0000] {processor.py:183} INFO - Processing /home/airflow/.local/lib/python3.8/site-packages/airflow/example_dags/example_sensor_decorator.py took 0.087 seconds
[2024-03-02T22:48:40.442+0000] {processor.py:161} INFO - Started process (PID=349) to work on /home/airflow/.local/lib/python3.8/site-packages/airflow/example_dags/example_sensor_decorator.py
[2024-03-02T22:48:40.444+0000] {processor.py:830} INFO - Processing file /home/airflow/.local/lib/python3.8/site-packages/airflow/example_dags/example_sensor_decorator.py for tasks to queue
[2024-03-02T22:48:40.447+0000] {logging_mixin.py:188} INFO - [2024-03-02T22:48:40.447+0000] {dagbag.py:538} INFO - Filling up the DagBag from /home/airflow/.local/lib/python3.8/site-packages/airflow/example_dags/example_sensor_decorator.py
[2024-03-02T22:48:40.455+0000] {processor.py:840} INFO - DAG(s) 'example_sensor_decorator' retrieved from /home/airflow/.local/lib/python3.8/site-packages/airflow/example_dags/example_sensor_decorator.py
[2024-03-02T22:48:40.477+0000] {logging_mixin.py:188} INFO - [2024-03-02T22:48:40.476+0000] {dag.py:3036} INFO - Sync 1 DAGs
[2024-03-02T22:48:40.490+0000] {logging_mixin.py:188} INFO - [2024-03-02T22:48:40.489+0000] {dag.py:3823} INFO - Setting next_dagrun for example_sensor_decorator to None, run_after=None
[2024-03-02T22:48:40.517+0000] {processor.py:183} INFO - Processing /home/airflow/.local/lib/python3.8/site-packages/airflow/example_dags/example_sensor_decorator.py took 0.078 seconds
[2024-03-02T22:49:10.985+0000] {processor.py:161} INFO - Started process (PID=405) to work on /home/airflow/.local/lib/python3.8/site-packages/airflow/example_dags/example_sensor_decorator.py
[2024-03-02T22:49:10.986+0000] {processor.py:830} INFO - Processing file /home/airflow/.local/lib/python3.8/site-packages/airflow/example_dags/example_sensor_decorator.py for tasks to queue
[2024-03-02T22:49:10.988+0000] {logging_mixin.py:188} INFO - [2024-03-02T22:49:10.988+0000] {dagbag.py:538} INFO - Filling up the DagBag from /home/airflow/.local/lib/python3.8/site-packages/airflow/example_dags/example_sensor_decorator.py
[2024-03-02T22:49:10.994+0000] {processor.py:840} INFO - DAG(s) 'example_sensor_decorator' retrieved from /home/airflow/.local/lib/python3.8/site-packages/airflow/example_dags/example_sensor_decorator.py
[2024-03-02T22:49:11.015+0000] {logging_mixin.py:188} INFO - [2024-03-02T22:49:11.015+0000] {dag.py:3036} INFO - Sync 1 DAGs
[2024-03-02T22:49:11.028+0000] {logging_mixin.py:188} INFO - [2024-03-02T22:49:11.028+0000] {dag.py:3823} INFO - Setting next_dagrun for example_sensor_decorator to None, run_after=None
[2024-03-02T22:49:11.049+0000] {processor.py:183} INFO - Processing /home/airflow/.local/lib/python3.8/site-packages/airflow/example_dags/example_sensor_decorator.py took 0.068 seconds
[2024-03-02T22:49:41.547+0000] {processor.py:161} INFO - Started process (PID=461) to work on /home/airflow/.local/lib/python3.8/site-packages/airflow/example_dags/example_sensor_decorator.py
[2024-03-02T22:49:41.549+0000] {processor.py:830} INFO - Processing file /home/airflow/.local/lib/python3.8/site-packages/airflow/example_dags/example_sensor_decorator.py for tasks to queue
[2024-03-02T22:49:41.552+0000] {logging_mixin.py:188} INFO - [2024-03-02T22:49:41.551+0000] {dagbag.py:538} INFO - Filling up the DagBag from /home/airflow/.local/lib/python3.8/site-packages/airflow/example_dags/example_sensor_decorator.py
[2024-03-02T22:49:41.560+0000] {processor.py:840} INFO - DAG(s) 'example_sensor_decorator' retrieved from /home/airflow/.local/lib/python3.8/site-packages/airflow/example_dags/example_sensor_decorator.py
[2024-03-02T22:49:41.586+0000] {logging_mixin.py:188} INFO - [2024-03-02T22:49:41.585+0000] {dag.py:3036} INFO - Sync 1 DAGs
[2024-03-02T22:49:41.602+0000] {logging_mixin.py:188} INFO - [2024-03-02T22:49:41.602+0000] {dag.py:3823} INFO - Setting next_dagrun for example_sensor_decorator to None, run_after=None
[2024-03-02T22:49:41.637+0000] {processor.py:183} INFO - Processing /home/airflow/.local/lib/python3.8/site-packages/airflow/example_dags/example_sensor_decorator.py took 0.096 seconds
[2024-03-02T22:50:11.854+0000] {processor.py:161} INFO - Started process (PID=517) to work on /home/airflow/.local/lib/python3.8/site-packages/airflow/example_dags/example_sensor_decorator.py
[2024-03-02T22:50:11.855+0000] {processor.py:830} INFO - Processing file /home/airflow/.local/lib/python3.8/site-packages/airflow/example_dags/example_sensor_decorator.py for tasks to queue
[2024-03-02T22:50:11.857+0000] {logging_mixin.py:188} INFO - [2024-03-02T22:50:11.857+0000] {dagbag.py:538} INFO - Filling up the DagBag from /home/airflow/.local/lib/python3.8/site-packages/airflow/example_dags/example_sensor_decorator.py
[2024-03-02T22:50:11.864+0000] {processor.py:840} INFO - DAG(s) 'example_sensor_decorator' retrieved from /home/airflow/.local/lib/python3.8/site-packages/airflow/example_dags/example_sensor_decorator.py
[2024-03-02T22:50:11.885+0000] {logging_mixin.py:188} INFO - [2024-03-02T22:50:11.885+0000] {dag.py:3036} INFO - Sync 1 DAGs
[2024-03-02T22:50:11.900+0000] {logging_mixin.py:188} INFO - [2024-03-02T22:50:11.900+0000] {dag.py:3823} INFO - Setting next_dagrun for example_sensor_decorator to None, run_after=None
[2024-03-02T22:50:11.923+0000] {processor.py:183} INFO - Processing /home/airflow/.local/lib/python3.8/site-packages/airflow/example_dags/example_sensor_decorator.py took 0.073 seconds
[2024-03-02T22:50:53.102+0000] {processor.py:161} INFO - Started process (PID=573) to work on /home/airflow/.local/lib/python3.8/site-packages/airflow/example_dags/example_sensor_decorator.py
[2024-03-02T22:50:53.125+0000] {processor.py:830} INFO - Processing file /home/airflow/.local/lib/python3.8/site-packages/airflow/example_dags/example_sensor_decorator.py for tasks to queue
[2024-03-02T22:50:53.443+0000] {logging_mixin.py:188} INFO - [2024-03-02T22:50:53.441+0000] {dagbag.py:538} INFO - Filling up the DagBag from /home/airflow/.local/lib/python3.8/site-packages/airflow/example_dags/example_sensor_decorator.py
[2024-03-02T22:50:53.484+0000] {processor.py:840} INFO - DAG(s) 'example_sensor_decorator' retrieved from /home/airflow/.local/lib/python3.8/site-packages/airflow/example_dags/example_sensor_decorator.py
[2024-03-02T22:50:54.038+0000] {logging_mixin.py:188} INFO - [2024-03-02T22:50:54.037+0000] {dag.py:3036} INFO - Sync 1 DAGs
[2024-03-02T22:50:54.049+0000] {logging_mixin.py:188} INFO - [2024-03-02T22:50:54.049+0000] {dag.py:3823} INFO - Setting next_dagrun for example_sensor_decorator to None, run_after=None
[2024-03-02T22:50:54.316+0000] {processor.py:183} INFO - Processing /home/airflow/.local/lib/python3.8/site-packages/airflow/example_dags/example_sensor_decorator.py took 1.217 seconds
[2024-03-02T22:51:24.864+0000] {processor.py:161} INFO - Started process (PID=629) to work on /home/airflow/.local/lib/python3.8/site-packages/airflow/example_dags/example_sensor_decorator.py
[2024-03-02T22:51:24.865+0000] {processor.py:830} INFO - Processing file /home/airflow/.local/lib/python3.8/site-packages/airflow/example_dags/example_sensor_decorator.py for tasks to queue
[2024-03-02T22:51:24.867+0000] {logging_mixin.py:188} INFO - [2024-03-02T22:51:24.867+0000] {dagbag.py:538} INFO - Filling up the DagBag from /home/airflow/.local/lib/python3.8/site-packages/airflow/example_dags/example_sensor_decorator.py
[2024-03-02T22:51:24.873+0000] {processor.py:840} INFO - DAG(s) 'example_sensor_decorator' retrieved from /home/airflow/.local/lib/python3.8/site-packages/airflow/example_dags/example_sensor_decorator.py
[2024-03-02T22:51:24.894+0000] {logging_mixin.py:188} INFO - [2024-03-02T22:51:24.894+0000] {dag.py:3036} INFO - Sync 1 DAGs
[2024-03-02T22:51:24.907+0000] {logging_mixin.py:188} INFO - [2024-03-02T22:51:24.906+0000] {dag.py:3823} INFO - Setting next_dagrun for example_sensor_decorator to None, run_after=None
[2024-03-02T22:51:24.943+0000] {processor.py:183} INFO - Processing /home/airflow/.local/lib/python3.8/site-packages/airflow/example_dags/example_sensor_decorator.py took 0.082 seconds
[2024-03-02T22:52:14.515+0000] {processor.py:161} INFO - Started process (PID=700) to work on /home/airflow/.local/lib/python3.8/site-packages/airflow/example_dags/example_sensor_decorator.py
[2024-03-02T22:52:14.516+0000] {processor.py:830} INFO - Processing file /home/airflow/.local/lib/python3.8/site-packages/airflow/example_dags/example_sensor_decorator.py for tasks to queue
[2024-03-02T22:52:14.520+0000] {logging_mixin.py:188} INFO - [2024-03-02T22:52:14.519+0000] {dagbag.py:538} INFO - Filling up the DagBag from /home/airflow/.local/lib/python3.8/site-packages/airflow/example_dags/example_sensor_decorator.py
[2024-03-02T22:52:14.534+0000] {processor.py:840} INFO - DAG(s) 'example_sensor_decorator' retrieved from /home/airflow/.local/lib/python3.8/site-packages/airflow/example_dags/example_sensor_decorator.py
[2024-03-02T22:52:14.569+0000] {logging_mixin.py:188} INFO - [2024-03-02T22:52:14.569+0000] {dag.py:3036} INFO - Sync 1 DAGs
[2024-03-02T22:52:14.584+0000] {logging_mixin.py:188} INFO - [2024-03-02T22:52:14.584+0000] {dag.py:3823} INFO - Setting next_dagrun for example_sensor_decorator to None, run_after=None
[2024-03-02T22:52:14.634+0000] {processor.py:183} INFO - Processing /home/airflow/.local/lib/python3.8/site-packages/airflow/example_dags/example_sensor_decorator.py took 0.124 seconds
[2024-03-02T22:52:45.084+0000] {processor.py:161} INFO - Started process (PID=756) to work on /home/airflow/.local/lib/python3.8/site-packages/airflow/example_dags/example_sensor_decorator.py
[2024-03-02T22:52:45.085+0000] {processor.py:830} INFO - Processing file /home/airflow/.local/lib/python3.8/site-packages/airflow/example_dags/example_sensor_decorator.py for tasks to queue
[2024-03-02T22:52:45.087+0000] {logging_mixin.py:188} INFO - [2024-03-02T22:52:45.087+0000] {dagbag.py:538} INFO - Filling up the DagBag from /home/airflow/.local/lib/python3.8/site-packages/airflow/example_dags/example_sensor_decorator.py
[2024-03-02T22:52:45.093+0000] {processor.py:840} INFO - DAG(s) 'example_sensor_decorator' retrieved from /home/airflow/.local/lib/python3.8/site-packages/airflow/example_dags/example_sensor_decorator.py
[2024-03-02T22:52:45.113+0000] {logging_mixin.py:188} INFO - [2024-03-02T22:52:45.113+0000] {dag.py:3036} INFO - Sync 1 DAGs
[2024-03-02T22:52:45.126+0000] {logging_mixin.py:188} INFO - [2024-03-02T22:52:45.126+0000] {dag.py:3823} INFO - Setting next_dagrun for example_sensor_decorator to None, run_after=None
[2024-03-02T22:52:45.145+0000] {processor.py:183} INFO - Processing /home/airflow/.local/lib/python3.8/site-packages/airflow/example_dags/example_sensor_decorator.py took 0.065 seconds
[2024-03-02T22:53:16.152+0000] {processor.py:161} INFO - Started process (PID=812) to work on /home/airflow/.local/lib/python3.8/site-packages/airflow/example_dags/example_sensor_decorator.py
[2024-03-02T22:53:16.225+0000] {processor.py:830} INFO - Processing file /home/airflow/.local/lib/python3.8/site-packages/airflow/example_dags/example_sensor_decorator.py for tasks to queue
[2024-03-02T22:53:16.227+0000] {logging_mixin.py:188} INFO - [2024-03-02T22:53:16.227+0000] {dagbag.py:538} INFO - Filling up the DagBag from /home/airflow/.local/lib/python3.8/site-packages/airflow/example_dags/example_sensor_decorator.py
[2024-03-02T22:53:16.233+0000] {processor.py:840} INFO - DAG(s) 'example_sensor_decorator' retrieved from /home/airflow/.local/lib/python3.8/site-packages/airflow/example_dags/example_sensor_decorator.py
[2024-03-02T22:53:16.252+0000] {logging_mixin.py:188} INFO - [2024-03-02T22:53:16.252+0000] {dag.py:3036} INFO - Sync 1 DAGs
[2024-03-02T22:53:16.271+0000] {logging_mixin.py:188} INFO - [2024-03-02T22:53:16.270+0000] {dag.py:3823} INFO - Setting next_dagrun for example_sensor_decorator to None, run_after=None
[2024-03-02T22:53:16.302+0000] {processor.py:183} INFO - Processing /home/airflow/.local/lib/python3.8/site-packages/airflow/example_dags/example_sensor_decorator.py took 0.153 seconds
[2024-03-02T22:56:03.057+0000] {processor.py:161} INFO - Started process (PID=879) to work on /home/airflow/.local/lib/python3.8/site-packages/airflow/example_dags/example_sensor_decorator.py
[2024-03-02T22:56:03.157+0000] {processor.py:830} INFO - Processing file /home/airflow/.local/lib/python3.8/site-packages/airflow/example_dags/example_sensor_decorator.py for tasks to queue
[2024-03-02T22:56:03.418+0000] {logging_mixin.py:188} INFO - [2024-03-02T22:56:03.216+0000] {dagbag.py:538} INFO - Filling up the DagBag from /home/airflow/.local/lib/python3.8/site-packages/airflow/example_dags/example_sensor_decorator.py
[2024-03-02T22:56:04.516+0000] {processor.py:840} INFO - DAG(s) 'example_sensor_decorator' retrieved from /home/airflow/.local/lib/python3.8/site-packages/airflow/example_dags/example_sensor_decorator.py
[2024-03-02T22:56:16.320+0000] {logging_mixin.py:188} INFO - [2024-03-02T22:56:16.320+0000] {dag.py:3036} INFO - Sync 1 DAGs
[2024-03-02T22:56:19.679+0000] {logging_mixin.py:188} INFO - [2024-03-02T22:56:19.679+0000] {dag.py:3823} INFO - Setting next_dagrun for example_sensor_decorator to None, run_after=None
[2024-03-02T22:56:23.365+0000] {processor.py:183} INFO - Processing /home/airflow/.local/lib/python3.8/site-packages/airflow/example_dags/example_sensor_decorator.py took 20.311 seconds
[2024-03-02T22:57:56.423+0000] {processor.py:161} INFO - Started process (PID=941) to work on /home/airflow/.local/lib/python3.8/site-packages/airflow/example_dags/example_sensor_decorator.py
[2024-03-02T22:57:56.424+0000] {processor.py:830} INFO - Processing file /home/airflow/.local/lib/python3.8/site-packages/airflow/example_dags/example_sensor_decorator.py for tasks to queue
[2024-03-02T22:57:56.444+0000] {logging_mixin.py:188} INFO - [2024-03-02T22:57:56.443+0000] {dagbag.py:538} INFO - Filling up the DagBag from /home/airflow/.local/lib/python3.8/site-packages/airflow/example_dags/example_sensor_decorator.py
[2024-03-02T22:57:56.454+0000] {processor.py:840} INFO - DAG(s) 'example_sensor_decorator' retrieved from /home/airflow/.local/lib/python3.8/site-packages/airflow/example_dags/example_sensor_decorator.py
[2024-03-02T22:57:56.489+0000] {logging_mixin.py:188} INFO - [2024-03-02T22:57:56.489+0000] {dag.py:3036} INFO - Sync 1 DAGs
[2024-03-02T22:57:56.511+0000] {logging_mixin.py:188} INFO - [2024-03-02T22:57:56.511+0000] {dag.py:3823} INFO - Setting next_dagrun for example_sensor_decorator to None, run_after=None
[2024-03-02T22:57:56.546+0000] {processor.py:183} INFO - Processing /home/airflow/.local/lib/python3.8/site-packages/airflow/example_dags/example_sensor_decorator.py took 0.130 seconds
