[2024-03-02T22:46:18.547+0000] {processor.py:161} INFO - Started process (PID=95) to work on /home/airflow/.local/lib/python3.8/site-packages/airflow/example_dags/example_latest_only.py
[2024-03-02T22:46:18.548+0000] {processor.py:830} INFO - Processing file /home/airflow/.local/lib/python3.8/site-packages/airflow/example_dags/example_latest_only.py for tasks to queue
[2024-03-02T22:46:18.551+0000] {logging_mixin.py:188} INFO - [2024-03-02T22:46:18.550+0000] {dagbag.py:538} INFO - Filling up the DagBag from /home/airflow/.local/lib/python3.8/site-packages/airflow/example_dags/example_latest_only.py
[2024-03-02T22:46:18.564+0000] {processor.py:840} INFO - DAG(s) 'latest_only' retrieved from /home/airflow/.local/lib/python3.8/site-packages/airflow/example_dags/example_latest_only.py
[2024-03-02T22:46:18.801+0000] {logging_mixin.py:188} INFO - [2024-03-02T22:46:18.800+0000] {dag.py:3036} INFO - Sync 1 DAGs
[2024-03-02T22:46:18.851+0000] {logging_mixin.py:188} INFO - [2024-03-02T22:46:18.850+0000] {dag.py:3823} INFO - Setting next_dagrun for latest_only to 2024-03-02 16:00:00+00:00, run_after=2024-03-02 20:00:00+00:00
[2024-03-02T22:46:18.900+0000] {processor.py:183} INFO - Processing /home/airflow/.local/lib/python3.8/site-packages/airflow/example_dags/example_latest_only.py took 0.357 seconds
[2024-03-02T22:46:49.973+0000] {processor.py:161} INFO - Started process (PID=151) to work on /home/airflow/.local/lib/python3.8/site-packages/airflow/example_dags/example_latest_only.py
[2024-03-02T22:46:49.974+0000] {processor.py:830} INFO - Processing file /home/airflow/.local/lib/python3.8/site-packages/airflow/example_dags/example_latest_only.py for tasks to queue
[2024-03-02T22:46:49.976+0000] {logging_mixin.py:188} INFO - [2024-03-02T22:46:49.976+0000] {dagbag.py:538} INFO - Filling up the DagBag from /home/airflow/.local/lib/python3.8/site-packages/airflow/example_dags/example_latest_only.py
[2024-03-02T22:46:49.981+0000] {processor.py:840} INFO - DAG(s) 'latest_only' retrieved from /home/airflow/.local/lib/python3.8/site-packages/airflow/example_dags/example_latest_only.py
[2024-03-02T22:46:50.013+0000] {logging_mixin.py:188} INFO - [2024-03-02T22:46:50.013+0000] {dag.py:3036} INFO - Sync 1 DAGs
[2024-03-02T22:46:50.036+0000] {logging_mixin.py:188} INFO - [2024-03-02T22:46:50.036+0000] {dag.py:3823} INFO - Setting next_dagrun for latest_only to 2024-03-02 16:00:00+00:00, run_after=2024-03-02 20:00:00+00:00
[2024-03-02T22:46:50.059+0000] {processor.py:183} INFO - Processing /home/airflow/.local/lib/python3.8/site-packages/airflow/example_dags/example_latest_only.py took 0.090 seconds
[2024-03-02T22:47:20.744+0000] {processor.py:161} INFO - Started process (PID=207) to work on /home/airflow/.local/lib/python3.8/site-packages/airflow/example_dags/example_latest_only.py
[2024-03-02T22:47:20.746+0000] {processor.py:830} INFO - Processing file /home/airflow/.local/lib/python3.8/site-packages/airflow/example_dags/example_latest_only.py for tasks to queue
[2024-03-02T22:47:20.749+0000] {logging_mixin.py:188} INFO - [2024-03-02T22:47:20.749+0000] {dagbag.py:538} INFO - Filling up the DagBag from /home/airflow/.local/lib/python3.8/site-packages/airflow/example_dags/example_latest_only.py
[2024-03-02T22:47:20.756+0000] {processor.py:840} INFO - DAG(s) 'latest_only' retrieved from /home/airflow/.local/lib/python3.8/site-packages/airflow/example_dags/example_latest_only.py
[2024-03-02T22:47:20.784+0000] {logging_mixin.py:188} INFO - [2024-03-02T22:47:20.783+0000] {dag.py:3036} INFO - Sync 1 DAGs
[2024-03-02T22:47:20.818+0000] {logging_mixin.py:188} INFO - [2024-03-02T22:47:20.818+0000] {dag.py:3823} INFO - Setting next_dagrun for latest_only to 2024-03-02 16:00:00+00:00, run_after=2024-03-02 20:00:00+00:00
[2024-03-02T22:47:20.841+0000] {processor.py:183} INFO - Processing /home/airflow/.local/lib/python3.8/site-packages/airflow/example_dags/example_latest_only.py took 0.103 seconds
[2024-03-02T22:47:51.404+0000] {processor.py:161} INFO - Started process (PID=263) to work on /home/airflow/.local/lib/python3.8/site-packages/airflow/example_dags/example_latest_only.py
[2024-03-02T22:47:51.406+0000] {processor.py:830} INFO - Processing file /home/airflow/.local/lib/python3.8/site-packages/airflow/example_dags/example_latest_only.py for tasks to queue
[2024-03-02T22:47:51.409+0000] {logging_mixin.py:188} INFO - [2024-03-02T22:47:51.408+0000] {dagbag.py:538} INFO - Filling up the DagBag from /home/airflow/.local/lib/python3.8/site-packages/airflow/example_dags/example_latest_only.py
[2024-03-02T22:47:51.423+0000] {processor.py:840} INFO - DAG(s) 'latest_only' retrieved from /home/airflow/.local/lib/python3.8/site-packages/airflow/example_dags/example_latest_only.py
[2024-03-02T22:47:51.453+0000] {logging_mixin.py:188} INFO - [2024-03-02T22:47:51.452+0000] {dag.py:3036} INFO - Sync 1 DAGs
[2024-03-02T22:47:51.486+0000] {logging_mixin.py:188} INFO - [2024-03-02T22:47:51.486+0000] {dag.py:3823} INFO - Setting next_dagrun for latest_only to 2024-03-02 16:00:00+00:00, run_after=2024-03-02 20:00:00+00:00
[2024-03-02T22:47:51.520+0000] {processor.py:183} INFO - Processing /home/airflow/.local/lib/python3.8/site-packages/airflow/example_dags/example_latest_only.py took 0.121 seconds
[2024-03-02T22:48:22.039+0000] {processor.py:161} INFO - Started process (PID=319) to work on /home/airflow/.local/lib/python3.8/site-packages/airflow/example_dags/example_latest_only.py
[2024-03-02T22:48:22.040+0000] {processor.py:830} INFO - Processing file /home/airflow/.local/lib/python3.8/site-packages/airflow/example_dags/example_latest_only.py for tasks to queue
[2024-03-02T22:48:22.043+0000] {logging_mixin.py:188} INFO - [2024-03-02T22:48:22.043+0000] {dagbag.py:538} INFO - Filling up the DagBag from /home/airflow/.local/lib/python3.8/site-packages/airflow/example_dags/example_latest_only.py
[2024-03-02T22:48:22.049+0000] {processor.py:840} INFO - DAG(s) 'latest_only' retrieved from /home/airflow/.local/lib/python3.8/site-packages/airflow/example_dags/example_latest_only.py
[2024-03-02T22:48:22.075+0000] {logging_mixin.py:188} INFO - [2024-03-02T22:48:22.075+0000] {dag.py:3036} INFO - Sync 1 DAGs
[2024-03-02T22:48:22.106+0000] {logging_mixin.py:188} INFO - [2024-03-02T22:48:22.105+0000] {dag.py:3823} INFO - Setting next_dagrun for latest_only to 2024-03-02 16:00:00+00:00, run_after=2024-03-02 20:00:00+00:00
[2024-03-02T22:48:22.129+0000] {processor.py:183} INFO - Processing /home/airflow/.local/lib/python3.8/site-packages/airflow/example_dags/example_latest_only.py took 0.094 seconds
[2024-03-02T22:48:52.181+0000] {processor.py:161} INFO - Started process (PID=375) to work on /home/airflow/.local/lib/python3.8/site-packages/airflow/example_dags/example_latest_only.py
[2024-03-02T22:48:52.182+0000] {processor.py:830} INFO - Processing file /home/airflow/.local/lib/python3.8/site-packages/airflow/example_dags/example_latest_only.py for tasks to queue
[2024-03-02T22:48:52.185+0000] {logging_mixin.py:188} INFO - [2024-03-02T22:48:52.184+0000] {dagbag.py:538} INFO - Filling up the DagBag from /home/airflow/.local/lib/python3.8/site-packages/airflow/example_dags/example_latest_only.py
[2024-03-02T22:48:52.191+0000] {processor.py:840} INFO - DAG(s) 'latest_only' retrieved from /home/airflow/.local/lib/python3.8/site-packages/airflow/example_dags/example_latest_only.py
[2024-03-02T22:48:52.214+0000] {logging_mixin.py:188} INFO - [2024-03-02T22:48:52.214+0000] {dag.py:3036} INFO - Sync 1 DAGs
[2024-03-02T22:48:52.244+0000] {logging_mixin.py:188} INFO - [2024-03-02T22:48:52.243+0000] {dag.py:3823} INFO - Setting next_dagrun for latest_only to 2024-03-02 16:00:00+00:00, run_after=2024-03-02 20:00:00+00:00
[2024-03-02T22:48:52.268+0000] {processor.py:183} INFO - Processing /home/airflow/.local/lib/python3.8/site-packages/airflow/example_dags/example_latest_only.py took 0.091 seconds
[2024-03-02T22:49:22.705+0000] {processor.py:161} INFO - Started process (PID=431) to work on /home/airflow/.local/lib/python3.8/site-packages/airflow/example_dags/example_latest_only.py
[2024-03-02T22:49:22.706+0000] {processor.py:830} INFO - Processing file /home/airflow/.local/lib/python3.8/site-packages/airflow/example_dags/example_latest_only.py for tasks to queue
[2024-03-02T22:49:22.709+0000] {logging_mixin.py:188} INFO - [2024-03-02T22:49:22.708+0000] {dagbag.py:538} INFO - Filling up the DagBag from /home/airflow/.local/lib/python3.8/site-packages/airflow/example_dags/example_latest_only.py
[2024-03-02T22:49:22.714+0000] {processor.py:840} INFO - DAG(s) 'latest_only' retrieved from /home/airflow/.local/lib/python3.8/site-packages/airflow/example_dags/example_latest_only.py
[2024-03-02T22:49:22.734+0000] {logging_mixin.py:188} INFO - [2024-03-02T22:49:22.734+0000] {dag.py:3036} INFO - Sync 1 DAGs
[2024-03-02T22:49:22.757+0000] {logging_mixin.py:188} INFO - [2024-03-02T22:49:22.757+0000] {dag.py:3823} INFO - Setting next_dagrun for latest_only to 2024-03-02 16:00:00+00:00, run_after=2024-03-02 20:00:00+00:00
[2024-03-02T22:49:22.776+0000] {processor.py:183} INFO - Processing /home/airflow/.local/lib/python3.8/site-packages/airflow/example_dags/example_latest_only.py took 0.074 seconds
[2024-03-02T22:49:53.342+0000] {processor.py:161} INFO - Started process (PID=487) to work on /home/airflow/.local/lib/python3.8/site-packages/airflow/example_dags/example_latest_only.py
[2024-03-02T22:49:53.343+0000] {processor.py:830} INFO - Processing file /home/airflow/.local/lib/python3.8/site-packages/airflow/example_dags/example_latest_only.py for tasks to queue
[2024-03-02T22:49:53.346+0000] {logging_mixin.py:188} INFO - [2024-03-02T22:49:53.346+0000] {dagbag.py:538} INFO - Filling up the DagBag from /home/airflow/.local/lib/python3.8/site-packages/airflow/example_dags/example_latest_only.py
[2024-03-02T22:49:53.353+0000] {processor.py:840} INFO - DAG(s) 'latest_only' retrieved from /home/airflow/.local/lib/python3.8/site-packages/airflow/example_dags/example_latest_only.py
[2024-03-02T22:49:53.380+0000] {logging_mixin.py:188} INFO - [2024-03-02T22:49:53.380+0000] {dag.py:3036} INFO - Sync 1 DAGs
[2024-03-02T22:49:53.408+0000] {logging_mixin.py:188} INFO - [2024-03-02T22:49:53.408+0000] {dag.py:3823} INFO - Setting next_dagrun for latest_only to 2024-03-02 16:00:00+00:00, run_after=2024-03-02 20:00:00+00:00
[2024-03-02T22:49:53.433+0000] {processor.py:183} INFO - Processing /home/airflow/.local/lib/python3.8/site-packages/airflow/example_dags/example_latest_only.py took 0.096 seconds
[2024-03-02T22:50:23.588+0000] {processor.py:161} INFO - Started process (PID=543) to work on /home/airflow/.local/lib/python3.8/site-packages/airflow/example_dags/example_latest_only.py
[2024-03-02T22:50:23.589+0000] {processor.py:830} INFO - Processing file /home/airflow/.local/lib/python3.8/site-packages/airflow/example_dags/example_latest_only.py for tasks to queue
[2024-03-02T22:50:23.590+0000] {logging_mixin.py:188} INFO - [2024-03-02T22:50:23.590+0000] {dagbag.py:538} INFO - Filling up the DagBag from /home/airflow/.local/lib/python3.8/site-packages/airflow/example_dags/example_latest_only.py
[2024-03-02T22:50:23.595+0000] {processor.py:840} INFO - DAG(s) 'latest_only' retrieved from /home/airflow/.local/lib/python3.8/site-packages/airflow/example_dags/example_latest_only.py
[2024-03-02T22:50:23.614+0000] {logging_mixin.py:188} INFO - [2024-03-02T22:50:23.614+0000] {dag.py:3036} INFO - Sync 1 DAGs
[2024-03-02T22:50:23.636+0000] {logging_mixin.py:188} INFO - [2024-03-02T22:50:23.635+0000] {dag.py:3823} INFO - Setting next_dagrun for latest_only to 2024-03-02 16:00:00+00:00, run_after=2024-03-02 20:00:00+00:00
[2024-03-02T22:50:23.654+0000] {processor.py:183} INFO - Processing /home/airflow/.local/lib/python3.8/site-packages/airflow/example_dags/example_latest_only.py took 0.070 seconds
[2024-03-02T22:50:57.865+0000] {processor.py:161} INFO - Started process (PID=599) to work on /home/airflow/.local/lib/python3.8/site-packages/airflow/example_dags/example_latest_only.py
[2024-03-02T22:50:57.866+0000] {processor.py:830} INFO - Processing file /home/airflow/.local/lib/python3.8/site-packages/airflow/example_dags/example_latest_only.py for tasks to queue
[2024-03-02T22:50:57.868+0000] {logging_mixin.py:188} INFO - [2024-03-02T22:50:57.868+0000] {dagbag.py:538} INFO - Filling up the DagBag from /home/airflow/.local/lib/python3.8/site-packages/airflow/example_dags/example_latest_only.py
[2024-03-02T22:50:57.873+0000] {processor.py:840} INFO - DAG(s) 'latest_only' retrieved from /home/airflow/.local/lib/python3.8/site-packages/airflow/example_dags/example_latest_only.py
[2024-03-02T22:50:57.895+0000] {logging_mixin.py:188} INFO - [2024-03-02T22:50:57.895+0000] {dag.py:3036} INFO - Sync 1 DAGs
[2024-03-02T22:50:57.921+0000] {logging_mixin.py:188} INFO - [2024-03-02T22:50:57.921+0000] {dag.py:3823} INFO - Setting next_dagrun for latest_only to 2024-03-02 16:00:00+00:00, run_after=2024-03-02 20:00:00+00:00
[2024-03-02T22:50:58.040+0000] {processor.py:183} INFO - Processing /home/airflow/.local/lib/python3.8/site-packages/airflow/example_dags/example_latest_only.py took 0.178 seconds
[2024-03-02T22:51:28.725+0000] {processor.py:161} INFO - Started process (PID=655) to work on /home/airflow/.local/lib/python3.8/site-packages/airflow/example_dags/example_latest_only.py
[2024-03-02T22:51:28.726+0000] {processor.py:830} INFO - Processing file /home/airflow/.local/lib/python3.8/site-packages/airflow/example_dags/example_latest_only.py for tasks to queue
[2024-03-02T22:51:28.728+0000] {logging_mixin.py:188} INFO - [2024-03-02T22:51:28.728+0000] {dagbag.py:538} INFO - Filling up the DagBag from /home/airflow/.local/lib/python3.8/site-packages/airflow/example_dags/example_latest_only.py
[2024-03-02T22:51:28.733+0000] {processor.py:840} INFO - DAG(s) 'latest_only' retrieved from /home/airflow/.local/lib/python3.8/site-packages/airflow/example_dags/example_latest_only.py
[2024-03-02T22:51:28.756+0000] {logging_mixin.py:188} INFO - [2024-03-02T22:51:28.756+0000] {dag.py:3036} INFO - Sync 1 DAGs
[2024-03-02T22:51:28.777+0000] {logging_mixin.py:188} INFO - [2024-03-02T22:51:28.777+0000] {dag.py:3823} INFO - Setting next_dagrun for latest_only to 2024-03-02 16:00:00+00:00, run_after=2024-03-02 20:00:00+00:00
[2024-03-02T22:51:28.797+0000] {processor.py:183} INFO - Processing /home/airflow/.local/lib/python3.8/site-packages/airflow/example_dags/example_latest_only.py took 0.076 seconds
[2024-03-02T22:52:16.988+0000] {processor.py:161} INFO - Started process (PID=726) to work on /home/airflow/.local/lib/python3.8/site-packages/airflow/example_dags/example_latest_only.py
[2024-03-02T22:52:16.990+0000] {processor.py:830} INFO - Processing file /home/airflow/.local/lib/python3.8/site-packages/airflow/example_dags/example_latest_only.py for tasks to queue
[2024-03-02T22:52:16.992+0000] {logging_mixin.py:188} INFO - [2024-03-02T22:52:16.992+0000] {dagbag.py:538} INFO - Filling up the DagBag from /home/airflow/.local/lib/python3.8/site-packages/airflow/example_dags/example_latest_only.py
[2024-03-02T22:52:16.999+0000] {processor.py:840} INFO - DAG(s) 'latest_only' retrieved from /home/airflow/.local/lib/python3.8/site-packages/airflow/example_dags/example_latest_only.py
[2024-03-02T22:52:17.021+0000] {logging_mixin.py:188} INFO - [2024-03-02T22:52:17.021+0000] {dag.py:3036} INFO - Sync 1 DAGs
[2024-03-02T22:52:17.050+0000] {logging_mixin.py:188} INFO - [2024-03-02T22:52:17.049+0000] {dag.py:3823} INFO - Setting next_dagrun for latest_only to 2024-03-02 16:00:00+00:00, run_after=2024-03-02 20:00:00+00:00
[2024-03-02T22:52:17.078+0000] {processor.py:183} INFO - Processing /home/airflow/.local/lib/python3.8/site-packages/airflow/example_dags/example_latest_only.py took 0.093 seconds
[2024-03-02T22:52:47.739+0000] {processor.py:161} INFO - Started process (PID=782) to work on /home/airflow/.local/lib/python3.8/site-packages/airflow/example_dags/example_latest_only.py
[2024-03-02T22:52:47.740+0000] {processor.py:830} INFO - Processing file /home/airflow/.local/lib/python3.8/site-packages/airflow/example_dags/example_latest_only.py for tasks to queue
[2024-03-02T22:52:47.741+0000] {logging_mixin.py:188} INFO - [2024-03-02T22:52:47.741+0000] {dagbag.py:538} INFO - Filling up the DagBag from /home/airflow/.local/lib/python3.8/site-packages/airflow/example_dags/example_latest_only.py
[2024-03-02T22:52:47.746+0000] {processor.py:840} INFO - DAG(s) 'latest_only' retrieved from /home/airflow/.local/lib/python3.8/site-packages/airflow/example_dags/example_latest_only.py
[2024-03-02T22:52:47.767+0000] {logging_mixin.py:188} INFO - [2024-03-02T22:52:47.767+0000] {dag.py:3036} INFO - Sync 1 DAGs
[2024-03-02T22:52:47.796+0000] {logging_mixin.py:188} INFO - [2024-03-02T22:52:47.796+0000] {dag.py:3823} INFO - Setting next_dagrun for latest_only to 2024-03-02 16:00:00+00:00, run_after=2024-03-02 20:00:00+00:00
[2024-03-02T22:52:47.825+0000] {processor.py:183} INFO - Processing /home/airflow/.local/lib/python3.8/site-packages/airflow/example_dags/example_latest_only.py took 0.091 seconds
[2024-03-02T22:53:18.418+0000] {processor.py:161} INFO - Started process (PID=838) to work on /home/airflow/.local/lib/python3.8/site-packages/airflow/example_dags/example_latest_only.py
[2024-03-02T22:53:18.441+0000] {processor.py:830} INFO - Processing file /home/airflow/.local/lib/python3.8/site-packages/airflow/example_dags/example_latest_only.py for tasks to queue
[2024-03-02T22:53:18.443+0000] {logging_mixin.py:188} INFO - [2024-03-02T22:53:18.442+0000] {dagbag.py:538} INFO - Filling up the DagBag from /home/airflow/.local/lib/python3.8/site-packages/airflow/example_dags/example_latest_only.py
[2024-03-02T22:53:18.448+0000] {processor.py:840} INFO - DAG(s) 'latest_only' retrieved from /home/airflow/.local/lib/python3.8/site-packages/airflow/example_dags/example_latest_only.py
[2024-03-02T22:53:18.471+0000] {logging_mixin.py:188} INFO - [2024-03-02T22:53:18.471+0000] {dag.py:3036} INFO - Sync 1 DAGs
[2024-03-02T22:53:18.500+0000] {logging_mixin.py:188} INFO - [2024-03-02T22:53:18.500+0000] {dag.py:3823} INFO - Setting next_dagrun for latest_only to 2024-03-02 16:00:00+00:00, run_after=2024-03-02 20:00:00+00:00
[2024-03-02T22:53:18.520+0000] {processor.py:183} INFO - Processing /home/airflow/.local/lib/python3.8/site-packages/airflow/example_dags/example_latest_only.py took 0.105 seconds
[2024-03-02T22:57:47.802+0000] {processor.py:161} INFO - Started process (PID=917) to work on /home/airflow/.local/lib/python3.8/site-packages/airflow/example_dags/example_latest_only.py
[2024-03-02T22:57:47.841+0000] {processor.py:830} INFO - Processing file /home/airflow/.local/lib/python3.8/site-packages/airflow/example_dags/example_latest_only.py for tasks to queue
[2024-03-02T22:57:47.843+0000] {logging_mixin.py:188} INFO - [2024-03-02T22:57:47.843+0000] {dagbag.py:538} INFO - Filling up the DagBag from /home/airflow/.local/lib/python3.8/site-packages/airflow/example_dags/example_latest_only.py
[2024-03-02T22:57:47.853+0000] {processor.py:840} INFO - DAG(s) 'latest_only' retrieved from /home/airflow/.local/lib/python3.8/site-packages/airflow/example_dags/example_latest_only.py
[2024-03-02T22:57:47.885+0000] {logging_mixin.py:188} INFO - [2024-03-02T22:57:47.885+0000] {dag.py:3036} INFO - Sync 1 DAGs
[2024-03-02T22:57:47.919+0000] {logging_mixin.py:188} INFO - [2024-03-02T22:57:47.918+0000] {dag.py:3823} INFO - Setting next_dagrun for latest_only to 2024-03-02 16:00:00+00:00, run_after=2024-03-02 20:00:00+00:00
[2024-03-02T22:57:47.963+0000] {processor.py:183} INFO - Processing /home/airflow/.local/lib/python3.8/site-packages/airflow/example_dags/example_latest_only.py took 0.169 seconds
