[2024-03-02T22:46:14.697+0000] {processor.py:161} INFO - Started process (PID=80) to work on /home/airflow/.local/lib/python3.8/site-packages/airflow/example_dags/tutorial_dag.py
[2024-03-02T22:46:14.699+0000] {processor.py:830} INFO - Processing file /home/airflow/.local/lib/python3.8/site-packages/airflow/example_dags/tutorial_dag.py for tasks to queue
[2024-03-02T22:46:14.705+0000] {logging_mixin.py:188} INFO - [2024-03-02T22:46:14.704+0000] {dagbag.py:538} INFO - Filling up the DagBag from /home/airflow/.local/lib/python3.8/site-packages/airflow/example_dags/tutorial_dag.py
[2024-03-02T22:46:14.715+0000] {processor.py:840} INFO - DAG(s) 'tutorial_dag' retrieved from /home/airflow/.local/lib/python3.8/site-packages/airflow/example_dags/tutorial_dag.py
[2024-03-02T22:46:14.842+0000] {logging_mixin.py:188} INFO - [2024-03-02T22:46:14.842+0000] {dag.py:3036} INFO - Sync 1 DAGs
[2024-03-02T22:46:14.854+0000] {logging_mixin.py:188} INFO - [2024-03-02T22:46:14.854+0000] {dag.py:3823} INFO - Setting next_dagrun for tutorial_dag to None, run_after=None
[2024-03-02T22:46:15.120+0000] {processor.py:183} INFO - Processing /home/airflow/.local/lib/python3.8/site-packages/airflow/example_dags/tutorial_dag.py took 0.428 seconds
[2024-03-02T22:46:45.870+0000] {processor.py:161} INFO - Started process (PID=136) to work on /home/airflow/.local/lib/python3.8/site-packages/airflow/example_dags/tutorial_dag.py
[2024-03-02T22:46:45.871+0000] {processor.py:830} INFO - Processing file /home/airflow/.local/lib/python3.8/site-packages/airflow/example_dags/tutorial_dag.py for tasks to queue
[2024-03-02T22:46:45.873+0000] {logging_mixin.py:188} INFO - [2024-03-02T22:46:45.872+0000] {dagbag.py:538} INFO - Filling up the DagBag from /home/airflow/.local/lib/python3.8/site-packages/airflow/example_dags/tutorial_dag.py
[2024-03-02T22:46:45.879+0000] {processor.py:840} INFO - DAG(s) 'tutorial_dag' retrieved from /home/airflow/.local/lib/python3.8/site-packages/airflow/example_dags/tutorial_dag.py
[2024-03-02T22:46:45.905+0000] {logging_mixin.py:188} INFO - [2024-03-02T22:46:45.905+0000] {dag.py:3036} INFO - Sync 1 DAGs
[2024-03-02T22:46:45.925+0000] {logging_mixin.py:188} INFO - [2024-03-02T22:46:45.925+0000] {dag.py:3823} INFO - Setting next_dagrun for tutorial_dag to None, run_after=None
[2024-03-02T22:46:45.956+0000] {processor.py:183} INFO - Processing /home/airflow/.local/lib/python3.8/site-packages/airflow/example_dags/tutorial_dag.py took 0.090 seconds
[2024-03-02T22:47:16.797+0000] {processor.py:161} INFO - Started process (PID=192) to work on /home/airflow/.local/lib/python3.8/site-packages/airflow/example_dags/tutorial_dag.py
[2024-03-02T22:47:16.799+0000] {processor.py:830} INFO - Processing file /home/airflow/.local/lib/python3.8/site-packages/airflow/example_dags/tutorial_dag.py for tasks to queue
[2024-03-02T22:47:16.802+0000] {logging_mixin.py:188} INFO - [2024-03-02T22:47:16.801+0000] {dagbag.py:538} INFO - Filling up the DagBag from /home/airflow/.local/lib/python3.8/site-packages/airflow/example_dags/tutorial_dag.py
[2024-03-02T22:47:16.809+0000] {processor.py:840} INFO - DAG(s) 'tutorial_dag' retrieved from /home/airflow/.local/lib/python3.8/site-packages/airflow/example_dags/tutorial_dag.py
[2024-03-02T22:47:16.834+0000] {logging_mixin.py:188} INFO - [2024-03-02T22:47:16.834+0000] {dag.py:3036} INFO - Sync 1 DAGs
[2024-03-02T22:47:16.849+0000] {logging_mixin.py:188} INFO - [2024-03-02T22:47:16.849+0000] {dag.py:3823} INFO - Setting next_dagrun for tutorial_dag to None, run_after=None
[2024-03-02T22:47:16.875+0000] {processor.py:183} INFO - Processing /home/airflow/.local/lib/python3.8/site-packages/airflow/example_dags/tutorial_dag.py took 0.082 seconds
[2024-03-02T22:47:47.291+0000] {processor.py:161} INFO - Started process (PID=248) to work on /home/airflow/.local/lib/python3.8/site-packages/airflow/example_dags/tutorial_dag.py
[2024-03-02T22:47:47.292+0000] {processor.py:830} INFO - Processing file /home/airflow/.local/lib/python3.8/site-packages/airflow/example_dags/tutorial_dag.py for tasks to queue
[2024-03-02T22:47:47.294+0000] {logging_mixin.py:188} INFO - [2024-03-02T22:47:47.294+0000] {dagbag.py:538} INFO - Filling up the DagBag from /home/airflow/.local/lib/python3.8/site-packages/airflow/example_dags/tutorial_dag.py
[2024-03-02T22:47:47.304+0000] {processor.py:840} INFO - DAG(s) 'tutorial_dag' retrieved from /home/airflow/.local/lib/python3.8/site-packages/airflow/example_dags/tutorial_dag.py
[2024-03-02T22:47:47.332+0000] {logging_mixin.py:188} INFO - [2024-03-02T22:47:47.331+0000] {dag.py:3036} INFO - Sync 1 DAGs
[2024-03-02T22:47:47.353+0000] {logging_mixin.py:188} INFO - [2024-03-02T22:47:47.353+0000] {dag.py:3823} INFO - Setting next_dagrun for tutorial_dag to None, run_after=None
[2024-03-02T22:47:47.385+0000] {processor.py:183} INFO - Processing /home/airflow/.local/lib/python3.8/site-packages/airflow/example_dags/tutorial_dag.py took 0.099 seconds
[2024-03-02T22:48:17.703+0000] {processor.py:161} INFO - Started process (PID=304) to work on /home/airflow/.local/lib/python3.8/site-packages/airflow/example_dags/tutorial_dag.py
[2024-03-02T22:48:17.704+0000] {processor.py:830} INFO - Processing file /home/airflow/.local/lib/python3.8/site-packages/airflow/example_dags/tutorial_dag.py for tasks to queue
[2024-03-02T22:48:17.706+0000] {logging_mixin.py:188} INFO - [2024-03-02T22:48:17.706+0000] {dagbag.py:538} INFO - Filling up the DagBag from /home/airflow/.local/lib/python3.8/site-packages/airflow/example_dags/tutorial_dag.py
[2024-03-02T22:48:17.712+0000] {processor.py:840} INFO - DAG(s) 'tutorial_dag' retrieved from /home/airflow/.local/lib/python3.8/site-packages/airflow/example_dags/tutorial_dag.py
[2024-03-02T22:48:17.740+0000] {logging_mixin.py:188} INFO - [2024-03-02T22:48:17.739+0000] {dag.py:3036} INFO - Sync 1 DAGs
[2024-03-02T22:48:17.754+0000] {logging_mixin.py:188} INFO - [2024-03-02T22:48:17.753+0000] {dag.py:3823} INFO - Setting next_dagrun for tutorial_dag to None, run_after=None
[2024-03-02T22:48:17.772+0000] {processor.py:183} INFO - Processing /home/airflow/.local/lib/python3.8/site-packages/airflow/example_dags/tutorial_dag.py took 0.073 seconds
[2024-03-02T22:48:48.116+0000] {processor.py:161} INFO - Started process (PID=360) to work on /home/airflow/.local/lib/python3.8/site-packages/airflow/example_dags/tutorial_dag.py
[2024-03-02T22:48:48.118+0000] {processor.py:830} INFO - Processing file /home/airflow/.local/lib/python3.8/site-packages/airflow/example_dags/tutorial_dag.py for tasks to queue
[2024-03-02T22:48:48.119+0000] {logging_mixin.py:188} INFO - [2024-03-02T22:48:48.119+0000] {dagbag.py:538} INFO - Filling up the DagBag from /home/airflow/.local/lib/python3.8/site-packages/airflow/example_dags/tutorial_dag.py
[2024-03-02T22:48:48.125+0000] {processor.py:840} INFO - DAG(s) 'tutorial_dag' retrieved from /home/airflow/.local/lib/python3.8/site-packages/airflow/example_dags/tutorial_dag.py
[2024-03-02T22:48:48.147+0000] {logging_mixin.py:188} INFO - [2024-03-02T22:48:48.147+0000] {dag.py:3036} INFO - Sync 1 DAGs
[2024-03-02T22:48:48.161+0000] {logging_mixin.py:188} INFO - [2024-03-02T22:48:48.161+0000] {dag.py:3823} INFO - Setting next_dagrun for tutorial_dag to None, run_after=None
[2024-03-02T22:48:48.184+0000] {processor.py:183} INFO - Processing /home/airflow/.local/lib/python3.8/site-packages/airflow/example_dags/tutorial_dag.py took 0.071 seconds
[2024-03-02T22:49:18.769+0000] {processor.py:161} INFO - Started process (PID=416) to work on /home/airflow/.local/lib/python3.8/site-packages/airflow/example_dags/tutorial_dag.py
[2024-03-02T22:49:18.770+0000] {processor.py:830} INFO - Processing file /home/airflow/.local/lib/python3.8/site-packages/airflow/example_dags/tutorial_dag.py for tasks to queue
[2024-03-02T22:49:18.772+0000] {logging_mixin.py:188} INFO - [2024-03-02T22:49:18.772+0000] {dagbag.py:538} INFO - Filling up the DagBag from /home/airflow/.local/lib/python3.8/site-packages/airflow/example_dags/tutorial_dag.py
[2024-03-02T22:49:18.778+0000] {processor.py:840} INFO - DAG(s) 'tutorial_dag' retrieved from /home/airflow/.local/lib/python3.8/site-packages/airflow/example_dags/tutorial_dag.py
[2024-03-02T22:49:18.799+0000] {logging_mixin.py:188} INFO - [2024-03-02T22:49:18.799+0000] {dag.py:3036} INFO - Sync 1 DAGs
[2024-03-02T22:49:18.812+0000] {logging_mixin.py:188} INFO - [2024-03-02T22:49:18.812+0000] {dag.py:3823} INFO - Setting next_dagrun for tutorial_dag to None, run_after=None
[2024-03-02T22:49:18.830+0000] {processor.py:183} INFO - Processing /home/airflow/.local/lib/python3.8/site-packages/airflow/example_dags/tutorial_dag.py took 0.064 seconds
[2024-03-02T22:49:49.297+0000] {processor.py:161} INFO - Started process (PID=472) to work on /home/airflow/.local/lib/python3.8/site-packages/airflow/example_dags/tutorial_dag.py
[2024-03-02T22:49:49.299+0000] {processor.py:830} INFO - Processing file /home/airflow/.local/lib/python3.8/site-packages/airflow/example_dags/tutorial_dag.py for tasks to queue
[2024-03-02T22:49:49.301+0000] {logging_mixin.py:188} INFO - [2024-03-02T22:49:49.301+0000] {dagbag.py:538} INFO - Filling up the DagBag from /home/airflow/.local/lib/python3.8/site-packages/airflow/example_dags/tutorial_dag.py
[2024-03-02T22:49:49.307+0000] {processor.py:840} INFO - DAG(s) 'tutorial_dag' retrieved from /home/airflow/.local/lib/python3.8/site-packages/airflow/example_dags/tutorial_dag.py
[2024-03-02T22:49:49.329+0000] {logging_mixin.py:188} INFO - [2024-03-02T22:49:49.329+0000] {dag.py:3036} INFO - Sync 1 DAGs
[2024-03-02T22:49:49.344+0000] {logging_mixin.py:188} INFO - [2024-03-02T22:49:49.343+0000] {dag.py:3823} INFO - Setting next_dagrun for tutorial_dag to None, run_after=None
[2024-03-02T22:49:49.362+0000] {processor.py:183} INFO - Processing /home/airflow/.local/lib/python3.8/site-packages/airflow/example_dags/tutorial_dag.py took 0.069 seconds
[2024-03-02T22:50:19.652+0000] {processor.py:161} INFO - Started process (PID=528) to work on /home/airflow/.local/lib/python3.8/site-packages/airflow/example_dags/tutorial_dag.py
[2024-03-02T22:50:19.654+0000] {processor.py:830} INFO - Processing file /home/airflow/.local/lib/python3.8/site-packages/airflow/example_dags/tutorial_dag.py for tasks to queue
[2024-03-02T22:50:19.655+0000] {logging_mixin.py:188} INFO - [2024-03-02T22:50:19.655+0000] {dagbag.py:538} INFO - Filling up the DagBag from /home/airflow/.local/lib/python3.8/site-packages/airflow/example_dags/tutorial_dag.py
[2024-03-02T22:50:19.662+0000] {processor.py:840} INFO - DAG(s) 'tutorial_dag' retrieved from /home/airflow/.local/lib/python3.8/site-packages/airflow/example_dags/tutorial_dag.py
[2024-03-02T22:50:19.684+0000] {logging_mixin.py:188} INFO - [2024-03-02T22:50:19.684+0000] {dag.py:3036} INFO - Sync 1 DAGs
[2024-03-02T22:50:19.698+0000] {logging_mixin.py:188} INFO - [2024-03-02T22:50:19.698+0000] {dag.py:3823} INFO - Setting next_dagrun for tutorial_dag to None, run_after=None
[2024-03-02T22:50:19.723+0000] {processor.py:183} INFO - Processing /home/airflow/.local/lib/python3.8/site-packages/airflow/example_dags/tutorial_dag.py took 0.075 seconds
[2024-03-02T22:50:55.934+0000] {processor.py:161} INFO - Started process (PID=584) to work on /home/airflow/.local/lib/python3.8/site-packages/airflow/example_dags/tutorial_dag.py
[2024-03-02T22:50:55.935+0000] {processor.py:830} INFO - Processing file /home/airflow/.local/lib/python3.8/site-packages/airflow/example_dags/tutorial_dag.py for tasks to queue
[2024-03-02T22:50:55.937+0000] {logging_mixin.py:188} INFO - [2024-03-02T22:50:55.936+0000] {dagbag.py:538} INFO - Filling up the DagBag from /home/airflow/.local/lib/python3.8/site-packages/airflow/example_dags/tutorial_dag.py
[2024-03-02T22:50:55.942+0000] {processor.py:840} INFO - DAG(s) 'tutorial_dag' retrieved from /home/airflow/.local/lib/python3.8/site-packages/airflow/example_dags/tutorial_dag.py
[2024-03-02T22:50:55.961+0000] {logging_mixin.py:188} INFO - [2024-03-02T22:50:55.960+0000] {dag.py:3036} INFO - Sync 1 DAGs
[2024-03-02T22:50:55.973+0000] {logging_mixin.py:188} INFO - [2024-03-02T22:50:55.973+0000] {dag.py:3823} INFO - Setting next_dagrun for tutorial_dag to None, run_after=None
[2024-03-02T22:50:55.991+0000] {processor.py:183} INFO - Processing /home/airflow/.local/lib/python3.8/site-packages/airflow/example_dags/tutorial_dag.py took 0.061 seconds
[2024-03-02T22:51:27.029+0000] {processor.py:161} INFO - Started process (PID=639) to work on /home/airflow/.local/lib/python3.8/site-packages/airflow/example_dags/tutorial_dag.py
[2024-03-02T22:51:27.031+0000] {processor.py:830} INFO - Processing file /home/airflow/.local/lib/python3.8/site-packages/airflow/example_dags/tutorial_dag.py for tasks to queue
[2024-03-02T22:51:27.034+0000] {logging_mixin.py:188} INFO - [2024-03-02T22:51:27.033+0000] {dagbag.py:538} INFO - Filling up the DagBag from /home/airflow/.local/lib/python3.8/site-packages/airflow/example_dags/tutorial_dag.py
[2024-03-02T22:51:27.040+0000] {processor.py:840} INFO - DAG(s) 'tutorial_dag' retrieved from /home/airflow/.local/lib/python3.8/site-packages/airflow/example_dags/tutorial_dag.py
[2024-03-02T22:51:27.062+0000] {logging_mixin.py:188} INFO - [2024-03-02T22:51:27.062+0000] {dag.py:3036} INFO - Sync 1 DAGs
[2024-03-02T22:51:27.075+0000] {logging_mixin.py:188} INFO - [2024-03-02T22:51:27.074+0000] {dag.py:3823} INFO - Setting next_dagrun for tutorial_dag to None, run_after=None
[2024-03-02T22:51:27.247+0000] {processor.py:183} INFO - Processing /home/airflow/.local/lib/python3.8/site-packages/airflow/example_dags/tutorial_dag.py took 0.225 seconds
[2024-03-02T22:52:15.566+0000] {processor.py:161} INFO - Started process (PID=711) to work on /home/airflow/.local/lib/python3.8/site-packages/airflow/example_dags/tutorial_dag.py
[2024-03-02T22:52:15.567+0000] {processor.py:830} INFO - Processing file /home/airflow/.local/lib/python3.8/site-packages/airflow/example_dags/tutorial_dag.py for tasks to queue
[2024-03-02T22:52:15.570+0000] {logging_mixin.py:188} INFO - [2024-03-02T22:52:15.569+0000] {dagbag.py:538} INFO - Filling up the DagBag from /home/airflow/.local/lib/python3.8/site-packages/airflow/example_dags/tutorial_dag.py
[2024-03-02T22:52:15.576+0000] {processor.py:840} INFO - DAG(s) 'tutorial_dag' retrieved from /home/airflow/.local/lib/python3.8/site-packages/airflow/example_dags/tutorial_dag.py
[2024-03-02T22:52:15.599+0000] {logging_mixin.py:188} INFO - [2024-03-02T22:52:15.599+0000] {dag.py:3036} INFO - Sync 1 DAGs
[2024-03-02T22:52:15.613+0000] {logging_mixin.py:188} INFO - [2024-03-02T22:52:15.613+0000] {dag.py:3823} INFO - Setting next_dagrun for tutorial_dag to None, run_after=None
[2024-03-02T22:52:15.673+0000] {processor.py:183} INFO - Processing /home/airflow/.local/lib/python3.8/site-packages/airflow/example_dags/tutorial_dag.py took 0.111 seconds
[2024-03-02T22:52:46.730+0000] {processor.py:161} INFO - Started process (PID=767) to work on /home/airflow/.local/lib/python3.8/site-packages/airflow/example_dags/tutorial_dag.py
[2024-03-02T22:52:46.731+0000] {processor.py:830} INFO - Processing file /home/airflow/.local/lib/python3.8/site-packages/airflow/example_dags/tutorial_dag.py for tasks to queue
[2024-03-02T22:52:46.733+0000] {logging_mixin.py:188} INFO - [2024-03-02T22:52:46.732+0000] {dagbag.py:538} INFO - Filling up the DagBag from /home/airflow/.local/lib/python3.8/site-packages/airflow/example_dags/tutorial_dag.py
[2024-03-02T22:52:46.738+0000] {processor.py:840} INFO - DAG(s) 'tutorial_dag' retrieved from /home/airflow/.local/lib/python3.8/site-packages/airflow/example_dags/tutorial_dag.py
[2024-03-02T22:52:46.760+0000] {logging_mixin.py:188} INFO - [2024-03-02T22:52:46.759+0000] {dag.py:3036} INFO - Sync 1 DAGs
[2024-03-02T22:52:46.777+0000] {logging_mixin.py:188} INFO - [2024-03-02T22:52:46.776+0000] {dag.py:3823} INFO - Setting next_dagrun for tutorial_dag to None, run_after=None
[2024-03-02T22:52:46.806+0000] {processor.py:183} INFO - Processing /home/airflow/.local/lib/python3.8/site-packages/airflow/example_dags/tutorial_dag.py took 0.079 seconds
[2024-03-02T22:53:17.154+0000] {processor.py:161} INFO - Started process (PID=823) to work on /home/airflow/.local/lib/python3.8/site-packages/airflow/example_dags/tutorial_dag.py
[2024-03-02T22:53:17.183+0000] {processor.py:830} INFO - Processing file /home/airflow/.local/lib/python3.8/site-packages/airflow/example_dags/tutorial_dag.py for tasks to queue
[2024-03-02T22:53:17.186+0000] {logging_mixin.py:188} INFO - [2024-03-02T22:53:17.186+0000] {dagbag.py:538} INFO - Filling up the DagBag from /home/airflow/.local/lib/python3.8/site-packages/airflow/example_dags/tutorial_dag.py
[2024-03-02T22:53:17.195+0000] {processor.py:840} INFO - DAG(s) 'tutorial_dag' retrieved from /home/airflow/.local/lib/python3.8/site-packages/airflow/example_dags/tutorial_dag.py
[2024-03-02T22:53:17.223+0000] {logging_mixin.py:188} INFO - [2024-03-02T22:53:17.223+0000] {dag.py:3036} INFO - Sync 1 DAGs
[2024-03-02T22:53:17.242+0000] {logging_mixin.py:188} INFO - [2024-03-02T22:53:17.241+0000] {dag.py:3823} INFO - Setting next_dagrun for tutorial_dag to None, run_after=None
[2024-03-02T22:53:17.270+0000] {processor.py:183} INFO - Processing /home/airflow/.local/lib/python3.8/site-packages/airflow/example_dags/tutorial_dag.py took 0.119 seconds
[2024-03-02T22:57:16.121+0000] {processor.py:161} INFO - Started process (PID=890) to work on /home/airflow/.local/lib/python3.8/site-packages/airflow/example_dags/tutorial_dag.py
[2024-03-02T22:57:16.385+0000] {processor.py:830} INFO - Processing file /home/airflow/.local/lib/python3.8/site-packages/airflow/example_dags/tutorial_dag.py for tasks to queue
[2024-03-02T22:57:16.386+0000] {logging_mixin.py:188} INFO - [2024-03-02T22:57:16.386+0000] {dagbag.py:538} INFO - Filling up the DagBag from /home/airflow/.local/lib/python3.8/site-packages/airflow/example_dags/tutorial_dag.py
[2024-03-02T22:57:16.614+0000] {processor.py:840} INFO - DAG(s) 'tutorial_dag' retrieved from /home/airflow/.local/lib/python3.8/site-packages/airflow/example_dags/tutorial_dag.py
[2024-03-02T22:57:24.882+0000] {logging_mixin.py:188} INFO - [2024-03-02T22:57:24.882+0000] {dag.py:3036} INFO - Sync 1 DAGs
[2024-03-02T22:57:26.516+0000] {logging_mixin.py:188} INFO - [2024-03-02T22:57:26.515+0000] {dag.py:3823} INFO - Setting next_dagrun for tutorial_dag to None, run_after=None
[2024-03-02T22:57:26.975+0000] {processor.py:183} INFO - Processing /home/airflow/.local/lib/python3.8/site-packages/airflow/example_dags/tutorial_dag.py took 10.857 seconds
[2024-03-02T22:57:58.433+0000] {processor.py:161} INFO - Started process (PID=952) to work on /home/airflow/.local/lib/python3.8/site-packages/airflow/example_dags/tutorial_dag.py
[2024-03-02T22:57:58.434+0000] {processor.py:830} INFO - Processing file /home/airflow/.local/lib/python3.8/site-packages/airflow/example_dags/tutorial_dag.py for tasks to queue
[2024-03-02T22:57:58.435+0000] {logging_mixin.py:188} INFO - [2024-03-02T22:57:58.435+0000] {dagbag.py:538} INFO - Filling up the DagBag from /home/airflow/.local/lib/python3.8/site-packages/airflow/example_dags/tutorial_dag.py
[2024-03-02T22:57:58.578+0000] {processor.py:840} INFO - DAG(s) 'tutorial_dag' retrieved from /home/airflow/.local/lib/python3.8/site-packages/airflow/example_dags/tutorial_dag.py
[2024-03-02T22:57:58.619+0000] {logging_mixin.py:188} INFO - [2024-03-02T22:57:58.618+0000] {dag.py:3036} INFO - Sync 1 DAGs
[2024-03-02T22:57:58.643+0000] {logging_mixin.py:188} INFO - [2024-03-02T22:57:58.642+0000] {dag.py:3823} INFO - Setting next_dagrun for tutorial_dag to None, run_after=None
[2024-03-02T22:57:58.669+0000] {processor.py:183} INFO - Processing /home/airflow/.local/lib/python3.8/site-packages/airflow/example_dags/tutorial_dag.py took 0.240 seconds
